# zsim stats
===
root: # Stats
 contention: # Contention simulation stats
  domain-0: # Domain stats
   time: 830102816 # Weave simulation time
 time: # Simulator time breakdown
  init: 452366740375
  bound: 6645793386
  weave: 1566100906
  ff: 0
 trigger: 20000 # Reason for this stats dump
 phase: 17174 # Simulated phases
 westmere: # Core stats
  westmere-0: # Core stats
   cycles: 171741785 # Simulated unhalted cycles
   cCycles: 45485115 # Cycles due to contention stalls
   instrs: 100008065 # Simulated instructions
   uops: 117235121 # Retired micro-ops
   bbls: 8770063 # Basic blocks
   approxInstrs: 737961 # Instrs with approx uop decoding
   mispredBranches: 70866 # Mispredicted branches
   condBranches: 8611548 # conditional branches
 l1i: # Cache stats
  l1i-0: # Filter cache stats
   fhGETS: 11619021 # Filtered GETS hits
   fhGETX: 0 # Filtered GETX hits
   hGETS: 490 # GETS hits
   hGETX: 0 # GETX hits
   mGETS: 1002 # GETS misses
   mGETXIM: 0 # GETX I->M misses
   mGETXSM: 0 # GETX S->M misses (upgrade misses)
   PUTS: 0 # Clean evictions (from lower level)
   PUTX: 0 # Dirty evictions (from lower level)
   INV: 0 # Invalidates (from upper level)
   INVX: 0 # Downgrades (from upper level)
   FWD: 0 # Forwards (from upper level)
   latGETnl: 121332 # GET request latency on next level
   latGETnet: 0 # GET request latency on network to next level
 l1d: # Cache stats
  l1d-0: # Filter cache stats
   fhGETS: 19304265 # Filtered GETS hits
   fhGETX: 5363430 # Filtered GETX hits
   hGETS: 11529778 # GETS hits
   hGETX: 4704047 # GETX hits
   mGETS: 2459232 # GETS misses
   mGETXIM: 892213 # GETX I->M misses
   mGETXSM: 0 # GETX S->M misses (upgrade misses)
   PUTS: 0 # Clean evictions (from lower level)
   PUTX: 0 # Dirty evictions (from lower level)
   INV: 0 # Invalidates (from upper level)
   INVX: 0 # Downgrades (from upper level)
   FWD: 0 # Forwards (from upper level)
   latGETnl: 310628524 # GET request latency on next level
   latGETnet: 0 # GET request latency on network to next level
 l2: # Cache stats
  l2-0: # Cache stats
   hGETS: 519249 # GETS hits
   hGETX: 212514 # GETX hits
   mGETS: 1940985 # GETS misses
   mGETXIM: 679699 # GETX I->M misses
   mGETXSM: 0 # GETX S->M misses (upgrade misses)
   PUTS: 2169166 # Clean evictions (from lower level)
   PUTX: 1182259 # Dirty evictions (from lower level)
   INV: 0 # Invalidates (from upper level)
   INVX: 0 # Downgrades (from upper level)
   FWD: 0 # Forwards (from upper level)
   latGETnl: 277225386 # GET request latency on next level
   latGETnet: 0 # GET request latency on network to next level
 l3: # Cache stats
  l3-0: # Cache stats
   hGETS: 196707 # GETS hits
   hGETX: 42544 # GETX hits
   mGETS: 1744278 # GETS misses
   mGETXIM: 637155 # GETX I->M misses
   mGETXSM: 0 # GETX S->M misses (upgrade misses)
   PUTS: 1711017 # Clean evictions (from lower level)
   PUTX: 905571 # Dirty evictions (from lower level)
   INV: 0 # Invalidates (from upper level)
   INVX: 0 # Downgrades (from upper level)
   FWD: 0 # Forwards (from upper level)
   latGETnl: 214328970 # GET request latency on next level
   latGETnet: 0 # GET request latency on network to next level
 mem: # Memory controller stats
  mem-0: # Memory controller stats
   rd: 595213 # Read requests
   wr: 209554 # Write requests
   rdlat: 87910507 # Total latency experienced by read requests
   wrlat: 33138660 # Total latency experienced by write requests
   rdhits: 262 # Read row hits
   wrhits: 759 # Write row hits
   mlh: # latency histogram for memory requests
    0: 0
    1: 0
    2: 0
    3: 0
    4: 0
    5: 0
    6: 0
    7: 0
    8: 0
    9: 0
    10: 0
    11: 9
    12: 1
    13: 370053
    14: 88407
    15: 56408
    16: 7267
    17: 19772
    18: 11637
    19: 5804
    20: 562
    21: 420
    22: 488
    23: 3702
    24: 13997
    25: 4849
    26: 2744
    27: 935
    28: 290
    29: 468
    30: 391
    31: 324
    32: 314
    33: 343
    34: 439
    35: 1735
    36: 532
    37: 313
    38: 348
    39: 377
    40: 334
    41: 366
    42: 355
    43: 233
    44: 115
    45: 75
    46: 62
    47: 111
    48: 198
    49: 107
    50: 78
    51: 69
    52: 43
    53: 33
    54: 25
    55: 12
    56: 7
    57: 2
    58: 12
    59: 19
    60: 4
    61: 7
    62: 5
    63: 3
    64: 2
    65: 1
    66: 1
    67: 1
    68: 0
    69: 1
    70: 1
    71: 1
    72: 1
    73: 0
    74: 0
    75: 0
    76: 0
    77: 0
    78: 0
    79: 0
    80: 0
    81: 0
    82: 0
    83: 0
    84: 0
    85: 0
    86: 0
    87: 0
    88: 0
    89: 0
    90: 0
    91: 0
    92: 0
    93: 0
    94: 0
    95: 0
    96: 0
    97: 0
    98: 0
    99: 0
  mem-1: # Memory controller stats
   rd: 595379 # Read requests
   wr: 209567 # Write requests
   rdlat: 88092421 # Total latency experienced by read requests
   wrlat: 33309114 # Total latency experienced by write requests
   rdhits: 256 # Read row hits
   wrhits: 784 # Write row hits
   mlh: # latency histogram for memory requests
    0: 0
    1: 0
    2: 0
    3: 0
    4: 0
    5: 0
    6: 0
    7: 0
    8: 0
    9: 0
    10: 0
    11: 3
    12: 2
    13: 368464
    14: 88521
    15: 56592
    16: 7286
    17: 20019
    18: 11734
    19: 5879
    20: 602
    21: 412
    22: 604
    23: 3821
    24: 14398
    25: 4863
    26: 2717
    27: 955
    28: 370
    29: 648
    30: 361
    31: 353
    32: 325
    33: 425
    34: 471
    35: 1715
    36: 543
    37: 334
    38: 340
    39: 349
    40: 340
    41: 323
    42: 370
    43: 208
    44: 128
    45: 86
    46: 47
    47: 127
    48: 182
    49: 111
    50: 71
    51: 77
    52: 39
    53: 35
    54: 26
    55: 17
    56: 9
    57: 6
    58: 18
    59: 27
    60: 7
    61: 4
    62: 4
    63: 3
    64: 4
    65: 1
    66: 0
    67: 0
    68: 1
    69: 2
    70: 0
    71: 0
    72: 0
    73: 0
    74: 0
    75: 0
    76: 0
    77: 0
    78: 0
    79: 0
    80: 0
    81: 0
    82: 0
    83: 0
    84: 0
    85: 0
    86: 0
    87: 0
    88: 0
    89: 0
    90: 0
    91: 0
    92: 0
    93: 0
    94: 0
    95: 0
    96: 0
    97: 0
    98: 0
    99: 0
  mem-2: # Memory controller stats
   rd: 595435 # Read requests
   wr: 209628 # Write requests
   rdlat: 87997739 # Total latency experienced by read requests
   wrlat: 33135201 # Total latency experienced by write requests
   rdhits: 249 # Read row hits
   wrhits: 721 # Write row hits
   mlh: # latency histogram for memory requests
    0: 0
    1: 0
    2: 0
    3: 0
    4: 0
    5: 0
    6: 0
    7: 0
    8: 0
    9: 0
    10: 0
    11: 6
    12: 0
    13: 369067
    14: 88676
    15: 56544
    16: 7390
    17: 19795
    18: 11761
    19: 5897
    20: 684
    21: 516
    22: 567
    23: 3650
    24: 14303
    25: 4841
    26: 2767
    27: 922
    28: 277
    29: 407
    30: 349
    31: 303
    32: 323
    33: 405
    34: 442
    35: 1742
    36: 524
    37: 360
    38: 356
    39: 352
    40: 307
    41: 319
    42: 382
    43: 200
    44: 106
    45: 72
    46: 67
    47: 107
    48: 184
    49: 121
    50: 84
    51: 68
    52: 33
    53: 36
    54: 25
    55: 13
    56: 6
    57: 2
    58: 15
    59: 23
    60: 20
    61: 3
    62: 5
    63: 2
    64: 2
    65: 0
    66: 1
    67: 1
    68: 1
    69: 2
    70: 0
    71: 2
    72: 0
    73: 0
    74: 0
    75: 0
    76: 0
    77: 0
    78: 0
    79: 0
    80: 0
    81: 0
    82: 0
    83: 0
    84: 0
    85: 0
    86: 0
    87: 0
    88: 0
    89: 0
    90: 0
    91: 0
    92: 0
    93: 0
    94: 0
    95: 0
    96: 0
    97: 0
    98: 0
    99: 0
  mem-3: # Memory controller stats
   rd: 595376 # Read requests
   wr: 209618 # Write requests
   rdlat: 87901811 # Total latency experienced by read requests
   wrlat: 33180546 # Total latency experienced by write requests
   rdhits: 250 # Read row hits
   wrhits: 791 # Write row hits
   mlh: # latency histogram for memory requests
    0: 0
    1: 0
    2: 0
    3: 0
    4: 0
    5: 0
    6: 0
    7: 0
    8: 0
    9: 0
    10: 0
    11: 6
    12: 0
    13: 370219
    14: 88340
    15: 56753
    16: 7117
    17: 19733
    18: 11513
    19: 5828
    20: 482
    21: 343
    22: 483
    23: 3563
    24: 14651
    25: 4791
    26: 2648
    27: 912
    28: 297
    29: 395
    30: 331
    31: 354
    32: 348
    33: 379
    34: 460
    35: 1695
    36: 514
    37: 330
    38: 351
    39: 363
    40: 329
    41: 324
    42: 374
    43: 232
    44: 120
    45: 83
    46: 64
    47: 107
    48: 152
    49: 90
    50: 61
    51: 66
    52: 43
    53: 35
    54: 24
    55: 11
    56: 3
    57: 3
    58: 11
    59: 13
    60: 10
    61: 4
    62: 5
    63: 4
    64: 3
    65: 2
    66: 0
    67: 0
    68: 0
    69: 4
    70: 0
    71: 0
    72: 0
    73: 0
    74: 0
    75: 0
    76: 0
    77: 0
    78: 0
    79: 0
    80: 0
    81: 0
    82: 0
    83: 0
    84: 0
    85: 0
    86: 0
    87: 0
    88: 0
    89: 0
    90: 0
    91: 0
    92: 0
    93: 0
    94: 0
    95: 0
    96: 0
    97: 0
    98: 0
    99: 0
 sched: # Scheduler stats
  thCr: 1 # Threads created
  thFn: 1 # Threads finished
  schedEvs: 1 # Schedule events
  waitEvs: 0 # Wait events
  handoffEvs: 0 # Handoff events
  sleepEvs: 0 # Sleep events
  idlePhases: 0 # Phases with no thread active
  idlePeriods: 0 # Periods with no thread active
  occHist: # Occupancy histogram
   0: 0
   1: 17174
  rqSzHist: # Run queue size histogram
   0: 17174
   1: 0
   2: 0
   3: 0
   4: 0
   5: 0
   6: 0
   7: 0
   8: 0
   9: 0
   10: 0
   11: 0
   12: 0
   13: 0
   14: 0
   15: 0
   16: 0
 procCycles: # Per-process unhalted core cycles
  0: 171741785
  1: 0
  2: 0
  3: 0
  4: 0
  5: 0
  6: 0
  7: 0
  8: 0
  9: 0
  10: 0
  11: 0
  12: 0
  13: 0
  14: 0
  15: 0
  16: 0
  17: 0
  18: 0
  19: 0
  20: 0
  21: 0
  22: 0
  23: 0
  24: 0
  25: 0
  26: 0
  27: 0
  28: 0
  29: 0
  30: 0
  31: 0
  32: 0
  33: 0
  34: 0
  35: 0
  36: 0
  37: 0
  38: 0
  39: 0
  40: 0
  41: 0
  42: 0
  43: 0
  44: 0
  45: 0
  46: 0
  47: 0
  48: 0
  49: 0
  50: 0
  51: 0
  52: 0
  53: 0
  54: 0
  55: 0
  56: 0
  57: 0
  58: 0
  59: 0
  60: 0
  61: 0
  62: 0
  63: 0
 procInstrs: # Per-process instructions
  0: 100008065
  1: 0
  2: 0
  3: 0
  4: 0
  5: 0
  6: 0
  7: 0
  8: 0
  9: 0
  10: 0
  11: 0
  12: 0
  13: 0
  14: 0
  15: 0
  16: 0
  17: 0
  18: 0
  19: 0
  20: 0
  21: 0
  22: 0
  23: 0
  24: 0
  25: 0
  26: 0
  27: 0
  28: 0
  29: 0
  30: 0
  31: 0
  32: 0
  33: 0
  34: 0
  35: 0
  36: 0
  37: 0
  38: 0
  39: 0
  40: 0
  41: 0
  42: 0
  43: 0
  44: 0
  45: 0
  46: 0
  47: 0
  48: 0
  49: 0
  50: 0
  51: 0
  52: 0
  53: 0
  54: 0
  55: 0
  56: 0
  57: 0
  58: 0
  59: 0
  60: 0
  61: 0
  62: 0
  63: 0
 heartbeats: # Per-process heartbeats
  0: 0
  1: 0
  2: 0
  3: 0
  4: 0
  5: 0
  6: 0
  7: 0
  8: 0
  9: 0
  10: 0
  11: 0
  12: 0
  13: 0
  14: 0
  15: 0
  16: 0
  17: 0
  18: 0
  19: 0
  20: 0
  21: 0
  22: 0
  23: 0
  24: 0
  25: 0
  26: 0
  27: 0
  28: 0
  29: 0
  30: 0
  31: 0
  32: 0
  33: 0
  34: 0
  35: 0
  36: 0
  37: 0
  38: 0
  39: 0
  40: 0
  41: 0
  42: 0
  43: 0
  44: 0
  45: 0
  46: 0
  47: 0
  48: 0
  49: 0
  50: 0
  51: 0
  52: 0
  53: 0
  54: 0
  55: 0
  56: 0
  57: 0
  58: 0
  59: 0
  60: 0
  61: 0
  62: 0
  63: 0
===
