# zsim stats
===
root: # Stats
 contention: # Contention simulation stats
  domain-0: # Domain stats
   time: 208552357 # Weave simulation time
 time: # Simulator time breakdown
  init: 526877839
  bound: 45667352656
  weave: 1263537938
  ff: 1035188
 trigger: 20000 # Reason for this stats dump
 phase: 20956 # Simulated phases
 westmere: # Core stats
  westmere-0: # Core stats
   cycles: 205610066 # Simulated unhalted cycles
   cCycles: 392229 # Cycles due to contention stalls
   instrs: 338484094 # Simulated instructions
   uops: 368303298 # Retired micro-ops
   bbls: 57813220 # Basic blocks
   approxInstrs: 70795 # Instrs with approx uop decoding
   mispredBranches: 159271 # Mispredicted branches
   condBranches: 54499743 # conditional branches
  westmere-1: # Core stats
   cycles: 201698047 # Simulated unhalted cycles
   cCycles: 13739 # Cycles due to contention stalls
   instrs: 330245050 # Simulated instructions
   uops: 358029509 # Retired micro-ops
   bbls: 56372560 # Basic blocks
   approxInstrs: 30760 # Instrs with approx uop decoding
   mispredBranches: 160012 # Mispredicted branches
   condBranches: 53637820 # conditional branches
  westmere-2: # Core stats
   cycles: 199876469 # Simulated unhalted cycles
   cCycles: 2532 # Cycles due to contention stalls
   instrs: 329802145 # Simulated instructions
   uops: 356573095 # Retired micro-ops
   bbls: 56545012 # Basic blocks
   approxInstrs: 61398 # Instrs with approx uop decoding
   mispredBranches: 166562 # Mispredicted branches
   condBranches: 54065658 # conditional branches
  westmere-3: # Core stats
   cycles: 199674446 # Simulated unhalted cycles
   cCycles: 1563 # Cycles due to contention stalls
   instrs: 330427956 # Simulated instructions
   uops: 357183019 # Retired micro-ops
   bbls: 56689189 # Basic blocks
   approxInstrs: 61603 # Instrs with approx uop decoding
   mispredBranches: 158512 # Mispredicted branches
   condBranches: 54206353 # conditional branches
  westmere-4: # Core stats
   cycles: 199838219 # Simulated unhalted cycles
   cCycles: 2249 # Cycles due to contention stalls
   instrs: 329405348 # Simulated instructions
   uops: 356183406 # Retired micro-ops
   bbls: 56464123 # Basic blocks
   approxInstrs: 61887 # Instrs with approx uop decoding
   mispredBranches: 157911 # Mispredicted branches
   condBranches: 53977967 # conditional branches
  westmere-5: # Core stats
   cycles: 199826291 # Simulated unhalted cycles
   cCycles: 1620 # Cycles due to contention stalls
   instrs: 330462752 # Simulated instructions
   uops: 357280541 # Retired micro-ops
   bbls: 56698978 # Basic blocks
   approxInstrs: 61974 # Instrs with approx uop decoding
   mispredBranches: 162231 # Mispredicted branches
   condBranches: 54209727 # conditional branches
  westmere-6: # Core stats
   cycles: 199812820 # Simulated unhalted cycles
   cCycles: 1031 # Cycles due to contention stalls
   instrs: 330591936 # Simulated instructions
   uops: 357397674 # Retired micro-ops
   bbls: 56725108 # Basic blocks
   approxInstrs: 62045 # Instrs with approx uop decoding
   mispredBranches: 159871 # Mispredicted branches
   condBranches: 54236513 # conditional branches
  westmere-7: # Core stats
   cycles: 199744548 # Simulated unhalted cycles
   cCycles: 1711 # Cycles due to contention stalls
   instrs: 329842357 # Simulated instructions
   uops: 356785998 # Retired micro-ops
   bbls: 56572258 # Basic blocks
   approxInstrs: 61831 # Instrs with approx uop decoding
   mispredBranches: 158637 # Mispredicted branches
   condBranches: 54061884 # conditional branches
 l1i: # Cache stats
  l1i-0: # Filter cache stats
   fhGETS: 64538834 # Filtered GETS hits
   fhGETX: 0 # Filtered GETX hits
   hGETS: 79391 # GETS hits
   hGETX: 0 # GETX hits
   mGETS: 1543 # GETS misses
   mGETXIM: 0 # GETX I->M misses
   mGETXSM: 0 # GETX S->M misses (upgrade misses)
   PUTS: 0 # Clean evictions (from lower level)
   PUTX: 0 # Dirty evictions (from lower level)
   INV: 0 # Invalidates (from upper level)
   INVX: 0 # Downgrades (from upper level)
   FWD: 0 # Forwards (from upper level)
   latGETnl: 122311 # GET request latency on next level
   latGETnet: 0 # GET request latency on network to next level
  l1i-1: # Filter cache stats
   fhGETS: 63045018 # Filtered GETS hits
   fhGETX: 0 # Filtered GETX hits
   hGETS: 122399 # GETS hits
   hGETX: 0 # GETX hits
   mGETS: 547 # GETS misses
   mGETXIM: 0 # GETX I->M misses
   mGETXSM: 0 # GETX S->M misses (upgrade misses)
   PUTS: 0 # Clean evictions (from lower level)
   PUTX: 0 # Dirty evictions (from lower level)
   INV: 0 # Invalidates (from upper level)
   INVX: 0 # Downgrades (from upper level)
   FWD: 0 # Forwards (from upper level)
   latGETnl: 41629 # GET request latency on next level
   latGETnet: 0 # GET request latency on network to next level
  l1i-2: # Filter cache stats
   fhGETS: 63298878 # Filtered GETS hits
   fhGETX: 0 # Filtered GETX hits
   hGETS: 45243 # GETS hits
   hGETX: 0 # GETX hits
   mGETS: 394 # GETS misses
   mGETXIM: 0 # GETX I->M misses
   mGETXSM: 0 # GETX S->M misses (upgrade misses)
   PUTS: 0 # Clean evictions (from lower level)
   PUTX: 0 # Dirty evictions (from lower level)
   INV: 0 # Invalidates (from upper level)
   INVX: 0 # Downgrades (from upper level)
   FWD: 0 # Forwards (from upper level)
   latGETnl: 18076 # GET request latency on next level
   latGETnet: 0 # GET request latency on network to next level
  l1i-3: # Filter cache stats
   fhGETS: 63402819 # Filtered GETS hits
   fhGETX: 0 # Filtered GETX hits
   hGETS: 42850 # GETS hits
   hGETX: 0 # GETX hits
   mGETS: 364 # GETS misses
   mGETXIM: 0 # GETX I->M misses
   mGETXSM: 0 # GETX S->M misses (upgrade misses)
   PUTS: 0 # Clean evictions (from lower level)
   PUTX: 0 # Dirty evictions (from lower level)
   INV: 0 # Invalidates (from upper level)
   INVX: 0 # Downgrades (from upper level)
   FWD: 0 # Forwards (from upper level)
   latGETnl: 14986 # GET request latency on next level
   latGETnet: 0 # GET request latency on network to next level
  l1i-4: # Filter cache stats
   fhGETS: 63174079 # Filtered GETS hits
   fhGETX: 0 # Filtered GETX hits
   hGETS: 43415 # GETS hits
   hGETX: 0 # GETX hits
   mGETS: 369 # GETS misses
   mGETXIM: 0 # GETX I->M misses
   mGETXSM: 0 # GETX S->M misses (upgrade misses)
   PUTS: 0 # Clean evictions (from lower level)
   PUTX: 0 # Dirty evictions (from lower level)
   INV: 0 # Invalidates (from upper level)
   INVX: 0 # Downgrades (from upper level)
   FWD: 0 # Forwards (from upper level)
   latGETnl: 15336 # GET request latency on next level
   latGETnet: 0 # GET request latency on network to next level
  l1i-5: # Filter cache stats
   fhGETS: 63431727 # Filtered GETS hits
   fhGETX: 0 # Filtered GETX hits
   hGETS: 43043 # GETS hits
   hGETX: 0 # GETX hits
   mGETS: 367 # GETS misses
   mGETXIM: 0 # GETX I->M misses
   mGETXSM: 0 # GETX S->M misses (upgrade misses)
   PUTS: 0 # Clean evictions (from lower level)
   PUTX: 0 # Dirty evictions (from lower level)
   INV: 0 # Invalidates (from upper level)
   INVX: 0 # Downgrades (from upper level)
   FWD: 0 # Forwards (from upper level)
   latGETnl: 14458 # GET request latency on next level
   latGETnet: 0 # GET request latency on network to next level
  l1i-6: # Filter cache stats
   fhGETS: 63445341 # Filtered GETS hits
   fhGETX: 0 # Filtered GETX hits
   hGETS: 44450 # GETS hits
   hGETX: 0 # GETX hits
   mGETS: 361 # GETS misses
   mGETXIM: 0 # GETX I->M misses
   mGETXSM: 0 # GETX S->M misses (upgrade misses)
   PUTS: 0 # Clean evictions (from lower level)
   PUTX: 0 # Dirty evictions (from lower level)
   INV: 0 # Invalidates (from upper level)
   INVX: 0 # Downgrades (from upper level)
   FWD: 0 # Forwards (from upper level)
   latGETnl: 12967 # GET request latency on next level
   latGETnet: 0 # GET request latency on network to next level
  l1i-7: # Filter cache stats
   fhGETS: 63286396 # Filtered GETS hits
   fhGETX: 0 # Filtered GETX hits
   hGETS: 42867 # GETS hits
   hGETX: 0 # GETX hits
   mGETS: 362 # GETS misses
   mGETXIM: 0 # GETX I->M misses
   mGETXSM: 0 # GETX S->M misses (upgrade misses)
   PUTS: 0 # Clean evictions (from lower level)
   PUTX: 0 # Dirty evictions (from lower level)
   INV: 0 # Invalidates (from upper level)
   INVX: 0 # Downgrades (from upper level)
   FWD: 0 # Forwards (from upper level)
   latGETnl: 16664 # GET request latency on next level
   latGETnet: 0 # GET request latency on network to next level
 l1d: # Cache stats
  l1d-0: # Filter cache stats
   fhGETS: 110369219 # Filtered GETS hits
   fhGETX: 23243568 # Filtered GETX hits
   hGETS: 1950731 # GETS hits
   hGETX: 132903 # GETX hits
   mGETS: 2640541 # GETS misses
   mGETXIM: 63260 # GETX I->M misses
   mGETXSM: 280326 # GETX S->M misses (upgrade misses)
   PUTS: 0 # Clean evictions (from lower level)
   PUTX: 0 # Dirty evictions (from lower level)
   INV: 362459 # Invalidates (from upper level)
   INVX: 244982 # Downgrades (from upper level)
   FWD: 0 # Forwards (from upper level)
   latGETnl: 50798621 # GET request latency on next level
   latGETnet: 0 # GET request latency on network to next level
  l1d-1: # Filter cache stats
   fhGETS: 107968073 # Filtered GETS hits
   fhGETX: 21910144 # Filtered GETX hits
   hGETS: 2008240 # GETS hits
   hGETX: 155750 # GETX hits
   mGETS: 2684448 # GETS misses
   mGETXIM: 50176 # GETX I->M misses
   mGETXSM: 305596 # GETX S->M misses (upgrade misses)
   PUTS: 0 # Clean evictions (from lower level)
   PUTX: 0 # Dirty evictions (from lower level)
   INV: 383540 # Invalidates (from upper level)
   INVX: 255548 # Downgrades (from upper level)
   FWD: 0 # Forwards (from upper level)
   latGETnl: 49411693 # GET request latency on next level
   latGETnet: 0 # GET request latency on network to next level
  l1d-2: # Filter cache stats
   fhGETS: 108087578 # Filtered GETS hits
   fhGETX: 21694076 # Filtered GETX hits
   hGETS: 1971151 # GETS hits
   hGETX: 99714 # GETX hits
   mGETS: 2616834 # GETS misses
   mGETXIM: 50733 # GETX I->M misses
   mGETXSM: 293930 # GETX S->M misses (upgrade misses)
   PUTS: 0 # Clean evictions (from lower level)
   PUTX: 0 # Dirty evictions (from lower level)
   INV: 373787 # Invalidates (from upper level)
   INVX: 253557 # Downgrades (from upper level)
   FWD: 0 # Forwards (from upper level)
   latGETnl: 47750495 # GET request latency on next level
   latGETnet: 0 # GET request latency on network to next level
  l1d-3: # Filter cache stats
   fhGETS: 108309462 # Filtered GETS hits
   fhGETX: 21753266 # Filtered GETX hits
   hGETS: 1975982 # GETS hits
   hGETX: 120558 # GETX hits
   mGETS: 2613435 # GETS misses
   mGETXIM: 52735 # GETX I->M misses
   mGETXSM: 290464 # GETX S->M misses (upgrade misses)
   PUTS: 0 # Clean evictions (from lower level)
   PUTX: 0 # Dirty evictions (from lower level)
   INV: 371296 # Invalidates (from upper level)
   INVX: 249696 # Downgrades (from upper level)
   FWD: 0 # Forwards (from upper level)
   latGETnl: 45922544 # GET request latency on next level
   latGETnet: 0 # GET request latency on network to next level
  l1d-4: # Filter cache stats
   fhGETS: 107968196 # Filtered GETS hits
   fhGETX: 21667421 # Filtered GETX hits
   hGETS: 1958219 # GETS hits
   hGETX: 100862 # GETX hits
   mGETS: 2624723 # GETS misses
   mGETXIM: 50274 # GETX I->M misses
   mGETXSM: 291088 # GETX S->M misses (upgrade misses)
   PUTS: 0 # Clean evictions (from lower level)
   PUTX: 0 # Dirty evictions (from lower level)
   INV: 370861 # Invalidates (from upper level)
   INVX: 249605 # Downgrades (from upper level)
   FWD: 0 # Forwards (from upper level)
   latGETnl: 47854903 # GET request latency on next level
   latGETnet: 0 # GET request latency on network to next level
  l1d-5: # Filter cache stats
   fhGETS: 108298556 # Filtered GETS hits
   fhGETX: 21787643 # Filtered GETX hits
   hGETS: 1991707 # GETS hits
   hGETX: 105916 # GETX hits
   mGETS: 2597957 # GETS misses
   mGETXIM: 51010 # GETX I->M misses
   mGETXSM: 287621 # GETX S->M misses (upgrade misses)
   PUTS: 0 # Clean evictions (from lower level)
   PUTX: 0 # Dirty evictions (from lower level)
   INV: 364515 # Invalidates (from upper level)
   INVX: 246744 # Downgrades (from upper level)
   FWD: 0 # Forwards (from upper level)
   latGETnl: 45356487 # GET request latency on next level
   latGETnet: 0 # GET request latency on network to next level
  l1d-6: # Filter cache stats
   fhGETS: 108411326 # Filtered GETS hits
   fhGETX: 21802920 # Filtered GETX hits
   hGETS: 1918855 # GETS hits
   hGETX: 99868 # GETX hits
   mGETS: 2608713 # GETS misses
   mGETXIM: 48607 # GETX I->M misses
   mGETXSM: 287919 # GETX S->M misses (upgrade misses)
   PUTS: 0 # Clean evictions (from lower level)
   PUTX: 0 # Dirty evictions (from lower level)
   INV: 369168 # Invalidates (from upper level)
   INVX: 245616 # Downgrades (from upper level)
   FWD: 0 # Forwards (from upper level)
   latGETnl: 45881208 # GET request latency on next level
   latGETnet: 0 # GET request latency on network to next level
  l1d-7: # Filter cache stats
   fhGETS: 108094466 # Filtered GETS hits
   fhGETX: 21755673 # Filtered GETX hits
   hGETS: 1953714 # GETS hits
   hGETX: 97791 # GETX hits
   mGETS: 2602329 # GETS misses
   mGETXIM: 47477 # GETX I->M misses
   mGETXSM: 287419 # GETX S->M misses (upgrade misses)
   PUTS: 0 # Clean evictions (from lower level)
   PUTX: 0 # Dirty evictions (from lower level)
   INV: 361858 # Invalidates (from upper level)
   INVX: 244678 # Downgrades (from upper level)
   FWD: 0 # Forwards (from upper level)
   latGETnl: 45736799 # GET request latency on next level
   latGETnet: 0 # GET request latency on network to next level
 l2: # Cache stats
  l2-0: # Cache stats
   hGETS: 2126964 # GETS hits
   hGETX: 16377 # GETX hits
   mGETS: 515120 # GETS misses
   mGETXIM: 54516 # GETX I->M misses
   mGETXSM: 272693 # GETX S->M misses (upgrade misses)
   PUTS: 2341996 # Clean evictions (from lower level)
   PUTX: 44835 # Dirty evictions (from lower level)
   INV: 365957 # Invalidates (from upper level)
   INVX: 251205 # Downgrades (from upper level)
   FWD: 0 # Forwards (from upper level)
   latGETnl: 30021242 # GET request latency on next level
   latGETnet: 0 # GET request latency on network to next level
  l2-1: # Cache stats
   hGETS: 2233895 # GETS hits
   hGETX: 14503 # GETX hits
   mGETS: 451100 # GETS misses
   mGETXIM: 44605 # GETX I->M misses
   mGETXSM: 296664 # GETX S->M misses (upgrade misses)
   PUTS: 2343877 # Clean evictions (from lower level)
   PUTX: 53940 # Dirty evictions (from lower level)
   INV: 398474 # Invalidates (from upper level)
   INVX: 264220 # Downgrades (from upper level)
   FWD: 0 # Forwards (from upper level)
   latGETnl: 28167953 # GET request latency on next level
   latGETnet: 0 # GET request latency on network to next level
  l2-2: # Cache stats
   hGETS: 2182705 # GETS hits
   hGETX: 15027 # GETX hits
   mGETS: 434523 # GETS misses
   mGETXIM: 44865 # GETX I->M misses
   mGETXSM: 284771 # GETX S->M misses (upgrade misses)
   PUTS: 2311087 # Clean evictions (from lower level)
   PUTX: 30665 # Dirty evictions (from lower level)
   INV: 374812 # Invalidates (from upper level)
   INVX: 256142 # Downgrades (from upper level)
   FWD: 0 # Forwards (from upper level)
   latGETnl: 27035334 # GET request latency on next level
   latGETnet: 0 # GET request latency on network to next level
  l2-3: # Cache stats
   hGETS: 2235790 # GETS hits
   hGETX: 19375 # GETX hits
   mGETS: 378009 # GETS misses
   mGETXIM: 41844 # GETX I->M misses
   mGETXSM: 281980 # GETX S->M misses (upgrade misses)
   PUTS: 2312248 # Clean evictions (from lower level)
   PUTX: 32294 # Dirty evictions (from lower level)
   INV: 373280 # Invalidates (from upper level)
   INVX: 252272 # Downgrades (from upper level)
   FWD: 0 # Forwards (from upper level)
   latGETnl: 25238544 # GET request latency on next level
   latGETnet: 0 # GET request latency on network to next level
  l2-4: # Cache stats
   hGETS: 2179782 # GETS hits
   hGETX: 16176 # GETX hits
   mGETS: 445310 # GETS misses
   mGETXIM: 42018 # GETX I->M misses
   mGETXSM: 283168 # GETX S->M misses (upgrade misses)
   PUTS: 2323485 # Clean evictions (from lower level)
   PUTX: 30229 # Dirty evictions (from lower level)
   INV: 372743 # Invalidates (from upper level)
   INVX: 252228 # Downgrades (from upper level)
   FWD: 0 # Forwards (from upper level)
   latGETnl: 27105061 # GET request latency on next level
   latGETnet: 0 # GET request latency on network to next level
  l2-5: # Cache stats
   hGETS: 2228275 # GETS hits
   hGETX: 18814 # GETX hits
   mGETS: 370049 # GETS misses
   mGETXIM: 39578 # GETX I->M misses
   mGETXSM: 280239 # GETX S->M misses (upgrade misses)
   PUTS: 2303598 # Clean evictions (from lower level)
   PUTX: 31668 # Dirty evictions (from lower level)
   INV: 366296 # Invalidates (from upper level)
   INVX: 250088 # Downgrades (from upper level)
   FWD: 0 # Forwards (from upper level)
   latGETnl: 24812260 # GET request latency on next level
   latGETnet: 0 # GET request latency on network to next level
  l2-6: # Cache stats
   hGETS: 2222472 # GETS hits
   hGETX: 17123 # GETX hits
   mGETS: 386602 # GETS misses
   mGETXIM: 39219 # GETX I->M misses
   mGETXSM: 280184 # GETX S->M misses (upgrade misses)
   PUTS: 2309730 # Clean evictions (from lower level)
   PUTX: 30110 # Dirty evictions (from lower level)
   INV: 371171 # Invalidates (from upper level)
   INVX: 248181 # Downgrades (from upper level)
   FWD: 0 # Forwards (from upper level)
   latGETnl: 25274975 # GET request latency on next level
   latGETnet: 0 # GET request latency on network to next level
  l2-7: # Cache stats
   hGETS: 2216451 # GETS hits
   hGETX: 16377 # GETX hits
   mGETS: 386240 # GETS misses
   mGETXIM: 38929 # GETX I->M misses
   mGETXSM: 279590 # GETX S->M misses (upgrade misses)
   PUTS: 2310485 # Clean evictions (from lower level)
   PUTX: 29391 # Dirty evictions (from lower level)
   INV: 363706 # Invalidates (from upper level)
   INVX: 246756 # Downgrades (from upper level)
   FWD: 0 # Forwards (from upper level)
   latGETnl: 25190354 # GET request latency on next level
   latGETnet: 0 # GET request latency on network to next level
 l3: # Cache stats
  l3-0b0: # Cache stats
   hGETS: 291004 # GETS hits
   hGETX: 176841 # GETX hits
   mGETS: 493 # GETS misses
   mGETXIM: 1146 # GETX I->M misses
   mGETXSM: 0 # GETX S->M misses (upgrade misses)
   PUTS: 103488 # Clean evictions (from lower level)
   PUTX: 1774 # Dirty evictions (from lower level)
   INV: 0 # Invalidates (from upper level)
   INVX: 0 # Downgrades (from upper level)
   FWD: 0 # Forwards (from upper level)
   latGETnl: 147510 # GET request latency on next level
   latGETnet: 0 # GET request latency on network to next level
  l3-0b1: # Cache stats
   hGETS: 291328 # GETS hits
   hGETX: 34857 # GETX hits
   mGETS: 498 # GETS misses
   mGETXIM: 1144 # GETX I->M misses
   mGETXSM: 0 # GETX S->M misses (upgrade misses)
   PUTS: 111138 # Clean evictions (from lower level)
   PUTX: 1818 # Dirty evictions (from lower level)
   INV: 0 # Invalidates (from upper level)
   INVX: 0 # Downgrades (from upper level)
   FWD: 0 # Forwards (from upper level)
   latGETnl: 147780 # GET request latency on next level
   latGETnet: 0 # GET request latency on network to next level
  l3-0b2: # Cache stats
   hGETS: 379512 # GETS hits
   hGETX: 265410 # GETX hits
   mGETS: 502 # GETS misses
   mGETXIM: 1153 # GETX I->M misses
   mGETXSM: 0 # GETX S->M misses (upgrade misses)
   PUTS: 117881 # Clean evictions (from lower level)
   PUTX: 3850 # Dirty evictions (from lower level)
   INV: 0 # Invalidates (from upper level)
   INVX: 0 # Downgrades (from upper level)
   FWD: 0 # Forwards (from upper level)
   latGETnl: 148950 # GET request latency on next level
   latGETnet: 0 # GET request latency on network to next level
  l3-0b3: # Cache stats
   hGETS: 379672 # GETS hits
   hGETX: 297809 # GETX hits
   mGETS: 488 # GETS misses
   mGETXIM: 1143 # GETX I->M misses
   mGETXSM: 0 # GETX S->M misses (upgrade misses)
   PUTS: 108813 # Clean evictions (from lower level)
   PUTX: 6081 # Dirty evictions (from lower level)
   INV: 0 # Invalidates (from upper level)
   INVX: 0 # Downgrades (from upper level)
   FWD: 0 # Forwards (from upper level)
   latGETnl: 146790 # GET request latency on next level
   latGETnet: 0 # GET request latency on network to next level
  l3-0b4: # Cache stats
   hGETS: 437460 # GETS hits
   hGETX: 284753 # GETX hits
   mGETS: 491 # GETS misses
   mGETXIM: 1145 # GETX I->M misses
   mGETXSM: 0 # GETX S->M misses (upgrade misses)
   PUTS: 163113 # Clean evictions (from lower level)
   PUTX: 2567 # Dirty evictions (from lower level)
   INV: 0 # Invalidates (from upper level)
   INVX: 0 # Downgrades (from upper level)
   FWD: 0 # Forwards (from upper level)
   latGETnl: 147240 # GET request latency on next level
   latGETnet: 0 # GET request latency on network to next level
  l3-0b5: # Cache stats
   hGETS: 425384 # GETS hits
   hGETX: 290428 # GETX hits
   mGETS: 505 # GETS misses
   mGETXIM: 1148 # GETX I->M misses
   mGETXSM: 0 # GETX S->M misses (upgrade misses)
   PUTS: 110970 # Clean evictions (from lower level)
   PUTX: 5722 # Dirty evictions (from lower level)
   INV: 0 # Invalidates (from upper level)
   INVX: 0 # Downgrades (from upper level)
   FWD: 0 # Forwards (from upper level)
   latGETnl: 148770 # GET request latency on next level
   latGETnet: 0 # GET request latency on network to next level
  l3-0b6: # Cache stats
   hGETS: 156696 # GETS hits
   hGETX: 11068 # GETX hits
   mGETS: 487 # GETS misses
   mGETXIM: 1158 # GETX I->M misses
   mGETXSM: 0 # GETX S->M misses (upgrade misses)
   PUTS: 130194 # Clean evictions (from lower level)
   PUTX: 2636 # Dirty evictions (from lower level)
   INV: 0 # Invalidates (from upper level)
   INVX: 0 # Downgrades (from upper level)
   FWD: 0 # Forwards (from upper level)
   latGETnl: 148050 # GET request latency on next level
   latGETnet: 0 # GET request latency on network to next level
  l3-0b7: # Cache stats
   hGETS: 1001938 # GETS hits
   hGETX: 1234511 # GETX hits
   mGETS: 495 # GETS misses
   mGETXIM: 1149 # GETX I->M misses
   mGETXSM: 0 # GETX S->M misses (upgrade misses)
   PUTS: 153591 # Clean evictions (from lower level)
   PUTX: 3214 # Dirty evictions (from lower level)
   INV: 0 # Invalidates (from upper level)
   INVX: 0 # Downgrades (from upper level)
   FWD: 0 # Forwards (from upper level)
   latGETnl: 147960 # GET request latency on next level
   latGETnet: 0 # GET request latency on network to next level
 mem: # Memory controller stats
  mem-0: # Memory controller stats
   rd: 3321 # Read requests
   wr: 0 # Write requests
   rdlat: 442587 # Total latency experienced by read requests
   wrlat: 0 # Total latency experienced by write requests
   rdhits: 2 # Read row hits
   wrhits: 0 # Write row hits
   mlh: # latency histogram for memory requests
    0: 0
    1: 0
    2: 0
    3: 0
    4: 0
    5: 0
    6: 0
    7: 0
    8: 0
    9: 0
    10: 0
    11: 0
    12: 1
    13: 3193
    14: 32
    15: 30
    16: 22
    17: 9
    18: 2
    19: 1
    20: 0
    21: 4
    22: 0
    23: 0
    24: 0
    25: 2
    26: 11
    27: 4
    28: 1
    29: 0
    30: 1
    31: 0
    32: 0
    33: 2
    34: 0
    35: 0
    36: 1
    37: 0
    38: 1
    39: 0
    40: 2
    41: 0
    42: 0
    43: 0
    44: 0
    45: 1
    46: 1
    47: 0
    48: 0
    49: 0
    50: 0
    51: 0
    52: 0
    53: 0
    54: 0
    55: 0
    56: 0
    57: 0
    58: 0
    59: 0
    60: 0
    61: 0
    62: 0
    63: 0
    64: 0
    65: 0
    66: 0
    67: 0
    68: 0
    69: 0
    70: 0
    71: 0
    72: 0
    73: 0
    74: 0
    75: 0
    76: 0
    77: 0
    78: 0
    79: 0
    80: 0
    81: 0
    82: 0
    83: 0
    84: 0
    85: 0
    86: 0
    87: 0
    88: 0
    89: 0
    90: 0
    91: 0
    92: 0
    93: 0
    94: 0
    95: 0
    96: 0
    97: 0
    98: 0
    99: 0
  mem-1: # Memory controller stats
   rd: 3264 # Read requests
   wr: 0 # Write requests
   rdlat: 439984 # Total latency experienced by read requests
   wrlat: 0 # Total latency experienced by write requests
   rdhits: 4 # Read row hits
   wrhits: 0 # Write row hits
   mlh: # latency histogram for memory requests
    0: 0
    1: 0
    2: 0
    3: 0
    4: 0
    5: 0
    6: 0
    7: 0
    8: 0
    9: 0
    10: 0
    11: 0
    12: 2
    13: 3136
    14: 33
    15: 8
    16: 26
    17: 17
    18: 4
    19: 0
    20: 1
    21: 1
    22: 1
    23: 0
    24: 0
    25: 1
    26: 5
    27: 16
    28: 1
    29: 0
    30: 0
    31: 2
    32: 1
    33: 2
    34: 0
    35: 0
    36: 1
    37: 1
    38: 0
    39: 0
    40: 1
    41: 0
    42: 0
    43: 0
    44: 1
    45: 3
    46: 0
    47: 0
    48: 0
    49: 0
    50: 0
    51: 0
    52: 0
    53: 0
    54: 0
    55: 0
    56: 0
    57: 0
    58: 0
    59: 0
    60: 0
    61: 0
    62: 0
    63: 0
    64: 0
    65: 0
    66: 0
    67: 0
    68: 0
    69: 0
    70: 0
    71: 0
    72: 0
    73: 0
    74: 0
    75: 0
    76: 0
    77: 0
    78: 0
    79: 0
    80: 0
    81: 0
    82: 0
    83: 0
    84: 0
    85: 0
    86: 0
    87: 0
    88: 0
    89: 0
    90: 0
    91: 0
    92: 0
    93: 0
    94: 0
    95: 0
    96: 0
    97: 0
    98: 0
    99: 0
  mem-2: # Memory controller stats
   rd: 3262 # Read requests
   wr: 0 # Write requests
   rdlat: 433019 # Total latency experienced by read requests
   wrlat: 0 # Total latency experienced by write requests
   rdhits: 2 # Read row hits
   wrhits: 0 # Write row hits
   mlh: # latency histogram for memory requests
    0: 0
    1: 0
    2: 0
    3: 0
    4: 0
    5: 0
    6: 0
    7: 0
    8: 0
    9: 0
    10: 0
    11: 0
    12: 0
    13: 3142
    14: 38
    15: 20
    16: 23
    17: 10
    18: 1
    19: 0
    20: 1
    21: 1
    22: 0
    23: 0
    24: 1
    25: 1
    26: 10
    27: 6
    28: 0
    29: 0
    30: 1
    31: 1
    32: 0
    33: 0
    34: 1
    35: 1
    36: 0
    37: 0
    38: 0
    39: 0
    40: 0
    41: 0
    42: 0
    43: 0
    44: 2
    45: 0
    46: 1
    47: 1
    48: 0
    49: 0
    50: 0
    51: 0
    52: 0
    53: 0
    54: 0
    55: 0
    56: 0
    57: 0
    58: 0
    59: 0
    60: 0
    61: 0
    62: 0
    63: 0
    64: 0
    65: 0
    66: 0
    67: 0
    68: 0
    69: 0
    70: 0
    71: 0
    72: 0
    73: 0
    74: 0
    75: 0
    76: 0
    77: 0
    78: 0
    79: 0
    80: 0
    81: 0
    82: 0
    83: 0
    84: 0
    85: 0
    86: 0
    87: 0
    88: 0
    89: 0
    90: 0
    91: 0
    92: 0
    93: 0
    94: 0
    95: 0
    96: 0
    97: 0
    98: 0
    99: 0
  mem-3: # Memory controller stats
   rd: 3284 # Read requests
   wr: 0 # Write requests
   rdlat: 442846 # Total latency experienced by read requests
   wrlat: 0 # Total latency experienced by write requests
   rdhits: 1 # Read row hits
   wrhits: 0 # Write row hits
   mlh: # latency histogram for memory requests
    0: 0
    1: 0
    2: 0
    3: 0
    4: 0
    5: 0
    6: 0
    7: 0
    8: 0
    9: 0
    10: 0
    11: 0
    12: 1
    13: 2948
    14: 248
    15: 2
    16: 25
    17: 25
    18: 2
    19: 2
    20: 1
    21: 3
    22: 0
    23: 0
    24: 0
    25: 2
    26: 6
    27: 8
    28: 1
    29: 0
    30: 1
    31: 0
    32: 1
    33: 2
    34: 0
    35: 0
    36: 0
    37: 0
    38: 1
    39: 0
    40: 2
    41: 0
    42: 1
    43: 0
    44: 0
    45: 1
    46: 1
    47: 0
    48: 0
    49: 0
    50: 0
    51: 0
    52: 0
    53: 0
    54: 0
    55: 0
    56: 0
    57: 0
    58: 0
    59: 0
    60: 0
    61: 0
    62: 0
    63: 0
    64: 0
    65: 0
    66: 0
    67: 0
    68: 0
    69: 0
    70: 0
    71: 0
    72: 0
    73: 0
    74: 0
    75: 0
    76: 0
    77: 0
    78: 0
    79: 0
    80: 0
    81: 0
    82: 0
    83: 0
    84: 0
    85: 0
    86: 0
    87: 0
    88: 0
    89: 0
    90: 0
    91: 0
    92: 0
    93: 0
    94: 0
    95: 0
    96: 0
    97: 0
    98: 0
    99: 0
 sched: # Scheduler stats
  thCr: 17 # Threads created
  thFn: 17 # Threads finished
  schedEvs: 19 # Schedule events
  waitEvs: 2 # Wait events
  handoffEvs: 0 # Handoff events
  sleepEvs: 0 # Sleep events
  idlePhases: 0 # Phases with no thread active
  idlePeriods: 0 # Periods with no thread active
  occHist: # Occupancy histogram
   0: 0
   1: 571
   2: 1
   3: 0
   4: 1
   5: 0
   6: 0
   7: 0
   8: 20383
  rqSzHist: # Run queue size histogram
   0: 20956
   1: 0
   2: 0
   3: 0
   4: 0
   5: 0
   6: 0
   7: 0
   8: 0
   9: 0
   10: 0
   11: 0
   12: 0
   13: 0
   14: 0
   15: 0
   16: 0
 procCycles: # Per-process unhalted core cycles
  0: 1606080553
  1: 0
  2: 0
  3: 0
  4: 0
  5: 0
  6: 0
  7: 0
  8: 0
  9: 0
  10: 0
  11: 0
  12: 0
  13: 0
  14: 0
  15: 0
  16: 0
  17: 0
  18: 0
  19: 0
  20: 0
  21: 0
  22: 0
  23: 0
  24: 0
  25: 0
  26: 0
  27: 0
  28: 0
  29: 0
  30: 0
  31: 0
  32: 0
  33: 0
  34: 0
  35: 0
  36: 0
  37: 0
  38: 0
  39: 0
  40: 0
  41: 0
  42: 0
  43: 0
  44: 0
  45: 0
  46: 0
  47: 0
  48: 0
  49: 0
  50: 0
  51: 0
  52: 0
  53: 0
  54: 0
  55: 0
  56: 0
  57: 0
  58: 0
  59: 0
  60: 0
  61: 0
  62: 0
  63: 0
 procInstrs: # Per-process instructions
  0: 2649261638
  1: 0
  2: 0
  3: 0
  4: 0
  5: 0
  6: 0
  7: 0
  8: 0
  9: 0
  10: 0
  11: 0
  12: 0
  13: 0
  14: 0
  15: 0
  16: 0
  17: 0
  18: 0
  19: 0
  20: 0
  21: 0
  22: 0
  23: 0
  24: 0
  25: 0
  26: 0
  27: 0
  28: 0
  29: 0
  30: 0
  31: 0
  32: 0
  33: 0
  34: 0
  35: 0
  36: 0
  37: 0
  38: 0
  39: 0
  40: 0
  41: 0
  42: 0
  43: 0
  44: 0
  45: 0
  46: 0
  47: 0
  48: 0
  49: 0
  50: 0
  51: 0
  52: 0
  53: 0
  54: 0
  55: 0
  56: 0
  57: 0
  58: 0
  59: 0
  60: 0
  61: 0
  62: 0
  63: 0
 heartbeats: # Per-process heartbeats
  0: 0
  1: 0
  2: 0
  3: 0
  4: 0
  5: 0
  6: 0
  7: 0
  8: 0
  9: 0
  10: 0
  11: 0
  12: 0
  13: 0
  14: 0
  15: 0
  16: 0
  17: 0
  18: 0
  19: 0
  20: 0
  21: 0
  22: 0
  23: 0
  24: 0
  25: 0
  26: 0
  27: 0
  28: 0
  29: 0
  30: 0
  31: 0
  32: 0
  33: 0
  34: 0
  35: 0
  36: 0
  37: 0
  38: 0
  39: 0
  40: 0
  41: 0
  42: 0
  43: 0
  44: 0
  45: 0
  46: 0
  47: 0
  48: 0
  49: 0
  50: 0
  51: 0
  52: 0
  53: 0
  54: 0
  55: 0
  56: 0
  57: 0
  58: 0
  59: 0
  60: 0
  61: 0
  62: 0
  63: 0
===
