# zsim stats
===
root: # Stats
 contention: # Contention simulation stats
  domain-0: # Domain stats
   time: 185966347 # Weave simulation time
 time: # Simulator time breakdown
  init: 2547524934266
  bound: 4985201339
  weave: 320716137
  ff: 0
 trigger: 20000 # Reason for this stats dump
 phase: 6318 # Simulated phases
 westmere: # Core stats
  westmere-0: # Core stats
   cycles: 63180693 # Simulated unhalted cycles
   cCycles: 5076831 # Cycles due to contention stalls
   instrs: 100000063 # Simulated instructions
   uops: 142668685 # Retired micro-ops
   bbls: 4785368 # Basic blocks
   approxInstrs: 432 # Instrs with approx uop decoding
   mispredBranches: 23096 # Mispredicted branches
   condBranches: 4718058 # conditional branches
 l1i: # Cache stats
  l1i-0: # Filter cache stats
   fhGETS: 9439959 # Filtered GETS hits
   fhGETX: 0 # Filtered GETX hits
   hGETS: 20730 # GETS hits
   hGETX: 0 # GETX hits
   mGETS: 1896 # GETS misses
   mGETXIM: 0 # GETX I->M misses
   mGETXSM: 0 # GETX S->M misses (upgrade misses)
   PUTS: 0 # Clean evictions (from lower level)
   PUTX: 0 # Dirty evictions (from lower level)
   INV: 0 # Invalidates (from upper level)
   INVX: 0 # Downgrades (from upper level)
   FWD: 0 # Forwards (from upper level)
   latGETnl: 115734 # GET request latency on next level
   latGETnet: 0 # GET request latency on network to next level
 l1d: # Cache stats
  l1d-0: # Filter cache stats
   fhGETS: 27587597 # Filtered GETS hits
   fhGETX: 9093289 # Filtered GETX hits
   hGETS: 15248708 # GETS hits
   hGETX: 5960242 # GETX hits
   mGETS: 236882 # GETS misses
   mGETXIM: 291813 # GETX I->M misses
   mGETXSM: 0 # GETX S->M misses (upgrade misses)
   PUTS: 0 # Clean evictions (from lower level)
   PUTX: 0 # Dirty evictions (from lower level)
   INV: 0 # Invalidates (from upper level)
   INVX: 0 # Downgrades (from upper level)
   FWD: 0 # Forwards (from upper level)
   latGETnl: 24962258 # GET request latency on next level
   latGETnet: 0 # GET request latency on network to next level
 l2: # Cache stats
  l2-0: # Cache stats
   hGETS: 209011 # GETS hits
   hGETX: 1417 # GETX hits
   mGETS: 29767 # GETS misses
   mGETXIM: 290396 # GETX I->M misses
   mGETXSM: 0 # GETX S->M misses (upgrade misses)
   PUTS: 237116 # Clean evictions (from lower level)
   PUTX: 292529 # Dirty evictions (from lower level)
   INV: 0 # Invalidates (from upper level)
   INVX: 0 # Downgrades (from upper level)
   FWD: 0 # Forwards (from upper level)
   latGETnl: 19772082 # GET request latency on next level
   latGETnet: 0 # GET request latency on network to next level
 l3: # Cache stats
  l3-0: # Cache stats
   hGETS: 24947 # GETS hits
   hGETX: 160903 # GETX hits
   mGETS: 4820 # GETS misses
   mGETXIM: 129493 # GETX I->M misses
   mGETXSM: 0 # GETX S->M misses (upgrade misses)
   PUTS: 27464 # Clean evictions (from lower level)
   PUTX: 288603 # Dirty evictions (from lower level)
   INV: 0 # Invalidates (from upper level)
   INVX: 0 # Downgrades (from upper level)
   FWD: 0 # Forwards (from upper level)
   latGETnl: 12088170 # GET request latency on next level
   latGETnet: 0 # GET request latency on network to next level
 mem: # Memory controller stats
  mem-0: # Memory controller stats
   rd: 33557 # Read requests
   wr: 24765 # Write requests
   rdlat: 5119987 # Total latency experienced by read requests
   wrlat: 3682571 # Total latency experienced by write requests
   rdhits: 4 # Read row hits
   wrhits: 184 # Write row hits
   mlh: # latency histogram for memory requests
    0: 0
    1: 0
    2: 0
    3: 0
    4: 0
    5: 0
    6: 0
    7: 0
    8: 0
    9: 0
    10: 0
    11: 0
    12: 1
    13: 24903
    14: 2908
    15: 26
    16: 33
    17: 15
    18: 14
    19: 4
    20: 23
    21: 17
    22: 25
    23: 5021
    24: 19
    25: 64
    26: 27
    27: 29
    28: 25
    29: 20
    30: 26
    31: 28
    32: 12
    33: 16
    34: 26
    35: 25
    36: 11
    37: 20
    38: 25
    39: 19
    40: 13
    41: 19
    42: 19
    43: 13
    44: 8
    45: 5
    46: 7
    47: 52
    48: 9
    49: 5
    50: 6
    51: 5
    52: 11
    53: 3
    54: 0
    55: 0
    56: 0
    57: 0
    58: 0
    59: 0
    60: 0
    61: 0
    62: 0
    63: 0
    64: 0
    65: 0
    66: 0
    67: 0
    68: 0
    69: 0
    70: 0
    71: 0
    72: 0
    73: 0
    74: 0
    75: 0
    76: 0
    77: 0
    78: 0
    79: 0
    80: 0
    81: 0
    82: 0
    83: 0
    84: 0
    85: 0
    86: 0
    87: 0
    88: 0
    89: 0
    90: 0
    91: 0
    92: 0
    93: 0
    94: 0
    95: 0
    96: 0
    97: 0
    98: 0
    99: 0
  mem-1: # Memory controller stats
   rd: 33573 # Read requests
   wr: 24811 # Write requests
   rdlat: 5090383 # Total latency experienced by read requests
   wrlat: 3690430 # Total latency experienced by write requests
   rdhits: 4 # Read row hits
   wrhits: 183 # Write row hits
   mlh: # latency histogram for memory requests
    0: 0
    1: 0
    2: 0
    3: 0
    4: 0
    5: 0
    6: 0
    7: 0
    8: 0
    9: 0
    10: 0
    11: 1
    12: 1
    13: 25007
    14: 2918
    15: 31
    16: 34
    17: 15
    18: 16
    19: 19
    20: 17
    21: 15
    22: 22
    23: 5051
    24: 16
    25: 72
    26: 25
    27: 22
    28: 13
    29: 14
    30: 22
    31: 11
    32: 13
    33: 6
    34: 12
    35: 14
    36: 14
    37: 13
    38: 10
    39: 23
    40: 12
    41: 18
    42: 22
    43: 5
    44: 0
    45: 1
    46: 9
    47: 25
    48: 7
    49: 6
    50: 3
    51: 7
    52: 9
    53: 2
    54: 0
    55: 0
    56: 0
    57: 0
    58: 0
    59: 0
    60: 0
    61: 0
    62: 0
    63: 0
    64: 0
    65: 0
    66: 0
    67: 0
    68: 0
    69: 0
    70: 0
    71: 0
    72: 0
    73: 0
    74: 0
    75: 0
    76: 0
    77: 0
    78: 0
    79: 0
    80: 0
    81: 0
    82: 0
    83: 0
    84: 0
    85: 0
    86: 0
    87: 0
    88: 0
    89: 0
    90: 0
    91: 0
    92: 0
    93: 0
    94: 0
    95: 0
    96: 0
    97: 0
    98: 0
    99: 0
  mem-2: # Memory controller stats
   rd: 33608 # Read requests
   wr: 24789 # Write requests
   rdlat: 5106272 # Total latency experienced by read requests
   wrlat: 3687920 # Total latency experienced by write requests
   rdhits: 2 # Read row hits
   wrhits: 169 # Write row hits
   mlh: # latency histogram for memory requests
    0: 0
    1: 0
    2: 0
    3: 0
    4: 0
    5: 0
    6: 0
    7: 0
    8: 0
    9: 0
    10: 0
    11: 0
    12: 0
    13: 24988
    14: 2972
    15: 26
    16: 25
    17: 7
    18: 11
    19: 13
    20: 10
    21: 13
    22: 18
    23: 5055
    24: 15
    25: 60
    26: 21
    27: 23
    28: 22
    29: 19
    30: 20
    31: 24
    32: 17
    33: 17
    34: 11
    35: 13
    36: 14
    37: 9
    38: 25
    39: 21
    40: 14
    41: 13
    42: 19
    43: 13
    44: 2
    45: 3
    46: 5
    47: 26
    48: 12
    49: 5
    50: 4
    51: 5
    52: 13
    53: 5
    54: 0
    55: 0
    56: 0
    57: 0
    58: 0
    59: 0
    60: 0
    61: 0
    62: 0
    63: 0
    64: 0
    65: 0
    66: 0
    67: 0
    68: 0
    69: 0
    70: 0
    71: 0
    72: 0
    73: 0
    74: 0
    75: 0
    76: 0
    77: 0
    78: 0
    79: 0
    80: 0
    81: 0
    82: 0
    83: 0
    84: 0
    85: 0
    86: 0
    87: 0
    88: 0
    89: 0
    90: 0
    91: 0
    92: 0
    93: 0
    94: 0
    95: 0
    96: 0
    97: 0
    98: 0
    99: 0
  mem-3: # Memory controller stats
   rd: 33573 # Read requests
   wr: 24813 # Write requests
   rdlat: 5113792 # Total latency experienced by read requests
   wrlat: 3691812 # Total latency experienced by write requests
   rdhits: 4 # Read row hits
   wrhits: 187 # Write row hits
   mlh: # latency histogram for memory requests
    0: 0
    1: 0
    2: 0
    3: 0
    4: 0
    5: 0
    6: 0
    7: 0
    8: 0
    9: 0
    10: 0
    11: 0
    12: 1
    13: 24957
    14: 2904
    15: 21
    16: 28
    17: 11
    18: 14
    19: 17
    20: 12
    21: 15
    22: 22
    23: 5045
    24: 12
    25: 54
    26: 21
    27: 28
    28: 21
    29: 25
    30: 24
    31: 27
    32: 19
    33: 19
    34: 19
    35: 19
    36: 26
    37: 24
    38: 10
    39: 11
    40: 23
    41: 19
    42: 16
    43: 16
    44: 9
    45: 6
    46: 10
    47: 38
    48: 11
    49: 1
    50: 5
    51: 3
    52: 9
    53: 1
    54: 0
    55: 0
    56: 0
    57: 0
    58: 0
    59: 0
    60: 0
    61: 0
    62: 0
    63: 0
    64: 0
    65: 0
    66: 0
    67: 0
    68: 0
    69: 0
    70: 0
    71: 0
    72: 0
    73: 0
    74: 0
    75: 0
    76: 0
    77: 0
    78: 0
    79: 0
    80: 0
    81: 0
    82: 0
    83: 0
    84: 0
    85: 0
    86: 0
    87: 0
    88: 0
    89: 0
    90: 0
    91: 0
    92: 0
    93: 0
    94: 0
    95: 0
    96: 0
    97: 0
    98: 0
    99: 0
 sched: # Scheduler stats
  thCr: 1 # Threads created
  thFn: 1 # Threads finished
  schedEvs: 1 # Schedule events
  waitEvs: 0 # Wait events
  handoffEvs: 0 # Handoff events
  sleepEvs: 0 # Sleep events
  idlePhases: 0 # Phases with no thread active
  idlePeriods: 0 # Periods with no thread active
  occHist: # Occupancy histogram
   0: 0
   1: 6318
  rqSzHist: # Run queue size histogram
   0: 6318
   1: 0
   2: 0
   3: 0
   4: 0
   5: 0
   6: 0
   7: 0
   8: 0
   9: 0
   10: 0
   11: 0
   12: 0
   13: 0
   14: 0
   15: 0
   16: 0
 procCycles: # Per-process unhalted core cycles
  0: 63180693
  1: 0
  2: 0
  3: 0
  4: 0
  5: 0
  6: 0
  7: 0
  8: 0
  9: 0
  10: 0
  11: 0
  12: 0
  13: 0
  14: 0
  15: 0
  16: 0
  17: 0
  18: 0
  19: 0
  20: 0
  21: 0
  22: 0
  23: 0
  24: 0
  25: 0
  26: 0
  27: 0
  28: 0
  29: 0
  30: 0
  31: 0
  32: 0
  33: 0
  34: 0
  35: 0
  36: 0
  37: 0
  38: 0
  39: 0
  40: 0
  41: 0
  42: 0
  43: 0
  44: 0
  45: 0
  46: 0
  47: 0
  48: 0
  49: 0
  50: 0
  51: 0
  52: 0
  53: 0
  54: 0
  55: 0
  56: 0
  57: 0
  58: 0
  59: 0
  60: 0
  61: 0
  62: 0
  63: 0
 procInstrs: # Per-process instructions
  0: 100000063
  1: 0
  2: 0
  3: 0
  4: 0
  5: 0
  6: 0
  7: 0
  8: 0
  9: 0
  10: 0
  11: 0
  12: 0
  13: 0
  14: 0
  15: 0
  16: 0
  17: 0
  18: 0
  19: 0
  20: 0
  21: 0
  22: 0
  23: 0
  24: 0
  25: 0
  26: 0
  27: 0
  28: 0
  29: 0
  30: 0
  31: 0
  32: 0
  33: 0
  34: 0
  35: 0
  36: 0
  37: 0
  38: 0
  39: 0
  40: 0
  41: 0
  42: 0
  43: 0
  44: 0
  45: 0
  46: 0
  47: 0
  48: 0
  49: 0
  50: 0
  51: 0
  52: 0
  53: 0
  54: 0
  55: 0
  56: 0
  57: 0
  58: 0
  59: 0
  60: 0
  61: 0
  62: 0
  63: 0
 heartbeats: # Per-process heartbeats
  0: 0
  1: 0
  2: 0
  3: 0
  4: 0
  5: 0
  6: 0
  7: 0
  8: 0
  9: 0
  10: 0
  11: 0
  12: 0
  13: 0
  14: 0
  15: 0
  16: 0
  17: 0
  18: 0
  19: 0
  20: 0
  21: 0
  22: 0
  23: 0
  24: 0
  25: 0
  26: 0
  27: 0
  28: 0
  29: 0
  30: 0
  31: 0
  32: 0
  33: 0
  34: 0
  35: 0
  36: 0
  37: 0
  38: 0
  39: 0
  40: 0
  41: 0
  42: 0
  43: 0
  44: 0
  45: 0
  46: 0
  47: 0
  48: 0
  49: 0
  50: 0
  51: 0
  52: 0
  53: 0
  54: 0
  55: 0
  56: 0
  57: 0
  58: 0
  59: 0
  60: 0
  61: 0
  62: 0
  63: 0
===
