# zsim stats
===
root: # Stats
 contention: # Contention simulation stats
  domain-0: # Domain stats
   time: 160909844 # Weave simulation time
 time: # Simulator time breakdown
  init: 650369311
  bound: 118650776262
  weave: 2869218443
  ff: 0
 trigger: 20000 # Reason for this stats dump
 phase: 40172 # Simulated phases
 westmere: # Core stats
  westmere-0: # Core stats
   cycles: 401720028 # Simulated unhalted cycles
   cCycles: 28053 # Cycles due to contention stalls
   instrs: 624995935 # Simulated instructions
   uops: 750409300 # Retired micro-ops
   bbls: 83819408 # Basic blocks
   approxInstrs: 6870790 # Instrs with approx uop decoding
   mispredBranches: 1800266 # Mispredicted branches
   condBranches: 64862283 # conditional branches
  westmere-1: # Core stats
   cycles: 401720007 # Simulated unhalted cycles
   cCycles: 27609 # Cycles due to contention stalls
   instrs: 625001619 # Simulated instructions
   uops: 750416115 # Retired micro-ops
   bbls: 83819855 # Basic blocks
   approxInstrs: 6871131 # Instrs with approx uop decoding
   mispredBranches: 1800336 # Mispredicted branches
   condBranches: 64862344 # conditional branches
  westmere-2: # Core stats
   cycles: 401710004 # Simulated unhalted cycles
   cCycles: 26974 # Cycles due to contention stalls
   instrs: 625000261 # Simulated instructions
   uops: 750414380 # Retired micro-ops
   bbls: 83819685 # Basic blocks
   approxInstrs: 6871085 # Instrs with approx uop decoding
   mispredBranches: 1800324 # Mispredicted branches
   condBranches: 64862254 # conditional branches
  westmere-3: # Core stats
   cycles: 401710015 # Simulated unhalted cycles
   cCycles: 27386 # Cycles due to contention stalls
   instrs: 625004150 # Simulated instructions
   uops: 750419226 # Retired micro-ops
   bbls: 83820201 # Basic blocks
   approxInstrs: 6871222 # Instrs with approx uop decoding
   mispredBranches: 1800359 # Mispredicted branches
   condBranches: 64862548 # conditional branches
  westmere-4: # Core stats
   cycles: 401710001 # Simulated unhalted cycles
   cCycles: 26711 # Cycles due to contention stalls
   instrs: 625005957 # Simulated instructions
   uops: 750421438 # Retired micro-ops
   bbls: 83820452 # Basic blocks
   approxInstrs: 6871287 # Instrs with approx uop decoding
   mispredBranches: 1800380 # Mispredicted branches
   condBranches: 64862693 # conditional branches
  westmere-5: # Core stats
   cycles: 401710003 # Simulated unhalted cycles
   cCycles: 26439 # Cycles due to contention stalls
   instrs: 625003186 # Simulated instructions
   uops: 750418039 # Retired micro-ops
   bbls: 83820070 # Basic blocks
   approxInstrs: 6871189 # Instrs with approx uop decoding
   mispredBranches: 1800349 # Mispredicted branches
   condBranches: 64862471 # conditional branches
  westmere-6: # Core stats
   cycles: 401710001 # Simulated unhalted cycles
   cCycles: 28518 # Cycles due to contention stalls
   instrs: 625000537 # Simulated instructions
   uops: 750414752 # Retired micro-ops
   bbls: 83819714 # Basic blocks
   approxInstrs: 6871093 # Instrs with approx uop decoding
   mispredBranches: 1800325 # Mispredicted branches
   condBranches: 64862269 # conditional branches
  westmere-7: # Core stats
   cycles: 401710014 # Simulated unhalted cycles
   cCycles: 27103 # Cycles due to contention stalls
   instrs: 625002626 # Simulated instructions
   uops: 750417317 # Retired micro-ops
   bbls: 83820015 # Basic blocks
   approxInstrs: 6871175 # Instrs with approx uop decoding
   mispredBranches: 1800344 # Mispredicted branches
   condBranches: 64862436 # conditional branches
 l1i: # Cache stats
  l1i-0: # Filter cache stats
   fhGETS: 112019223 # Filtered GETS hits
   fhGETX: 0 # Filtered GETX hits
   hGETS: 1226584 # GETS hits
   hGETX: 0 # GETX hits
   mGETS: 45528 # GETS misses
   mGETXIM: 0 # GETX I->M misses
   mGETXSM: 0 # GETX S->M misses (upgrade misses)
   PUTS: 0 # Clean evictions (from lower level)
   PUTX: 0 # Dirty evictions (from lower level)
   INV: 0 # Invalidates (from upper level)
   INVX: 0 # Downgrades (from upper level)
   FWD: 0 # Forwards (from upper level)
   latGETnl: 480978 # GET request latency on next level
   latGETnet: 0 # GET request latency on network to next level
  l1i-1: # Filter cache stats
   fhGETS: 112020633 # Filtered GETS hits
   fhGETX: 0 # Filtered GETX hits
   hGETS: 1226462 # GETS hits
   hGETX: 0 # GETX hits
   mGETS: 45448 # GETS misses
   mGETXIM: 0 # GETX I->M misses
   mGETXSM: 0 # GETX S->M misses (upgrade misses)
   PUTS: 0 # Clean evictions (from lower level)
   PUTX: 0 # Dirty evictions (from lower level)
   INV: 0 # Invalidates (from upper level)
   INVX: 0 # Downgrades (from upper level)
   FWD: 0 # Forwards (from upper level)
   latGETnl: 488014 # GET request latency on next level
   latGETnet: 0 # GET request latency on network to next level
  l1i-2: # Filter cache stats
   fhGETS: 112020384 # Filtered GETS hits
   fhGETX: 0 # Filtered GETX hits
   hGETS: 1226464 # GETS hits
   hGETX: 0 # GETX hits
   mGETS: 45444 # GETS misses
   mGETXIM: 0 # GETX I->M misses
   mGETXSM: 0 # GETX S->M misses (upgrade misses)
   PUTS: 0 # Clean evictions (from lower level)
   PUTX: 0 # Dirty evictions (from lower level)
   INV: 0 # Invalidates (from upper level)
   INVX: 0 # Downgrades (from upper level)
   FWD: 0 # Forwards (from upper level)
   latGETnl: 475332 # GET request latency on next level
   latGETnet: 0 # GET request latency on network to next level
  l1i-3: # Filter cache stats
   fhGETS: 112021260 # Filtered GETS hits
   fhGETX: 0 # Filtered GETX hits
   hGETS: 1226461 # GETS hits
   hGETX: 0 # GETX hits
   mGETS: 45450 # GETS misses
   mGETXIM: 0 # GETX I->M misses
   mGETXSM: 0 # GETX S->M misses (upgrade misses)
   PUTS: 0 # Clean evictions (from lower level)
   PUTX: 0 # Dirty evictions (from lower level)
   INV: 0 # Invalidates (from upper level)
   INVX: 0 # Downgrades (from upper level)
   FWD: 0 # Forwards (from upper level)
   latGETnl: 474738 # GET request latency on next level
   latGETnet: 0 # GET request latency on network to next level
  l1i-4: # Filter cache stats
   fhGETS: 112021675 # Filtered GETS hits
   fhGETX: 0 # Filtered GETX hits
   hGETS: 1226464 # GETS hits
   hGETX: 0 # GETX hits
   mGETS: 45449 # GETS misses
   mGETXIM: 0 # GETX I->M misses
   mGETXSM: 0 # GETX S->M misses (upgrade misses)
   PUTS: 0 # Clean evictions (from lower level)
   PUTX: 0 # Dirty evictions (from lower level)
   INV: 0 # Invalidates (from upper level)
   INVX: 0 # Downgrades (from upper level)
   FWD: 0 # Forwards (from upper level)
   latGETnl: 471806 # GET request latency on next level
   latGETnet: 0 # GET request latency on network to next level
  l1i-5: # Filter cache stats
   fhGETS: 112021052 # Filtered GETS hits
   fhGETX: 0 # Filtered GETX hits
   hGETS: 1226464 # GETS hits
   hGETX: 0 # GETX hits
   mGETS: 45450 # GETS misses
   mGETXIM: 0 # GETX I->M misses
   mGETXSM: 0 # GETX S->M misses (upgrade misses)
   PUTS: 0 # Clean evictions (from lower level)
   PUTX: 0 # Dirty evictions (from lower level)
   INV: 0 # Invalidates (from upper level)
   INVX: 0 # Downgrades (from upper level)
   FWD: 0 # Forwards (from upper level)
   latGETnl: 473028 # GET request latency on next level
   latGETnet: 0 # GET request latency on network to next level
  l1i-6: # Filter cache stats
   fhGETS: 112020430 # Filtered GETS hits
   fhGETX: 0 # Filtered GETX hits
   hGETS: 1226461 # GETS hits
   hGETX: 0 # GETX hits
   mGETS: 45452 # GETS misses
   mGETXIM: 0 # GETX I->M misses
   mGETXSM: 0 # GETX S->M misses (upgrade misses)
   PUTS: 0 # Clean evictions (from lower level)
   PUTX: 0 # Dirty evictions (from lower level)
   INV: 0 # Invalidates (from upper level)
   INVX: 0 # Downgrades (from upper level)
   FWD: 0 # Forwards (from upper level)
   latGETnl: 476066 # GET request latency on next level
   latGETnet: 0 # GET request latency on network to next level
  l1i-7: # Filter cache stats
   fhGETS: 112020904 # Filtered GETS hits
   fhGETX: 0 # Filtered GETX hits
   hGETS: 1226463 # GETS hits
   hGETX: 0 # GETX hits
   mGETS: 45453 # GETS misses
   mGETXIM: 0 # GETX I->M misses
   mGETXSM: 0 # GETX S->M misses (upgrade misses)
   PUTS: 0 # Clean evictions (from lower level)
   PUTX: 0 # Dirty evictions (from lower level)
   INV: 0 # Invalidates (from upper level)
   INVX: 0 # Downgrades (from upper level)
   FWD: 0 # Forwards (from upper level)
   latGETnl: 476598 # GET request latency on next level
   latGETnet: 0 # GET request latency on network to next level
 l1d: # Cache stats
  l1d-0: # Filter cache stats
   fhGETS: 161017436 # Filtered GETS hits
   fhGETX: 38009915 # Filtered GETX hits
   hGETS: 11047211 # GETS hits
   hGETX: 11693538 # GETX hits
   mGETS: 1338252 # GETS misses
   mGETXIM: 1101267 # GETX I->M misses
   mGETXSM: 16 # GETX S->M misses (upgrade misses)
   PUTS: 0 # Clean evictions (from lower level)
   PUTX: 0 # Dirty evictions (from lower level)
   INV: 45 # Invalidates (from upper level)
   INVX: 38 # Downgrades (from upper level)
   FWD: 0 # Forwards (from upper level)
   latGETnl: 24566297 # GET request latency on next level
   latGETnet: 0 # GET request latency on network to next level
  l1d-1: # Filter cache stats
   fhGETS: 157439023 # Filtered GETS hits
   fhGETX: 37690853 # Filtered GETX hits
   hGETS: 14626500 # GETS hits
   hGETX: 12014756 # GETX hits
   mGETS: 1339853 # GETS misses
   mGETXIM: 1098470 # GETX I->M misses
   mGETXSM: 3 # GETX S->M misses (upgrade misses)
   PUTS: 0 # Clean evictions (from lower level)
   PUTX: 0 # Dirty evictions (from lower level)
   INV: 10 # Invalidates (from upper level)
   INVX: 83 # Downgrades (from upper level)
   FWD: 0 # Forwards (from upper level)
   latGETnl: 24543205 # GET request latency on next level
   latGETnet: 0 # GET request latency on network to next level
  l1d-2: # Filter cache stats
   fhGETS: 160815169 # Filtered GETS hits
   fhGETX: 38009305 # Filtered GETX hits
   hGETS: 11251157 # GETS hits
   hGETX: 11688615 # GETX hits
   mGETS: 1338579 # GETS misses
   mGETXIM: 1106076 # GETX I->M misses
   mGETXSM: 6 # GETX S->M misses (upgrade misses)
   PUTS: 0 # Clean evictions (from lower level)
   PUTX: 0 # Dirty evictions (from lower level)
   INV: 8 # Invalidates (from upper level)
   INVX: 86 # Downgrades (from upper level)
   FWD: 0 # Forwards (from upper level)
   latGETnl: 24607189 # GET request latency on next level
   latGETnet: 0 # GET request latency on network to next level
  l1d-3: # Filter cache stats
   fhGETS: 160837306 # Filtered GETS hits
   fhGETX: 38008708 # Filtered GETX hits
   hGETS: 11232491 # GETS hits
   hGETX: 11690754 # GETX hits
   mGETS: 1336334 # GETS misses
   mGETXIM: 1104752 # GETX I->M misses
   mGETXSM: 6 # GETX S->M misses (upgrade misses)
   PUTS: 0 # Clean evictions (from lower level)
   PUTX: 0 # Dirty evictions (from lower level)
   INV: 8 # Invalidates (from upper level)
   INVX: 32 # Downgrades (from upper level)
   FWD: 0 # Forwards (from upper level)
   latGETnl: 24566133 # GET request latency on next level
   latGETnet: 0 # GET request latency on network to next level
  l1d-4: # Filter cache stats
   fhGETS: 160735250 # Filtered GETS hits
   fhGETX: 38014581 # Filtered GETX hits
   hGETS: 11334167 # GETS hits
   hGETX: 11677258 # GETX hits
   mGETS: 1337227 # GETS misses
   mGETXIM: 1112477 # GETX I->M misses
   mGETXSM: 6 # GETX S->M misses (upgrade misses)
   PUTS: 0 # Clean evictions (from lower level)
   PUTX: 0 # Dirty evictions (from lower level)
   INV: 8 # Invalidates (from upper level)
   INVX: 57 # Downgrades (from upper level)
   FWD: 0 # Forwards (from upper level)
   latGETnl: 24654915 # GET request latency on next level
   latGETnet: 0 # GET request latency on network to next level
  l1d-5: # Filter cache stats
   fhGETS: 159021586 # Filtered GETS hits
   fhGETX: 37999760 # Filtered GETX hits
   hGETS: 13044796 # GETS hits
   hGETX: 11696623 # GETX hits
   mGETS: 1339464 # GETS misses
   mGETXIM: 1107778 # GETX I->M misses
   mGETXSM: 6 # GETX S->M misses (upgrade misses)
   PUTS: 0 # Clean evictions (from lower level)
   PUTX: 0 # Dirty evictions (from lower level)
   INV: 9 # Invalidates (from upper level)
   INVX: 51 # Downgrades (from upper level)
   FWD: 0 # Forwards (from upper level)
   latGETnl: 24629768 # GET request latency on next level
   latGETnet: 0 # GET request latency on network to next level
  l1d-6: # Filter cache stats
   fhGETS: 156199925 # Filtered GETS hits
   fhGETX: 37773060 # Filtered GETX hits
   hGETS: 15865389 # GETS hits
   hGETX: 11930815 # GETX hits
   mGETS: 1339711 # GETS misses
   mGETXIM: 1100138 # GETX I->M misses
   mGETXSM: 6 # GETX S->M misses (upgrade misses)
   PUTS: 0 # Clean evictions (from lower level)
   PUTX: 0 # Dirty evictions (from lower level)
   INV: 7 # Invalidates (from upper level)
   INVX: 63 # Downgrades (from upper level)
   FWD: 0 # Forwards (from upper level)
   latGETnl: 24556672 # GET request latency on next level
   latGETnet: 0 # GET request latency on network to next level
  l1d-7: # Filter cache stats
   fhGETS: 160739786 # Filtered GETS hits
   fhGETX: 37998642 # Filtered GETX hits
   hGETS: 11329018 # GETS hits
   hGETX: 11698980 # GETX hits
   mGETS: 1336824 # GETS misses
   mGETXIM: 1106510 # GETX I->M misses
   mGETXSM: 6 # GETX S->M misses (upgrade misses)
   PUTS: 0 # Clean evictions (from lower level)
   PUTX: 0 # Dirty evictions (from lower level)
   INV: 5 # Invalidates (from upper level)
   INVX: 46 # Downgrades (from upper level)
   FWD: 0 # Forwards (from upper level)
   latGETnl: 24589858 # GET request latency on next level
   latGETnet: 0 # GET request latency on network to next level
 l2: # Cache stats
  l2-0: # Cache stats
   hGETS: 1382519 # GETS hits
   hGETX: 1100045 # GETX hits
   mGETS: 1261 # GETS misses
   mGETXIM: 1222 # GETX I->M misses
   mGETXSM: 16 # GETX S->M misses (upgrade misses)
   PUTS: 1193587 # Clean evictions (from lower level)
   PUTX: 1290410 # Dirty evictions (from lower level)
   INV: 45 # Invalidates (from upper level)
   INVX: 39 # Downgrades (from upper level)
   FWD: 0 # Forwards (from upper level)
   latGETnl: 196645 # GET request latency on next level
   latGETnet: 0 # GET request latency on network to next level
  l2-1: # Cache stats
   hGETS: 1384139 # GETS hits
   hGETX: 1097374 # GETX hits
   mGETS: 1162 # GETS misses
   mGETXIM: 1096 # GETX I->M misses
   mGETXSM: 3 # GETX S->M misses (upgrade misses)
   PUTS: 1194614 # Clean evictions (from lower level)
   PUTX: 1288153 # Dirty evictions (from lower level)
   INV: 10 # Invalidates (from upper level)
   INVX: 83 # Downgrades (from upper level)
   FWD: 0 # Forwards (from upper level)
   latGETnl: 193479 # GET request latency on next level
   latGETnet: 0 # GET request latency on network to next level
  l2-2: # Cache stats
   hGETS: 1382860 # GETS hits
   hGETX: 1104980 # GETX hits
   mGETS: 1163 # GETS misses
   mGETXIM: 1096 # GETX I->M misses
   mGETXSM: 6 # GETX S->M misses (upgrade misses)
   PUTS: 1192062 # Clean evictions (from lower level)
   PUTX: 1297036 # Dirty evictions (from lower level)
   INV: 8 # Invalidates (from upper level)
   INVX: 86 # Downgrades (from upper level)
   FWD: 0 # Forwards (from upper level)
   latGETnl: 181471 # GET request latency on next level
   latGETnet: 0 # GET request latency on network to next level
  l2-3: # Cache stats
   hGETS: 1380622 # GETS hits
   hGETX: 1103656 # GETX hits
   mGETS: 1162 # GETS misses
   mGETXIM: 1096 # GETX I->M misses
   mGETXSM: 6 # GETX S->M misses (upgrade misses)
   PUTS: 1191135 # Clean evictions (from lower level)
   PUTX: 1294402 # Dirty evictions (from lower level)
   INV: 8 # Invalidates (from upper level)
   INVX: 32 # Downgrades (from upper level)
   FWD: 0 # Forwards (from upper level)
   latGETnl: 175451 # GET request latency on next level
   latGETnet: 0 # GET request latency on network to next level
  l2-4: # Cache stats
   hGETS: 1381512 # GETS hits
   hGETX: 1111381 # GETX hits
   mGETS: 1164 # GETS misses
   mGETXIM: 1096 # GETX I->M misses
   mGETXSM: 6 # GETX S->M misses (upgrade misses)
   PUTS: 1191202 # Clean evictions (from lower level)
   PUTX: 1302950 # Dirty evictions (from lower level)
   INV: 8 # Invalidates (from upper level)
   INVX: 57 # Downgrades (from upper level)
   FWD: 0 # Forwards (from upper level)
   latGETnl: 175131 # GET request latency on next level
   latGETnet: 0 # GET request latency on network to next level
  l2-5: # Cache stats
   hGETS: 1383751 # GETS hits
   hGETX: 1106682 # GETX hits
   mGETS: 1163 # GETS misses
   mGETXIM: 1096 # GETX I->M misses
   mGETXSM: 6 # GETX S->M misses (upgrade misses)
   PUTS: 1193125 # Clean evictions (from lower level)
   PUTX: 1298567 # Dirty evictions (from lower level)
   INV: 9 # Invalidates (from upper level)
   INVX: 51 # Downgrades (from upper level)
   FWD: 0 # Forwards (from upper level)
   latGETnl: 175816 # GET request latency on next level
   latGETnet: 0 # GET request latency on network to next level
  l2-6: # Cache stats
   hGETS: 1384000 # GETS hits
   hGETX: 1099042 # GETX hits
   mGETS: 1163 # GETS misses
   mGETXIM: 1096 # GETX I->M misses
   mGETXSM: 6 # GETX S->M misses (upgrade misses)
   PUTS: 1192902 # Clean evictions (from lower level)
   PUTX: 1291399 # Dirty evictions (from lower level)
   INV: 7 # Invalidates (from upper level)
   INVX: 63 # Downgrades (from upper level)
   FWD: 0 # Forwards (from upper level)
   latGETnl: 179668 # GET request latency on next level
   latGETnet: 0 # GET request latency on network to next level
  l2-7: # Cache stats
   hGETS: 1381112 # GETS hits
   hGETX: 1105414 # GETX hits
   mGETS: 1165 # GETS misses
   mGETXIM: 1096 # GETX I->M misses
   mGETXSM: 6 # GETX S->M misses (upgrade misses)
   PUTS: 1191268 # Clean evictions (from lower level)
   PUTX: 1296520 # Dirty evictions (from lower level)
   INV: 5 # Invalidates (from upper level)
   INVX: 46 # Downgrades (from upper level)
   FWD: 0 # Forwards (from upper level)
   latGETnl: 178526 # GET request latency on next level
   latGETnet: 0 # GET request latency on network to next level
 l3: # Cache stats
  l3-0b0: # Cache stats
   hGETS: 868 # GETS hits
   hGETX: 6 # GETX hits
   mGETS: 296 # GETS misses
   mGETXIM: 1103 # GETX I->M misses
   mGETXSM: 0 # GETX S->M misses (upgrade misses)
   PUTS: 0 # Clean evictions (from lower level)
   PUTX: 0 # Dirty evictions (from lower level)
   INV: 0 # Invalidates (from upper level)
   INVX: 0 # Downgrades (from upper level)
   FWD: 0 # Forwards (from upper level)
   latGETnl: 125910 # GET request latency on next level
   latGETnet: 0 # GET request latency on network to next level
  l3-0b1: # Cache stats
   hGETS: 904 # GETS hits
   hGETX: 13 # GETX hits
   mGETS: 301 # GETS misses
   mGETXIM: 1089 # GETX I->M misses
   mGETXSM: 0 # GETX S->M misses (upgrade misses)
   PUTS: 1 # Clean evictions (from lower level)
   PUTX: 0 # Dirty evictions (from lower level)
   INV: 0 # Invalidates (from upper level)
   INVX: 0 # Downgrades (from upper level)
   FWD: 0 # Forwards (from upper level)
   latGETnl: 125100 # GET request latency on next level
   latGETnet: 0 # GET request latency on network to next level
  l3-0b2: # Cache stats
   hGETS: 903 # GETS hits
   hGETX: 5 # GETX hits
   mGETS: 282 # GETS misses
   mGETXIM: 1118 # GETX I->M misses
   mGETXSM: 0 # GETX S->M misses (upgrade misses)
   PUTS: 0 # Clean evictions (from lower level)
   PUTX: 0 # Dirty evictions (from lower level)
   INV: 0 # Invalidates (from upper level)
   INVX: 0 # Downgrades (from upper level)
   FWD: 0 # Forwards (from upper level)
   latGETnl: 126000 # GET request latency on next level
   latGETnet: 0 # GET request latency on network to next level
  l3-0b3: # Cache stats
   hGETS: 867 # GETS hits
   hGETX: 11 # GETX hits
   mGETS: 301 # GETS misses
   mGETXIM: 1106 # GETX I->M misses
   mGETXSM: 0 # GETX S->M misses (upgrade misses)
   PUTS: 0 # Clean evictions (from lower level)
   PUTX: 0 # Dirty evictions (from lower level)
   INV: 0 # Invalidates (from upper level)
   INVX: 0 # Downgrades (from upper level)
   FWD: 0 # Forwards (from upper level)
   latGETnl: 126630 # GET request latency on next level
   latGETnet: 0 # GET request latency on network to next level
  l3-0b4: # Cache stats
   hGETS: 844 # GETS hits
   hGETX: 5 # GETX hits
   mGETS: 280 # GETS misses
   mGETXIM: 1123 # GETX I->M misses
   mGETXSM: 0 # GETX S->M misses (upgrade misses)
   PUTS: 0 # Clean evictions (from lower level)
   PUTX: 0 # Dirty evictions (from lower level)
   INV: 0 # Invalidates (from upper level)
   INVX: 0 # Downgrades (from upper level)
   FWD: 0 # Forwards (from upper level)
   latGETnl: 126270 # GET request latency on next level
   latGETnet: 0 # GET request latency on network to next level
  l3-0b5: # Cache stats
   hGETS: 904 # GETS hits
   hGETX: 21 # GETX hits
   mGETS: 299 # GETS misses
   mGETXIM: 1107 # GETX I->M misses
   mGETXSM: 0 # GETX S->M misses (upgrade misses)
   PUTS: 0 # Clean evictions (from lower level)
   PUTX: 0 # Dirty evictions (from lower level)
   INV: 0 # Invalidates (from upper level)
   INVX: 0 # Downgrades (from upper level)
   FWD: 0 # Forwards (from upper level)
   latGETnl: 126540 # GET request latency on next level
   latGETnet: 0 # GET request latency on network to next level
  l3-0b6: # Cache stats
   hGETS: 873 # GETS hits
   hGETX: 10 # GETX hits
   mGETS: 298 # GETS misses
   mGETXIM: 1100 # GETX I->M misses
   mGETXSM: 0 # GETX S->M misses (upgrade misses)
   PUTS: 0 # Clean evictions (from lower level)
   PUTX: 0 # Dirty evictions (from lower level)
   INV: 0 # Invalidates (from upper level)
   INVX: 0 # Downgrades (from upper level)
   FWD: 0 # Forwards (from upper level)
   latGETnl: 125820 # GET request latency on next level
   latGETnet: 0 # GET request latency on network to next level
  l3-0b7: # Cache stats
   hGETS: 886 # GETS hits
   hGETX: 12 # GETX hits
   mGETS: 297 # GETS misses
   mGETXIM: 1120 # GETX I->M misses
   mGETXSM: 0 # GETX S->M misses (upgrade misses)
   PUTS: 0 # Clean evictions (from lower level)
   PUTX: 0 # Dirty evictions (from lower level)
   INV: 0 # Invalidates (from upper level)
   INVX: 0 # Downgrades (from upper level)
   FWD: 0 # Forwards (from upper level)
   latGETnl: 127530 # GET request latency on next level
   latGETnet: 0 # GET request latency on network to next level
 mem: # Memory controller stats
  mem-0: # Memory controller stats
   rd: 2839 # Read requests
   wr: 0 # Write requests
   rdlat: 529876 # Total latency experienced by read requests
   wrlat: 0 # Total latency experienced by write requests
   rdhits: 281 # Read row hits
   wrhits: 0 # Write row hits
   mlh: # latency histogram for memory requests
    0: 0
    1: 0
    2: 0
    3: 0
    4: 0
    5: 0
    6: 0
    7: 0
    8: 0
    9: 0
    10: 0
    11: 17
    12: 34
    13: 1773
    14: 210
    15: 90
    16: 85
    17: 46
    18: 59
    19: 34
    20: 41
    21: 36
    22: 37
    23: 22
    24: 20
    25: 18
    26: 11
    27: 16
    28: 10
    29: 6
    30: 7
    31: 7
    32: 5
    33: 5
    34: 4
    35: 1
    36: 4
    37: 3
    38: 7
    39: 5
    40: 7
    41: 1
    42: 7
    43: 6
    44: 4
    45: 5
    46: 6
    47: 6
    48: 1
    49: 3
    50: 6
    51: 2
    52: 4
    53: 4
    54: 6
    55: 8
    56: 5
    57: 3
    58: 5
    59: 12
    60: 13
    61: 11
    62: 10
    63: 5
    64: 4
    65: 5
    66: 4
    67: 5
    68: 3
    69: 6
    70: 7
    71: 6
    72: 5
    73: 2
    74: 5
    75: 5
    76: 3
    77: 5
    78: 1
    79: 5
    80: 2
    81: 1
    82: 5
    83: 2
    84: 0
    85: 1
    86: 0
    87: 0
    88: 0
    89: 0
    90: 0
    91: 0
    92: 0
    93: 0
    94: 1
    95: 0
    96: 0
    97: 0
    98: 0
    99: 3
  mem-1: # Memory controller stats
   rd: 2790 # Read requests
   wr: 0 # Write requests
   rdlat: 526455 # Total latency experienced by read requests
   wrlat: 0 # Total latency experienced by write requests
   rdhits: 279 # Read row hits
   wrhits: 0 # Write row hits
   mlh: # latency histogram for memory requests
    0: 0
    1: 0
    2: 0
    3: 0
    4: 0
    5: 0
    6: 0
    7: 0
    8: 0
    9: 0
    10: 0
    11: 11
    12: 30
    13: 1742
    14: 238
    15: 98
    16: 78
    17: 46
    18: 36
    19: 28
    20: 33
    21: 33
    22: 27
    23: 15
    24: 16
    25: 20
    26: 13
    27: 7
    28: 8
    29: 8
    30: 8
    31: 6
    32: 6
    33: 5
    34: 6
    35: 4
    36: 6
    37: 3
    38: 3
    39: 2
    40: 2
    41: 2
    42: 6
    43: 9
    44: 6
    45: 0
    46: 6
    47: 6
    48: 3
    49: 7
    50: 4
    51: 4
    52: 6
    53: 14
    54: 9
    55: 11
    56: 15
    57: 12
    58: 10
    59: 10
    60: 7
    61: 8
    62: 9
    63: 9
    64: 11
    65: 11
    66: 10
    67: 6
    68: 4
    69: 1
    70: 3
    71: 3
    72: 5
    73: 7
    74: 4
    75: 0
    76: 0
    77: 1
    78: 1
    79: 2
    80: 2
    81: 0
    82: 3
    83: 2
    84: 0
    85: 0
    86: 1
    87: 1
    88: 1
    89: 0
    90: 0
    91: 0
    92: 0
    93: 0
    94: 0
    95: 0
    96: 0
    97: 0
    98: 0
    99: 0
  mem-2: # Memory controller stats
   rd: 2795 # Read requests
   wr: 0 # Write requests
   rdlat: 501327 # Total latency experienced by read requests
   wrlat: 0 # Total latency experienced by write requests
   rdhits: 304 # Read row hits
   wrhits: 0 # Write row hits
   mlh: # latency histogram for memory requests
    0: 0
    1: 0
    2: 0
    3: 0
    4: 0
    5: 0
    6: 0
    7: 0
    8: 0
    9: 0
    10: 0
    11: 15
    12: 36
    13: 1757
    14: 217
    15: 102
    16: 81
    17: 54
    18: 43
    19: 43
    20: 37
    21: 36
    22: 32
    23: 12
    24: 19
    25: 13
    26: 11
    27: 8
    28: 7
    29: 12
    30: 7
    31: 6
    32: 6
    33: 9
    34: 10
    35: 5
    36: 6
    37: 5
    38: 6
    39: 5
    40: 6
    41: 1
    42: 3
    43: 6
    44: 2
    45: 5
    46: 4
    47: 6
    48: 10
    49: 5
    50: 4
    51: 8
    52: 7
    53: 13
    54: 12
    55: 5
    56: 9
    57: 13
    58: 6
    59: 5
    60: 4
    61: 4
    62: 3
    63: 8
    64: 3
    65: 7
    66: 8
    67: 4
    68: 1
    69: 1
    70: 3
    71: 2
    72: 4
    73: 3
    74: 2
    75: 1
    76: 2
    77: 1
    78: 0
    79: 0
    80: 0
    81: 1
    82: 1
    83: 1
    84: 0
    85: 0
    86: 0
    87: 0
    88: 1
    89: 0
    90: 0
    91: 0
    92: 0
    93: 0
    94: 0
    95: 0
    96: 0
    97: 0
    98: 0
    99: 0
  mem-3: # Memory controller stats
   rd: 2796 # Read requests
   wr: 0 # Write requests
   rdlat: 515840 # Total latency experienced by read requests
   wrlat: 0 # Total latency experienced by write requests
   rdhits: 280 # Read row hits
   wrhits: 0 # Write row hits
   mlh: # latency histogram for memory requests
    0: 0
    1: 0
    2: 0
    3: 0
    4: 0
    5: 0
    6: 0
    7: 0
    8: 0
    9: 0
    10: 0
    11: 10
    12: 30
    13: 1756
    14: 238
    15: 89
    16: 85
    17: 40
    18: 39
    19: 34
    20: 39
    21: 37
    22: 27
    23: 21
    24: 19
    25: 16
    26: 10
    27: 8
    28: 7
    29: 8
    30: 8
    31: 4
    32: 7
    33: 3
    34: 3
    35: 3
    36: 4
    37: 3
    38: 5
    39: 5
    40: 3
    41: 3
    42: 2
    43: 6
    44: 8
    45: 2
    46: 6
    47: 5
    48: 6
    49: 7
    50: 11
    51: 15
    52: 12
    53: 7
    54: 7
    55: 7
    56: 7
    57: 12
    58: 12
    59: 10
    60: 8
    61: 13
    62: 12
    63: 11
    64: 9
    65: 7
    66: 1
    67: 0
    68: 4
    69: 7
    70: 3
    71: 1
    72: 0
    73: 4
    74: 2
    75: 0
    76: 1
    77: 0
    78: 0
    79: 0
    80: 3
    81: 2
    82: 1
    83: 0
    84: 0
    85: 0
    86: 1
    87: 0
    88: 0
    89: 0
    90: 0
    91: 0
    92: 0
    93: 0
    94: 0
    95: 0
    96: 0
    97: 0
    98: 0
    99: 0
 sched: # Scheduler stats
  thCr: 9 # Threads created
  thFn: 0 # Threads finished
  schedEvs: 9 # Schedule events
  waitEvs: 1 # Wait events
  handoffEvs: 0 # Handoff events
  sleepEvs: 0 # Sleep events
  idlePhases: 0 # Phases with no thread active
  idlePeriods: 0 # Periods with no thread active
  occHist: # Occupancy histogram
   0: 0
   1: 0
   2: 1
   3: 0
   4: 0
   5: 0
   6: 0
   7: 0
   8: 40171
  rqSzHist: # Run queue size histogram
   0: 40171
   1: 1
   2: 0
   3: 0
   4: 0
   5: 0
   6: 0
   7: 0
   8: 0
   9: 0
   10: 0
   11: 0
   12: 0
   13: 0
   14: 0
   15: 0
   16: 0
 procCycles: # Per-process unhalted core cycles
  0: 3213700073
  1: 0
  2: 0
  3: 0
  4: 0
  5: 0
  6: 0
  7: 0
  8: 0
  9: 0
  10: 0
  11: 0
  12: 0
  13: 0
  14: 0
  15: 0
  16: 0
  17: 0
  18: 0
  19: 0
  20: 0
  21: 0
  22: 0
  23: 0
  24: 0
  25: 0
  26: 0
  27: 0
  28: 0
  29: 0
  30: 0
  31: 0
  32: 0
  33: 0
  34: 0
  35: 0
  36: 0
  37: 0
  38: 0
  39: 0
  40: 0
  41: 0
  42: 0
  43: 0
  44: 0
  45: 0
  46: 0
  47: 0
  48: 0
  49: 0
  50: 0
  51: 0
  52: 0
  53: 0
  54: 0
  55: 0
  56: 0
  57: 0
  58: 0
  59: 0
  60: 0
  61: 0
  62: 0
  63: 0
 procInstrs: # Per-process instructions
  0: 5000014271
  1: 0
  2: 0
  3: 0
  4: 0
  5: 0
  6: 0
  7: 0
  8: 0
  9: 0
  10: 0
  11: 0
  12: 0
  13: 0
  14: 0
  15: 0
  16: 0
  17: 0
  18: 0
  19: 0
  20: 0
  21: 0
  22: 0
  23: 0
  24: 0
  25: 0
  26: 0
  27: 0
  28: 0
  29: 0
  30: 0
  31: 0
  32: 0
  33: 0
  34: 0
  35: 0
  36: 0
  37: 0
  38: 0
  39: 0
  40: 0
  41: 0
  42: 0
  43: 0
  44: 0
  45: 0
  46: 0
  47: 0
  48: 0
  49: 0
  50: 0
  51: 0
  52: 0
  53: 0
  54: 0
  55: 0
  56: 0
  57: 0
  58: 0
  59: 0
  60: 0
  61: 0
  62: 0
  63: 0
 heartbeats: # Per-process heartbeats
  0: 0
  1: 0
  2: 0
  3: 0
  4: 0
  5: 0
  6: 0
  7: 0
  8: 0
  9: 0
  10: 0
  11: 0
  12: 0
  13: 0
  14: 0
  15: 0
  16: 0
  17: 0
  18: 0
  19: 0
  20: 0
  21: 0
  22: 0
  23: 0
  24: 0
  25: 0
  26: 0
  27: 0
  28: 0
  29: 0
  30: 0
  31: 0
  32: 0
  33: 0
  34: 0
  35: 0
  36: 0
  37: 0
  38: 0
  39: 0
  40: 0
  41: 0
  42: 0
  43: 0
  44: 0
  45: 0
  46: 0
  47: 0
  48: 0
  49: 0
  50: 0
  51: 0
  52: 0
  53: 0
  54: 0
  55: 0
  56: 0
  57: 0
  58: 0
  59: 0
  60: 0
  61: 0
  62: 0
  63: 0
===
