# zsim stats
===
root: # Stats
 contention: # Contention simulation stats
  domain-0: # Domain stats
   time: 231415829 # Weave simulation time
 time: # Simulator time breakdown
  init: 39673207802
  bound: 4725803841
  weave: 347049292
  ff: 0
 trigger: 20000 # Reason for this stats dump
 phase: 11577 # Simulated phases
 westmere: # Core stats
  westmere-0: # Core stats
   cycles: 115770043 # Simulated unhalted cycles
   cCycles: 11302165 # Cycles due to contention stalls
   instrs: 100010312 # Simulated instructions
   uops: 113810362 # Retired micro-ops
   bbls: 14846704 # Basic blocks
   approxInstrs: 596117 # Instrs with approx uop decoding
   mispredBranches: 789667 # Mispredicted branches
   condBranches: 12875739 # conditional branches
 l1i: # Cache stats
  l1i-0: # Filter cache stats
   fhGETS: 19607493 # Filtered GETS hits
   fhGETX: 0 # Filtered GETX hits
   hGETS: 195 # GETS hits
   hGETX: 0 # GETX hits
   mGETS: 774 # GETS misses
   mGETXIM: 0 # GETX I->M misses
   mGETXSM: 0 # GETX S->M misses (upgrade misses)
   PUTS: 0 # Clean evictions (from lower level)
   PUTX: 0 # Dirty evictions (from lower level)
   INV: 743 # Invalidates (from upper level)
   INVX: 0 # Downgrades (from upper level)
   FWD: 0 # Forwards (from upper level)
   latGETnl: 95976 # GET request latency on next level
   latGETnet: 0 # GET request latency on network to next level
 l1d: # Cache stats
  l1d-0: # Filter cache stats
   fhGETS: 25355876 # Filtered GETS hits
   fhGETX: 11427286 # Filtered GETX hits
   hGETS: 1005376 # GETS hits
   hGETX: 1637959 # GETX hits
   mGETS: 1935412 # GETS misses
   mGETXIM: 1093064 # GETX I->M misses
   mGETXSM: 0 # GETX S->M misses (upgrade misses)
   PUTS: 0 # Clean evictions (from lower level)
   PUTX: 0 # Dirty evictions (from lower level)
   INV: 9757 # Invalidates (from upper level)
   INVX: 0 # Downgrades (from upper level)
   FWD: 0 # Forwards (from upper level)
   latGETnl: 115068696 # GET request latency on next level
   latGETnet: 0 # GET request latency on network to next level
 l2: # Cache stats
  l2-0: # Cache stats
   hGETS: 945046 # GETS hits
   hGETX: 120006 # GETX hits
   mGETS: 991140 # GETS misses
   mGETXIM: 973058 # GETX I->M misses
   mGETXSM: 0 # GETX S->M misses (upgrade misses)
   PUTS: 939229 # Clean evictions (from lower level)
   PUTX: 2078978 # Dirty evictions (from lower level)
   INV: 59275 # Invalidates (from upper level)
   INVX: 0 # Downgrades (from upper level)
   FWD: 0 # Forwards (from upper level)
   latGETnl: 84872172 # GET request latency on next level
   latGETnet: 0 # GET request latency on network to next level
 l3: # Cache stats
  l3-0: # Cache stats
   hGETS: 829730 # GETS hits
   hGETX: 715230 # GETX hits
   mGETS: 161410 # GETS misses
   mGETXIM: 257828 # GETX I->M misses
   mGETXSM: 0 # GETX S->M misses (upgrade misses)
   PUTS: 562483 # Clean evictions (from lower level)
   PUTX: 1338349 # Dirty evictions (from lower level)
   INV: 0 # Invalidates (from upper level)
   INVX: 0 # Downgrades (from upper level)
   FWD: 0 # Forwards (from upper level)
   latGETnl: 37731420 # GET request latency on next level
   latGETnet: 0 # GET request latency on network to next level
 mem: # Memory controller stats
  mem-0: # Memory controller stats
   rd: 104430 # Read requests
   wr: 77327 # Write requests
   rdlat: 14245873 # Total latency experienced by read requests
   wrlat: 11186096 # Total latency experienced by write requests
   rdhits: 2244 # Read row hits
   wrhits: 516 # Write row hits
   mlh: # latency histogram for memory requests
    0: 0
    1: 0
    2: 0
    3: 0
    4: 0
    5: 0
    6: 0
    7: 0
    8: 0
    9: 0
    10: 0
    11: 324
    12: 401
    13: 94622
    14: 2206
    15: 1684
    16: 1059
    17: 458
    18: 459
    19: 591
    20: 718
    21: 406
    22: 139
    23: 149
    24: 132
    25: 92
    26: 64
    27: 52
    28: 49
    29: 49
    30: 60
    31: 47
    32: 63
    33: 52
    34: 60
    35: 53
    36: 53
    37: 56
    38: 59
    39: 51
    40: 45
    41: 55
    42: 63
    43: 25
    44: 6
    45: 10
    46: 4
    47: 5
    48: 6
    49: 2
    50: 1
    51: 0
    52: 0
    53: 0
    54: 0
    55: 0
    56: 0
    57: 0
    58: 0
    59: 0
    60: 0
    61: 0
    62: 0
    63: 0
    64: 0
    65: 0
    66: 0
    67: 0
    68: 0
    69: 0
    70: 0
    71: 0
    72: 0
    73: 0
    74: 0
    75: 0
    76: 0
    77: 0
    78: 0
    79: 0
    80: 0
    81: 0
    82: 0
    83: 0
    84: 0
    85: 0
    86: 0
    87: 0
    88: 0
    89: 0
    90: 0
    91: 0
    92: 0
    93: 0
    94: 0
    95: 0
    96: 0
    97: 0
    98: 0
    99: 0
  mem-1: # Memory controller stats
   rd: 104934 # Read requests
   wr: 77781 # Write requests
   rdlat: 14343185 # Total latency experienced by read requests
   wrlat: 11268828 # Total latency experienced by write requests
   rdhits: 2451 # Read row hits
   wrhits: 528 # Write row hits
   mlh: # latency histogram for memory requests
    0: 0
    1: 0
    2: 0
    3: 0
    4: 0
    5: 0
    6: 0
    7: 0
    8: 0
    9: 2
    10: 0
    11: 326
    12: 433
    13: 94847
    14: 2355
    15: 1670
    16: 948
    17: 468
    18: 489
    19: 569
    20: 815
    21: 365
    22: 161
    23: 182
    24: 146
    25: 104
    26: 62
    27: 49
    28: 51
    29: 56
    30: 58
    31: 64
    32: 56
    33: 70
    34: 58
    35: 50
    36: 69
    37: 51
    38: 52
    39: 59
    40: 59
    41: 57
    42: 57
    43: 24
    44: 14
    45: 10
    46: 4
    47: 4
    48: 7
    49: 4
    50: 1
    51: 2
    52: 0
    53: 1
    54: 2
    55: 1
    56: 2
    57: 0
    58: 0
    59: 0
    60: 0
    61: 0
    62: 0
    63: 0
    64: 0
    65: 0
    66: 0
    67: 0
    68: 0
    69: 0
    70: 0
    71: 0
    72: 0
    73: 0
    74: 0
    75: 0
    76: 0
    77: 0
    78: 0
    79: 0
    80: 0
    81: 0
    82: 0
    83: 0
    84: 0
    85: 0
    86: 0
    87: 0
    88: 0
    89: 0
    90: 0
    91: 0
    92: 0
    93: 0
    94: 0
    95: 0
    96: 0
    97: 0
    98: 0
    99: 0
  mem-2: # Memory controller stats
   rd: 105097 # Read requests
   wr: 77694 # Write requests
   rdlat: 14367088 # Total latency experienced by read requests
   wrlat: 11259601 # Total latency experienced by write requests
   rdhits: 2489 # Read row hits
   wrhits: 556 # Write row hits
   mlh: # latency histogram for memory requests
    0: 0
    1: 0
    2: 0
    3: 0
    4: 0
    5: 0
    6: 0
    7: 0
    8: 0
    9: 0
    10: 0
    11: 341
    12: 443
    13: 94927
    14: 2362
    15: 1652
    16: 994
    17: 494
    18: 501
    19: 580
    20: 740
    21: 411
    22: 145
    23: 189
    24: 148
    25: 107
    26: 55
    27: 54
    28: 49
    29: 50
    30: 58
    31: 54
    32: 51
    33: 66
    34: 55
    35: 57
    36: 57
    37: 63
    38: 56
    39: 67
    40: 73
    41: 62
    42: 62
    43: 23
    44: 11
    45: 13
    46: 9
    47: 8
    48: 5
    49: 2
    50: 1
    51: 1
    52: 0
    53: 1
    54: 0
    55: 0
    56: 0
    57: 0
    58: 0
    59: 0
    60: 0
    61: 0
    62: 0
    63: 0
    64: 0
    65: 0
    66: 0
    67: 0
    68: 0
    69: 0
    70: 0
    71: 0
    72: 0
    73: 0
    74: 0
    75: 0
    76: 0
    77: 0
    78: 0
    79: 0
    80: 0
    81: 0
    82: 0
    83: 0
    84: 0
    85: 0
    86: 0
    87: 0
    88: 0
    89: 0
    90: 0
    91: 0
    92: 0
    93: 0
    94: 0
    95: 0
    96: 0
    97: 0
    98: 0
    99: 0
  mem-3: # Memory controller stats
   rd: 104777 # Read requests
   wr: 77615 # Write requests
   rdlat: 14310069 # Total latency experienced by read requests
   wrlat: 11213054 # Total latency experienced by write requests
   rdhits: 2345 # Read row hits
   wrhits: 491 # Write row hits
   mlh: # latency histogram for memory requests
    0: 0
    1: 0
    2: 0
    3: 0
    4: 0
    5: 0
    6: 0
    7: 0
    8: 0
    9: 0
    10: 0
    11: 338
    12: 403
    13: 94932
    14: 2273
    15: 1636
    16: 1034
    17: 425
    18: 494
    19: 568
    20: 717
    21: 377
    22: 152
    23: 162
    24: 133
    25: 86
    26: 51
    27: 50
    28: 46
    29: 54
    30: 49
    31: 57
    32: 63
    33: 50
    34: 53
    35: 64
    36: 67
    37: 66
    38: 55
    39: 76
    40: 59
    41: 56
    42: 55
    43: 30
    44: 5
    45: 17
    46: 7
    47: 9
    48: 1
    49: 4
    50: 0
    51: 3
    52: 0
    53: 0
    54: 0
    55: 0
    56: 0
    57: 0
    58: 0
    59: 0
    60: 0
    61: 0
    62: 0
    63: 0
    64: 0
    65: 0
    66: 0
    67: 0
    68: 0
    69: 0
    70: 0
    71: 0
    72: 0
    73: 0
    74: 0
    75: 0
    76: 0
    77: 0
    78: 0
    79: 0
    80: 0
    81: 0
    82: 0
    83: 0
    84: 0
    85: 0
    86: 0
    87: 0
    88: 0
    89: 0
    90: 0
    91: 0
    92: 0
    93: 0
    94: 0
    95: 0
    96: 0
    97: 0
    98: 0
    99: 0
 sched: # Scheduler stats
  thCr: 1 # Threads created
  thFn: 1 # Threads finished
  schedEvs: 1 # Schedule events
  waitEvs: 0 # Wait events
  handoffEvs: 0 # Handoff events
  sleepEvs: 0 # Sleep events
  idlePhases: 0 # Phases with no thread active
  idlePeriods: 0 # Periods with no thread active
  occHist: # Occupancy histogram
   0: 0
   1: 11577
  rqSzHist: # Run queue size histogram
   0: 11577
   1: 0
   2: 0
   3: 0
   4: 0
   5: 0
   6: 0
   7: 0
   8: 0
   9: 0
   10: 0
   11: 0
   12: 0
   13: 0
   14: 0
   15: 0
   16: 0
 procCycles: # Per-process unhalted core cycles
  0: 115770043
  1: 0
  2: 0
  3: 0
  4: 0
  5: 0
  6: 0
  7: 0
  8: 0
  9: 0
  10: 0
  11: 0
  12: 0
  13: 0
  14: 0
  15: 0
  16: 0
  17: 0
  18: 0
  19: 0
  20: 0
  21: 0
  22: 0
  23: 0
  24: 0
  25: 0
  26: 0
  27: 0
  28: 0
  29: 0
  30: 0
  31: 0
  32: 0
  33: 0
  34: 0
  35: 0
  36: 0
  37: 0
  38: 0
  39: 0
  40: 0
  41: 0
  42: 0
  43: 0
  44: 0
  45: 0
  46: 0
  47: 0
  48: 0
  49: 0
  50: 0
  51: 0
  52: 0
  53: 0
  54: 0
  55: 0
  56: 0
  57: 0
  58: 0
  59: 0
  60: 0
  61: 0
  62: 0
  63: 0
 procInstrs: # Per-process instructions
  0: 100010312
  1: 0
  2: 0
  3: 0
  4: 0
  5: 0
  6: 0
  7: 0
  8: 0
  9: 0
  10: 0
  11: 0
  12: 0
  13: 0
  14: 0
  15: 0
  16: 0
  17: 0
  18: 0
  19: 0
  20: 0
  21: 0
  22: 0
  23: 0
  24: 0
  25: 0
  26: 0
  27: 0
  28: 0
  29: 0
  30: 0
  31: 0
  32: 0
  33: 0
  34: 0
  35: 0
  36: 0
  37: 0
  38: 0
  39: 0
  40: 0
  41: 0
  42: 0
  43: 0
  44: 0
  45: 0
  46: 0
  47: 0
  48: 0
  49: 0
  50: 0
  51: 0
  52: 0
  53: 0
  54: 0
  55: 0
  56: 0
  57: 0
  58: 0
  59: 0
  60: 0
  61: 0
  62: 0
  63: 0
 heartbeats: # Per-process heartbeats
  0: 0
  1: 0
  2: 0
  3: 0
  4: 0
  5: 0
  6: 0
  7: 0
  8: 0
  9: 0
  10: 0
  11: 0
  12: 0
  13: 0
  14: 0
  15: 0
  16: 0
  17: 0
  18: 0
  19: 0
  20: 0
  21: 0
  22: 0
  23: 0
  24: 0
  25: 0
  26: 0
  27: 0
  28: 0
  29: 0
  30: 0
  31: 0
  32: 0
  33: 0
  34: 0
  35: 0
  36: 0
  37: 0
  38: 0
  39: 0
  40: 0
  41: 0
  42: 0
  43: 0
  44: 0
  45: 0
  46: 0
  47: 0
  48: 0
  49: 0
  50: 0
  51: 0
  52: 0
  53: 0
  54: 0
  55: 0
  56: 0
  57: 0
  58: 0
  59: 0
  60: 0
  61: 0
  62: 0
  63: 0
===
