# zsim stats
===
root: # Stats
 contention: # Contention simulation stats
  domain-0: # Domain stats
   time: 4024365585 # Weave simulation time
 time: # Simulator time breakdown
  init: 1101543466
  bound: 221478925159
  weave: 7192850195
  ff: 0
 trigger: 20000 # Reason for this stats dump
 phase: 48175 # Simulated phases
 westmere: # Core stats
  westmere-0: # Core stats
   cycles: 388484015 # Simulated unhalted cycles
   cCycles: 8102241 # Cycles due to contention stalls
   instrs: 642592356 # Simulated instructions
   uops: 748510612 # Retired micro-ops
   bbls: 46435996 # Basic blocks
   approxInstrs: 101444018 # Instrs with approx uop decoding
   mispredBranches: 3277610 # Mispredicted branches
   condBranches: 26127350 # conditional branches
  westmere-1: # Core stats
   cycles: 382389498 # Simulated unhalted cycles
   cCycles: 7035585 # Cycles due to contention stalls
   instrs: 624833968 # Simulated instructions
   uops: 727622019 # Retired micro-ops
   bbls: 45365188 # Basic blocks
   approxInstrs: 98270670 # Instrs with approx uop decoding
   mispredBranches: 3323504 # Mispredicted branches
   condBranches: 25441300 # conditional branches
  westmere-2: # Core stats
   cycles: 387567512 # Simulated unhalted cycles
   cCycles: 8034108 # Cycles due to contention stalls
   instrs: 637761364 # Simulated instructions
   uops: 744280879 # Retired micro-ops
   bbls: 47406630 # Basic blocks
   approxInstrs: 99696160 # Instrs with approx uop decoding
   mispredBranches: 3544428 # Mispredicted branches
   condBranches: 26383911 # conditional branches
  westmere-3: # Core stats
   cycles: 386854298 # Simulated unhalted cycles
   cCycles: 7771814 # Cycles due to contention stalls
   instrs: 635736073 # Simulated instructions
   uops: 739946694 # Retired micro-ops
   bbls: 46316096 # Basic blocks
   approxInstrs: 98404131 # Instrs with approx uop decoding
   mispredBranches: 3283345 # Mispredicted branches
   condBranches: 25964562 # conditional branches
  westmere-4: # Core stats
   cycles: 346052793 # Simulated unhalted cycles
   cCycles: 6811715 # Cycles due to contention stalls
   instrs: 565086253 # Simulated instructions
   uops: 657605686 # Retired micro-ops
   bbls: 40986304 # Basic blocks
   approxInstrs: 88997278 # Instrs with approx uop decoding
   mispredBranches: 2960237 # Mispredicted branches
   condBranches: 22847990 # conditional branches
  westmere-5: # Core stats
   cycles: 419955435 # Simulated unhalted cycles
   cCycles: 9791311 # Cycles due to contention stalls
   instrs: 697246752 # Simulated instructions
   uops: 811070537 # Retired micro-ops
   bbls: 51486175 # Basic blocks
   approxInstrs: 103268673 # Instrs with approx uop decoding
   mispredBranches: 3595633 # Mispredicted branches
   condBranches: 29170926 # conditional branches
  westmere-6: # Core stats
   cycles: 371292313 # Simulated unhalted cycles
   cCycles: 7597313 # Cycles due to contention stalls
   instrs: 607432590 # Simulated instructions
   uops: 707504330 # Retired micro-ops
   bbls: 44619833 # Basic blocks
   approxInstrs: 93464382 # Instrs with approx uop decoding
   mispredBranches: 3196572 # Mispredicted branches
   condBranches: 25016473 # conditional branches
  westmere-7: # Core stats
   cycles: 357853012 # Simulated unhalted cycles
   cCycles: 8360988 # Cycles due to contention stalls
   instrs: 589398863 # Simulated instructions
   uops: 686315289 # Retired micro-ops
   bbls: 43482145 # Basic blocks
   approxInstrs: 89331058 # Instrs with approx uop decoding
   mispredBranches: 3040327 # Mispredicted branches
   condBranches: 24461104 # conditional branches
 l1i: # Cache stats
  l1i-0: # Filter cache stats
   fhGETS: 69237957 # Filtered GETS hits
   fhGETX: 0 # Filtered GETX hits
   hGETS: 9701759 # GETS hits
   hGETX: 0 # GETX hits
   mGETS: 4807815 # GETS misses
   mGETXIM: 0 # GETX I->M misses
   mGETXSM: 0 # GETX S->M misses (upgrade misses)
   PUTS: 0 # Clean evictions (from lower level)
   PUTX: 0 # Dirty evictions (from lower level)
   INV: 7 # Invalidates (from upper level)
   INVX: 0 # Downgrades (from upper level)
   FWD: 0 # Forwards (from upper level)
   latGETnl: 59179314 # GET request latency on next level
   latGETnet: 0 # GET request latency on network to next level
  l1i-1: # Filter cache stats
   fhGETS: 68263934 # Filtered GETS hits
   fhGETX: 0 # Filtered GETX hits
   hGETS: 8711796 # GETS hits
   hGETX: 0 # GETX hits
   mGETS: 5219674 # GETS misses
   mGETXIM: 0 # GETX I->M misses
   mGETXSM: 0 # GETX S->M misses (upgrade misses)
   PUTS: 0 # Clean evictions (from lower level)
   PUTX: 0 # Dirty evictions (from lower level)
   INV: 16 # Invalidates (from upper level)
   INVX: 0 # Downgrades (from upper level)
   FWD: 0 # Forwards (from upper level)
   latGETnl: 63302032 # GET request latency on next level
   latGETnet: 0 # GET request latency on network to next level
  l1i-2: # Filter cache stats
   fhGETS: 71294690 # Filtered GETS hits
   fhGETX: 0 # Filtered GETX hits
   hGETS: 9318905 # GETS hits
   hGETX: 0 # GETX hits
   mGETS: 4678552 # GETS misses
   mGETXIM: 0 # GETX I->M misses
   mGETXSM: 0 # GETX S->M misses (upgrade misses)
   PUTS: 0 # Clean evictions (from lower level)
   PUTX: 0 # Dirty evictions (from lower level)
   INV: 15 # Invalidates (from upper level)
   INVX: 0 # Downgrades (from upper level)
   FWD: 0 # Forwards (from upper level)
   latGETnl: 56321326 # GET request latency on next level
   latGETnet: 0 # GET request latency on network to next level
  l1i-3: # Filter cache stats
   fhGETS: 69245763 # Filtered GETS hits
   fhGETX: 0 # Filtered GETX hits
   hGETS: 9129269 # GETS hits
   hGETX: 0 # GETX hits
   mGETS: 5034219 # GETS misses
   mGETXIM: 0 # GETX I->M misses
   mGETXSM: 0 # GETX S->M misses (upgrade misses)
   PUTS: 0 # Clean evictions (from lower level)
   PUTX: 0 # Dirty evictions (from lower level)
   INV: 23 # Invalidates (from upper level)
   INVX: 0 # Downgrades (from upper level)
   FWD: 0 # Forwards (from upper level)
   latGETnl: 61810896 # GET request latency on next level
   latGETnet: 0 # GET request latency on network to next level
  l1i-4: # Filter cache stats
   fhGETS: 61493014 # Filtered GETS hits
   fhGETX: 0 # Filtered GETX hits
   hGETS: 7839597 # GETS hits
   hGETX: 0 # GETX hits
   mGETS: 4772682 # GETS misses
   mGETXIM: 0 # GETX I->M misses
   mGETXSM: 0 # GETX S->M misses (upgrade misses)
   PUTS: 0 # Clean evictions (from lower level)
   PUTX: 0 # Dirty evictions (from lower level)
   INV: 2 # Invalidates (from upper level)
   INVX: 0 # Downgrades (from upper level)
   FWD: 0 # Forwards (from upper level)
   latGETnl: 57411000 # GET request latency on next level
   latGETnet: 0 # GET request latency on network to next level
  l1i-5: # Filter cache stats
   fhGETS: 76910026 # Filtered GETS hits
   fhGETX: 0 # Filtered GETX hits
   hGETS: 10623916 # GETS hits
   hGETX: 0 # GETX hits
   mGETS: 4586875 # GETS misses
   mGETXIM: 0 # GETX I->M misses
   mGETXSM: 0 # GETX S->M misses (upgrade misses)
   PUTS: 0 # Clean evictions (from lower level)
   PUTX: 0 # Dirty evictions (from lower level)
   INV: 11 # Invalidates (from upper level)
   INVX: 0 # Downgrades (from upper level)
   FWD: 0 # Forwards (from upper level)
   latGETnl: 58347388 # GET request latency on next level
   latGETnet: 0 # GET request latency on network to next level
  l1i-6: # Filter cache stats
   fhGETS: 66650944 # Filtered GETS hits
   fhGETX: 0 # Filtered GETX hits
   hGETS: 8777716 # GETS hits
   hGETX: 0 # GETX hits
   mGETS: 4797725 # GETS misses
   mGETXIM: 0 # GETX I->M misses
   mGETXSM: 0 # GETX S->M misses (upgrade misses)
   PUTS: 0 # Clean evictions (from lower level)
   PUTX: 0 # Dirty evictions (from lower level)
   INV: 34 # Invalidates (from upper level)
   INVX: 0 # Downgrades (from upper level)
   FWD: 0 # Forwards (from upper level)
   latGETnl: 59375204 # GET request latency on next level
   latGETnet: 0 # GET request latency on network to next level
  l1i-7: # Filter cache stats
   fhGETS: 64739862 # Filtered GETS hits
   fhGETX: 0 # Filtered GETX hits
   hGETS: 8739537 # GETS hits
   hGETX: 0 # GETX hits
   mGETS: 4327392 # GETS misses
   mGETXIM: 0 # GETX I->M misses
   mGETXSM: 0 # GETX S->M misses (upgrade misses)
   PUTS: 0 # Clean evictions (from lower level)
   PUTX: 0 # Dirty evictions (from lower level)
   INV: 4 # Invalidates (from upper level)
   INVX: 0 # Downgrades (from upper level)
   FWD: 0 # Forwards (from upper level)
   latGETnl: 52817502 # GET request latency on next level
   latGETnet: 0 # GET request latency on network to next level
 l1d: # Cache stats
  l1d-0: # Filter cache stats
   fhGETS: 142895415 # Filtered GETS hits
   fhGETX: 45028119 # Filtered GETX hits
   hGETS: 26026587 # GETS hits
   hGETX: 6425726 # GETX hits
   mGETS: 4921384 # GETS misses
   mGETXIM: 697334 # GETX I->M misses
   mGETXSM: 990 # GETX S->M misses (upgrade misses)
   PUTS: 0 # Clean evictions (from lower level)
   PUTX: 0 # Dirty evictions (from lower level)
   INV: 998 # Invalidates (from upper level)
   INVX: 12214 # Downgrades (from upper level)
   FWD: 0 # Forwards (from upper level)
   latGETnl: 153395208 # GET request latency on next level
   latGETnet: 0 # GET request latency on network to next level
  l1d-1: # Filter cache stats
   fhGETS: 138243555 # Filtered GETS hits
   fhGETX: 43176105 # Filtered GETX hits
   hGETS: 25373047 # GETS hits
   hGETX: 6176045 # GETX hits
   mGETS: 4956400 # GETS misses
   mGETXIM: 650785 # GETX I->M misses
   mGETXSM: 1006 # GETX S->M misses (upgrade misses)
   PUTS: 0 # Clean evictions (from lower level)
   PUTX: 0 # Dirty evictions (from lower level)
   INV: 1026 # Invalidates (from upper level)
   INVX: 5430 # Downgrades (from upper level)
   FWD: 0 # Forwards (from upper level)
   latGETnl: 140002497 # GET request latency on next level
   latGETnet: 0 # GET request latency on network to next level
  l1d-2: # Filter cache stats
   fhGETS: 139607301 # Filtered GETS hits
   fhGETX: 47563208 # Filtered GETX hits
   hGETS: 24598673 # GETS hits
   hGETX: 6680236 # GETX hits
   mGETS: 4193108 # GETS misses
   mGETXIM: 614157 # GETX I->M misses
   mGETXSM: 1049 # GETX S->M misses (upgrade misses)
   PUTS: 0 # Clean evictions (from lower level)
   PUTX: 0 # Dirty evictions (from lower level)
   INV: 829 # Invalidates (from upper level)
   INVX: 4237 # Downgrades (from upper level)
   FWD: 0 # Forwards (from upper level)
   latGETnl: 134800978 # GET request latency on next level
   latGETnet: 0 # GET request latency on network to next level
  l1d-3: # Filter cache stats
   fhGETS: 139854057 # Filtered GETS hits
   fhGETX: 43923903 # Filtered GETX hits
   hGETS: 26189107 # GETS hits
   hGETX: 6452256 # GETX hits
   mGETS: 4973627 # GETS misses
   mGETXIM: 695311 # GETX I->M misses
   mGETXSM: 3862 # GETX S->M misses (upgrade misses)
   PUTS: 0 # Clean evictions (from lower level)
   PUTX: 0 # Dirty evictions (from lower level)
   INV: 1291 # Invalidates (from upper level)
   INVX: 6014 # Downgrades (from upper level)
   FWD: 0 # Forwards (from upper level)
   latGETnl: 146802867 # GET request latency on next level
   latGETnet: 0 # GET request latency on network to next level
  l1d-4: # Filter cache stats
   fhGETS: 123330843 # Filtered GETS hits
   fhGETX: 39078768 # Filtered GETX hits
   hGETS: 22884050 # GETS hits
   hGETX: 5828606 # GETX hits
   mGETS: 4374735 # GETS misses
   mGETXIM: 601247 # GETX I->M misses
   mGETXSM: 2271 # GETX S->M misses (upgrade misses)
   PUTS: 0 # Clean evictions (from lower level)
   PUTX: 0 # Dirty evictions (from lower level)
   INV: 701 # Invalidates (from upper level)
   INVX: 4099 # Downgrades (from upper level)
   FWD: 0 # Forwards (from upper level)
   latGETnl: 125922349 # GET request latency on next level
   latGETnet: 0 # GET request latency on network to next level
  l1d-5: # Filter cache stats
   fhGETS: 154766314 # Filtered GETS hits
   fhGETX: 48494273 # Filtered GETX hits
   hGETS: 28730342 # GETS hits
   hGETX: 7181466 # GETX hits
   mGETS: 4956926 # GETS misses
   mGETXIM: 692531 # GETX I->M misses
   mGETXSM: 2622 # GETX S->M misses (upgrade misses)
   PUTS: 0 # Clean evictions (from lower level)
   PUTX: 0 # Dirty evictions (from lower level)
   INV: 1236 # Invalidates (from upper level)
   INVX: 9539 # Downgrades (from upper level)
   FWD: 0 # Forwards (from upper level)
   latGETnl: 167391337 # GET request latency on next level
   latGETnet: 0 # GET request latency on network to next level
  l1d-6: # Filter cache stats
   fhGETS: 133781507 # Filtered GETS hits
   fhGETX: 42289023 # Filtered GETX hits
   hGETS: 24761479 # GETS hits
   hGETX: 6314750 # GETX hits
   mGETS: 4520937 # GETS misses
   mGETXIM: 668679 # GETX I->M misses
   mGETXSM: 1191 # GETX S->M misses (upgrade misses)
   PUTS: 0 # Clean evictions (from lower level)
   PUTX: 0 # Dirty evictions (from lower level)
   INV: 1245 # Invalidates (from upper level)
   INVX: 6925 # Downgrades (from upper level)
   FWD: 0 # Forwards (from upper level)
   latGETnl: 140621266 # GET request latency on next level
   latGETnet: 0 # GET request latency on network to next level
  l1d-7: # Filter cache stats
   fhGETS: 131084931 # Filtered GETS hits
   fhGETX: 41453108 # Filtered GETX hits
   hGETS: 23451321 # GETS hits
   hGETX: 5895470 # GETX hits
   mGETS: 4378025 # GETS misses
   mGETXIM: 648415 # GETX I->M misses
   mGETXSM: 3930 # GETX S->M misses (upgrade misses)
   PUTS: 0 # Clean evictions (from lower level)
   PUTX: 0 # Dirty evictions (from lower level)
   INV: 1274 # Invalidates (from upper level)
   INVX: 6143 # Downgrades (from upper level)
   FWD: 0 # Forwards (from upper level)
   latGETnl: 140971579 # GET request latency on next level
   latGETnet: 0 # GET request latency on network to next level
 l2: # Cache stats
  l2-0: # Cache stats
   hGETS: 7632531 # GETS hits
   hGETX: 449794 # GETX hits
   mGETS: 2096668 # GETS misses
   mGETXIM: 247497 # GETX I->M misses
   mGETXSM: 1033 # GETX S->M misses (upgrade misses)
   PUTS: 9499723 # Clean evictions (from lower level)
   PUTX: 924782 # Dirty evictions (from lower level)
   INV: 1596 # Invalidates (from upper level)
   INVX: 75590 # Downgrades (from upper level)
   FWD: 0 # Forwards (from upper level)
   latGETnl: 108299292 # GET request latency on next level
   latGETnet: 0 # GET request latency on network to next level
  l2-1: # Cache stats
   hGETS: 8184174 # GETS hits
   hGETX: 508694 # GETX hits
   mGETS: 1991900 # GETS misses
   mGETXIM: 142028 # GETX I->M misses
   mGETXSM: 1069 # GETX S->M misses (upgrade misses)
   PUTS: 9937229 # Clean evictions (from lower level)
   PUTX: 887566 # Dirty evictions (from lower level)
   INV: 3702 # Invalidates (from upper level)
   INVX: 52803 # Downgrades (from upper level)
   FWD: 0 # Forwards (from upper level)
   latGETnl: 95025879 # GET request latency on next level
   latGETnet: 0 # GET request latency on network to next level
  l2-2: # Cache stats
   hGETS: 7129273 # GETS hits
   hGETX: 403345 # GETX hits
   mGETS: 1742387 # GETS misses
   mGETXIM: 210739 # GETX I->M misses
   mGETXSM: 1122 # GETX S->M misses (upgrade misses)
   PUTS: 8655127 # Clean evictions (from lower level)
   PUTX: 828823 # Dirty evictions (from lower level)
   INV: 1509 # Invalidates (from upper level)
   INVX: 41872 # Downgrades (from upper level)
   FWD: 0 # Forwards (from upper level)
   latGETnl: 96253644 # GET request latency on next level
   latGETnet: 0 # GET request latency on network to next level
  l2-3: # Cache stats
   hGETS: 7936592 # GETS hits
   hGETX: 505166 # GETX hits
   mGETS: 2071254 # GETS misses
   mGETXIM: 190047 # GETX I->M misses
   mGETXSM: 3960 # GETX S->M misses (upgrade misses)
   PUTS: 9768467 # Clean evictions (from lower level)
   PUTX: 932354 # Dirty evictions (from lower level)
   INV: 5386 # Invalidates (from upper level)
   INVX: 47952 # Downgrades (from upper level)
   FWD: 0 # Forwards (from upper level)
   latGETnl: 101543573 # GET request latency on next level
   latGETnet: 0 # GET request latency on network to next level
  l2-4: # Cache stats
   hGETS: 7428270 # GETS hits
   hGETX: 462767 # GETX hits
   mGETS: 1719147 # GETS misses
   mGETXIM: 138400 # GETX I->M misses
   mGETXSM: 2351 # GETX S->M misses (upgrade misses)
   PUTS: 8934701 # Clean evictions (from lower level)
   PUTX: 812237 # Dirty evictions (from lower level)
   INV: 1460 # Invalidates (from upper level)
   INVX: 36230 # Downgrades (from upper level)
   FWD: 0 # Forwards (from upper level)
   latGETnl: 85823999 # GET request latency on next level
   latGETnet: 0 # GET request latency on network to next level
  l2-5: # Cache stats
   hGETS: 7290777 # GETS hits
   hGETX: 415692 # GETX hits
   mGETS: 2253024 # GETS misses
   mGETXIM: 276756 # GETX I->M misses
   mGETXSM: 2705 # GETX S->M misses (upgrade misses)
   PUTS: 9330888 # Clean evictions (from lower level)
   PUTX: 903177 # Dirty evictions (from lower level)
   INV: 3559 # Invalidates (from upper level)
   INVX: 42759 # Downgrades (from upper level)
   FWD: 0 # Forwards (from upper level)
   latGETnl: 123349185 # GET request latency on next level
   latGETnet: 0 # GET request latency on network to next level
  l2-6: # Cache stats
   hGETS: 7294060 # GETS hits
   hGETX: 472630 # GETX hits
   mGETS: 2024602 # GETS misses
   mGETXIM: 195990 # GETX I->M misses
   mGETXSM: 1250 # GETX S->M misses (upgrade misses)
   PUTS: 9104021 # Clean evictions (from lower level)
   PUTX: 881020 # Dirty evictions (from lower level)
   INV: 3134 # Invalidates (from upper level)
   INVX: 47827 # Downgrades (from upper level)
   FWD: 0 # Forwards (from upper level)
   latGETnl: 100111150 # GET request latency on next level
   latGETnet: 0 # GET request latency on network to next level
  l2-7: # Cache stats
   hGETS: 6941144 # GETS hits
   hGETX: 428759 # GETX hits
   mGETS: 1764273 # GETS misses
   mGETXIM: 219605 # GETX I->M misses
   mGETXSM: 3981 # GETX S->M misses (upgrade misses)
   PUTS: 8487177 # Clean evictions (from lower level)
   PUTX: 864354 # Dirty evictions (from lower level)
   INV: 3319 # Invalidates (from upper level)
   INVX: 40643 # Downgrades (from upper level)
   FWD: 0 # Forwards (from upper level)
   latGETnl: 100211461 # GET request latency on next level
   latGETnet: 0 # GET request latency on network to next level
 l3: # Cache stats
  l3-0b0: # Cache stats
   hGETS: 1508814 # GETS hits
   hGETX: 55298 # GETX hits
   mGETS: 394928 # GETS misses
   mGETXIM: 148622 # GETX I->M misses
   mGETXSM: 0 # GETX S->M misses (upgrade misses)
   PUTS: 1819501 # Clean evictions (from lower level)
   PUTX: 278393 # Dirty evictions (from lower level)
   INV: 0 # Invalidates (from upper level)
   INVX: 0 # Downgrades (from upper level)
   FWD: 0 # Forwards (from upper level)
   latGETnl: 48919500 # GET request latency on next level
   latGETnet: 0 # GET request latency on network to next level
  l3-0b1: # Cache stats
   hGETS: 1601090 # GETS hits
   hGETX: 53205 # GETX hits
   mGETS: 394916 # GETS misses
   mGETXIM: 148913 # GETX I->M misses
   mGETXSM: 0 # GETX S->M misses (upgrade misses)
   PUTS: 1913873 # Clean evictions (from lower level)
   PUTX: 275644 # Dirty evictions (from lower level)
   INV: 0 # Invalidates (from upper level)
   INVX: 0 # Downgrades (from upper level)
   FWD: 0 # Forwards (from upper level)
   latGETnl: 48944610 # GET request latency on next level
   latGETnet: 0 # GET request latency on network to next level
  l3-0b2: # Cache stats
   hGETS: 1529950 # GETS hits
   hGETX: 53249 # GETX hits
   mGETS: 394164 # GETS misses
   mGETXIM: 148813 # GETX I->M misses
   mGETXSM: 0 # GETX S->M misses (upgrade misses)
   PUTS: 1840762 # Clean evictions (from lower level)
   PUTX: 276209 # Dirty evictions (from lower level)
   INV: 0 # Invalidates (from upper level)
   INVX: 0 # Downgrades (from upper level)
   FWD: 0 # Forwards (from upper level)
   latGETnl: 48867930 # GET request latency on next level
   latGETnet: 0 # GET request latency on network to next level
  l3-0b3: # Cache stats
   hGETS: 1558684 # GETS hits
   hGETX: 57875 # GETX hits
   mGETS: 394170 # GETS misses
   mGETXIM: 149140 # GETX I->M misses
   mGETXSM: 0 # GETX S->M misses (upgrade misses)
   PUTS: 1867882 # Clean evictions (from lower level)
   PUTX: 282401 # Dirty evictions (from lower level)
   INV: 0 # Invalidates (from upper level)
   INVX: 0 # Downgrades (from upper level)
   FWD: 0 # Forwards (from upper level)
   latGETnl: 48897900 # GET request latency on next level
   latGETnet: 0 # GET request latency on network to next level
  l3-0b4: # Cache stats
   hGETS: 1655268 # GETS hits
   hGETX: 60719 # GETX hits
   mGETS: 395632 # GETS misses
   mGETXIM: 148708 # GETX I->M misses
   mGETXSM: 0 # GETX S->M misses (upgrade misses)
   PUTS: 1960440 # Clean evictions (from lower level)
   PUTX: 291092 # Dirty evictions (from lower level)
   INV: 0 # Invalidates (from upper level)
   INVX: 0 # Downgrades (from upper level)
   FWD: 0 # Forwards (from upper level)
   latGETnl: 48990600 # GET request latency on next level
   latGETnet: 0 # GET request latency on network to next level
  l3-0b5: # Cache stats
   hGETS: 1489257 # GETS hits
   hGETX: 55143 # GETX hits
   mGETS: 394228 # GETS misses
   mGETXIM: 148610 # GETX I->M misses
   mGETXSM: 0 # GETX S->M misses (upgrade misses)
   PUTS: 1799548 # Clean evictions (from lower level)
   PUTX: 277721 # Dirty evictions (from lower level)
   INV: 0 # Invalidates (from upper level)
   INVX: 0 # Downgrades (from upper level)
   FWD: 0 # Forwards (from upper level)
   latGETnl: 48855420 # GET request latency on next level
   latGETnet: 0 # GET request latency on network to next level
  l3-0b6: # Cache stats
   hGETS: 1549259 # GETS hits
   hGETX: 55407 # GETX hits
   mGETS: 394646 # GETS misses
   mGETXIM: 148756 # GETX I->M misses
   mGETXSM: 0 # GETX S->M misses (upgrade misses)
   PUTS: 1857053 # Clean evictions (from lower level)
   PUTX: 281802 # Dirty evictions (from lower level)
   INV: 0 # Invalidates (from upper level)
   INVX: 0 # Downgrades (from upper level)
   FWD: 0 # Forwards (from upper level)
   latGETnl: 48906180 # GET request latency on next level
   latGETnet: 0 # GET request latency on network to next level
  l3-0b7: # Cache stats
   hGETS: 1613737 # GETS hits
   hGETX: 57788 # GETX hits
   mGETS: 394512 # GETS misses
   mGETXIM: 148287 # GETX I->M misses
   mGETXSM: 0 # GETX S->M misses (upgrade misses)
   PUTS: 1920042 # Clean evictions (from lower level)
   PUTX: 285533 # Dirty evictions (from lower level)
   INV: 0 # Invalidates (from upper level)
   INVX: 0 # Downgrades (from upper level)
   FWD: 0 # Forwards (from upper level)
   latGETnl: 48851910 # GET request latency on next level
   latGETnet: 0 # GET request latency on network to next level
 mem: # Memory controller stats
  mem-0: # Memory controller stats
   rd: 1089128 # Read requests
   wr: 372641 # Write requests
   rdlat: 152056720 # Total latency experienced by read requests
   wrlat: 63847612 # Total latency experienced by write requests
   rdhits: 54927 # Read row hits
   wrhits: 1351 # Write row hits
   mlh: # latency histogram for memory requests
    0: 0
    1: 0
    2: 0
    3: 0
    4: 0
    5: 0
    6: 0
    7: 0
    8: 0
    9: 1
    10: 0
    11: 398
    12: 23101
    13: 812658
    14: 137837
    15: 44680
    16: 19304
    17: 16364
    18: 4627
    19: 3963
    20: 3050
    21: 2522
    22: 1888
    23: 2557
    24: 1944
    25: 1767
    26: 516
    27: 625
    28: 482
    29: 521
    30: 615
    31: 671
    32: 764
    33: 669
    34: 626
    35: 672
    36: 659
    37: 667
    38: 687
    39: 685
    40: 658
    41: 648
    42: 650
    43: 412
    44: 241
    45: 158
    46: 190
    47: 248
    48: 205
    49: 81
    50: 41
    51: 27
    52: 12
    53: 11
    54: 6
    55: 4
    56: 0
    57: 5
    58: 5
    59: 1
    60: 3
    61: 1
    62: 1
    63: 0
    64: 0
    65: 0
    66: 0
    67: 0
    68: 0
    69: 0
    70: 0
    71: 0
    72: 0
    73: 0
    74: 0
    75: 0
    76: 0
    77: 0
    78: 0
    79: 0
    80: 0
    81: 0
    82: 0
    83: 0
    84: 0
    85: 0
    86: 0
    87: 0
    88: 0
    89: 0
    90: 0
    91: 0
    92: 0
    93: 0
    94: 0
    95: 0
    96: 0
    97: 0
    98: 0
    99: 0
  mem-1: # Memory controller stats
   rd: 1080541 # Read requests
   wr: 370874 # Write requests
   rdlat: 150793015 # Total latency experienced by read requests
   wrlat: 63385755 # Total latency experienced by write requests
   rdhits: 55092 # Read row hits
   wrhits: 1289 # Write row hits
   mlh: # latency histogram for memory requests
    0: 0
    1: 0
    2: 0
    3: 0
    4: 0
    5: 0
    6: 0
    7: 0
    8: 0
    9: 0
    10: 0
    11: 410
    12: 23203
    13: 804631
    14: 137131
    15: 45269
    16: 19683
    17: 16353
    18: 4603
    19: 3940
    20: 2950
    21: 2422
    22: 1800
    23: 2576
    24: 1923
    25: 1650
    26: 535
    27: 600
    28: 515
    29: 522
    30: 576
    31: 626
    32: 692
    33: 603
    34: 636
    35: 604
    36: 644
    37: 648
    38: 639
    39: 648
    40: 614
    41: 627
    42: 680
    43: 374
    44: 208
    45: 171
    46: 200
    47: 239
    48: 206
    49: 75
    50: 33
    51: 22
    52: 15
    53: 13
    54: 10
    55: 5
    56: 3
    57: 4
    58: 3
    59: 2
    60: 2
    61: 1
    62: 2
    63: 0
    64: 0
    65: 0
    66: 0
    67: 0
    68: 0
    69: 0
    70: 0
    71: 0
    72: 0
    73: 0
    74: 0
    75: 0
    76: 0
    77: 0
    78: 0
    79: 0
    80: 0
    81: 0
    82: 0
    83: 0
    84: 0
    85: 0
    86: 0
    87: 0
    88: 0
    89: 0
    90: 0
    91: 0
    92: 0
    93: 0
    94: 0
    95: 0
    96: 0
    97: 0
    98: 0
    99: 0
  mem-2: # Memory controller stats
   rd: 1084313 # Read requests
   wr: 371456 # Write requests
   rdlat: 151344057 # Total latency experienced by read requests
   wrlat: 63513104 # Total latency experienced by write requests
   rdhits: 55043 # Read row hits
   wrhits: 1341 # Write row hits
   mlh: # latency histogram for memory requests
    0: 0
    1: 0
    2: 0
    3: 0
    4: 0
    5: 0
    6: 0
    7: 0
    8: 0
    9: 0
    10: 1
    11: 416
    12: 23047
    13: 808795
    14: 136906
    15: 44871
    16: 19474
    17: 16540
    18: 4688
    19: 3909
    20: 2862
    21: 2554
    22: 1860
    23: 2586
    24: 1959
    25: 1662
    26: 512
    27: 589
    28: 489
    29: 543
    30: 587
    31: 643
    32: 742
    33: 631
    34: 656
    35: 644
    36: 671
    37: 664
    38: 638
    39: 659
    40: 709
    41: 605
    42: 656
    43: 391
    44: 227
    45: 157
    46: 195
    47: 216
    48: 203
    49: 71
    50: 25
    51: 15
    52: 15
    53: 9
    54: 8
    55: 4
    56: 3
    57: 3
    58: 2
    59: 1
    60: 0
    61: 0
    62: 0
    63: 0
    64: 0
    65: 0
    66: 0
    67: 0
    68: 0
    69: 0
    70: 0
    71: 0
    72: 0
    73: 0
    74: 0
    75: 0
    76: 0
    77: 0
    78: 0
    79: 0
    80: 0
    81: 0
    82: 0
    83: 0
    84: 0
    85: 0
    86: 0
    87: 0
    88: 0
    89: 0
    90: 0
    91: 0
    92: 0
    93: 0
    94: 0
    95: 0
    96: 0
    97: 0
    98: 0
    99: 0
  mem-3: # Memory controller stats
   rd: 1093063 # Read requests
   wr: 371572 # Write requests
   rdlat: 152593539 # Total latency experienced by read requests
   wrlat: 63590421 # Total latency experienced by write requests
   rdhits: 55433 # Read row hits
   wrhits: 1372 # Write row hits
   mlh: # latency histogram for memory requests
    0: 0
    1: 0
    2: 0
    3: 0
    4: 0
    5: 0
    6: 0
    7: 0
    8: 0
    9: 0
    10: 0
    11: 448
    12: 23148
    13: 814364
    14: 138387
    15: 45569
    16: 20058
    17: 16589
    18: 4580
    19: 4121
    20: 2908
    21: 2517
    22: 1849
    23: 2545
    24: 1893
    25: 1752
    26: 538
    27: 576
    28: 541
    29: 535
    30: 595
    31: 585
    32: 737
    33: 687
    34: 665
    35: 651
    36: 651
    37: 737
    38: 647
    39: 613
    40: 646
    41: 621
    42: 653
    43: 457
    44: 245
    45: 175
    46: 198
    47: 222
    48: 189
    49: 62
    50: 32
    51: 20
    52: 14
    53: 13
    54: 10
    55: 7
    56: 3
    57: 0
    58: 5
    59: 0
    60: 4
    61: 0
    62: 1
    63: 0
    64: 0
    65: 0
    66: 0
    67: 0
    68: 0
    69: 0
    70: 0
    71: 0
    72: 0
    73: 0
    74: 0
    75: 0
    76: 0
    77: 0
    78: 0
    79: 0
    80: 0
    81: 0
    82: 0
    83: 0
    84: 0
    85: 0
    86: 0
    87: 0
    88: 0
    89: 0
    90: 0
    91: 0
    92: 0
    93: 0
    94: 0
    95: 0
    96: 0
    97: 0
    98: 0
    99: 0
 sched: # Scheduler stats
  thCr: 78 # Threads created
  thFn: 70 # Threads finished
  schedEvs: 172 # Schedule events
  waitEvs: 24 # Wait events
  handoffEvs: 0 # Handoff events
  sleepEvs: 0 # Sleep events
  idlePhases: 0 # Phases with no thread active
  idlePeriods: 0 # Periods with no thread active
  occHist: # Occupancy histogram
   0: 0
   1: 72
   2: 279
   3: 270
   4: 257
   5: 257
   6: 480
   7: 3429
   8: 43131
  rqSzHist: # Run queue size histogram
   0: 46892
   1: 1283
   2: 0
   3: 0
   4: 0
   5: 0
   6: 0
   7: 0
   8: 0
   9: 0
   10: 0
   11: 0
   12: 0
   13: 0
   14: 0
   15: 0
   16: 0
 procCycles: # Per-process unhalted core cycles
  0: 3040448876
  1: 0
  2: 0
  3: 0
  4: 0
  5: 0
  6: 0
  7: 0
  8: 0
  9: 0
  10: 0
  11: 0
  12: 0
  13: 0
  14: 0
  15: 0
  16: 0
  17: 0
  18: 0
  19: 0
  20: 0
  21: 0
  22: 0
  23: 0
  24: 0
  25: 0
  26: 0
  27: 0
  28: 0
  29: 0
  30: 0
  31: 0
  32: 0
  33: 0
  34: 0
  35: 0
  36: 0
  37: 0
  38: 0
  39: 0
  40: 0
  41: 0
  42: 0
  43: 0
  44: 0
  45: 0
  46: 0
  47: 0
  48: 0
  49: 0
  50: 0
  51: 0
  52: 0
  53: 0
  54: 0
  55: 0
  56: 0
  57: 0
  58: 0
  59: 0
  60: 0
  61: 0
  62: 0
  63: 0
 procInstrs: # Per-process instructions
  0: 5000088219
  1: 0
  2: 0
  3: 0
  4: 0
  5: 0
  6: 0
  7: 0
  8: 0
  9: 0
  10: 0
  11: 0
  12: 0
  13: 0
  14: 0
  15: 0
  16: 0
  17: 0
  18: 0
  19: 0
  20: 0
  21: 0
  22: 0
  23: 0
  24: 0
  25: 0
  26: 0
  27: 0
  28: 0
  29: 0
  30: 0
  31: 0
  32: 0
  33: 0
  34: 0
  35: 0
  36: 0
  37: 0
  38: 0
  39: 0
  40: 0
  41: 0
  42: 0
  43: 0
  44: 0
  45: 0
  46: 0
  47: 0
  48: 0
  49: 0
  50: 0
  51: 0
  52: 0
  53: 0
  54: 0
  55: 0
  56: 0
  57: 0
  58: 0
  59: 0
  60: 0
  61: 0
  62: 0
  63: 0
 heartbeats: # Per-process heartbeats
  0: 0
  1: 0
  2: 0
  3: 0
  4: 0
  5: 0
  6: 0
  7: 0
  8: 0
  9: 0
  10: 0
  11: 0
  12: 0
  13: 0
  14: 0
  15: 0
  16: 0
  17: 0
  18: 0
  19: 0
  20: 0
  21: 0
  22: 0
  23: 0
  24: 0
  25: 0
  26: 0
  27: 0
  28: 0
  29: 0
  30: 0
  31: 0
  32: 0
  33: 0
  34: 0
  35: 0
  36: 0
  37: 0
  38: 0
  39: 0
  40: 0
  41: 0
  42: 0
  43: 0
  44: 0
  45: 0
  46: 0
  47: 0
  48: 0
  49: 0
  50: 0
  51: 0
  52: 0
  53: 0
  54: 0
  55: 0
  56: 0
  57: 0
  58: 0
  59: 0
  60: 0
  61: 0
  62: 0
  63: 0
===
