# zsim stats
===
root: # Stats
 contention: # Contention simulation stats
  domain-0: # Domain stats
   time: 127346498 # Weave simulation time
 time: # Simulator time breakdown
  init: 2192969700747
  bound: 5740545753
  weave: 233479424
  ff: 0
 trigger: 20000 # Reason for this stats dump
 phase: 6747 # Simulated phases
 westmere: # Core stats
  westmere-0: # Core stats
   cycles: 67470041 # Simulated unhalted cycles
   cCycles: 3808434 # Cycles due to contention stalls
   instrs: 100010515 # Simulated instructions
   uops: 118139561 # Retired micro-ops
   bbls: 29506701 # Basic blocks
   approxInstrs: 348272 # Instrs with approx uop decoding
   mispredBranches: 247357 # Mispredicted branches
   condBranches: 21772627 # conditional branches
 l1i: # Cache stats
  l1i-0: # Filter cache stats
   fhGETS: 27452913 # Filtered GETS hits
   fhGETX: 0 # Filtered GETX hits
   hGETS: 2954736 # GETS hits
   hGETX: 0 # GETX hits
   mGETS: 436303 # GETS misses
   mGETXIM: 0 # GETX I->M misses
   mGETXSM: 0 # GETX S->M misses (upgrade misses)
   PUTS: 0 # Clean evictions (from lower level)
   PUTX: 0 # Dirty evictions (from lower level)
   INV: 20 # Invalidates (from upper level)
   INVX: 0 # Downgrades (from upper level)
   FWD: 0 # Forwards (from upper level)
   latGETnl: 5394358 # GET request latency on next level
   latGETnet: 0 # GET request latency on network to next level
 l1d: # Cache stats
  l1d-0: # Filter cache stats
   fhGETS: 25517198 # Filtered GETS hits
   fhGETX: 9598532 # Filtered GETX hits
   hGETS: 4267175 # GETS hits
   hGETX: 1383899 # GETX hits
   mGETS: 1442254 # GETS misses
   mGETXIM: 228206 # GETX I->M misses
   mGETXSM: 0 # GETX S->M misses (upgrade misses)
   PUTS: 0 # Clean evictions (from lower level)
   PUTX: 0 # Dirty evictions (from lower level)
   INV: 2 # Invalidates (from upper level)
   INVX: 0 # Downgrades (from upper level)
   FWD: 0 # Forwards (from upper level)
   latGETnl: 43977756 # GET request latency on next level
   latGETnet: 0 # GET request latency on network to next level
 l2: # Cache stats
  l2-0: # Cache stats
   hGETS: 1677409 # GETS hits
   hGETX: 33878 # GETX hits
   mGETS: 201148 # GETS misses
   mGETXIM: 194328 # GETX I->M misses
   mGETXSM: 0 # GETX S->M misses (upgrade misses)
   PUTS: 1733011 # Clean evictions (from lower level)
   PUTX: 372706 # Dirty evictions (from lower level)
   INV: 0 # Invalidates (from upper level)
   INVX: 0 # Downgrades (from upper level)
   FWD: 0 # Forwards (from upper level)
   latGETnl: 28304484 # GET request latency on next level
   latGETnet: 0 # GET request latency on network to next level
 l3: # Cache stats
  l3-0: # Cache stats
   hGETS: 134348 # GETS hits
   hGETX: 52094 # GETX hits
   mGETS: 66800 # GETS misses
   mGETXIM: 142234 # GETX I->M misses
   mGETXSM: 0 # GETX S->M misses (upgrade misses)
   PUTS: 113716 # Clean evictions (from lower level)
   PUTX: 277664 # Dirty evictions (from lower level)
   INV: 0 # Invalidates (from upper level)
   INVX: 0 # Downgrades (from upper level)
   FWD: 0 # Forwards (from upper level)
   latGETnl: 18813060 # GET request latency on next level
   latGETnet: 0 # GET request latency on network to next level
 mem: # Memory controller stats
  mem-0: # Memory controller stats
   rd: 52276 # Read requests
   wr: 36569 # Write requests
   rdlat: 7061402 # Total latency experienced by read requests
   wrlat: 5724182 # Total latency experienced by write requests
   rdhits: 73 # Read row hits
   wrhits: 48 # Write row hits
   mlh: # latency histogram for memory requests
    0: 0
    1: 0
    2: 0
    3: 0
    4: 0
    5: 0
    6: 0
    7: 0
    8: 0
    9: 0
    10: 0
    11: 6
    12: 7
    13: 48969
    14: 1112
    15: 833
    16: 555
    17: 39
    18: 23
    19: 22
    20: 31
    21: 33
    22: 22
    23: 35
    24: 33
    25: 45
    26: 11
    27: 19
    28: 23
    29: 15
    30: 26
    31: 25
    32: 36
    33: 49
    34: 27
    35: 27
    36: 21
    37: 35
    38: 48
    39: 41
    40: 27
    41: 27
    42: 22
    43: 13
    44: 6
    45: 9
    46: 3
    47: 0
    48: 1
    49: 0
    50: 0
    51: 0
    52: 0
    53: 0
    54: 0
    55: 0
    56: 0
    57: 0
    58: 0
    59: 0
    60: 0
    61: 0
    62: 0
    63: 0
    64: 0
    65: 0
    66: 0
    67: 0
    68: 0
    69: 0
    70: 0
    71: 0
    72: 0
    73: 0
    74: 0
    75: 0
    76: 0
    77: 0
    78: 0
    79: 0
    80: 0
    81: 0
    82: 0
    83: 0
    84: 0
    85: 0
    86: 0
    87: 0
    88: 0
    89: 0
    90: 0
    91: 0
    92: 0
    93: 0
    94: 0
    95: 0
    96: 0
    97: 0
    98: 0
    99: 0
  mem-1: # Memory controller stats
   rd: 52153 # Read requests
   wr: 36758 # Write requests
   rdlat: 7044413 # Total latency experienced by read requests
   wrlat: 5754296 # Total latency experienced by write requests
   rdhits: 54 # Read row hits
   wrhits: 54 # Write row hits
   mlh: # latency histogram for memory requests
    0: 0
    1: 0
    2: 0
    3: 0
    4: 0
    5: 0
    6: 0
    7: 0
    8: 0
    9: 0
    10: 0
    11: 5
    12: 3
    13: 48748
    14: 1136
    15: 871
    16: 583
    17: 56
    18: 27
    19: 37
    20: 18
    21: 18
    22: 36
    23: 37
    24: 56
    25: 28
    26: 16
    27: 13
    28: 17
    29: 18
    30: 29
    31: 30
    32: 34
    33: 35
    34: 35
    35: 29
    36: 31
    37: 45
    38: 27
    39: 26
    40: 18
    41: 32
    42: 26
    43: 13
    44: 11
    45: 2
    46: 2
    47: 1
    48: 2
    49: 0
    50: 1
    51: 0
    52: 0
    53: 1
    54: 0
    55: 0
    56: 0
    57: 0
    58: 0
    59: 0
    60: 0
    61: 0
    62: 0
    63: 0
    64: 0
    65: 0
    66: 0
    67: 0
    68: 0
    69: 0
    70: 0
    71: 0
    72: 0
    73: 0
    74: 0
    75: 0
    76: 0
    77: 0
    78: 0
    79: 0
    80: 0
    81: 0
    82: 0
    83: 0
    84: 0
    85: 0
    86: 0
    87: 0
    88: 0
    89: 0
    90: 0
    91: 0
    92: 0
    93: 0
    94: 0
    95: 0
    96: 0
    97: 0
    98: 0
    99: 0
  mem-2: # Memory controller stats
   rd: 52415 # Read requests
   wr: 36669 # Write requests
   rdlat: 7081132 # Total latency experienced by read requests
   wrlat: 5746065 # Total latency experienced by write requests
   rdhits: 54 # Read row hits
   wrhits: 49 # Write row hits
   mlh: # latency histogram for memory requests
    0: 0
    1: 0
    2: 0
    3: 0
    4: 0
    5: 0
    6: 0
    7: 0
    8: 0
    9: 0
    10: 0
    11: 2
    12: 9
    13: 49133
    14: 1012
    15: 824
    16: 587
    17: 50
    18: 32
    19: 34
    20: 38
    21: 27
    22: 39
    23: 61
    24: 37
    25: 34
    26: 12
    27: 17
    28: 23
    29: 23
    30: 17
    31: 17
    32: 25
    33: 30
    34: 36
    35: 38
    36: 34
    37: 39
    38: 40
    39: 27
    40: 27
    41: 27
    42: 27
    43: 13
    44: 11
    45: 4
    46: 2
    47: 3
    48: 2
    49: 0
    50: 0
    51: 0
    52: 1
    53: 0
    54: 0
    55: 0
    56: 0
    57: 0
    58: 1
    59: 0
    60: 0
    61: 0
    62: 0
    63: 0
    64: 0
    65: 0
    66: 0
    67: 0
    68: 0
    69: 0
    70: 0
    71: 0
    72: 0
    73: 0
    74: 0
    75: 0
    76: 0
    77: 0
    78: 0
    79: 0
    80: 0
    81: 0
    82: 0
    83: 0
    84: 0
    85: 0
    86: 0
    87: 0
    88: 0
    89: 0
    90: 0
    91: 0
    92: 0
    93: 0
    94: 0
    95: 0
    96: 0
    97: 0
    98: 0
    99: 0
  mem-3: # Memory controller stats
   rd: 52190 # Read requests
   wr: 36556 # Write requests
   rdlat: 7046270 # Total latency experienced by read requests
   wrlat: 5723662 # Total latency experienced by write requests
   rdhits: 66 # Read row hits
   wrhits: 48 # Write row hits
   mlh: # latency histogram for memory requests
    0: 0
    1: 0
    2: 0
    3: 0
    4: 0
    5: 0
    6: 0
    7: 0
    8: 0
    9: 0
    10: 0
    11: 5
    12: 4
    13: 48949
    14: 1029
    15: 850
    16: 531
    17: 37
    18: 31
    19: 29
    20: 37
    21: 22
    22: 36
    23: 65
    24: 45
    25: 34
    26: 22
    27: 15
    28: 16
    29: 25
    30: 16
    31: 29
    32: 44
    33: 31
    34: 31
    35: 24
    36: 20
    37: 33
    38: 38
    39: 26
    40: 32
    41: 26
    42: 30
    43: 13
    44: 6
    45: 4
    46: 1
    47: 2
    48: 0
    49: 2
    50: 0
    51: 0
    52: 0
    53: 0
    54: 0
    55: 0
    56: 0
    57: 0
    58: 0
    59: 0
    60: 0
    61: 0
    62: 0
    63: 0
    64: 0
    65: 0
    66: 0
    67: 0
    68: 0
    69: 0
    70: 0
    71: 0
    72: 0
    73: 0
    74: 0
    75: 0
    76: 0
    77: 0
    78: 0
    79: 0
    80: 0
    81: 0
    82: 0
    83: 0
    84: 0
    85: 0
    86: 0
    87: 0
    88: 0
    89: 0
    90: 0
    91: 0
    92: 0
    93: 0
    94: 0
    95: 0
    96: 0
    97: 0
    98: 0
    99: 0
 sched: # Scheduler stats
  thCr: 1 # Threads created
  thFn: 1 # Threads finished
  schedEvs: 1 # Schedule events
  waitEvs: 0 # Wait events
  handoffEvs: 0 # Handoff events
  sleepEvs: 0 # Sleep events
  idlePhases: 0 # Phases with no thread active
  idlePeriods: 0 # Periods with no thread active
  occHist: # Occupancy histogram
   0: 0
   1: 6747
  rqSzHist: # Run queue size histogram
   0: 6747
   1: 0
   2: 0
   3: 0
   4: 0
   5: 0
   6: 0
   7: 0
   8: 0
   9: 0
   10: 0
   11: 0
   12: 0
   13: 0
   14: 0
   15: 0
   16: 0
 procCycles: # Per-process unhalted core cycles
  0: 67470041
  1: 0
  2: 0
  3: 0
  4: 0
  5: 0
  6: 0
  7: 0
  8: 0
  9: 0
  10: 0
  11: 0
  12: 0
  13: 0
  14: 0
  15: 0
  16: 0
  17: 0
  18: 0
  19: 0
  20: 0
  21: 0
  22: 0
  23: 0
  24: 0
  25: 0
  26: 0
  27: 0
  28: 0
  29: 0
  30: 0
  31: 0
  32: 0
  33: 0
  34: 0
  35: 0
  36: 0
  37: 0
  38: 0
  39: 0
  40: 0
  41: 0
  42: 0
  43: 0
  44: 0
  45: 0
  46: 0
  47: 0
  48: 0
  49: 0
  50: 0
  51: 0
  52: 0
  53: 0
  54: 0
  55: 0
  56: 0
  57: 0
  58: 0
  59: 0
  60: 0
  61: 0
  62: 0
  63: 0
 procInstrs: # Per-process instructions
  0: 100010515
  1: 0
  2: 0
  3: 0
  4: 0
  5: 0
  6: 0
  7: 0
  8: 0
  9: 0
  10: 0
  11: 0
  12: 0
  13: 0
  14: 0
  15: 0
  16: 0
  17: 0
  18: 0
  19: 0
  20: 0
  21: 0
  22: 0
  23: 0
  24: 0
  25: 0
  26: 0
  27: 0
  28: 0
  29: 0
  30: 0
  31: 0
  32: 0
  33: 0
  34: 0
  35: 0
  36: 0
  37: 0
  38: 0
  39: 0
  40: 0
  41: 0
  42: 0
  43: 0
  44: 0
  45: 0
  46: 0
  47: 0
  48: 0
  49: 0
  50: 0
  51: 0
  52: 0
  53: 0
  54: 0
  55: 0
  56: 0
  57: 0
  58: 0
  59: 0
  60: 0
  61: 0
  62: 0
  63: 0
 heartbeats: # Per-process heartbeats
  0: 0
  1: 0
  2: 0
  3: 0
  4: 0
  5: 0
  6: 0
  7: 0
  8: 0
  9: 0
  10: 0
  11: 0
  12: 0
  13: 0
  14: 0
  15: 0
  16: 0
  17: 0
  18: 0
  19: 0
  20: 0
  21: 0
  22: 0
  23: 0
  24: 0
  25: 0
  26: 0
  27: 0
  28: 0
  29: 0
  30: 0
  31: 0
  32: 0
  33: 0
  34: 0
  35: 0
  36: 0
  37: 0
  38: 0
  39: 0
  40: 0
  41: 0
  42: 0
  43: 0
  44: 0
  45: 0
  46: 0
  47: 0
  48: 0
  49: 0
  50: 0
  51: 0
  52: 0
  53: 0
  54: 0
  55: 0
  56: 0
  57: 0
  58: 0
  59: 0
  60: 0
  61: 0
  62: 0
  63: 0
===
