# zsim stats
===
root: # Stats
 contention: # Contention simulation stats
  domain-0: # Domain stats
   time: 525283785 # Weave simulation time
 time: # Simulator time breakdown
  init: 582624857982
  bound: 4434701356
  weave: 1040068551
  ff: 0
 trigger: 20000 # Reason for this stats dump
 phase: 12631 # Simulated phases
 westmere: # Core stats
  westmere-0: # Core stats
   cycles: 126311970 # Simulated unhalted cycles
   cCycles: 26182579 # Cycles due to contention stalls
   instrs: 100000838 # Simulated instructions
   uops: 109262770 # Retired micro-ops
   bbls: 5330967 # Basic blocks
   approxInstrs: 0 # Instrs with approx uop decoding
   mispredBranches: 91 # Mispredicted branches
   condBranches: 4634528 # conditional branches
 l1i: # Cache stats
  l1i-0: # Filter cache stats
   fhGETS: 9919563 # Filtered GETS hits
   fhGETX: 0 # Filtered GETX hits
   hGETS: 0 # GETS hits
   hGETX: 0 # GETX hits
   mGETS: 78 # GETS misses
   mGETXIM: 0 # GETX I->M misses
   mGETXSM: 0 # GETX S->M misses (upgrade misses)
   PUTS: 0 # Clean evictions (from lower level)
   PUTX: 0 # Dirty evictions (from lower level)
   INV: 0 # Invalidates (from upper level)
   INVX: 0 # Downgrades (from upper level)
   FWD: 0 # Forwards (from upper level)
   latGETnl: 9672 # GET request latency on next level
   latGETnet: 0 # GET request latency on network to next level
 l1d: # Cache stats
  l1d-0: # Filter cache stats
   fhGETS: 24356172 # Filtered GETS hits
   fhGETX: 6209152 # Filtered GETX hits
   hGETS: 494401 # GETS hits
   hGETX: 686876 # GETX hits
   mGETS: 1454620 # GETS misses
   mGETXIM: 40008 # GETX I->M misses
   mGETXSM: 0 # GETX S->M misses (upgrade misses)
   PUTS: 0 # Clean evictions (from lower level)
   PUTX: 0 # Dirty evictions (from lower level)
   INV: 0 # Invalidates (from upper level)
   INVX: 0 # Downgrades (from upper level)
   FWD: 0 # Forwards (from upper level)
   latGETnl: 185297122 # GET request latency on next level
   latGETnet: 0 # GET request latency on network to next level
 l2: # Cache stats
  l2-0: # Cache stats
   hGETS: 260 # GETS hits
   hGETX: 0 # GETX hits
   mGETS: 1454438 # GETS misses
   mGETXIM: 40008 # GETX I->M misses
   mGETXSM: 0 # GETX S->M misses (upgrade misses)
   PUTS: 867724 # Clean evictions (from lower level)
   PUTX: 626392 # Dirty evictions (from lower level)
   INV: 0 # Invalidates (from upper level)
   INVX: 0 # Downgrades (from upper level)
   FWD: 0 # Forwards (from upper level)
   latGETnl: 170359734 # GET request latency on next level
   latGETnet: 0 # GET request latency on network to next level
 l3: # Cache stats
  l3-0: # Cache stats
   hGETS: 52 # GETS hits
   hGETX: 27 # GETX hits
   mGETS: 1454386 # GETS misses
   mGETXIM: 39981 # GETX I->M misses
   mGETXSM: 0 # GETX S->M misses (upgrade misses)
   PUTS: 866634 # Clean evictions (from lower level)
   PUTX: 623716 # Dirty evictions (from lower level)
   INV: 0 # Invalidates (from upper level)
   INVX: 0 # Downgrades (from upper level)
   FWD: 0 # Forwards (from upper level)
   latGETnl: 134493030 # GET request latency on next level
   latGETnet: 0 # GET request latency on network to next level
 mem: # Memory controller stats
  mem-0: # Memory controller stats
   rd: 445729 # Read requests
   wr: 169619 # Write requests
   rdlat: 60241788 # Total latency experienced by read requests
   wrlat: 28080004 # Total latency experienced by write requests
   rdhits: 2375 # Read row hits
   wrhits: 5168 # Write row hits
   mlh: # latency histogram for memory requests
    0: 0
    1: 0
    2: 0
    3: 0
    4: 0
    5: 0
    6: 0
    7: 0
    8: 0
    9: 0
    10: 0
    11: 0
    12: 0
    13: 419663
    14: 12284
    15: 2563
    16: 1943
    17: 509
    18: 357
    19: 297
    20: 354
    21: 492
    22: 1109
    23: 846
    24: 488
    25: 412
    26: 285
    27: 265
    28: 352
    29: 300
    30: 194
    31: 161
    32: 349
    33: 387
    34: 280
    35: 225
    36: 219
    37: 214
    38: 203
    39: 204
    40: 208
    41: 173
    42: 146
    43: 73
    44: 26
    45: 67
    46: 46
    47: 13
    48: 13
    49: 1
    50: 1
    51: 4
    52: 2
    53: 0
    54: 1
    55: 0
    56: 0
    57: 0
    58: 0
    59: 0
    60: 0
    61: 0
    62: 0
    63: 0
    64: 0
    65: 0
    66: 0
    67: 0
    68: 0
    69: 0
    70: 0
    71: 0
    72: 0
    73: 0
    74: 0
    75: 0
    76: 0
    77: 0
    78: 0
    79: 0
    80: 0
    81: 0
    82: 0
    83: 0
    84: 0
    85: 0
    86: 0
    87: 0
    88: 0
    89: 0
    90: 0
    91: 0
    92: 0
    93: 0
    94: 0
    95: 0
    96: 0
    97: 0
    98: 0
    99: 0
  mem-1: # Memory controller stats
   rd: 293111 # Read requests
   wr: 169665 # Write requests
   rdlat: 39783931 # Total latency experienced by read requests
   wrlat: 27075281 # Total latency experienced by write requests
   rdhits: 2381 # Read row hits
   wrhits: 4496 # Write row hits
   mlh: # latency histogram for memory requests
    0: 0
    1: 0
    2: 0
    3: 0
    4: 0
    5: 0
    6: 0
    7: 0
    8: 0
    9: 0
    10: 0
    11: 0
    12: 0
    13: 263397
    14: 14804
    15: 4538
    16: 2967
    17: 686
    18: 512
    19: 354
    20: 347
    21: 496
    22: 285
    23: 353
    24: 1073
    25: 312
    26: 64
    27: 99
    28: 154
    29: 484
    30: 321
    31: 144
    32: 137
    33: 158
    34: 110
    35: 153
    36: 187
    37: 162
    38: 151
    39: 148
    40: 137
    41: 94
    42: 114
    43: 56
    44: 36
    45: 11
    46: 14
    47: 27
    48: 15
    49: 3
    50: 2
    51: 2
    52: 0
    53: 0
    54: 4
    55: 0
    56: 0
    57: 0
    58: 0
    59: 0
    60: 0
    61: 0
    62: 0
    63: 0
    64: 0
    65: 0
    66: 0
    67: 0
    68: 0
    69: 0
    70: 0
    71: 0
    72: 0
    73: 0
    74: 0
    75: 0
    76: 0
    77: 0
    78: 0
    79: 0
    80: 0
    81: 0
    82: 0
    83: 0
    84: 0
    85: 0
    86: 0
    87: 0
    88: 0
    89: 0
    90: 0
    91: 0
    92: 0
    93: 0
    94: 0
    95: 0
    96: 0
    97: 0
    98: 0
    99: 0
  mem-2: # Memory controller stats
   rd: 309776 # Read requests
   wr: 110095 # Write requests
   rdlat: 41390077 # Total latency experienced by read requests
   wrlat: 16033995 # Total latency experienced by write requests
   rdhits: 2375 # Read row hits
   wrhits: 1030 # Write row hits
   mlh: # latency histogram for memory requests
    0: 0
    1: 0
    2: 0
    3: 0
    4: 0
    5: 0
    6: 0
    7: 0
    8: 0
    9: 0
    10: 0
    11: 0
    12: 1
    13: 302176
    14: 2679
    15: 743
    16: 162
    17: 21
    18: 18
    19: 109
    20: 94
    21: 129
    22: 73
    23: 228
    24: 185
    25: 77
    26: 199
    27: 516
    28: 343
    29: 175
    30: 141
    31: 116
    32: 123
    33: 132
    34: 135
    35: 140
    36: 132
    37: 110
    38: 143
    39: 123
    40: 166
    41: 160
    42: 141
    43: 36
    44: 8
    45: 27
    46: 2
    47: 4
    48: 8
    49: 1
    50: 0
    51: 0
    52: 0
    53: 0
    54: 0
    55: 0
    56: 0
    57: 0
    58: 0
    59: 0
    60: 0
    61: 0
    62: 0
    63: 0
    64: 0
    65: 0
    66: 0
    67: 0
    68: 0
    69: 0
    70: 0
    71: 0
    72: 0
    73: 0
    74: 0
    75: 0
    76: 0
    77: 0
    78: 0
    79: 0
    80: 0
    81: 0
    82: 0
    83: 0
    84: 0
    85: 0
    86: 0
    87: 0
    88: 0
    89: 0
    90: 0
    91: 0
    92: 0
    93: 0
    94: 0
    95: 0
    96: 0
    97: 0
    98: 0
    99: 0
  mem-3: # Memory controller stats
   rd: 445725 # Read requests
   wr: 169723 # Write requests
   rdlat: 60360298 # Total latency experienced by read requests
   wrlat: 28090341 # Total latency experienced by write requests
   rdhits: 2379 # Read row hits
   wrhits: 5311 # Write row hits
   mlh: # latency histogram for memory requests
    0: 0
    1: 0
    2: 0
    3: 0
    4: 0
    5: 0
    6: 0
    7: 0
    8: 0
    9: 0
    10: 0
    11: 0
    12: 0
    13: 424807
    14: 5579
    15: 3475
    16: 1806
    17: 387
    18: 506
    19: 585
    20: 350
    21: 892
    22: 956
    23: 935
    24: 537
    25: 171
    26: 361
    27: 494
    28: 436
    29: 479
    30: 255
    31: 182
    32: 200
    33: 198
    34: 230
    35: 216
    36: 231
    37: 195
    38: 174
    39: 165
    40: 177
    41: 205
    42: 236
    43: 79
    44: 14
    45: 56
    46: 64
    47: 72
    48: 8
    49: 5
    50: 0
    51: 3
    52: 1
    53: 2
    54: 0
    55: 0
    56: 0
    57: 0
    58: 1
    59: 0
    60: 0
    61: 0
    62: 0
    63: 0
    64: 0
    65: 0
    66: 0
    67: 0
    68: 0
    69: 0
    70: 0
    71: 0
    72: 0
    73: 0
    74: 0
    75: 0
    76: 0
    77: 0
    78: 0
    79: 0
    80: 0
    81: 0
    82: 0
    83: 0
    84: 0
    85: 0
    86: 0
    87: 0
    88: 0
    89: 0
    90: 0
    91: 0
    92: 0
    93: 0
    94: 0
    95: 0
    96: 0
    97: 0
    98: 0
    99: 0
 sched: # Scheduler stats
  thCr: 1 # Threads created
  thFn: 1 # Threads finished
  schedEvs: 1 # Schedule events
  waitEvs: 0 # Wait events
  handoffEvs: 0 # Handoff events
  sleepEvs: 0 # Sleep events
  idlePhases: 0 # Phases with no thread active
  idlePeriods: 0 # Periods with no thread active
  occHist: # Occupancy histogram
   0: 0
   1: 12631
  rqSzHist: # Run queue size histogram
   0: 12631
   1: 0
   2: 0
   3: 0
   4: 0
   5: 0
   6: 0
   7: 0
   8: 0
   9: 0
   10: 0
   11: 0
   12: 0
   13: 0
   14: 0
   15: 0
   16: 0
 procCycles: # Per-process unhalted core cycles
  0: 126311970
  1: 0
  2: 0
  3: 0
  4: 0
  5: 0
  6: 0
  7: 0
  8: 0
  9: 0
  10: 0
  11: 0
  12: 0
  13: 0
  14: 0
  15: 0
  16: 0
  17: 0
  18: 0
  19: 0
  20: 0
  21: 0
  22: 0
  23: 0
  24: 0
  25: 0
  26: 0
  27: 0
  28: 0
  29: 0
  30: 0
  31: 0
  32: 0
  33: 0
  34: 0
  35: 0
  36: 0
  37: 0
  38: 0
  39: 0
  40: 0
  41: 0
  42: 0
  43: 0
  44: 0
  45: 0
  46: 0
  47: 0
  48: 0
  49: 0
  50: 0
  51: 0
  52: 0
  53: 0
  54: 0
  55: 0
  56: 0
  57: 0
  58: 0
  59: 0
  60: 0
  61: 0
  62: 0
  63: 0
 procInstrs: # Per-process instructions
  0: 100000838
  1: 0
  2: 0
  3: 0
  4: 0
  5: 0
  6: 0
  7: 0
  8: 0
  9: 0
  10: 0
  11: 0
  12: 0
  13: 0
  14: 0
  15: 0
  16: 0
  17: 0
  18: 0
  19: 0
  20: 0
  21: 0
  22: 0
  23: 0
  24: 0
  25: 0
  26: 0
  27: 0
  28: 0
  29: 0
  30: 0
  31: 0
  32: 0
  33: 0
  34: 0
  35: 0
  36: 0
  37: 0
  38: 0
  39: 0
  40: 0
  41: 0
  42: 0
  43: 0
  44: 0
  45: 0
  46: 0
  47: 0
  48: 0
  49: 0
  50: 0
  51: 0
  52: 0
  53: 0
  54: 0
  55: 0
  56: 0
  57: 0
  58: 0
  59: 0
  60: 0
  61: 0
  62: 0
  63: 0
 heartbeats: # Per-process heartbeats
  0: 0
  1: 0
  2: 0
  3: 0
  4: 0
  5: 0
  6: 0
  7: 0
  8: 0
  9: 0
  10: 0
  11: 0
  12: 0
  13: 0
  14: 0
  15: 0
  16: 0
  17: 0
  18: 0
  19: 0
  20: 0
  21: 0
  22: 0
  23: 0
  24: 0
  25: 0
  26: 0
  27: 0
  28: 0
  29: 0
  30: 0
  31: 0
  32: 0
  33: 0
  34: 0
  35: 0
  36: 0
  37: 0
  38: 0
  39: 0
  40: 0
  41: 0
  42: 0
  43: 0
  44: 0
  45: 0
  46: 0
  47: 0
  48: 0
  49: 0
  50: 0
  51: 0
  52: 0
  53: 0
  54: 0
  55: 0
  56: 0
  57: 0
  58: 0
  59: 0
  60: 0
  61: 0
  62: 0
  63: 0
===
