# zsim stats
===
root: # Stats
 contention: # Contention simulation stats
  domain-0: # Domain stats
   time: 433853980 # Weave simulation time
 time: # Simulator time breakdown
  init: 1692777762638
  bound: 5249954303
  weave: 943886050
  ff: 0
 trigger: 20000 # Reason for this stats dump
 phase: 10477 # Simulated phases
 westmere: # Core stats
  westmere-0: # Core stats
   cycles: 104771305 # Simulated unhalted cycles
   cCycles: 16306296 # Cycles due to contention stalls
   instrs: 100006053 # Simulated instructions
   uops: 132221409 # Retired micro-ops
   bbls: 1458030 # Basic blocks
   approxInstrs: 967607 # Instrs with approx uop decoding
   mispredBranches: 1057 # Mispredicted branches
   condBranches: 120269 # conditional branches
 l1i: # Cache stats
  l1i-0: # Filter cache stats
   fhGETS: 6723674 # Filtered GETS hits
   fhGETX: 0 # Filtered GETX hits
   hGETS: 4029884 # GETS hits
   hGETX: 0 # GETX hits
   mGETS: 53962 # GETS misses
   mGETXIM: 0 # GETX I->M misses
   mGETXSM: 0 # GETX S->M misses (upgrade misses)
   PUTS: 0 # Clean evictions (from lower level)
   PUTX: 0 # Dirty evictions (from lower level)
   INV: 53773 # Invalidates (from upper level)
   INVX: 0 # Downgrades (from upper level)
   FWD: 0 # Forwards (from upper level)
   latGETnl: 6662128 # GET request latency on next level
   latGETnet: 0 # GET request latency on network to next level
 l1d: # Cache stats
  l1d-0: # Filter cache stats
   fhGETS: 37255014 # Filtered GETS hits
   fhGETX: 9673872 # Filtered GETX hits
   hGETS: 4805421 # GETS hits
   hGETX: 1493021 # GETX hits
   mGETS: 761457 # GETS misses
   mGETXIM: 182140 # GETX I->M misses
   mGETXSM: 0 # GETX S->M misses (upgrade misses)
   PUTS: 0 # Clean evictions (from lower level)
   PUTX: 0 # Dirty evictions (from lower level)
   INV: 403271 # Invalidates (from upper level)
   INVX: 0 # Downgrades (from upper level)
   FWD: 0 # Forwards (from upper level)
   latGETnl: 101309620 # GET request latency on next level
   latGETnet: 0 # GET request latency on network to next level
 l2: # Cache stats
  l2-0: # Cache stats
   hGETS: 113372 # GETS hits
   hGETX: 0 # GETX hits
   mGETS: 702047 # GETS misses
   mGETXIM: 182140 # GETX I->M misses
   mGETXSM: 0 # GETX S->M misses (upgrade misses)
   PUTS: 436313 # Clean evictions (from lower level)
   PUTX: 103531 # Dirty evictions (from lower level)
   INV: 672373 # Invalidates (from upper level)
   INVX: 0 # Downgrades (from upper level)
   FWD: 0 # Forwards (from upper level)
   latGETnl: 97996158 # GET request latency on next level
   latGETnet: 0 # GET request latency on network to next level
 l3: # Cache stats
  l3-0: # Timing cache stats
   hGETS: 22927 # GETS hits
   hGETX: 8197 # GETX hits
   mGETS: 679120 # GETS misses
   mGETXIM: 173943 # GETX I->M misses
   mGETXSM: 0 # GETX S->M misses (upgrade misses)
   PUTS: 146444 # Clean evictions (from lower level)
   PUTX: 62709 # Dirty evictions (from lower level)
   INV: 0 # Invalidates (from upper level)
   INVX: 0 # Downgrades (from upper level)
   FWD: 0 # Forwards (from upper level)
   latGETnl: 76775670 # GET request latency on next level
   latGETnet: 0 # GET request latency on network to next level
   occHist: # Occupancy MSHR cycle histogram
    0: 49589291
    1: 23882674
    2: 12759699
    3: 6189002
    4: 4325506
    5: 2413183
    6: 1933360
    7: 860611
    8: 456111
    9: 366228
    10: 1150891
    11: 309421
    12: 114996
    13: 355184
    14: 54497
    15: 6457
    16: 1048
    17: 1170
    18: 306
    19: 54
    20: 25
    21: 14
    22: 140
    23: 3
    24: 129
    25: 0
    26: 0
    27: 0
    28: 0
    29: 0
    30: 0
    31: 0
    32: 0
    33: 0
    34: 0
    35: 0
    36: 0
    37: 0
    38: 0
    39: 0
    40: 0
    41: 0
    42: 0
    43: 0
    44: 0
    45: 0
    46: 0
    47: 0
    48: 0
    49: 0
    50: 0
    51: 0
    52: 0
    53: 0
    54: 0
    55: 0
    56: 0
    57: 0
    58: 0
    59: 0
    60: 0
    61: 0
    62: 0
    63: 0
    64: 0
   latHit: 300494 # Cumulative latency accesses that hit (demand and non-demand)
   latMissResp: 18446744069661721944 # Cumulative latency for miss start to response
   latMiss: 18446744069661760297 # Cumulative latency for miss start to finish (free MSHR)
 mem: # Memory controller stats
  mem-0: # Memory controller stats
   rd: 189196 # Read requests
   wr: 34834 # Write requests
   rdlat: 27002363 # Total latency experienced by read requests
   wrlat: 5851411 # Total latency experienced by write requests
   rdhits: 643 # Read row hits
   wrhits: 427 # Write row hits
   mlh: # latency histogram for memory requests
    0: 0
    1: 0
    2: 0
    3: 0
    4: 0
    5: 0
    6: 0
    7: 0
    8: 0
    9: 0
    10: 0
    11: 58
    12: 92
    13: 136184
    14: 27373
    15: 7066
    16: 2310
    17: 3977
    18: 1571
    19: 1985
    20: 1316
    21: 981
    22: 267
    23: 187
    24: 1336
    25: 2171
    26: 388
    27: 86
    28: 77
    29: 91
    30: 84
    31: 102
    32: 97
    33: 106
    34: 124
    35: 110
    36: 113
    37: 85
    38: 112
    39: 111
    40: 111
    41: 98
    42: 91
    43: 70
    44: 33
    45: 27
    46: 18
    47: 33
    48: 50
    49: 23
    50: 11
    51: 9
    52: 9
    53: 11
    54: 9
    55: 11
    56: 9
    57: 3
    58: 6
    59: 3
    60: 0
    61: 1
    62: 0
    63: 0
    64: 0
    65: 0
    66: 0
    67: 0
    68: 0
    69: 0
    70: 0
    71: 0
    72: 0
    73: 0
    74: 0
    75: 0
    76: 0
    77: 0
    78: 0
    79: 0
    80: 0
    81: 0
    82: 0
    83: 0
    84: 0
    85: 0
    86: 0
    87: 0
    88: 0
    89: 0
    90: 0
    91: 0
    92: 0
    93: 0
    94: 0
    95: 0
    96: 0
    97: 0
    98: 0
    99: 0
  mem-1: # Memory controller stats
   rd: 224826 # Read requests
   wr: 42753 # Write requests
   rdlat: 32466058 # Total latency experienced by read requests
   wrlat: 8576083 # Total latency experienced by write requests
   rdhits: 13854 # Read row hits
   wrhits: 3091 # Write row hits
   mlh: # latency histogram for memory requests
    0: 0
    1: 0
    2: 0
    3: 0
    4: 0
    5: 0
    6: 0
    7: 0
    8: 0
    9: 0
    10: 0
    11: 436
    12: 3338
    13: 150174
    14: 33153
    15: 10733
    16: 5539
    17: 4172
    18: 1617
    19: 2389
    20: 1931
    21: 1049
    22: 2622
    23: 1354
    24: 1377
    25: 2203
    26: 390
    27: 114
    28: 98
    29: 106
    30: 125
    31: 115
    32: 137
    33: 119
    34: 119
    35: 145
    36: 135
    37: 126
    38: 135
    39: 136
    40: 115
    41: 97
    42: 99
    43: 88
    44: 44
    45: 25
    46: 31
    47: 50
    48: 66
    49: 36
    50: 29
    51: 8
    52: 9
    53: 7
    54: 7
    55: 7
    56: 6
    57: 1
    58: 9
    59: 3
    60: 1
    61: 1
    62: 0
    63: 0
    64: 0
    65: 0
    66: 0
    67: 0
    68: 0
    69: 0
    70: 0
    71: 0
    72: 0
    73: 0
    74: 0
    75: 0
    76: 0
    77: 0
    78: 0
    79: 0
    80: 0
    81: 0
    82: 0
    83: 0
    84: 0
    85: 0
    86: 0
    87: 0
    88: 0
    89: 0
    90: 0
    91: 0
    92: 0
    93: 0
    94: 0
    95: 0
    96: 0
    97: 0
    98: 0
    99: 0
  mem-2: # Memory controller stats
   rd: 209919 # Read requests
   wr: 47141 # Write requests
   rdlat: 30493135 # Total latency experienced by read requests
   wrlat: 8827975 # Total latency experienced by write requests
   rdhits: 5670 # Read row hits
   wrhits: 2235 # Write row hits
   mlh: # latency histogram for memory requests
    0: 0
    1: 0
    2: 0
    3: 0
    4: 0
    5: 0
    6: 0
    7: 0
    8: 0
    9: 0
    10: 1
    11: 423
    12: 471
    13: 143685
    14: 28510
    15: 8757
    16: 3700
    17: 4616
    18: 2178
    19: 3610
    20: 3071
    21: 2335
    22: 959
    23: 867
    24: 1495
    25: 2483
    26: 525
    27: 100
    28: 89
    29: 103
    30: 114
    31: 112
    32: 96
    33: 127
    34: 116
    35: 113
    36: 132
    37: 106
    38: 135
    39: 136
    40: 123
    41: 122
    42: 98
    43: 79
    44: 62
    45: 30
    46: 38
    47: 56
    48: 52
    49: 26
    50: 15
    51: 10
    52: 11
    53: 2
    54: 7
    55: 6
    56: 9
    57: 3
    58: 3
    59: 2
    60: 0
    61: 0
    62: 0
    63: 0
    64: 0
    65: 0
    66: 0
    67: 0
    68: 0
    69: 0
    70: 0
    71: 0
    72: 0
    73: 0
    74: 0
    75: 0
    76: 0
    77: 0
    78: 0
    79: 0
    80: 0
    81: 0
    82: 0
    83: 0
    84: 0
    85: 0
    86: 0
    87: 0
    88: 0
    89: 0
    90: 0
    91: 0
    92: 0
    93: 0
    94: 0
    95: 0
    96: 0
    97: 0
    98: 0
    99: 0
  mem-3: # Memory controller stats
   rd: 229112 # Read requests
   wr: 51146 # Write requests
   rdlat: 33038289 # Total latency experienced by read requests
   wrlat: 10081142 # Total latency experienced by write requests
   rdhits: 6623 # Read row hits
   wrhits: 2234 # Write row hits
   mlh: # latency histogram for memory requests
    0: 0
    1: 0
    2: 0
    3: 0
    4: 0
    5: 0
    6: 0
    7: 0
    8: 0
    9: 1
    10: 1
    11: 120
    12: 805
    13: 160738
    14: 30603
    15: 9217
    16: 3975
    17: 4276
    18: 1667
    19: 3658
    20: 3336
    21: 2101
    22: 1675
    23: 307
    24: 1455
    25: 2339
    26: 421
    27: 119
    28: 133
    29: 135
    30: 128
    31: 131
    32: 125
    33: 130
    34: 119
    35: 130
    36: 144
    37: 113
    38: 124
    39: 135
    40: 127
    41: 126
    42: 108
    43: 73
    44: 51
    45: 41
    46: 27
    47: 47
    48: 52
    49: 36
    50: 16
    51: 12
    52: 12
    53: 2
    54: 3
    55: 8
    56: 4
    57: 3
    58: 2
    59: 1
    60: 0
    61: 0
    62: 0
    63: 0
    64: 0
    65: 0
    66: 0
    67: 0
    68: 0
    69: 0
    70: 0
    71: 0
    72: 0
    73: 0
    74: 0
    75: 0
    76: 0
    77: 0
    78: 0
    79: 0
    80: 0
    81: 0
    82: 0
    83: 0
    84: 0
    85: 0
    86: 0
    87: 0
    88: 0
    89: 0
    90: 0
    91: 0
    92: 0
    93: 0
    94: 0
    95: 0
    96: 0
    97: 0
    98: 0
    99: 0
 sched: # Scheduler stats
  thCr: 1 # Threads created
  thFn: 1 # Threads finished
  schedEvs: 1 # Schedule events
  waitEvs: 0 # Wait events
  handoffEvs: 0 # Handoff events
  sleepEvs: 0 # Sleep events
  idlePhases: 0 # Phases with no thread active
  idlePeriods: 0 # Periods with no thread active
  occHist: # Occupancy histogram
   0: 0
   1: 10477
  rqSzHist: # Run queue size histogram
   0: 10477
   1: 0
   2: 0
   3: 0
   4: 0
   5: 0
   6: 0
   7: 0
   8: 0
   9: 0
   10: 0
   11: 0
   12: 0
   13: 0
   14: 0
   15: 0
   16: 0
 procCycles: # Per-process unhalted core cycles
  0: 104771305
  1: 0
  2: 0
  3: 0
  4: 0
  5: 0
  6: 0
  7: 0
  8: 0
  9: 0
  10: 0
  11: 0
  12: 0
  13: 0
  14: 0
  15: 0
  16: 0
  17: 0
  18: 0
  19: 0
  20: 0
  21: 0
  22: 0
  23: 0
  24: 0
  25: 0
  26: 0
  27: 0
  28: 0
  29: 0
  30: 0
  31: 0
  32: 0
  33: 0
  34: 0
  35: 0
  36: 0
  37: 0
  38: 0
  39: 0
  40: 0
  41: 0
  42: 0
  43: 0
  44: 0
  45: 0
  46: 0
  47: 0
  48: 0
  49: 0
  50: 0
  51: 0
  52: 0
  53: 0
  54: 0
  55: 0
  56: 0
  57: 0
  58: 0
  59: 0
  60: 0
  61: 0
  62: 0
  63: 0
 procInstrs: # Per-process instructions
  0: 100006053
  1: 0
  2: 0
  3: 0
  4: 0
  5: 0
  6: 0
  7: 0
  8: 0
  9: 0
  10: 0
  11: 0
  12: 0
  13: 0
  14: 0
  15: 0
  16: 0
  17: 0
  18: 0
  19: 0
  20: 0
  21: 0
  22: 0
  23: 0
  24: 0
  25: 0
  26: 0
  27: 0
  28: 0
  29: 0
  30: 0
  31: 0
  32: 0
  33: 0
  34: 0
  35: 0
  36: 0
  37: 0
  38: 0
  39: 0
  40: 0
  41: 0
  42: 0
  43: 0
  44: 0
  45: 0
  46: 0
  47: 0
  48: 0
  49: 0
  50: 0
  51: 0
  52: 0
  53: 0
  54: 0
  55: 0
  56: 0
  57: 0
  58: 0
  59: 0
  60: 0
  61: 0
  62: 0
  63: 0
 heartbeats: # Per-process heartbeats
  0: 0
  1: 0
  2: 0
  3: 0
  4: 0
  5: 0
  6: 0
  7: 0
  8: 0
  9: 0
  10: 0
  11: 0
  12: 0
  13: 0
  14: 0
  15: 0
  16: 0
  17: 0
  18: 0
  19: 0
  20: 0
  21: 0
  22: 0
  23: 0
  24: 0
  25: 0
  26: 0
  27: 0
  28: 0
  29: 0
  30: 0
  31: 0
  32: 0
  33: 0
  34: 0
  35: 0
  36: 0
  37: 0
  38: 0
  39: 0
  40: 0
  41: 0
  42: 0
  43: 0
  44: 0
  45: 0
  46: 0
  47: 0
  48: 0
  49: 0
  50: 0
  51: 0
  52: 0
  53: 0
  54: 0
  55: 0
  56: 0
  57: 0
  58: 0
  59: 0
  60: 0
  61: 0
  62: 0
  63: 0
===
