# zsim stats
===
root: # Stats
 contention: # Contention simulation stats
  domain-0: # Domain stats
   time: 1079571456 # Weave simulation time
 time: # Simulator time breakdown
  init: 1342863995916
  bound: 6741589703
  weave: 1286696802
  ff: 0
 trigger: 20000 # Reason for this stats dump
 phase: 22628 # Simulated phases
 westmere: # Core stats
  westmere-0: # Core stats
   cycles: 226281259 # Simulated unhalted cycles
   cCycles: 42936368 # Cycles due to contention stalls
   instrs: 100000049 # Simulated instructions
   uops: 109394201 # Retired micro-ops
   bbls: 20124608 # Basic blocks
   approxInstrs: 1763915 # Instrs with approx uop decoding
   mispredBranches: 1071873 # Mispredicted branches
   condBranches: 19085998 # conditional branches
 l1i: # Cache stats
  l1i-0: # Filter cache stats
   fhGETS: 25659736 # Filtered GETS hits
   fhGETX: 0 # Filtered GETX hits
   hGETS: 202929 # GETS hits
   hGETX: 0 # GETX hits
   mGETS: 2283 # GETS misses
   mGETXIM: 0 # GETX I->M misses
   mGETXSM: 0 # GETX S->M misses (upgrade misses)
   PUTS: 0 # Clean evictions (from lower level)
   PUTX: 0 # Dirty evictions (from lower level)
   INV: 9 # Invalidates (from upper level)
   INVX: 0 # Downgrades (from upper level)
   FWD: 0 # Forwards (from upper level)
   latGETnl: 265308 # GET request latency on next level
   latGETnet: 0 # GET request latency on network to next level
 l1d: # Cache stats
  l1d-0: # Filter cache stats
   fhGETS: 22839815 # Filtered GETS hits
   fhGETX: 4071806 # Filtered GETX hits
   hGETS: 2363139 # GETS hits
   hGETX: 2553841 # GETX hits
   mGETS: 3454807 # GETS misses
   mGETXIM: 732614 # GETX I->M misses
   mGETXSM: 0 # GETX S->M misses (upgrade misses)
   PUTS: 0 # Clean evictions (from lower level)
   PUTX: 0 # Dirty evictions (from lower level)
   INV: 0 # Invalidates (from upper level)
   INVX: 0 # Downgrades (from upper level)
   FWD: 0 # Forwards (from upper level)
   latGETnl: 316913268 # GET request latency on next level
   latGETnet: 0 # GET request latency on network to next level
 l2: # Cache stats
  l2-0: # Cache stats
   hGETS: 700387 # GETS hits
   hGETX: 123378 # GETX hits
   mGETS: 2756703 # GETS misses
   mGETXIM: 609236 # GETX I->M misses
   mGETXSM: 0 # GETX S->M misses (upgrade misses)
   PUTS: 2411298 # Clean evictions (from lower level)
   PUTX: 1777377 # Dirty evictions (from lower level)
   INV: 0 # Invalidates (from upper level)
   INVX: 0 # Downgrades (from upper level)
   FWD: 0 # Forwards (from upper level)
   latGETnl: 275281536 # GET request latency on next level
   latGETnet: 0 # GET request latency on network to next level
 l3: # Cache stats
  l3-0: # Cache stats
   hGETS: 999309 # GETS hits
   hGETX: 205530 # GETX hits
   mGETS: 1757394 # GETS misses
   mGETXIM: 403706 # GETX I->M misses
   mGETXSM: 0 # GETX S->M misses (upgrade misses)
   PUTS: 2030625 # Clean evictions (from lower level)
   PUTX: 1331218 # Dirty evictions (from lower level)
   INV: 0 # Invalidates (from upper level)
   INVX: 0 # Downgrades (from upper level)
   FWD: 0 # Forwards (from upper level)
   latGETnl: 194499000 # GET request latency on next level
   latGETnet: 0 # GET request latency on network to next level
 mem: # Memory controller stats
  mem-0: # Memory controller stats
   rd: 539236 # Read requests
   wr: 206445 # Write requests
   rdlat: 73241446 # Total latency experienced by read requests
   wrlat: 30742391 # Total latency experienced by write requests
   rdhits: 12642 # Read row hits
   wrhits: 1304 # Write row hits
   mlh: # latency histogram for memory requests
    0: 0
    1: 0
    2: 0
    3: 0
    4: 0
    5: 0
    6: 0
    7: 0
    8: 0
    9: 0
    10: 0
    11: 509
    12: 565
    13: 480266
    14: 37065
    15: 7393
    16: 2956
    17: 945
    18: 434
    19: 391
    20: 397
    21: 562
    22: 434
    23: 535
    24: 741
    25: 621
    26: 177
    27: 211
    28: 280
    29: 259
    30: 293
    31: 345
    32: 409
    33: 326
    34: 353
    35: 379
    36: 348
    37: 316
    38: 279
    39: 286
    40: 286
    41: 263
    42: 281
    43: 131
    44: 48
    45: 29
    46: 35
    47: 32
    48: 38
    49: 8
    50: 4
    51: 2
    52: 2
    53: 1
    54: 1
    55: 0
    56: 0
    57: 0
    58: 0
    59: 0
    60: 0
    61: 0
    62: 0
    63: 0
    64: 0
    65: 0
    66: 0
    67: 0
    68: 0
    69: 0
    70: 0
    71: 0
    72: 0
    73: 0
    74: 0
    75: 0
    76: 0
    77: 0
    78: 0
    79: 0
    80: 0
    81: 0
    82: 0
    83: 0
    84: 0
    85: 0
    86: 0
    87: 0
    88: 0
    89: 0
    90: 0
    91: 0
    92: 0
    93: 0
    94: 0
    95: 0
    96: 0
    97: 0
    98: 0
    99: 0
  mem-1: # Memory controller stats
   rd: 541709 # Read requests
   wr: 207532 # Write requests
   rdlat: 73597564 # Total latency experienced by read requests
   wrlat: 30962090 # Total latency experienced by write requests
   rdhits: 12455 # Read row hits
   wrhits: 1238 # Write row hits
   mlh: # latency histogram for memory requests
    0: 0
    1: 0
    2: 0
    3: 0
    4: 0
    5: 0
    6: 0
    7: 0
    8: 0
    9: 0
    10: 0
    11: 565
    12: 508
    13: 481624
    14: 37709
    15: 7438
    16: 3115
    17: 1009
    18: 402
    19: 415
    20: 447
    21: 542
    22: 488
    23: 612
    24: 903
    25: 583
    26: 192
    27: 207
    28: 256
    29: 273
    30: 310
    31: 341
    32: 345
    33: 344
    34: 306
    35: 350
    36: 303
    37: 344
    38: 289
    39: 282
    40: 287
    41: 292
    42: 287
    43: 123
    44: 44
    45: 32
    46: 39
    47: 37
    48: 45
    49: 8
    50: 5
    51: 2
    52: 5
    53: 1
    54: 0
    55: 0
    56: 0
    57: 0
    58: 0
    59: 0
    60: 0
    61: 0
    62: 0
    63: 0
    64: 0
    65: 0
    66: 0
    67: 0
    68: 0
    69: 0
    70: 0
    71: 0
    72: 0
    73: 0
    74: 0
    75: 0
    76: 0
    77: 0
    78: 0
    79: 0
    80: 0
    81: 0
    82: 0
    83: 0
    84: 0
    85: 0
    86: 0
    87: 0
    88: 0
    89: 0
    90: 0
    91: 0
    92: 0
    93: 0
    94: 0
    95: 0
    96: 0
    97: 0
    98: 0
    99: 0
  mem-2: # Memory controller stats
   rd: 539184 # Read requests
   wr: 206007 # Write requests
   rdlat: 73232800 # Total latency experienced by read requests
   wrlat: 30663872 # Total latency experienced by write requests
   rdhits: 12496 # Read row hits
   wrhits: 1296 # Write row hits
   mlh: # latency histogram for memory requests
    0: 0
    1: 0
    2: 0
    3: 0
    4: 0
    5: 0
    6: 0
    7: 0
    8: 0
    9: 0
    10: 0
    11: 551
    12: 558
    13: 478391
    14: 39849
    15: 6726
    16: 2876
    17: 890
    18: 288
    19: 307
    20: 400
    21: 503
    22: 424
    23: 519
    24: 1044
    25: 564
    26: 181
    27: 201
    28: 263
    29: 317
    30: 280
    31: 339
    32: 325
    33: 353
    34: 294
    35: 337
    36: 319
    37: 282
    38: 305
    39: 307
    40: 288
    41: 296
    42: 283
    43: 137
    44: 37
    45: 24
    46: 35
    47: 42
    48: 27
    49: 7
    50: 5
    51: 2
    52: 4
    53: 0
    54: 2
    55: 0
    56: 0
    57: 2
    58: 0
    59: 0
    60: 0
    61: 0
    62: 0
    63: 0
    64: 0
    65: 0
    66: 0
    67: 0
    68: 0
    69: 0
    70: 0
    71: 0
    72: 0
    73: 0
    74: 0
    75: 0
    76: 0
    77: 0
    78: 0
    79: 0
    80: 0
    81: 0
    82: 0
    83: 0
    84: 0
    85: 0
    86: 0
    87: 0
    88: 0
    89: 0
    90: 0
    91: 0
    92: 0
    93: 0
    94: 0
    95: 0
    96: 0
    97: 0
    98: 0
    99: 0
  mem-3: # Memory controller stats
   rd: 540965 # Read requests
   wr: 206693 # Write requests
   rdlat: 73489284 # Total latency experienced by read requests
   wrlat: 30814381 # Total latency experienced by write requests
   rdhits: 12561 # Read row hits
   wrhits: 1319 # Write row hits
   mlh: # latency histogram for memory requests
    0: 0
    1: 0
    2: 0
    3: 0
    4: 0
    5: 0
    6: 0
    7: 0
    8: 0
    9: 0
    10: 0
    11: 539
    12: 493
    13: 481858
    14: 37576
    15: 6853
    16: 2901
    17: 1074
    18: 331
    19: 386
    20: 445
    21: 525
    22: 424
    23: 550
    24: 952
    25: 642
    26: 192
    27: 226
    28: 255
    29: 298
    30: 291
    31: 339
    32: 336
    33: 350
    34: 310
    35: 343
    36: 329
    37: 307
    38: 296
    39: 306
    40: 289
    41: 325
    42: 268
    43: 131
    44: 39
    45: 32
    46: 48
    47: 46
    48: 37
    49: 5
    50: 12
    51: 3
    52: 1
    53: 1
    54: 0
    55: 1
    56: 0
    57: 0
    58: 0
    59: 0
    60: 0
    61: 0
    62: 0
    63: 0
    64: 0
    65: 0
    66: 0
    67: 0
    68: 0
    69: 0
    70: 0
    71: 0
    72: 0
    73: 0
    74: 0
    75: 0
    76: 0
    77: 0
    78: 0
    79: 0
    80: 0
    81: 0
    82: 0
    83: 0
    84: 0
    85: 0
    86: 0
    87: 0
    88: 0
    89: 0
    90: 0
    91: 0
    92: 0
    93: 0
    94: 0
    95: 0
    96: 0
    97: 0
    98: 0
    99: 0
 sched: # Scheduler stats
  thCr: 1 # Threads created
  thFn: 1 # Threads finished
  schedEvs: 1 # Schedule events
  waitEvs: 0 # Wait events
  handoffEvs: 0 # Handoff events
  sleepEvs: 0 # Sleep events
  idlePhases: 0 # Phases with no thread active
  idlePeriods: 0 # Periods with no thread active
  occHist: # Occupancy histogram
   0: 0
   1: 22628
  rqSzHist: # Run queue size histogram
   0: 22628
   1: 0
   2: 0
   3: 0
   4: 0
   5: 0
   6: 0
   7: 0
   8: 0
   9: 0
   10: 0
   11: 0
   12: 0
   13: 0
   14: 0
   15: 0
   16: 0
 procCycles: # Per-process unhalted core cycles
  0: 226281259
  1: 0
  2: 0
  3: 0
  4: 0
  5: 0
  6: 0
  7: 0
  8: 0
  9: 0
  10: 0
  11: 0
  12: 0
  13: 0
  14: 0
  15: 0
  16: 0
  17: 0
  18: 0
  19: 0
  20: 0
  21: 0
  22: 0
  23: 0
  24: 0
  25: 0
  26: 0
  27: 0
  28: 0
  29: 0
  30: 0
  31: 0
  32: 0
  33: 0
  34: 0
  35: 0
  36: 0
  37: 0
  38: 0
  39: 0
  40: 0
  41: 0
  42: 0
  43: 0
  44: 0
  45: 0
  46: 0
  47: 0
  48: 0
  49: 0
  50: 0
  51: 0
  52: 0
  53: 0
  54: 0
  55: 0
  56: 0
  57: 0
  58: 0
  59: 0
  60: 0
  61: 0
  62: 0
  63: 0
 procInstrs: # Per-process instructions
  0: 100000049
  1: 0
  2: 0
  3: 0
  4: 0
  5: 0
  6: 0
  7: 0
  8: 0
  9: 0
  10: 0
  11: 0
  12: 0
  13: 0
  14: 0
  15: 0
  16: 0
  17: 0
  18: 0
  19: 0
  20: 0
  21: 0
  22: 0
  23: 0
  24: 0
  25: 0
  26: 0
  27: 0
  28: 0
  29: 0
  30: 0
  31: 0
  32: 0
  33: 0
  34: 0
  35: 0
  36: 0
  37: 0
  38: 0
  39: 0
  40: 0
  41: 0
  42: 0
  43: 0
  44: 0
  45: 0
  46: 0
  47: 0
  48: 0
  49: 0
  50: 0
  51: 0
  52: 0
  53: 0
  54: 0
  55: 0
  56: 0
  57: 0
  58: 0
  59: 0
  60: 0
  61: 0
  62: 0
  63: 0
 heartbeats: # Per-process heartbeats
  0: 0
  1: 0
  2: 0
  3: 0
  4: 0
  5: 0
  6: 0
  7: 0
  8: 0
  9: 0
  10: 0
  11: 0
  12: 0
  13: 0
  14: 0
  15: 0
  16: 0
  17: 0
  18: 0
  19: 0
  20: 0
  21: 0
  22: 0
  23: 0
  24: 0
  25: 0
  26: 0
  27: 0
  28: 0
  29: 0
  30: 0
  31: 0
  32: 0
  33: 0
  34: 0
  35: 0
  36: 0
  37: 0
  38: 0
  39: 0
  40: 0
  41: 0
  42: 0
  43: 0
  44: 0
  45: 0
  46: 0
  47: 0
  48: 0
  49: 0
  50: 0
  51: 0
  52: 0
  53: 0
  54: 0
  55: 0
  56: 0
  57: 0
  58: 0
  59: 0
  60: 0
  61: 0
  62: 0
  63: 0
===
