# zsim stats
===
root: # Stats
 contention: # Contention simulation stats
  domain-0: # Domain stats
   time: 36748339209 # Weave simulation time
 time: # Simulator time breakdown
  init: 29050343908
  bound: 46575710100
  weave: 38979102184
  ff: 6636757
 trigger: 20000 # Reason for this stats dump
 phase: 64583 # Simulated phases
 westmere: # Core stats
  westmere-0: # Core stats
   cycles: 636569539 # Simulated unhalted cycles
   cCycles: 128120987 # Cycles due to contention stalls
   instrs: 215319264 # Simulated instructions
   uops: 272215673 # Retired micro-ops
   bbls: 21788990 # Basic blocks
   approxInstrs: 15795647 # Instrs with approx uop decoding
   mispredBranches: 798874 # Mispredicted branches
   condBranches: 13969754 # conditional branches
  westmere-1: # Core stats
   cycles: 636806851 # Simulated unhalted cycles
   cCycles: 128240733 # Cycles due to contention stalls
   instrs: 215273557 # Simulated instructions
   uops: 272159653 # Retired micro-ops
   bbls: 21786210 # Basic blocks
   approxInstrs: 15796024 # Instrs with approx uop decoding
   mispredBranches: 798614 # Mispredicted branches
   condBranches: 13968235 # conditional branches
  westmere-2: # Core stats
   cycles: 635795914 # Simulated unhalted cycles
   cCycles: 128066824 # Cycles due to contention stalls
   instrs: 215147521 # Simulated instructions
   uops: 271970903 # Retired micro-ops
   bbls: 21783375 # Basic blocks
   approxInstrs: 15772502 # Instrs with approx uop decoding
   mispredBranches: 796902 # Mispredicted branches
   condBranches: 13965667 # conditional branches
  westmere-3: # Core stats
   cycles: 635785897 # Simulated unhalted cycles
   cCycles: 128037553 # Cycles due to contention stalls
   instrs: 215068552 # Simulated instructions
   uops: 271900099 # Retired micro-ops
   bbls: 21772582 # Basic blocks
   approxInstrs: 15772898 # Instrs with approx uop decoding
   mispredBranches: 798544 # Mispredicted branches
   condBranches: 13957927 # conditional branches
  westmere-4: # Core stats
   cycles: 637227262 # Simulated unhalted cycles
   cCycles: 128231475 # Cycles due to contention stalls
   instrs: 215519647 # Simulated instructions
   uops: 272472748 # Retired micro-ops
   bbls: 21806333 # Basic blocks
   approxInstrs: 15817785 # Instrs with approx uop decoding
   mispredBranches: 799824 # Mispredicted branches
   condBranches: 13981716 # conditional branches
  westmere-5: # Core stats
   cycles: 636689234 # Simulated unhalted cycles
   cCycles: 128131782 # Cycles due to contention stalls
   instrs: 215340691 # Simulated instructions
   uops: 272252422 # Retired micro-ops
   bbls: 21786413 # Basic blocks
   approxInstrs: 15803294 # Instrs with approx uop decoding
   mispredBranches: 798425 # Mispredicted branches
   condBranches: 13967855 # conditional branches
  westmere-6: # Core stats
   cycles: 636146089 # Simulated unhalted cycles
   cCycles: 128072295 # Cycles due to contention stalls
   instrs: 215140244 # Simulated instructions
   uops: 271996522 # Retired micro-ops
   bbls: 21773906 # Basic blocks
   approxInstrs: 15782893 # Instrs with approx uop decoding
   mispredBranches: 798914 # Mispredicted branches
   condBranches: 13958418 # conditional branches
  westmere-7: # Core stats
   cycles: 635684601 # Simulated unhalted cycles
   cCycles: 127932071 # Cycles due to contention stalls
   instrs: 215155251 # Simulated instructions
   uops: 272003354 # Retired micro-ops
   bbls: 21780597 # Basic blocks
   approxInstrs: 15778859 # Instrs with approx uop decoding
   mispredBranches: 799823 # Mispredicted branches
   condBranches: 13962740 # conditional branches
 l1i: # Cache stats
  l1i-0: # Filter cache stats
   fhGETS: 30430504 # Filtered GETS hits
   fhGETX: 0 # Filtered GETX hits
   hGETS: 520946 # GETS hits
   hGETX: 0 # GETX hits
   mGETS: 19537 # GETS misses
   mGETXIM: 0 # GETX I->M misses
   mGETXSM: 0 # GETX S->M misses (upgrade misses)
   PUTS: 0 # Clean evictions (from lower level)
   PUTX: 0 # Dirty evictions (from lower level)
   INV: 19250 # Invalidates (from upper level)
   INVX: 0 # Downgrades (from upper level)
   FWD: 0 # Forwards (from upper level)
   latGETnl: 931534 # GET request latency on next level
   latGETnet: 0 # GET request latency on network to next level
  l1i-1: # Filter cache stats
   fhGETS: 30424579 # Filtered GETS hits
   fhGETX: 0 # Filtered GETX hits
   hGETS: 520564 # GETS hits
   hGETX: 0 # GETX hits
   mGETS: 19445 # GETS misses
   mGETXIM: 0 # GETX I->M misses
   mGETXSM: 0 # GETX S->M misses (upgrade misses)
   PUTS: 0 # Clean evictions (from lower level)
   PUTX: 0 # Dirty evictions (from lower level)
   INV: 19297 # Invalidates (from upper level)
   INVX: 0 # Downgrades (from upper level)
   FWD: 0 # Forwards (from upper level)
   latGETnl: 929846 # GET request latency on next level
   latGETnet: 0 # GET request latency on network to next level
  l1i-2: # Filter cache stats
   fhGETS: 30410879 # Filtered GETS hits
   fhGETX: 0 # Filtered GETX hits
   hGETS: 520516 # GETS hits
   hGETX: 0 # GETX hits
   mGETS: 19331 # GETS misses
   mGETXIM: 0 # GETX I->M misses
   mGETXSM: 0 # GETX S->M misses (upgrade misses)
   PUTS: 0 # Clean evictions (from lower level)
   PUTX: 0 # Dirty evictions (from lower level)
   INV: 19185 # Invalidates (from upper level)
   INVX: 0 # Downgrades (from upper level)
   FWD: 0 # Forwards (from upper level)
   latGETnl: 902660 # GET request latency on next level
   latGETnet: 0 # GET request latency on network to next level
  l1i-3: # Filter cache stats
   fhGETS: 30406205 # Filtered GETS hits
   fhGETX: 0 # Filtered GETX hits
   hGETS: 520285 # GETS hits
   hGETX: 0 # GETX hits
   mGETS: 19309 # GETS misses
   mGETXIM: 0 # GETX I->M misses
   mGETXSM: 0 # GETX S->M misses (upgrade misses)
   PUTS: 0 # Clean evictions (from lower level)
   PUTX: 0 # Dirty evictions (from lower level)
   INV: 19164 # Invalidates (from upper level)
   INVX: 0 # Downgrades (from upper level)
   FWD: 0 # Forwards (from upper level)
   latGETnl: 892822 # GET request latency on next level
   latGETnet: 0 # GET request latency on network to next level
  l1i-4: # Filter cache stats
   fhGETS: 30456998 # Filtered GETS hits
   fhGETX: 0 # Filtered GETX hits
   hGETS: 521138 # GETS hits
   hGETX: 0 # GETX hits
   mGETS: 19400 # GETS misses
   mGETXIM: 0 # GETX I->M misses
   mGETXSM: 0 # GETX S->M misses (upgrade misses)
   PUTS: 0 # Clean evictions (from lower level)
   PUTX: 0 # Dirty evictions (from lower level)
   INV: 19245 # Invalidates (from upper level)
   INVX: 0 # Downgrades (from upper level)
   FWD: 0 # Forwards (from upper level)
   latGETnl: 901676 # GET request latency on next level
   latGETnet: 0 # GET request latency on network to next level
  l1i-5: # Filter cache stats
   fhGETS: 30425207 # Filtered GETS hits
   fhGETX: 0 # Filtered GETX hits
   hGETS: 520631 # GETS hits
   hGETX: 0 # GETX hits
   mGETS: 19364 # GETS misses
   mGETXIM: 0 # GETX I->M misses
   mGETXSM: 0 # GETX S->M misses (upgrade misses)
   PUTS: 0 # Clean evictions (from lower level)
   PUTX: 0 # Dirty evictions (from lower level)
   INV: 19211 # Invalidates (from upper level)
   INVX: 0 # Downgrades (from upper level)
   FWD: 0 # Forwards (from upper level)
   latGETnl: 896516 # GET request latency on next level
   latGETnet: 0 # GET request latency on network to next level
  l1i-6: # Filter cache stats
   fhGETS: 30410869 # Filtered GETS hits
   fhGETX: 0 # Filtered GETX hits
   hGETS: 520126 # GETS hits
   hGETX: 0 # GETX hits
   mGETS: 19349 # GETS misses
   mGETXIM: 0 # GETX I->M misses
   mGETXSM: 0 # GETX S->M misses (upgrade misses)
   PUTS: 0 # Clean evictions (from lower level)
   PUTX: 0 # Dirty evictions (from lower level)
   INV: 19185 # Invalidates (from upper level)
   INVX: 0 # Downgrades (from upper level)
   FWD: 0 # Forwards (from upper level)
   latGETnl: 910022 # GET request latency on next level
   latGETnet: 0 # GET request latency on network to next level
  l1i-7: # Filter cache stats
   fhGETS: 30421498 # Filtered GETS hits
   fhGETX: 0 # Filtered GETX hits
   hGETS: 521090 # GETS hits
   hGETX: 0 # GETX hits
   mGETS: 19315 # GETS misses
   mGETXIM: 0 # GETX I->M misses
   mGETXSM: 0 # GETX S->M misses (upgrade misses)
   PUTS: 0 # Clean evictions (from lower level)
   PUTX: 0 # Dirty evictions (from lower level)
   INV: 19153 # Invalidates (from upper level)
   INVX: 0 # Downgrades (from upper level)
   FWD: 0 # Forwards (from upper level)
   latGETnl: 908866 # GET request latency on next level
   latGETnet: 0 # GET request latency on network to next level
 l1d: # Cache stats
  l1d-0: # Filter cache stats
   fhGETS: 46056248 # Filtered GETS hits
   fhGETX: 10743621 # Filtered GETX hits
   hGETS: 5838340 # GETS hits
   hGETX: 3716857 # GETX hits
   mGETS: 4698914 # GETS misses
   mGETXIM: 638 # GETX I->M misses
   mGETXSM: 58270 # GETX S->M misses (upgrade misses)
   PUTS: 0 # Clean evictions (from lower level)
   PUTX: 0 # Dirty evictions (from lower level)
   INV: 104527 # Invalidates (from upper level)
   INVX: 46358 # Downgrades (from upper level)
   FWD: 0 # Forwards (from upper level)
   latGETnl: 436381554 # GET request latency on next level
   latGETnet: 0 # GET request latency on network to next level
  l1d-1: # Filter cache stats
   fhGETS: 46034378 # Filtered GETS hits
   fhGETX: 10734674 # Filtered GETX hits
   hGETS: 5854021 # GETS hits
   hGETX: 3718726 # GETX hits
   mGETS: 4699816 # GETS misses
   mGETXIM: 575 # GETX I->M misses
   mGETXSM: 58438 # GETX S->M misses (upgrade misses)
   PUTS: 0 # Clean evictions (from lower level)
   PUTX: 0 # Dirty evictions (from lower level)
   INV: 104626 # Invalidates (from upper level)
   INVX: 46165 # Downgrades (from upper level)
   FWD: 0 # Forwards (from upper level)
   latGETnl: 436681458 # GET request latency on next level
   latGETnet: 0 # GET request latency on network to next level
  l1d-2: # Filter cache stats
   fhGETS: 46004923 # Filtered GETS hits
   fhGETX: 10743739 # Filtered GETX hits
   hGETS: 5838113 # GETS hits
   hGETX: 3713851 # GETX hits
   mGETS: 4692128 # GETS misses
   mGETXIM: 579 # GETX I->M misses
   mGETXSM: 58302 # GETX S->M misses (upgrade misses)
   PUTS: 0 # Clean evictions (from lower level)
   PUTX: 0 # Dirty evictions (from lower level)
   INV: 104734 # Invalidates (from upper level)
   INVX: 46282 # Downgrades (from upper level)
   FWD: 0 # Forwards (from upper level)
   latGETnl: 435819882 # GET request latency on next level
   latGETnet: 0 # GET request latency on network to next level
  l1d-3: # Filter cache stats
   fhGETS: 46013411 # Filtered GETS hits
   fhGETX: 10738060 # Filtered GETX hits
   hGETS: 5820346 # GETS hits
   hGETX: 3713956 # GETX hits
   mGETS: 4691854 # GETS misses
   mGETXIM: 587 # GETX I->M misses
   mGETXSM: 57629 # GETX S->M misses (upgrade misses)
   PUTS: 0 # Clean evictions (from lower level)
   PUTX: 0 # Dirty evictions (from lower level)
   INV: 105155 # Invalidates (from upper level)
   INVX: 46145 # Downgrades (from upper level)
   FWD: 0 # Forwards (from upper level)
   latGETnl: 435678927 # GET request latency on next level
   latGETnet: 0 # GET request latency on network to next level
  l1d-4: # Filter cache stats
   fhGETS: 46105611 # Filtered GETS hits
   fhGETX: 10741211 # Filtered GETX hits
   hGETS: 5842470 # GETS hits
   hGETX: 3722597 # GETX hits
   mGETS: 4705002 # GETS misses
   mGETXIM: 593 # GETX I->M misses
   mGETXSM: 58896 # GETX S->M misses (upgrade misses)
   PUTS: 0 # Clean evictions (from lower level)
   PUTX: 0 # Dirty evictions (from lower level)
   INV: 104589 # Invalidates (from upper level)
   INVX: 46178 # Downgrades (from upper level)
   FWD: 0 # Forwards (from upper level)
   latGETnl: 436944519 # GET request latency on next level
   latGETnet: 0 # GET request latency on network to next level
  l1d-5: # Filter cache stats
   fhGETS: 46083264 # Filtered GETS hits
   fhGETX: 10737840 # Filtered GETX hits
   hGETS: 5824204 # GETS hits
   hGETX: 3717375 # GETX hits
   mGETS: 4700768 # GETS misses
   mGETXIM: 533 # GETX I->M misses
   mGETXSM: 59054 # GETX S->M misses (upgrade misses)
   PUTS: 0 # Clean evictions (from lower level)
   PUTX: 0 # Dirty evictions (from lower level)
   INV: 104620 # Invalidates (from upper level)
   INVX: 46050 # Downgrades (from upper level)
   FWD: 0 # Forwards (from upper level)
   latGETnl: 436556895 # GET request latency on next level
   latGETnet: 0 # GET request latency on network to next level
  l1d-6: # Filter cache stats
   fhGETS: 46020625 # Filtered GETS hits
   fhGETX: 10737116 # Filtered GETX hits
   hGETS: 5834369 # GETS hits
   hGETX: 3713998 # GETX hits
   mGETS: 4695770 # GETS misses
   mGETXIM: 508 # GETX I->M misses
   mGETXSM: 58518 # GETX S->M misses (upgrade misses)
   PUTS: 0 # Clean evictions (from lower level)
   PUTX: 0 # Dirty evictions (from lower level)
   INV: 104925 # Invalidates (from upper level)
   INVX: 46235 # Downgrades (from upper level)
   FWD: 0 # Forwards (from upper level)
   latGETnl: 436183076 # GET request latency on next level
   latGETnet: 0 # GET request latency on network to next level
  l1d-7: # Filter cache stats
   fhGETS: 46021067 # Filtered GETS hits
   fhGETX: 10741260 # Filtered GETX hits
   hGETS: 5831693 # GETS hits
   hGETX: 3714112 # GETX hits
   mGETS: 4693592 # GETS misses
   mGETXIM: 600 # GETX I->M misses
   mGETXSM: 58567 # GETX S->M misses (upgrade misses)
   PUTS: 0 # Clean evictions (from lower level)
   PUTX: 0 # Dirty evictions (from lower level)
   INV: 104419 # Invalidates (from upper level)
   INVX: 46646 # Downgrades (from upper level)
   FWD: 0 # Forwards (from upper level)
   latGETnl: 435742196 # GET request latency on next level
   latGETnet: 0 # GET request latency on network to next level
 l2: # Cache stats
  l2-0: # Cache stats
   hGETS: 195061 # GETS hits
   hGETX: 52 # GETX hits
   mGETS: 4523390 # GETS misses
   mGETXIM: 589 # GETX I->M misses
   mGETXSM: 58267 # GETX S->M misses (upgrade misses)
   PUTS: 2611331 # Clean evictions (from lower level)
   PUTX: 1983206 # Dirty evictions (from lower level)
   INV: 805164 # Invalidates (from upper level)
   INVX: 329846 # Downgrades (from upper level)
   FWD: 0 # Forwards (from upper level)
   latGETnl: 389539498 # GET request latency on next level
   latGETnet: 0 # GET request latency on network to next level
  l2-1: # Cache stats
   hGETS: 194773 # GETS hits
   hGETX: 56 # GETX hits
   mGETS: 4524488 # GETS misses
   mGETXIM: 522 # GETX I->M misses
   mGETXSM: 58435 # GETX S->M misses (upgrade misses)
   PUTS: 2611920 # Clean evictions (from lower level)
   PUTX: 1983359 # Dirty evictions (from lower level)
   INV: 805108 # Invalidates (from upper level)
   INVX: 329599 # Downgrades (from upper level)
   FWD: 0 # Forwards (from upper level)
   latGETnl: 389828564 # GET request latency on next level
   latGETnet: 0 # GET request latency on network to next level
  l2-2: # Cache stats
   hGETS: 194642 # GETS hits
   hGETX: 52 # GETX hits
   mGETS: 4516817 # GETS misses
   mGETXIM: 527 # GETX I->M misses
   mGETXSM: 58302 # GETX S->M misses (upgrade misses)
   PUTS: 2607202 # Clean evictions (from lower level)
   PUTX: 1980289 # Dirty evictions (from lower level)
   INV: 806098 # Invalidates (from upper level)
   INVX: 330343 # Downgrades (from upper level)
   FWD: 0 # Forwards (from upper level)
   latGETnl: 389019142 # GET request latency on next level
   latGETnet: 0 # GET request latency on network to next level
  l2-3: # Cache stats
   hGETS: 195139 # GETS hits
   hGETX: 41 # GETX hits
   mGETS: 4516024 # GETS misses
   mGETXIM: 552 # GETX I->M misses
   mGETXSM: 57623 # GETX S->M misses (upgrade misses)
   PUTS: 2606586 # Clean evictions (from lower level)
   PUTX: 1980224 # Dirty evictions (from lower level)
   INV: 804460 # Invalidates (from upper level)
   INVX: 328875 # Downgrades (from upper level)
   FWD: 0 # Forwards (from upper level)
   latGETnl: 388877959 # GET request latency on next level
   latGETnet: 0 # GET request latency on network to next level
  l2-4: # Cache stats
   hGETS: 195076 # GETS hits
   hGETX: 50 # GETX hits
   mGETS: 4529326 # GETS misses
   mGETXIM: 545 # GETX I->M misses
   mGETXSM: 58894 # GETX S->M misses (upgrade misses)
   PUTS: 2614161 # Clean evictions (from lower level)
   PUTX: 1986361 # Dirty evictions (from lower level)
   INV: 805414 # Invalidates (from upper level)
   INVX: 331120 # Downgrades (from upper level)
   FWD: 0 # Forwards (from upper level)
   latGETnl: 390007285 # GET request latency on next level
   latGETnet: 0 # GET request latency on network to next level
  l2-5: # Cache stats
   hGETS: 195457 # GETS hits
   hGETX: 41 # GETX hits
   mGETS: 4524675 # GETS misses
   mGETXIM: 497 # GETX I->M misses
   mGETXSM: 59049 # GETX S->M misses (upgrade misses)
   PUTS: 2611784 # Clean evictions (from lower level)
   PUTX: 1984413 # Dirty evictions (from lower level)
   INV: 805541 # Invalidates (from upper level)
   INVX: 329202 # Downgrades (from upper level)
   FWD: 0 # Forwards (from upper level)
   latGETnl: 389656221 # GET request latency on next level
   latGETnet: 0 # GET request latency on network to next level
  l2-6: # Cache stats
   hGETS: 194682 # GETS hits
   hGETX: 49 # GETX hits
   mGETS: 4520437 # GETS misses
   mGETXIM: 462 # GETX I->M misses
   mGETXSM: 58515 # GETX S->M misses (upgrade misses)
   PUTS: 2609695 # Clean evictions (from lower level)
   PUTX: 1981173 # Dirty evictions (from lower level)
   INV: 806183 # Invalidates (from upper level)
   INVX: 329366 # Downgrades (from upper level)
   FWD: 0 # Forwards (from upper level)
   latGETnl: 389351648 # GET request latency on next level
   latGETnet: 0 # GET request latency on network to next level
  l2-7: # Cache stats
   hGETS: 195391 # GETS hits
   hGETX: 61 # GETX hits
   mGETS: 4517516 # GETS misses
   mGETXIM: 542 # GETX I->M misses
   mGETXSM: 58564 # GETX S->M misses (upgrade misses)
   PUTS: 2608111 # Clean evictions (from lower level)
   PUTX: 1981174 # Dirty evictions (from lower level)
   INV: 805514 # Invalidates (from upper level)
   INVX: 331444 # Downgrades (from upper level)
   FWD: 0 # Forwards (from upper level)
   latGETnl: 388930322 # GET request latency on next level
   latGETnet: 0 # GET request latency on network to next level
 l3: # Cache stats
  l3-0b0: # Cache stats
   hGETS: 1466424 # GETS hits
   hGETX: 60603 # GETX hits
   mGETS: 3061285 # GETS misses
   mGETXIM: 503 # GETX I->M misses
   mGETXSM: 0 # GETX S->M misses (upgrade misses)
   PUTS: 2115100 # Clean evictions (from lower level)
   PUTX: 1594607 # Dirty evictions (from lower level)
   INV: 0 # Invalidates (from upper level)
   INVX: 0 # Downgrades (from upper level)
   FWD: 0 # Forwards (from upper level)
   latGETnl: 275560920 # GET request latency on next level
   latGETnet: 0 # GET request latency on network to next level
  l3-0b1: # Cache stats
   hGETS: 1467826 # GETS hits
   hGETX: 58656 # GETX hits
   mGETS: 3066623 # GETS misses
   mGETXIM: 132 # GETX I->M misses
   mGETXSM: 0 # GETX S->M misses (upgrade misses)
   PUTS: 2123973 # Clean evictions (from lower level)
   PUTX: 1597212 # Dirty evictions (from lower level)
   INV: 0 # Invalidates (from upper level)
   INVX: 0 # Downgrades (from upper level)
   FWD: 0 # Forwards (from upper level)
   latGETnl: 276007950 # GET request latency on next level
   latGETnet: 0 # GET request latency on network to next level
  l3-0b2: # Cache stats
   hGETS: 1456999 # GETS hits
   hGETX: 57853 # GETX hits
   mGETS: 3059807 # GETS misses
   mGETXIM: 155 # GETX I->M misses
   mGETXSM: 0 # GETX S->M misses (upgrade misses)
   PUTS: 2117567 # Clean evictions (from lower level)
   PUTX: 1593243 # Dirty evictions (from lower level)
   INV: 0 # Invalidates (from upper level)
   INVX: 0 # Downgrades (from upper level)
   FWD: 0 # Forwards (from upper level)
   latGETnl: 275396580 # GET request latency on next level
   latGETnet: 0 # GET request latency on network to next level
  l3-0b3: # Cache stats
   hGETS: 1460067 # GETS hits
   hGETX: 58571 # GETX hits
   mGETS: 3063351 # GETS misses
   mGETXIM: 1277 # GETX I->M misses
   mGETXSM: 0 # GETX S->M misses (upgrade misses)
   PUTS: 2119994 # Clean evictions (from lower level)
   PUTX: 1596387 # Dirty evictions (from lower level)
   INV: 0 # Invalidates (from upper level)
   INVX: 0 # Downgrades (from upper level)
   FWD: 0 # Forwards (from upper level)
   latGETnl: 275816520 # GET request latency on next level
   latGETnet: 0 # GET request latency on network to next level
  l3-0b4: # Cache stats
   hGETS: 1456159 # GETS hits
   hGETX: 58386 # GETX hits
   mGETS: 3058469 # GETS misses
   mGETXIM: 559 # GETX I->M misses
   mGETXSM: 0 # GETX S->M misses (upgrade misses)
   PUTS: 2115245 # Clean evictions (from lower level)
   PUTX: 1594250 # Dirty evictions (from lower level)
   INV: 0 # Invalidates (from upper level)
   INVX: 0 # Downgrades (from upper level)
   FWD: 0 # Forwards (from upper level)
   latGETnl: 275312520 # GET request latency on next level
   latGETnet: 0 # GET request latency on network to next level
  l3-0b5: # Cache stats
   hGETS: 1463427 # GETS hits
   hGETX: 57910 # GETX hits
   mGETS: 3061323 # GETS misses
   mGETXIM: 141 # GETX I->M misses
   mGETXSM: 0 # GETX S->M misses (upgrade misses)
   PUTS: 2123602 # Clean evictions (from lower level)
   PUTX: 1591169 # Dirty evictions (from lower level)
   INV: 0 # Invalidates (from upper level)
   INVX: 0 # Downgrades (from upper level)
   FWD: 0 # Forwards (from upper level)
   latGETnl: 275531760 # GET request latency on next level
   latGETnet: 0 # GET request latency on network to next level
  l3-0b6: # Cache stats
   hGETS: 1452731 # GETS hits
   hGETX: 57912 # GETX hits
   mGETS: 3060063 # GETS misses
   mGETXIM: 166 # GETX I->M misses
   mGETXSM: 0 # GETX S->M misses (upgrade misses)
   PUTS: 2115227 # Clean evictions (from lower level)
   PUTX: 1592105 # Dirty evictions (from lower level)
   INV: 0 # Invalidates (from upper level)
   INVX: 0 # Downgrades (from upper level)
   FWD: 0 # Forwards (from upper level)
   latGETnl: 275420610 # GET request latency on next level
   latGETnet: 0 # GET request latency on network to next level
  l3-0b7: # Cache stats
   hGETS: 1461650 # GETS hits
   hGETX: 57906 # GETX hits
   mGETS: 3056469 # GETS misses
   mGETXIM: 1155 # GETX I->M misses
   mGETXSM: 0 # GETX S->M misses (upgrade misses)
   PUTS: 2117333 # Clean evictions (from lower level)
   PUTX: 1594689 # Dirty evictions (from lower level)
   INV: 0 # Invalidates (from upper level)
   INVX: 0 # Downgrades (from upper level)
   FWD: 0 # Forwards (from upper level)
   latGETnl: 275186160 # GET request latency on next level
   latGETnet: 0 # GET request latency on network to next level
 mem: # Memory controller stats
  mem-0: # Memory controller stats
   rd: 6121169 # Read requests
   wr: 3263633 # Write requests
   rdlat: 863315866 # Total latency experienced by read requests
   wrlat: 550343203 # Total latency experienced by write requests
   rdhits: 14474 # Read row hits
   wrhits: 9829 # Write row hits
   mlh: # latency histogram for memory requests
    0: 0
    1: 0
    2: 0
    3: 0
    4: 0
    5: 0
    6: 0
    7: 0
    8: 0
    9: 1
    10: 1
    11: 2180
    12: 2696
    13: 4687839
    14: 581627
    15: 345822
    16: 192467
    17: 39629
    18: 28623
    19: 27037
    20: 26076
    21: 26180
    22: 22632
    23: 24754
    24: 28185
    25: 13422
    26: 2486
    27: 2314
    28: 2508
    29: 2728
    30: 3114
    31: 3285
    32: 3646
    33: 3641
    34: 3771
    35: 3785
    36: 4153
    37: 3958
    38: 3826
    39: 3872
    40: 3785
    41: 4042
    42: 3935
    43: 3140
    44: 2377
    45: 2134
    46: 1785
    47: 1727
    48: 961
    49: 253
    50: 160
    51: 144
    52: 123
    53: 101
    54: 78
    55: 56
    56: 41
    57: 24
    58: 10
    59: 14
    60: 4
    61: 7
    62: 5
    63: 2
    64: 0
    65: 1
    66: 1
    67: 0
    68: 0
    69: 0
    70: 0
    71: 0
    72: 0
    73: 0
    74: 1
    75: 0
    76: 0
    77: 0
    78: 0
    79: 0
    80: 0
    81: 0
    82: 0
    83: 0
    84: 0
    85: 0
    86: 0
    87: 0
    88: 0
    89: 0
    90: 0
    91: 0
    92: 0
    93: 0
    94: 0
    95: 0
    96: 0
    97: 0
    98: 0
    99: 0
  mem-1: # Memory controller stats
   rd: 6123780 # Read requests
   wr: 3265681 # Write requests
   rdlat: 863674757 # Total latency experienced by read requests
   wrlat: 550870051 # Total latency experienced by write requests
   rdhits: 14436 # Read row hits
   wrhits: 10025 # Write row hits
   mlh: # latency histogram for memory requests
    0: 0
    1: 0
    2: 0
    3: 0
    4: 0
    5: 0
    6: 0
    7: 0
    8: 0
    9: 1
    10: 1
    11: 2209
    12: 2601
    13: 4688777
    14: 582536
    15: 345753
    16: 192888
    17: 39494
    18: 28991
    19: 26789
    20: 26302
    21: 26436
    22: 23070
    23: 24837
    24: 27914
    25: 13204
    26: 2456
    27: 2279
    28: 2562
    29: 2772
    30: 3224
    31: 3393
    32: 3714
    33: 3579
    34: 3781
    35: 3709
    36: 4073
    37: 4087
    38: 3711
    39: 3941
    40: 3850
    41: 4037
    42: 3968
    43: 3162
    44: 2352
    45: 2053
    46: 1642
    47: 1662
    48: 964
    49: 264
    50: 169
    51: 123
    52: 134
    53: 83
    54: 74
    55: 61
    56: 33
    57: 18
    58: 19
    59: 11
    60: 6
    61: 3
    62: 2
    63: 0
    64: 1
    65: 4
    66: 1
    67: 0
    68: 0
    69: 0
    70: 0
    71: 0
    72: 0
    73: 0
    74: 0
    75: 0
    76: 0
    77: 0
    78: 0
    79: 0
    80: 0
    81: 0
    82: 0
    83: 0
    84: 0
    85: 0
    86: 0
    87: 0
    88: 0
    89: 0
    90: 0
    91: 0
    92: 0
    93: 0
    94: 0
    95: 0
    96: 0
    97: 0
    98: 0
    99: 0
  mem-2: # Memory controller stats
   rd: 6119907 # Read requests
   wr: 3261574 # Write requests
   rdlat: 863126150 # Total latency experienced by read requests
   wrlat: 550094837 # Total latency experienced by write requests
   rdhits: 14277 # Read row hits
   wrhits: 9904 # Write row hits
   mlh: # latency histogram for memory requests
    0: 0
    1: 0
    2: 0
    3: 0
    4: 0
    5: 0
    6: 0
    7: 0
    8: 0
    9: 1
    10: 3
    11: 2130
    12: 2746
    13: 4686426
    14: 583210
    15: 345430
    16: 191845
    17: 39528
    18: 28701
    19: 26624
    20: 26026
    21: 26319
    22: 22608
    23: 24666
    24: 28191
    25: 13271
    26: 2506
    27: 2229
    28: 2583
    29: 2749
    30: 3132
    31: 3381
    32: 3706
    33: 3573
    34: 3800
    35: 3751
    36: 4201
    37: 4003
    38: 3719
    39: 3909
    40: 3786
    41: 4123
    42: 3943
    43: 3200
    44: 2342
    45: 2089
    46: 1816
    47: 1742
    48: 897
    49: 268
    50: 179
    51: 121
    52: 108
    53: 93
    54: 68
    55: 49
    56: 43
    57: 26
    58: 18
    59: 15
    60: 2
    61: 2
    62: 2
    63: 4
    64: 1
    65: 0
    66: 2
    67: 0
    68: 0
    69: 0
    70: 0
    71: 0
    72: 0
    73: 0
    74: 1
    75: 0
    76: 0
    77: 0
    78: 0
    79: 0
    80: 0
    81: 0
    82: 0
    83: 0
    84: 0
    85: 0
    86: 0
    87: 0
    88: 0
    89: 0
    90: 0
    91: 0
    92: 0
    93: 0
    94: 0
    95: 0
    96: 0
    97: 0
    98: 0
    99: 0
  mem-3: # Memory controller stats
   rd: 6126604 # Read requests
   wr: 3265151 # Write requests
   rdlat: 864286670 # Total latency experienced by read requests
   wrlat: 551191146 # Total latency experienced by write requests
   rdhits: 14319 # Read row hits
   wrhits: 9808 # Write row hits
   mlh: # latency histogram for memory requests
    0: 0
    1: 0
    2: 0
    3: 0
    4: 0
    5: 0
    6: 0
    7: 0
    8: 0
    9: 2
    10: 1
    11: 2191
    12: 2726
    13: 4690515
    14: 581444
    15: 346204
    16: 192964
    17: 39839
    18: 28865
    19: 26841
    20: 26259
    21: 26166
    22: 23099
    23: 24982
    24: 28462
    25: 13242
    26: 2518
    27: 2392
    28: 2517
    29: 2792
    30: 3237
    31: 3432
    32: 3804
    33: 3640
    34: 3909
    35: 3790
    36: 4156
    37: 4004
    38: 3768
    39: 3911
    40: 3803
    41: 4129
    42: 3995
    43: 3233
    44: 2285
    45: 2042
    46: 1698
    47: 1729
    48: 945
    49: 289
    50: 186
    51: 138
    52: 127
    53: 92
    54: 83
    55: 47
    56: 24
    57: 31
    58: 18
    59: 16
    60: 5
    61: 2
    62: 6
    63: 3
    64: 1
    65: 3
    66: 0
    67: 0
    68: 0
    69: 0
    70: 0
    71: 1
    72: 0
    73: 1
    74: 0
    75: 0
    76: 0
    77: 0
    78: 0
    79: 0
    80: 0
    81: 0
    82: 0
    83: 0
    84: 0
    85: 0
    86: 0
    87: 0
    88: 0
    89: 0
    90: 0
    91: 0
    92: 0
    93: 0
    94: 0
    95: 0
    96: 0
    97: 0
    98: 0
    99: 0
 sched: # Scheduler stats
  thCr: 9 # Threads created
  thFn: 9 # Threads finished
  schedEvs: 17 # Schedule events
  waitEvs: 0 # Wait events
  handoffEvs: 0 # Handoff events
  sleepEvs: 0 # Sleep events
  idlePhases: 0 # Phases with no thread active
  idlePeriods: 0 # Periods with no thread active
  occHist: # Occupancy histogram
   0: 0
   1: 4
   2: 0
   3: 0
   4: 0
   5: 0
   6: 0
   7: 1
   8: 64578
  rqSzHist: # Run queue size histogram
   0: 64583
   1: 0
   2: 0
   3: 0
   4: 0
   5: 0
   6: 0
   7: 0
   8: 0
   9: 0
   10: 0
   11: 0
   12: 0
   13: 0
   14: 0
   15: 0
   16: 0
 procCycles: # Per-process unhalted core cycles
  0: 5090696907
  1: 0
  2: 0
  3: 0
  4: 0
  5: 0
  6: 0
  7: 0
  8: 0
  9: 0
  10: 0
  11: 0
  12: 0
  13: 0
  14: 0
  15: 0
  16: 0
  17: 0
  18: 0
  19: 0
  20: 0
  21: 0
  22: 0
  23: 0
  24: 0
  25: 0
  26: 0
  27: 0
  28: 0
  29: 0
  30: 0
  31: 0
  32: 0
  33: 0
  34: 0
  35: 0
  36: 0
  37: 0
  38: 0
  39: 0
  40: 0
  41: 0
  42: 0
  43: 0
  44: 0
  45: 0
  46: 0
  47: 0
  48: 0
  49: 0
  50: 0
  51: 0
  52: 0
  53: 0
  54: 0
  55: 0
  56: 0
  57: 0
  58: 0
  59: 0
  60: 0
  61: 0
  62: 0
  63: 0
 procInstrs: # Per-process instructions
  0: 1721964727
  1: 0
  2: 0
  3: 0
  4: 0
  5: 0
  6: 0
  7: 0
  8: 0
  9: 0
  10: 0
  11: 0
  12: 0
  13: 0
  14: 0
  15: 0
  16: 0
  17: 0
  18: 0
  19: 0
  20: 0
  21: 0
  22: 0
  23: 0
  24: 0
  25: 0
  26: 0
  27: 0
  28: 0
  29: 0
  30: 0
  31: 0
  32: 0
  33: 0
  34: 0
  35: 0
  36: 0
  37: 0
  38: 0
  39: 0
  40: 0
  41: 0
  42: 0
  43: 0
  44: 0
  45: 0
  46: 0
  47: 0
  48: 0
  49: 0
  50: 0
  51: 0
  52: 0
  53: 0
  54: 0
  55: 0
  56: 0
  57: 0
  58: 0
  59: 0
  60: 0
  61: 0
  62: 0
  63: 0
 heartbeats: # Per-process heartbeats
  0: 0
  1: 0
  2: 0
  3: 0
  4: 0
  5: 0
  6: 0
  7: 0
  8: 0
  9: 0
  10: 0
  11: 0
  12: 0
  13: 0
  14: 0
  15: 0
  16: 0
  17: 0
  18: 0
  19: 0
  20: 0
  21: 0
  22: 0
  23: 0
  24: 0
  25: 0
  26: 0
  27: 0
  28: 0
  29: 0
  30: 0
  31: 0
  32: 0
  33: 0
  34: 0
  35: 0
  36: 0
  37: 0
  38: 0
  39: 0
  40: 0
  41: 0
  42: 0
  43: 0
  44: 0
  45: 0
  46: 0
  47: 0
  48: 0
  49: 0
  50: 0
  51: 0
  52: 0
  53: 0
  54: 0
  55: 0
  56: 0
  57: 0
  58: 0
  59: 0
  60: 0
  61: 0
  62: 0
  63: 0
===
