# zsim stats
===
root: # Stats
 contention: # Contention simulation stats
  domain-0: # Domain stats
   time: 1157718825 # Weave simulation time
 time: # Simulator time breakdown
  init: 1362649666092
  bound: 6835312932
  weave: 1373564687
  ff: 0
 trigger: 20000 # Reason for this stats dump
 phase: 22659 # Simulated phases
 westmere: # Core stats
  westmere-0: # Core stats
   cycles: 226591321 # Simulated unhalted cycles
   cCycles: 43138196 # Cycles due to contention stalls
   instrs: 100001797 # Simulated instructions
   uops: 109395934 # Retired micro-ops
   bbls: 20124926 # Basic blocks
   approxInstrs: 1763935 # Instrs with approx uop decoding
   mispredBranches: 1071915 # Mispredicted branches
   condBranches: 19086274 # conditional branches
 l1i: # Cache stats
  l1i-0: # Filter cache stats
   fhGETS: 25658555 # Filtered GETS hits
   fhGETX: 0 # Filtered GETX hits
   hGETS: 200840 # GETS hits
   hGETX: 0 # GETX hits
   mGETS: 4660 # GETS misses
   mGETXIM: 0 # GETX I->M misses
   mGETXSM: 0 # GETX S->M misses (upgrade misses)
   PUTS: 0 # Clean evictions (from lower level)
   PUTX: 0 # Dirty evictions (from lower level)
   INV: 4522 # Invalidates (from upper level)
   INVX: 0 # Downgrades (from upper level)
   FWD: 0 # Forwards (from upper level)
   latGETnl: 577498 # GET request latency on next level
   latGETnet: 0 # GET request latency on network to next level
 l1d: # Cache stats
  l1d-0: # Filter cache stats
   fhGETS: 22833420 # Filtered GETS hits
   fhGETX: 4061793 # Filtered GETX hits
   hGETS: 2369537 # GETS hits
   hGETX: 2563976 # GETX hits
   mGETS: 3455150 # GETS misses
   mGETXIM: 732635 # GETX I->M misses
   mGETXSM: 0 # GETX S->M misses (upgrade misses)
   PUTS: 0 # Clean evictions (from lower level)
   PUTX: 0 # Dirty evictions (from lower level)
   INV: 1219 # Invalidates (from upper level)
   INVX: 0 # Downgrades (from upper level)
   FWD: 0 # Forwards (from upper level)
   latGETnl: 315876736 # GET request latency on next level
   latGETnet: 0 # GET request latency on network to next level
 l2: # Cache stats
  l2-0: # Cache stats
   hGETS: 746167 # GETS hits
   hGETX: 128147 # GETX hits
   mGETS: 2713643 # GETS misses
   mGETXIM: 604488 # GETX I->M misses
   mGETXSM: 0 # GETX S->M misses (upgrade misses)
   PUTS: 2409204 # Clean evictions (from lower level)
   PUTX: 1776907 # Dirty evictions (from lower level)
   INV: 14422 # Invalidates (from upper level)
   INVX: 0 # Downgrades (from upper level)
   FWD: 0 # Forwards (from upper level)
   latGETnl: 274529784 # GET request latency on next level
   latGETnet: 0 # GET request latency on network to next level
 l3: # Cache stats
  l3-0: # Cache stats
   hGETS: 952935 # GETS hits
   hGETX: 199700 # GETX hits
   mGETS: 1760708 # GETS misses
   mGETXIM: 404788 # GETX I->M misses
   mGETXSM: 0 # GETX S->M misses (upgrade misses)
   PUTS: 1995718 # Clean evictions (from lower level)
   PUTX: 1303895 # Dirty evictions (from lower level)
   INV: 0 # Invalidates (from upper level)
   INVX: 0 # Downgrades (from upper level)
   FWD: 0 # Forwards (from upper level)
   latGETnl: 194894640 # GET request latency on next level
   latGETnet: 0 # GET request latency on network to next level
 mem: # Memory controller stats
  mem-0: # Memory controller stats
   rd: 540248 # Read requests
   wr: 208216 # Write requests
   rdlat: 73362847 # Total latency experienced by read requests
   wrlat: 30953409 # Total latency experienced by write requests
   rdhits: 12562 # Read row hits
   wrhits: 1033 # Write row hits
   mlh: # latency histogram for memory requests
    0: 0
    1: 0
    2: 0
    3: 0
    4: 0
    5: 0
    6: 0
    7: 0
    8: 0
    9: 0
    10: 0
    11: 534
    12: 551
    13: 482427
    14: 35829
    15: 7467
    16: 2999
    17: 924
    18: 377
    19: 359
    20: 418
    21: 615
    22: 394
    23: 539
    24: 773
    25: 692
    26: 205
    27: 187
    28: 246
    29: 271
    30: 297
    31: 315
    32: 361
    33: 358
    34: 327
    35: 332
    36: 345
    37: 307
    38: 294
    39: 309
    40: 255
    41: 303
    42: 276
    43: 131
    44: 41
    45: 38
    46: 34
    47: 60
    48: 35
    49: 9
    50: 3
    51: 6
    52: 1
    53: 3
    54: 0
    55: 0
    56: 0
    57: 0
    58: 1
    59: 0
    60: 0
    61: 0
    62: 0
    63: 0
    64: 0
    65: 0
    66: 0
    67: 0
    68: 0
    69: 0
    70: 0
    71: 0
    72: 0
    73: 0
    74: 0
    75: 0
    76: 0
    77: 0
    78: 0
    79: 0
    80: 0
    81: 0
    82: 0
    83: 0
    84: 0
    85: 0
    86: 0
    87: 0
    88: 0
    89: 0
    90: 0
    91: 0
    92: 0
    93: 0
    94: 0
    95: 0
    96: 0
    97: 0
    98: 0
    99: 0
  mem-1: # Memory controller stats
   rd: 542654 # Read requests
   wr: 209132 # Write requests
   rdlat: 73672115 # Total latency experienced by read requests
   wrlat: 31116356 # Total latency experienced by write requests
   rdhits: 12362 # Read row hits
   wrhits: 1048 # Write row hits
   mlh: # latency histogram for memory requests
    0: 0
    1: 0
    2: 0
    3: 0
    4: 0
    5: 0
    6: 0
    7: 0
    8: 0
    9: 0
    10: 0
    11: 586
    12: 448
    13: 484255
    14: 36398
    15: 7280
    16: 3174
    17: 967
    18: 387
    19: 424
    20: 436
    21: 501
    22: 439
    23: 592
    24: 882
    25: 602
    26: 201
    27: 203
    28: 228
    29: 285
    30: 322
    31: 341
    32: 360
    33: 343
    34: 315
    35: 326
    36: 286
    37: 305
    38: 304
    39: 313
    40: 302
    41: 272
    42: 254
    43: 118
    44: 36
    45: 35
    46: 37
    47: 40
    48: 42
    49: 8
    50: 1
    51: 2
    52: 1
    53: 1
    54: 1
    55: 0
    56: 0
    57: 0
    58: 1
    59: 0
    60: 0
    61: 0
    62: 0
    63: 0
    64: 0
    65: 0
    66: 0
    67: 0
    68: 0
    69: 0
    70: 0
    71: 0
    72: 0
    73: 0
    74: 0
    75: 0
    76: 0
    77: 0
    78: 0
    79: 0
    80: 0
    81: 0
    82: 0
    83: 0
    84: 0
    85: 0
    86: 0
    87: 0
    88: 0
    89: 0
    90: 0
    91: 0
    92: 0
    93: 0
    94: 0
    95: 0
    96: 0
    97: 0
    98: 0
    99: 0
  mem-2: # Memory controller stats
   rd: 540240 # Read requests
   wr: 207519 # Write requests
   rdlat: 73399801 # Total latency experienced by read requests
   wrlat: 30831995 # Total latency experienced by write requests
   rdhits: 12437 # Read row hits
   wrhits: 1055 # Write row hits
   mlh: # latency histogram for memory requests
    0: 0
    1: 0
    2: 0
    3: 0
    4: 0
    5: 0
    6: 0
    7: 0
    8: 0
    9: 0
    10: 0
    11: 601
    12: 492
    13: 480589
    14: 38439
    15: 6845
    16: 2849
    17: 872
    18: 353
    19: 336
    20: 401
    21: 477
    22: 432
    23: 492
    24: 1022
    25: 568
    26: 214
    27: 233
    28: 259
    29: 267
    30: 328
    31: 339
    32: 359
    33: 330
    34: 298
    35: 344
    36: 288
    37: 319
    38: 329
    39: 327
    40: 310
    41: 284
    42: 295
    43: 129
    44: 39
    45: 36
    46: 43
    47: 40
    48: 49
    49: 5
    50: 2
    51: 3
    52: 0
    53: 1
    54: 1
    55: 0
    56: 0
    57: 0
    58: 0
    59: 0
    60: 1
    61: 0
    62: 0
    63: 0
    64: 0
    65: 0
    66: 0
    67: 0
    68: 0
    69: 0
    70: 0
    71: 0
    72: 0
    73: 0
    74: 0
    75: 0
    76: 0
    77: 0
    78: 0
    79: 0
    80: 0
    81: 0
    82: 0
    83: 0
    84: 0
    85: 0
    86: 0
    87: 0
    88: 0
    89: 0
    90: 0
    91: 0
    92: 0
    93: 0
    94: 0
    95: 0
    96: 0
    97: 0
    98: 0
    99: 0
  mem-3: # Memory controller stats
   rd: 542346 # Read requests
   wr: 208564 # Write requests
   rdlat: 73652547 # Total latency experienced by read requests
   wrlat: 31070653 # Total latency experienced by write requests
   rdhits: 12412 # Read row hits
   wrhits: 1061 # Write row hits
   mlh: # latency histogram for memory requests
    0: 0
    1: 0
    2: 0
    3: 0
    4: 0
    5: 0
    6: 0
    7: 0
    8: 0
    9: 0
    10: 0
    11: 568
    12: 468
    13: 484347
    14: 36527
    15: 6791
    16: 2995
    17: 960
    18: 360
    19: 431
    20: 426
    21: 519
    22: 433
    23: 532
    24: 951
    25: 652
    26: 189
    27: 218
    28: 253
    29: 273
    30: 328
    31: 324
    32: 329
    33: 303
    34: 308
    35: 350
    36: 325
    37: 343
    38: 309
    39: 299
    40: 295
    41: 312
    42: 276
    43: 141
    44: 57
    45: 31
    46: 33
    47: 36
    48: 34
    49: 8
    50: 2
    51: 0
    52: 4
    53: 1
    54: 2
    55: 0
    56: 0
    57: 1
    58: 2
    59: 0
    60: 0
    61: 0
    62: 0
    63: 0
    64: 0
    65: 0
    66: 0
    67: 0
    68: 0
    69: 0
    70: 0
    71: 0
    72: 0
    73: 0
    74: 0
    75: 0
    76: 0
    77: 0
    78: 0
    79: 0
    80: 0
    81: 0
    82: 0
    83: 0
    84: 0
    85: 0
    86: 0
    87: 0
    88: 0
    89: 0
    90: 0
    91: 0
    92: 0
    93: 0
    94: 0
    95: 0
    96: 0
    97: 0
    98: 0
    99: 0
 sched: # Scheduler stats
  thCr: 1 # Threads created
  thFn: 1 # Threads finished
  schedEvs: 1 # Schedule events
  waitEvs: 0 # Wait events
  handoffEvs: 0 # Handoff events
  sleepEvs: 0 # Sleep events
  idlePhases: 0 # Phases with no thread active
  idlePeriods: 0 # Periods with no thread active
  occHist: # Occupancy histogram
   0: 0
   1: 22659
  rqSzHist: # Run queue size histogram
   0: 22659
   1: 0
   2: 0
   3: 0
   4: 0
   5: 0
   6: 0
   7: 0
   8: 0
   9: 0
   10: 0
   11: 0
   12: 0
   13: 0
   14: 0
   15: 0
   16: 0
 procCycles: # Per-process unhalted core cycles
  0: 226591321
  1: 0
  2: 0
  3: 0
  4: 0
  5: 0
  6: 0
  7: 0
  8: 0
  9: 0
  10: 0
  11: 0
  12: 0
  13: 0
  14: 0
  15: 0
  16: 0
  17: 0
  18: 0
  19: 0
  20: 0
  21: 0
  22: 0
  23: 0
  24: 0
  25: 0
  26: 0
  27: 0
  28: 0
  29: 0
  30: 0
  31: 0
  32: 0
  33: 0
  34: 0
  35: 0
  36: 0
  37: 0
  38: 0
  39: 0
  40: 0
  41: 0
  42: 0
  43: 0
  44: 0
  45: 0
  46: 0
  47: 0
  48: 0
  49: 0
  50: 0
  51: 0
  52: 0
  53: 0
  54: 0
  55: 0
  56: 0
  57: 0
  58: 0
  59: 0
  60: 0
  61: 0
  62: 0
  63: 0
 procInstrs: # Per-process instructions
  0: 100001797
  1: 0
  2: 0
  3: 0
  4: 0
  5: 0
  6: 0
  7: 0
  8: 0
  9: 0
  10: 0
  11: 0
  12: 0
  13: 0
  14: 0
  15: 0
  16: 0
  17: 0
  18: 0
  19: 0
  20: 0
  21: 0
  22: 0
  23: 0
  24: 0
  25: 0
  26: 0
  27: 0
  28: 0
  29: 0
  30: 0
  31: 0
  32: 0
  33: 0
  34: 0
  35: 0
  36: 0
  37: 0
  38: 0
  39: 0
  40: 0
  41: 0
  42: 0
  43: 0
  44: 0
  45: 0
  46: 0
  47: 0
  48: 0
  49: 0
  50: 0
  51: 0
  52: 0
  53: 0
  54: 0
  55: 0
  56: 0
  57: 0
  58: 0
  59: 0
  60: 0
  61: 0
  62: 0
  63: 0
 heartbeats: # Per-process heartbeats
  0: 0
  1: 0
  2: 0
  3: 0
  4: 0
  5: 0
  6: 0
  7: 0
  8: 0
  9: 0
  10: 0
  11: 0
  12: 0
  13: 0
  14: 0
  15: 0
  16: 0
  17: 0
  18: 0
  19: 0
  20: 0
  21: 0
  22: 0
  23: 0
  24: 0
  25: 0
  26: 0
  27: 0
  28: 0
  29: 0
  30: 0
  31: 0
  32: 0
  33: 0
  34: 0
  35: 0
  36: 0
  37: 0
  38: 0
  39: 0
  40: 0
  41: 0
  42: 0
  43: 0
  44: 0
  45: 0
  46: 0
  47: 0
  48: 0
  49: 0
  50: 0
  51: 0
  52: 0
  53: 0
  54: 0
  55: 0
  56: 0
  57: 0
  58: 0
  59: 0
  60: 0
  61: 0
  62: 0
  63: 0
===
