# zsim stats
===
root: # Stats
 contention: # Contention simulation stats
  domain-0: # Domain stats
   time: 4058480118 # Weave simulation time
 time: # Simulator time breakdown
  init: 419854698811
  bound: 14532540861
  weave: 4689306231
  ff: 0
 trigger: 20000 # Reason for this stats dump
 phase: 65303 # Simulated phases
 westmere: # Core stats
  westmere-0: # Core stats
   cycles: 653032650 # Simulated unhalted cycles
   cCycles: 148874768 # Cycles due to contention stalls
   instrs: 100000358 # Simulated instructions
   uops: 101912359 # Retired micro-ops
   bbls: 27652637 # Basic blocks
   approxInstrs: 22402 # Instrs with approx uop decoding
   mispredBranches: 1591224 # Mispredicted branches
   condBranches: 25800926 # conditional branches
 l1i: # Cache stats
  l1i-0: # Filter cache stats
   fhGETS: 35449715 # Filtered GETS hits
   fhGETX: 0 # Filtered GETX hits
   hGETS: 0 # GETS hits
   hGETX: 0 # GETX hits
   mGETS: 6401 # GETS misses
   mGETXIM: 0 # GETX I->M misses
   mGETXSM: 0 # GETX S->M misses (upgrade misses)
   PUTS: 0 # Clean evictions (from lower level)
   PUTX: 0 # Dirty evictions (from lower level)
   INV: 6386 # Invalidates (from upper level)
   INVX: 0 # Downgrades (from upper level)
   FWD: 0 # Forwards (from upper level)
   latGETnl: 793724 # GET request latency on next level
   latGETnet: 0 # GET request latency on network to next level
 l1d: # Cache stats
  l1d-0: # Filter cache stats
   fhGETS: 22267782 # Filtered GETS hits
   fhGETX: 2287879 # Filtered GETX hits
   hGETS: 1846441 # GETS hits
   hGETX: 3248923 # GETX hits
   mGETS: 12462418 # GETS misses
   mGETXIM: 254326 # GETX I->M misses
   mGETXSM: 0 # GETX S->M misses (upgrade misses)
   PUTS: 0 # Clean evictions (from lower level)
   PUTX: 0 # Dirty evictions (from lower level)
   INV: 6266 # Invalidates (from upper level)
   INVX: 0 # Downgrades (from upper level)
   FWD: 0 # Forwards (from upper level)
   latGETnl: 1104855866 # GET request latency on next level
   latGETnet: 0 # GET request latency on network to next level
 l2: # Cache stats
  l2-0: # Cache stats
   hGETS: 2411662 # GETS hits
   hGETX: 80633 # GETX hits
   mGETS: 10057157 # GETS misses
   mGETXIM: 173693 # GETX I->M misses
   mGETXSM: 0 # GETX S->M misses (upgrade misses)
   PUTS: 9456208 # Clean evictions (from lower level)
   PUTX: 3253758 # Dirty evictions (from lower level)
   INV: 33562 # Invalidates (from upper level)
   INVX: 0 # Downgrades (from upper level)
   FWD: 0 # Forwards (from upper level)
   latGETnl: 978418140 # GET request latency on next level
   latGETnet: 0 # GET request latency on network to next level
 l3: # Cache stats
  l3-0: # Cache stats
   hGETS: 2036409 # GETS hits
   hGETX: 51355 # GETX hits
   mGETS: 8020748 # GETS misses
   mGETXIM: 122338 # GETX I->M misses
   mGETXSM: 0 # GETX S->M misses (upgrade misses)
   PUTS: 7425730 # Clean evictions (from lower level)
   PUTX: 2767464 # Dirty evictions (from lower level)
   INV: 0 # Invalidates (from upper level)
   INVX: 0 # Downgrades (from upper level)
   FWD: 0 # Forwards (from upper level)
   latGETnl: 732877740 # GET request latency on next level
   latGETnet: 0 # GET request latency on network to next level
 mem: # Memory controller stats
  mem-0: # Memory controller stats
   rd: 2033145 # Read requests
   wr: 656382 # Write requests
   rdlat: 276807623 # Total latency experienced by read requests
   wrlat: 95731337 # Total latency experienced by write requests
   rdhits: 2403 # Read row hits
   wrhits: 2218 # Write row hits
   mlh: # latency histogram for memory requests
    0: 0
    1: 0
    2: 0
    3: 0
    4: 0
    5: 0
    6: 0
    7: 0
    8: 0
    9: 0
    10: 0
    11: 319
    12: 442
    13: 1793456
    14: 141176
    15: 48775
    16: 13869
    17: 2883
    18: 1052
    19: 1040
    20: 1184
    21: 1427
    22: 995
    23: 1414
    24: 3353
    25: 1720
    26: 489
    27: 596
    28: 635
    29: 712
    30: 1144
    31: 1436
    32: 1197
    33: 1188
    34: 1260
    35: 1366
    36: 1360
    37: 1264
    38: 1165
    39: 1221
    40: 1217
    41: 1101
    42: 1119
    43: 519
    44: 256
    45: 183
    46: 136
    47: 253
    48: 154
    49: 34
    50: 13
    51: 5
    52: 7
    53: 4
    54: 4
    55: 2
    56: 0
    57: 0
    58: 0
    59: 0
    60: 0
    61: 0
    62: 0
    63: 0
    64: 0
    65: 0
    66: 0
    67: 0
    68: 0
    69: 0
    70: 0
    71: 0
    72: 0
    73: 0
    74: 0
    75: 0
    76: 0
    77: 0
    78: 0
    79: 0
    80: 0
    81: 0
    82: 0
    83: 0
    84: 0
    85: 0
    86: 0
    87: 0
    88: 0
    89: 0
    90: 0
    91: 0
    92: 0
    93: 0
    94: 0
    95: 0
    96: 0
    97: 0
    98: 0
    99: 0
  mem-1: # Memory controller stats
   rd: 2031646 # Read requests
   wr: 656205 # Write requests
   rdlat: 276595549 # Total latency experienced by read requests
   wrlat: 95822231 # Total latency experienced by write requests
   rdhits: 2401 # Read row hits
   wrhits: 2246 # Write row hits
   mlh: # latency histogram for memory requests
    0: 0
    1: 0
    2: 0
    3: 0
    4: 0
    5: 0
    6: 0
    7: 0
    8: 0
    9: 0
    10: 0
    11: 305
    12: 532
    13: 1791844
    14: 140669
    15: 49287
    16: 14248
    17: 2760
    18: 1033
    19: 1101
    20: 1301
    21: 1273
    22: 965
    23: 1415
    24: 3042
    25: 1903
    26: 534
    27: 586
    28: 653
    29: 727
    30: 1118
    31: 1394
    32: 1103
    33: 1203
    34: 1273
    35: 1352
    36: 1353
    37: 1274
    38: 1150
    39: 1233
    40: 1141
    41: 1135
    42: 1167
    43: 516
    44: 229
    45: 177
    46: 144
    47: 248
    48: 149
    49: 58
    50: 13
    51: 16
    52: 7
    53: 6
    54: 4
    55: 1
    56: 0
    57: 3
    58: 1
    59: 0
    60: 0
    61: 0
    62: 0
    63: 0
    64: 0
    65: 0
    66: 0
    67: 0
    68: 0
    69: 0
    70: 0
    71: 0
    72: 0
    73: 0
    74: 0
    75: 0
    76: 0
    77: 0
    78: 0
    79: 0
    80: 0
    81: 0
    82: 0
    83: 0
    84: 0
    85: 0
    86: 0
    87: 0
    88: 0
    89: 0
    90: 0
    91: 0
    92: 0
    93: 0
    94: 0
    95: 0
    96: 0
    97: 0
    98: 0
    99: 0
  mem-2: # Memory controller stats
   rd: 2050504 # Read requests
   wr: 655658 # Write requests
   rdlat: 279222394 # Total latency experienced by read requests
   wrlat: 95874907 # Total latency experienced by write requests
   rdhits: 2499 # Read row hits
   wrhits: 2321 # Write row hits
   mlh: # latency histogram for memory requests
    0: 0
    1: 0
    2: 0
    3: 0
    4: 0
    5: 0
    6: 0
    7: 0
    8: 0
    9: 0
    10: 0
    11: 324
    12: 695
    13: 1803095
    14: 148602
    15: 49602
    16: 12948
    17: 2407
    18: 1018
    19: 1047
    20: 1226
    21: 1310
    22: 1049
    23: 1512
    24: 3676
    25: 1830
    26: 510
    27: 670
    28: 630
    29: 739
    30: 1065
    31: 1472
    32: 1165
    33: 1191
    34: 1296
    35: 1389
    36: 1323
    37: 1311
    38: 1219
    39: 1178
    40: 1189
    41: 1102
    42: 1149
    43: 520
    44: 230
    45: 176
    46: 145
    47: 235
    48: 163
    49: 43
    50: 12
    51: 13
    52: 4
    53: 12
    54: 8
    55: 1
    56: 2
    57: 0
    58: 1
    59: 0
    60: 0
    61: 0
    62: 0
    63: 0
    64: 0
    65: 0
    66: 0
    67: 0
    68: 0
    69: 0
    70: 0
    71: 0
    72: 0
    73: 0
    74: 0
    75: 0
    76: 0
    77: 0
    78: 0
    79: 0
    80: 0
    81: 0
    82: 0
    83: 0
    84: 0
    85: 0
    86: 0
    87: 0
    88: 0
    89: 0
    90: 0
    91: 0
    92: 0
    93: 0
    94: 0
    95: 0
    96: 0
    97: 0
    98: 0
    99: 0
  mem-3: # Memory controller stats
   rd: 2027728 # Read requests
   wr: 655621 # Write requests
   rdlat: 276159053 # Total latency experienced by read requests
   wrlat: 95588966 # Total latency experienced by write requests
   rdhits: 2540 # Read row hits
   wrhits: 2141 # Write row hits
   mlh: # latency histogram for memory requests
    0: 0
    1: 0
    2: 0
    3: 0
    4: 0
    5: 0
    6: 0
    7: 0
    8: 0
    9: 0
    10: 0
    11: 363
    12: 551
    13: 1787576
    14: 140103
    15: 49411
    16: 14687
    17: 2487
    18: 1043
    19: 1053
    20: 1314
    21: 1439
    22: 944
    23: 1341
    24: 3488
    25: 1658
    26: 528
    27: 619
    28: 617
    29: 746
    30: 1127
    31: 1523
    32: 1164
    33: 1161
    34: 1278
    35: 1418
    36: 1342
    37: 1300
    38: 1168
    39: 1226
    40: 1110
    41: 1166
    42: 1156
    43: 528
    44: 287
    45: 208
    46: 150
    47: 234
    48: 121
    49: 48
    50: 11
    51: 8
    52: 8
    53: 5
    54: 7
    55: 2
    56: 0
    57: 4
    58: 0
    59: 0
    60: 0
    61: 0
    62: 0
    63: 0
    64: 0
    65: 0
    66: 0
    67: 0
    68: 0
    69: 0
    70: 0
    71: 0
    72: 0
    73: 0
    74: 0
    75: 0
    76: 0
    77: 0
    78: 0
    79: 0
    80: 0
    81: 0
    82: 0
    83: 0
    84: 0
    85: 0
    86: 0
    87: 0
    88: 0
    89: 0
    90: 0
    91: 0
    92: 0
    93: 0
    94: 0
    95: 0
    96: 0
    97: 0
    98: 0
    99: 0
 sched: # Scheduler stats
  thCr: 1 # Threads created
  thFn: 1 # Threads finished
  schedEvs: 1 # Schedule events
  waitEvs: 0 # Wait events
  handoffEvs: 0 # Handoff events
  sleepEvs: 0 # Sleep events
  idlePhases: 0 # Phases with no thread active
  idlePeriods: 0 # Periods with no thread active
  occHist: # Occupancy histogram
   0: 0
   1: 65303
  rqSzHist: # Run queue size histogram
   0: 65303
   1: 0
   2: 0
   3: 0
   4: 0
   5: 0
   6: 0
   7: 0
   8: 0
   9: 0
   10: 0
   11: 0
   12: 0
   13: 0
   14: 0
   15: 0
   16: 0
 procCycles: # Per-process unhalted core cycles
  0: 653032650
  1: 0
  2: 0
  3: 0
  4: 0
  5: 0
  6: 0
  7: 0
  8: 0
  9: 0
  10: 0
  11: 0
  12: 0
  13: 0
  14: 0
  15: 0
  16: 0
  17: 0
  18: 0
  19: 0
  20: 0
  21: 0
  22: 0
  23: 0
  24: 0
  25: 0
  26: 0
  27: 0
  28: 0
  29: 0
  30: 0
  31: 0
  32: 0
  33: 0
  34: 0
  35: 0
  36: 0
  37: 0
  38: 0
  39: 0
  40: 0
  41: 0
  42: 0
  43: 0
  44: 0
  45: 0
  46: 0
  47: 0
  48: 0
  49: 0
  50: 0
  51: 0
  52: 0
  53: 0
  54: 0
  55: 0
  56: 0
  57: 0
  58: 0
  59: 0
  60: 0
  61: 0
  62: 0
  63: 0
 procInstrs: # Per-process instructions
  0: 100000358
  1: 0
  2: 0
  3: 0
  4: 0
  5: 0
  6: 0
  7: 0
  8: 0
  9: 0
  10: 0
  11: 0
  12: 0
  13: 0
  14: 0
  15: 0
  16: 0
  17: 0
  18: 0
  19: 0
  20: 0
  21: 0
  22: 0
  23: 0
  24: 0
  25: 0
  26: 0
  27: 0
  28: 0
  29: 0
  30: 0
  31: 0
  32: 0
  33: 0
  34: 0
  35: 0
  36: 0
  37: 0
  38: 0
  39: 0
  40: 0
  41: 0
  42: 0
  43: 0
  44: 0
  45: 0
  46: 0
  47: 0
  48: 0
  49: 0
  50: 0
  51: 0
  52: 0
  53: 0
  54: 0
  55: 0
  56: 0
  57: 0
  58: 0
  59: 0
  60: 0
  61: 0
  62: 0
  63: 0
 heartbeats: # Per-process heartbeats
  0: 0
  1: 0
  2: 0
  3: 0
  4: 0
  5: 0
  6: 0
  7: 0
  8: 0
  9: 0
  10: 0
  11: 0
  12: 0
  13: 0
  14: 0
  15: 0
  16: 0
  17: 0
  18: 0
  19: 0
  20: 0
  21: 0
  22: 0
  23: 0
  24: 0
  25: 0
  26: 0
  27: 0
  28: 0
  29: 0
  30: 0
  31: 0
  32: 0
  33: 0
  34: 0
  35: 0
  36: 0
  37: 0
  38: 0
  39: 0
  40: 0
  41: 0
  42: 0
  43: 0
  44: 0
  45: 0
  46: 0
  47: 0
  48: 0
  49: 0
  50: 0
  51: 0
  52: 0
  53: 0
  54: 0
  55: 0
  56: 0
  57: 0
  58: 0
  59: 0
  60: 0
  61: 0
  62: 0
  63: 0
===
