# zsim stats
===
root: # Stats
 contention: # Contention simulation stats
  domain-0: # Domain stats
   time: 197895789 # Weave simulation time
 time: # Simulator time breakdown
  init: 479312485388
  bound: 6205416454
  weave: 354712590
  ff: 0
 trigger: 20000 # Reason for this stats dump
 phase: 12992 # Simulated phases
 westmere: # Core stats
  westmere-0: # Core stats
   cycles: 129920001 # Simulated unhalted cycles
   cCycles: 9176935 # Cycles due to contention stalls
   instrs: 100001650 # Simulated instructions
   uops: 119436169 # Retired micro-ops
   bbls: 22505050 # Basic blocks
   approxInstrs: 237099 # Instrs with approx uop decoding
   mispredBranches: 1138015 # Mispredicted branches
   condBranches: 17115747 # conditional branches
 l1i: # Cache stats
  l1i-0: # Filter cache stats
   fhGETS: 25094034 # Filtered GETS hits
   fhGETX: 0 # Filtered GETX hits
   hGETS: 2022112 # GETS hits
   hGETX: 0 # GETX hits
   mGETS: 703678 # GETS misses
   mGETXIM: 0 # GETX I->M misses
   mGETXSM: 0 # GETX S->M misses (upgrade misses)
   PUTS: 0 # Clean evictions (from lower level)
   PUTX: 0 # Dirty evictions (from lower level)
   INV: 3687 # Invalidates (from upper level)
   INVX: 0 # Downgrades (from upper level)
   FWD: 0 # Forwards (from upper level)
   latGETnl: 8963350 # GET request latency on next level
   latGETnet: 0 # GET request latency on network to next level
 l1d: # Cache stats
  l1d-0: # Filter cache stats
   fhGETS: 23242859 # Filtered GETS hits
   fhGETX: 15445325 # Filtered GETX hits
   hGETS: 2042149 # GETS hits
   hGETX: 992286 # GETX hits
   mGETS: 1505931 # GETS misses
   mGETXIM: 1556187 # GETX I->M misses
   mGETXSM: 0 # GETX S->M misses (upgrade misses)
   PUTS: 0 # Clean evictions (from lower level)
   PUTX: 0 # Dirty evictions (from lower level)
   INV: 391 # Invalidates (from upper level)
   INVX: 0 # Downgrades (from upper level)
   FWD: 0 # Forwards (from upper level)
   latGETnl: 99770550 # GET request latency on next level
   latGETnet: 0 # GET request latency on network to next level
 l2: # Cache stats
  l2-0: # Cache stats
   hGETS: 1060597 # GETS hits
   hGETX: 951569 # GETX hits
   mGETS: 1149012 # GETS misses
   mGETXIM: 604618 # GETX I->M misses
   mGETXSM: 0 # GETX S->M misses (upgrade misses)
   PUTS: 1908001 # Clean evictions (from lower level)
   PUTX: 1852695 # Dirty evictions (from lower level)
   INV: 7930 # Invalidates (from upper level)
   INVX: 0 # Downgrades (from upper level)
   FWD: 0 # Forwards (from upper level)
   latGETnl: 71075940 # GET request latency on next level
   latGETnet: 0 # GET request latency on network to next level
 l3: # Cache stats
  l3-0: # Cache stats
   hGETS: 888523 # GETS hits
   hGETX: 543009 # GETX hits
   mGETS: 260489 # GETS misses
   mGETXIM: 61609 # GETX I->M misses
   mGETXSM: 0 # GETX S->M misses (upgrade misses)
   PUTS: 982397 # Clean evictions (from lower level)
   PUTX: 759208 # Dirty evictions (from lower level)
   INV: 0 # Invalidates (from upper level)
   INVX: 0 # Downgrades (from upper level)
   FWD: 0 # Forwards (from upper level)
   latGETnl: 28988820 # GET request latency on next level
   latGETnet: 0 # GET request latency on network to next level
 mem: # Memory controller stats
  mem-0: # Memory controller stats
   rd: 82620 # Read requests
   wr: 20026 # Write requests
   rdlat: 11095545 # Total latency experienced by read requests
   wrlat: 2922616 # Total latency experienced by write requests
   rdhits: 34 # Read row hits
   wrhits: 21 # Write row hits
   mlh: # latency histogram for memory requests
    0: 0
    1: 0
    2: 0
    3: 0
    4: 0
    5: 0
    6: 0
    7: 0
    8: 0
    9: 0
    10: 0
    11: 7
    12: 5
    13: 79942
    14: 601
    15: 536
    16: 268
    17: 53
    18: 52
    19: 53
    20: 59
    21: 39
    22: 34
    23: 41
    24: 61
    25: 46
    26: 44
    27: 44
    28: 37
    29: 37
    30: 37
    31: 48
    32: 53
    33: 47
    34: 57
    35: 51
    36: 63
    37: 40
    38: 37
    39: 49
    40: 48
    41: 45
    42: 53
    43: 20
    44: 5
    45: 1
    46: 5
    47: 1
    48: 0
    49: 0
    50: 1
    51: 0
    52: 0
    53: 0
    54: 0
    55: 0
    56: 0
    57: 0
    58: 0
    59: 0
    60: 0
    61: 0
    62: 0
    63: 0
    64: 0
    65: 0
    66: 0
    67: 0
    68: 0
    69: 0
    70: 0
    71: 0
    72: 0
    73: 0
    74: 0
    75: 0
    76: 0
    77: 0
    78: 0
    79: 0
    80: 0
    81: 0
    82: 0
    83: 0
    84: 0
    85: 0
    86: 0
    87: 0
    88: 0
    89: 0
    90: 0
    91: 0
    92: 0
    93: 0
    94: 0
    95: 0
    96: 0
    97: 0
    98: 0
    99: 0
  mem-1: # Memory controller stats
   rd: 78362 # Read requests
   wr: 20053 # Write requests
   rdlat: 10522241 # Total latency experienced by read requests
   wrlat: 2919184 # Total latency experienced by write requests
   rdhits: 36 # Read row hits
   wrhits: 19 # Write row hits
   mlh: # latency histogram for memory requests
    0: 0
    1: 0
    2: 0
    3: 0
    4: 0
    5: 0
    6: 0
    7: 0
    8: 0
    9: 0
    10: 0
    11: 7
    12: 7
    13: 75728
    14: 720
    15: 476
    16: 229
    17: 62
    18: 47
    19: 58
    20: 56
    21: 36
    22: 42
    23: 30
    24: 55
    25: 46
    26: 37
    27: 33
    28: 38
    29: 34
    30: 43
    31: 45
    32: 47
    33: 39
    34: 41
    35: 42
    36: 53
    37: 42
    38: 60
    39: 37
    40: 48
    41: 47
    42: 51
    43: 16
    44: 5
    45: 1
    46: 3
    47: 1
    48: 0
    49: 0
    50: 0
    51: 0
    52: 0
    53: 0
    54: 0
    55: 0
    56: 0
    57: 0
    58: 0
    59: 0
    60: 0
    61: 0
    62: 0
    63: 0
    64: 0
    65: 0
    66: 0
    67: 0
    68: 0
    69: 0
    70: 0
    71: 0
    72: 0
    73: 0
    74: 0
    75: 0
    76: 0
    77: 0
    78: 0
    79: 0
    80: 0
    81: 0
    82: 0
    83: 0
    84: 0
    85: 0
    86: 0
    87: 0
    88: 0
    89: 0
    90: 0
    91: 0
    92: 0
    93: 0
    94: 0
    95: 0
    96: 0
    97: 0
    98: 0
    99: 0
  mem-2: # Memory controller stats
   rd: 82867 # Read requests
   wr: 20145 # Write requests
   rdlat: 11126756 # Total latency experienced by read requests
   wrlat: 2936874 # Total latency experienced by write requests
   rdhits: 64 # Read row hits
   wrhits: 19 # Write row hits
   mlh: # latency histogram for memory requests
    0: 0
    1: 0
    2: 0
    3: 0
    4: 0
    5: 0
    6: 0
    7: 0
    8: 0
    9: 0
    10: 0
    11: 23
    12: 13
    13: 80239
    14: 605
    15: 511
    16: 204
    17: 53
    18: 46
    19: 56
    20: 77
    21: 44
    22: 45
    23: 45
    24: 42
    25: 44
    26: 26
    27: 37
    28: 39
    29: 29
    30: 46
    31: 64
    32: 55
    33: 50
    34: 48
    35: 46
    36: 56
    37: 57
    38: 47
    39: 42
    40: 50
    41: 53
    42: 47
    43: 16
    44: 2
    45: 1
    46: 4
    47: 4
    48: 1
    49: 0
    50: 0
    51: 0
    52: 0
    53: 0
    54: 0
    55: 0
    56: 0
    57: 0
    58: 0
    59: 0
    60: 0
    61: 0
    62: 0
    63: 0
    64: 0
    65: 0
    66: 0
    67: 0
    68: 0
    69: 0
    70: 0
    71: 0
    72: 0
    73: 0
    74: 0
    75: 0
    76: 0
    77: 0
    78: 0
    79: 0
    80: 0
    81: 0
    82: 0
    83: 0
    84: 0
    85: 0
    86: 0
    87: 0
    88: 0
    89: 0
    90: 0
    91: 0
    92: 0
    93: 0
    94: 0
    95: 0
    96: 0
    97: 0
    98: 0
    99: 0
  mem-3: # Memory controller stats
   rd: 78249 # Read requests
   wr: 19845 # Write requests
   rdlat: 10505912 # Total latency experienced by read requests
   wrlat: 2894643 # Total latency experienced by write requests
   rdhits: 49 # Read row hits
   wrhits: 27 # Write row hits
   mlh: # latency histogram for memory requests
    0: 0
    1: 0
    2: 0
    3: 0
    4: 0
    5: 0
    6: 0
    7: 0
    8: 0
    9: 0
    10: 0
    11: 16
    12: 8
    13: 75587
    14: 746
    15: 446
    16: 250
    17: 58
    18: 53
    19: 55
    20: 48
    21: 50
    22: 24
    23: 47
    24: 53
    25: 56
    26: 22
    27: 36
    28: 53
    29: 40
    30: 35
    31: 45
    32: 39
    33: 39
    34: 32
    35: 56
    36: 56
    37: 64
    38: 36
    39: 47
    40: 40
    41: 47
    42: 38
    43: 14
    44: 7
    45: 1
    46: 1
    47: 3
    48: 0
    49: 0
    50: 0
    51: 0
    52: 0
    53: 0
    54: 1
    55: 0
    56: 0
    57: 0
    58: 0
    59: 0
    60: 0
    61: 0
    62: 0
    63: 0
    64: 0
    65: 0
    66: 0
    67: 0
    68: 0
    69: 0
    70: 0
    71: 0
    72: 0
    73: 0
    74: 0
    75: 0
    76: 0
    77: 0
    78: 0
    79: 0
    80: 0
    81: 0
    82: 0
    83: 0
    84: 0
    85: 0
    86: 0
    87: 0
    88: 0
    89: 0
    90: 0
    91: 0
    92: 0
    93: 0
    94: 0
    95: 0
    96: 0
    97: 0
    98: 0
    99: 0
 sched: # Scheduler stats
  thCr: 1 # Threads created
  thFn: 1 # Threads finished
  schedEvs: 1 # Schedule events
  waitEvs: 0 # Wait events
  handoffEvs: 0 # Handoff events
  sleepEvs: 0 # Sleep events
  idlePhases: 0 # Phases with no thread active
  idlePeriods: 0 # Periods with no thread active
  occHist: # Occupancy histogram
   0: 0
   1: 12992
  rqSzHist: # Run queue size histogram
   0: 12992
   1: 0
   2: 0
   3: 0
   4: 0
   5: 0
   6: 0
   7: 0
   8: 0
   9: 0
   10: 0
   11: 0
   12: 0
   13: 0
   14: 0
   15: 0
   16: 0
 procCycles: # Per-process unhalted core cycles
  0: 129920001
  1: 0
  2: 0
  3: 0
  4: 0
  5: 0
  6: 0
  7: 0
  8: 0
  9: 0
  10: 0
  11: 0
  12: 0
  13: 0
  14: 0
  15: 0
  16: 0
  17: 0
  18: 0
  19: 0
  20: 0
  21: 0
  22: 0
  23: 0
  24: 0
  25: 0
  26: 0
  27: 0
  28: 0
  29: 0
  30: 0
  31: 0
  32: 0
  33: 0
  34: 0
  35: 0
  36: 0
  37: 0
  38: 0
  39: 0
  40: 0
  41: 0
  42: 0
  43: 0
  44: 0
  45: 0
  46: 0
  47: 0
  48: 0
  49: 0
  50: 0
  51: 0
  52: 0
  53: 0
  54: 0
  55: 0
  56: 0
  57: 0
  58: 0
  59: 0
  60: 0
  61: 0
  62: 0
  63: 0
 procInstrs: # Per-process instructions
  0: 100001650
  1: 0
  2: 0
  3: 0
  4: 0
  5: 0
  6: 0
  7: 0
  8: 0
  9: 0
  10: 0
  11: 0
  12: 0
  13: 0
  14: 0
  15: 0
  16: 0
  17: 0
  18: 0
  19: 0
  20: 0
  21: 0
  22: 0
  23: 0
  24: 0
  25: 0
  26: 0
  27: 0
  28: 0
  29: 0
  30: 0
  31: 0
  32: 0
  33: 0
  34: 0
  35: 0
  36: 0
  37: 0
  38: 0
  39: 0
  40: 0
  41: 0
  42: 0
  43: 0
  44: 0
  45: 0
  46: 0
  47: 0
  48: 0
  49: 0
  50: 0
  51: 0
  52: 0
  53: 0
  54: 0
  55: 0
  56: 0
  57: 0
  58: 0
  59: 0
  60: 0
  61: 0
  62: 0
  63: 0
 heartbeats: # Per-process heartbeats
  0: 0
  1: 0
  2: 0
  3: 0
  4: 0
  5: 0
  6: 0
  7: 0
  8: 0
  9: 0
  10: 0
  11: 0
  12: 0
  13: 0
  14: 0
  15: 0
  16: 0
  17: 0
  18: 0
  19: 0
  20: 0
  21: 0
  22: 0
  23: 0
  24: 0
  25: 0
  26: 0
  27: 0
  28: 0
  29: 0
  30: 0
  31: 0
  32: 0
  33: 0
  34: 0
  35: 0
  36: 0
  37: 0
  38: 0
  39: 0
  40: 0
  41: 0
  42: 0
  43: 0
  44: 0
  45: 0
  46: 0
  47: 0
  48: 0
  49: 0
  50: 0
  51: 0
  52: 0
  53: 0
  54: 0
  55: 0
  56: 0
  57: 0
  58: 0
  59: 0
  60: 0
  61: 0
  62: 0
  63: 0
===
