# zsim stats
===
root: # Stats
 contention: # Contention simulation stats
  domain-0: # Domain stats
   time: 139011241 # Weave simulation time
 time: # Simulator time breakdown
  init: 2498173442024
  bound: 5008862750
  weave: 225716234
  ff: 0
 trigger: 20000 # Reason for this stats dump
 phase: 6289 # Simulated phases
 westmere: # Core stats
  westmere-0: # Core stats
   cycles: 62890730 # Simulated unhalted cycles
   cCycles: 4945491 # Cycles due to contention stalls
   instrs: 100014034 # Simulated instructions
   uops: 142688453 # Retired micro-ops
   bbls: 4786085 # Basic blocks
   approxInstrs: 432 # Instrs with approx uop decoding
   mispredBranches: 23099 # Mispredicted branches
   condBranches: 4718774 # conditional branches
 l1i: # Cache stats
  l1i-0: # Filter cache stats
   fhGETS: 9441325 # Filtered GETS hits
   fhGETX: 0 # Filtered GETX hits
   hGETS: 20735 # GETS hits
   hGETX: 0 # GETX hits
   mGETS: 1886 # GETS misses
   mGETXIM: 0 # GETX I->M misses
   mGETXSM: 0 # GETX S->M misses (upgrade misses)
   PUTS: 0 # Clean evictions (from lower level)
   PUTX: 0 # Dirty evictions (from lower level)
   INV: 0 # Invalidates (from upper level)
   INVX: 0 # Downgrades (from upper level)
   FWD: 0 # Forwards (from upper level)
   latGETnl: 115790 # GET request latency on next level
   latGETnet: 0 # GET request latency on network to next level
 l1d: # Cache stats
  l1d-0: # Filter cache stats
   fhGETS: 27009816 # Filtered GETS hits
   fhGETX: 9102653 # Filtered GETX hits
   hGETS: 15825823 # GETS hits
   hGETX: 5952876 # GETX hits
   mGETS: 243485 # GETS misses
   mGETXIM: 291859 # GETX I->M misses
   mGETXSM: 0 # GETX S->M misses (upgrade misses)
   PUTS: 0 # Clean evictions (from lower level)
   PUTX: 0 # Dirty evictions (from lower level)
   INV: 0 # Invalidates (from upper level)
   INVX: 0 # Downgrades (from upper level)
   FWD: 0 # Forwards (from upper level)
   latGETnl: 24791208 # GET request latency on next level
   latGETnet: 0 # GET request latency on network to next level
 l2: # Cache stats
  l2-0: # Cache stats
   hGETS: 215606 # GETS hits
   hGETX: 1452 # GETX hits
   mGETS: 29765 # GETS misses
   mGETXIM: 290407 # GETX I->M misses
   mGETXSM: 0 # GETX S->M misses (upgrade misses)
   PUTS: 243669 # Clean evictions (from lower level)
   PUTX: 292614 # Dirty evictions (from lower level)
   INV: 0 # Invalidates (from upper level)
   INVX: 0 # Downgrades (from upper level)
   FWD: 0 # Forwards (from upper level)
   latGETnl: 19534698 # GET request latency on next level
   latGETnet: 0 # GET request latency on network to next level
 l3: # Cache stats
  l3-0: # Cache stats
   hGETS: 24693 # GETS hits
   hGETX: 163806 # GETX hits
   mGETS: 5072 # GETS misses
   mGETXIM: 126601 # GETX I->M misses
   mGETXSM: 0 # GETX S->M misses (upgrade misses)
   PUTS: 27516 # Clean evictions (from lower level)
   PUTX: 288560 # Dirty evictions (from lower level)
   INV: 0 # Invalidates (from upper level)
   INVX: 0 # Downgrades (from upper level)
   FWD: 0 # Forwards (from upper level)
   latGETnl: 11850570 # GET request latency on next level
   latGETnet: 0 # GET request latency on network to next level
 mem: # Memory controller stats
  mem-0: # Memory controller stats
   rd: 32893 # Read requests
   wr: 24070 # Write requests
   rdlat: 5005953 # Total latency experienced by read requests
   wrlat: 3634533 # Total latency experienced by write requests
   rdhits: 6 # Read row hits
   wrhits: 160 # Write row hits
   mlh: # latency histogram for memory requests
    0: 0
    1: 0
    2: 0
    3: 0
    4: 0
    5: 0
    6: 0
    7: 0
    8: 0
    9: 0
    10: 0
    11: 0
    12: 1
    13: 24340
    14: 2918
    15: 46
    16: 28
    17: 8
    18: 17
    19: 17
    20: 13
    21: 17
    22: 23
    23: 4980
    24: 38
    25: 66
    26: 11
    27: 12
    28: 17
    29: 24
    30: 16
    31: 24
    32: 17
    33: 16
    34: 12
    35: 17
    36: 26
    37: 20
    38: 14
    39: 13
    40: 23
    41: 21
    42: 17
    43: 9
    44: 5
    45: 3
    46: 9
    47: 24
    48: 5
    49: 6
    50: 12
    51: 1
    52: 4
    53: 3
    54: 0
    55: 0
    56: 0
    57: 0
    58: 0
    59: 0
    60: 0
    61: 0
    62: 0
    63: 0
    64: 0
    65: 0
    66: 0
    67: 0
    68: 0
    69: 0
    70: 0
    71: 0
    72: 0
    73: 0
    74: 0
    75: 0
    76: 0
    77: 0
    78: 0
    79: 0
    80: 0
    81: 0
    82: 0
    83: 0
    84: 0
    85: 0
    86: 0
    87: 0
    88: 0
    89: 0
    90: 0
    91: 0
    92: 0
    93: 0
    94: 0
    95: 0
    96: 0
    97: 0
    98: 0
    99: 0
  mem-1: # Memory controller stats
   rd: 32908 # Read requests
   wr: 24118 # Write requests
   rdlat: 5011186 # Total latency experienced by read requests
   wrlat: 3639264 # Total latency experienced by write requests
   rdhits: 6 # Read row hits
   wrhits: 150 # Write row hits
   mlh: # latency histogram for memory requests
    0: 0
    1: 0
    2: 0
    3: 0
    4: 0
    5: 0
    6: 0
    7: 0
    8: 0
    9: 0
    10: 0
    11: 1
    12: 1
    13: 24389
    14: 2920
    15: 31
    16: 23
    17: 5
    18: 9
    19: 26
    20: 9
    21: 9
    22: 12
    23: 4952
    24: 28
    25: 76
    26: 21
    27: 24
    28: 21
    29: 22
    30: 18
    31: 16
    32: 23
    33: 12
    34: 16
    35: 12
    36: 15
    37: 15
    38: 16
    39: 14
    40: 24
    41: 28
    42: 28
    43: 17
    44: 5
    45: 4
    46: 8
    47: 24
    48: 5
    49: 5
    50: 5
    51: 6
    52: 9
    53: 4
    54: 0
    55: 0
    56: 0
    57: 0
    58: 0
    59: 0
    60: 0
    61: 0
    62: 0
    63: 0
    64: 0
    65: 0
    66: 0
    67: 0
    68: 0
    69: 0
    70: 0
    71: 0
    72: 0
    73: 0
    74: 0
    75: 0
    76: 0
    77: 0
    78: 0
    79: 0
    80: 0
    81: 0
    82: 0
    83: 0
    84: 0
    85: 0
    86: 0
    87: 0
    88: 0
    89: 0
    90: 0
    91: 0
    92: 0
    93: 0
    94: 0
    95: 0
    96: 0
    97: 0
    98: 0
    99: 0
  mem-2: # Memory controller stats
   rd: 32942 # Read requests
   wr: 24092 # Write requests
   rdlat: 5023455 # Total latency experienced by read requests
   wrlat: 3624112 # Total latency experienced by write requests
   rdhits: 4 # Read row hits
   wrhits: 150 # Write row hits
   mlh: # latency histogram for memory requests
    0: 0
    1: 0
    2: 0
    3: 0
    4: 0
    5: 0
    6: 0
    7: 0
    8: 0
    9: 0
    10: 0
    11: 0
    12: 0
    13: 24384
    14: 2923
    15: 37
    16: 37
    17: 20
    18: 11
    19: 18
    20: 9
    21: 15
    22: 22
    23: 4923
    24: 19
    25: 74
    26: 34
    27: 19
    28: 23
    29: 25
    30: 13
    31: 16
    32: 16
    33: 12
    34: 18
    35: 27
    36: 13
    37: 9
    38: 24
    39: 13
    40: 26
    41: 30
    42: 20
    43: 19
    44: 4
    45: 5
    46: 3
    47: 31
    48: 14
    49: 3
    50: 5
    51: 9
    52: 10
    53: 9
    54: 0
    55: 0
    56: 0
    57: 0
    58: 0
    59: 0
    60: 0
    61: 0
    62: 0
    63: 0
    64: 0
    65: 0
    66: 0
    67: 0
    68: 0
    69: 0
    70: 0
    71: 0
    72: 0
    73: 0
    74: 0
    75: 0
    76: 0
    77: 0
    78: 0
    79: 0
    80: 0
    81: 0
    82: 0
    83: 0
    84: 0
    85: 0
    86: 0
    87: 0
    88: 0
    89: 0
    90: 0
    91: 0
    92: 0
    93: 0
    94: 0
    95: 0
    96: 0
    97: 0
    98: 0
    99: 0
  mem-3: # Memory controller stats
   rd: 32926 # Read requests
   wr: 24117 # Write requests
   rdlat: 5016537 # Total latency experienced by read requests
   wrlat: 3630340 # Total latency experienced by write requests
   rdhits: 5 # Read row hits
   wrhits: 154 # Write row hits
   mlh: # latency histogram for memory requests
    0: 0
    1: 0
    2: 0
    3: 0
    4: 0
    5: 0
    6: 0
    7: 0
    8: 0
    9: 0
    10: 0
    11: 0
    12: 1
    13: 24442
    14: 2897
    15: 41
    16: 17
    17: 9
    18: 14
    19: 12
    20: 17
    21: 14
    22: 28
    23: 4889
    24: 27
    25: 65
    26: 23
    27: 17
    28: 25
    29: 26
    30: 20
    31: 22
    32: 18
    33: 18
    34: 25
    35: 11
    36: 22
    37: 10
    38: 21
    39: 20
    40: 19
    41: 27
    42: 25
    43: 15
    44: 12
    45: 1
    46: 11
    47: 30
    48: 11
    49: 6
    50: 1
    51: 6
    52: 7
    53: 4
    54: 0
    55: 0
    56: 0
    57: 0
    58: 0
    59: 0
    60: 0
    61: 0
    62: 0
    63: 0
    64: 0
    65: 0
    66: 0
    67: 0
    68: 0
    69: 0
    70: 0
    71: 0
    72: 0
    73: 0
    74: 0
    75: 0
    76: 0
    77: 0
    78: 0
    79: 0
    80: 0
    81: 0
    82: 0
    83: 0
    84: 0
    85: 0
    86: 0
    87: 0
    88: 0
    89: 0
    90: 0
    91: 0
    92: 0
    93: 0
    94: 0
    95: 0
    96: 0
    97: 0
    98: 0
    99: 0
 sched: # Scheduler stats
  thCr: 1 # Threads created
  thFn: 1 # Threads finished
  schedEvs: 1 # Schedule events
  waitEvs: 0 # Wait events
  handoffEvs: 0 # Handoff events
  sleepEvs: 0 # Sleep events
  idlePhases: 0 # Phases with no thread active
  idlePeriods: 0 # Periods with no thread active
  occHist: # Occupancy histogram
   0: 0
   1: 6289
  rqSzHist: # Run queue size histogram
   0: 6289
   1: 0
   2: 0
   3: 0
   4: 0
   5: 0
   6: 0
   7: 0
   8: 0
   9: 0
   10: 0
   11: 0
   12: 0
   13: 0
   14: 0
   15: 0
   16: 0
 procCycles: # Per-process unhalted core cycles
  0: 62890730
  1: 0
  2: 0
  3: 0
  4: 0
  5: 0
  6: 0
  7: 0
  8: 0
  9: 0
  10: 0
  11: 0
  12: 0
  13: 0
  14: 0
  15: 0
  16: 0
  17: 0
  18: 0
  19: 0
  20: 0
  21: 0
  22: 0
  23: 0
  24: 0
  25: 0
  26: 0
  27: 0
  28: 0
  29: 0
  30: 0
  31: 0
  32: 0
  33: 0
  34: 0
  35: 0
  36: 0
  37: 0
  38: 0
  39: 0
  40: 0
  41: 0
  42: 0
  43: 0
  44: 0
  45: 0
  46: 0
  47: 0
  48: 0
  49: 0
  50: 0
  51: 0
  52: 0
  53: 0
  54: 0
  55: 0
  56: 0
  57: 0
  58: 0
  59: 0
  60: 0
  61: 0
  62: 0
  63: 0
 procInstrs: # Per-process instructions
  0: 100014034
  1: 0
  2: 0
  3: 0
  4: 0
  5: 0
  6: 0
  7: 0
  8: 0
  9: 0
  10: 0
  11: 0
  12: 0
  13: 0
  14: 0
  15: 0
  16: 0
  17: 0
  18: 0
  19: 0
  20: 0
  21: 0
  22: 0
  23: 0
  24: 0
  25: 0
  26: 0
  27: 0
  28: 0
  29: 0
  30: 0
  31: 0
  32: 0
  33: 0
  34: 0
  35: 0
  36: 0
  37: 0
  38: 0
  39: 0
  40: 0
  41: 0
  42: 0
  43: 0
  44: 0
  45: 0
  46: 0
  47: 0
  48: 0
  49: 0
  50: 0
  51: 0
  52: 0
  53: 0
  54: 0
  55: 0
  56: 0
  57: 0
  58: 0
  59: 0
  60: 0
  61: 0
  62: 0
  63: 0
 heartbeats: # Per-process heartbeats
  0: 0
  1: 0
  2: 0
  3: 0
  4: 0
  5: 0
  6: 0
  7: 0
  8: 0
  9: 0
  10: 0
  11: 0
  12: 0
  13: 0
  14: 0
  15: 0
  16: 0
  17: 0
  18: 0
  19: 0
  20: 0
  21: 0
  22: 0
  23: 0
  24: 0
  25: 0
  26: 0
  27: 0
  28: 0
  29: 0
  30: 0
  31: 0
  32: 0
  33: 0
  34: 0
  35: 0
  36: 0
  37: 0
  38: 0
  39: 0
  40: 0
  41: 0
  42: 0
  43: 0
  44: 0
  45: 0
  46: 0
  47: 0
  48: 0
  49: 0
  50: 0
  51: 0
  52: 0
  53: 0
  54: 0
  55: 0
  56: 0
  57: 0
  58: 0
  59: 0
  60: 0
  61: 0
  62: 0
  63: 0
===
