# zsim stats
===
root: # Stats
 contention: # Contention simulation stats
  domain-0: # Domain stats
   time: 322423613 # Weave simulation time
 time: # Simulator time breakdown
  init: 2905644452
  bound: 145923887257
  weave: 4107997785
  ff: 0
 trigger: 20000 # Reason for this stats dump
 phase: 46676 # Simulated phases
 westmere: # Core stats
  westmere-0: # Core stats
   cycles: 384513976 # Simulated unhalted cycles
   cCycles: 448534 # Cycles due to contention stalls
   instrs: 629359804 # Simulated instructions
   uops: 710547276 # Retired micro-ops
   bbls: 65335893 # Basic blocks
   approxInstrs: 3236766 # Instrs with approx uop decoding
   mispredBranches: 840377 # Mispredicted branches
   condBranches: 54349764 # conditional branches
  westmere-1: # Core stats
   cycles: 376483298 # Simulated unhalted cycles
   cCycles: 518965 # Cycles due to contention stalls
   instrs: 617989991 # Simulated instructions
   uops: 697141885 # Retired micro-ops
   bbls: 63895858 # Basic blocks
   approxInstrs: 3134110 # Instrs with approx uop decoding
   mispredBranches: 814353 # Mispredicted branches
   condBranches: 53400635 # conditional branches
  westmere-2: # Core stats
   cycles: 366279178 # Simulated unhalted cycles
   cCycles: 369082 # Cycles due to contention stalls
   instrs: 605536333 # Simulated instructions
   uops: 682136515 # Retired micro-ops
   bbls: 62385442 # Basic blocks
   approxInstrs: 2988923 # Instrs with approx uop decoding
   mispredBranches: 772458 # Mispredicted branches
   condBranches: 52507422 # conditional branches
  westmere-3: # Core stats
   cycles: 375671491 # Simulated unhalted cycles
   cCycles: 409422 # Cycles due to contention stalls
   instrs: 617737064 # Simulated instructions
   uops: 696786825 # Retired micro-ops
   bbls: 63895545 # Basic blocks
   approxInstrs: 3110337 # Instrs with approx uop decoding
   mispredBranches: 797062 # Mispredicted branches
   condBranches: 53442541 # conditional branches
  westmere-4: # Core stats
   cycles: 367281370 # Simulated unhalted cycles
   cCycles: 365720 # Cycles due to contention stalls
   instrs: 606694334 # Simulated instructions
   uops: 683479160 # Retired micro-ops
   bbls: 62549495 # Basic blocks
   approxInstrs: 3015133 # Instrs with approx uop decoding
   mispredBranches: 780161 # Mispredicted branches
   condBranches: 52637680 # conditional branches
  westmere-5: # Core stats
   cycles: 366352422 # Simulated unhalted cycles
   cCycles: 367678 # Cycles due to contention stalls
   instrs: 605172158 # Simulated instructions
   uops: 681736158 # Retired micro-ops
   bbls: 62269531 # Basic blocks
   approxInstrs: 3000079 # Instrs with approx uop decoding
   mispredBranches: 775727 # Mispredicted branches
   condBranches: 52383456 # conditional branches
  westmere-6: # Core stats
   cycles: 383794578 # Simulated unhalted cycles
   cCycles: 504854 # Cycles due to contention stalls
   instrs: 627900151 # Simulated instructions
   uops: 709054180 # Retired micro-ops
   bbls: 65091352 # Basic blocks
   approxInstrs: 3207673 # Instrs with approx uop decoding
   mispredBranches: 816510 # Mispredicted branches
   condBranches: 54097660 # conditional branches
  westmere-7: # Core stats
   cycles: 411185948 # Simulated unhalted cycles
   cCycles: 1287079 # Cycles due to contention stalls
   instrs: 689647582 # Simulated instructions
   uops: 773050559 # Retired micro-ops
   bbls: 68483630 # Basic blocks
   approxInstrs: 3195215 # Instrs with approx uop decoding
   mispredBranches: 819633 # Mispredicted branches
   condBranches: 57416418 # conditional branches
 l1i: # Cache stats
  l1i-0: # Filter cache stats
   fhGETS: 86215324 # Filtered GETS hits
   fhGETX: 0 # Filtered GETX hits
   hGETS: 2391939 # GETS hits
   hGETX: 0 # GETX hits
   mGETS: 769136 # GETS misses
   mGETXIM: 0 # GETX I->M misses
   mGETXSM: 0 # GETX S->M misses (upgrade misses)
   PUTS: 0 # Clean evictions (from lower level)
   PUTX: 0 # Dirty evictions (from lower level)
   INV: 0 # Invalidates (from upper level)
   INVX: 0 # Downgrades (from upper level)
   FWD: 0 # Forwards (from upper level)
   latGETnl: 8045132 # GET request latency on next level
   latGETnet: 0 # GET request latency on network to next level
  l1i-1: # Filter cache stats
   fhGETS: 84312781 # Filtered GETS hits
   fhGETX: 0 # Filtered GETX hits
   hGETS: 2372661 # GETS hits
   hGETX: 0 # GETX hits
   mGETS: 766165 # GETS misses
   mGETXIM: 0 # GETX I->M misses
   mGETXSM: 0 # GETX S->M misses (upgrade misses)
   PUTS: 0 # Clean evictions (from lower level)
   PUTX: 0 # Dirty evictions (from lower level)
   INV: 0 # Invalidates (from upper level)
   INVX: 0 # Downgrades (from upper level)
   FWD: 0 # Forwards (from upper level)
   latGETnl: 7980100 # GET request latency on next level
   latGETnet: 0 # GET request latency on network to next level
  l1i-2: # Filter cache stats
   fhGETS: 82234740 # Filtered GETS hits
   fhGETX: 0 # Filtered GETX hits
   hGETS: 2335236 # GETS hits
   hGETX: 0 # GETX hits
   mGETS: 770195 # GETS misses
   mGETXIM: 0 # GETX I->M misses
   mGETXSM: 0 # GETX S->M misses (upgrade misses)
   PUTS: 0 # Clean evictions (from lower level)
   PUTX: 0 # Dirty evictions (from lower level)
   INV: 0 # Invalidates (from upper level)
   INVX: 0 # Downgrades (from upper level)
   FWD: 0 # Forwards (from upper level)
   latGETnl: 7982822 # GET request latency on next level
   latGETnet: 0 # GET request latency on network to next level
  l1i-3: # Filter cache stats
   fhGETS: 84224268 # Filtered GETS hits
   fhGETX: 0 # Filtered GETX hits
   hGETS: 2359232 # GETS hits
   hGETX: 0 # GETX hits
   mGETS: 769557 # GETS misses
   mGETXIM: 0 # GETX I->M misses
   mGETXSM: 0 # GETX S->M misses (upgrade misses)
   PUTS: 0 # Clean evictions (from lower level)
   PUTX: 0 # Dirty evictions (from lower level)
   INV: 0 # Invalidates (from upper level)
   INVX: 0 # Downgrades (from upper level)
   FWD: 0 # Forwards (from upper level)
   latGETnl: 7996698 # GET request latency on next level
   latGETnet: 0 # GET request latency on network to next level
  l1i-4: # Filter cache stats
   fhGETS: 82469744 # Filtered GETS hits
   fhGETX: 0 # Filtered GETX hits
   hGETS: 2339444 # GETS hits
   hGETX: 0 # GETX hits
   mGETS: 764915 # GETS misses
   mGETXIM: 0 # GETX I->M misses
   mGETXSM: 0 # GETX S->M misses (upgrade misses)
   PUTS: 0 # Clean evictions (from lower level)
   PUTX: 0 # Dirty evictions (from lower level)
   INV: 12 # Invalidates (from upper level)
   INVX: 0 # Downgrades (from upper level)
   FWD: 0 # Forwards (from upper level)
   latGETnl: 7946348 # GET request latency on next level
   latGETnet: 0 # GET request latency on network to next level
  l1i-5: # Filter cache stats
   fhGETS: 82135211 # Filtered GETS hits
   fhGETX: 0 # Filtered GETX hits
   hGETS: 2339576 # GETS hits
   hGETX: 0 # GETX hits
   mGETS: 768231 # GETS misses
   mGETXIM: 0 # GETX I->M misses
   mGETXSM: 0 # GETX S->M misses (upgrade misses)
   PUTS: 0 # Clean evictions (from lower level)
   PUTX: 0 # Dirty evictions (from lower level)
   INV: 0 # Invalidates (from upper level)
   INVX: 0 # Downgrades (from upper level)
   FWD: 0 # Forwards (from upper level)
   latGETnl: 7953528 # GET request latency on next level
   latGETnet: 0 # GET request latency on network to next level
  l1i-6: # Filter cache stats
   fhGETS: 85834169 # Filtered GETS hits
   fhGETX: 0 # Filtered GETX hits
   hGETS: 2380203 # GETS hits
   hGETX: 0 # GETX hits
   mGETS: 768643 # GETS misses
   mGETXIM: 0 # GETX I->M misses
   mGETXSM: 0 # GETX S->M misses (upgrade misses)
   PUTS: 0 # Clean evictions (from lower level)
   PUTX: 0 # Dirty evictions (from lower level)
   INV: 0 # Invalidates (from upper level)
   INVX: 0 # Downgrades (from upper level)
   FWD: 0 # Forwards (from upper level)
   latGETnl: 8009968 # GET request latency on next level
   latGETnet: 0 # GET request latency on network to next level
  l1i-7: # Filter cache stats
   fhGETS: 91837491 # Filtered GETS hits
   fhGETX: 0 # Filtered GETX hits
   hGETS: 2380545 # GETS hits
   hGETX: 0 # GETX hits
   mGETS: 768470 # GETS misses
   mGETXIM: 0 # GETX I->M misses
   mGETXSM: 0 # GETX S->M misses (upgrade misses)
   PUTS: 0 # Clean evictions (from lower level)
   PUTX: 0 # Dirty evictions (from lower level)
   INV: 0 # Invalidates (from upper level)
   INVX: 0 # Downgrades (from upper level)
   FWD: 0 # Forwards (from upper level)
   latGETnl: 8159036 # GET request latency on next level
   latGETnet: 0 # GET request latency on network to next level
 l1d: # Cache stats
  l1d-0: # Filter cache stats
   fhGETS: 109375860 # Filtered GETS hits
   fhGETX: 33600303 # Filtered GETX hits
   hGETS: 4781462 # GETS hits
   hGETX: 1302916 # GETX hits
   mGETS: 5900049 # GETS misses
   mGETXIM: 267186 # GETX I->M misses
   mGETXSM: 6815 # GETX S->M misses (upgrade misses)
   PUTS: 0 # Clean evictions (from lower level)
   PUTX: 0 # Dirty evictions (from lower level)
   INV: 17077 # Invalidates (from upper level)
   INVX: 14334 # Downgrades (from upper level)
   FWD: 0 # Forwards (from upper level)
   latGETnl: 72730490 # GET request latency on next level
   latGETnet: 0 # GET request latency on network to next level
  l1d-1: # Filter cache stats
   fhGETS: 107192500 # Filtered GETS hits
   fhGETX: 32723366 # Filtered GETX hits
   hGETS: 4543869 # GETS hits
   hGETX: 1196276 # GETX hits
   mGETS: 5886003 # GETS misses
   mGETXIM: 273755 # GETX I->M misses
   mGETXSM: 7584 # GETX S->M misses (upgrade misses)
   PUTS: 0 # Clean evictions (from lower level)
   PUTX: 0 # Dirty evictions (from lower level)
   INV: 14982 # Invalidates (from upper level)
   INVX: 16553 # Downgrades (from upper level)
   FWD: 0 # Forwards (from upper level)
   latGETnl: 73123428 # GET request latency on next level
   latGETnet: 0 # GET request latency on network to next level
  l1d-2: # Filter cache stats
   fhGETS: 104737799 # Filtered GETS hits
   fhGETX: 31389186 # Filtered GETX hits
   hGETS: 4250848 # GETS hits
   hGETX: 1164634 # GETX hits
   mGETS: 5862337 # GETS misses
   mGETXIM: 246625 # GETX I->M misses
   mGETXSM: 5809 # GETX S->M misses (upgrade misses)
   PUTS: 0 # Clean evictions (from lower level)
   PUTX: 0 # Dirty evictions (from lower level)
   INV: 17230 # Invalidates (from upper level)
   INVX: 14059 # Downgrades (from upper level)
   FWD: 0 # Forwards (from upper level)
   latGETnl: 70467817 # GET request latency on next level
   latGETnet: 0 # GET request latency on network to next level
  l1d-3: # Filter cache stats
   fhGETS: 107115558 # Filtered GETS hits
   fhGETX: 32571115 # Filtered GETX hits
   hGETS: 4564024 # GETS hits
   hGETX: 1260733 # GETX hits
   mGETS: 5890657 # GETS misses
   mGETXIM: 264733 # GETX I->M misses
   mGETXSM: 6470 # GETX S->M misses (upgrade misses)
   PUTS: 0 # Clean evictions (from lower level)
   PUTX: 0 # Dirty evictions (from lower level)
   INV: 17568 # Invalidates (from upper level)
   INVX: 15330 # Downgrades (from upper level)
   FWD: 0 # Forwards (from upper level)
   latGETnl: 71991022 # GET request latency on next level
   latGETnet: 0 # GET request latency on network to next level
  l1d-4: # Filter cache stats
   fhGETS: 104885133 # Filtered GETS hits
   fhGETX: 31472048 # Filtered GETX hits
   hGETS: 4304445 # GETS hits
   hGETX: 1165968 # GETX hits
   mGETS: 5876345 # GETS misses
   mGETXIM: 246819 # GETX I->M misses
   mGETXSM: 6973 # GETX S->M misses (upgrade misses)
   PUTS: 0 # Clean evictions (from lower level)
   PUTX: 0 # Dirty evictions (from lower level)
   INV: 18300 # Invalidates (from upper level)
   INVX: 12931 # Downgrades (from upper level)
   FWD: 0 # Forwards (from upper level)
   latGETnl: 70821800 # GET request latency on next level
   latGETnet: 0 # GET request latency on network to next level
  l1d-5: # Filter cache stats
   fhGETS: 104692401 # Filtered GETS hits
   fhGETX: 31390909 # Filtered GETX hits
   hGETS: 4188595 # GETS hits
   hGETX: 1181917 # GETX hits
   mGETS: 5879377 # GETS misses
   mGETXIM: 245425 # GETX I->M misses
   mGETXSM: 5967 # GETX S->M misses (upgrade misses)
   PUTS: 0 # Clean evictions (from lower level)
   PUTX: 0 # Dirty evictions (from lower level)
   INV: 17288 # Invalidates (from upper level)
   INVX: 13193 # Downgrades (from upper level)
   FWD: 0 # Forwards (from upper level)
   latGETnl: 70588922 # GET request latency on next level
   latGETnet: 0 # GET request latency on network to next level
  l1d-6: # Filter cache stats
   fhGETS: 109311082 # Filtered GETS hits
   fhGETX: 33721918 # Filtered GETX hits
   hGETS: 4639820 # GETS hits
   hGETX: 1202796 # GETX hits
   mGETS: 5892497 # GETS misses
   mGETXIM: 273029 # GETX I->M misses
   mGETXSM: 7302 # GETX S->M misses (upgrade misses)
   PUTS: 0 # Clean evictions (from lower level)
   PUTX: 0 # Dirty evictions (from lower level)
   INV: 15564 # Invalidates (from upper level)
   INVX: 12042 # Downgrades (from upper level)
   FWD: 0 # Forwards (from upper level)
   latGETnl: 72979382 # GET request latency on next level
   latGETnet: 0 # GET request latency on network to next level
  l1d-7: # Filter cache stats
   fhGETS: 119672408 # Filtered GETS hits
   fhGETX: 36034237 # Filtered GETX hits
   hGETS: 6810391 # GETS hits
   hGETX: 3235329 # GETX hits
   mGETS: 6084833 # GETS misses
   mGETXIM: 427656 # GETX I->M misses
   mGETXSM: 7390 # GETX S->M misses (upgrade misses)
   PUTS: 0 # Clean evictions (from lower level)
   PUTX: 0 # Dirty evictions (from lower level)
   INV: 17734 # Invalidates (from upper level)
   INVX: 13294 # Downgrades (from upper level)
   FWD: 0 # Forwards (from upper level)
   latGETnl: 90176154 # GET request latency on next level
   latGETnet: 0 # GET request latency on network to next level
 l2: # Cache stats
  l2-0: # Cache stats
   hGETS: 6335322 # GETS hits
   hGETX: 211758 # GETX hits
   mGETS: 333863 # GETS misses
   mGETXIM: 52107 # GETX I->M misses
   mGETXSM: 10136 # GETX S->M misses (upgrade misses)
   PUTS: 6553320 # Clean evictions (from lower level)
   PUTX: 364997 # Dirty evictions (from lower level)
   INV: 30580 # Invalidates (from upper level)
   INVX: 25170 # Downgrades (from upper level)
   FWD: 0 # Forwards (from upper level)
   latGETnl: 11343762 # GET request latency on next level
   latGETnet: 0 # GET request latency on network to next level
  l2-1: # Cache stats
   hGETS: 6332614 # GETS hits
   hGETX: 212633 # GETX hits
   mGETS: 319554 # GETS misses
   mGETXIM: 57976 # GETX I->M misses
   mGETXSM: 10730 # GETX S->M misses (upgrade misses)
   PUTS: 6541407 # Clean evictions (from lower level)
   PUTX: 368544 # Dirty evictions (from lower level)
   INV: 34187 # Invalidates (from upper level)
   INVX: 27214 # Downgrades (from upper level)
   FWD: 0 # Forwards (from upper level)
   latGETnl: 11768458 # GET request latency on next level
   latGETnet: 0 # GET request latency on network to next level
  l2-2: # Cache stats
   hGETS: 6333404 # GETS hits
   hGETX: 212160 # GETX hits
   mGETS: 299128 # GETS misses
   mGETXIM: 31553 # GETX I->M misses
   mGETXSM: 8721 # GETX S->M misses (upgrade misses)
   PUTS: 6524521 # Clean evictions (from lower level)
   PUTX: 336420 # Dirty evictions (from lower level)
   INV: 28534 # Invalidates (from upper level)
   INVX: 22836 # Downgrades (from upper level)
   FWD: 0 # Forwards (from upper level)
   latGETnl: 9600979 # GET request latency on next level
   latGETnet: 0 # GET request latency on network to next level
  l2-3: # Cache stats
   hGETS: 6354747 # GETS hits
   hGETX: 211371 # GETX hits
   mGETS: 305467 # GETS misses
   mGETXIM: 49714 # GETX I->M misses
   mGETXSM: 10118 # GETX S->M misses (upgrade misses)
   PUTS: 6547141 # Clean evictions (from lower level)
   PUTX: 359257 # Dirty evictions (from lower level)
   INV: 34538 # Invalidates (from upper level)
   INVX: 24202 # Downgrades (from upper level)
   FWD: 0 # Forwards (from upper level)
   latGETnl: 10673550 # GET request latency on next level
   latGETnet: 0 # GET request latency on network to next level
  l2-4: # Cache stats
   hGETS: 6339567 # GETS hits
   hGETX: 209617 # GETX hits
   mGETS: 301693 # GETS misses
   mGETXIM: 33393 # GETX I->M misses
   mGETXSM: 10782 # GETX S->M misses (upgrade misses)
   PUTS: 6529690 # Clean evictions (from lower level)
   PUTX: 339102 # Dirty evictions (from lower level)
   INV: 31350 # Invalidates (from upper level)
   INVX: 23179 # Downgrades (from upper level)
   FWD: 0 # Forwards (from upper level)
   latGETnl: 9817628 # GET request latency on next level
   latGETnet: 0 # GET request latency on network to next level
  l2-5: # Cache stats
   hGETS: 6352646 # GETS hits
   hGETX: 210132 # GETX hits
   mGETS: 294962 # GETS misses
   mGETXIM: 31859 # GETX I->M misses
   mGETXSM: 9401 # GETX S->M misses (upgrade misses)
   PUTS: 6536870 # Clean evictions (from lower level)
   PUTX: 337890 # Dirty evictions (from lower level)
   INV: 31554 # Invalidates (from upper level)
   INVX: 23240 # Downgrades (from upper level)
   FWD: 0 # Forwards (from upper level)
   latGETnl: 9552450 # GET request latency on next level
   latGETnet: 0 # GET request latency on network to next level
  l2-6: # Cache stats
   hGETS: 6337170 # GETS hits
   hGETX: 214364 # GETX hits
   mGETS: 323970 # GETS misses
   mGETXIM: 55825 # GETX I->M misses
   mGETXSM: 10142 # GETX S->M misses (upgrade misses)
   PUTS: 6548612 # Clean evictions (from lower level)
   PUTX: 369020 # Dirty evictions (from lower level)
   INV: 30899 # Invalidates (from upper level)
   INVX: 22029 # Downgrades (from upper level)
   FWD: 0 # Forwards (from upper level)
   latGETnl: 11574640 # GET request latency on next level
   latGETnet: 0 # GET request latency on network to next level
  l2-7: # Cache stats
   hGETS: 6344025 # GETS hits
   hGETX: 213043 # GETX hits
   mGETS: 509278 # GETS misses
   mGETXIM: 210684 # GETX I->M misses
   mGETXSM: 11319 # GETX S->M misses (upgrade misses)
   PUTS: 6694461 # Clean evictions (from lower level)
   PUTX: 567792 # Dirty evictions (from lower level)
   INV: 33671 # Invalidates (from upper level)
   INVX: 21842 # Downgrades (from upper level)
   FWD: 0 # Forwards (from upper level)
   latGETnl: 25451700 # GET request latency on next level
   latGETnet: 0 # GET request latency on network to next level
 l3: # Cache stats
  l3-0b0: # Cache stats
   hGETS: 319773 # GETS hits
   hGETX: 67042 # GETX hits
   mGETS: 11635 # GETS misses
   mGETXIM: 10996 # GETX I->M misses
   mGETXSM: 0 # GETX S->M misses (upgrade misses)
   PUTS: 285714 # Clean evictions (from lower level)
   PUTX: 75617 # Dirty evictions (from lower level)
   INV: 0 # Invalidates (from upper level)
   INVX: 0 # Downgrades (from upper level)
   FWD: 0 # Forwards (from upper level)
   latGETnl: 2036790 # GET request latency on next level
   latGETnet: 0 # GET request latency on network to next level
  l3-0b1: # Cache stats
   hGETS: 328273 # GETS hits
   hGETX: 62197 # GETX hits
   mGETS: 11696 # GETS misses
   mGETXIM: 10952 # GETX I->M misses
   mGETXSM: 0 # GETX S->M misses (upgrade misses)
   PUTS: 297638 # Clean evictions (from lower level)
   PUTX: 75894 # Dirty evictions (from lower level)
   INV: 0 # Invalidates (from upper level)
   INVX: 0 # Downgrades (from upper level)
   FWD: 0 # Forwards (from upper level)
   latGETnl: 2038320 # GET request latency on next level
   latGETnet: 0 # GET request latency on network to next level
  l3-0b2: # Cache stats
   hGETS: 311653 # GETS hits
   hGETX: 60837 # GETX hits
   mGETS: 11621 # GETS misses
   mGETXIM: 11035 # GETX I->M misses
   mGETXSM: 0 # GETX S->M misses (upgrade misses)
   PUTS: 282080 # Clean evictions (from lower level)
   PUTX: 76597 # Dirty evictions (from lower level)
   INV: 0 # Invalidates (from upper level)
   INVX: 0 # Downgrades (from upper level)
   FWD: 0 # Forwards (from upper level)
   latGETnl: 2039040 # GET request latency on next level
   latGETnet: 0 # GET request latency on network to next level
  l3-0b3: # Cache stats
   hGETS: 318927 # GETS hits
   hGETX: 66222 # GETX hits
   mGETS: 11703 # GETS misses
   mGETXIM: 10947 # GETX I->M misses
   mGETXSM: 0 # GETX S->M misses (upgrade misses)
   PUTS: 277628 # Clean evictions (from lower level)
   PUTX: 77123 # Dirty evictions (from lower level)
   INV: 0 # Invalidates (from upper level)
   INVX: 0 # Downgrades (from upper level)
   FWD: 0 # Forwards (from upper level)
   latGETnl: 2038500 # GET request latency on next level
   latGETnet: 0 # GET request latency on network to next level
  l3-0b4: # Cache stats
   hGETS: 340447 # GETS hits
   hGETX: 50419 # GETX hits
   mGETS: 11631 # GETS misses
   mGETXIM: 11078 # GETX I->M misses
   mGETXSM: 0 # GETX S->M misses (upgrade misses)
   PUTS: 315885 # Clean evictions (from lower level)
   PUTX: 76743 # Dirty evictions (from lower level)
   INV: 0 # Invalidates (from upper level)
   INVX: 0 # Downgrades (from upper level)
   FWD: 0 # Forwards (from upper level)
   latGETnl: 2043810 # GET request latency on next level
   latGETnet: 0 # GET request latency on network to next level
  l3-0b5: # Cache stats
   hGETS: 290611 # GETS hits
   hGETX: 64927 # GETX hits
   mGETS: 11741 # GETS misses
   mGETXIM: 10956 # GETX I->M misses
   mGETXSM: 0 # GETX S->M misses (upgrade misses)
   PUTS: 256111 # Clean evictions (from lower level)
   PUTX: 76141 # Dirty evictions (from lower level)
   INV: 0 # Invalidates (from upper level)
   INVX: 0 # Downgrades (from upper level)
   FWD: 0 # Forwards (from upper level)
   latGETnl: 2042730 # GET request latency on next level
   latGETnet: 0 # GET request latency on network to next level
  l3-0b6: # Cache stats
   hGETS: 340883 # GETS hits
   hGETX: 65976 # GETX hits
   mGETS: 11693 # GETS misses
   mGETXIM: 11047 # GETX I->M misses
   mGETXSM: 0 # GETX S->M misses (upgrade misses)
   PUTS: 305508 # Clean evictions (from lower level)
   PUTX: 76400 # Dirty evictions (from lower level)
   INV: 0 # Invalidates (from upper level)
   INVX: 0 # Downgrades (from upper level)
   FWD: 0 # Forwards (from upper level)
   latGETnl: 2046600 # GET request latency on next level
   latGETnet: 0 # GET request latency on network to next level
  l3-0b7: # Cache stats
   hGETS: 343902 # GETS hits
   hGETX: 78811 # GETX hits
   mGETS: 11726 # GETS misses
   mGETXIM: 11018 # GETX I->M misses
   mGETXSM: 0 # GETX S->M misses (upgrade misses)
   PUTS: 292129 # Clean evictions (from lower level)
   PUTX: 76211 # Dirty evictions (from lower level)
   INV: 0 # Invalidates (from upper level)
   INVX: 0 # Downgrades (from upper level)
   FWD: 0 # Forwards (from upper level)
   latGETnl: 2046960 # GET request latency on next level
   latGETnet: 0 # GET request latency on network to next level
 mem: # Memory controller stats
  mem-0: # Memory controller stats
   rd: 45361 # Read requests
   wr: 11338 # Write requests
   rdlat: 6152023 # Total latency experienced by read requests
   wrlat: 1774034 # Total latency experienced by write requests
   rdhits: 409 # Read row hits
   wrhits: 66 # Write row hits
   mlh: # latency histogram for memory requests
    0: 0
    1: 0
    2: 0
    3: 0
    4: 0
    5: 0
    6: 0
    7: 0
    8: 0
    9: 0
    10: 0
    11: 29
    12: 54
    13: 42141
    14: 1437
    15: 323
    16: 228
    17: 86
    18: 59
    19: 77
    20: 71
    21: 88
    22: 99
    23: 63
    24: 79
    25: 53
    26: 22
    27: 19
    28: 17
    29: 25
    30: 25
    31: 37
    32: 33
    33: 46
    34: 30
    35: 31
    36: 22
    37: 28
    38: 29
    39: 28
    40: 28
    41: 12
    42: 18
    43: 4
    44: 3
    45: 3
    46: 5
    47: 3
    48: 3
    49: 0
    50: 1
    51: 0
    52: 0
    53: 0
    54: 0
    55: 0
    56: 0
    57: 1
    58: 0
    59: 0
    60: 0
    61: 0
    62: 0
    63: 0
    64: 0
    65: 0
    66: 0
    67: 0
    68: 0
    69: 0
    70: 0
    71: 0
    72: 1
    73: 0
    74: 0
    75: 0
    76: 0
    77: 0
    78: 0
    79: 0
    80: 0
    81: 0
    82: 0
    83: 0
    84: 0
    85: 0
    86: 0
    87: 0
    88: 0
    89: 0
    90: 0
    91: 0
    92: 0
    93: 0
    94: 0
    95: 0
    96: 0
    97: 0
    98: 0
    99: 0
  mem-1: # Memory controller stats
   rd: 45390 # Read requests
   wr: 11346 # Write requests
   rdlat: 6155529 # Total latency experienced by read requests
   wrlat: 1794662 # Total latency experienced by write requests
   rdhits: 426 # Read row hits
   wrhits: 81 # Write row hits
   mlh: # latency histogram for memory requests
    0: 0
    1: 0
    2: 0
    3: 0
    4: 0
    5: 0
    6: 0
    7: 0
    8: 0
    9: 0
    10: 0
    11: 37
    12: 60
    13: 41957
    14: 1682
    15: 317
    16: 195
    17: 86
    18: 80
    19: 73
    20: 77
    21: 74
    22: 100
    23: 77
    24: 62
    25: 61
    26: 18
    27: 19
    28: 19
    29: 29
    30: 33
    31: 33
    32: 32
    33: 32
    34: 21
    35: 30
    36: 33
    37: 25
    38: 31
    39: 22
    40: 22
    41: 19
    42: 15
    43: 7
    44: 2
    45: 2
    46: 3
    47: 1
    48: 1
    49: 1
    50: 0
    51: 1
    52: 0
    53: 0
    54: 1
    55: 0
    56: 0
    57: 0
    58: 0
    59: 0
    60: 0
    61: 0
    62: 0
    63: 0
    64: 0
    65: 0
    66: 0
    67: 0
    68: 0
    69: 0
    70: 0
    71: 0
    72: 0
    73: 0
    74: 0
    75: 0
    76: 0
    77: 0
    78: 0
    79: 0
    80: 0
    81: 0
    82: 0
    83: 0
    84: 0
    85: 0
    86: 0
    87: 0
    88: 0
    89: 0
    90: 0
    91: 0
    92: 0
    93: 0
    94: 0
    95: 0
    96: 0
    97: 0
    98: 0
    99: 0
  mem-2: # Memory controller stats
   rd: 45370 # Read requests
   wr: 11338 # Write requests
   rdlat: 6175881 # Total latency experienced by read requests
   wrlat: 1812686 # Total latency experienced by write requests
   rdhits: 421 # Read row hits
   wrhits: 72 # Write row hits
   mlh: # latency histogram for memory requests
    0: 0
    1: 0
    2: 0
    3: 0
    4: 0
    5: 0
    6: 0
    7: 0
    8: 0
    9: 0
    10: 0
    11: 38
    12: 52
    13: 41687
    14: 1720
    15: 362
    16: 246
    17: 88
    18: 69
    19: 87
    20: 98
    21: 87
    22: 117
    23: 67
    24: 74
    25: 54
    26: 18
    27: 18
    28: 23
    29: 20
    30: 45
    31: 32
    32: 38
    33: 35
    34: 33
    35: 28
    36: 25
    37: 37
    38: 33
    39: 34
    40: 26
    41: 28
    42: 19
    43: 12
    44: 1
    45: 4
    46: 4
    47: 4
    48: 3
    49: 0
    50: 1
    51: 0
    52: 0
    53: 1
    54: 1
    55: 0
    56: 0
    57: 0
    58: 0
    59: 0
    60: 0
    61: 0
    62: 0
    63: 0
    64: 0
    65: 1
    66: 0
    67: 0
    68: 0
    69: 0
    70: 0
    71: 0
    72: 0
    73: 0
    74: 0
    75: 0
    76: 0
    77: 0
    78: 0
    79: 0
    80: 0
    81: 0
    82: 0
    83: 0
    84: 0
    85: 0
    86: 0
    87: 0
    88: 0
    89: 0
    90: 0
    91: 0
    92: 0
    93: 0
    94: 0
    95: 0
    96: 0
    97: 0
    98: 0
    99: 0
  mem-3: # Memory controller stats
   rd: 45354 # Read requests
   wr: 11329 # Write requests
   rdlat: 6148758 # Total latency experienced by read requests
   wrlat: 1746127 # Total latency experienced by write requests
   rdhits: 417 # Read row hits
   wrhits: 66 # Write row hits
   mlh: # latency histogram for memory requests
    0: 0
    1: 0
    2: 0
    3: 0
    4: 0
    5: 0
    6: 0
    7: 0
    8: 0
    9: 0
    10: 0
    11: 36
    12: 71
    13: 42131
    14: 1438
    15: 322
    16: 197
    17: 89
    18: 84
    19: 71
    20: 90
    21: 85
    22: 97
    23: 74
    24: 61
    25: 58
    26: 16
    27: 19
    28: 17
    29: 26
    30: 37
    31: 33
    32: 34
    33: 31
    34: 28
    35: 31
    36: 18
    37: 22
    38: 23
    39: 22
    40: 18
    41: 16
    42: 28
    43: 9
    44: 7
    45: 4
    46: 2
    47: 1
    48: 1
    49: 2
    50: 1
    51: 2
    52: 1
    53: 0
    54: 0
    55: 1
    56: 0
    57: 0
    58: 0
    59: 0
    60: 0
    61: 0
    62: 0
    63: 0
    64: 0
    65: 0
    66: 0
    67: 0
    68: 0
    69: 0
    70: 0
    71: 0
    72: 0
    73: 0
    74: 0
    75: 0
    76: 0
    77: 0
    78: 0
    79: 0
    80: 0
    81: 0
    82: 0
    83: 0
    84: 0
    85: 0
    86: 0
    87: 0
    88: 0
    89: 0
    90: 0
    91: 0
    92: 0
    93: 0
    94: 0
    95: 0
    96: 0
    97: 0
    98: 0
    99: 0
 sched: # Scheduler stats
  thCr: 9 # Threads created
  thFn: 0 # Threads finished
  schedEvs: 385 # Schedule events
  waitEvs: 9 # Wait events
  handoffEvs: 0 # Handoff events
  sleepEvs: 0 # Sleep events
  idlePhases: 0 # Phases with no thread active
  idlePeriods: 0 # Periods with no thread active
  occHist: # Occupancy histogram
   0: 0
   1: 137
   2: 0
   3: 0
   4: 0
   5: 0
   6: 0
   7: 0
   8: 46539
  rqSzHist: # Run queue size histogram
   0: 46676
   1: 0
   2: 0
   3: 0
   4: 0
   5: 0
   6: 0
   7: 0
   8: 0
   9: 0
   10: 0
   11: 0
   12: 0
   13: 0
   14: 0
   15: 0
   16: 0
 procCycles: # Per-process unhalted core cycles
  0: 3031562261
  1: 0
  2: 0
  3: 0
  4: 0
  5: 0
  6: 0
  7: 0
  8: 0
  9: 0
  10: 0
  11: 0
  12: 0
  13: 0
  14: 0
  15: 0
  16: 0
  17: 0
  18: 0
  19: 0
  20: 0
  21: 0
  22: 0
  23: 0
  24: 0
  25: 0
  26: 0
  27: 0
  28: 0
  29: 0
  30: 0
  31: 0
  32: 0
  33: 0
  34: 0
  35: 0
  36: 0
  37: 0
  38: 0
  39: 0
  40: 0
  41: 0
  42: 0
  43: 0
  44: 0
  45: 0
  46: 0
  47: 0
  48: 0
  49: 0
  50: 0
  51: 0
  52: 0
  53: 0
  54: 0
  55: 0
  56: 0
  57: 0
  58: 0
  59: 0
  60: 0
  61: 0
  62: 0
  63: 0
 procInstrs: # Per-process instructions
  0: 5000037417
  1: 0
  2: 0
  3: 0
  4: 0
  5: 0
  6: 0
  7: 0
  8: 0
  9: 0
  10: 0
  11: 0
  12: 0
  13: 0
  14: 0
  15: 0
  16: 0
  17: 0
  18: 0
  19: 0
  20: 0
  21: 0
  22: 0
  23: 0
  24: 0
  25: 0
  26: 0
  27: 0
  28: 0
  29: 0
  30: 0
  31: 0
  32: 0
  33: 0
  34: 0
  35: 0
  36: 0
  37: 0
  38: 0
  39: 0
  40: 0
  41: 0
  42: 0
  43: 0
  44: 0
  45: 0
  46: 0
  47: 0
  48: 0
  49: 0
  50: 0
  51: 0
  52: 0
  53: 0
  54: 0
  55: 0
  56: 0
  57: 0
  58: 0
  59: 0
  60: 0
  61: 0
  62: 0
  63: 0
 heartbeats: # Per-process heartbeats
  0: 0
  1: 0
  2: 0
  3: 0
  4: 0
  5: 0
  6: 0
  7: 0
  8: 0
  9: 0
  10: 0
  11: 0
  12: 0
  13: 0
  14: 0
  15: 0
  16: 0
  17: 0
  18: 0
  19: 0
  20: 0
  21: 0
  22: 0
  23: 0
  24: 0
  25: 0
  26: 0
  27: 0
  28: 0
  29: 0
  30: 0
  31: 0
  32: 0
  33: 0
  34: 0
  35: 0
  36: 0
  37: 0
  38: 0
  39: 0
  40: 0
  41: 0
  42: 0
  43: 0
  44: 0
  45: 0
  46: 0
  47: 0
  48: 0
  49: 0
  50: 0
  51: 0
  52: 0
  53: 0
  54: 0
  55: 0
  56: 0
  57: 0
  58: 0
  59: 0
  60: 0
  61: 0
  62: 0
  63: 0
===
