# zsim stats
===
root: # Stats
 contention: # Contention simulation stats
  domain-0: # Domain stats
   time: 96731259 # Weave simulation time
 time: # Simulator time breakdown
  init: 2549930264713
  bound: 4891966226
  weave: 163551924
  ff: 0
 trigger: 20000 # Reason for this stats dump
 phase: 6379 # Simulated phases
 westmere: # Core stats
  westmere-0: # Core stats
   cycles: 63790631 # Simulated unhalted cycles
   cCycles: 5220291 # Cycles due to contention stalls
   instrs: 100001107 # Simulated instructions
   uops: 142670215 # Retired micro-ops
   bbls: 4785404 # Basic blocks
   approxInstrs: 432 # Instrs with approx uop decoding
   mispredBranches: 23096 # Mispredicted branches
   condBranches: 4718094 # conditional branches
 l1i: # Cache stats
  l1i-0: # Filter cache stats
   fhGETS: 9439397 # Filtered GETS hits
   fhGETX: 0 # Filtered GETX hits
   hGETS: 19424 # GETS hits
   hGETX: 0 # GETX hits
   mGETS: 2965 # GETS misses
   mGETXIM: 0 # GETX I->M misses
   mGETXSM: 0 # GETX S->M misses (upgrade misses)
   PUTS: 0 # Clean evictions (from lower level)
   PUTX: 0 # Dirty evictions (from lower level)
   INV: 1602 # Invalidates (from upper level)
   INVX: 0 # Downgrades (from upper level)
   FWD: 0 # Forwards (from upper level)
   latGETnl: 273682 # GET request latency on next level
   latGETnet: 0 # GET request latency on network to next level
 l1d: # Cache stats
  l1d-0: # Filter cache stats
   fhGETS: 27577920 # Filtered GETS hits
   fhGETX: 9097626 # Filtered GETX hits
   hGETS: 15256929 # GETS hits
   hGETX: 5956074 # GETX hits
   mGETS: 238806 # GETS misses
   mGETXIM: 291824 # GETX I->M misses
   mGETXSM: 0 # GETX S->M misses (upgrade misses)
   PUTS: 0 # Clean evictions (from lower level)
   PUTX: 0 # Dirty evictions (from lower level)
   INV: 1283 # Invalidates (from upper level)
   INVX: 0 # Downgrades (from upper level)
   FWD: 0 # Forwards (from upper level)
   latGETnl: 25477934 # GET request latency on next level
   latGETnet: 0 # GET request latency on network to next level
 l2: # Cache stats
  l2-0: # Cache stats
   hGETS: 209962 # GETS hits
   hGETX: 1539 # GETX hits
   mGETS: 31809 # GETS misses
   mGETXIM: 290285 # GETX I->M misses
   mGETXSM: 0 # GETX S->M misses (upgrade misses)
   PUTS: 237449 # Clean evictions (from lower level)
   PUTX: 292534 # Dirty evictions (from lower level)
   INV: 4021 # Invalidates (from upper level)
   INVX: 0 # Downgrades (from upper level)
   FWD: 0 # Forwards (from upper level)
   latGETnl: 20415666 # GET request latency on next level
   latGETnet: 0 # GET request latency on network to next level
 l3: # Cache stats
  l3-0: # Cache stats
   hGETS: 22845 # GETS hits
   hGETX: 158300 # GETX hits
   mGETS: 8964 # GETS misses
   mGETXIM: 131985 # GETX I->M misses
   mGETXSM: 0 # GETX S->M misses (upgrade misses)
   PUTS: 25754 # Clean evictions (from lower level)
   PUTX: 288229 # Dirty evictions (from lower level)
   INV: 0 # Invalidates (from upper level)
   INVX: 0 # Downgrades (from upper level)
   FWD: 0 # Forwards (from upper level)
   latGETnl: 12685410 # GET request latency on next level
   latGETnet: 0 # GET request latency on network to next level
 mem: # Memory controller stats
  mem-0: # Memory controller stats
   rd: 35237 # Read requests
   wr: 25409 # Write requests
   rdlat: 5307299 # Total latency experienced by read requests
   wrlat: 3795068 # Total latency experienced by write requests
   rdhits: 3 # Read row hits
   wrhits: 171 # Write row hits
   mlh: # latency histogram for memory requests
    0: 0
    1: 0
    2: 0
    3: 0
    4: 0
    5: 0
    6: 0
    7: 0
    8: 0
    9: 0
    10: 0
    11: 0
    12: 1
    13: 26727
    14: 2936
    15: 34
    16: 49
    17: 21
    18: 11
    19: 16
    20: 18
    21: 14
    22: 27
    23: 4895
    24: 19
    25: 65
    26: 33
    27: 33
    28: 17
    29: 21
    30: 21
    31: 29
    32: 28
    33: 3
    34: 14
    35: 15
    36: 14
    37: 18
    38: 11
    39: 17
    40: 27
    41: 16
    42: 14
    43: 5
    44: 2
    45: 4
    46: 7
    47: 22
    48: 4
    49: 4
    50: 6
    51: 7
    52: 9
    53: 3
    54: 0
    55: 0
    56: 0
    57: 0
    58: 0
    59: 0
    60: 0
    61: 0
    62: 0
    63: 0
    64: 0
    65: 0
    66: 0
    67: 0
    68: 0
    69: 0
    70: 0
    71: 0
    72: 0
    73: 0
    74: 0
    75: 0
    76: 0
    77: 0
    78: 0
    79: 0
    80: 0
    81: 0
    82: 0
    83: 0
    84: 0
    85: 0
    86: 0
    87: 0
    88: 0
    89: 0
    90: 0
    91: 0
    92: 0
    93: 0
    94: 0
    95: 0
    96: 0
    97: 0
    98: 0
    99: 0
  mem-1: # Memory controller stats
   rd: 35268 # Read requests
   wr: 25411 # Write requests
   rdlat: 5319333 # Total latency experienced by read requests
   wrlat: 3793645 # Total latency experienced by write requests
   rdhits: 3 # Read row hits
   wrhits: 150 # Write row hits
   mlh: # latency histogram for memory requests
    0: 0
    1: 0
    2: 0
    3: 0
    4: 0
    5: 0
    6: 0
    7: 0
    8: 0
    9: 0
    10: 0
    11: 1
    12: 1
    13: 26759
    14: 2941
    15: 26
    16: 40
    17: 15
    18: 15
    19: 14
    20: 22
    21: 28
    22: 32
    23: 4861
    24: 12
    25: 60
    26: 16
    27: 26
    28: 29
    29: 19
    30: 20
    31: 28
    32: 17
    33: 12
    34: 28
    35: 17
    36: 19
    37: 22
    38: 20
    39: 18
    40: 21
    41: 19
    42: 16
    43: 10
    44: 4
    45: 5
    46: 5
    47: 43
    48: 5
    49: 5
    50: 4
    51: 7
    52: 2
    53: 4
    54: 0
    55: 0
    56: 0
    57: 0
    58: 0
    59: 0
    60: 0
    61: 0
    62: 0
    63: 0
    64: 0
    65: 0
    66: 0
    67: 0
    68: 0
    69: 0
    70: 0
    71: 0
    72: 0
    73: 0
    74: 0
    75: 0
    76: 0
    77: 0
    78: 0
    79: 0
    80: 0
    81: 0
    82: 0
    83: 0
    84: 0
    85: 0
    86: 0
    87: 0
    88: 0
    89: 0
    90: 0
    91: 0
    92: 0
    93: 0
    94: 0
    95: 0
    96: 0
    97: 0
    98: 0
    99: 0
  mem-2: # Memory controller stats
   rd: 35253 # Read requests
   wr: 25392 # Write requests
   rdlat: 5308986 # Total latency experienced by read requests
   wrlat: 3796859 # Total latency experienced by write requests
   rdhits: 3 # Read row hits
   wrhits: 163 # Write row hits
   mlh: # latency histogram for memory requests
    0: 0
    1: 0
    2: 0
    3: 0
    4: 0
    5: 0
    6: 0
    7: 0
    8: 0
    9: 0
    10: 0
    11: 0
    12: 0
    13: 26699
    14: 2996
    15: 33
    16: 45
    17: 11
    18: 13
    19: 15
    20: 16
    21: 22
    22: 23
    23: 4891
    24: 21
    25: 67
    26: 30
    27: 26
    28: 22
    29: 17
    30: 19
    31: 13
    32: 16
    33: 30
    34: 22
    35: 23
    36: 16
    37: 13
    38: 19
    39: 18
    40: 18
    41: 13
    42: 15
    43: 13
    44: 3
    45: 6
    46: 5
    47: 19
    48: 4
    49: 10
    50: 4
    51: 4
    52: 2
    53: 1
    54: 0
    55: 0
    56: 0
    57: 0
    58: 0
    59: 0
    60: 0
    61: 0
    62: 0
    63: 0
    64: 0
    65: 0
    66: 0
    67: 0
    68: 0
    69: 0
    70: 0
    71: 0
    72: 0
    73: 0
    74: 0
    75: 0
    76: 0
    77: 0
    78: 0
    79: 0
    80: 0
    81: 0
    82: 0
    83: 0
    84: 0
    85: 0
    86: 0
    87: 0
    88: 0
    89: 0
    90: 0
    91: 0
    92: 0
    93: 0
    94: 0
    95: 0
    96: 0
    97: 0
    98: 0
    99: 0
  mem-3: # Memory controller stats
   rd: 35190 # Read requests
   wr: 25371 # Write requests
   rdlat: 5297138 # Total latency experienced by read requests
   wrlat: 3785602 # Total latency experienced by write requests
   rdhits: 8 # Read row hits
   wrhits: 172 # Write row hits
   mlh: # latency histogram for memory requests
    0: 0
    1: 0
    2: 0
    3: 0
    4: 0
    5: 0
    6: 0
    7: 0
    8: 0
    9: 0
    10: 0
    11: 1
    12: 1
    13: 26737
    14: 2956
    15: 31
    16: 29
    17: 15
    18: 14
    19: 10
    20: 12
    21: 12
    22: 25
    23: 4867
    24: 11
    25: 59
    26: 21
    27: 30
    28: 29
    29: 19
    30: 26
    31: 30
    32: 18
    33: 6
    34: 15
    35: 24
    36: 17
    37: 12
    38: 15
    39: 17
    40: 20
    41: 18
    42: 14
    43: 10
    44: 4
    45: 5
    46: 7
    47: 19
    48: 6
    49: 4
    50: 5
    51: 8
    52: 4
    53: 6
    54: 0
    55: 0
    56: 0
    57: 1
    58: 0
    59: 0
    60: 0
    61: 0
    62: 0
    63: 0
    64: 0
    65: 0
    66: 0
    67: 0
    68: 0
    69: 0
    70: 0
    71: 0
    72: 0
    73: 0
    74: 0
    75: 0
    76: 0
    77: 0
    78: 0
    79: 0
    80: 0
    81: 0
    82: 0
    83: 0
    84: 0
    85: 0
    86: 0
    87: 0
    88: 0
    89: 0
    90: 0
    91: 0
    92: 0
    93: 0
    94: 0
    95: 0
    96: 0
    97: 0
    98: 0
    99: 0
 sched: # Scheduler stats
  thCr: 1 # Threads created
  thFn: 1 # Threads finished
  schedEvs: 1 # Schedule events
  waitEvs: 0 # Wait events
  handoffEvs: 0 # Handoff events
  sleepEvs: 0 # Sleep events
  idlePhases: 0 # Phases with no thread active
  idlePeriods: 0 # Periods with no thread active
  occHist: # Occupancy histogram
   0: 0
   1: 6379
  rqSzHist: # Run queue size histogram
   0: 6379
   1: 0
   2: 0
   3: 0
   4: 0
   5: 0
   6: 0
   7: 0
   8: 0
   9: 0
   10: 0
   11: 0
   12: 0
   13: 0
   14: 0
   15: 0
   16: 0
 procCycles: # Per-process unhalted core cycles
  0: 63790631
  1: 0
  2: 0
  3: 0
  4: 0
  5: 0
  6: 0
  7: 0
  8: 0
  9: 0
  10: 0
  11: 0
  12: 0
  13: 0
  14: 0
  15: 0
  16: 0
  17: 0
  18: 0
  19: 0
  20: 0
  21: 0
  22: 0
  23: 0
  24: 0
  25: 0
  26: 0
  27: 0
  28: 0
  29: 0
  30: 0
  31: 0
  32: 0
  33: 0
  34: 0
  35: 0
  36: 0
  37: 0
  38: 0
  39: 0
  40: 0
  41: 0
  42: 0
  43: 0
  44: 0
  45: 0
  46: 0
  47: 0
  48: 0
  49: 0
  50: 0
  51: 0
  52: 0
  53: 0
  54: 0
  55: 0
  56: 0
  57: 0
  58: 0
  59: 0
  60: 0
  61: 0
  62: 0
  63: 0
 procInstrs: # Per-process instructions
  0: 100001107
  1: 0
  2: 0
  3: 0
  4: 0
  5: 0
  6: 0
  7: 0
  8: 0
  9: 0
  10: 0
  11: 0
  12: 0
  13: 0
  14: 0
  15: 0
  16: 0
  17: 0
  18: 0
  19: 0
  20: 0
  21: 0
  22: 0
  23: 0
  24: 0
  25: 0
  26: 0
  27: 0
  28: 0
  29: 0
  30: 0
  31: 0
  32: 0
  33: 0
  34: 0
  35: 0
  36: 0
  37: 0
  38: 0
  39: 0
  40: 0
  41: 0
  42: 0
  43: 0
  44: 0
  45: 0
  46: 0
  47: 0
  48: 0
  49: 0
  50: 0
  51: 0
  52: 0
  53: 0
  54: 0
  55: 0
  56: 0
  57: 0
  58: 0
  59: 0
  60: 0
  61: 0
  62: 0
  63: 0
 heartbeats: # Per-process heartbeats
  0: 0
  1: 0
  2: 0
  3: 0
  4: 0
  5: 0
  6: 0
  7: 0
  8: 0
  9: 0
  10: 0
  11: 0
  12: 0
  13: 0
  14: 0
  15: 0
  16: 0
  17: 0
  18: 0
  19: 0
  20: 0
  21: 0
  22: 0
  23: 0
  24: 0
  25: 0
  26: 0
  27: 0
  28: 0
  29: 0
  30: 0
  31: 0
  32: 0
  33: 0
  34: 0
  35: 0
  36: 0
  37: 0
  38: 0
  39: 0
  40: 0
  41: 0
  42: 0
  43: 0
  44: 0
  45: 0
  46: 0
  47: 0
  48: 0
  49: 0
  50: 0
  51: 0
  52: 0
  53: 0
  54: 0
  55: 0
  56: 0
  57: 0
  58: 0
  59: 0
  60: 0
  61: 0
  62: 0
  63: 0
===
