# zsim stats
===
root: # Stats
 contention: # Contention simulation stats
  domain-0: # Domain stats
   time: 1842127063 # Weave simulation time
 time: # Simulator time breakdown
  init: 648302743319
  bound: 6892500843
  weave: 2027291384
  ff: 0
 trigger: 20000 # Reason for this stats dump
 phase: 14701 # Simulated phases
 westmere: # Core stats
  westmere-0: # Core stats
   cycles: 147012281 # Simulated unhalted cycles
   cCycles: 26931190 # Cycles due to contention stalls
   instrs: 100003823 # Simulated instructions
   uops: 114167052 # Retired micro-ops
   bbls: 2330524 # Basic blocks
   approxInstrs: 553214 # Instrs with approx uop decoding
   mispredBranches: 3146 # Mispredicted branches
   condBranches: 916891 # conditional branches
 l1i: # Cache stats
  l1i-0: # Filter cache stats
   fhGETS: 9225953 # Filtered GETS hits
   fhGETX: 0 # Filtered GETX hits
   hGETS: 6 # GETS hits
   hGETX: 0 # GETX hits
   mGETS: 120 # GETS misses
   mGETXIM: 0 # GETX I->M misses
   mGETXSM: 0 # GETX S->M misses (upgrade misses)
   PUTS: 0 # Clean evictions (from lower level)
   PUTX: 0 # Dirty evictions (from lower level)
   INV: 0 # Invalidates (from upper level)
   INVX: 0 # Downgrades (from upper level)
   FWD: 0 # Forwards (from upper level)
   latGETnl: 14880 # GET request latency on next level
   latGETnet: 0 # GET request latency on network to next level
 l1d: # Cache stats
  l1d-0: # Filter cache stats
   fhGETS: 18032677 # Filtered GETS hits
   fhGETX: 5401345 # Filtered GETX hits
   hGETS: 951047 # GETS hits
   hGETX: 755918 # GETX hits
   mGETS: 788926 # GETS misses
   mGETXIM: 4305862 # GETX I->M misses
   mGETXSM: 0 # GETX S->M misses (upgrade misses)
   PUTS: 0 # Clean evictions (from lower level)
   PUTX: 0 # Dirty evictions (from lower level)
   INV: 0 # Invalidates (from upper level)
   INVX: 0 # Downgrades (from upper level)
   FWD: 0 # Forwards (from upper level)
   latGETnl: 403920086 # GET request latency on next level
   latGETnet: 0 # GET request latency on network to next level
 l2: # Cache stats
  l2-0: # Cache stats
   hGETS: 96 # GETS hits
   hGETX: 1998368 # GETX hits
   mGETS: 788950 # GETS misses
   mGETXIM: 2307494 # GETX I->M misses
   mGETXSM: 0 # GETX S->M misses (upgrade misses)
   PUTS: 788410 # Clean evictions (from lower level)
   PUTX: 4305866 # Dirty evictions (from lower level)
   INV: 0 # Invalidates (from upper level)
   INVX: 0 # Downgrades (from upper level)
   FWD: 0 # Forwards (from upper level)
   latGETnl: 352985886 # GET request latency on next level
   latGETnet: 0 # GET request latency on network to next level
 l3: # Cache stats
  l3-0: # Cache stats
   hGETS: 54 # GETS hits
   hGETX: 43 # GETX hits
   mGETS: 788896 # GETS misses
   mGETXIM: 2307451 # GETX I->M misses
   mGETXSM: 0 # GETX S->M misses (upgrade misses)
   PUTS: 784850 # Clean evictions (from lower level)
   PUTX: 2307498 # Dirty evictions (from lower level)
   INV: 0 # Invalidates (from upper level)
   INVX: 0 # Downgrades (from upper level)
   FWD: 0 # Forwards (from upper level)
   latGETnl: 278671230 # GET request latency on next level
   latGETnet: 0 # GET request latency on network to next level
 mem: # Memory controller stats
  mem-0: # Memory controller stats
   rd: 774072 # Read requests
   wr: 574726 # Write requests
   rdlat: 110528365 # Total latency experienced by read requests
   wrlat: 101614973 # Total latency experienced by write requests
   rdhits: 56 # Read row hits
   wrhits: 12282 # Write row hits
   mlh: # latency histogram for memory requests
    0: 0
    1: 0
    2: 0
    3: 0
    4: 0
    5: 0
    6: 0
    7: 0
    8: 0
    9: 0
    10: 0
    11: 0
    12: 2
    13: 451932
    14: 155644
    15: 108399
    16: 6522
    17: 30763
    18: 1114
    19: 1611
    20: 2486
    21: 3631
    22: 2269
    23: 1794
    24: 909
    25: 578
    26: 437
    27: 508
    28: 488
    29: 385
    30: 363
    31: 378
    32: 369
    33: 371
    34: 354
    35: 283
    36: 202
    37: 192
    38: 179
    39: 364
    40: 263
    41: 269
    42: 305
    43: 154
    44: 106
    45: 59
    46: 82
    47: 54
    48: 132
    49: 58
    50: 18
    51: 12
    52: 10
    53: 10
    54: 9
    55: 3
    56: 0
    57: 1
    58: 0
    59: 0
    60: 0
    61: 0
    62: 0
    63: 0
    64: 0
    65: 0
    66: 0
    67: 0
    68: 0
    69: 0
    70: 0
    71: 0
    72: 0
    73: 0
    74: 0
    75: 0
    76: 0
    77: 0
    78: 0
    79: 0
    80: 0
    81: 0
    82: 0
    83: 0
    84: 0
    85: 0
    86: 0
    87: 0
    88: 0
    89: 0
    90: 0
    91: 0
    92: 0
    93: 0
    94: 0
    95: 0
    96: 0
    97: 0
    98: 0
    99: 0
  mem-1: # Memory controller stats
   rd: 774072 # Read requests
   wr: 574736 # Write requests
   rdlat: 110445364 # Total latency experienced by read requests
   wrlat: 100870745 # Total latency experienced by write requests
   rdhits: 71 # Read row hits
   wrhits: 13540 # Write row hits
   mlh: # latency histogram for memory requests
    0: 0
    1: 0
    2: 0
    3: 0
    4: 0
    5: 0
    6: 0
    7: 0
    8: 0
    9: 0
    10: 0
    11: 0
    12: 1
    13: 451991
    14: 156201
    15: 107182
    16: 8603
    17: 31284
    18: 860
    19: 1548
    20: 2036
    21: 3033
    22: 1967
    23: 1560
    24: 826
    25: 679
    26: 423
    27: 541
    28: 416
    29: 381
    30: 341
    31: 334
    32: 352
    33: 378
    34: 342
    35: 256
    36: 228
    37: 171
    38: 191
    39: 379
    40: 277
    41: 285
    42: 284
    43: 163
    44: 103
    45: 43
    46: 86
    47: 74
    48: 139
    49: 63
    50: 23
    51: 7
    52: 6
    53: 9
    54: 5
    55: 1
    56: 0
    57: 0
    58: 0
    59: 0
    60: 0
    61: 0
    62: 0
    63: 0
    64: 0
    65: 0
    66: 0
    67: 0
    68: 0
    69: 0
    70: 0
    71: 0
    72: 0
    73: 0
    74: 0
    75: 0
    76: 0
    77: 0
    78: 0
    79: 0
    80: 0
    81: 0
    82: 0
    83: 0
    84: 0
    85: 0
    86: 0
    87: 0
    88: 0
    89: 0
    90: 0
    91: 0
    92: 0
    93: 0
    94: 0
    95: 0
    96: 0
    97: 0
    98: 0
    99: 0
  mem-2: # Memory controller stats
   rd: 774077 # Read requests
   wr: 574730 # Write requests
   rdlat: 110530548 # Total latency experienced by read requests
   wrlat: 101617409 # Total latency experienced by write requests
   rdhits: 53 # Read row hits
   wrhits: 13167 # Write row hits
   mlh: # latency histogram for memory requests
    0: 0
    1: 0
    2: 0
    3: 0
    4: 0
    5: 0
    6: 0
    7: 0
    8: 0
    9: 0
    10: 0
    11: 0
    12: 0
    13: 451487
    14: 155648
    15: 108828
    16: 6704
    17: 30649
    18: 1083
    19: 1682
    20: 2475
    21: 3609
    22: 2273
    23: 1792
    24: 914
    25: 615
    26: 387
    27: 576
    28: 506
    29: 353
    30: 338
    31: 341
    32: 328
    33: 388
    34: 346
    35: 278
    36: 225
    37: 192
    38: 183
    39: 369
    40: 239
    41: 279
    42: 273
    43: 131
    44: 86
    45: 45
    46: 66
    47: 83
    48: 161
    49: 68
    50: 24
    51: 11
    52: 11
    53: 9
    54: 10
    55: 3
    56: 4
    57: 1
    58: 1
    59: 1
    60: 1
    61: 0
    62: 0
    63: 1
    64: 0
    65: 0
    66: 0
    67: 0
    68: 0
    69: 0
    70: 0
    71: 0
    72: 0
    73: 0
    74: 0
    75: 0
    76: 0
    77: 0
    78: 0
    79: 0
    80: 0
    81: 0
    82: 0
    83: 0
    84: 0
    85: 0
    86: 0
    87: 0
    88: 0
    89: 0
    90: 0
    91: 0
    92: 0
    93: 0
    94: 0
    95: 0
    96: 0
    97: 0
    98: 0
    99: 0
  mem-3: # Memory controller stats
   rd: 774068 # Read requests
   wr: 574744 # Write requests
   rdlat: 110473866 # Total latency experienced by read requests
   wrlat: 100929521 # Total latency experienced by write requests
   rdhits: 44 # Read row hits
   wrhits: 12959 # Write row hits
   mlh: # latency histogram for memory requests
    0: 0
    1: 0
    2: 0
    3: 0
    4: 0
    5: 0
    6: 0
    7: 0
    8: 0
    9: 0
    10: 0
    11: 0
    12: 1
    13: 451265
    14: 156006
    15: 107918
    16: 8609
    17: 31252
    18: 821
    19: 1566
    20: 2089
    21: 3052
    22: 2035
    23: 1609
    24: 883
    25: 661
    26: 411
    27: 510
    28: 477
    29: 393
    30: 351
    31: 346
    32: 343
    33: 372
    34: 323
    35: 254
    36: 190
    37: 192
    38: 181
    39: 397
    40: 274
    41: 301
    42: 301
    43: 147
    44: 92
    45: 55
    46: 63
    47: 84
    48: 128
    49: 70
    50: 9
    51: 12
    52: 9
    53: 9
    54: 6
    55: 1
    56: 0
    57: 0
    58: 0
    59: 0
    60: 0
    61: 0
    62: 0
    63: 0
    64: 0
    65: 0
    66: 0
    67: 0
    68: 0
    69: 0
    70: 0
    71: 0
    72: 0
    73: 0
    74: 0
    75: 0
    76: 0
    77: 0
    78: 0
    79: 0
    80: 0
    81: 0
    82: 0
    83: 0
    84: 0
    85: 0
    86: 0
    87: 0
    88: 0
    89: 0
    90: 0
    91: 0
    92: 0
    93: 0
    94: 0
    95: 0
    96: 0
    97: 0
    98: 0
    99: 0
 sched: # Scheduler stats
  thCr: 1 # Threads created
  thFn: 1 # Threads finished
  schedEvs: 1 # Schedule events
  waitEvs: 0 # Wait events
  handoffEvs: 0 # Handoff events
  sleepEvs: 0 # Sleep events
  idlePhases: 0 # Phases with no thread active
  idlePeriods: 0 # Periods with no thread active
  occHist: # Occupancy histogram
   0: 0
   1: 14701
  rqSzHist: # Run queue size histogram
   0: 14701
   1: 0
   2: 0
   3: 0
   4: 0
   5: 0
   6: 0
   7: 0
   8: 0
   9: 0
   10: 0
   11: 0
   12: 0
   13: 0
   14: 0
   15: 0
   16: 0
 procCycles: # Per-process unhalted core cycles
  0: 147012281
  1: 0
  2: 0
  3: 0
  4: 0
  5: 0
  6: 0
  7: 0
  8: 0
  9: 0
  10: 0
  11: 0
  12: 0
  13: 0
  14: 0
  15: 0
  16: 0
  17: 0
  18: 0
  19: 0
  20: 0
  21: 0
  22: 0
  23: 0
  24: 0
  25: 0
  26: 0
  27: 0
  28: 0
  29: 0
  30: 0
  31: 0
  32: 0
  33: 0
  34: 0
  35: 0
  36: 0
  37: 0
  38: 0
  39: 0
  40: 0
  41: 0
  42: 0
  43: 0
  44: 0
  45: 0
  46: 0
  47: 0
  48: 0
  49: 0
  50: 0
  51: 0
  52: 0
  53: 0
  54: 0
  55: 0
  56: 0
  57: 0
  58: 0
  59: 0
  60: 0
  61: 0
  62: 0
  63: 0
 procInstrs: # Per-process instructions
  0: 100003823
  1: 0
  2: 0
  3: 0
  4: 0
  5: 0
  6: 0
  7: 0
  8: 0
  9: 0
  10: 0
  11: 0
  12: 0
  13: 0
  14: 0
  15: 0
  16: 0
  17: 0
  18: 0
  19: 0
  20: 0
  21: 0
  22: 0
  23: 0
  24: 0
  25: 0
  26: 0
  27: 0
  28: 0
  29: 0
  30: 0
  31: 0
  32: 0
  33: 0
  34: 0
  35: 0
  36: 0
  37: 0
  38: 0
  39: 0
  40: 0
  41: 0
  42: 0
  43: 0
  44: 0
  45: 0
  46: 0
  47: 0
  48: 0
  49: 0
  50: 0
  51: 0
  52: 0
  53: 0
  54: 0
  55: 0
  56: 0
  57: 0
  58: 0
  59: 0
  60: 0
  61: 0
  62: 0
  63: 0
 heartbeats: # Per-process heartbeats
  0: 0
  1: 0
  2: 0
  3: 0
  4: 0
  5: 0
  6: 0
  7: 0
  8: 0
  9: 0
  10: 0
  11: 0
  12: 0
  13: 0
  14: 0
  15: 0
  16: 0
  17: 0
  18: 0
  19: 0
  20: 0
  21: 0
  22: 0
  23: 0
  24: 0
  25: 0
  26: 0
  27: 0
  28: 0
  29: 0
  30: 0
  31: 0
  32: 0
  33: 0
  34: 0
  35: 0
  36: 0
  37: 0
  38: 0
  39: 0
  40: 0
  41: 0
  42: 0
  43: 0
  44: 0
  45: 0
  46: 0
  47: 0
  48: 0
  49: 0
  50: 0
  51: 0
  52: 0
  53: 0
  54: 0
  55: 0
  56: 0
  57: 0
  58: 0
  59: 0
  60: 0
  61: 0
  62: 0
  63: 0
===
