# zsim stats
===
root: # Stats
 contention: # Contention simulation stats
  domain-0: # Domain stats
   time: 81943984 # Weave simulation time
 time: # Simulator time breakdown
  init: 2505610043144
  bound: 4888353584
  weave: 162024455
  ff: 0
 trigger: 20000 # Reason for this stats dump
 phase: 6372 # Simulated phases
 westmere: # Core stats
  westmere-0: # Core stats
   cycles: 63720868 # Simulated unhalted cycles
   cCycles: 4945971 # Cycles due to contention stalls
   instrs: 100015213 # Simulated instructions
   uops: 142690180 # Retired micro-ops
   bbls: 4786126 # Basic blocks
   approxInstrs: 432 # Instrs with approx uop decoding
   mispredBranches: 23099 # Mispredicted branches
   condBranches: 4718815 # conditional branches
 l1i: # Cache stats
  l1i-0: # Filter cache stats
   fhGETS: 9440928 # Filtered GETS hits
   fhGETX: 0 # Filtered GETX hits
   hGETS: 19782 # GETS hits
   hGETX: 0 # GETX hits
   mGETS: 2670 # GETS misses
   mGETXIM: 0 # GETX I->M misses
   mGETXSM: 0 # GETX S->M misses (upgrade misses)
   PUTS: 0 # Clean evictions (from lower level)
   PUTX: 0 # Dirty evictions (from lower level)
   INV: 1140 # Invalidates (from upper level)
   INVX: 0 # Downgrades (from upper level)
   FWD: 0 # Forwards (from upper level)
   latGETnl: 225738 # GET request latency on next level
   latGETnet: 0 # GET request latency on network to next level
 l1d: # Cache stats
  l1d-0: # Filter cache stats
   fhGETS: 27010039 # Filtered GETS hits
   fhGETX: 9102750 # Filtered GETX hits
   hGETS: 15823609 # GETS hits
   hGETX: 5952958 # GETX hits
   mGETS: 246005 # GETS misses
   mGETXIM: 291883 # GETX I->M misses
   mGETXSM: 0 # GETX S->M misses (upgrade misses)
   PUTS: 0 # Clean evictions (from lower level)
   PUTX: 0 # Dirty evictions (from lower level)
   INV: 5777 # Invalidates (from upper level)
   INVX: 0 # Downgrades (from upper level)
   FWD: 0 # Forwards (from upper level)
   latGETnl: 25211166 # GET request latency on next level
   latGETnet: 0 # GET request latency on network to next level
 l2: # Cache stats
  l2-0: # Cache stats
   hGETS: 214369 # GETS hits
   hGETX: 1528 # GETX hits
   mGETS: 34306 # GETS misses
   mGETXIM: 290355 # GETX I->M misses
   mGETXSM: 0 # GETX S->M misses (upgrade misses)
   PUTS: 244248 # Clean evictions (from lower level)
   PUTX: 288570 # Dirty evictions (from lower level)
   INV: 23138 # Invalidates (from upper level)
   INVX: 0 # Downgrades (from upper level)
   FWD: 0 # Forwards (from upper level)
   latGETnl: 20031324 # GET request latency on next level
   latGETnet: 0 # GET request latency on network to next level
 l3: # Cache stats
  l3-0: # Cache stats
   hGETS: 21761 # GETS hits
   hGETX: 166906 # GETX hits
   mGETS: 12545 # GETS misses
   mGETXIM: 123449 # GETX I->M misses
   mGETXSM: 0 # GETX S->M misses (upgrade misses)
   PUTS: 26279 # Clean evictions (from lower level)
   PUTX: 271182 # Dirty evictions (from lower level)
   INV: 0 # Invalidates (from upper level)
   INVX: 0 # Downgrades (from upper level)
   FWD: 0 # Forwards (from upper level)
   latGETnl: 12239460 # GET request latency on next level
   latGETnet: 0 # GET request latency on network to next level
 mem: # Memory controller stats
  mem-0: # Memory controller stats
   rd: 33824 # Read requests
   wr: 23652 # Write requests
   rdlat: 5021363 # Total latency experienced by read requests
   wrlat: 3532653 # Total latency experienced by write requests
   rdhits: 5 # Read row hits
   wrhits: 60 # Write row hits
   mlh: # latency histogram for memory requests
    0: 0
    1: 0
    2: 0
    3: 0
    4: 0
    5: 0
    6: 0
    7: 0
    8: 0
    9: 0
    10: 0
    11: 0
    12: 1
    13: 26811
    14: 2357
    15: 59
    16: 27
    17: 12
    18: 15
    19: 14
    20: 12
    21: 12
    22: 63
    23: 3986
    24: 19
    25: 53
    26: 11
    27: 27
    28: 24
    29: 15
    30: 24
    31: 19
    32: 13
    33: 16
    34: 14
    35: 17
    36: 21
    37: 21
    38: 26
    39: 11
    40: 21
    41: 16
    42: 20
    43: 14
    44: 2
    45: 1
    46: 5
    47: 22
    48: 2
    49: 2
    50: 6
    51: 2
    52: 5
    53: 6
    54: 0
    55: 0
    56: 0
    57: 0
    58: 0
    59: 0
    60: 0
    61: 0
    62: 0
    63: 0
    64: 0
    65: 0
    66: 0
    67: 0
    68: 0
    69: 0
    70: 0
    71: 0
    72: 0
    73: 0
    74: 0
    75: 0
    76: 0
    77: 0
    78: 0
    79: 0
    80: 0
    81: 0
    82: 0
    83: 0
    84: 0
    85: 0
    86: 0
    87: 0
    88: 0
    89: 0
    90: 0
    91: 0
    92: 0
    93: 0
    94: 0
    95: 0
    96: 0
    97: 0
    98: 0
    99: 0
  mem-1: # Memory controller stats
   rd: 34074 # Read requests
   wr: 23853 # Write requests
   rdlat: 5052997 # Total latency experienced by read requests
   wrlat: 3568300 # Total latency experienced by write requests
   rdhits: 8 # Read row hits
   wrhits: 71 # Write row hits
   mlh: # latency histogram for memory requests
    0: 0
    1: 0
    2: 0
    3: 0
    4: 0
    5: 0
    6: 0
    7: 0
    8: 0
    9: 0
    10: 0
    11: 1
    12: 2
    13: 27010
    14: 2402
    15: 45
    16: 48
    17: 20
    18: 15
    19: 11
    20: 18
    21: 17
    22: 107
    23: 3927
    24: 28
    25: 59
    26: 18
    27: 15
    28: 18
    29: 16
    30: 21
    31: 16
    32: 15
    33: 15
    34: 19
    35: 22
    36: 11
    37: 15
    38: 14
    39: 23
    40: 26
    41: 13
    42: 13
    43: 9
    44: 4
    45: 2
    46: 3
    47: 25
    48: 6
    49: 5
    50: 5
    51: 5
    52: 7
    53: 3
    54: 0
    55: 0
    56: 0
    57: 0
    58: 0
    59: 0
    60: 0
    61: 0
    62: 0
    63: 0
    64: 0
    65: 0
    66: 0
    67: 0
    68: 0
    69: 0
    70: 0
    71: 0
    72: 0
    73: 0
    74: 0
    75: 0
    76: 0
    77: 0
    78: 0
    79: 0
    80: 0
    81: 0
    82: 0
    83: 0
    84: 0
    85: 0
    86: 0
    87: 0
    88: 0
    89: 0
    90: 0
    91: 0
    92: 0
    93: 0
    94: 0
    95: 0
    96: 0
    97: 0
    98: 0
    99: 0
  mem-2: # Memory controller stats
   rd: 34156 # Read requests
   wr: 23870 # Write requests
   rdlat: 5067072 # Total latency experienced by read requests
   wrlat: 3577648 # Total latency experienced by write requests
   rdhits: 5 # Read row hits
   wrhits: 65 # Write row hits
   mlh: # latency histogram for memory requests
    0: 0
    1: 0
    2: 0
    3: 0
    4: 0
    5: 0
    6: 0
    7: 0
    8: 0
    9: 0
    10: 0
    11: 1
    12: 0
    13: 27091
    14: 2369
    15: 51
    16: 37
    17: 10
    18: 11
    19: 13
    20: 21
    21: 17
    22: 92
    23: 4007
    24: 23
    25: 52
    26: 19
    27: 20
    28: 16
    29: 22
    30: 23
    31: 17
    32: 14
    33: 12
    34: 6
    35: 19
    36: 24
    37: 15
    38: 13
    39: 10
    40: 15
    41: 17
    42: 23
    43: 13
    44: 3
    45: 2
    46: 4
    47: 27
    48: 2
    49: 5
    50: 9
    51: 5
    52: 5
    53: 1
    54: 0
    55: 0
    56: 0
    57: 0
    58: 0
    59: 0
    60: 0
    61: 0
    62: 0
    63: 0
    64: 0
    65: 0
    66: 0
    67: 0
    68: 0
    69: 0
    70: 0
    71: 0
    72: 0
    73: 0
    74: 0
    75: 0
    76: 0
    77: 0
    78: 0
    79: 0
    80: 0
    81: 0
    82: 0
    83: 0
    84: 0
    85: 0
    86: 0
    87: 0
    88: 0
    89: 0
    90: 0
    91: 0
    92: 0
    93: 0
    94: 0
    95: 0
    96: 0
    97: 0
    98: 0
    99: 0
  mem-3: # Memory controller stats
   rd: 33937 # Read requests
   wr: 23748 # Write requests
   rdlat: 5038747 # Total latency experienced by read requests
   wrlat: 3538470 # Total latency experienced by write requests
   rdhits: 7 # Read row hits
   wrhits: 66 # Write row hits
   mlh: # latency histogram for memory requests
    0: 0
    1: 0
    2: 0
    3: 0
    4: 0
    5: 0
    6: 0
    7: 0
    8: 0
    9: 0
    10: 0
    11: 0
    12: 2
    13: 26903
    14: 2332
    15: 45
    16: 43
    17: 27
    18: 16
    19: 22
    20: 11
    21: 25
    22: 96
    23: 3949
    24: 22
    25: 49
    26: 14
    27: 27
    28: 27
    29: 19
    30: 20
    31: 24
    32: 17
    33: 23
    34: 19
    35: 15
    36: 20
    37: 26
    38: 18
    39: 18
    40: 18
    41: 11
    42: 12
    43: 5
    44: 3
    45: 1
    46: 6
    47: 25
    48: 9
    49: 6
    50: 3
    51: 6
    52: 3
    53: 0
    54: 0
    55: 0
    56: 0
    57: 0
    58: 0
    59: 0
    60: 0
    61: 0
    62: 0
    63: 0
    64: 0
    65: 0
    66: 0
    67: 0
    68: 0
    69: 0
    70: 0
    71: 0
    72: 0
    73: 0
    74: 0
    75: 0
    76: 0
    77: 0
    78: 0
    79: 0
    80: 0
    81: 0
    82: 0
    83: 0
    84: 0
    85: 0
    86: 0
    87: 0
    88: 0
    89: 0
    90: 0
    91: 0
    92: 0
    93: 0
    94: 0
    95: 0
    96: 0
    97: 0
    98: 0
    99: 0
 sched: # Scheduler stats
  thCr: 1 # Threads created
  thFn: 1 # Threads finished
  schedEvs: 1 # Schedule events
  waitEvs: 0 # Wait events
  handoffEvs: 0 # Handoff events
  sleepEvs: 0 # Sleep events
  idlePhases: 0 # Phases with no thread active
  idlePeriods: 0 # Periods with no thread active
  occHist: # Occupancy histogram
   0: 0
   1: 6372
  rqSzHist: # Run queue size histogram
   0: 6372
   1: 0
   2: 0
   3: 0
   4: 0
   5: 0
   6: 0
   7: 0
   8: 0
   9: 0
   10: 0
   11: 0
   12: 0
   13: 0
   14: 0
   15: 0
   16: 0
 procCycles: # Per-process unhalted core cycles
  0: 63720868
  1: 0
  2: 0
  3: 0
  4: 0
  5: 0
  6: 0
  7: 0
  8: 0
  9: 0
  10: 0
  11: 0
  12: 0
  13: 0
  14: 0
  15: 0
  16: 0
  17: 0
  18: 0
  19: 0
  20: 0
  21: 0
  22: 0
  23: 0
  24: 0
  25: 0
  26: 0
  27: 0
  28: 0
  29: 0
  30: 0
  31: 0
  32: 0
  33: 0
  34: 0
  35: 0
  36: 0
  37: 0
  38: 0
  39: 0
  40: 0
  41: 0
  42: 0
  43: 0
  44: 0
  45: 0
  46: 0
  47: 0
  48: 0
  49: 0
  50: 0
  51: 0
  52: 0
  53: 0
  54: 0
  55: 0
  56: 0
  57: 0
  58: 0
  59: 0
  60: 0
  61: 0
  62: 0
  63: 0
 procInstrs: # Per-process instructions
  0: 100015213
  1: 0
  2: 0
  3: 0
  4: 0
  5: 0
  6: 0
  7: 0
  8: 0
  9: 0
  10: 0
  11: 0
  12: 0
  13: 0
  14: 0
  15: 0
  16: 0
  17: 0
  18: 0
  19: 0
  20: 0
  21: 0
  22: 0
  23: 0
  24: 0
  25: 0
  26: 0
  27: 0
  28: 0
  29: 0
  30: 0
  31: 0
  32: 0
  33: 0
  34: 0
  35: 0
  36: 0
  37: 0
  38: 0
  39: 0
  40: 0
  41: 0
  42: 0
  43: 0
  44: 0
  45: 0
  46: 0
  47: 0
  48: 0
  49: 0
  50: 0
  51: 0
  52: 0
  53: 0
  54: 0
  55: 0
  56: 0
  57: 0
  58: 0
  59: 0
  60: 0
  61: 0
  62: 0
  63: 0
 heartbeats: # Per-process heartbeats
  0: 0
  1: 0
  2: 0
  3: 0
  4: 0
  5: 0
  6: 0
  7: 0
  8: 0
  9: 0
  10: 0
  11: 0
  12: 0
  13: 0
  14: 0
  15: 0
  16: 0
  17: 0
  18: 0
  19: 0
  20: 0
  21: 0
  22: 0
  23: 0
  24: 0
  25: 0
  26: 0
  27: 0
  28: 0
  29: 0
  30: 0
  31: 0
  32: 0
  33: 0
  34: 0
  35: 0
  36: 0
  37: 0
  38: 0
  39: 0
  40: 0
  41: 0
  42: 0
  43: 0
  44: 0
  45: 0
  46: 0
  47: 0
  48: 0
  49: 0
  50: 0
  51: 0
  52: 0
  53: 0
  54: 0
  55: 0
  56: 0
  57: 0
  58: 0
  59: 0
  60: 0
  61: 0
  62: 0
  63: 0
===
