# zsim stats
===
root: # Stats
 contention: # Contention simulation stats
  domain-0: # Domain stats
   time: 4313597952 # Weave simulation time
 time: # Simulator time breakdown
  init: 2865381329
  bound: 50218562678
  weave: 5879173044
  ff: 0
 trigger: 20000 # Reason for this stats dump
 phase: 50961 # Simulated phases
 westmere: # Core stats
  westmere-0: # Core stats
   cycles: 439370353 # Simulated unhalted cycles
   cCycles: 15095129 # Cycles due to contention stalls
   instrs: 609044329 # Simulated instructions
   uops: 642710307 # Retired micro-ops
   bbls: 87809597 # Basic blocks
   approxInstrs: 76 # Instrs with approx uop decoding
   mispredBranches: 3969160 # Mispredicted branches
   condBranches: 84561686 # conditional branches
  westmere-1: # Core stats
   cycles: 436877956 # Simulated unhalted cycles
   cCycles: 13939161 # Cycles due to contention stalls
   instrs: 629940975 # Simulated instructions
   uops: 657829776 # Retired micro-ops
   bbls: 90322995 # Basic blocks
   approxInstrs: 27 # Instrs with approx uop decoding
   mispredBranches: 4120180 # Mispredicted branches
   condBranches: 88032551 # conditional branches
  westmere-2: # Core stats
   cycles: 466865385 # Simulated unhalted cycles
   cCycles: 14453278 # Cycles due to contention stalls
   instrs: 662256103 # Simulated instructions
   uops: 696148256 # Retired micro-ops
   bbls: 95134647 # Basic blocks
   approxInstrs: 26 # Instrs with approx uop decoding
   mispredBranches: 4297316 # Mispredicted branches
   condBranches: 92031774 # conditional branches
  westmere-3: # Core stats
   cycles: 396951743 # Simulated unhalted cycles
   cCycles: 15035602 # Cycles due to contention stalls
   instrs: 558628150 # Simulated instructions
   uops: 584569339 # Retired micro-ops
   bbls: 80711869 # Basic blocks
   approxInstrs: 42 # Instrs with approx uop decoding
   mispredBranches: 3612292 # Mispredicted branches
   condBranches: 78362945 # conditional branches
  westmere-4: # Core stats
   cycles: 423155088 # Simulated unhalted cycles
   cCycles: 15620361 # Cycles due to contention stalls
   instrs: 586979111 # Simulated instructions
   uops: 618002424 # Retired micro-ops
   bbls: 84956637 # Basic blocks
   approxInstrs: 30 # Instrs with approx uop decoding
   mispredBranches: 3762266 # Mispredicted branches
   condBranches: 81923200 # conditional branches
  westmere-5: # Core stats
   cycles: 481037058 # Simulated unhalted cycles
   cCycles: 14104093 # Cycles due to contention stalls
   instrs: 671845544 # Simulated instructions
   uops: 710541619 # Retired micro-ops
   bbls: 98071596 # Basic blocks
   approxInstrs: 23 # Instrs with approx uop decoding
   mispredBranches: 4198475 # Mispredicted branches
   condBranches: 93849509 # conditional branches
  westmere-6: # Core stats
   cycles: 509600057 # Simulated unhalted cycles
   cCycles: 14520946 # Cycles due to contention stalls
   instrs: 702271902 # Simulated instructions
   uops: 746848148 # Retired micro-ops
   bbls: 102392371 # Basic blocks
   approxInstrs: 16 # Instrs with approx uop decoding
   mispredBranches: 4374494 # Mispredicted branches
   condBranches: 97382231 # conditional branches
  westmere-7: # Core stats
   cycles: 411108165 # Simulated unhalted cycles
   cCycles: 14511931 # Cycles due to contention stalls
   instrs: 579111653 # Simulated instructions
   uops: 607260983 # Retired micro-ops
   bbls: 83319424 # Basic blocks
   approxInstrs: 29 # Instrs with approx uop decoding
   mispredBranches: 3804518 # Mispredicted branches
   condBranches: 80818179 # conditional branches
 l1i: # Cache stats
  l1i-0: # Filter cache stats
   fhGETS: 121365470 # Filtered GETS hits
   fhGETX: 0 # Filtered GETX hits
   hGETS: 808315 # GETS hits
   hGETX: 0 # GETX hits
   mGETS: 378 # GETS misses
   mGETXIM: 0 # GETX I->M misses
   mGETXSM: 0 # GETX S->M misses (upgrade misses)
   PUTS: 0 # Clean evictions (from lower level)
   PUTX: 0 # Dirty evictions (from lower level)
   INV: 0 # Invalidates (from upper level)
   INVX: 0 # Downgrades (from upper level)
   FWD: 0 # Forwards (from upper level)
   latGETnl: 25812 # GET request latency on next level
   latGETnet: 0 # GET request latency on network to next level
  l1i-1: # Filter cache stats
   fhGETS: 125512005 # Filtered GETS hits
   fhGETX: 0 # Filtered GETX hits
   hGETS: 563379 # GETS hits
   hGETX: 0 # GETX hits
   mGETS: 269 # GETS misses
   mGETXIM: 0 # GETX I->M misses
   mGETXSM: 0 # GETX S->M misses (upgrade misses)
   PUTS: 0 # Clean evictions (from lower level)
   PUTX: 0 # Dirty evictions (from lower level)
   INV: 0 # Invalidates (from upper level)
   INVX: 0 # Downgrades (from upper level)
   FWD: 0 # Forwards (from upper level)
   latGETnl: 11666 # GET request latency on next level
   latGETnet: 0 # GET request latency on network to next level
  l1i-2: # Filter cache stats
   fhGETS: 131740596 # Filtered GETS hits
   fhGETX: 0 # Filtered GETX hits
   hGETS: 765453 # GETS hits
   hGETX: 0 # GETX hits
   mGETS: 272 # GETS misses
   mGETXIM: 0 # GETX I->M misses
   mGETXSM: 0 # GETX S->M misses (upgrade misses)
   PUTS: 0 # Clean evictions (from lower level)
   PUTX: 0 # Dirty evictions (from lower level)
   INV: 0 # Invalidates (from upper level)
   INVX: 0 # Downgrades (from upper level)
   FWD: 0 # Forwards (from upper level)
   latGETnl: 11228 # GET request latency on next level
   latGETnet: 0 # GET request latency on network to next level
  l1i-3: # Filter cache stats
   fhGETS: 111349484 # Filtered GETS hits
   fhGETX: 0 # Filtered GETX hits
   hGETS: 642629 # GETS hits
   hGETX: 0 # GETX hits
   mGETS: 267 # GETS misses
   mGETXIM: 0 # GETX I->M misses
   mGETXSM: 0 # GETX S->M misses (upgrade misses)
   PUTS: 0 # Clean evictions (from lower level)
   PUTX: 0 # Dirty evictions (from lower level)
   INV: 0 # Invalidates (from upper level)
   INVX: 0 # Downgrades (from upper level)
   FWD: 0 # Forwards (from upper level)
   latGETnl: 15108 # GET request latency on next level
   latGETnet: 0 # GET request latency on network to next level
  l1i-4: # Filter cache stats
   fhGETS: 116809780 # Filtered GETS hits
   fhGETX: 0 # Filtered GETX hits
   hGETS: 812244 # GETS hits
   hGETX: 0 # GETX hits
   mGETS: 266 # GETS misses
   mGETXIM: 0 # GETX I->M misses
   mGETXSM: 0 # GETX S->M misses (upgrade misses)
   PUTS: 0 # Clean evictions (from lower level)
   PUTX: 0 # Dirty evictions (from lower level)
   INV: 0 # Invalidates (from upper level)
   INVX: 0 # Downgrades (from upper level)
   FWD: 0 # Forwards (from upper level)
   latGETnl: 11024 # GET request latency on next level
   latGETnet: 0 # GET request latency on network to next level
  l1i-5: # Filter cache stats
   fhGETS: 133485967 # Filtered GETS hits
   fhGETX: 0 # Filtered GETX hits
   hGETS: 1076369 # GETS hits
   hGETX: 0 # GETX hits
   mGETS: 269 # GETS misses
   mGETXIM: 0 # GETX I->M misses
   mGETXSM: 0 # GETX S->M misses (upgrade misses)
   PUTS: 0 # Clean evictions (from lower level)
   PUTX: 0 # Dirty evictions (from lower level)
   INV: 0 # Invalidates (from upper level)
   INVX: 0 # Downgrades (from upper level)
   FWD: 0 # Forwards (from upper level)
   latGETnl: 12206 # GET request latency on next level
   latGETnet: 0 # GET request latency on network to next level
  l1i-6: # Filter cache stats
   fhGETS: 139253102 # Filtered GETS hits
   fhGETX: 0 # Filtered GETX hits
   hGETS: 1268754 # GETS hits
   hGETX: 0 # GETX hits
   mGETS: 251 # GETS misses
   mGETXIM: 0 # GETX I->M misses
   mGETXSM: 0 # GETX S->M misses (upgrade misses)
   PUTS: 0 # Clean evictions (from lower level)
   PUTX: 0 # Dirty evictions (from lower level)
   INV: 0 # Invalidates (from upper level)
   INVX: 0 # Downgrades (from upper level)
   FWD: 0 # Forwards (from upper level)
   latGETnl: 13394 # GET request latency on next level
   latGETnet: 0 # GET request latency on network to next level
  l1i-7: # Filter cache stats
   fhGETS: 115568112 # Filtered GETS hits
   fhGETX: 0 # Filtered GETX hits
   hGETS: 623077 # GETS hits
   hGETX: 0 # GETX hits
   mGETS: 267 # GETS misses
   mGETXIM: 0 # GETX I->M misses
   mGETXSM: 0 # GETX S->M misses (upgrade misses)
   PUTS: 0 # Clean evictions (from lower level)
   PUTX: 0 # Dirty evictions (from lower level)
   INV: 0 # Invalidates (from upper level)
   INVX: 0 # Downgrades (from upper level)
   FWD: 0 # Forwards (from upper level)
   latGETnl: 10878 # GET request latency on next level
   latGETnet: 0 # GET request latency on network to next level
 l1d: # Cache stats
  l1d-0: # Filter cache stats
   fhGETS: 147620546 # Filtered GETS hits
   fhGETX: 23739738 # Filtered GETX hits
   hGETS: 13516165 # GETS hits
   hGETX: 3425786 # GETX hits
   mGETS: 652249 # GETS misses
   mGETXIM: 170785 # GETX I->M misses
   mGETXSM: 5809 # GETX S->M misses (upgrade misses)
   PUTS: 0 # Clean evictions (from lower level)
   PUTX: 0 # Dirty evictions (from lower level)
   INV: 9581 # Invalidates (from upper level)
   INVX: 16030 # Downgrades (from upper level)
   FWD: 0 # Forwards (from upper level)
   latGETnl: 66755221 # GET request latency on next level
   latGETnet: 0 # GET request latency on network to next level
  l1d-1: # Filter cache stats
   fhGETS: 149650053 # Filtered GETS hits
   fhGETX: 22521633 # Filtered GETX hits
   hGETS: 14441754 # GETS hits
   hGETX: 3441406 # GETX hits
   mGETS: 663723 # GETS misses
   mGETXIM: 184385 # GETX I->M misses
   mGETXSM: 30617 # GETX S->M misses (upgrade misses)
   PUTS: 0 # Clean evictions (from lower level)
   PUTX: 0 # Dirty evictions (from lower level)
   INV: 4154 # Invalidates (from upper level)
   INVX: 4280 # Downgrades (from upper level)
   FWD: 0 # Forwards (from upper level)
   latGETnl: 67737964 # GET request latency on next level
   latGETnet: 0 # GET request latency on network to next level
  l1d-2: # Filter cache stats
   fhGETS: 158645215 # Filtered GETS hits
   fhGETX: 24747968 # Filtered GETX hits
   hGETS: 15557751 # GETS hits
   hGETX: 3729996 # GETX hits
   mGETS: 699956 # GETS misses
   mGETXIM: 186919 # GETX I->M misses
   mGETXSM: 27981 # GETX S->M misses (upgrade misses)
   PUTS: 0 # Clean evictions (from lower level)
   PUTX: 0 # Dirty evictions (from lower level)
   INV: 2760 # Invalidates (from upper level)
   INVX: 2760 # Downgrades (from upper level)
   FWD: 0 # Forwards (from upper level)
   latGETnl: 69804180 # GET request latency on next level
   latGETnet: 0 # GET request latency on network to next level
  l1d-3: # Filter cache stats
   fhGETS: 133402074 # Filtered GETS hits
   fhGETX: 20694335 # Filtered GETX hits
   hGETS: 12478599 # GETS hits
   hGETX: 3038793 # GETX hits
   mGETS: 662872 # GETS misses
   mGETXIM: 163483 # GETX I->M misses
   mGETXSM: 12578 # GETX S->M misses (upgrade misses)
   PUTS: 0 # Clean evictions (from lower level)
   PUTX: 0 # Dirty evictions (from lower level)
   INV: 14039 # Invalidates (from upper level)
   INVX: 29302 # Downgrades (from upper level)
   FWD: 0 # Forwards (from upper level)
   latGETnl: 67240896 # GET request latency on next level
   latGETnet: 0 # GET request latency on network to next level
  l1d-4: # Filter cache stats
   fhGETS: 141335873 # Filtered GETS hits
   fhGETX: 22628220 # Filtered GETX hits
   hGETS: 13411676 # GETS hits
   hGETX: 3282452 # GETX hits
   mGETS: 693886 # GETS misses
   mGETXIM: 165428 # GETX I->M misses
   mGETXSM: 10084 # GETX S->M misses (upgrade misses)
   PUTS: 0 # Clean evictions (from lower level)
   PUTX: 0 # Dirty evictions (from lower level)
   INV: 13553 # Invalidates (from upper level)
   INVX: 27564 # Downgrades (from upper level)
   FWD: 0 # Forwards (from upper level)
   latGETnl: 69358010 # GET request latency on next level
   latGETnet: 0 # GET request latency on network to next level
  l1d-5: # Filter cache stats
   fhGETS: 161997689 # Filtered GETS hits
   fhGETX: 27276918 # Filtered GETX hits
   hGETS: 15031184 # GETS hits
   hGETX: 3778086 # GETX hits
   mGETS: 758758 # GETS misses
   mGETXIM: 184522 # GETX I->M misses
   mGETXSM: 37736 # GETX S->M misses (upgrade misses)
   PUTS: 0 # Clean evictions (from lower level)
   PUTX: 0 # Dirty evictions (from lower level)
   INV: 3089 # Invalidates (from upper level)
   INVX: 3373 # Downgrades (from upper level)
   FWD: 0 # Forwards (from upper level)
   latGETnl: 71090208 # GET request latency on next level
   latGETnet: 0 # GET request latency on network to next level
  l1d-6: # Filter cache stats
   fhGETS: 170439904 # Filtered GETS hits
   fhGETX: 29184150 # Filtered GETX hits
   hGETS: 16016153 # GETS hits
   hGETX: 4056025 # GETX hits
   mGETS: 796122 # GETS misses
   mGETXIM: 186994 # GETX I->M misses
   mGETXSM: 38673 # GETX S->M misses (upgrade misses)
   PUTS: 0 # Clean evictions (from lower level)
   PUTX: 0 # Dirty evictions (from lower level)
   INV: 6318 # Invalidates (from upper level)
   INVX: 6111 # Downgrades (from upper level)
   FWD: 0 # Forwards (from upper level)
   latGETnl: 73306559 # GET request latency on next level
   latGETnet: 0 # GET request latency on network to next level
  l1d-7: # Filter cache stats
   fhGETS: 139191666 # Filtered GETS hits
   fhGETX: 21670704 # Filtered GETX hits
   hGETS: 12556415 # GETS hits
   hGETX: 3141592 # GETX hits
   mGETS: 619343 # GETS misses
   mGETXIM: 168404 # GETX I->M misses
   mGETXSM: 4626 # GETX S->M misses (upgrade misses)
   PUTS: 0 # Clean evictions (from lower level)
   PUTX: 0 # Dirty evictions (from lower level)
   INV: 10276 # Invalidates (from upper level)
   INVX: 18131 # Downgrades (from upper level)
   FWD: 0 # Forwards (from upper level)
   latGETnl: 64275403 # GET request latency on next level
   latGETnet: 0 # GET request latency on network to next level
 l2: # Cache stats
  l2-0: # Cache stats
   hGETS: 135060 # GETS hits
   hGETX: 0 # GETX hits
   mGETS: 517567 # GETS misses
   mGETXIM: 170523 # GETX I->M misses
   mGETXSM: 6071 # GETX S->M misses (upgrade misses)
   PUTS: 423167 # Clean evictions (from lower level)
   PUTX: 389807 # Dirty evictions (from lower level)
   INV: 29126 # Invalidates (from upper level)
   INVX: 68614 # Downgrades (from upper level)
   FWD: 0 # Forwards (from upper level)
   latGETnl: 60976486 # GET request latency on next level
   latGETnet: 0 # GET request latency on network to next level
  l2-1: # Cache stats
   hGETS: 127685 # GETS hits
   hGETX: 2 # GETX hits
   mGETS: 536307 # GETS misses
   mGETXIM: 184385 # GETX I->M misses
   mGETXSM: 30615 # GETX S->M misses (upgrade misses)
   PUTS: 442957 # Clean evictions (from lower level)
   PUTX: 400503 # Dirty evictions (from lower level)
   INV: 12267 # Invalidates (from upper level)
   INVX: 13366 # Downgrades (from upper level)
   FWD: 0 # Forwards (from upper level)
   latGETnl: 61596672 # GET request latency on next level
   latGETnet: 0 # GET request latency on network to next level
  l2-2: # Cache stats
   hGETS: 138138 # GETS hits
   hGETX: 5 # GETX hits
   mGETS: 562090 # GETS misses
   mGETXIM: 186919 # GETX I->M misses
   mGETXSM: 27976 # GETX S->M misses (upgrade misses)
   PUTS: 455341 # Clean evictions (from lower level)
   PUTX: 428286 # Dirty evictions (from lower level)
   INV: 7722 # Invalidates (from upper level)
   INVX: 8973 # Downgrades (from upper level)
   FWD: 0 # Forwards (from upper level)
   latGETnl: 63409512 # GET request latency on next level
   latGETnet: 0 # GET request latency on network to next level
  l2-3: # Cache stats
   hGETS: 130392 # GETS hits
   hGETX: 0 # GETX hits
   mGETS: 532747 # GETS misses
   mGETXIM: 163245 # GETX I->M misses
   mGETXSM: 12816 # GETX S->M misses (upgrade misses)
   PUTS: 431183 # Clean evictions (from lower level)
   PUTX: 380685 # Dirty evictions (from lower level)
   INV: 53506 # Invalidates (from upper level)
   INVX: 115842 # Downgrades (from upper level)
   FWD: 0 # Forwards (from upper level)
   latGETnl: 61381604 # GET request latency on next level
   latGETnet: 0 # GET request latency on network to next level
  l2-4: # Cache stats
   hGETS: 137766 # GETS hits
   hGETX: 0 # GETX hits
   mGETS: 556386 # GETS misses
   mGETXIM: 165158 # GETX I->M misses
   mGETXSM: 10354 # GETX S->M misses (upgrade misses)
   PUTS: 441709 # Clean evictions (from lower level)
   PUTX: 403589 # Dirty evictions (from lower level)
   INV: 49025 # Invalidates (from upper level)
   INVX: 110291 # Downgrades (from upper level)
   FWD: 0 # Forwards (from upper level)
   latGETnl: 63281386 # GET request latency on next level
   latGETnet: 0 # GET request latency on network to next level
  l2-5: # Cache stats
   hGETS: 139909 # GETS hits
   hGETX: 4 # GETX hits
   mGETS: 619118 # GETS misses
   mGETXIM: 184527 # GETX I->M misses
   mGETXSM: 37727 # GETX S->M misses (upgrade misses)
   PUTS: 479266 # Clean evictions (from lower level)
   PUTX: 460468 # Dirty evictions (from lower level)
   INV: 10793 # Invalidates (from upper level)
   INVX: 11413 # Downgrades (from upper level)
   FWD: 0 # Forwards (from upper level)
   latGETnl: 64233419 # GET request latency on next level
   latGETnet: 0 # GET request latency on network to next level
  l2-6: # Cache stats
   hGETS: 148572 # GETS hits
   hGETX: 4 # GETX hits
   mGETS: 647801 # GETS misses
   mGETXIM: 186997 # GETX I->M misses
   mGETXSM: 38666 # GETX S->M misses (upgrade misses)
   PUTS: 491469 # Clean evictions (from lower level)
   PUTX: 484873 # Dirty evictions (from lower level)
   INV: 10989 # Invalidates (from upper level)
   INVX: 10980 # Downgrades (from upper level)
   FWD: 0 # Forwards (from upper level)
   latGETnl: 66165673 # GET request latency on next level
   latGETnet: 0 # GET request latency on network to next level
  l2-7: # Cache stats
   hGETS: 133061 # GETS hits
   hGETX: 0 # GETX hits
   mGETS: 486549 # GETS misses
   mGETXIM: 168103 # GETX I->M misses
   mGETXSM: 4927 # GETX S->M misses (upgrade misses)
   PUTS: 411831 # Clean evictions (from lower level)
   PUTX: 365168 # Dirty evictions (from lower level)
   INV: 29838 # Invalidates (from upper level)
   INVX: 69079 # Downgrades (from upper level)
   FWD: 0 # Forwards (from upper level)
   latGETnl: 58737801 # GET request latency on next level
   latGETnet: 0 # GET request latency on network to next level
 l3: # Cache stats
  l3-0b0: # Cache stats
   hGETS: 264424 # GETS hits
   hGETX: 28113 # GETX hits
   mGETS: 291316 # GETS misses
   mGETXIM: 169567 # GETX I->M misses
   mGETXSM: 0 # GETX S->M misses (upgrade misses)
   PUTS: 365051 # Clean evictions (from lower level)
   PUTX: 337315 # Dirty evictions (from lower level)
   INV: 0 # Invalidates (from upper level)
   INVX: 0 # Downgrades (from upper level)
   FWD: 0 # Forwards (from upper level)
   latGETnl: 41479470 # GET request latency on next level
   latGETnet: 0 # GET request latency on network to next level
  l3-0b1: # Cache stats
   hGETS: 265876 # GETS hits
   hGETX: 28183 # GETX hits
   mGETS: 291833 # GETS misses
   mGETXIM: 169170 # GETX I->M misses
   mGETXSM: 0 # GETX S->M misses (upgrade misses)
   PUTS: 366242 # Clean evictions (from lower level)
   PUTX: 338173 # Dirty evictions (from lower level)
   INV: 0 # Invalidates (from upper level)
   INVX: 0 # Downgrades (from upper level)
   FWD: 0 # Forwards (from upper level)
   latGETnl: 41490270 # GET request latency on next level
   latGETnet: 0 # GET request latency on network to next level
  l3-0b2: # Cache stats
   hGETS: 265864 # GETS hits
   hGETX: 28034 # GETX hits
   mGETS: 292550 # GETS misses
   mGETXIM: 169853 # GETX I->M misses
   mGETXSM: 0 # GETX S->M misses (upgrade misses)
   PUTS: 366371 # Clean evictions (from lower level)
   PUTX: 338766 # Dirty evictions (from lower level)
   INV: 0 # Invalidates (from upper level)
   INVX: 0 # Downgrades (from upper level)
   FWD: 0 # Forwards (from upper level)
   latGETnl: 41616270 # GET request latency on next level
   latGETnet: 0 # GET request latency on network to next level
  l3-0b3: # Cache stats
   hGETS: 265863 # GETS hits
   hGETX: 27489 # GETX hits
   mGETS: 291106 # GETS misses
   mGETXIM: 169467 # GETX I->M misses
   mGETXSM: 0 # GETX S->M misses (upgrade misses)
   PUTS: 366302 # Clean evictions (from lower level)
   PUTX: 337732 # Dirty evictions (from lower level)
   INV: 0 # Invalidates (from upper level)
   INVX: 0 # Downgrades (from upper level)
   FWD: 0 # Forwards (from upper level)
   latGETnl: 41451570 # GET request latency on next level
   latGETnet: 0 # GET request latency on network to next level
  l3-0b4: # Cache stats
   hGETS: 267070 # GETS hits
   hGETX: 27345 # GETX hits
   mGETS: 291291 # GETS misses
   mGETXIM: 169759 # GETX I->M misses
   mGETXSM: 0 # GETX S->M misses (upgrade misses)
   PUTS: 366963 # Clean evictions (from lower level)
   PUTX: 338192 # Dirty evictions (from lower level)
   INV: 0 # Invalidates (from upper level)
   INVX: 0 # Downgrades (from upper level)
   FWD: 0 # Forwards (from upper level)
   latGETnl: 41494500 # GET request latency on next level
   latGETnet: 0 # GET request latency on network to next level
  l3-0b5: # Cache stats
   hGETS: 266464 # GETS hits
   hGETX: 27739 # GETX hits
   mGETS: 290756 # GETS misses
   mGETXIM: 169547 # GETX I->M misses
   mGETXSM: 0 # GETX S->M misses (upgrade misses)
   PUTS: 365825 # Clean evictions (from lower level)
   PUTX: 338304 # Dirty evictions (from lower level)
   INV: 0 # Invalidates (from upper level)
   INVX: 0 # Downgrades (from upper level)
   FWD: 0 # Forwards (from upper level)
   latGETnl: 41427270 # GET request latency on next level
   latGETnet: 0 # GET request latency on network to next level
  l3-0b6: # Cache stats
   hGETS: 266820 # GETS hits
   hGETX: 27698 # GETX hits
   mGETS: 290582 # GETS misses
   mGETXIM: 169701 # GETX I->M misses
   mGETXSM: 0 # GETX S->M misses (upgrade misses)
   PUTS: 366098 # Clean evictions (from lower level)
   PUTX: 337929 # Dirty evictions (from lower level)
   INV: 0 # Invalidates (from upper level)
   INVX: 0 # Downgrades (from upper level)
   FWD: 0 # Forwards (from upper level)
   latGETnl: 41425470 # GET request latency on next level
   latGETnet: 0 # GET request latency on network to next level
  l3-0b7: # Cache stats
   hGETS: 266287 # GETS hits
   hGETX: 27576 # GETX hits
   mGETS: 290463 # GETS misses
   mGETXIM: 169768 # GETX I->M misses
   mGETXSM: 0 # GETX S->M misses (upgrade misses)
   PUTS: 365284 # Clean evictions (from lower level)
   PUTX: 338245 # Dirty evictions (from lower level)
   INV: 0 # Invalidates (from upper level)
   INVX: 0 # Downgrades (from upper level)
   FWD: 0 # Forwards (from upper level)
   latGETnl: 41420790 # GET request latency on next level
   latGETnet: 0 # GET request latency on network to next level
 mem: # Memory controller stats
  mem-0: # Memory controller stats
   rd: 922133 # Read requests
   wr: 469764 # Write requests
   rdlat: 138115334 # Total latency experienced by read requests
   wrlat: 106259136 # Total latency experienced by write requests
   rdhits: 18693 # Read row hits
   wrhits: 3337 # Write row hits
   mlh: # latency histogram for memory requests
    0: 0
    1: 0
    2: 0
    3: 0
    4: 0
    5: 0
    6: 0
    7: 0
    8: 0
    9: 2
    10: 1
    11: 719
    12: 1015
    13: 646405
    14: 79920
    15: 57076
    16: 33248
    17: 12970
    18: 9816
    19: 9614
    20: 8250
    21: 7218
    22: 5648
    23: 5228
    24: 4989
    25: 3447
    26: 2255
    27: 2098
    28: 1914
    29: 1808
    30: 1898
    31: 1892
    32: 1832
    33: 1987
    34: 1868
    35: 1972
    36: 1930
    37: 1917
    38: 1805
    39: 1701
    40: 1608
    41: 1478
    42: 1243
    43: 983
    44: 808
    45: 686
    46: 548
    47: 449
    48: 354
    49: 192
    50: 153
    51: 125
    52: 97
    53: 71
    54: 65
    55: 56
    56: 55
    57: 42
    58: 37
    59: 38
    60: 24
    61: 28
    62: 29
    63: 31
    64: 28
    65: 29
    66: 46
    67: 47
    68: 44
    69: 41
    70: 40
    71: 32
    72: 26
    73: 25
    74: 20
    75: 22
    76: 22
    77: 20
    78: 10
    79: 9
    80: 7
    81: 4
    82: 2
    83: 3
    84: 8
    85: 3
    86: 1
    87: 1
    88: 0
    89: 0
    90: 0
    91: 0
    92: 0
    93: 0
    94: 0
    95: 0
    96: 0
    97: 0
    98: 0
    99: 0
  mem-1: # Memory controller stats
   rd: 920415 # Read requests
   wr: 469503 # Write requests
   rdlat: 137849305 # Total latency experienced by read requests
   wrlat: 106120345 # Total latency experienced by write requests
   rdhits: 18886 # Read row hits
   wrhits: 3276 # Write row hits
   mlh: # latency histogram for memory requests
    0: 0
    1: 0
    2: 0
    3: 0
    4: 0
    5: 0
    6: 0
    7: 0
    8: 0
    9: 0
    10: 2
    11: 810
    12: 956
    13: 644294
    14: 79849
    15: 57271
    16: 33893
    17: 13073
    18: 9736
    19: 9595
    20: 8395
    21: 7057
    22: 5775
    23: 5197
    24: 4874
    25: 3530
    26: 2244
    27: 2002
    28: 1909
    29: 1735
    30: 1728
    31: 1816
    32: 1825
    33: 1858
    34: 1929
    35: 2018
    36: 1859
    37: 1949
    38: 1788
    39: 1585
    40: 1597
    41: 1458
    42: 1267
    43: 1037
    44: 866
    45: 655
    46: 556
    47: 510
    48: 354
    49: 205
    50: 140
    51: 134
    52: 109
    53: 100
    54: 97
    55: 59
    56: 58
    57: 44
    58: 44
    59: 44
    60: 44
    61: 31
    62: 53
    63: 50
    64: 43
    65: 39
    66: 26
    67: 15
    68: 16
    69: 25
    70: 24
    71: 20
    72: 24
    73: 21
    74: 17
    75: 13
    76: 7
    77: 7
    78: 10
    79: 11
    80: 7
    81: 11
    82: 10
    83: 1
    84: 0
    85: 2
    86: 1
    87: 0
    88: 0
    89: 1
    90: 0
    91: 0
    92: 0
    93: 0
    94: 0
    95: 0
    96: 0
    97: 0
    98: 0
    99: 0
  mem-2: # Memory controller stats
   rd: 922414 # Read requests
   wr: 468964 # Write requests
   rdlat: 138315715 # Total latency experienced by read requests
   wrlat: 106031563 # Total latency experienced by write requests
   rdhits: 18758 # Read row hits
   wrhits: 3290 # Write row hits
   mlh: # latency histogram for memory requests
    0: 0
    1: 0
    2: 0
    3: 0
    4: 0
    5: 0
    6: 0
    7: 0
    8: 0
    9: 0
    10: 0
    11: 734
    12: 912
    13: 646286
    14: 79562
    15: 57307
    16: 34208
    17: 12927
    18: 9790
    19: 9573
    20: 8314
    21: 7269
    22: 5812
    23: 5219
    24: 4828
    25: 3252
    26: 2092
    27: 1953
    28: 1805
    29: 1715
    30: 1680
    31: 1764
    32: 1814
    33: 1893
    34: 1959
    35: 1938
    36: 1891
    37: 1884
    38: 1766
    39: 1716
    40: 1627
    41: 1495
    42: 1370
    43: 1054
    44: 891
    45: 781
    46: 640
    47: 552
    48: 366
    49: 214
    50: 162
    51: 130
    52: 117
    53: 87
    54: 83
    55: 73
    56: 73
    57: 52
    58: 42
    59: 50
    60: 40
    61: 41
    62: 34
    63: 31
    64: 34
    65: 31
    66: 46
    67: 44
    68: 41
    69: 40
    70: 37
    71: 45
    72: 31
    73: 36
    74: 36
    75: 25
    76: 23
    77: 6
    78: 8
    79: 10
    80: 7
    81: 10
    82: 11
    83: 7
    84: 5
    85: 0
    86: 1
    87: 1
    88: 3
    89: 0
    90: 1
    91: 2
    92: 0
    93: 1
    94: 0
    95: 1
    96: 0
    97: 0
    98: 1
    99: 2
  mem-3: # Memory controller stats
   rd: 921767 # Read requests
   wr: 469446 # Write requests
   rdlat: 138544422 # Total latency experienced by read requests
   wrlat: 106173488 # Total latency experienced by write requests
   rdhits: 19429 # Read row hits
   wrhits: 3276 # Write row hits
   mlh: # latency histogram for memory requests
    0: 0
    1: 0
    2: 0
    3: 0
    4: 0
    5: 0
    6: 0
    7: 0
    8: 0
    9: 0
    10: 0
    11: 730
    12: 921
    13: 644854
    14: 79406
    15: 57446
    16: 33560
    17: 13022
    18: 9673
    19: 9421
    20: 8208
    21: 7223
    22: 5658
    23: 5210
    24: 4956
    25: 3533
    26: 2159
    27: 2059
    28: 1994
    29: 1901
    30: 1859
    31: 1838
    32: 1916
    33: 1951
    34: 1969
    35: 1993
    36: 1998
    37: 2068
    38: 1866
    39: 1662
    40: 1713
    41: 1588
    42: 1354
    43: 1069
    44: 873
    45: 738
    46: 601
    47: 505
    48: 384
    49: 212
    50: 204
    51: 154
    52: 118
    53: 94
    54: 48
    55: 52
    56: 46
    57: 56
    58: 35
    59: 41
    60: 39
    61: 49
    62: 66
    63: 50
    64: 46
    65: 62
    66: 51
    67: 48
    68: 54
    69: 48
    70: 43
    71: 41
    72: 35
    73: 26
    74: 26
    75: 23
    76: 20
    77: 24
    78: 19
    79: 11
    80: 10
    81: 9
    82: 6
    83: 8
    84: 2
    85: 4
    86: 2
    87: 2
    88: 1
    89: 0
    90: 0
    91: 0
    92: 0
    93: 1
    94: 0
    95: 0
    96: 0
    97: 0
    98: 0
    99: 2
 sched: # Scheduler stats
  thCr: 9 # Threads created
  thFn: 0 # Threads finished
  schedEvs: 9 # Schedule events
  waitEvs: 1 # Wait events
  handoffEvs: 0 # Handoff events
  sleepEvs: 0 # Sleep events
  idlePhases: 0 # Phases with no thread active
  idlePeriods: 0 # Periods with no thread active
  occHist: # Occupancy histogram
   0: 0
   1: 1
   2: 0
   3: 0
   4: 0
   5: 0
   6: 0
   7: 0
   8: 50960
  rqSzHist: # Run queue size histogram
   0: 50961
   1: 0
   2: 0
   3: 0
   4: 0
   5: 0
   6: 0
   7: 0
   8: 0
   9: 0
   10: 0
   11: 0
   12: 0
   13: 0
   14: 0
   15: 0
   16: 0
 procCycles: # Per-process unhalted core cycles
  0: 3564965805
  1: 0
  2: 0
  3: 0
  4: 0
  5: 0
  6: 0
  7: 0
  8: 0
  9: 0
  10: 0
  11: 0
  12: 0
  13: 0
  14: 0
  15: 0
  16: 0
  17: 0
  18: 0
  19: 0
  20: 0
  21: 0
  22: 0
  23: 0
  24: 0
  25: 0
  26: 0
  27: 0
  28: 0
  29: 0
  30: 0
  31: 0
  32: 0
  33: 0
  34: 0
  35: 0
  36: 0
  37: 0
  38: 0
  39: 0
  40: 0
  41: 0
  42: 0
  43: 0
  44: 0
  45: 0
  46: 0
  47: 0
  48: 0
  49: 0
  50: 0
  51: 0
  52: 0
  53: 0
  54: 0
  55: 0
  56: 0
  57: 0
  58: 0
  59: 0
  60: 0
  61: 0
  62: 0
  63: 0
 procInstrs: # Per-process instructions
  0: 5000077767
  1: 0
  2: 0
  3: 0
  4: 0
  5: 0
  6: 0
  7: 0
  8: 0
  9: 0
  10: 0
  11: 0
  12: 0
  13: 0
  14: 0
  15: 0
  16: 0
  17: 0
  18: 0
  19: 0
  20: 0
  21: 0
  22: 0
  23: 0
  24: 0
  25: 0
  26: 0
  27: 0
  28: 0
  29: 0
  30: 0
  31: 0
  32: 0
  33: 0
  34: 0
  35: 0
  36: 0
  37: 0
  38: 0
  39: 0
  40: 0
  41: 0
  42: 0
  43: 0
  44: 0
  45: 0
  46: 0
  47: 0
  48: 0
  49: 0
  50: 0
  51: 0
  52: 0
  53: 0
  54: 0
  55: 0
  56: 0
  57: 0
  58: 0
  59: 0
  60: 0
  61: 0
  62: 0
  63: 0
 heartbeats: # Per-process heartbeats
  0: 0
  1: 0
  2: 0
  3: 0
  4: 0
  5: 0
  6: 0
  7: 0
  8: 0
  9: 0
  10: 0
  11: 0
  12: 0
  13: 0
  14: 0
  15: 0
  16: 0
  17: 0
  18: 0
  19: 0
  20: 0
  21: 0
  22: 0
  23: 0
  24: 0
  25: 0
  26: 0
  27: 0
  28: 0
  29: 0
  30: 0
  31: 0
  32: 0
  33: 0
  34: 0
  35: 0
  36: 0
  37: 0
  38: 0
  39: 0
  40: 0
  41: 0
  42: 0
  43: 0
  44: 0
  45: 0
  46: 0
  47: 0
  48: 0
  49: 0
  50: 0
  51: 0
  52: 0
  53: 0
  54: 0
  55: 0
  56: 0
  57: 0
  58: 0
  59: 0
  60: 0
  61: 0
  62: 0
  63: 0
===
