# zsim stats
===
root: # Stats
 contention: # Contention simulation stats
  domain-0: # Domain stats
   time: 1854468921 # Weave simulation time
 time: # Simulator time breakdown
  init: 1348574183639
  bound: 7402202318
  weave: 2137494183
  ff: 0
 trigger: 20000 # Reason for this stats dump
 phase: 22465 # Simulated phases
 westmere: # Core stats
  westmere-0: # Core stats
   cycles: 224651225 # Simulated unhalted cycles
   cCycles: 42591383 # Cycles due to contention stalls
   instrs: 100003009 # Simulated instructions
   uops: 109397112 # Retired micro-ops
   bbls: 20125146 # Basic blocks
   approxInstrs: 1763947 # Instrs with approx uop decoding
   mispredBranches: 1071955 # Mispredicted branches
   condBranches: 19086465 # conditional branches
 l1i: # Cache stats
  l1i-0: # Filter cache stats
   fhGETS: 25660637 # Filtered GETS hits
   fhGETX: 0 # Filtered GETX hits
   hGETS: 202945 # GETS hits
   hGETX: 0 # GETX hits
   mGETS: 2272 # GETS misses
   mGETXIM: 0 # GETX I->M misses
   mGETXSM: 0 # GETX S->M misses (upgrade misses)
   PUTS: 0 # Clean evictions (from lower level)
   PUTX: 0 # Dirty evictions (from lower level)
   INV: 9 # Invalidates (from upper level)
   INVX: 0 # Downgrades (from upper level)
   FWD: 0 # Forwards (from upper level)
   latGETnl: 265294 # GET request latency on next level
   latGETnet: 0 # GET request latency on network to next level
 l1d: # Cache stats
  l1d-0: # Filter cache stats
   fhGETS: 22840215 # Filtered GETS hits
   fhGETX: 4071945 # Filtered GETX hits
   hGETS: 2363216 # GETS hits
   hGETX: 2553932 # GETX hits
   mGETS: 3454897 # GETS misses
   mGETXIM: 732622 # GETX I->M misses
   mGETXSM: 0 # GETX S->M misses (upgrade misses)
   PUTS: 0 # Clean evictions (from lower level)
   PUTX: 0 # Dirty evictions (from lower level)
   INV: 0 # Invalidates (from upper level)
   INVX: 0 # Downgrades (from upper level)
   FWD: 0 # Forwards (from upper level)
   latGETnl: 314177588 # GET request latency on next level
   latGETnet: 0 # GET request latency on network to next level
 l2: # Cache stats
  l2-0: # Cache stats
   hGETS: 700385 # GETS hits
   hGETX: 123363 # GETX hits
   mGETS: 2756784 # GETS misses
   mGETXIM: 609259 # GETX I->M misses
   mGETXSM: 0 # GETX S->M misses (upgrade misses)
   PUTS: 2411335 # Clean evictions (from lower level)
   PUTX: 1777426 # Dirty evictions (from lower level)
   INV: 0 # Invalidates (from upper level)
   INVX: 0 # Downgrades (from upper level)
   FWD: 0 # Forwards (from upper level)
   latGETnl: 272544972 # GET request latency on next level
   latGETnet: 0 # GET request latency on network to next level
 l3: # Cache stats
  l3-0: # Cache stats
   hGETS: 1028257 # GETS hits
   hGETX: 207120 # GETX hits
   mGETS: 1728527 # GETS misses
   mGETXIM: 402139 # GETX I->M misses
   mGETXSM: 0 # GETX S->M misses (upgrade misses)
   PUTS: 2030693 # Clean evictions (from lower level)
   PUTX: 1331254 # Dirty evictions (from lower level)
   INV: 0 # Invalidates (from upper level)
   INVX: 0 # Downgrades (from upper level)
   FWD: 0 # Forwards (from upper level)
   latGETnl: 191759940 # GET request latency on next level
   latGETnet: 0 # GET request latency on network to next level
 mem: # Memory controller stats
  mem-0: # Memory controller stats
   rd: 531812 # Read requests
   wr: 205048 # Write requests
   rdlat: 72207350 # Total latency experienced by read requests
   wrlat: 30592946 # Total latency experienced by write requests
   rdhits: 12171 # Read row hits
   wrhits: 1313 # Write row hits
   mlh: # latency histogram for memory requests
    0: 0
    1: 0
    2: 0
    3: 0
    4: 0
    5: 0
    6: 0
    7: 0
    8: 0
    9: 0
    10: 0
    11: 494
    12: 559
    13: 477245
    14: 32799
    15: 7391
    16: 2936
    17: 926
    18: 389
    19: 386
    20: 404
    21: 554
    22: 409
    23: 536
    24: 744
    25: 654
    26: 218
    27: 192
    28: 266
    29: 253
    30: 284
    31: 347
    32: 336
    33: 326
    34: 343
    35: 365
    36: 307
    37: 317
    38: 287
    39: 313
    40: 321
    41: 280
    42: 291
    43: 119
    44: 49
    45: 35
    46: 35
    47: 46
    48: 33
    49: 11
    50: 3
    51: 2
    52: 4
    53: 2
    54: 0
    55: 1
    56: 0
    57: 0
    58: 0
    59: 0
    60: 0
    61: 0
    62: 0
    63: 0
    64: 0
    65: 0
    66: 0
    67: 0
    68: 0
    69: 0
    70: 0
    71: 0
    72: 0
    73: 0
    74: 0
    75: 0
    76: 0
    77: 0
    78: 0
    79: 0
    80: 0
    81: 0
    82: 0
    83: 0
    84: 0
    85: 0
    86: 0
    87: 0
    88: 0
    89: 0
    90: 0
    91: 0
    92: 0
    93: 0
    94: 0
    95: 0
    96: 0
    97: 0
    98: 0
    99: 0
  mem-1: # Memory controller stats
   rd: 533870 # Read requests
   wr: 205854 # Write requests
   rdlat: 72478122 # Total latency experienced by read requests
   wrlat: 30848951 # Total latency experienced by write requests
   rdhits: 11969 # Read row hits
   wrhits: 1391 # Write row hits
   mlh: # latency histogram for memory requests
    0: 0
    1: 0
    2: 0
    3: 0
    4: 0
    5: 0
    6: 0
    7: 0
    8: 0
    9: 0
    10: 0
    11: 574
    12: 511
    13: 478621
    14: 33429
    15: 7169
    16: 2997
    17: 953
    18: 414
    19: 437
    20: 469
    21: 515
    22: 440
    23: 588
    24: 910
    25: 562
    26: 196
    27: 236
    28: 242
    29: 276
    30: 291
    31: 311
    32: 300
    33: 322
    34: 318
    35: 346
    36: 311
    37: 296
    38: 336
    39: 310
    40: 279
    41: 282
    42: 306
    43: 139
    44: 35
    45: 32
    46: 29
    47: 42
    48: 32
    49: 4
    50: 1
    51: 4
    52: 3
    53: 0
    54: 1
    55: 0
    56: 0
    57: 0
    58: 1
    59: 0
    60: 0
    61: 0
    62: 0
    63: 0
    64: 0
    65: 0
    66: 0
    67: 0
    68: 0
    69: 0
    70: 0
    71: 0
    72: 0
    73: 0
    74: 0
    75: 0
    76: 0
    77: 0
    78: 0
    79: 0
    80: 0
    81: 0
    82: 0
    83: 0
    84: 0
    85: 0
    86: 0
    87: 0
    88: 0
    89: 0
    90: 0
    91: 0
    92: 0
    93: 0
    94: 0
    95: 0
    96: 0
    97: 0
    98: 0
    99: 0
  mem-2: # Memory controller stats
   rd: 531629 # Read requests
   wr: 204234 # Write requests
   rdlat: 72197982 # Total latency experienced by read requests
   wrlat: 30520975 # Total latency experienced by write requests
   rdhits: 12058 # Read row hits
   wrhits: 1357 # Write row hits
   mlh: # latency histogram for memory requests
    0: 0
    1: 0
    2: 0
    3: 0
    4: 0
    5: 0
    6: 0
    7: 0
    8: 0
    9: 0
    10: 0
    11: 562
    12: 538
    13: 475685
    14: 35106
    15: 6562
    16: 2799
    17: 915
    18: 341
    19: 348
    20: 396
    21: 466
    22: 431
    23: 530
    24: 1016
    25: 551
    26: 185
    27: 232
    28: 252
    29: 279
    30: 287
    31: 323
    32: 351
    33: 341
    34: 329
    35: 339
    36: 298
    37: 311
    38: 308
    39: 319
    40: 325
    41: 295
    42: 272
    43: 129
    44: 33
    45: 39
    46: 29
    47: 43
    48: 43
    49: 7
    50: 5
    51: 3
    52: 2
    53: 2
    54: 1
    55: 0
    56: 0
    57: 0
    58: 0
    59: 0
    60: 1
    61: 0
    62: 0
    63: 0
    64: 0
    65: 0
    66: 0
    67: 0
    68: 0
    69: 0
    70: 0
    71: 0
    72: 0
    73: 0
    74: 0
    75: 0
    76: 0
    77: 0
    78: 0
    79: 0
    80: 0
    81: 0
    82: 0
    83: 0
    84: 0
    85: 0
    86: 0
    87: 0
    88: 0
    89: 0
    90: 0
    91: 0
    92: 0
    93: 0
    94: 0
    95: 0
    96: 0
    97: 0
    98: 0
    99: 0
  mem-3: # Memory controller stats
   rd: 533350 # Read requests
   wr: 205265 # Write requests
   rdlat: 72395421 # Total latency experienced by read requests
   wrlat: 30687568 # Total latency experienced by write requests
   rdhits: 12001 # Read row hits
   wrhits: 1285 # Write row hits
   mlh: # latency histogram for memory requests
    0: 0
    1: 0
    2: 0
    3: 0
    4: 0
    5: 0
    6: 0
    7: 0
    8: 0
    9: 0
    10: 0
    11: 524
    12: 505
    13: 479379
    14: 32979
    15: 6568
    16: 2833
    17: 1006
    18: 402
    19: 387
    20: 430
    21: 473
    22: 431
    23: 536
    24: 958
    25: 642
    26: 173
    27: 207
    28: 262
    29: 274
    30: 278
    31: 317
    32: 350
    33: 362
    34: 318
    35: 294
    36: 305
    37: 316
    38: 298
    39: 297
    40: 285
    41: 301
    42: 310
    43: 136
    44: 38
    45: 42
    46: 36
    47: 45
    48: 36
    49: 4
    50: 2
    51: 5
    52: 1
    53: 0
    54: 4
    55: 0
    56: 0
    57: 1
    58: 0
    59: 0
    60: 0
    61: 0
    62: 0
    63: 0
    64: 0
    65: 0
    66: 0
    67: 0
    68: 0
    69: 0
    70: 0
    71: 0
    72: 0
    73: 0
    74: 0
    75: 0
    76: 0
    77: 0
    78: 0
    79: 0
    80: 0
    81: 0
    82: 0
    83: 0
    84: 0
    85: 0
    86: 0
    87: 0
    88: 0
    89: 0
    90: 0
    91: 0
    92: 0
    93: 0
    94: 0
    95: 0
    96: 0
    97: 0
    98: 0
    99: 0
 sched: # Scheduler stats
  thCr: 1 # Threads created
  thFn: 1 # Threads finished
  schedEvs: 1 # Schedule events
  waitEvs: 0 # Wait events
  handoffEvs: 0 # Handoff events
  sleepEvs: 0 # Sleep events
  idlePhases: 0 # Phases with no thread active
  idlePeriods: 0 # Periods with no thread active
  occHist: # Occupancy histogram
   0: 0
   1: 22465
  rqSzHist: # Run queue size histogram
   0: 22465
   1: 0
   2: 0
   3: 0
   4: 0
   5: 0
   6: 0
   7: 0
   8: 0
   9: 0
   10: 0
   11: 0
   12: 0
   13: 0
   14: 0
   15: 0
   16: 0
 procCycles: # Per-process unhalted core cycles
  0: 224651225
  1: 0
  2: 0
  3: 0
  4: 0
  5: 0
  6: 0
  7: 0
  8: 0
  9: 0
  10: 0
  11: 0
  12: 0
  13: 0
  14: 0
  15: 0
  16: 0
  17: 0
  18: 0
  19: 0
  20: 0
  21: 0
  22: 0
  23: 0
  24: 0
  25: 0
  26: 0
  27: 0
  28: 0
  29: 0
  30: 0
  31: 0
  32: 0
  33: 0
  34: 0
  35: 0
  36: 0
  37: 0
  38: 0
  39: 0
  40: 0
  41: 0
  42: 0
  43: 0
  44: 0
  45: 0
  46: 0
  47: 0
  48: 0
  49: 0
  50: 0
  51: 0
  52: 0
  53: 0
  54: 0
  55: 0
  56: 0
  57: 0
  58: 0
  59: 0
  60: 0
  61: 0
  62: 0
  63: 0
 procInstrs: # Per-process instructions
  0: 100003009
  1: 0
  2: 0
  3: 0
  4: 0
  5: 0
  6: 0
  7: 0
  8: 0
  9: 0
  10: 0
  11: 0
  12: 0
  13: 0
  14: 0
  15: 0
  16: 0
  17: 0
  18: 0
  19: 0
  20: 0
  21: 0
  22: 0
  23: 0
  24: 0
  25: 0
  26: 0
  27: 0
  28: 0
  29: 0
  30: 0
  31: 0
  32: 0
  33: 0
  34: 0
  35: 0
  36: 0
  37: 0
  38: 0
  39: 0
  40: 0
  41: 0
  42: 0
  43: 0
  44: 0
  45: 0
  46: 0
  47: 0
  48: 0
  49: 0
  50: 0
  51: 0
  52: 0
  53: 0
  54: 0
  55: 0
  56: 0
  57: 0
  58: 0
  59: 0
  60: 0
  61: 0
  62: 0
  63: 0
 heartbeats: # Per-process heartbeats
  0: 0
  1: 0
  2: 0
  3: 0
  4: 0
  5: 0
  6: 0
  7: 0
  8: 0
  9: 0
  10: 0
  11: 0
  12: 0
  13: 0
  14: 0
  15: 0
  16: 0
  17: 0
  18: 0
  19: 0
  20: 0
  21: 0
  22: 0
  23: 0
  24: 0
  25: 0
  26: 0
  27: 0
  28: 0
  29: 0
  30: 0
  31: 0
  32: 0
  33: 0
  34: 0
  35: 0
  36: 0
  37: 0
  38: 0
  39: 0
  40: 0
  41: 0
  42: 0
  43: 0
  44: 0
  45: 0
  46: 0
  47: 0
  48: 0
  49: 0
  50: 0
  51: 0
  52: 0
  53: 0
  54: 0
  55: 0
  56: 0
  57: 0
  58: 0
  59: 0
  60: 0
  61: 0
  62: 0
  63: 0
===
