# zsim stats
===
root: # Stats
 contention: # Contention simulation stats
  domain-0: # Domain stats
   time: 222249271 # Weave simulation time
 time: # Simulator time breakdown
  init: 2657984950210
  bound: 5351507330
  weave: 313925075
  ff: 0
 trigger: 20000 # Reason for this stats dump
 phase: 8437 # Simulated phases
 westmere: # Core stats
  westmere-0: # Core stats
   cycles: 84371274 # Simulated unhalted cycles
   cCycles: 9998899 # Cycles due to contention stalls
   instrs: 100001676 # Simulated instructions
   uops: 132215671 # Retired micro-ops
   bbls: 1457967 # Basic blocks
   approxInstrs: 967563 # Instrs with approx uop decoding
   mispredBranches: 1056 # Mispredicted branches
   condBranches: 120266 # conditional branches
 l1i: # Cache stats
  l1i-0: # Filter cache stats
   fhGETS: 6773558 # Filtered GETS hits
   fhGETX: 0 # Filtered GETX hits
   hGETS: 4033295 # GETS hits
   hGETX: 0 # GETX hits
   mGETS: 267 # GETS misses
   mGETXIM: 0 # GETX I->M misses
   mGETXSM: 0 # GETX S->M misses (upgrade misses)
   PUTS: 0 # Clean evictions (from lower level)
   PUTX: 0 # Dirty evictions (from lower level)
   INV: 22 # Invalidates (from upper level)
   INVX: 0 # Downgrades (from upper level)
   FWD: 0 # Forwards (from upper level)
   latGETnl: 33108 # GET request latency on next level
   latGETnet: 0 # GET request latency on network to next level
 l1d: # Cache stats
  l1d-0: # Filter cache stats
   fhGETS: 36405888 # Filtered GETS hits
   fhGETX: 9758395 # Filtered GETX hits
   hGETS: 5796590 # GETS hits
   hGETX: 1450160 # GETX hits
   mGETS: 617608 # GETS misses
   mGETXIM: 139994 # GETX I->M misses
   mGETXSM: 0 # GETX S->M misses (upgrade misses)
   PUTS: 0 # Clean evictions (from lower level)
   PUTX: 0 # Dirty evictions (from lower level)
   INV: 7 # Invalidates (from upper level)
   INVX: 0 # Downgrades (from upper level)
   FWD: 0 # Forwards (from upper level)
   latGETnl: 62813394 # GET request latency on next level
   latGETnet: 0 # GET request latency on network to next level
 l2: # Cache stats
  l2-0: # Cache stats
   hGETS: 257340 # GETS hits
   hGETX: 6 # GETX hits
   mGETS: 360535 # GETS misses
   mGETXIM: 139988 # GETX I->M misses
   mGETXSM: 0 # GETX S->M misses (upgrade misses)
   PUTS: 616055 # Clean evictions (from lower level)
   PUTX: 141028 # Dirty evictions (from lower level)
   INV: 0 # Invalidates (from upper level)
   INVX: 0 # Downgrades (from upper level)
   FWD: 0 # Forwards (from upper level)
   latGETnl: 55267812 # GET request latency on next level
   latGETnet: 0 # GET request latency on network to next level
 l3: # Cache stats
  l3-0: # Cache stats
   hGETS: 15340 # GETS hits
   hGETX: 4569 # GETX hits
   mGETS: 345195 # GETS misses
   mGETXIM: 135419 # GETX I->M misses
   mGETXSM: 0 # GETX S->M misses (upgrade misses)
   PUTS: 356516 # Clean evictions (from lower level)
   PUTX: 139911 # Dirty evictions (from lower level)
   INV: 0 # Invalidates (from upper level)
   INVX: 0 # Downgrades (from upper level)
   FWD: 0 # Forwards (from upper level)
   latGETnl: 43255260 # GET request latency on next level
   latGETnet: 0 # GET request latency on network to next level
 mem: # Memory controller stats
  mem-0: # Memory controller stats
   rd: 120079 # Read requests
   wr: 33830 # Write requests
   rdlat: 17536453 # Total latency experienced by read requests
   wrlat: 5686010 # Total latency experienced by write requests
   rdhits: 10 # Read row hits
   wrhits: 102 # Write row hits
   mlh: # latency histogram for memory requests
    0: 0
    1: 0
    2: 0
    3: 0
    4: 0
    5: 0
    6: 0
    7: 0
    8: 0
    9: 0
    10: 0
    11: 0
    12: 0
    13: 77617
    14: 21072
    15: 5922
    16: 1606
    17: 5058
    18: 936
    19: 1179
    20: 836
    21: 165
    22: 549
    23: 91
    24: 213
    25: 3168
    26: 344
    27: 86
    28: 65
    29: 64
    30: 43
    31: 59
    32: 45
    33: 58
    34: 42
    35: 60
    36: 63
    37: 54
    38: 63
    39: 66
    40: 63
    41: 54
    42: 79
    43: 61
    44: 47
    45: 28
    46: 28
    47: 48
    48: 45
    49: 32
    50: 18
    51: 15
    52: 11
    53: 1
    54: 3
    55: 8
    56: 4
    57: 5
    58: 3
    59: 2
    60: 0
    61: 0
    62: 0
    63: 0
    64: 0
    65: 0
    66: 0
    67: 0
    68: 0
    69: 0
    70: 0
    71: 0
    72: 0
    73: 0
    74: 0
    75: 0
    76: 0
    77: 0
    78: 0
    79: 0
    80: 0
    81: 0
    82: 0
    83: 0
    84: 0
    85: 0
    86: 0
    87: 0
    88: 0
    89: 0
    90: 0
    91: 0
    92: 0
    93: 0
    94: 0
    95: 0
    96: 0
    97: 0
    98: 0
    99: 0
  mem-1: # Memory controller stats
   rd: 120160 # Read requests
   wr: 33848 # Write requests
   rdlat: 17564418 # Total latency experienced by read requests
   wrlat: 5687075 # Total latency experienced by write requests
   rdhits: 6 # Read row hits
   wrhits: 93 # Write row hits
   mlh: # latency histogram for memory requests
    0: 0
    1: 0
    2: 0
    3: 0
    4: 0
    5: 0
    6: 0
    7: 0
    8: 0
    9: 0
    10: 0
    11: 0
    12: 0
    13: 77576
    14: 21052
    15: 5963
    16: 1627
    17: 5087
    18: 966
    19: 1153
    20: 811
    21: 144
    22: 558
    23: 90
    24: 291
    25: 3088
    26: 334
    27: 68
    28: 64
    29: 68
    30: 56
    31: 64
    32: 57
    33: 58
    34: 75
    35: 62
    36: 73
    37: 64
    38: 82
    39: 57
    40: 81
    41: 65
    42: 91
    43: 73
    44: 41
    45: 22
    46: 25
    47: 35
    48: 59
    49: 20
    50: 14
    51: 16
    52: 6
    53: 1
    54: 3
    55: 7
    56: 4
    57: 4
    58: 3
    59: 2
    60: 0
    61: 0
    62: 0
    63: 0
    64: 0
    65: 0
    66: 0
    67: 0
    68: 0
    69: 0
    70: 0
    71: 0
    72: 0
    73: 0
    74: 0
    75: 0
    76: 0
    77: 0
    78: 0
    79: 0
    80: 0
    81: 0
    82: 0
    83: 0
    84: 0
    85: 0
    86: 0
    87: 0
    88: 0
    89: 0
    90: 0
    91: 0
    92: 0
    93: 0
    94: 0
    95: 0
    96: 0
    97: 0
    98: 0
    99: 0
  mem-2: # Memory controller stats
   rd: 120185 # Read requests
   wr: 33853 # Write requests
   rdlat: 17544046 # Total latency experienced by read requests
   wrlat: 5666225 # Total latency experienced by write requests
   rdhits: 4 # Read row hits
   wrhits: 95 # Write row hits
   mlh: # latency histogram for memory requests
    0: 0
    1: 0
    2: 0
    3: 0
    4: 0
    5: 0
    6: 0
    7: 0
    8: 0
    9: 0
    10: 0
    11: 0
    12: 0
    13: 77794
    14: 21176
    15: 5931
    16: 1487
    17: 5005
    18: 934
    19: 1141
    20: 818
    21: 142
    22: 528
    23: 186
    24: 269
    25: 3167
    26: 355
    27: 46
    28: 54
    29: 42
    30: 50
    31: 38
    32: 47
    33: 42
    34: 50
    35: 72
    36: 67
    37: 66
    38: 70
    39: 64
    40: 69
    41: 58
    42: 83
    43: 60
    44: 45
    45: 25
    46: 22
    47: 35
    48: 55
    49: 28
    50: 14
    51: 13
    52: 10
    53: 7
    54: 1
    55: 10
    56: 2
    57: 4
    58: 2
    59: 1
    60: 0
    61: 0
    62: 0
    63: 0
    64: 0
    65: 0
    66: 0
    67: 0
    68: 0
    69: 0
    70: 0
    71: 0
    72: 0
    73: 0
    74: 0
    75: 0
    76: 0
    77: 0
    78: 0
    79: 0
    80: 0
    81: 0
    82: 0
    83: 0
    84: 0
    85: 0
    86: 0
    87: 0
    88: 0
    89: 0
    90: 0
    91: 0
    92: 0
    93: 0
    94: 0
    95: 0
    96: 0
    97: 0
    98: 0
    99: 0
  mem-3: # Memory controller stats
   rd: 120188 # Read requests
   wr: 33839 # Write requests
   rdlat: 17551172 # Total latency experienced by read requests
   wrlat: 5655435 # Total latency experienced by write requests
   rdhits: 1 # Read row hits
   wrhits: 95 # Write row hits
   mlh: # latency histogram for memory requests
    0: 0
    1: 0
    2: 0
    3: 0
    4: 0
    5: 0
    6: 0
    7: 0
    8: 0
    9: 0
    10: 0
    11: 0
    12: 0
    13: 77737
    14: 21158
    15: 5959
    16: 1508
    17: 5055
    18: 954
    19: 1089
    20: 817
    21: 133
    22: 503
    23: 182
    24: 320
    25: 3100
    26: 344
    27: 73
    28: 54
    29: 55
    30: 61
    31: 57
    32: 53
    33: 48
    34: 48
    35: 73
    36: 37
    37: 51
    38: 56
    39: 62
    40: 83
    41: 75
    42: 105
    43: 81
    44: 43
    45: 25
    46: 25
    47: 34
    48: 61
    49: 19
    50: 11
    51: 9
    52: 6
    53: 4
    54: 2
    55: 9
    56: 4
    57: 1
    58: 2
    59: 0
    60: 2
    61: 0
    62: 0
    63: 0
    64: 0
    65: 0
    66: 0
    67: 0
    68: 0
    69: 0
    70: 0
    71: 0
    72: 0
    73: 0
    74: 0
    75: 0
    76: 0
    77: 0
    78: 0
    79: 0
    80: 0
    81: 0
    82: 0
    83: 0
    84: 0
    85: 0
    86: 0
    87: 0
    88: 0
    89: 0
    90: 0
    91: 0
    92: 0
    93: 0
    94: 0
    95: 0
    96: 0
    97: 0
    98: 0
    99: 0
 sched: # Scheduler stats
  thCr: 1 # Threads created
  thFn: 1 # Threads finished
  schedEvs: 1 # Schedule events
  waitEvs: 0 # Wait events
  handoffEvs: 0 # Handoff events
  sleepEvs: 0 # Sleep events
  idlePhases: 0 # Phases with no thread active
  idlePeriods: 0 # Periods with no thread active
  occHist: # Occupancy histogram
   0: 0
   1: 8437
  rqSzHist: # Run queue size histogram
   0: 8437
   1: 0
   2: 0
   3: 0
   4: 0
   5: 0
   6: 0
   7: 0
   8: 0
   9: 0
   10: 0
   11: 0
   12: 0
   13: 0
   14: 0
   15: 0
   16: 0
 procCycles: # Per-process unhalted core cycles
  0: 84371274
  1: 0
  2: 0
  3: 0
  4: 0
  5: 0
  6: 0
  7: 0
  8: 0
  9: 0
  10: 0
  11: 0
  12: 0
  13: 0
  14: 0
  15: 0
  16: 0
  17: 0
  18: 0
  19: 0
  20: 0
  21: 0
  22: 0
  23: 0
  24: 0
  25: 0
  26: 0
  27: 0
  28: 0
  29: 0
  30: 0
  31: 0
  32: 0
  33: 0
  34: 0
  35: 0
  36: 0
  37: 0
  38: 0
  39: 0
  40: 0
  41: 0
  42: 0
  43: 0
  44: 0
  45: 0
  46: 0
  47: 0
  48: 0
  49: 0
  50: 0
  51: 0
  52: 0
  53: 0
  54: 0
  55: 0
  56: 0
  57: 0
  58: 0
  59: 0
  60: 0
  61: 0
  62: 0
  63: 0
 procInstrs: # Per-process instructions
  0: 100001676
  1: 0
  2: 0
  3: 0
  4: 0
  5: 0
  6: 0
  7: 0
  8: 0
  9: 0
  10: 0
  11: 0
  12: 0
  13: 0
  14: 0
  15: 0
  16: 0
  17: 0
  18: 0
  19: 0
  20: 0
  21: 0
  22: 0
  23: 0
  24: 0
  25: 0
  26: 0
  27: 0
  28: 0
  29: 0
  30: 0
  31: 0
  32: 0
  33: 0
  34: 0
  35: 0
  36: 0
  37: 0
  38: 0
  39: 0
  40: 0
  41: 0
  42: 0
  43: 0
  44: 0
  45: 0
  46: 0
  47: 0
  48: 0
  49: 0
  50: 0
  51: 0
  52: 0
  53: 0
  54: 0
  55: 0
  56: 0
  57: 0
  58: 0
  59: 0
  60: 0
  61: 0
  62: 0
  63: 0
 heartbeats: # Per-process heartbeats
  0: 0
  1: 0
  2: 0
  3: 0
  4: 0
  5: 0
  6: 0
  7: 0
  8: 0
  9: 0
  10: 0
  11: 0
  12: 0
  13: 0
  14: 0
  15: 0
  16: 0
  17: 0
  18: 0
  19: 0
  20: 0
  21: 0
  22: 0
  23: 0
  24: 0
  25: 0
  26: 0
  27: 0
  28: 0
  29: 0
  30: 0
  31: 0
  32: 0
  33: 0
  34: 0
  35: 0
  36: 0
  37: 0
  38: 0
  39: 0
  40: 0
  41: 0
  42: 0
  43: 0
  44: 0
  45: 0
  46: 0
  47: 0
  48: 0
  49: 0
  50: 0
  51: 0
  52: 0
  53: 0
  54: 0
  55: 0
  56: 0
  57: 0
  58: 0
  59: 0
  60: 0
  61: 0
  62: 0
  63: 0
===
