# zsim stats
===
root: # Stats
 contention: # Contention simulation stats
  domain-0: # Domain stats
   time: 2546382725 # Weave simulation time
 time: # Simulator time breakdown
  init: 307304336730
  bound: 9319545427
  weave: 4860735524
  ff: 0
 trigger: 20000 # Reason for this stats dump
 phase: 21974 # Simulated phases
 westmere: # Core stats
  westmere-0: # Core stats
   cycles: 219742301 # Simulated unhalted cycles
   cCycles: 38868553 # Cycles due to contention stalls
   instrs: 100003095 # Simulated instructions
   uops: 119431859 # Retired micro-ops
   bbls: 22519400 # Basic blocks
   approxInstrs: 238038 # Instrs with approx uop decoding
   mispredBranches: 1140991 # Mispredicted branches
   condBranches: 17118931 # conditional branches
 l1i: # Cache stats
  l1i-0: # Filter cache stats
   fhGETS: 24991243 # Filtered GETS hits
   fhGETX: 0 # Filtered GETX hits
   hGETS: 1920879 # GETS hits
   hGETX: 0 # GETX hits
   mGETS: 801166 # GETS misses
   mGETXIM: 0 # GETX I->M misses
   mGETXSM: 0 # GETX S->M misses (upgrade misses)
   PUTS: 0 # Clean evictions (from lower level)
   PUTX: 0 # Dirty evictions (from lower level)
   INV: 226090 # Invalidates (from upper level)
   INVX: 0 # Downgrades (from upper level)
   FWD: 0 # Forwards (from upper level)
   latGETnl: 37969432 # GET request latency on next level
   latGETnet: 0 # GET request latency on network to next level
 l1d: # Cache stats
  l1d-0: # Filter cache stats
   fhGETS: 23196777 # Filtered GETS hits
   fhGETX: 15379794 # Filtered GETX hits
   hGETS: 2084105 # GETS hits
   hGETX: 1136797 # GETX hits
   mGETS: 1516436 # GETS misses
   mGETXIM: 1465120 # GETX I->M misses
   mGETXSM: 0 # GETX S->M misses (upgrade misses)
   PUTS: 0 # Clean evictions (from lower level)
   PUTX: 0 # Dirty evictions (from lower level)
   INV: 1209144 # Invalidates (from upper level)
   INVX: 0 # Downgrades (from upper level)
   FWD: 0 # Forwards (from upper level)
   latGETnl: 282417546 # GET request latency on next level
   latGETnet: 0 # GET request latency on network to next level
 l2: # Cache stats
  l2-0: # Cache stats
   hGETS: 733875 # GETS hits
   hGETX: 224520 # GETX hits
   mGETS: 1583727 # GETS misses
   mGETXIM: 1240600 # GETX I->M misses
   mGETXSM: 0 # GETX S->M misses (upgrade misses)
   PUTS: 1529687 # Clean evictions (from lower level)
   PUTX: 816887 # Dirty evictions (from lower level)
   INV: 2172221 # Invalidates (from upper level)
   INVX: 0 # Downgrades (from upper level)
   FWD: 0 # Forwards (from upper level)
   latGETnl: 282559758 # GET request latency on next level
   latGETnet: 0 # GET request latency on network to next level
 l3: # Cache stats
  l3-0: # Timing cache stats
   hGETS: 396088 # GETS hits
   hGETX: 41840 # GETX hits
   mGETS: 1187639 # GETS misses
   mGETXIM: 1198760 # GETX I->M misses
   mGETXSM: 0 # GETX S->M misses (upgrade misses)
   PUTS: 537685 # Clean evictions (from lower level)
   PUTX: 111174 # Dirty evictions (from lower level)
   INV: 0 # Invalidates (from upper level)
   INVX: 0 # Downgrades (from upper level)
   FWD: 0 # Forwards (from upper level)
   latGETnl: 214775910 # GET request latency on next level
   latGETnet: 0 # GET request latency on network to next level
   occHist: # Occupancy MSHR cycle histogram
    0: 65246647
    1: 85475696
    2: 22358598
    3: 10019388
    4: 9575636
    5: 7126556
    6: 4719220
    7: 5019989
    8: 7586674
    9: 2163633
    10: 106994
    11: 59211
    12: 62249
    13: 57750
    14: 48060
    15: 40146
    16: 63951
    17: 8789
    18: 207
    19: 136
    20: 152
    21: 180
    22: 115
    23: 18
    24: 2
    25: 3
    26: 0
    27: 0
    28: 0
    29: 0
    30: 0
    31: 0
    32: 0
    33: 0
    34: 0
    35: 0
    36: 0
    37: 0
    38: 0
    39: 0
    40: 0
    41: 0
    42: 0
    43: 0
    44: 0
    45: 0
    46: 0
    47: 0
    48: 0
    49: 0
    50: 0
    51: 0
    52: 0
    53: 0
    54: 0
    55: 0
    56: 0
    57: 0
    58: 0
    59: 0
    60: 0
    61: 0
    62: 0
    63: 0
    64: 0
   latHit: 678957 # Cumulative latency accesses that hit (demand and non-demand)
   latMissResp: 814312534 # Cumulative latency for miss start to response
   latMiss: 814610199 # Cumulative latency for miss start to finish (free MSHR)
 mem: # Memory controller stats
  mem-0: # Memory controller stats
   rd: 625268 # Read requests
   wr: 364000 # Write requests
   rdlat: 85619054 # Total latency experienced by read requests
   wrlat: 57062100 # Total latency experienced by write requests
   rdhits: 452 # Read row hits
   wrhits: 1297 # Write row hits
   mlh: # latency histogram for memory requests
    0: 0
    1: 0
    2: 0
    3: 0
    4: 0
    5: 0
    6: 0
    7: 0
    8: 0
    9: 1
    10: 8
    11: 63
    12: 84
    13: 555527
    14: 21059
    15: 20058
    16: 8538
    17: 2373
    18: 1870
    19: 2365
    20: 1675
    21: 1899
    22: 1471
    23: 656
    24: 775
    25: 371
    26: 211
    27: 224
    28: 257
    29: 265
    30: 298
    31: 373
    32: 342
    33: 306
    34: 267
    35: 320
    36: 472
    37: 450
    38: 458
    39: 413
    40: 345
    41: 372
    42: 442
    43: 214
    44: 112
    45: 83
    46: 91
    47: 85
    48: 43
    49: 13
    50: 6
    51: 2
    52: 2
    53: 3
    54: 2
    55: 0
    56: 1
    57: 0
    58: 1
    59: 1
    60: 1
    61: 0
    62: 0
    63: 0
    64: 0
    65: 0
    66: 0
    67: 0
    68: 0
    69: 0
    70: 0
    71: 0
    72: 0
    73: 0
    74: 0
    75: 0
    76: 0
    77: 0
    78: 0
    79: 0
    80: 0
    81: 0
    82: 0
    83: 0
    84: 0
    85: 0
    86: 0
    87: 0
    88: 0
    89: 0
    90: 0
    91: 0
    92: 0
    93: 0
    94: 0
    95: 0
    96: 0
    97: 0
    98: 0
    99: 0
  mem-1: # Memory controller stats
   rd: 581494 # Read requests
   wr: 348474 # Write requests
   rdlat: 79141984 # Total latency experienced by read requests
   wrlat: 54234713 # Total latency experienced by write requests
   rdhits: 414 # Read row hits
   wrhits: 1857 # Write row hits
   mlh: # latency histogram for memory requests
    0: 0
    1: 0
    2: 0
    3: 0
    4: 0
    5: 0
    6: 0
    7: 0
    8: 0
    9: 0
    10: 1
    11: 37
    12: 44
    13: 523595
    14: 20369
    15: 16506
    16: 7952
    17: 1463
    18: 884
    19: 970
    20: 1084
    21: 1104
    22: 516
    23: 362
    24: 458
    25: 248
    26: 165
    27: 178
    28: 195
    29: 232
    30: 260
    31: 339
    32: 309
    33: 260
    34: 224
    35: 341
    36: 486
    37: 479
    38: 388
    39: 394
    40: 359
    41: 337
    42: 382
    43: 184
    44: 123
    45: 93
    46: 74
    47: 61
    48: 23
    49: 4
    50: 5
    51: 1
    52: 0
    53: 2
    54: 2
    55: 0
    56: 1
    57: 0
    58: 0
    59: 0
    60: 0
    61: 0
    62: 0
    63: 0
    64: 0
    65: 0
    66: 0
    67: 0
    68: 0
    69: 0
    70: 0
    71: 0
    72: 0
    73: 0
    74: 0
    75: 0
    76: 0
    77: 0
    78: 0
    79: 0
    80: 0
    81: 0
    82: 0
    83: 0
    84: 0
    85: 0
    86: 0
    87: 0
    88: 0
    89: 0
    90: 0
    91: 0
    92: 0
    93: 0
    94: 0
    95: 0
    96: 0
    97: 0
    98: 0
    99: 0
  mem-2: # Memory controller stats
   rd: 596832 # Read requests
   wr: 353693 # Write requests
   rdlat: 81513702 # Total latency experienced by read requests
   wrlat: 54820831 # Total latency experienced by write requests
   rdhits: 381 # Read row hits
   wrhits: 3261 # Write row hits
   mlh: # latency histogram for memory requests
    0: 0
    1: 0
    2: 0
    3: 0
    4: 0
    5: 0
    6: 0
    7: 0
    8: 0
    9: 0
    10: 6
    11: 77
    12: 56
    13: 537173
    14: 20013
    15: 15643
    16: 6261
    17: 2020
    18: 1350
    19: 1809
    20: 1333
    21: 1003
    22: 1071
    23: 1643
    24: 607
    25: 709
    26: 197
    27: 211
    28: 193
    29: 231
    30: 238
    31: 334
    32: 342
    33: 274
    34: 261
    35: 316
    36: 482
    37: 450
    38: 396
    39: 429
    40: 329
    41: 371
    42: 384
    43: 201
    44: 131
    45: 83
    46: 92
    47: 59
    48: 27
    49: 6
    50: 4
    51: 6
    52: 6
    53: 1
    54: 2
    55: 0
    56: 2
    57: 0
    58: 0
    59: 0
    60: 0
    61: 0
    62: 0
    63: 0
    64: 0
    65: 0
    66: 0
    67: 0
    68: 0
    69: 0
    70: 0
    71: 0
    72: 0
    73: 0
    74: 0
    75: 0
    76: 0
    77: 0
    78: 0
    79: 0
    80: 0
    81: 0
    82: 0
    83: 0
    84: 0
    85: 0
    86: 0
    87: 0
    88: 0
    89: 0
    90: 0
    91: 0
    92: 0
    93: 0
    94: 0
    95: 0
    96: 0
    97: 0
    98: 0
    99: 0
  mem-3: # Memory controller stats
   rd: 582792 # Read requests
   wr: 362061 # Write requests
   rdlat: 79564884 # Total latency experienced by read requests
   wrlat: 56854707 # Total latency experienced by write requests
   rdhits: 310 # Read row hits
   wrhits: 2083 # Write row hits
   mlh: # latency histogram for memory requests
    0: 0
    1: 0
    2: 0
    3: 0
    4: 0
    5: 0
    6: 0
    7: 0
    8: 0
    9: 2
    10: 11
    11: 26
    12: 56
    13: 515041
    14: 22277
    15: 22993
    16: 9229
    17: 1399
    18: 913
    19: 1270
    20: 955
    21: 1046
    22: 637
    23: 408
    24: 441
    25: 262
    26: 138
    27: 167
    28: 175
    29: 199
    30: 266
    31: 326
    32: 308
    33: 233
    34: 227
    35: 336
    36: 512
    37: 509
    38: 405
    39: 412
    40: 332
    41: 320
    42: 316
    43: 189
    44: 124
    45: 101
    46: 91
    47: 88
    48: 39
    49: 3
    50: 3
    51: 6
    52: 1
    53: 0
    54: 0
    55: 0
    56: 0
    57: 0
    58: 0
    59: 0
    60: 0
    61: 0
    62: 0
    63: 0
    64: 0
    65: 0
    66: 0
    67: 0
    68: 0
    69: 0
    70: 0
    71: 0
    72: 0
    73: 0
    74: 0
    75: 0
    76: 0
    77: 0
    78: 0
    79: 0
    80: 0
    81: 0
    82: 0
    83: 0
    84: 0
    85: 0
    86: 0
    87: 0
    88: 0
    89: 0
    90: 0
    91: 0
    92: 0
    93: 0
    94: 0
    95: 0
    96: 0
    97: 0
    98: 0
    99: 0
 sched: # Scheduler stats
  thCr: 1 # Threads created
  thFn: 1 # Threads finished
  schedEvs: 1 # Schedule events
  waitEvs: 0 # Wait events
  handoffEvs: 0 # Handoff events
  sleepEvs: 0 # Sleep events
  idlePhases: 0 # Phases with no thread active
  idlePeriods: 0 # Periods with no thread active
  occHist: # Occupancy histogram
   0: 0
   1: 21974
  rqSzHist: # Run queue size histogram
   0: 21974
   1: 0
   2: 0
   3: 0
   4: 0
   5: 0
   6: 0
   7: 0
   8: 0
   9: 0
   10: 0
   11: 0
   12: 0
   13: 0
   14: 0
   15: 0
   16: 0
 procCycles: # Per-process unhalted core cycles
  0: 219742301
  1: 0
  2: 0
  3: 0
  4: 0
  5: 0
  6: 0
  7: 0
  8: 0
  9: 0
  10: 0
  11: 0
  12: 0
  13: 0
  14: 0
  15: 0
  16: 0
  17: 0
  18: 0
  19: 0
  20: 0
  21: 0
  22: 0
  23: 0
  24: 0
  25: 0
  26: 0
  27: 0
  28: 0
  29: 0
  30: 0
  31: 0
  32: 0
  33: 0
  34: 0
  35: 0
  36: 0
  37: 0
  38: 0
  39: 0
  40: 0
  41: 0
  42: 0
  43: 0
  44: 0
  45: 0
  46: 0
  47: 0
  48: 0
  49: 0
  50: 0
  51: 0
  52: 0
  53: 0
  54: 0
  55: 0
  56: 0
  57: 0
  58: 0
  59: 0
  60: 0
  61: 0
  62: 0
  63: 0
 procInstrs: # Per-process instructions
  0: 100003095
  1: 0
  2: 0
  3: 0
  4: 0
  5: 0
  6: 0
  7: 0
  8: 0
  9: 0
  10: 0
  11: 0
  12: 0
  13: 0
  14: 0
  15: 0
  16: 0
  17: 0
  18: 0
  19: 0
  20: 0
  21: 0
  22: 0
  23: 0
  24: 0
  25: 0
  26: 0
  27: 0
  28: 0
  29: 0
  30: 0
  31: 0
  32: 0
  33: 0
  34: 0
  35: 0
  36: 0
  37: 0
  38: 0
  39: 0
  40: 0
  41: 0
  42: 0
  43: 0
  44: 0
  45: 0
  46: 0
  47: 0
  48: 0
  49: 0
  50: 0
  51: 0
  52: 0
  53: 0
  54: 0
  55: 0
  56: 0
  57: 0
  58: 0
  59: 0
  60: 0
  61: 0
  62: 0
  63: 0
 heartbeats: # Per-process heartbeats
  0: 0
  1: 0
  2: 0
  3: 0
  4: 0
  5: 0
  6: 0
  7: 0
  8: 0
  9: 0
  10: 0
  11: 0
  12: 0
  13: 0
  14: 0
  15: 0
  16: 0
  17: 0
  18: 0
  19: 0
  20: 0
  21: 0
  22: 0
  23: 0
  24: 0
  25: 0
  26: 0
  27: 0
  28: 0
  29: 0
  30: 0
  31: 0
  32: 0
  33: 0
  34: 0
  35: 0
  36: 0
  37: 0
  38: 0
  39: 0
  40: 0
  41: 0
  42: 0
  43: 0
  44: 0
  45: 0
  46: 0
  47: 0
  48: 0
  49: 0
  50: 0
  51: 0
  52: 0
  53: 0
  54: 0
  55: 0
  56: 0
  57: 0
  58: 0
  59: 0
  60: 0
  61: 0
  62: 0
  63: 0
===
