# zsim stats
===
root: # Stats
 contention: # Contention simulation stats
  domain-0: # Domain stats
   time: 4821563830 # Weave simulation time
 time: # Simulator time breakdown
  init: 408158208736
  bound: 15026381235
  weave: 5661881677
  ff: 0
 trigger: 20000 # Reason for this stats dump
 phase: 65192 # Simulated phases
 westmere: # Core stats
  westmere-0: # Core stats
   cycles: 651922904 # Simulated unhalted cycles
   cCycles: 148343048 # Cycles due to contention stalls
   instrs: 100000772 # Simulated instructions
   uops: 101912746 # Retired micro-ops
   bbls: 27652748 # Basic blocks
   approxInstrs: 22402 # Instrs with approx uop decoding
   mispredBranches: 1591225 # Mispredicted branches
   condBranches: 25801027 # conditional branches
 l1i: # Cache stats
  l1i-0: # Filter cache stats
   fhGETS: 35460083 # Filtered GETS hits
   fhGETX: 0 # Filtered GETX hits
   hGETS: 0 # GETS hits
   hGETX: 0 # GETX hits
   mGETS: 47 # GETS misses
   mGETXIM: 0 # GETX I->M misses
   mGETXSM: 0 # GETX S->M misses (upgrade misses)
   PUTS: 0 # Clean evictions (from lower level)
   PUTX: 0 # Dirty evictions (from lower level)
   INV: 0 # Invalidates (from upper level)
   INVX: 0 # Downgrades (from upper level)
   FWD: 0 # Forwards (from upper level)
   latGETnl: 5828 # GET request latency on next level
   latGETnet: 0 # GET request latency on network to next level
 l1d: # Cache stats
  l1d-0: # Filter cache stats
   fhGETS: 22267935 # Filtered GETS hits
   fhGETX: 2287879 # Filtered GETX hits
   hGETS: 1846881 # GETS hits
   hGETX: 3249018 # GETX hits
   mGETS: 12461978 # GETS misses
   mGETXIM: 254249 # GETX I->M misses
   mGETXSM: 0 # GETX S->M misses (upgrade misses)
   PUTS: 0 # Clean evictions (from lower level)
   PUTX: 0 # Dirty evictions (from lower level)
   INV: 0 # Invalidates (from upper level)
   INVX: 0 # Downgrades (from upper level)
   FWD: 0 # Forwards (from upper level)
   latGETnl: 1101152938 # GET request latency on next level
   latGETnet: 0 # GET request latency on network to next level
 l2: # Cache stats
  l2-0: # Cache stats
   hGETS: 2418324 # GETS hits
   hGETX: 80891 # GETX hits
   mGETS: 10043701 # GETS misses
   mGETXIM: 173358 # GETX I->M misses
   mGETXSM: 0 # GETX S->M misses (upgrade misses)
   PUTS: 9460132 # Clean evictions (from lower level)
   PUTX: 3255583 # Dirty evictions (from lower level)
   INV: 0 # Invalidates (from upper level)
   INVX: 0 # Downgrades (from upper level)
   FWD: 0 # Forwards (from upper level)
   latGETnl: 973996026 # GET request latency on next level
   latGETnet: 0 # GET request latency on network to next level
 l3: # Cache stats
  l3-0: # Cache stats
   hGETS: 2068307 # GETS hits
   hGETX: 51123 # GETX hits
   mGETS: 7975394 # GETS misses
   mGETXIM: 122235 # GETX I->M misses
   mGETXSM: 0 # GETX S->M misses (upgrade misses)
   PUTS: 7440458 # Clean evictions (from lower level)
   PUTX: 2772505 # Dirty evictions (from lower level)
   INV: 0 # Invalidates (from upper level)
   INVX: 0 # Downgrades (from upper level)
   FWD: 0 # Forwards (from upper level)
   latGETnl: 728786610 # GET request latency on next level
   latGETnet: 0 # GET request latency on network to next level
 mem: # Memory controller stats
  mem-0: # Memory controller stats
   rd: 2021917 # Read requests
   wr: 655568 # Write requests
   rdlat: 275302966 # Total latency experienced by read requests
   wrlat: 95600505 # Total latency experienced by write requests
   rdhits: 2320 # Read row hits
   wrhits: 2198 # Write row hits
   mlh: # latency histogram for memory requests
    0: 0
    1: 0
    2: 0
    3: 0
    4: 0
    5: 0
    6: 0
    7: 0
    8: 0
    9: 0
    10: 0
    11: 330
    12: 393
    13: 1783314
    14: 140415
    15: 48744
    16: 13848
    17: 2894
    18: 1001
    19: 1006
    20: 1141
    21: 1394
    22: 950
    23: 1380
    24: 3274
    25: 1735
    26: 533
    27: 649
    28: 674
    29: 720
    30: 1108
    31: 1448
    32: 1160
    33: 1168
    34: 1328
    35: 1419
    36: 1320
    37: 1210
    38: 1198
    39: 1160
    40: 1108
    41: 1164
    42: 1093
    43: 515
    44: 251
    45: 180
    46: 164
    47: 254
    48: 162
    49: 56
    50: 17
    51: 13
    52: 7
    53: 8
    54: 6
    55: 2
    56: 1
    57: 1
    58: 1
    59: 0
    60: 0
    61: 0
    62: 0
    63: 0
    64: 0
    65: 0
    66: 0
    67: 0
    68: 0
    69: 0
    70: 0
    71: 0
    72: 0
    73: 0
    74: 0
    75: 0
    76: 0
    77: 0
    78: 0
    79: 0
    80: 0
    81: 0
    82: 0
    83: 0
    84: 0
    85: 0
    86: 0
    87: 0
    88: 0
    89: 0
    90: 0
    91: 0
    92: 0
    93: 0
    94: 0
    95: 0
    96: 0
    97: 0
    98: 0
    99: 0
  mem-1: # Memory controller stats
   rd: 2019987 # Read requests
   wr: 655251 # Write requests
   rdlat: 274975452 # Total latency experienced by read requests
   wrlat: 95615029 # Total latency experienced by write requests
   rdhits: 2320 # Read row hits
   wrhits: 2270 # Write row hits
   mlh: # latency histogram for memory requests
    0: 0
    1: 0
    2: 0
    3: 0
    4: 0
    5: 0
    6: 0
    7: 0
    8: 0
    9: 0
    10: 0
    11: 275
    12: 534
    13: 1782324
    14: 139428
    15: 48962
    16: 14061
    17: 2712
    18: 993
    19: 1039
    20: 1262
    21: 1246
    22: 952
    23: 1381
    24: 2941
    25: 1912
    26: 572
    27: 613
    28: 605
    29: 780
    30: 1148
    31: 1452
    32: 1167
    33: 1195
    34: 1371
    35: 1368
    36: 1301
    37: 1251
    38: 1143
    39: 1143
    40: 1113
    41: 1166
    42: 1081
    43: 511
    44: 172
    45: 176
    46: 146
    47: 238
    48: 151
    49: 57
    50: 16
    51: 11
    52: 9
    53: 4
    54: 3
    55: 1
    56: 0
    57: 1
    58: 0
    59: 0
    60: 0
    61: 0
    62: 0
    63: 0
    64: 0
    65: 0
    66: 0
    67: 0
    68: 0
    69: 0
    70: 0
    71: 0
    72: 0
    73: 0
    74: 0
    75: 0
    76: 0
    77: 0
    78: 0
    79: 0
    80: 0
    81: 0
    82: 0
    83: 0
    84: 0
    85: 0
    86: 0
    87: 0
    88: 0
    89: 0
    90: 0
    91: 0
    92: 0
    93: 0
    94: 0
    95: 0
    96: 0
    97: 0
    98: 0
    99: 0
  mem-2: # Memory controller stats
   rd: 2039416 # Read requests
   wr: 654855 # Write requests
   rdlat: 277682933 # Total latency experienced by read requests
   wrlat: 95734516 # Total latency experienced by write requests
   rdhits: 2402 # Read row hits
   wrhits: 2327 # Write row hits
   mlh: # latency histogram for memory requests
    0: 0
    1: 0
    2: 0
    3: 0
    4: 0
    5: 0
    6: 0
    7: 0
    8: 0
    9: 0
    10: 0
    11: 298
    12: 669
    13: 1793231
    14: 148153
    15: 49409
    16: 12840
    17: 2336
    18: 994
    19: 1036
    20: 1178
    21: 1276
    22: 1011
    23: 1588
    24: 3633
    25: 1820
    26: 506
    27: 586
    28: 657
    29: 741
    30: 1131
    31: 1379
    32: 1166
    33: 1281
    34: 1291
    35: 1382
    36: 1327
    37: 1172
    38: 1156
    39: 1255
    40: 1122
    41: 1128
    42: 1068
    43: 557
    44: 228
    45: 180
    46: 161
    47: 242
    48: 137
    49: 42
    50: 15
    51: 10
    52: 7
    53: 10
    54: 5
    55: 1
    56: 0
    57: 0
    58: 0
    59: 1
    60: 0
    61: 0
    62: 0
    63: 0
    64: 0
    65: 0
    66: 0
    67: 0
    68: 0
    69: 0
    70: 0
    71: 0
    72: 0
    73: 0
    74: 0
    75: 0
    76: 0
    77: 0
    78: 0
    79: 0
    80: 0
    81: 0
    82: 0
    83: 0
    84: 0
    85: 0
    86: 0
    87: 0
    88: 0
    89: 0
    90: 0
    91: 0
    92: 0
    93: 0
    94: 0
    95: 0
    96: 0
    97: 0
    98: 0
    99: 0
  mem-3: # Memory controller stats
   rd: 2016249 # Read requests
   wr: 654698 # Write requests
   rdlat: 274487541 # Total latency experienced by read requests
   wrlat: 95426493 # Total latency experienced by write requests
   rdhits: 2450 # Read row hits
   wrhits: 2142 # Write row hits
   mlh: # latency histogram for memory requests
    0: 0
    1: 0
    2: 0
    3: 0
    4: 0
    5: 0
    6: 0
    7: 0
    8: 0
    9: 1
    10: 0
    11: 334
    12: 522
    13: 1778742
    14: 138759
    15: 49125
    16: 14429
    17: 2435
    18: 1022
    19: 1017
    20: 1282
    21: 1415
    22: 950
    23: 1280
    24: 3463
    25: 1599
    26: 542
    27: 614
    28: 665
    29: 741
    30: 1121
    31: 1447
    32: 1135
    33: 1161
    34: 1366
    35: 1410
    36: 1315
    37: 1206
    38: 1101
    39: 1200
    40: 1169
    41: 1091
    42: 1101
    43: 497
    44: 200
    45: 175
    46: 151
    47: 227
    48: 143
    49: 48
    50: 13
    51: 11
    52: 11
    53: 6
    54: 5
    55: 1
    56: 1
    57: 0
    58: 0
    59: 0
    60: 0
    61: 0
    62: 0
    63: 0
    64: 0
    65: 0
    66: 0
    67: 0
    68: 0
    69: 0
    70: 0
    71: 0
    72: 0
    73: 0
    74: 0
    75: 0
    76: 0
    77: 0
    78: 0
    79: 0
    80: 0
    81: 0
    82: 0
    83: 0
    84: 0
    85: 0
    86: 0
    87: 0
    88: 0
    89: 0
    90: 0
    91: 0
    92: 0
    93: 0
    94: 0
    95: 0
    96: 0
    97: 0
    98: 0
    99: 0
 sched: # Scheduler stats
  thCr: 1 # Threads created
  thFn: 1 # Threads finished
  schedEvs: 1 # Schedule events
  waitEvs: 0 # Wait events
  handoffEvs: 0 # Handoff events
  sleepEvs: 0 # Sleep events
  idlePhases: 0 # Phases with no thread active
  idlePeriods: 0 # Periods with no thread active
  occHist: # Occupancy histogram
   0: 0
   1: 65192
  rqSzHist: # Run queue size histogram
   0: 65192
   1: 0
   2: 0
   3: 0
   4: 0
   5: 0
   6: 0
   7: 0
   8: 0
   9: 0
   10: 0
   11: 0
   12: 0
   13: 0
   14: 0
   15: 0
   16: 0
 procCycles: # Per-process unhalted core cycles
  0: 651922904
  1: 0
  2: 0
  3: 0
  4: 0
  5: 0
  6: 0
  7: 0
  8: 0
  9: 0
  10: 0
  11: 0
  12: 0
  13: 0
  14: 0
  15: 0
  16: 0
  17: 0
  18: 0
  19: 0
  20: 0
  21: 0
  22: 0
  23: 0
  24: 0
  25: 0
  26: 0
  27: 0
  28: 0
  29: 0
  30: 0
  31: 0
  32: 0
  33: 0
  34: 0
  35: 0
  36: 0
  37: 0
  38: 0
  39: 0
  40: 0
  41: 0
  42: 0
  43: 0
  44: 0
  45: 0
  46: 0
  47: 0
  48: 0
  49: 0
  50: 0
  51: 0
  52: 0
  53: 0
  54: 0
  55: 0
  56: 0
  57: 0
  58: 0
  59: 0
  60: 0
  61: 0
  62: 0
  63: 0
 procInstrs: # Per-process instructions
  0: 100000772
  1: 0
  2: 0
  3: 0
  4: 0
  5: 0
  6: 0
  7: 0
  8: 0
  9: 0
  10: 0
  11: 0
  12: 0
  13: 0
  14: 0
  15: 0
  16: 0
  17: 0
  18: 0
  19: 0
  20: 0
  21: 0
  22: 0
  23: 0
  24: 0
  25: 0
  26: 0
  27: 0
  28: 0
  29: 0
  30: 0
  31: 0
  32: 0
  33: 0
  34: 0
  35: 0
  36: 0
  37: 0
  38: 0
  39: 0
  40: 0
  41: 0
  42: 0
  43: 0
  44: 0
  45: 0
  46: 0
  47: 0
  48: 0
  49: 0
  50: 0
  51: 0
  52: 0
  53: 0
  54: 0
  55: 0
  56: 0
  57: 0
  58: 0
  59: 0
  60: 0
  61: 0
  62: 0
  63: 0
 heartbeats: # Per-process heartbeats
  0: 0
  1: 0
  2: 0
  3: 0
  4: 0
  5: 0
  6: 0
  7: 0
  8: 0
  9: 0
  10: 0
  11: 0
  12: 0
  13: 0
  14: 0
  15: 0
  16: 0
  17: 0
  18: 0
  19: 0
  20: 0
  21: 0
  22: 0
  23: 0
  24: 0
  25: 0
  26: 0
  27: 0
  28: 0
  29: 0
  30: 0
  31: 0
  32: 0
  33: 0
  34: 0
  35: 0
  36: 0
  37: 0
  38: 0
  39: 0
  40: 0
  41: 0
  42: 0
  43: 0
  44: 0
  45: 0
  46: 0
  47: 0
  48: 0
  49: 0
  50: 0
  51: 0
  52: 0
  53: 0
  54: 0
  55: 0
  56: 0
  57: 0
  58: 0
  59: 0
  60: 0
  61: 0
  62: 0
  63: 0
===
