# zsim stats
===
root: # Stats
 contention: # Contention simulation stats
  domain-0: # Domain stats
   time: 21105244354 # Weave simulation time
 time: # Simulator time breakdown
  init: 603579511
  bound: 143958455034
  weave: 25860004873
  ff: 0
 trigger: 20000 # Reason for this stats dump
 phase: 87274 # Simulated phases
 westmere: # Core stats
  westmere-0: # Core stats
   cycles: 846082535 # Simulated unhalted cycles
   cCycles: 109801491 # Cycles due to contention stalls
   instrs: 722802774 # Simulated instructions
   uops: 860011638 # Retired micro-ops
   bbls: 71545250 # Basic blocks
   approxInstrs: 75281 # Instrs with approx uop decoding
   mispredBranches: 228976 # Mispredicted branches
   condBranches: 52269631 # conditional branches
  westmere-1: # Core stats
   cycles: 783370306 # Simulated unhalted cycles
   cCycles: 102755044 # Cycles due to contention stalls
   instrs: 620383139 # Simulated instructions
   uops: 722591806 # Retired micro-ops
   bbls: 55970447 # Basic blocks
   approxInstrs: 6211 # Instrs with approx uop decoding
   mispredBranches: 226763 # Mispredicted branches
   condBranches: 48579687 # conditional branches
  westmere-2: # Core stats
   cycles: 781856816 # Simulated unhalted cycles
   cCycles: 104164845 # Cycles due to contention stalls
   instrs: 617138764 # Simulated instructions
   uops: 716507436 # Retired micro-ops
   bbls: 56041219 # Basic blocks
   approxInstrs: 74994 # Instrs with approx uop decoding
   mispredBranches: 225874 # Mispredicted branches
   condBranches: 49351476 # conditional branches
  westmere-3: # Core stats
   cycles: 773158245 # Simulated unhalted cycles
   cCycles: 102369920 # Cycles due to contention stalls
   instrs: 616545580 # Simulated instructions
   uops: 715877698 # Retired micro-ops
   bbls: 55908137 # Basic blocks
   approxInstrs: 75256 # Instrs with approx uop decoding
   mispredBranches: 232245 # Mispredicted branches
   condBranches: 49229370 # conditional branches
  westmere-4: # Core stats
   cycles: 781628155 # Simulated unhalted cycles
   cCycles: 105651436 # Cycles due to contention stalls
   instrs: 607434948 # Simulated instructions
   uops: 706859267 # Retired micro-ops
   bbls: 53890383 # Basic blocks
   approxInstrs: 75093 # Instrs with approx uop decoding
   mispredBranches: 229225 # Mispredicted branches
   condBranches: 47194691 # conditional branches
  westmere-5: # Core stats
   cycles: 773950567 # Simulated unhalted cycles
   cCycles: 104390459 # Cycles due to contention stalls
   instrs: 599637441 # Simulated instructions
   uops: 699017863 # Retired micro-ops
   bbls: 52153723 # Basic blocks
   approxInstrs: 75224 # Instrs with approx uop decoding
   mispredBranches: 225864 # Mispredicted branches
   condBranches: 45462085 # conditional branches
  westmere-6: # Core stats
   cycles: 774857948 # Simulated unhalted cycles
   cCycles: 103441791 # Cycles due to contention stalls
   instrs: 609291238 # Simulated instructions
   uops: 708642731 # Retired micro-ops
   bbls: 54296313 # Basic blocks
   approxInstrs: 75411 # Instrs with approx uop decoding
   mispredBranches: 229331 # Mispredicted branches
   condBranches: 47611374 # conditional branches
  westmere-7: # Core stats
   cycles: 778000943 # Simulated unhalted cycles
   cCycles: 104687187 # Cycles due to contention stalls
   instrs: 606812333 # Simulated instructions
   uops: 706246317 # Retired micro-ops
   bbls: 53751991 # Basic blocks
   approxInstrs: 75327 # Instrs with approx uop decoding
   mispredBranches: 225465 # Mispredicted branches
   condBranches: 47052611 # conditional branches
 l1i: # Cache stats
  l1i-0: # Filter cache stats
   fhGETS: 101880715 # Filtered GETS hits
   fhGETX: 0 # Filtered GETX hits
   hGETS: 17643 # GETS hits
   hGETX: 0 # GETX hits
   mGETS: 652 # GETS misses
   mGETXIM: 0 # GETX I->M misses
   mGETXSM: 0 # GETX S->M misses (upgrade misses)
   PUTS: 0 # Clean evictions (from lower level)
   PUTX: 0 # Dirty evictions (from lower level)
   INV: 1 # Invalidates (from upper level)
   INVX: 0 # Downgrades (from upper level)
   FWD: 0 # Forwards (from upper level)
   latGETnl: 56296 # GET request latency on next level
   latGETnet: 0 # GET request latency on network to next level
  l1i-1: # Filter cache stats
   fhGETS: 86341508 # Filtered GETS hits
   fhGETX: 0 # Filtered GETX hits
   hGETS: 38855 # GETS hits
   hGETX: 0 # GETX hits
   mGETS: 510 # GETS misses
   mGETXIM: 0 # GETX I->M misses
   mGETXSM: 0 # GETX S->M misses (upgrade misses)
   PUTS: 0 # Clean evictions (from lower level)
   PUTX: 0 # Dirty evictions (from lower level)
   INV: 1 # Invalidates (from upper level)
   INVX: 0 # Downgrades (from upper level)
   FWD: 0 # Forwards (from upper level)
   latGETnl: 39384 # GET request latency on next level
   latGETnet: 0 # GET request latency on network to next level
  l1i-2: # Filter cache stats
   fhGETS: 86356235 # Filtered GETS hits
   fhGETX: 0 # Filtered GETX hits
   hGETS: 17202 # GETS hits
   hGETX: 0 # GETX hits
   mGETS: 323 # GETS misses
   mGETXIM: 0 # GETX I->M misses
   mGETXSM: 0 # GETX S->M misses (upgrade misses)
   PUTS: 0 # Clean evictions (from lower level)
   PUTX: 0 # Dirty evictions (from lower level)
   INV: 0 # Invalidates (from upper level)
   INVX: 0 # Downgrades (from upper level)
   FWD: 0 # Forwards (from upper level)
   latGETnl: 13232 # GET request latency on next level
   latGETnet: 0 # GET request latency on network to next level
  l1i-3: # Filter cache stats
   fhGETS: 86253670 # Filtered GETS hits
   fhGETX: 0 # Filtered GETX hits
   hGETS: 18065 # GETS hits
   hGETX: 0 # GETX hits
   mGETS: 319 # GETS misses
   mGETXIM: 0 # GETX I->M misses
   mGETXSM: 0 # GETX S->M misses (upgrade misses)
   PUTS: 0 # Clean evictions (from lower level)
   PUTX: 0 # Dirty evictions (from lower level)
   INV: 0 # Invalidates (from upper level)
   INVX: 0 # Downgrades (from upper level)
   FWD: 0 # Forwards (from upper level)
   latGETnl: 12016 # GET request latency on next level
   latGETnet: 0 # GET request latency on network to next level
  l1i-4: # Filter cache stats
   fhGETS: 84221750 # Filtered GETS hits
   fhGETX: 0 # Filtered GETX hits
   hGETS: 16950 # GETS hits
   hGETX: 0 # GETX hits
   mGETS: 323 # GETS misses
   mGETXIM: 0 # GETX I->M misses
   mGETXSM: 0 # GETX S->M misses (upgrade misses)
   PUTS: 0 # Clean evictions (from lower level)
   PUTX: 0 # Dirty evictions (from lower level)
   INV: 0 # Invalidates (from upper level)
   INVX: 0 # Downgrades (from upper level)
   FWD: 0 # Forwards (from upper level)
   latGETnl: 13502 # GET request latency on next level
   latGETnet: 0 # GET request latency on network to next level
  l1i-5: # Filter cache stats
   fhGETS: 82468459 # Filtered GETS hits
   fhGETX: 0 # Filtered GETX hits
   hGETS: 17118 # GETS hits
   hGETX: 0 # GETX hits
   mGETS: 320 # GETS misses
   mGETXIM: 0 # GETX I->M misses
   mGETXSM: 0 # GETX S->M misses (upgrade misses)
   PUTS: 0 # Clean evictions (from lower level)
   PUTX: 0 # Dirty evictions (from lower level)
   INV: 0 # Invalidates (from upper level)
   INVX: 0 # Downgrades (from upper level)
   FWD: 0 # Forwards (from upper level)
   latGETnl: 14300 # GET request latency on next level
   latGETnet: 0 # GET request latency on network to next level
  l1i-6: # Filter cache stats
   fhGETS: 84627468 # Filtered GETS hits
   fhGETX: 0 # Filtered GETX hits
   hGETS: 18323 # GETS hits
   hGETX: 0 # GETX hits
   mGETS: 320 # GETS misses
   mGETXIM: 0 # GETX I->M misses
   mGETXSM: 0 # GETX S->M misses (upgrade misses)
   PUTS: 0 # Clean evictions (from lower level)
   PUTX: 0 # Dirty evictions (from lower level)
   INV: 0 # Invalidates (from upper level)
   INVX: 0 # Downgrades (from upper level)
   FWD: 0 # Forwards (from upper level)
   latGETnl: 15020 # GET request latency on next level
   latGETnet: 0 # GET request latency on network to next level
  l1i-7: # Filter cache stats
   fhGETS: 84064473 # Filtered GETS hits
   fhGETX: 0 # Filtered GETX hits
   hGETS: 17332 # GETS hits
   hGETX: 0 # GETX hits
   mGETS: 319 # GETS misses
   mGETXIM: 0 # GETX I->M misses
   mGETXSM: 0 # GETX S->M misses (upgrade misses)
   PUTS: 0 # Clean evictions (from lower level)
   PUTX: 0 # Dirty evictions (from lower level)
   INV: 2 # Invalidates (from upper level)
   INVX: 0 # Downgrades (from upper level)
   FWD: 0 # Forwards (from upper level)
   latGETnl: 13636 # GET request latency on next level
   latGETnet: 0 # GET request latency on network to next level
 l1d: # Cache stats
  l1d-0: # Filter cache stats
   fhGETS: 251912197 # Filtered GETS hits
   fhGETX: 35761518 # Filtered GETX hits
   hGETS: 25863597 # GETS hits
   hGETX: 406085 # GETX hits
   mGETS: 7435685 # GETS misses
   mGETXIM: 172464 # GETX I->M misses
   mGETXSM: 274606 # GETX S->M misses (upgrade misses)
   PUTS: 0 # Clean evictions (from lower level)
   PUTX: 0 # Dirty evictions (from lower level)
   INV: 304686 # Invalidates (from upper level)
   INVX: 287853 # Downgrades (from upper level)
   FWD: 0 # Forwards (from upper level)
   latGETnl: 654495144 # GET request latency on next level
   latGETnet: 0 # GET request latency on network to next level
  l1d-1: # Filter cache stats
   fhGETS: 223400674 # Filtered GETS hits
   fhGETX: 16743887 # Filtered GETX hits
   hGETS: 25700421 # GETS hits
   hGETX: 274953 # GETX hits
   mGETS: 7563179 # GETS misses
   mGETXIM: 33122 # GETX I->M misses
   mGETXSM: 292652 # GETX S->M misses (upgrade misses)
   PUTS: 0 # Clean evictions (from lower level)
   PUTX: 0 # Dirty evictions (from lower level)
   INV: 304052 # Invalidates (from upper level)
   INVX: 288357 # Downgrades (from upper level)
   FWD: 0 # Forwards (from upper level)
   latGETnl: 634582946 # GET request latency on next level
   latGETnet: 0 # GET request latency on network to next level
  l1d-2: # Filter cache stats
   fhGETS: 223145355 # Filtered GETS hits
   fhGETX: 15835180 # Filtered GETX hits
   hGETS: 25272311 # GETS hits
   hGETX: 169570 # GETX hits
   mGETS: 7429448 # GETS misses
   mGETXIM: 31993 # GETX I->M misses
   mGETXSM: 275281 # GETX S->M misses (upgrade misses)
   PUTS: 0 # Clean evictions (from lower level)
   PUTX: 0 # Dirty evictions (from lower level)
   INV: 305494 # Invalidates (from upper level)
   INVX: 289492 # Downgrades (from upper level)
   FWD: 0 # Forwards (from upper level)
   latGETnl: 635203396 # GET request latency on next level
   latGETnet: 0 # GET request latency on network to next level
  l1d-3: # Filter cache stats
   fhGETS: 222731128 # Filtered GETS hits
   fhGETX: 15776528 # Filtered GETX hits
   hGETS: 25491358 # GETS hits
   hGETX: 164997 # GETX hits
   mGETS: 7424863 # GETS misses
   mGETXIM: 31770 # GETX I->M misses
   mGETXSM: 272400 # GETX S->M misses (upgrade misses)
   PUTS: 0 # Clean evictions (from lower level)
   PUTX: 0 # Dirty evictions (from lower level)
   INV: 301263 # Invalidates (from upper level)
   INVX: 286371 # Downgrades (from upper level)
   FWD: 0 # Forwards (from upper level)
   latGETnl: 627294767 # GET request latency on next level
   latGETnet: 0 # GET request latency on network to next level
  l1d-4: # Filter cache stats
   fhGETS: 219858153 # Filtered GETS hits
   fhGETX: 14770037 # Filtered GETX hits
   hGETS: 25309205 # GETS hits
   hGETX: 175182 # GETX hits
   mGETS: 7422772 # GETS misses
   mGETXIM: 32054 # GETX I->M misses
   mGETXSM: 271842 # GETX S->M misses (upgrade misses)
   PUTS: 0 # Clean evictions (from lower level)
   PUTX: 0 # Dirty evictions (from lower level)
   INV: 301227 # Invalidates (from upper level)
   INVX: 283130 # Downgrades (from upper level)
   FWD: 0 # Forwards (from upper level)
   latGETnl: 640644058 # GET request latency on next level
   latGETnet: 0 # GET request latency on network to next level
  l1d-5: # Filter cache stats
   fhGETS: 217074477 # Filtered GETS hits
   fhGETX: 13904808 # Filtered GETX hits
   hGETS: 25512914 # GETS hits
   hGETX: 162531 # GETX hits
   mGETS: 7423180 # GETS misses
   mGETXIM: 31890 # GETX I->M misses
   mGETXSM: 272296 # GETX S->M misses (upgrade misses)
   PUTS: 0 # Clean evictions (from lower level)
   PUTX: 0 # Dirty evictions (from lower level)
   INV: 300623 # Invalidates (from upper level)
   INVX: 288403 # Downgrades (from upper level)
   FWD: 0 # Forwards (from upper level)
   latGETnl: 635525406 # GET request latency on next level
   latGETnet: 0 # GET request latency on network to next level
  l1d-6: # Filter cache stats
   fhGETS: 220547819 # Filtered GETS hits
   fhGETX: 14962586 # Filtered GETX hits
   hGETS: 25259763 # GETS hits
   hGETX: 171511 # GETX hits
   mGETS: 7424784 # GETS misses
   mGETXIM: 32022 # GETX I->M misses
   mGETXSM: 273494 # GETX S->M misses (upgrade misses)
   PUTS: 0 # Clean evictions (from lower level)
   PUTX: 0 # Dirty evictions (from lower level)
   INV: 301681 # Invalidates (from upper level)
   INVX: 286430 # Downgrades (from upper level)
   FWD: 0 # Forwards (from upper level)
   latGETnl: 633618106 # GET request latency on next level
   latGETnet: 0 # GET request latency on network to next level
  l1d-7: # Filter cache stats
   fhGETS: 219734659 # Filtered GETS hits
   fhGETX: 14702998 # Filtered GETX hits
   hGETS: 25224681 # GETS hits
   hGETX: 168721 # GETX hits
   mGETS: 7426914 # GETS misses
   mGETXIM: 31648 # GETX I->M misses
   mGETXSM: 275747 # GETX S->M misses (upgrade misses)
   PUTS: 0 # Clean evictions (from lower level)
   PUTX: 0 # Dirty evictions (from lower level)
   INV: 302901 # Invalidates (from upper level)
   INVX: 287191 # Downgrades (from upper level)
   FWD: 0 # Forwards (from upper level)
   latGETnl: 638349073 # GET request latency on next level
   latGETnet: 0 # GET request latency on network to next level
 l2: # Cache stats
  l2-0: # Cache stats
   hGETS: 18063 # GETS hits
   hGETX: 3938 # GETX hits
   mGETS: 7418274 # GETS misses
   mGETXIM: 170853 # GETX I->M misses
   mGETXSM: 272279 # GETX S->M misses (upgrade misses)
   PUTS: 7125688 # Clean evictions (from lower level)
   PUTX: 186741 # Dirty evictions (from lower level)
   INV: 305942 # Invalidates (from upper level)
   INVX: 413485 # Downgrades (from upper level)
   FWD: 0 # Forwards (from upper level)
   latGETnl: 575717370 # GET request latency on next level
   latGETnet: 0 # GET request latency on network to next level
  l2-1: # Cache stats
   hGETS: 61768 # GETS hits
   hGETX: 1319 # GETX hits
   mGETS: 7501921 # GETS misses
   mGETXIM: 34267 # GETX I->M misses
   mGETXSM: 290188 # GETX S->M misses (upgrade misses)
   PUTS: 7179240 # Clean evictions (from lower level)
   PUTX: 122173 # Dirty evictions (from lower level)
   INV: 307087 # Invalidates (from upper level)
   INVX: 413003 # Downgrades (from upper level)
   FWD: 0 # Forwards (from upper level)
   latGETnl: 555727700 # GET request latency on next level
   latGETnet: 0 # GET request latency on network to next level
  l2-2: # Cache stats
   hGETS: 20205 # GETS hits
   hGETX: 3503 # GETX hits
   mGETS: 7409566 # GETS misses
   mGETXIM: 30691 # GETX I->M misses
   mGETXSM: 273080 # GETX S->M misses (upgrade misses)
   PUTS: 7126666 # Clean evictions (from lower level)
   PUTX: 38294 # Dirty evictions (from lower level)
   INV: 306769 # Invalidates (from upper level)
   INVX: 430317 # Downgrades (from upper level)
   FWD: 0 # Forwards (from upper level)
   latGETnl: 557846178 # GET request latency on next level
   latGETnet: 0 # GET request latency on network to next level
  l2-3: # Cache stats
   hGETS: 21375 # GETS hits
   hGETX: 4166 # GETX hits
   mGETS: 7403807 # GETS misses
   mGETXIM: 29870 # GETX I->M misses
   mGETXSM: 270134 # GETX S->M misses (upgrade misses)
   PUTS: 7126382 # Clean evictions (from lower level)
   PUTX: 38327 # Dirty evictions (from lower level)
   INV: 302540 # Invalidates (from upper level)
   INVX: 416718 # Downgrades (from upper level)
   FWD: 0 # Forwards (from upper level)
   latGETnl: 550013263 # GET request latency on next level
   latGETnet: 0 # GET request latency on network to next level
  l2-4: # Cache stats
   hGETS: 16908 # GETS hits
   hGETX: 2134 # GETX hits
   mGETS: 7406187 # GETS misses
   mGETXIM: 31949 # GETX I->M misses
   mGETXSM: 269813 # GETX S->M misses (upgrade misses)
   PUTS: 7124354 # Clean evictions (from lower level)
   PUTX: 38559 # Dirty evictions (from lower level)
   INV: 302502 # Invalidates (from upper level)
   INVX: 415461 # Downgrades (from upper level)
   FWD: 0 # Forwards (from upper level)
   latGETnl: 563387650 # GET request latency on next level
   latGETnet: 0 # GET request latency on network to next level
  l2-5: # Cache stats
   hGETS: 21664 # GETS hits
   hGETX: 6119 # GETX hits
   mGETS: 7401836 # GETS misses
   mGETXIM: 27847 # GETX I->M misses
   mGETXSM: 270220 # GETX S->M misses (upgrade misses)
   PUTS: 7125248 # Clean evictions (from lower level)
   PUTX: 38628 # Dirty evictions (from lower level)
   INV: 301900 # Invalidates (from upper level)
   INVX: 422263 # Downgrades (from upper level)
   FWD: 0 # Forwards (from upper level)
   latGETnl: 558262846 # GET request latency on next level
   latGETnet: 0 # GET request latency on network to next level
  l2-6: # Cache stats
   hGETS: 21907 # GETS hits
   hGETX: 4883 # GETX hits
   mGETS: 7403197 # GETS misses
   mGETXIM: 29121 # GETX I->M misses
   mGETXSM: 271512 # GETX S->M misses (upgrade misses)
   PUTS: 7125815 # Clean evictions (from lower level)
   PUTX: 38699 # Dirty evictions (from lower level)
   INV: 302961 # Invalidates (from upper level)
   INVX: 420940 # Downgrades (from upper level)
   FWD: 0 # Forwards (from upper level)
   latGETnl: 556326926 # GET request latency on next level
   latGETnet: 0 # GET request latency on network to next level
  l2-7: # Cache stats
   hGETS: 21271 # GETS hits
   hGETX: 3147 # GETX hits
   mGETS: 7405962 # GETS misses
   mGETXIM: 30552 # GETX I->M misses
   mGETXSM: 273696 # GETX S->M misses (upgrade misses)
   PUTS: 7126667 # Clean evictions (from lower level)
   PUTX: 38702 # Dirty evictions (from lower level)
   INV: 304176 # Invalidates (from upper level)
   INVX: 421684 # Downgrades (from upper level)
   FWD: 0 # Forwards (from upper level)
   latGETnl: 561016429 # GET request latency on next level
   latGETnet: 0 # GET request latency on network to next level
 l3: # Cache stats
  l3-0b0: # Cache stats
   hGETS: 2221592 # GETS hits
   hGETX: 281227 # GETX hits
   mGETS: 4355595 # GETS misses
   mGETXIM: 23240 # GETX I->M misses
   mGETXSM: 0 # GETX S->M misses (upgrade misses)
   PUTS: 6377467 # Clean evictions (from lower level)
   PUTX: 57068 # Dirty evictions (from lower level)
   INV: 0 # Invalidates (from upper level)
   INVX: 0 # Downgrades (from upper level)
   FWD: 0 # Forwards (from upper level)
   latGETnl: 394095150 # GET request latency on next level
   latGETnet: 0 # GET request latency on network to next level
  l3-0b1: # Cache stats
   hGETS: 2101939 # GETS hits
   hGETX: 31093 # GETX hits
   mGETS: 4359502 # GETS misses
   mGETXIM: 20995 # GETX I->M misses
   mGETXSM: 0 # GETX S->M misses (upgrade misses)
   PUTS: 6383319 # Clean evictions (from lower level)
   PUTX: 60548 # Dirty evictions (from lower level)
   INV: 0 # Invalidates (from upper level)
   INVX: 0 # Downgrades (from upper level)
   FWD: 0 # Forwards (from upper level)
   latGETnl: 394244730 # GET request latency on next level
   latGETnet: 0 # GET request latency on network to next level
  l3-0b2: # Cache stats
   hGETS: 2635239 # GETS hits
   hGETX: 554564 # GETX hits
   mGETS: 4381298 # GETS misses
   mGETXIM: 22433 # GETX I->M misses
   mGETXSM: 0 # GETX S->M misses (upgrade misses)
   PUTS: 6381171 # Clean evictions (from lower level)
   PUTX: 58141 # Dirty evictions (from lower level)
   INV: 0 # Invalidates (from upper level)
   INVX: 0 # Downgrades (from upper level)
   FWD: 0 # Forwards (from upper level)
   latGETnl: 396335790 # GET request latency on next level
   latGETnet: 0 # GET request latency on network to next level
  l3-0b3: # Cache stats
   hGETS: 6565460 # GETS hits
   hGETX: 496860 # GETX hits
   mGETS: 3139485 # GETS misses
   mGETXIM: 23124 # GETX I->M misses
   mGETXSM: 0 # GETX S->M misses (upgrade misses)
   PUTS: 9202792 # Clean evictions (from lower level)
   PUTX: 56911 # Dirty evictions (from lower level)
   INV: 0 # Invalidates (from upper level)
   INVX: 0 # Downgrades (from upper level)
   FWD: 0 # Forwards (from upper level)
   latGETnl: 284634810 # GET request latency on next level
   latGETnet: 0 # GET request latency on network to next level
  l3-0b4: # Cache stats
   hGETS: 6690182 # GETS hits
   hGETX: 496866 # GETX hits
   mGETS: 3097027 # GETS misses
   mGETXIM: 24117 # GETX I->M misses
   mGETXSM: 0 # GETX S->M misses (upgrade misses)
   PUTS: 9286457 # Clean evictions (from lower level)
   PUTX: 56374 # Dirty evictions (from lower level)
   INV: 0 # Invalidates (from upper level)
   INVX: 0 # Downgrades (from upper level)
   FWD: 0 # Forwards (from upper level)
   latGETnl: 280902960 # GET request latency on next level
   latGETnet: 0 # GET request latency on network to next level
  l3-0b5: # Cache stats
   hGETS: 2666640 # GETS hits
   hGETX: 501460 # GETX hits
   mGETS: 4321414 # GETS misses
   mGETXIM: 22544 # GETX I->M misses
   mGETXSM: 0 # GETX S->M misses (upgrade misses)
   PUTS: 6479235 # Clean evictions (from lower level)
   PUTX: 57966 # Dirty evictions (from lower level)
   INV: 0 # Invalidates (from upper level)
   INVX: 0 # Downgrades (from upper level)
   FWD: 0 # Forwards (from upper level)
   latGETnl: 390956220 # GET request latency on next level
   latGETnet: 0 # GET request latency on network to next level
  l3-0b6: # Cache stats
   hGETS: 2039117 # GETS hits
   hGETX: 16331 # GETX hits
   mGETS: 4370803 # GETS misses
   mGETXIM: 22753 # GETX I->M misses
   mGETXSM: 0 # GETX S->M misses (upgrade misses)
   PUTS: 6380654 # Clean evictions (from lower level)
   PUTX: 58039 # Dirty evictions (from lower level)
   INV: 0 # Invalidates (from upper level)
   INVX: 0 # Downgrades (from upper level)
   FWD: 0 # Forwards (from upper level)
   latGETnl: 395420040 # GET request latency on next level
   latGETnet: 0 # GET request latency on network to next level
  l3-0b7: # Cache stats
   hGETS: 2046010 # GETS hits
   hGETX: 14329 # GETX hits
   mGETS: 4359447 # GETS misses
   mGETXIM: 24136 # GETX I->M misses
   mGETXSM: 0 # GETX S->M misses (upgrade misses)
   PUTS: 6377237 # Clean evictions (from lower level)
   PUTX: 56626 # Dirty evictions (from lower level)
   INV: 0 # Invalidates (from upper level)
   INVX: 0 # Downgrades (from upper level)
   FWD: 0 # Forwards (from upper level)
   latGETnl: 394522470 # GET request latency on next level
   latGETnet: 0 # GET request latency on network to next level
 mem: # Memory controller stats
  mem-0: # Memory controller stats
   rd: 5913522 # Read requests
   wr: 62765 # Write requests
   rdlat: 802790747 # Total latency experienced by read requests
   wrlat: 9677279 # Total latency experienced by write requests
   rdhits: 50053 # Read row hits
   wrhits: 315 # Write row hits
   mlh: # latency histogram for memory requests
    0: 0
    1: 0
    2: 0
    3: 0
    4: 0
    5: 0
    6: 0
    7: 0
    8: 0
    9: 0
    10: 0
    11: 6070
    12: 8276
    13: 5522481
    14: 208611
    15: 18634
    16: 10041
    17: 12126
    18: 11511
    19: 10258
    20: 9054
    21: 8220
    22: 4926
    23: 6060
    24: 7809
    25: 4422
    26: 3030
    27: 3292
    28: 3548
    29: 3476
    30: 3530
    31: 3187
    32: 3805
    33: 3613
    34: 3673
    35: 3338
    36: 3588
    37: 3921
    38: 3770
    39: 3553
    40: 3206
    41: 3804
    42: 3684
    43: 1948
    44: 864
    45: 773
    46: 616
    47: 535
    48: 149
    49: 37
    50: 23
    51: 12
    52: 13
    53: 12
    54: 8
    55: 4
    56: 4
    57: 1
    58: 4
    59: 1
    60: 0
    61: 0
    62: 0
    63: 0
    64: 0
    65: 0
    66: 1
    67: 0
    68: 0
    69: 0
    70: 0
    71: 0
    72: 0
    73: 0
    74: 0
    75: 0
    76: 0
    77: 0
    78: 0
    79: 0
    80: 0
    81: 0
    82: 0
    83: 0
    84: 0
    85: 0
    86: 0
    87: 0
    88: 0
    89: 0
    90: 0
    91: 0
    92: 0
    93: 0
    94: 0
    95: 0
    96: 0
    97: 0
    98: 0
    99: 0
  mem-1: # Memory controller stats
   rd: 8816355 # Read requests
   wr: 68514 # Write requests
   rdlat: 1204352879 # Total latency experienced by read requests
   wrlat: 11344487 # Total latency experienced by write requests
   rdhits: 93703 # Read row hits
   wrhits: 473 # Write row hits
   mlh: # latency histogram for memory requests
    0: 0
    1: 0
    2: 0
    3: 0
    4: 0
    5: 0
    6: 0
    7: 0
    8: 0
    9: 1
    10: 0
    11: 13095
    12: 17401
    13: 7889410
    14: 547900
    15: 57874
    16: 27374
    17: 30778
    18: 23444
    19: 21473
    20: 19804
    21: 20433
    22: 10544
    23: 14816
    24: 9700
    25: 6926
    26: 4909
    27: 4955
    28: 5645
    29: 5257
    30: 5539
    31: 5281
    32: 5990
    33: 5762
    34: 5614
    35: 5628
    36: 5562
    37: 6131
    38: 5573
    39: 5788
    40: 5379
    41: 5825
    42: 5663
    43: 3685
    44: 2072
    45: 1769
    46: 1528
    47: 928
    48: 503
    49: 120
    50: 86
    51: 58
    52: 46
    53: 34
    54: 18
    55: 14
    56: 5
    57: 5
    58: 3
    59: 3
    60: 1
    61: 1
    62: 1
    63: 0
    64: 1
    65: 0
    66: 0
    67: 0
    68: 0
    69: 0
    70: 0
    71: 0
    72: 0
    73: 0
    74: 0
    75: 0
    76: 0
    77: 0
    78: 0
    79: 0
    80: 0
    81: 0
    82: 0
    83: 0
    84: 0
    85: 0
    86: 0
    87: 0
    88: 0
    89: 0
    90: 0
    91: 0
    92: 0
    93: 0
    94: 0
    95: 0
    96: 0
    97: 0
    98: 0
    99: 0
  mem-2: # Memory controller stats
   rd: 8815421 # Read requests
   wr: 68240 # Write requests
   rdlat: 1201981171 # Total latency experienced by read requests
   wrlat: 11136299 # Total latency experienced by write requests
   rdhits: 90807 # Read row hits
   wrhits: 409 # Write row hits
   mlh: # latency histogram for memory requests
    0: 0
    1: 0
    2: 0
    3: 0
    4: 0
    5: 0
    6: 0
    7: 0
    8: 0
    9: 0
    10: 0
    11: 12843
    12: 17298
    13: 7949344
    14: 523868
    15: 53236
    16: 24834
    17: 21241
    18: 20662
    19: 19802
    20: 20025
    21: 19309
    22: 8332
    23: 8486
    24: 8266
    25: 6259
    26: 4366
    27: 4261
    28: 5101
    29: 5056
    30: 5196
    31: 5187
    32: 5856
    33: 5616
    34: 5778
    35: 5596
    36: 5524
    37: 5613
    38: 5454
    39: 5732
    40: 5232
    41: 5884
    42: 5703
    43: 3750
    44: 2139
    45: 1692
    46: 1210
    47: 917
    48: 455
    49: 93
    50: 76
    51: 34
    52: 31
    53: 26
    54: 17
    55: 6
    56: 6
    57: 6
    58: 0
    59: 2
    60: 0
    61: 0
    62: 0
    63: 0
    64: 1
    65: 0
    66: 0
    67: 0
    68: 0
    69: 0
    70: 0
    71: 0
    72: 0
    73: 0
    74: 0
    75: 0
    76: 0
    77: 0
    78: 0
    79: 0
    80: 0
    81: 0
    82: 0
    83: 0
    84: 0
    85: 0
    86: 0
    87: 0
    88: 0
    89: 0
    90: 0
    91: 0
    92: 0
    93: 0
    94: 0
    95: 0
    96: 0
    97: 0
    98: 0
    99: 0
  mem-3: # Memory controller stats
   rd: 9022508 # Read requests
   wr: 65712 # Write requests
   rdlat: 1226856157 # Total latency experienced by read requests
   wrlat: 10807213 # Total latency experienced by write requests
   rdhits: 94401 # Read row hits
   wrhits: 469 # Write row hits
   mlh: # latency histogram for memory requests
    0: 0
    1: 0
    2: 0
    3: 0
    4: 0
    5: 0
    6: 0
    7: 0
    8: 0
    9: 0
    10: 0
    11: 10428
    12: 13942
    13: 8425356
    14: 331323
    15: 23534
    16: 13691
    17: 11669
    18: 10584
    19: 12375
    20: 12818
    21: 13802
    22: 8289
    23: 9854
    24: 9487
    25: 7306
    26: 5001
    27: 5030
    28: 5846
    29: 5933
    30: 5693
    31: 5077
    32: 6424
    33: 6072
    34: 5932
    35: 5424
    36: 5626
    37: 6245
    38: 5959
    39: 5946
    40: 5101
    41: 6168
    42: 5912
    43: 3804
    44: 2095
    45: 1853
    46: 1392
    47: 1074
    48: 243
    49: 49
    50: 41
    51: 35
    52: 27
    53: 19
    54: 6
    55: 12
    56: 3
    57: 2
    58: 1
    59: 3
    60: 1
    61: 0
    62: 0
    63: 1
    64: 0
    65: 0
    66: 0
    67: 0
    68: 0
    69: 0
    70: 0
    71: 0
    72: 0
    73: 0
    74: 0
    75: 0
    76: 0
    77: 0
    78: 0
    79: 0
    80: 0
    81: 0
    82: 0
    83: 0
    84: 0
    85: 0
    86: 0
    87: 0
    88: 0
    89: 0
    90: 0
    91: 0
    92: 0
    93: 0
    94: 0
    95: 0
    96: 0
    97: 0
    98: 0
    99: 0
 sched: # Scheduler stats
  thCr: 9 # Threads created
  thFn: 0 # Threads finished
  schedEvs: 9 # Schedule events
  waitEvs: 1 # Wait events
  handoffEvs: 0 # Handoff events
  sleepEvs: 0 # Sleep events
  idlePhases: 0 # Phases with no thread active
  idlePeriods: 0 # Periods with no thread active
  occHist: # Occupancy histogram
   0: 0
   1: 6876
   2: 0
   3: 1
   4: 0
   5: 0
   6: 0
   7: 0
   8: 80397
  rqSzHist: # Run queue size histogram
   0: 87274
   1: 0
   2: 0
   3: 0
   4: 0
   5: 0
   6: 0
   7: 0
   8: 0
   9: 0
   10: 0
   11: 0
   12: 0
   13: 0
   14: 0
   15: 0
   16: 0
 procCycles: # Per-process unhalted core cycles
  0: 6292905515
  1: 0
  2: 0
  3: 0
  4: 0
  5: 0
  6: 0
  7: 0
  8: 0
  9: 0
  10: 0
  11: 0
  12: 0
  13: 0
  14: 0
  15: 0
  16: 0
  17: 0
  18: 0
  19: 0
  20: 0
  21: 0
  22: 0
  23: 0
  24: 0
  25: 0
  26: 0
  27: 0
  28: 0
  29: 0
  30: 0
  31: 0
  32: 0
  33: 0
  34: 0
  35: 0
  36: 0
  37: 0
  38: 0
  39: 0
  40: 0
  41: 0
  42: 0
  43: 0
  44: 0
  45: 0
  46: 0
  47: 0
  48: 0
  49: 0
  50: 0
  51: 0
  52: 0
  53: 0
  54: 0
  55: 0
  56: 0
  57: 0
  58: 0
  59: 0
  60: 0
  61: 0
  62: 0
  63: 0
 procInstrs: # Per-process instructions
  0: 5000046217
  1: 0
  2: 0
  3: 0
  4: 0
  5: 0
  6: 0
  7: 0
  8: 0
  9: 0
  10: 0
  11: 0
  12: 0
  13: 0
  14: 0
  15: 0
  16: 0
  17: 0
  18: 0
  19: 0
  20: 0
  21: 0
  22: 0
  23: 0
  24: 0
  25: 0
  26: 0
  27: 0
  28: 0
  29: 0
  30: 0
  31: 0
  32: 0
  33: 0
  34: 0
  35: 0
  36: 0
  37: 0
  38: 0
  39: 0
  40: 0
  41: 0
  42: 0
  43: 0
  44: 0
  45: 0
  46: 0
  47: 0
  48: 0
  49: 0
  50: 0
  51: 0
  52: 0
  53: 0
  54: 0
  55: 0
  56: 0
  57: 0
  58: 0
  59: 0
  60: 0
  61: 0
  62: 0
  63: 0
 heartbeats: # Per-process heartbeats
  0: 0
  1: 0
  2: 0
  3: 0
  4: 0
  5: 0
  6: 0
  7: 0
  8: 0
  9: 0
  10: 0
  11: 0
  12: 0
  13: 0
  14: 0
  15: 0
  16: 0
  17: 0
  18: 0
  19: 0
  20: 0
  21: 0
  22: 0
  23: 0
  24: 0
  25: 0
  26: 0
  27: 0
  28: 0
  29: 0
  30: 0
  31: 0
  32: 0
  33: 0
  34: 0
  35: 0
  36: 0
  37: 0
  38: 0
  39: 0
  40: 0
  41: 0
  42: 0
  43: 0
  44: 0
  45: 0
  46: 0
  47: 0
  48: 0
  49: 0
  50: 0
  51: 0
  52: 0
  53: 0
  54: 0
  55: 0
  56: 0
  57: 0
  58: 0
  59: 0
  60: 0
  61: 0
  62: 0
  63: 0
===
