# zsim stats
===
root: # Stats
 contention: # Contention simulation stats
  domain-0: # Domain stats
   time: 1529020556 # Weave simulation time
 time: # Simulator time breakdown
  init: 648011848154
  bound: 6156489356
  weave: 1684066264
  ff: 0
 trigger: 20000 # Reason for this stats dump
 phase: 14728 # Simulated phases
 westmere: # Core stats
  westmere-0: # Core stats
   cycles: 147282441 # Simulated unhalted cycles
   cCycles: 27013323 # Cycles due to contention stalls
   instrs: 100003823 # Simulated instructions
   uops: 114167052 # Retired micro-ops
   bbls: 2330524 # Basic blocks
   approxInstrs: 553214 # Instrs with approx uop decoding
   mispredBranches: 3146 # Mispredicted branches
   condBranches: 916891 # conditional branches
 l1i: # Cache stats
  l1i-0: # Filter cache stats
   fhGETS: 9222975 # Filtered GETS hits
   fhGETX: 0 # Filtered GETX hits
   hGETS: 6 # GETS hits
   hGETX: 0 # GETX hits
   mGETS: 3094 # GETS misses
   mGETXIM: 0 # GETX I->M misses
   mGETXSM: 0 # GETX S->M misses (upgrade misses)
   PUTS: 0 # Clean evictions (from lower level)
   PUTX: 0 # Dirty evictions (from lower level)
   INV: 3007 # Invalidates (from upper level)
   INVX: 0 # Downgrades (from upper level)
   FWD: 0 # Forwards (from upper level)
   latGETnl: 383656 # GET request latency on next level
   latGETnet: 0 # GET request latency on network to next level
 l1d: # Cache stats
  l1d-0: # Filter cache stats
   fhGETS: 18032497 # Filtered GETS hits
   fhGETX: 5401243 # Filtered GETX hits
   hGETS: 950971 # GETS hits
   hGETX: 755906 # GETX hits
   mGETS: 789182 # GETS misses
   mGETXIM: 4305976 # GETX I->M misses
   mGETXSM: 0 # GETX S->M misses (upgrade misses)
   PUTS: 0 # Clean evictions (from lower level)
   PUTX: 0 # Dirty evictions (from lower level)
   INV: 375 # Invalidates (from upper level)
   INVX: 0 # Downgrades (from upper level)
   FWD: 0 # Forwards (from upper level)
   latGETnl: 403962606 # GET request latency on next level
   latGETnet: 0 # GET request latency on network to next level
 l2: # Cache stats
  l2-0: # Cache stats
   hGETS: 98 # GETS hits
   hGETX: 1998371 # GETX hits
   mGETS: 792178 # GETS misses
   mGETXIM: 2307605 # GETX I->M misses
   mGETXSM: 0 # GETX S->M misses (upgrade misses)
   PUTS: 788406 # Clean evictions (from lower level)
   PUTX: 4305865 # Dirty evictions (from lower level)
   INV: 3389 # Invalidates (from upper level)
   INVX: 0 # Downgrades (from upper level)
   FWD: 0 # Forwards (from upper level)
   latGETnl: 353363742 # GET request latency on next level
   latGETnet: 0 # GET request latency on network to next level
 l3: # Cache stats
  l3-0: # Cache stats
   hGETS: 74 # GETS hits
   hGETX: 54 # GETX hits
   mGETS: 792104 # GETS misses
   mGETXIM: 2307551 # GETX I->M misses
   mGETXSM: 0 # GETX S->M misses (upgrade misses)
   PUTS: 784809 # Clean evictions (from lower level)
   PUTX: 2307489 # Dirty evictions (from lower level)
   INV: 0 # Invalidates (from upper level)
   INVX: 0 # Downgrades (from upper level)
   FWD: 0 # Forwards (from upper level)
   latGETnl: 278968950 # GET request latency on next level
   latGETnet: 0 # GET request latency on network to next level
 mem: # Memory controller stats
  mem-0: # Memory controller stats
   rd: 774869 # Read requests
   wr: 574725 # Write requests
   rdlat: 110663507 # Total latency experienced by read requests
   wrlat: 101658319 # Total latency experienced by write requests
   rdhits: 71 # Read row hits
   wrhits: 12200 # Write row hits
   mlh: # latency histogram for memory requests
    0: 0
    1: 0
    2: 0
    3: 0
    4: 0
    5: 0
    6: 0
    7: 0
    8: 0
    9: 0
    10: 0
    11: 1
    12: 0
    13: 452374
    14: 156314
    15: 108078
    16: 6723
    17: 30602
    18: 1113
    19: 1659
    20: 2436
    21: 3555
    22: 2289
    23: 1745
    24: 888
    25: 593
    26: 391
    27: 516
    28: 507
    29: 372
    30: 321
    31: 336
    32: 354
    33: 370
    34: 357
    35: 262
    36: 234
    37: 200
    38: 200
    39: 408
    40: 290
    41: 347
    42: 306
    43: 152
    44: 87
    45: 51
    46: 73
    47: 94
    48: 156
    49: 60
    50: 14
    51: 12
    52: 15
    53: 6
    54: 7
    55: 1
    56: 0
    57: 0
    58: 0
    59: 0
    60: 0
    61: 0
    62: 0
    63: 0
    64: 0
    65: 0
    66: 0
    67: 0
    68: 0
    69: 0
    70: 0
    71: 0
    72: 0
    73: 0
    74: 0
    75: 0
    76: 0
    77: 0
    78: 0
    79: 0
    80: 0
    81: 0
    82: 0
    83: 0
    84: 0
    85: 0
    86: 0
    87: 0
    88: 0
    89: 0
    90: 0
    91: 0
    92: 0
    93: 0
    94: 0
    95: 0
    96: 0
    97: 0
    98: 0
    99: 0
  mem-1: # Memory controller stats
   rd: 774888 # Read requests
   wr: 574736 # Write requests
   rdlat: 110590018 # Total latency experienced by read requests
   wrlat: 100908234 # Total latency experienced by write requests
   rdhits: 85 # Read row hits
   wrhits: 13509 # Write row hits
   mlh: # latency histogram for memory requests
    0: 0
    1: 0
    2: 0
    3: 0
    4: 0
    5: 0
    6: 0
    7: 0
    8: 0
    9: 0
    10: 0
    11: 1
    12: 1
    13: 452894
    14: 156653
    15: 106709
    16: 8714
    17: 31042
    18: 811
    19: 1503
    20: 2051
    21: 2999
    22: 1950
    23: 1578
    24: 830
    25: 704
    26: 414
    27: 497
    28: 396
    29: 373
    30: 323
    31: 346
    32: 368
    33: 374
    34: 370
    35: 275
    36: 226
    37: 198
    38: 206
    39: 392
    40: 283
    41: 319
    42: 308
    43: 186
    44: 112
    45: 62
    46: 71
    47: 76
    48: 143
    49: 68
    50: 21
    51: 10
    52: 9
    53: 7
    54: 8
    55: 3
    56: 2
    57: 2
    58: 0
    59: 0
    60: 0
    61: 0
    62: 0
    63: 0
    64: 0
    65: 0
    66: 0
    67: 0
    68: 0
    69: 0
    70: 0
    71: 0
    72: 0
    73: 0
    74: 0
    75: 0
    76: 0
    77: 0
    78: 0
    79: 0
    80: 0
    81: 0
    82: 0
    83: 0
    84: 0
    85: 0
    86: 0
    87: 0
    88: 0
    89: 0
    90: 0
    91: 0
    92: 0
    93: 0
    94: 0
    95: 0
    96: 0
    97: 0
    98: 0
    99: 0
  mem-2: # Memory controller stats
   rd: 774955 # Read requests
   wr: 574798 # Write requests
   rdlat: 110731797 # Total latency experienced by read requests
   wrlat: 101658460 # Total latency experienced by write requests
   rdhits: 54 # Read row hits
   wrhits: 13134 # Write row hits
   mlh: # latency histogram for memory requests
    0: 0
    1: 0
    2: 0
    3: 0
    4: 0
    5: 0
    6: 0
    7: 0
    8: 0
    9: 0
    10: 0
    11: 1
    12: 2
    13: 451888
    14: 155988
    15: 108737
    16: 6990
    17: 30338
    18: 1102
    19: 1712
    20: 2441
    21: 3558
    22: 2291
    23: 1744
    24: 903
    25: 574
    26: 391
    27: 528
    28: 502
    29: 386
    30: 335
    31: 367
    32: 330
    33: 405
    34: 360
    35: 289
    36: 245
    37: 221
    38: 198
    39: 417
    40: 290
    41: 316
    42: 311
    43: 166
    44: 85
    45: 52
    46: 84
    47: 92
    48: 171
    49: 74
    50: 20
    51: 9
    52: 13
    53: 13
    54: 11
    55: 3
    56: 2
    57: 0
    58: 0
    59: 0
    60: 0
    61: 0
    62: 0
    63: 0
    64: 0
    65: 0
    66: 0
    67: 0
    68: 0
    69: 0
    70: 0
    71: 0
    72: 0
    73: 0
    74: 0
    75: 0
    76: 0
    77: 0
    78: 0
    79: 0
    80: 0
    81: 0
    82: 0
    83: 0
    84: 0
    85: 0
    86: 0
    87: 0
    88: 0
    89: 0
    90: 0
    91: 0
    92: 0
    93: 0
    94: 0
    95: 0
    96: 0
    97: 0
    98: 0
    99: 0
  mem-3: # Memory controller stats
   rd: 774882 # Read requests
   wr: 574809 # Write requests
   rdlat: 110639369 # Total latency experienced by read requests
   wrlat: 101017995 # Total latency experienced by write requests
   rdhits: 62 # Read row hits
   wrhits: 12864 # Write row hits
   mlh: # latency histogram for memory requests
    0: 0
    1: 0
    2: 0
    3: 0
    4: 0
    5: 0
    6: 0
    7: 0
    8: 0
    9: 0
    10: 0
    11: 2
    12: 3
    13: 452061
    14: 156530
    15: 107374
    16: 8635
    17: 31176
    18: 809
    19: 1502
    20: 2008
    21: 3027
    22: 2037
    23: 1609
    24: 897
    25: 675
    26: 370
    27: 510
    28: 470
    29: 353
    30: 311
    31: 331
    32: 371
    33: 383
    34: 371
    35: 299
    36: 238
    37: 203
    38: 225
    39: 416
    40: 288
    41: 328
    42: 302
    43: 164
    44: 102
    45: 56
    46: 92
    47: 90
    48: 154
    49: 62
    50: 16
    51: 6
    52: 6
    53: 8
    54: 6
    55: 2
    56: 3
    57: 1
    58: 0
    59: 0
    60: 0
    61: 0
    62: 0
    63: 0
    64: 0
    65: 0
    66: 0
    67: 0
    68: 0
    69: 0
    70: 0
    71: 0
    72: 0
    73: 0
    74: 0
    75: 0
    76: 0
    77: 0
    78: 0
    79: 0
    80: 0
    81: 0
    82: 0
    83: 0
    84: 0
    85: 0
    86: 0
    87: 0
    88: 0
    89: 0
    90: 0
    91: 0
    92: 0
    93: 0
    94: 0
    95: 0
    96: 0
    97: 0
    98: 0
    99: 0
 sched: # Scheduler stats
  thCr: 1 # Threads created
  thFn: 1 # Threads finished
  schedEvs: 1 # Schedule events
  waitEvs: 0 # Wait events
  handoffEvs: 0 # Handoff events
  sleepEvs: 0 # Sleep events
  idlePhases: 0 # Phases with no thread active
  idlePeriods: 0 # Periods with no thread active
  occHist: # Occupancy histogram
   0: 0
   1: 14728
  rqSzHist: # Run queue size histogram
   0: 14728
   1: 0
   2: 0
   3: 0
   4: 0
   5: 0
   6: 0
   7: 0
   8: 0
   9: 0
   10: 0
   11: 0
   12: 0
   13: 0
   14: 0
   15: 0
   16: 0
 procCycles: # Per-process unhalted core cycles
  0: 147282441
  1: 0
  2: 0
  3: 0
  4: 0
  5: 0
  6: 0
  7: 0
  8: 0
  9: 0
  10: 0
  11: 0
  12: 0
  13: 0
  14: 0
  15: 0
  16: 0
  17: 0
  18: 0
  19: 0
  20: 0
  21: 0
  22: 0
  23: 0
  24: 0
  25: 0
  26: 0
  27: 0
  28: 0
  29: 0
  30: 0
  31: 0
  32: 0
  33: 0
  34: 0
  35: 0
  36: 0
  37: 0
  38: 0
  39: 0
  40: 0
  41: 0
  42: 0
  43: 0
  44: 0
  45: 0
  46: 0
  47: 0
  48: 0
  49: 0
  50: 0
  51: 0
  52: 0
  53: 0
  54: 0
  55: 0
  56: 0
  57: 0
  58: 0
  59: 0
  60: 0
  61: 0
  62: 0
  63: 0
 procInstrs: # Per-process instructions
  0: 100003823
  1: 0
  2: 0
  3: 0
  4: 0
  5: 0
  6: 0
  7: 0
  8: 0
  9: 0
  10: 0
  11: 0
  12: 0
  13: 0
  14: 0
  15: 0
  16: 0
  17: 0
  18: 0
  19: 0
  20: 0
  21: 0
  22: 0
  23: 0
  24: 0
  25: 0
  26: 0
  27: 0
  28: 0
  29: 0
  30: 0
  31: 0
  32: 0
  33: 0
  34: 0
  35: 0
  36: 0
  37: 0
  38: 0
  39: 0
  40: 0
  41: 0
  42: 0
  43: 0
  44: 0
  45: 0
  46: 0
  47: 0
  48: 0
  49: 0
  50: 0
  51: 0
  52: 0
  53: 0
  54: 0
  55: 0
  56: 0
  57: 0
  58: 0
  59: 0
  60: 0
  61: 0
  62: 0
  63: 0
 heartbeats: # Per-process heartbeats
  0: 0
  1: 0
  2: 0
  3: 0
  4: 0
  5: 0
  6: 0
  7: 0
  8: 0
  9: 0
  10: 0
  11: 0
  12: 0
  13: 0
  14: 0
  15: 0
  16: 0
  17: 0
  18: 0
  19: 0
  20: 0
  21: 0
  22: 0
  23: 0
  24: 0
  25: 0
  26: 0
  27: 0
  28: 0
  29: 0
  30: 0
  31: 0
  32: 0
  33: 0
  34: 0
  35: 0
  36: 0
  37: 0
  38: 0
  39: 0
  40: 0
  41: 0
  42: 0
  43: 0
  44: 0
  45: 0
  46: 0
  47: 0
  48: 0
  49: 0
  50: 0
  51: 0
  52: 0
  53: 0
  54: 0
  55: 0
  56: 0
  57: 0
  58: 0
  59: 0
  60: 0
  61: 0
  62: 0
  63: 0
===
