# zsim stats
===
root: # Stats
 contention: # Contention simulation stats
  domain-0: # Domain stats
   time: 290980217 # Weave simulation time
 time: # Simulator time breakdown
  init: 476188769373
  bound: 6326275797
  weave: 470501043
  ff: 0
 trigger: 20000 # Reason for this stats dump
 phase: 12992 # Simulated phases
 westmere: # Core stats
  westmere-0: # Core stats
   cycles: 129920002 # Simulated unhalted cycles
   cCycles: 9186719 # Cycles due to contention stalls
   instrs: 100001325 # Simulated instructions
   uops: 119435767 # Retired micro-ops
   bbls: 22505010 # Basic blocks
   approxInstrs: 237099 # Instrs with approx uop decoding
   mispredBranches: 1138018 # Mispredicted branches
   condBranches: 17115706 # conditional branches
 l1i: # Cache stats
  l1i-0: # Filter cache stats
   fhGETS: 25094090 # Filtered GETS hits
   fhGETX: 0 # Filtered GETX hits
   hGETS: 2022085 # GETS hits
   hGETX: 0 # GETX hits
   mGETS: 703741 # GETS misses
   mGETXIM: 0 # GETX I->M misses
   mGETXSM: 0 # GETX S->M misses (upgrade misses)
   PUTS: 0 # Clean evictions (from lower level)
   PUTX: 0 # Dirty evictions (from lower level)
   INV: 3685 # Invalidates (from upper level)
   INVX: 0 # Downgrades (from upper level)
   FWD: 0 # Forwards (from upper level)
   latGETnl: 8964154 # GET request latency on next level
   latGETnet: 0 # GET request latency on network to next level
 l1d: # Cache stats
  l1d-0: # Filter cache stats
   fhGETS: 23250390 # Filtered GETS hits
   fhGETX: 15456625 # Filtered GETX hits
   hGETS: 2034371 # GETS hits
   hGETX: 980826 # GETX hits
   mGETS: 1506049 # GETS misses
   mGETXIM: 1556315 # GETX I->M misses
   mGETXSM: 0 # GETX S->M misses (upgrade misses)
   PUTS: 0 # Clean evictions (from lower level)
   PUTX: 0 # Dirty evictions (from lower level)
   INV: 394 # Invalidates (from upper level)
   INVX: 0 # Downgrades (from upper level)
   FWD: 0 # Forwards (from upper level)
   latGETnl: 99764082 # GET request latency on next level
   latGETnet: 0 # GET request latency on network to next level
 l2: # Cache stats
  l2-0: # Cache stats
   hGETS: 1060879 # GETS hits
   hGETX: 951897 # GETX hits
   mGETS: 1148911 # GETS misses
   mGETXIM: 604418 # GETX I->M misses
   mGETXSM: 0 # GETX S->M misses (upgrade misses)
   PUTS: 1908252 # Clean evictions (from lower level)
   PUTX: 1852752 # Dirty evictions (from lower level)
   INV: 7929 # Invalidates (from upper level)
   INVX: 0 # Downgrades (from upper level)
   FWD: 0 # Forwards (from upper level)
   latGETnl: 71067186 # GET request latency on next level
   latGETnet: 0 # GET request latency on network to next level
 l3: # Cache stats
  l3-0: # Cache stats
   hGETS: 888441 # GETS hits
   hGETX: 542807 # GETX hits
   mGETS: 260470 # GETS misses
   mGETXIM: 61611 # GETX I->M misses
   mGETXSM: 0 # GETX S->M misses (upgrade misses)
   PUTS: 982394 # Clean evictions (from lower level)
   PUTX: 758911 # Dirty evictions (from lower level)
   INV: 0 # Invalidates (from upper level)
   INVX: 0 # Downgrades (from upper level)
   FWD: 0 # Forwards (from upper level)
   latGETnl: 28987290 # GET request latency on next level
   latGETnet: 0 # GET request latency on network to next level
 mem: # Memory controller stats
  mem-0: # Memory controller stats
   rd: 82623 # Read requests
   wr: 20026 # Write requests
   rdlat: 11092541 # Total latency experienced by read requests
   wrlat: 2928434 # Total latency experienced by write requests
   rdhits: 26 # Read row hits
   wrhits: 21 # Write row hits
   mlh: # latency histogram for memory requests
    0: 0
    1: 0
    2: 0
    3: 0
    4: 0
    5: 0
    6: 0
    7: 0
    8: 0
    9: 0
    10: 0
    11: 3
    12: 2
    13: 80003
    14: 578
    15: 531
    16: 254
    17: 45
    18: 44
    19: 56
    20: 65
    21: 59
    22: 38
    23: 50
    24: 40
    25: 46
    26: 43
    27: 41
    28: 42
    29: 39
    30: 40
    31: 42
    32: 54
    33: 44
    34: 46
    35: 50
    36: 51
    37: 41
    38: 50
    39: 50
    40: 42
    41: 58
    42: 46
    43: 16
    44: 1
    45: 1
    46: 7
    47: 2
    48: 1
    49: 0
    50: 0
    51: 0
    52: 0
    53: 1
    54: 0
    55: 0
    56: 0
    57: 0
    58: 0
    59: 1
    60: 0
    61: 0
    62: 0
    63: 0
    64: 0
    65: 0
    66: 0
    67: 0
    68: 0
    69: 0
    70: 0
    71: 0
    72: 0
    73: 0
    74: 0
    75: 0
    76: 0
    77: 0
    78: 0
    79: 0
    80: 0
    81: 0
    82: 0
    83: 0
    84: 0
    85: 0
    86: 0
    87: 0
    88: 0
    89: 0
    90: 0
    91: 0
    92: 0
    93: 0
    94: 0
    95: 0
    96: 0
    97: 0
    98: 0
    99: 0
  mem-1: # Memory controller stats
   rd: 78341 # Read requests
   wr: 20042 # Write requests
   rdlat: 10527086 # Total latency experienced by read requests
   wrlat: 2930120 # Total latency experienced by write requests
   rdhits: 32 # Read row hits
   wrhits: 15 # Write row hits
   mlh: # latency histogram for memory requests
    0: 0
    1: 0
    2: 0
    3: 0
    4: 0
    5: 0
    6: 0
    7: 0
    8: 0
    9: 0
    10: 0
    11: 2
    12: 5
    13: 75634
    14: 728
    15: 513
    16: 217
    17: 68
    18: 51
    19: 56
    20: 47
    21: 57
    22: 35
    23: 39
    24: 41
    25: 49
    26: 33
    27: 46
    28: 34
    29: 49
    30: 50
    31: 46
    32: 37
    33: 42
    34: 57
    35: 49
    36: 51
    37: 52
    38: 44
    39: 35
    40: 51
    41: 42
    42: 52
    43: 16
    44: 4
    45: 0
    46: 4
    47: 3
    48: 2
    49: 0
    50: 0
    51: 0
    52: 0
    53: 0
    54: 0
    55: 0
    56: 0
    57: 0
    58: 0
    59: 0
    60: 0
    61: 0
    62: 0
    63: 0
    64: 0
    65: 0
    66: 0
    67: 0
    68: 0
    69: 0
    70: 0
    71: 0
    72: 0
    73: 0
    74: 0
    75: 0
    76: 0
    77: 0
    78: 0
    79: 0
    80: 0
    81: 0
    82: 0
    83: 0
    84: 0
    85: 0
    86: 0
    87: 0
    88: 0
    89: 0
    90: 0
    91: 0
    92: 0
    93: 0
    94: 0
    95: 0
    96: 0
    97: 0
    98: 0
    99: 0
  mem-2: # Memory controller stats
   rd: 82864 # Read requests
   wr: 20144 # Write requests
   rdlat: 11119418 # Total latency experienced by read requests
   wrlat: 2938821 # Total latency experienced by write requests
   rdhits: 49 # Read row hits
   wrhits: 18 # Write row hits
   mlh: # latency histogram for memory requests
    0: 0
    1: 0
    2: 0
    3: 0
    4: 0
    5: 0
    6: 0
    7: 0
    8: 0
    9: 0
    10: 0
    11: 18
    12: 9
    13: 80180
    14: 634
    15: 554
    16: 223
    17: 58
    18: 42
    19: 54
    20: 75
    21: 40
    22: 47
    23: 47
    24: 60
    25: 43
    26: 31
    27: 46
    28: 48
    29: 30
    30: 38
    31: 45
    32: 44
    33: 53
    34: 48
    35: 54
    36: 43
    37: 45
    38: 45
    39: 39
    40: 52
    41: 44
    42: 49
    43: 17
    44: 2
    45: 1
    46: 4
    47: 1
    48: 1
    49: 0
    50: 0
    51: 0
    52: 0
    53: 0
    54: 0
    55: 0
    56: 0
    57: 0
    58: 0
    59: 0
    60: 0
    61: 0
    62: 0
    63: 0
    64: 0
    65: 0
    66: 0
    67: 0
    68: 0
    69: 0
    70: 0
    71: 0
    72: 0
    73: 0
    74: 0
    75: 0
    76: 0
    77: 0
    78: 0
    79: 0
    80: 0
    81: 0
    82: 0
    83: 0
    84: 0
    85: 0
    86: 0
    87: 0
    88: 0
    89: 0
    90: 0
    91: 0
    92: 0
    93: 0
    94: 0
    95: 0
    96: 0
    97: 0
    98: 0
    99: 0
  mem-3: # Memory controller stats
   rd: 78253 # Read requests
   wr: 19850 # Write requests
   rdlat: 10509073 # Total latency experienced by read requests
   wrlat: 2899086 # Total latency experienced by write requests
   rdhits: 50 # Read row hits
   wrhits: 25 # Write row hits
   mlh: # latency histogram for memory requests
    0: 0
    1: 0
    2: 0
    3: 0
    4: 0
    5: 0
    6: 0
    7: 0
    8: 0
    9: 0
    10: 0
    11: 18
    12: 8
    13: 75555
    14: 729
    15: 531
    16: 209
    17: 50
    18: 49
    19: 66
    20: 48
    21: 48
    22: 35
    23: 39
    24: 61
    25: 44
    26: 43
    27: 28
    28: 32
    29: 36
    30: 37
    31: 56
    32: 47
    33: 46
    34: 29
    35: 50
    36: 60
    37: 59
    38: 42
    39: 39
    40: 43
    41: 42
    42: 48
    43: 17
    44: 1
    45: 3
    46: 2
    47: 3
    48: 0
    49: 0
    50: 0
    51: 0
    52: 0
    53: 0
    54: 0
    55: 0
    56: 0
    57: 0
    58: 0
    59: 0
    60: 0
    61: 0
    62: 0
    63: 0
    64: 0
    65: 0
    66: 0
    67: 0
    68: 0
    69: 0
    70: 0
    71: 0
    72: 0
    73: 0
    74: 0
    75: 0
    76: 0
    77: 0
    78: 0
    79: 0
    80: 0
    81: 0
    82: 0
    83: 0
    84: 0
    85: 0
    86: 0
    87: 0
    88: 0
    89: 0
    90: 0
    91: 0
    92: 0
    93: 0
    94: 0
    95: 0
    96: 0
    97: 0
    98: 0
    99: 0
 sched: # Scheduler stats
  thCr: 1 # Threads created
  thFn: 1 # Threads finished
  schedEvs: 1 # Schedule events
  waitEvs: 0 # Wait events
  handoffEvs: 0 # Handoff events
  sleepEvs: 0 # Sleep events
  idlePhases: 0 # Phases with no thread active
  idlePeriods: 0 # Periods with no thread active
  occHist: # Occupancy histogram
   0: 0
   1: 12992
  rqSzHist: # Run queue size histogram
   0: 12992
   1: 0
   2: 0
   3: 0
   4: 0
   5: 0
   6: 0
   7: 0
   8: 0
   9: 0
   10: 0
   11: 0
   12: 0
   13: 0
   14: 0
   15: 0
   16: 0
 procCycles: # Per-process unhalted core cycles
  0: 129920002
  1: 0
  2: 0
  3: 0
  4: 0
  5: 0
  6: 0
  7: 0
  8: 0
  9: 0
  10: 0
  11: 0
  12: 0
  13: 0
  14: 0
  15: 0
  16: 0
  17: 0
  18: 0
  19: 0
  20: 0
  21: 0
  22: 0
  23: 0
  24: 0
  25: 0
  26: 0
  27: 0
  28: 0
  29: 0
  30: 0
  31: 0
  32: 0
  33: 0
  34: 0
  35: 0
  36: 0
  37: 0
  38: 0
  39: 0
  40: 0
  41: 0
  42: 0
  43: 0
  44: 0
  45: 0
  46: 0
  47: 0
  48: 0
  49: 0
  50: 0
  51: 0
  52: 0
  53: 0
  54: 0
  55: 0
  56: 0
  57: 0
  58: 0
  59: 0
  60: 0
  61: 0
  62: 0
  63: 0
 procInstrs: # Per-process instructions
  0: 100001325
  1: 0
  2: 0
  3: 0
  4: 0
  5: 0
  6: 0
  7: 0
  8: 0
  9: 0
  10: 0
  11: 0
  12: 0
  13: 0
  14: 0
  15: 0
  16: 0
  17: 0
  18: 0
  19: 0
  20: 0
  21: 0
  22: 0
  23: 0
  24: 0
  25: 0
  26: 0
  27: 0
  28: 0
  29: 0
  30: 0
  31: 0
  32: 0
  33: 0
  34: 0
  35: 0
  36: 0
  37: 0
  38: 0
  39: 0
  40: 0
  41: 0
  42: 0
  43: 0
  44: 0
  45: 0
  46: 0
  47: 0
  48: 0
  49: 0
  50: 0
  51: 0
  52: 0
  53: 0
  54: 0
  55: 0
  56: 0
  57: 0
  58: 0
  59: 0
  60: 0
  61: 0
  62: 0
  63: 0
 heartbeats: # Per-process heartbeats
  0: 0
  1: 0
  2: 0
  3: 0
  4: 0
  5: 0
  6: 0
  7: 0
  8: 0
  9: 0
  10: 0
  11: 0
  12: 0
  13: 0
  14: 0
  15: 0
  16: 0
  17: 0
  18: 0
  19: 0
  20: 0
  21: 0
  22: 0
  23: 0
  24: 0
  25: 0
  26: 0
  27: 0
  28: 0
  29: 0
  30: 0
  31: 0
  32: 0
  33: 0
  34: 0
  35: 0
  36: 0
  37: 0
  38: 0
  39: 0
  40: 0
  41: 0
  42: 0
  43: 0
  44: 0
  45: 0
  46: 0
  47: 0
  48: 0
  49: 0
  50: 0
  51: 0
  52: 0
  53: 0
  54: 0
  55: 0
  56: 0
  57: 0
  58: 0
  59: 0
  60: 0
  61: 0
  62: 0
  63: 0
===
