# zsim stats
===
root: # Stats
 contention: # Contention simulation stats
  domain-0: # Domain stats
   time: 3791181934 # Weave simulation time
 time: # Simulator time breakdown
  init: 981164816
  bound: 208502717322
  weave: 6442446886
  ff: 0
 trigger: 20000 # Reason for this stats dump
 phase: 48255 # Simulated phases
 westmere: # Core stats
  westmere-0: # Core stats
   cycles: 392477279 # Simulated unhalted cycles
   cCycles: 8125694 # Cycles due to contention stalls
   instrs: 648512413 # Simulated instructions
   uops: 755330281 # Retired micro-ops
   bbls: 46877100 # Basic blocks
   approxInstrs: 102296425 # Instrs with approx uop decoding
   mispredBranches: 3322381 # Mispredicted branches
   condBranches: 26398479 # conditional branches
  westmere-1: # Core stats
   cycles: 359120084 # Simulated unhalted cycles
   cCycles: 6697121 # Cycles due to contention stalls
   instrs: 586802077 # Simulated instructions
   uops: 683172905 # Retired micro-ops
   bbls: 42548946 # Basic blocks
   approxInstrs: 92308234 # Instrs with approx uop decoding
   mispredBranches: 3117600 # Mispredicted branches
   condBranches: 23806313 # conditional branches
  westmere-2: # Core stats
   cycles: 386573625 # Simulated unhalted cycles
   cCycles: 7959734 # Cycles due to contention stalls
   instrs: 635554820 # Simulated instructions
   uops: 741486167 # Retired micro-ops
   bbls: 47205014 # Basic blocks
   approxInstrs: 99250543 # Instrs with approx uop decoding
   mispredBranches: 3537995 # Mispredicted branches
   condBranches: 26244283 # conditional branches
  westmere-3: # Core stats
   cycles: 388719536 # Simulated unhalted cycles
   cCycles: 8387379 # Cycles due to contention stalls
   instrs: 639948339 # Simulated instructions
   uops: 744917005 # Retired micro-ops
   bbls: 46980891 # Basic blocks
   approxInstrs: 97342063 # Instrs with approx uop decoding
   mispredBranches: 3278681 # Mispredicted branches
   condBranches: 26380804 # conditional branches
  westmere-4: # Core stats
   cycles: 345958385 # Simulated unhalted cycles
   cCycles: 6936598 # Cycles due to contention stalls
   instrs: 564117349 # Simulated instructions
   uops: 656537169 # Retired micro-ops
   bbls: 40884132 # Basic blocks
   approxInstrs: 89025210 # Instrs with approx uop decoding
   mispredBranches: 2936632 # Mispredicted branches
   condBranches: 22765998 # conditional branches
  westmere-5: # Core stats
   cycles: 418241302 # Simulated unhalted cycles
   cCycles: 9683807 # Cycles due to contention stalls
   instrs: 693584346 # Simulated instructions
   uops: 806719102 # Retired micro-ops
   bbls: 51222495 # Basic blocks
   approxInstrs: 102733655 # Instrs with approx uop decoding
   mispredBranches: 3580293 # Mispredicted branches
   condBranches: 29019539 # conditional branches
  westmere-6: # Core stats
   cycles: 375459329 # Simulated unhalted cycles
   cCycles: 9028654 # Cycles due to contention stalls
   instrs: 615474522 # Simulated instructions
   uops: 716971265 # Retired micro-ops
   bbls: 45679831 # Basic blocks
   approxInstrs: 93190748 # Instrs with approx uop decoding
   mispredBranches: 3175337 # Mispredicted branches
   condBranches: 25653590 # conditional branches
  westmere-7: # Core stats
   cycles: 376589830 # Simulated unhalted cycles
   cCycles: 6726487 # Cycles due to contention stalls
   instrs: 616031803 # Simulated instructions
   uops: 717647716 # Retired micro-ops
   bbls: 44695435 # Basic blocks
   approxInstrs: 96717531 # Instrs with approx uop decoding
   mispredBranches: 3273204 # Mispredicted branches
   condBranches: 25142560 # conditional branches
 l1i: # Cache stats
  l1i-0: # Filter cache stats
   fhGETS: 69936226 # Filtered GETS hits
   fhGETX: 0 # Filtered GETX hits
   hGETS: 9820550 # GETS hits
   hGETX: 0 # GETX hits
   mGETS: 4847683 # GETS misses
   mGETXIM: 0 # GETX I->M misses
   mGETXSM: 0 # GETX S->M misses (upgrade misses)
   PUTS: 0 # Clean evictions (from lower level)
   PUTX: 0 # Dirty evictions (from lower level)
   INV: 941 # Invalidates (from upper level)
   INVX: 0 # Downgrades (from upper level)
   FWD: 0 # Forwards (from upper level)
   latGETnl: 60106150 # GET request latency on next level
   latGETnet: 0 # GET request latency on network to next level
  l1i-1: # Filter cache stats
   fhGETS: 64062223 # Filtered GETS hits
   fhGETX: 0 # Filtered GETX hits
   hGETS: 8148792 # GETS hits
   hGETX: 0 # GETX hits
   mGETS: 4886669 # GETS misses
   mGETXIM: 0 # GETX I->M misses
   mGETXSM: 0 # GETX S->M misses (upgrade misses)
   PUTS: 0 # Clean evictions (from lower level)
   PUTX: 0 # Dirty evictions (from lower level)
   INV: 673 # Invalidates (from upper level)
   INVX: 0 # Downgrades (from upper level)
   FWD: 0 # Forwards (from upper level)
   latGETnl: 59428160 # GET request latency on next level
   latGETnet: 0 # GET request latency on network to next level
  l1i-2: # Filter cache stats
   fhGETS: 71068146 # Filtered GETS hits
   fhGETX: 0 # Filtered GETX hits
   hGETS: 9270983 # GETS hits
   hGETX: 0 # GETX hits
   mGETS: 4659601 # GETS misses
   mGETXIM: 0 # GETX I->M misses
   mGETXSM: 0 # GETX S->M misses (upgrade misses)
   PUTS: 0 # Clean evictions (from lower level)
   PUTX: 0 # Dirty evictions (from lower level)
   INV: 1083 # Invalidates (from upper level)
   INVX: 0 # Downgrades (from upper level)
   FWD: 0 # Forwards (from upper level)
   latGETnl: 56693188 # GET request latency on next level
   latGETnet: 0 # GET request latency on network to next level
  l1i-3: # Filter cache stats
   fhGETS: 69932207 # Filtered GETS hits
   fhGETX: 0 # Filtered GETX hits
   hGETS: 9454378 # GETS hits
   hGETX: 0 # GETX hits
   mGETS: 4824297 # GETS misses
   mGETXIM: 0 # GETX I->M misses
   mGETXSM: 0 # GETX S->M misses (upgrade misses)
   PUTS: 0 # Clean evictions (from lower level)
   PUTX: 0 # Dirty evictions (from lower level)
   INV: 709 # Invalidates (from upper level)
   INVX: 0 # Downgrades (from upper level)
   FWD: 0 # Forwards (from upper level)
   latGETnl: 59869896 # GET request latency on next level
   latGETnet: 0 # GET request latency on network to next level
  l1i-4: # Filter cache stats
   fhGETS: 61321056 # Filtered GETS hits
   fhGETX: 0 # Filtered GETX hits
   hGETS: 7788179 # GETS hits
   hGETX: 0 # GETX hits
   mGETS: 4749985 # GETS misses
   mGETXIM: 0 # GETX I->M misses
   mGETXSM: 0 # GETX S->M misses (upgrade misses)
   PUTS: 0 # Clean evictions (from lower level)
   PUTX: 0 # Dirty evictions (from lower level)
   INV: 760 # Invalidates (from upper level)
   INVX: 0 # Downgrades (from upper level)
   FWD: 0 # Forwards (from upper level)
   latGETnl: 57666844 # GET request latency on next level
   latGETnet: 0 # GET request latency on network to next level
  l1i-5: # Filter cache stats
   fhGETS: 76609589 # Filtered GETS hits
   fhGETX: 0 # Filtered GETX hits
   hGETS: 10471638 # GETS hits
   hGETX: 0 # GETX hits
   mGETS: 4589775 # GETS misses
   mGETXIM: 0 # GETX I->M misses
   mGETXSM: 0 # GETX S->M misses (upgrade misses)
   PUTS: 0 # Clean evictions (from lower level)
   PUTX: 0 # Dirty evictions (from lower level)
   INV: 979 # Invalidates (from upper level)
   INVX: 0 # Downgrades (from upper level)
   FWD: 0 # Forwards (from upper level)
   latGETnl: 58436352 # GET request latency on next level
   latGETnet: 0 # GET request latency on network to next level
  l1i-6: # Filter cache stats
   fhGETS: 67632139 # Filtered GETS hits
   fhGETX: 0 # Filtered GETX hits
   hGETS: 9235380 # GETS hits
   hGETX: 0 # GETX hits
   mGETS: 4586466 # GETS misses
   mGETXIM: 0 # GETX I->M misses
   mGETXSM: 0 # GETX S->M misses (upgrade misses)
   PUTS: 0 # Clean evictions (from lower level)
   PUTX: 0 # Dirty evictions (from lower level)
   INV: 772 # Invalidates (from upper level)
   INVX: 0 # Downgrades (from upper level)
   FWD: 0 # Forwards (from upper level)
   latGETnl: 56674008 # GET request latency on next level
   latGETnet: 0 # GET request latency on network to next level
  l1i-7: # Filter cache stats
   fhGETS: 67270856 # Filtered GETS hits
   fhGETX: 0 # Filtered GETX hits
   hGETS: 8646248 # GETS hits
   hGETX: 0 # GETX hits
   mGETS: 5080819 # GETS misses
   mGETXIM: 0 # GETX I->M misses
   mGETXSM: 0 # GETX S->M misses (upgrade misses)
   PUTS: 0 # Clean evictions (from lower level)
   PUTX: 0 # Dirty evictions (from lower level)
   INV: 735 # Invalidates (from upper level)
   INVX: 0 # Downgrades (from upper level)
   FWD: 0 # Forwards (from upper level)
   latGETnl: 62286220 # GET request latency on next level
   latGETnet: 0 # GET request latency on network to next level
 l1d: # Cache stats
  l1d-0: # Filter cache stats
   fhGETS: 144260400 # Filtered GETS hits
   fhGETX: 45341131 # Filtered GETX hits
   hGETS: 26342800 # GETS hits
   hGETX: 6511928 # GETX hits
   mGETS: 4950988 # GETS misses
   mGETXIM: 701807 # GETX I->M misses
   mGETXSM: 984 # GETX S->M misses (upgrade misses)
   PUTS: 0 # Clean evictions (from lower level)
   PUTX: 0 # Dirty evictions (from lower level)
   INV: 3720 # Invalidates (from upper level)
   INVX: 12409 # Downgrades (from upper level)
   FWD: 0 # Forwards (from upper level)
   latGETnl: 151363227 # GET request latency on next level
   latGETnet: 0 # GET request latency on network to next level
  l1d-1: # Filter cache stats
   fhGETS: 129624786 # Filtered GETS hits
   fhGETX: 40582319 # Filtered GETX hits
   hGETS: 23482633 # GETS hits
   hGETX: 5880654 # GETX hits
   mGETS: 4562798 # GETS misses
   mGETXIM: 617658 # GETX I->M misses
   mGETXSM: 1102 # GETX S->M misses (upgrade misses)
   PUTS: 0 # Clean evictions (from lower level)
   PUTX: 0 # Dirty evictions (from lower level)
   INV: 3881 # Invalidates (from upper level)
   INVX: 5932 # Downgrades (from upper level)
   FWD: 0 # Forwards (from upper level)
   latGETnl: 127462993 # GET request latency on next level
   latGETnet: 0 # GET request latency on network to next level
  l1d-2: # Filter cache stats
   fhGETS: 138960088 # Filtered GETS hits
   fhGETX: 47586324 # Filtered GETX hits
   hGETS: 24372597 # GETS hits
   hGETX: 6542045 # GETX hits
   mGETS: 4181744 # GETS misses
   mGETXIM: 605806 # GETX I->M misses
   mGETXSM: 938 # GETX S->M misses (upgrade misses)
   PUTS: 0 # Clean evictions (from lower level)
   PUTX: 0 # Dirty evictions (from lower level)
   INV: 3269 # Invalidates (from upper level)
   INVX: 5078 # Downgrades (from upper level)
   FWD: 0 # Forwards (from upper level)
   latGETnl: 132068302 # GET request latency on next level
   latGETnet: 0 # GET request latency on network to next level
  l1d-3: # Filter cache stats
   fhGETS: 140891318 # Filtered GETS hits
   fhGETX: 44418078 # Filtered GETX hits
   hGETS: 26389673 # GETS hits
   hGETX: 6600751 # GETX hits
   mGETS: 4864887 # GETS misses
   mGETXIM: 716749 # GETX I->M misses
   mGETXSM: 3260 # GETX S->M misses (upgrade misses)
   PUTS: 0 # Clean evictions (from lower level)
   PUTX: 0 # Dirty evictions (from lower level)
   INV: 4008 # Invalidates (from upper level)
   INVX: 6289 # Downgrades (from upper level)
   FWD: 0 # Forwards (from upper level)
   latGETnl: 148152396 # GET request latency on next level
   latGETnet: 0 # GET request latency on network to next level
  l1d-4: # Filter cache stats
   fhGETS: 123080135 # Filtered GETS hits
   fhGETX: 39117270 # Filtered GETX hits
   hGETS: 22839310 # GETS hits
   hGETX: 5751289 # GETX hits
   mGETS: 4361919 # GETS misses
   mGETXIM: 599036 # GETX I->M misses
   mGETXSM: 1985 # GETX S->M misses (upgrade misses)
   PUTS: 0 # Clean evictions (from lower level)
   PUTX: 0 # Dirty evictions (from lower level)
   INV: 3502 # Invalidates (from upper level)
   INVX: 4056 # Downgrades (from upper level)
   FWD: 0 # Forwards (from upper level)
   latGETnl: 124805889 # GET request latency on next level
   latGETnet: 0 # GET request latency on network to next level
  l1d-5: # Filter cache stats
   fhGETS: 154320651 # Filtered GETS hits
   fhGETX: 48382793 # Filtered GETX hits
   hGETS: 28122468 # GETS hits
   hGETX: 6960471 # GETX hits
   mGETS: 4947396 # GETS misses
   mGETXIM: 693803 # GETX I->M misses
   mGETXSM: 2603 # GETX S->M misses (upgrade misses)
   PUTS: 0 # Clean evictions (from lower level)
   PUTX: 0 # Dirty evictions (from lower level)
   INV: 3406 # Invalidates (from upper level)
   INVX: 10423 # Downgrades (from upper level)
   FWD: 0 # Forwards (from upper level)
   latGETnl: 165097158 # GET request latency on next level
   latGETnet: 0 # GET request latency on network to next level
  l1d-6: # Filter cache stats
   fhGETS: 135466074 # Filtered GETS hits
   fhGETX: 43249957 # Filtered GETX hits
   hGETS: 25236796 # GETS hits
   hGETX: 6491598 # GETX hits
   mGETS: 4397806 # GETS misses
   mGETXIM: 702546 # GETX I->M misses
   mGETXSM: 1844 # GETX S->M misses (upgrade misses)
   PUTS: 0 # Clean evictions (from lower level)
   PUTX: 0 # Dirty evictions (from lower level)
   INV: 3486 # Invalidates (from upper level)
   INVX: 6159 # Downgrades (from upper level)
   FWD: 0 # Forwards (from upper level)
   latGETnl: 144839885 # GET request latency on next level
   latGETnet: 0 # GET request latency on network to next level
  l1d-7: # Filter cache stats
   fhGETS: 136949776 # Filtered GETS hits
   fhGETX: 42319206 # Filtered GETX hits
   hGETS: 25223488 # GETS hits
   hGETX: 6213908 # GETX hits
   mGETS: 5013908 # GETS misses
   mGETXIM: 633272 # GETX I->M misses
   mGETXSM: 3742 # GETX S->M misses (upgrade misses)
   PUTS: 0 # Clean evictions (from lower level)
   PUTX: 0 # Dirty evictions (from lower level)
   INV: 3574 # Invalidates (from upper level)
   INVX: 4606 # Downgrades (from upper level)
   FWD: 0 # Forwards (from upper level)
   latGETnl: 136043529 # GET request latency on next level
   latGETnet: 0 # GET request latency on network to next level
 l2: # Cache stats
  l2-0: # Cache stats
   hGETS: 7644700 # GETS hits
   hGETX: 451648 # GETX hits
   mGETS: 2153971 # GETS misses
   mGETXIM: 250090 # GETX I->M misses
   mGETXSM: 1053 # GETX S->M misses (upgrade misses)
   PUTS: 9570014 # Clean evictions (from lower level)
   PUTX: 924781 # Dirty evictions (from lower level)
   INV: 15386 # Invalidates (from upper level)
   INVX: 75715 # Downgrades (from upper level)
   FWD: 0 # Forwards (from upper level)
   latGETnl: 106454757 # GET request latency on next level
   latGETnet: 0 # GET request latency on network to next level
  l2-1: # Cache stats
   hGETS: 7590604 # GETS hits
   hGETX: 477806 # GETX hits
   mGETS: 1858863 # GETS misses
   mGETXIM: 139781 # GETX I->M misses
   mGETXSM: 1173 # GETX S->M misses (upgrade misses)
   PUTS: 9223027 # Clean evictions (from lower level)
   PUTX: 838523 # Dirty evictions (from lower level)
   INV: 19064 # Invalidates (from upper level)
   INVX: 46022 # Downgrades (from upper level)
   FWD: 0 # Forwards (from upper level)
   latGETnl: 86208883 # GET request latency on next level
   latGETnet: 0 # GET request latency on network to next level
  l2-2: # Cache stats
   hGETS: 7028760 # GETS hits
   hGETX: 396426 # GETX hits
   mGETS: 1812585 # GETS misses
   mGETXIM: 209281 # GETX I->M misses
   mGETXSM: 1037 # GETX S->M misses (upgrade misses)
   PUTS: 8622287 # Clean evictions (from lower level)
   PUTX: 819489 # Dirty evictions (from lower level)
   INV: 15804 # Invalidates (from upper level)
   INVX: 47995 # Downgrades (from upper level)
   FWD: 0 # Forwards (from upper level)
   latGETnl: 94280600 # GET request latency on next level
   latGETnet: 0 # GET request latency on network to next level
  l2-3: # Cache stats
   hGETS: 7607875 # GETS hits
   hGETX: 486926 # GETX hits
   mGETS: 2081309 # GETS misses
   mGETXIM: 229748 # GETX I->M misses
   mGETXSM: 3335 # GETX S->M misses (upgrade misses)
   PUTS: 9460353 # Clean evictions (from lower level)
   PUTX: 939842 # Dirty evictions (from lower level)
   INV: 18841 # Invalidates (from upper level)
   INVX: 45127 # Downgrades (from upper level)
   FWD: 0 # Forwards (from upper level)
   latGETnl: 103930362 # GET request latency on next level
   latGETnet: 0 # GET request latency on network to next level
  l2-4: # Cache stats
   hGETS: 7324584 # GETS hits
   hGETX: 454872 # GETX hits
   mGETS: 1787320 # GETS misses
   mGETXIM: 144105 # GETX I->M misses
   mGETXSM: 2044 # GETX S->M misses (upgrade misses)
   PUTS: 8893816 # Clean evictions (from lower level)
   PUTX: 811842 # Dirty evictions (from lower level)
   INV: 16142 # Invalidates (from upper level)
   INVX: 36648 # Downgrades (from upper level)
   FWD: 0 # Forwards (from upper level)
   latGETnl: 85343483 # GET request latency on next level
   latGETnet: 0 # GET request latency on network to next level
  l2-5: # Cache stats
   hGETS: 7275239 # GETS hits
   hGETX: 417064 # GETX hits
   mGETS: 2261932 # GETS misses
   mGETXIM: 276674 # GETX I->M misses
   mGETXSM: 2668 # GETX S->M misses (upgrade misses)
   PUTS: 9320891 # Clean evictions (from lower level)
   PUTX: 904675 # Dirty evictions (from lower level)
   INV: 15721 # Invalidates (from upper level)
   INVX: 45166 # Downgrades (from upper level)
   FWD: 0 # Forwards (from upper level)
   latGETnl: 121197740 # GET request latency on next level
   latGETnet: 0 # GET request latency on network to next level
  l2-6: # Cache stats
   hGETS: 7085673 # GETS hits
   hGETX: 451402 # GETX hits
   mGETS: 1898599 # GETS misses
   mGETXIM: 251085 # GETX I->M misses
   mGETXSM: 1903 # GETX S->M misses (upgrade misses)
   PUTS: 8772803 # Clean evictions (from lower level)
   PUTX: 908735 # Dirty evictions (from lower level)
   INV: 14537 # Invalidates (from upper level)
   INVX: 37290 # Downgrades (from upper level)
   FWD: 0 # Forwards (from upper level)
   latGETnl: 104627273 # GET request latency on next level
   latGETnet: 0 # GET request latency on network to next level
  l2-7: # Cache stats
   hGETS: 8024007 # GETS hits
   hGETX: 492430 # GETX hits
   mGETS: 2070720 # GETS misses
   mGETXIM: 140753 # GETX I->M misses
   mGETXSM: 3831 # GETX S->M misses (upgrade misses)
   PUTS: 9840740 # Clean evictions (from lower level)
   PUTX: 881926 # Dirty evictions (from lower level)
   INV: 17921 # Invalidates (from upper level)
   INVX: 49841 # Downgrades (from upper level)
   FWD: 0 # Forwards (from upper level)
   latGETnl: 91012339 # GET request latency on next level
   latGETnet: 0 # GET request latency on network to next level
 l3: # Cache stats
  l3-0b0: # Cache stats
   hGETS: 1571198 # GETS hits
   hGETX: 56648 # GETX hits
   mGETS: 360605 # GETS misses
   mGETXIM: 149413 # GETX I->M misses
   mGETXSM: 0 # GETX S->M misses (upgrade misses)
   PUTS: 1835105 # Clean evictions (from lower level)
   PUTX: 279389 # Dirty evictions (from lower level)
   INV: 0 # Invalidates (from upper level)
   INVX: 0 # Downgrades (from upper level)
   FWD: 0 # Forwards (from upper level)
   latGETnl: 45901620 # GET request latency on next level
   latGETnet: 0 # GET request latency on network to next level
  l3-0b1: # Cache stats
   hGETS: 1673592 # GETS hits
   hGETX: 53905 # GETX hits
   mGETS: 359731 # GETS misses
   mGETXIM: 150107 # GETX I->M misses
   mGETXSM: 0 # GETX S->M misses (upgrade misses)
   PUTS: 1939119 # Clean evictions (from lower level)
   PUTX: 275932 # Dirty evictions (from lower level)
   INV: 0 # Invalidates (from upper level)
   INVX: 0 # Downgrades (from upper level)
   FWD: 0 # Forwards (from upper level)
   latGETnl: 45885420 # GET request latency on next level
   latGETnet: 0 # GET request latency on network to next level
  l3-0b2: # Cache stats
   hGETS: 1597523 # GETS hits
   hGETX: 56694 # GETX hits
   mGETS: 359691 # GETS misses
   mGETXIM: 149603 # GETX I->M misses
   mGETXSM: 0 # GETX S->M misses (upgrade misses)
   PUTS: 1861477 # Clean evictions (from lower level)
   PUTX: 279154 # Dirty evictions (from lower level)
   INV: 0 # Invalidates (from upper level)
   INVX: 0 # Downgrades (from upper level)
   FWD: 0 # Forwards (from upper level)
   latGETnl: 45836460 # GET request latency on next level
   latGETnet: 0 # GET request latency on network to next level
  l3-0b3: # Cache stats
   hGETS: 1624513 # GETS hits
   hGETX: 59731 # GETX hits
   mGETS: 359251 # GETS misses
   mGETXIM: 150108 # GETX I->M misses
   mGETXSM: 0 # GETX S->M misses (upgrade misses)
   PUTS: 1886018 # Clean evictions (from lower level)
   PUTX: 284607 # Dirty evictions (from lower level)
   INV: 0 # Invalidates (from upper level)
   INVX: 0 # Downgrades (from upper level)
   FWD: 0 # Forwards (from upper level)
   latGETnl: 45842310 # GET request latency on next level
   latGETnet: 0 # GET request latency on network to next level
  l3-0b4: # Cache stats
   hGETS: 1728265 # GETS hits
   hGETX: 63496 # GETX hits
   mGETS: 360432 # GETS misses
   mGETXIM: 149483 # GETX I->M misses
   mGETXSM: 0 # GETX S->M misses (upgrade misses)
   PUTS: 1986811 # Clean evictions (from lower level)
   PUTX: 292389 # Dirty evictions (from lower level)
   INV: 0 # Invalidates (from upper level)
   INVX: 0 # Downgrades (from upper level)
   FWD: 0 # Forwards (from upper level)
   latGETnl: 45892350 # GET request latency on next level
   latGETnet: 0 # GET request latency on network to next level
  l3-0b5: # Cache stats
   hGETS: 1554121 # GETS hits
   hGETX: 57048 # GETX hits
   mGETS: 360186 # GETS misses
   mGETXIM: 149208 # GETX I->M misses
   mGETXSM: 0 # GETX S->M misses (upgrade misses)
   PUTS: 1818235 # Clean evictions (from lower level)
   PUTX: 278075 # Dirty evictions (from lower level)
   INV: 0 # Invalidates (from upper level)
   INVX: 0 # Downgrades (from upper level)
   FWD: 0 # Forwards (from upper level)
   latGETnl: 45845460 # GET request latency on next level
   latGETnet: 0 # GET request latency on network to next level
  l3-0b6: # Cache stats
   hGETS: 1620238 # GETS hits
   hGETX: 56819 # GETX hits
   mGETS: 360018 # GETS misses
   mGETXIM: 149784 # GETX I->M misses
   mGETXSM: 0 # GETX S->M misses (upgrade misses)
   PUTS: 1882973 # Clean evictions (from lower level)
   PUTX: 281150 # Dirty evictions (from lower level)
   INV: 0 # Invalidates (from upper level)
   INVX: 0 # Downgrades (from upper level)
   FWD: 0 # Forwards (from upper level)
   latGETnl: 45882180 # GET request latency on next level
   latGETnet: 0 # GET request latency on network to next level
  l3-0b7: # Cache stats
   hGETS: 1675557 # GETS hits
   hGETX: 57558 # GETX hits
   mGETS: 360378 # GETS misses
   mGETXIM: 148956 # GETX I->M misses
   mGETXSM: 0 # GETX S->M misses (upgrade misses)
   PUTS: 1936675 # Clean evictions (from lower level)
   PUTX: 283563 # Dirty evictions (from lower level)
   INV: 0 # Invalidates (from upper level)
   INVX: 0 # Downgrades (from upper level)
   FWD: 0 # Forwards (from upper level)
   latGETnl: 45840060 # GET request latency on next level
   latGETnet: 0 # GET request latency on network to next level
 mem: # Memory controller stats
  mem-0: # Memory controller stats
   rd: 1020238 # Read requests
   wr: 380059 # Write requests
   rdlat: 142150340 # Total latency experienced by read requests
   wrlat: 64742817 # Total latency experienced by write requests
   rdhits: 52332 # Read row hits
   wrhits: 1171 # Write row hits
   mlh: # latency histogram for memory requests
    0: 0
    1: 0
    2: 0
    3: 0
    4: 0
    5: 0
    6: 0
    7: 0
    8: 0
    9: 0
    10: 0
    11: 321
    12: 22729
    13: 770727
    14: 118773
    15: 42301
    16: 17959
    17: 15636
    18: 4008
    19: 3564
    20: 2743
    21: 2358
    22: 1788
    23: 2472
    24: 1881
    25: 1717
    26: 517
    27: 664
    28: 454
    29: 530
    30: 549
    31: 541
    32: 649
    33: 628
    34: 623
    35: 571
    36: 520
    37: 580
    38: 570
    39: 651
    40: 619
    41: 575
    42: 564
    43: 366
    44: 209
    45: 175
    46: 192
    47: 198
    48: 181
    49: 48
    50: 29
    51: 13
    52: 6
    53: 14
    54: 9
    55: 5
    56: 3
    57: 3
    58: 0
    59: 0
    60: 0
    61: 2
    62: 0
    63: 0
    64: 2
    65: 0
    66: 0
    67: 0
    68: 0
    69: 0
    70: 0
    71: 0
    72: 0
    73: 0
    74: 1
    75: 0
    76: 0
    77: 0
    78: 0
    79: 0
    80: 0
    81: 0
    82: 0
    83: 0
    84: 0
    85: 0
    86: 0
    87: 0
    88: 0
    89: 0
    90: 0
    91: 0
    92: 0
    93: 0
    94: 0
    95: 0
    96: 0
    97: 0
    98: 0
    99: 0
  mem-1: # Memory controller stats
   rd: 1018312 # Read requests
   wr: 379261 # Write requests
   rdlat: 141878931 # Total latency experienced by read requests
   wrlat: 64445104 # Total latency experienced by write requests
   rdhits: 52575 # Read row hits
   wrhits: 1139 # Write row hits
   mlh: # latency histogram for memory requests
    0: 0
    1: 0
    2: 0
    3: 0
    4: 0
    5: 0
    6: 0
    7: 0
    8: 0
    9: 0
    10: 0
    11: 341
    12: 23028
    13: 768547
    14: 118591
    15: 42373
    16: 18266
    17: 15605
    18: 3960
    19: 3512
    20: 2799
    21: 2332
    22: 1813
    23: 2341
    24: 1912
    25: 1667
    26: 555
    27: 636
    28: 478
    29: 486
    30: 541
    31: 564
    32: 643
    33: 596
    34: 603
    35: 608
    36: 565
    37: 599
    38: 587
    39: 668
    40: 573
    41: 550
    42: 524
    43: 336
    44: 203
    45: 159
    46: 203
    47: 186
    48: 185
    49: 59
    50: 31
    51: 24
    52: 14
    53: 18
    54: 8
    55: 5
    56: 0
    57: 0
    58: 0
    59: 1
    60: 1
    61: 0
    62: 2
    63: 1
    64: 2
    65: 1
    66: 1
    67: 2
    68: 2
    69: 1
    70: 0
    71: 1
    72: 2
    73: 0
    74: 0
    75: 1
    76: 0
    77: 0
    78: 0
    79: 0
    80: 0
    81: 0
    82: 0
    83: 0
    84: 0
    85: 0
    86: 0
    87: 0
    88: 0
    89: 0
    90: 0
    91: 0
    92: 0
    93: 0
    94: 0
    95: 0
    96: 0
    97: 0
    98: 0
    99: 0
  mem-2: # Memory controller stats
   rd: 1018376 # Read requests
   wr: 379013 # Write requests
   rdlat: 141915421 # Total latency experienced by read requests
   wrlat: 64440357 # Total latency experienced by write requests
   rdhits: 52474 # Read row hits
   wrhits: 1182 # Write row hits
   mlh: # latency histogram for memory requests
    0: 0
    1: 0
    2: 0
    3: 0
    4: 0
    5: 0
    6: 0
    7: 0
    8: 0
    9: 0
    10: 1
    11: 332
    12: 22812
    13: 768480
    14: 118566
    15: 42862
    16: 18216
    17: 15578
    18: 4075
    19: 3425
    20: 2642
    21: 2244
    22: 1816
    23: 2360
    24: 1918
    25: 1633
    26: 553
    27: 643
    28: 506
    29: 546
    30: 552
    31: 589
    32: 686
    33: 624
    34: 607
    35: 575
    36: 571
    37: 573
    38: 582
    39: 572
    40: 613
    41: 570
    42: 559
    43: 360
    44: 213
    45: 172
    46: 210
    47: 212
    48: 196
    49: 55
    50: 30
    51: 17
    52: 8
    53: 7
    54: 7
    55: 4
    56: 1
    57: 0
    58: 0
    59: 1
    60: 1
    61: 0
    62: 0
    63: 0
    64: 0
    65: 0
    66: 0
    67: 0
    68: 0
    69: 0
    70: 1
    71: 0
    72: 0
    73: 0
    74: 0
    75: 0
    76: 0
    77: 0
    78: 0
    79: 0
    80: 0
    81: 0
    82: 0
    83: 0
    84: 0
    85: 0
    86: 0
    87: 0
    88: 0
    89: 0
    90: 0
    91: 0
    92: 0
    93: 0
    94: 0
    95: 0
    96: 0
    97: 0
    98: 0
    99: 0
  mem-3: # Memory controller stats
   rd: 1020028 # Read requests
   wr: 379314 # Write requests
   rdlat: 142109339 # Total latency experienced by read requests
   wrlat: 64498284 # Total latency experienced by write requests
   rdhits: 52591 # Read row hits
   wrhits: 1199 # Write row hits
   mlh: # latency histogram for memory requests
    0: 0
    1: 0
    2: 0
    3: 0
    4: 0
    5: 0
    6: 0
    7: 0
    8: 0
    9: 0
    10: 0
    11: 325
    12: 22817
    13: 769790
    14: 119199
    15: 42638
    16: 18192
    17: 15475
    18: 4019
    19: 3597
    20: 2714
    21: 2376
    22: 1845
    23: 2346
    24: 1872
    25: 1585
    26: 515
    27: 627
    28: 487
    29: 535
    30: 537
    31: 574
    32: 639
    33: 597
    34: 578
    35: 585
    36: 576
    37: 627
    38: 617
    39: 619
    40: 611
    41: 546
    42: 593
    43: 337
    44: 194
    45: 165
    46: 179
    47: 182
    48: 149
    49: 50
    50: 32
    51: 29
    52: 13
    53: 16
    54: 5
    55: 5
    56: 8
    57: 2
    58: 3
    59: 1
    60: 0
    61: 1
    62: 1
    63: 0
    64: 1
    65: 2
    66: 0
    67: 0
    68: 0
    69: 0
    70: 0
    71: 0
    72: 0
    73: 0
    74: 0
    75: 0
    76: 0
    77: 0
    78: 0
    79: 0
    80: 0
    81: 0
    82: 0
    83: 0
    84: 0
    85: 0
    86: 0
    87: 0
    88: 0
    89: 0
    90: 0
    91: 0
    92: 0
    93: 0
    94: 0
    95: 0
    96: 0
    97: 0
    98: 0
    99: 0
 sched: # Scheduler stats
  thCr: 78 # Threads created
  thFn: 70 # Threads finished
  schedEvs: 173 # Schedule events
  waitEvs: 25 # Wait events
  handoffEvs: 0 # Handoff events
  sleepEvs: 0 # Sleep events
  idlePhases: 0 # Phases with no thread active
  idlePeriods: 0 # Periods with no thread active
  occHist: # Occupancy histogram
   0: 0
   1: 71
   2: 280
   3: 270
   4: 257
   5: 258
   6: 477
   7: 3459
   8: 43183
  rqSzHist: # Run queue size histogram
   0: 46977
   1: 1278
   2: 0
   3: 0
   4: 0
   5: 0
   6: 0
   7: 0
   8: 0
   9: 0
   10: 0
   11: 0
   12: 0
   13: 0
   14: 0
   15: 0
   16: 0
 procCycles: # Per-process unhalted core cycles
  0: 3043139370
  1: 0
  2: 0
  3: 0
  4: 0
  5: 0
  6: 0
  7: 0
  8: 0
  9: 0
  10: 0
  11: 0
  12: 0
  13: 0
  14: 0
  15: 0
  16: 0
  17: 0
  18: 0
  19: 0
  20: 0
  21: 0
  22: 0
  23: 0
  24: 0
  25: 0
  26: 0
  27: 0
  28: 0
  29: 0
  30: 0
  31: 0
  32: 0
  33: 0
  34: 0
  35: 0
  36: 0
  37: 0
  38: 0
  39: 0
  40: 0
  41: 0
  42: 0
  43: 0
  44: 0
  45: 0
  46: 0
  47: 0
  48: 0
  49: 0
  50: 0
  51: 0
  52: 0
  53: 0
  54: 0
  55: 0
  56: 0
  57: 0
  58: 0
  59: 0
  60: 0
  61: 0
  62: 0
  63: 0
 procInstrs: # Per-process instructions
  0: 5000025669
  1: 0
  2: 0
  3: 0
  4: 0
  5: 0
  6: 0
  7: 0
  8: 0
  9: 0
  10: 0
  11: 0
  12: 0
  13: 0
  14: 0
  15: 0
  16: 0
  17: 0
  18: 0
  19: 0
  20: 0
  21: 0
  22: 0
  23: 0
  24: 0
  25: 0
  26: 0
  27: 0
  28: 0
  29: 0
  30: 0
  31: 0
  32: 0
  33: 0
  34: 0
  35: 0
  36: 0
  37: 0
  38: 0
  39: 0
  40: 0
  41: 0
  42: 0
  43: 0
  44: 0
  45: 0
  46: 0
  47: 0
  48: 0
  49: 0
  50: 0
  51: 0
  52: 0
  53: 0
  54: 0
  55: 0
  56: 0
  57: 0
  58: 0
  59: 0
  60: 0
  61: 0
  62: 0
  63: 0
 heartbeats: # Per-process heartbeats
  0: 0
  1: 0
  2: 0
  3: 0
  4: 0
  5: 0
  6: 0
  7: 0
  8: 0
  9: 0
  10: 0
  11: 0
  12: 0
  13: 0
  14: 0
  15: 0
  16: 0
  17: 0
  18: 0
  19: 0
  20: 0
  21: 0
  22: 0
  23: 0
  24: 0
  25: 0
  26: 0
  27: 0
  28: 0
  29: 0
  30: 0
  31: 0
  32: 0
  33: 0
  34: 0
  35: 0
  36: 0
  37: 0
  38: 0
  39: 0
  40: 0
  41: 0
  42: 0
  43: 0
  44: 0
  45: 0
  46: 0
  47: 0
  48: 0
  49: 0
  50: 0
  51: 0
  52: 0
  53: 0
  54: 0
  55: 0
  56: 0
  57: 0
  58: 0
  59: 0
  60: 0
  61: 0
  62: 0
  63: 0
===
