# zsim stats
===
root: # Stats
 contention: # Contention simulation stats
  domain-0: # Domain stats
   time: 424044917 # Weave simulation time
 time: # Simulator time breakdown
  init: 53470368803
  bound: 6421643394
  weave: 3648610876
  ff: 0
 trigger: 20000 # Reason for this stats dump
 phase: 10766 # Simulated phases
 westmere: # Core stats
  westmere-0: # Core stats
   cycles: 107660001 # Simulated unhalted cycles
   cCycles: 7978782 # Cycles due to contention stalls
   instrs: 100009471 # Simulated instructions
   uops: 113809538 # Retired micro-ops
   bbls: 14846564 # Basic blocks
   approxInstrs: 596117 # Instrs with approx uop decoding
   mispredBranches: 789665 # Mispredicted branches
   condBranches: 12875600 # conditional branches
 l1i: # Cache stats
  l1i-0: # Filter cache stats
   fhGETS: 19608490 # Filtered GETS hits
   fhGETX: 0 # Filtered GETX hits
   hGETS: 198 # GETS hits
   hGETX: 0 # GETX hits
   mGETS: 162 # GETS misses
   mGETXIM: 0 # GETX I->M misses
   mGETXSM: 0 # GETX S->M misses (upgrade misses)
   PUTS: 0 # Clean evictions (from lower level)
   PUTX: 0 # Dirty evictions (from lower level)
   INV: 0 # Invalidates (from upper level)
   INVX: 0 # Downgrades (from upper level)
   FWD: 0 # Forwards (from upper level)
   latGETnl: 20088 # GET request latency on next level
   latGETnet: 0 # GET request latency on network to next level
 l1d: # Cache stats
  l1d-0: # Filter cache stats
   fhGETS: 25307054 # Filtered GETS hits
   fhGETX: 11406905 # Filtered GETX hits
   hGETS: 1054886 # GETS hits
   hGETX: 1658329 # GETX hits
   mGETS: 1934601 # GETS misses
   mGETXIM: 1092940 # GETX I->M misses
   mGETXSM: 0 # GETX S->M misses (upgrade misses)
   PUTS: 0 # Clean evictions (from lower level)
   PUTX: 0 # Dirty evictions (from lower level)
   INV: 0 # Invalidates (from upper level)
   INVX: 0 # Downgrades (from upper level)
   FWD: 0 # Forwards (from upper level)
   latGETnl: 102633052 # GET request latency on next level
   latGETnet: 0 # GET request latency on network to next level
 l2: # Cache stats
  l2-0: # Cache stats
   hGETS: 940668 # GETS hits
   hGETX: 118555 # GETX hits
   mGETS: 994095 # GETS misses
   mGETXIM: 974385 # GETX I->M misses
   mGETXSM: 0 # GETX S->M misses (upgrade misses)
   PUTS: 942381 # Clean evictions (from lower level)
   PUTX: 2084648 # Dirty evictions (from lower level)
   INV: 0 # Invalidates (from upper level)
   INVX: 0 # Downgrades (from upper level)
   FWD: 0 # Forwards (from upper level)
   latGETnl: 72376110 # GET request latency on next level
   latGETnet: 0 # GET request latency on network to next level
 l3: # Cache stats
  l3-0: # Cache stats
   hGETS: 893664 # GETS hits
   hGETX: 795565 # GETX hits
   mGETS: 100431 # GETS misses
   mGETXIM: 178820 # GETX I->M misses
   mGETXSM: 0 # GETX S->M misses (upgrade misses)
   PUTS: 580377 # Clean evictions (from lower level)
   PUTX: 1384007 # Dirty evictions (from lower level)
   INV: 0 # Invalidates (from upper level)
   INVX: 0 # Downgrades (from upper level)
   FWD: 0 # Forwards (from upper level)
   latGETnl: 25132590 # GET request latency on next level
   latGETnet: 0 # GET request latency on network to next level
 mem: # Memory controller stats
  mem-0: # Memory controller stats
   rd: 69663 # Read requests
   wr: 52882 # Write requests
   rdlat: 9527381 # Total latency experienced by read requests
   wrlat: 7816866 # Total latency experienced by write requests
   rdhits: 2289 # Read row hits
   wrhits: 689 # Write row hits
   mlh: # latency histogram for memory requests
    0: 0
    1: 0
    2: 0
    3: 0
    4: 0
    5: 0
    6: 0
    7: 0
    8: 0
    9: 0
    10: 0
    11: 258
    12: 283
    13: 62615
    14: 1460
    15: 1141
    16: 721
    17: 432
    18: 430
    19: 479
    20: 520
    21: 273
    22: 113
    23: 120
    24: 84
    25: 63
    26: 34
    27: 28
    28: 38
    29: 34
    30: 33
    31: 34
    32: 40
    33: 35
    34: 43
    35: 23
    36: 50
    37: 44
    38: 41
    39: 25
    40: 38
    41: 51
    42: 39
    43: 15
    44: 2
    45: 4
    46: 3
    47: 2
    48: 2
    49: 1
    50: 3
    51: 2
    52: 1
    53: 0
    54: 1
    55: 1
    56: 1
    57: 0
    58: 0
    59: 0
    60: 1
    61: 0
    62: 0
    63: 0
    64: 0
    65: 2
    66: 0
    67: 0
    68: 0
    69: 0
    70: 0
    71: 0
    72: 0
    73: 0
    74: 0
    75: 0
    76: 0
    77: 0
    78: 0
    79: 0
    80: 0
    81: 0
    82: 0
    83: 0
    84: 0
    85: 0
    86: 0
    87: 0
    88: 0
    89: 0
    90: 0
    91: 0
    92: 0
    93: 0
    94: 0
    95: 0
    96: 0
    97: 0
    98: 0
    99: 0
  mem-1: # Memory controller stats
   rd: 69909 # Read requests
   wr: 53274 # Write requests
   rdlat: 9578853 # Total latency experienced by read requests
   wrlat: 7883251 # Total latency experienced by write requests
   rdhits: 2458 # Read row hits
   wrhits: 759 # Write row hits
   mlh: # latency histogram for memory requests
    0: 0
    1: 0
    2: 0
    3: 0
    4: 0
    5: 0
    6: 0
    7: 0
    8: 0
    9: 0
    10: 0
    11: 256
    12: 334
    13: 62660
    14: 1587
    15: 1135
    16: 728
    17: 403
    18: 448
    19: 488
    20: 531
    21: 255
    22: 116
    23: 97
    24: 98
    25: 62
    26: 41
    27: 34
    28: 32
    29: 36
    30: 37
    31: 27
    32: 33
    33: 32
    34: 52
    35: 42
    36: 38
    37: 37
    38: 41
    39: 40
    40: 35
    41: 44
    42: 47
    43: 18
    44: 7
    45: 7
    46: 5
    47: 4
    48: 5
    49: 3
    50: 2
    51: 2
    52: 0
    53: 1
    54: 0
    55: 0
    56: 0
    57: 0
    58: 0
    59: 0
    60: 0
    61: 0
    62: 0
    63: 0
    64: 0
    65: 1
    66: 0
    67: 0
    68: 0
    69: 0
    70: 0
    71: 1
    72: 0
    73: 4
    74: 0
    75: 0
    76: 0
    77: 1
    78: 0
    79: 0
    80: 0
    81: 0
    82: 1
    83: 0
    84: 0
    85: 0
    86: 0
    87: 1
    88: 0
    89: 0
    90: 0
    91: 0
    92: 0
    93: 0
    94: 0
    95: 0
    96: 0
    97: 0
    98: 0
    99: 0
  mem-2: # Memory controller stats
   rd: 70089 # Read requests
   wr: 53405 # Write requests
   rdlat: 9593507 # Total latency experienced by read requests
   wrlat: 7952669 # Total latency experienced by write requests
   rdhits: 2661 # Read row hits
   wrhits: 752 # Write row hits
   mlh: # latency histogram for memory requests
    0: 0
    1: 0
    2: 0
    3: 0
    4: 0
    5: 0
    6: 0
    7: 0
    8: 0
    9: 0
    10: 0
    11: 276
    12: 334
    13: 62706
    14: 1525
    15: 1150
    16: 756
    17: 468
    18: 488
    19: 497
    20: 526
    21: 276
    22: 125
    23: 121
    24: 112
    25: 69
    26: 20
    27: 32
    28: 41
    29: 35
    30: 25
    31: 49
    32: 38
    33: 38
    34: 33
    35: 41
    36: 36
    37: 36
    38: 32
    39: 45
    40: 39
    41: 36
    42: 37
    43: 13
    44: 4
    45: 10
    46: 9
    47: 6
    48: 2
    49: 1
    50: 1
    51: 0
    52: 1
    53: 0
    54: 0
    55: 0
    56: 0
    57: 0
    58: 0
    59: 0
    60: 0
    61: 0
    62: 0
    63: 0
    64: 0
    65: 0
    66: 0
    67: 0
    68: 0
    69: 0
    70: 0
    71: 0
    72: 0
    73: 0
    74: 0
    75: 0
    76: 0
    77: 0
    78: 0
    79: 0
    80: 0
    81: 0
    82: 0
    83: 0
    84: 0
    85: 0
    86: 0
    87: 0
    88: 0
    89: 0
    90: 0
    91: 0
    92: 0
    93: 0
    94: 0
    95: 0
    96: 0
    97: 0
    98: 0
    99: 0
  mem-3: # Memory controller stats
   rd: 69590 # Read requests
   wr: 52980 # Write requests
   rdlat: 9527226 # Total latency experienced by read requests
   wrlat: 7810128 # Total latency experienced by write requests
   rdhits: 2201 # Read row hits
   wrhits: 625 # Write row hits
   mlh: # latency histogram for memory requests
    0: 0
    1: 0
    2: 0
    3: 0
    4: 0
    5: 0
    6: 0
    7: 0
    8: 0
    9: 0
    10: 0
    11: 264
    12: 282
    13: 62695
    14: 1404
    15: 1117
    16: 675
    17: 409
    18: 415
    19: 482
    20: 521
    21: 264
    22: 82
    23: 92
    24: 85
    25: 63
    26: 36
    27: 42
    28: 28
    29: 36
    30: 47
    31: 39
    32: 38
    33: 43
    34: 46
    35: 41
    36: 38
    37: 55
    38: 32
    39: 35
    40: 40
    41: 42
    42: 50
    43: 14
    44: 5
    45: 10
    46: 5
    47: 5
    48: 3
    49: 3
    50: 0
    51: 5
    52: 0
    53: 0
    54: 0
    55: 0
    56: 0
    57: 1
    58: 0
    59: 0
    60: 0
    61: 1
    62: 0
    63: 0
    64: 0
    65: 0
    66: 0
    67: 0
    68: 0
    69: 0
    70: 0
    71: 0
    72: 0
    73: 0
    74: 0
    75: 0
    76: 0
    77: 0
    78: 0
    79: 0
    80: 0
    81: 0
    82: 0
    83: 0
    84: 0
    85: 0
    86: 0
    87: 0
    88: 0
    89: 0
    90: 0
    91: 0
    92: 0
    93: 0
    94: 0
    95: 0
    96: 0
    97: 0
    98: 0
    99: 0
 sched: # Scheduler stats
  thCr: 1 # Threads created
  thFn: 1 # Threads finished
  schedEvs: 1 # Schedule events
  waitEvs: 0 # Wait events
  handoffEvs: 0 # Handoff events
  sleepEvs: 0 # Sleep events
  idlePhases: 0 # Phases with no thread active
  idlePeriods: 0 # Periods with no thread active
  occHist: # Occupancy histogram
   0: 0
   1: 10766
  rqSzHist: # Run queue size histogram
   0: 10766
   1: 0
   2: 0
   3: 0
   4: 0
   5: 0
   6: 0
   7: 0
   8: 0
   9: 0
   10: 0
   11: 0
   12: 0
   13: 0
   14: 0
   15: 0
   16: 0
 procCycles: # Per-process unhalted core cycles
  0: 107660001
  1: 0
  2: 0
  3: 0
  4: 0
  5: 0
  6: 0
  7: 0
  8: 0
  9: 0
  10: 0
  11: 0
  12: 0
  13: 0
  14: 0
  15: 0
  16: 0
  17: 0
  18: 0
  19: 0
  20: 0
  21: 0
  22: 0
  23: 0
  24: 0
  25: 0
  26: 0
  27: 0
  28: 0
  29: 0
  30: 0
  31: 0
  32: 0
  33: 0
  34: 0
  35: 0
  36: 0
  37: 0
  38: 0
  39: 0
  40: 0
  41: 0
  42: 0
  43: 0
  44: 0
  45: 0
  46: 0
  47: 0
  48: 0
  49: 0
  50: 0
  51: 0
  52: 0
  53: 0
  54: 0
  55: 0
  56: 0
  57: 0
  58: 0
  59: 0
  60: 0
  61: 0
  62: 0
  63: 0
 procInstrs: # Per-process instructions
  0: 100009471
  1: 0
  2: 0
  3: 0
  4: 0
  5: 0
  6: 0
  7: 0
  8: 0
  9: 0
  10: 0
  11: 0
  12: 0
  13: 0
  14: 0
  15: 0
  16: 0
  17: 0
  18: 0
  19: 0
  20: 0
  21: 0
  22: 0
  23: 0
  24: 0
  25: 0
  26: 0
  27: 0
  28: 0
  29: 0
  30: 0
  31: 0
  32: 0
  33: 0
  34: 0
  35: 0
  36: 0
  37: 0
  38: 0
  39: 0
  40: 0
  41: 0
  42: 0
  43: 0
  44: 0
  45: 0
  46: 0
  47: 0
  48: 0
  49: 0
  50: 0
  51: 0
  52: 0
  53: 0
  54: 0
  55: 0
  56: 0
  57: 0
  58: 0
  59: 0
  60: 0
  61: 0
  62: 0
  63: 0
 heartbeats: # Per-process heartbeats
  0: 0
  1: 0
  2: 0
  3: 0
  4: 0
  5: 0
  6: 0
  7: 0
  8: 0
  9: 0
  10: 0
  11: 0
  12: 0
  13: 0
  14: 0
  15: 0
  16: 0
  17: 0
  18: 0
  19: 0
  20: 0
  21: 0
  22: 0
  23: 0
  24: 0
  25: 0
  26: 0
  27: 0
  28: 0
  29: 0
  30: 0
  31: 0
  32: 0
  33: 0
  34: 0
  35: 0
  36: 0
  37: 0
  38: 0
  39: 0
  40: 0
  41: 0
  42: 0
  43: 0
  44: 0
  45: 0
  46: 0
  47: 0
  48: 0
  49: 0
  50: 0
  51: 0
  52: 0
  53: 0
  54: 0
  55: 0
  56: 0
  57: 0
  58: 0
  59: 0
  60: 0
  61: 0
  62: 0
  63: 0
===
