# zsim stats
===
root: # Stats
 contention: # Contention simulation stats
  domain-0: # Domain stats
   time: 3780332056 # Weave simulation time
 time: # Simulator time breakdown
  init: 2766812850141
  bound: 12296490537
  weave: 7545039236
  ff: 0
 trigger: 20000 # Reason for this stats dump
 phase: 15500 # Simulated phases
 westmere: # Core stats
  westmere-0: # Core stats
   cycles: 155002273 # Simulated unhalted cycles
   cCycles: 35852167 # Cycles due to contention stalls
   instrs: 100000587 # Simulated instructions
   uops: 109165712 # Retired micro-ops
   bbls: 17938925 # Basic blocks
   approxInstrs: 0 # Instrs with approx uop decoding
   mispredBranches: 70577 # Mispredicted branches
   condBranches: 17938884 # conditional branches
 l1i: # Cache stats
  l1i-0: # Filter cache stats
   fhGETS: 18288370 # Filtered GETS hits
   fhGETX: 0 # Filtered GETX hits
   hGETS: 0 # GETS hits
   hGETX: 0 # GETX hits
   mGETS: 2432 # GETS misses
   mGETXIM: 0 # GETX I->M misses
   mGETXSM: 0 # GETX S->M misses (upgrade misses)
   PUTS: 0 # Clean evictions (from lower level)
   PUTX: 0 # Dirty evictions (from lower level)
   INV: 2424 # Invalidates (from upper level)
   INVX: 0 # Downgrades (from upper level)
   FWD: 0 # Forwards (from upper level)
   latGETnl: 301568 # GET request latency on next level
   latGETnet: 0 # GET request latency on network to next level
 l1d: # Cache stats
  l1d-0: # Filter cache stats
   fhGETS: 27274924 # Filtered GETS hits
   fhGETX: 1839941 # Filtered GETX hits
   hGETS: 273912 # GETS hits
   hGETX: 1033613 # GETX hits
   mGETS: 2505245 # GETS misses
   mGETXIM: 101 # GETX I->M misses
   mGETXSM: 0 # GETX S->M misses (upgrade misses)
   PUTS: 0 # Clean evictions (from lower level)
   PUTX: 0 # Dirty evictions (from lower level)
   INV: 1485028 # Invalidates (from upper level)
   INVX: 0 # Downgrades (from upper level)
   FWD: 0 # Forwards (from upper level)
   latGETnl: 301707184 # GET request latency on next level
   latGETnet: 0 # GET request latency on network to next level
 l2: # Cache stats
  l2-0: # Cache stats
   hGETS: 0 # GETS hits
   hGETX: 0 # GETX hits
   mGETS: 2507677 # GETS misses
   mGETXIM: 101 # GETX I->M misses
   mGETXSM: 0 # GETX S->M misses (upgrade misses)
   PUTS: 608892 # Clean evictions (from lower level)
   PUTX: 410955 # Dirty evictions (from lower level)
   INV: 2078129 # Invalidates (from upper level)
   INVX: 0 # Downgrades (from upper level)
   FWD: 0 # Forwards (from upper level)
   latGETnl: 276930972 # GET request latency on next level
   latGETnet: 0 # GET request latency on network to next level
 l3: # Cache stats
  l3-0: # Timing cache stats
   hGETS: 99508 # GETS hits
   hGETX: 0 # GETX hits
   mGETS: 2408169 # GETS misses
   mGETXIM: 101 # GETX I->M misses
   mGETXSM: 0 # GETX S->M misses (upgrade misses)
   PUTS: 244473 # Clean evictions (from lower level)
   PUTX: 181498 # Dirty evictions (from lower level)
   INV: 0 # Invalidates (from upper level)
   INVX: 0 # Downgrades (from upper level)
   FWD: 0 # Forwards (from upper level)
   latGETnl: 216744300 # GET request latency on next level
   latGETnet: 0 # GET request latency on network to next level
   occHist: # Occupancy MSHR cycle histogram
    0: 4584670
    1: 11628762
    2: 52087796
    3: 85183768
    4: 1121995
    5: 288109
    6: 104846
    7: 24
    8: 30
    9: 0
    10: 0
    11: 0
    12: 0
    13: 0
    14: 0
    15: 0
    16: 0
    17: 0
    18: 0
    19: 0
    20: 0
    21: 0
    22: 0
    23: 0
    24: 0
    25: 0
    26: 0
    27: 0
    28: 0
    29: 0
    30: 0
    31: 0
    32: 0
    33: 0
    34: 0
    35: 0
    36: 0
    37: 0
    38: 0
    39: 0
    40: 0
    41: 0
    42: 0
    43: 0
    44: 0
    45: 0
    46: 0
    47: 0
    48: 0
    49: 0
    50: 0
    51: 0
    52: 0
    53: 0
    54: 0
    55: 0
    56: 0
    57: 0
    58: 0
    59: 0
    60: 0
    61: 0
    62: 0
    63: 0
    64: 0
   latHit: 426463 # Cumulative latency accesses that hit (demand and non-demand)
   latMissResp: 18446743336715791880 # Cumulative latency for miss start to response
   latMiss: 18446743336715846001 # Cumulative latency for miss start to finish (free MSHR)
 mem: # Memory controller stats
  mem-0: # Memory controller stats
   rd: 602036 # Read requests
   wr: 238785 # Write requests
   rdlat: 80000345 # Total latency experienced by read requests
   wrlat: 33513003 # Total latency experienced by write requests
   rdhits: 59 # Read row hits
   wrhits: 93 # Write row hits
   mlh: # latency histogram for memory requests
    0: 0
    1: 0
    2: 0
    3: 0
    4: 0
    5: 0
    6: 0
    7: 0
    8: 0
    9: 0
    10: 0
    11: 0
    12: 0
    13: 592333
    14: 2496
    15: 791
    16: 263
    17: 64
    18: 26
    19: 22
    20: 12
    21: 24
    22: 43
    23: 37
    24: 29
    25: 146
    26: 182
    27: 377
    28: 407
    29: 314
    30: 195
    31: 217
    32: 460
    33: 310
    34: 433
    35: 356
    36: 302
    37: 299
    38: 408
    39: 273
    40: 359
    41: 403
    42: 365
    43: 65
    44: 8
    45: 12
    46: 3
    47: 2
    48: 0
    49: 0
    50: 0
    51: 0
    52: 0
    53: 0
    54: 0
    55: 0
    56: 0
    57: 0
    58: 0
    59: 0
    60: 0
    61: 0
    62: 0
    63: 0
    64: 0
    65: 0
    66: 0
    67: 0
    68: 0
    69: 0
    70: 0
    71: 0
    72: 0
    73: 0
    74: 0
    75: 0
    76: 0
    77: 0
    78: 0
    79: 0
    80: 0
    81: 0
    82: 0
    83: 0
    84: 0
    85: 0
    86: 0
    87: 0
    88: 0
    89: 0
    90: 0
    91: 0
    92: 0
    93: 0
    94: 0
    95: 0
    96: 0
    97: 0
    98: 0
    99: 0
  mem-1: # Memory controller stats
   rd: 602578 # Read requests
   wr: 237665 # Write requests
   rdlat: 80104731 # Total latency experienced by read requests
   wrlat: 33444716 # Total latency experienced by write requests
   rdhits: 40 # Read row hits
   wrhits: 142 # Write row hits
   mlh: # latency histogram for memory requests
    0: 0
    1: 0
    2: 0
    3: 0
    4: 0
    5: 0
    6: 0
    7: 0
    8: 0
    9: 0
    10: 0
    11: 1
    12: 1
    13: 592026
    14: 3688
    15: 411
    16: 258
    17: 54
    18: 14
    19: 38
    20: 40
    21: 12
    22: 23
    23: 29
    24: 36
    25: 146
    26: 191
    27: 342
    28: 470
    29: 292
    30: 213
    31: 233
    32: 456
    33: 348
    34: 376
    35: 361
    36: 295
    37: 290
    38: 340
    39: 314
    40: 369
    41: 448
    42: 370
    43: 72
    44: 11
    45: 4
    46: 5
    47: 1
    48: 0
    49: 0
    50: 0
    51: 0
    52: 0
    53: 0
    54: 0
    55: 0
    56: 0
    57: 0
    58: 0
    59: 0
    60: 0
    61: 0
    62: 0
    63: 0
    64: 0
    65: 0
    66: 0
    67: 0
    68: 0
    69: 0
    70: 0
    71: 0
    72: 0
    73: 0
    74: 0
    75: 0
    76: 0
    77: 0
    78: 0
    79: 0
    80: 0
    81: 0
    82: 0
    83: 0
    84: 0
    85: 0
    86: 0
    87: 0
    88: 0
    89: 0
    90: 0
    91: 0
    92: 0
    93: 0
    94: 0
    95: 0
    96: 0
    97: 0
    98: 0
    99: 0
  mem-2: # Memory controller stats
   rd: 601607 # Read requests
   wr: 238006 # Write requests
   rdlat: 79938644 # Total latency experienced by read requests
   wrlat: 33428595 # Total latency experienced by write requests
   rdhits: 61 # Read row hits
   wrhits: 95 # Write row hits
   mlh: # latency histogram for memory requests
    0: 0
    1: 0
    2: 0
    3: 0
    4: 0
    5: 0
    6: 0
    7: 0
    8: 0
    9: 0
    10: 0
    11: 0
    12: 2
    13: 592098
    14: 2624
    15: 525
    16: 306
    17: 30
    18: 6
    19: 16
    20: 11
    21: 14
    22: 22
    23: 45
    24: 50
    25: 152
    26: 193
    27: 348
    28: 455
    29: 318
    30: 202
    31: 207
    32: 487
    33: 299
    34: 391
    35: 340
    36: 262
    37: 309
    38: 363
    39: 296
    40: 363
    41: 415
    42: 348
    43: 69
    44: 15
    45: 10
    46: 13
    47: 1
    48: 0
    49: 0
    50: 1
    51: 1
    52: 0
    53: 0
    54: 0
    55: 0
    56: 0
    57: 0
    58: 0
    59: 0
    60: 0
    61: 0
    62: 0
    63: 0
    64: 0
    65: 0
    66: 0
    67: 0
    68: 0
    69: 0
    70: 0
    71: 0
    72: 0
    73: 0
    74: 0
    75: 0
    76: 0
    77: 0
    78: 0
    79: 0
    80: 0
    81: 0
    82: 0
    83: 0
    84: 0
    85: 0
    86: 0
    87: 0
    88: 0
    89: 0
    90: 0
    91: 0
    92: 0
    93: 0
    94: 0
    95: 0
    96: 0
    97: 0
    98: 0
    99: 0
  mem-3: # Memory controller stats
   rd: 602008 # Read requests
   wr: 237841 # Write requests
   rdlat: 80015506 # Total latency experienced by read requests
   wrlat: 33410715 # Total latency experienced by write requests
   rdhits: 55 # Read row hits
   wrhits: 90 # Write row hits
   mlh: # latency histogram for memory requests
    0: 0
    1: 0
    2: 0
    3: 0
    4: 0
    5: 0
    6: 0
    7: 0
    8: 0
    9: 0
    10: 0
    11: 0
    12: 0
    13: 591490
    14: 3680
    15: 358
    16: 345
    17: 14
    18: 16
    19: 19
    20: 8
    21: 10
    22: 46
    23: 36
    24: 35
    25: 149
    26: 180
    27: 363
    28: 457
    29: 315
    30: 215
    31: 222
    32: 408
    33: 343
    34: 359
    35: 359
    36: 322
    37: 295
    38: 375
    39: 297
    40: 390
    41: 442
    42: 345
    43: 76
    44: 18
    45: 7
    46: 12
    47: 0
    48: 1
    49: 0
    50: 1
    51: 0
    52: 0
    53: 0
    54: 0
    55: 0
    56: 0
    57: 0
    58: 0
    59: 0
    60: 0
    61: 0
    62: 0
    63: 0
    64: 0
    65: 0
    66: 0
    67: 0
    68: 0
    69: 0
    70: 0
    71: 0
    72: 0
    73: 0
    74: 0
    75: 0
    76: 0
    77: 0
    78: 0
    79: 0
    80: 0
    81: 0
    82: 0
    83: 0
    84: 0
    85: 0
    86: 0
    87: 0
    88: 0
    89: 0
    90: 0
    91: 0
    92: 0
    93: 0
    94: 0
    95: 0
    96: 0
    97: 0
    98: 0
    99: 0
 sched: # Scheduler stats
  thCr: 1 # Threads created
  thFn: 1 # Threads finished
  schedEvs: 1 # Schedule events
  waitEvs: 0 # Wait events
  handoffEvs: 0 # Handoff events
  sleepEvs: 0 # Sleep events
  idlePhases: 0 # Phases with no thread active
  idlePeriods: 0 # Periods with no thread active
  occHist: # Occupancy histogram
   0: 0
   1: 15500
  rqSzHist: # Run queue size histogram
   0: 15500
   1: 0
   2: 0
   3: 0
   4: 0
   5: 0
   6: 0
   7: 0
   8: 0
   9: 0
   10: 0
   11: 0
   12: 0
   13: 0
   14: 0
   15: 0
   16: 0
 procCycles: # Per-process unhalted core cycles
  0: 155002273
  1: 0
  2: 0
  3: 0
  4: 0
  5: 0
  6: 0
  7: 0
  8: 0
  9: 0
  10: 0
  11: 0
  12: 0
  13: 0
  14: 0
  15: 0
  16: 0
  17: 0
  18: 0
  19: 0
  20: 0
  21: 0
  22: 0
  23: 0
  24: 0
  25: 0
  26: 0
  27: 0
  28: 0
  29: 0
  30: 0
  31: 0
  32: 0
  33: 0
  34: 0
  35: 0
  36: 0
  37: 0
  38: 0
  39: 0
  40: 0
  41: 0
  42: 0
  43: 0
  44: 0
  45: 0
  46: 0
  47: 0
  48: 0
  49: 0
  50: 0
  51: 0
  52: 0
  53: 0
  54: 0
  55: 0
  56: 0
  57: 0
  58: 0
  59: 0
  60: 0
  61: 0
  62: 0
  63: 0
 procInstrs: # Per-process instructions
  0: 100000587
  1: 0
  2: 0
  3: 0
  4: 0
  5: 0
  6: 0
  7: 0
  8: 0
  9: 0
  10: 0
  11: 0
  12: 0
  13: 0
  14: 0
  15: 0
  16: 0
  17: 0
  18: 0
  19: 0
  20: 0
  21: 0
  22: 0
  23: 0
  24: 0
  25: 0
  26: 0
  27: 0
  28: 0
  29: 0
  30: 0
  31: 0
  32: 0
  33: 0
  34: 0
  35: 0
  36: 0
  37: 0
  38: 0
  39: 0
  40: 0
  41: 0
  42: 0
  43: 0
  44: 0
  45: 0
  46: 0
  47: 0
  48: 0
  49: 0
  50: 0
  51: 0
  52: 0
  53: 0
  54: 0
  55: 0
  56: 0
  57: 0
  58: 0
  59: 0
  60: 0
  61: 0
  62: 0
  63: 0
 heartbeats: # Per-process heartbeats
  0: 0
  1: 0
  2: 0
  3: 0
  4: 0
  5: 0
  6: 0
  7: 0
  8: 0
  9: 0
  10: 0
  11: 0
  12: 0
  13: 0
  14: 0
  15: 0
  16: 0
  17: 0
  18: 0
  19: 0
  20: 0
  21: 0
  22: 0
  23: 0
  24: 0
  25: 0
  26: 0
  27: 0
  28: 0
  29: 0
  30: 0
  31: 0
  32: 0
  33: 0
  34: 0
  35: 0
  36: 0
  37: 0
  38: 0
  39: 0
  40: 0
  41: 0
  42: 0
  43: 0
  44: 0
  45: 0
  46: 0
  47: 0
  48: 0
  49: 0
  50: 0
  51: 0
  52: 0
  53: 0
  54: 0
  55: 0
  56: 0
  57: 0
  58: 0
  59: 0
  60: 0
  61: 0
  62: 0
  63: 0
===
