# zsim stats
===
root: # Stats
 contention: # Contention simulation stats
  domain-0: # Domain stats
   time: 187778434 # Weave simulation time
 time: # Simulator time breakdown
  init: 620650703
  bound: 118447208320
  weave: 2924192089
  ff: 0
 trigger: 20000 # Reason for this stats dump
 phase: 40172 # Simulated phases
 westmere: # Core stats
  westmere-0: # Core stats
   cycles: 401720003 # Simulated unhalted cycles
   cCycles: 28274 # Cycles due to contention stalls
   instrs: 624995688 # Simulated instructions
   uops: 750408987 # Retired micro-ops
   bbls: 83819375 # Basic blocks
   approxInstrs: 6870781 # Instrs with approx uop decoding
   mispredBranches: 1800261 # Mispredicted branches
   condBranches: 64862264 # conditional branches
  westmere-1: # Core stats
   cycles: 401720004 # Simulated unhalted cycles
   cCycles: 29466 # Cycles due to contention stalls
   instrs: 625000325 # Simulated instructions
   uops: 750414467 # Retired micro-ops
   bbls: 83819694 # Basic blocks
   approxInstrs: 6871087 # Instrs with approx uop decoding
   mispredBranches: 1800325 # Mispredicted branches
   condBranches: 64862256 # conditional branches
  westmere-2: # Core stats
   cycles: 401710023 # Simulated unhalted cycles
   cCycles: 28873 # Cycles due to contention stalls
   instrs: 625000016 # Simulated instructions
   uops: 750414095 # Retired micro-ops
   bbls: 83819642 # Basic blocks
   approxInstrs: 6871073 # Instrs with approx uop decoding
   mispredBranches: 1800322 # Mispredicted branches
   condBranches: 64862230 # conditional branches
  westmere-3: # Core stats
   cycles: 401710015 # Simulated unhalted cycles
   cCycles: 28164 # Cycles due to contention stalls
   instrs: 625000924 # Simulated instructions
   uops: 750415214 # Retired micro-ops
   bbls: 83819778 # Basic blocks
   approxInstrs: 6871110 # Instrs with approx uop decoding
   mispredBranches: 1800329 # Mispredicted branches
   condBranches: 64862303 # conditional branches
  westmere-4: # Core stats
   cycles: 401710008 # Simulated unhalted cycles
   cCycles: 27120 # Cycles due to contention stalls
   instrs: 625004511 # Simulated instructions
   uops: 750419713 # Retired micro-ops
   bbls: 83820245 # Basic blocks
   approxInstrs: 6871233 # Instrs with approx uop decoding
   mispredBranches: 1800363 # Mispredicted branches
   condBranches: 64862566 # conditional branches
  westmere-5: # Core stats
   cycles: 401710001 # Simulated unhalted cycles
   cCycles: 27326 # Cycles due to contention stalls
   instrs: 625002615 # Simulated instructions
   uops: 750417297 # Retired micro-ops
   bbls: 83820007 # Basic blocks
   approxInstrs: 6871174 # Instrs with approx uop decoding
   mispredBranches: 1800344 # Mispredicted branches
   condBranches: 64862435 # conditional branches
  westmere-6: # Core stats
   cycles: 401710023 # Simulated unhalted cycles
   cCycles: 29150 # Cycles due to contention stalls
   instrs: 625000434 # Simulated instructions
   uops: 750414615 # Retired micro-ops
   bbls: 83819701 # Basic blocks
   approxInstrs: 6871089 # Instrs with approx uop decoding
   mispredBranches: 1800325 # Mispredicted branches
   condBranches: 64862261 # conditional branches
  westmere-7: # Core stats
   cycles: 401710001 # Simulated unhalted cycles
   cCycles: 29801 # Cycles due to contention stalls
   instrs: 625000800 # Simulated instructions
   uops: 750415056 # Retired micro-ops
   bbls: 83819754 # Basic blocks
   approxInstrs: 6871104 # Instrs with approx uop decoding
   mispredBranches: 1800328 # Mispredicted branches
   condBranches: 64862294 # conditional branches
 l1i: # Cache stats
  l1i-0: # Filter cache stats
   fhGETS: 112019162 # Filtered GETS hits
   fhGETX: 0 # Filtered GETX hits
   hGETS: 1226583 # GETS hits
   hGETX: 0 # GETX hits
   mGETS: 45526 # GETS misses
   mGETXIM: 0 # GETX I->M misses
   mGETXSM: 0 # GETX S->M misses (upgrade misses)
   PUTS: 0 # Clean evictions (from lower level)
   PUTX: 0 # Dirty evictions (from lower level)
   INV: 0 # Invalidates (from upper level)
   INVX: 0 # Downgrades (from upper level)
   FWD: 0 # Forwards (from upper level)
   latGETnl: 481000 # GET request latency on next level
   latGETnet: 0 # GET request latency on network to next level
  l1i-1: # Filter cache stats
   fhGETS: 112020367 # Filtered GETS hits
   fhGETX: 0 # Filtered GETX hits
   hGETS: 1226461 # GETS hits
   hGETX: 0 # GETX hits
   mGETS: 45448 # GETS misses
   mGETXIM: 0 # GETX I->M misses
   mGETXSM: 0 # GETX S->M misses (upgrade misses)
   PUTS: 0 # Clean evictions (from lower level)
   PUTX: 0 # Dirty evictions (from lower level)
   INV: 0 # Invalidates (from upper level)
   INVX: 0 # Downgrades (from upper level)
   FWD: 0 # Forwards (from upper level)
   latGETnl: 484822 # GET request latency on next level
   latGETnet: 0 # GET request latency on network to next level
  l1i-2: # Filter cache stats
   fhGETS: 112020338 # Filtered GETS hits
   fhGETX: 0 # Filtered GETX hits
   hGETS: 1226459 # GETS hits
   hGETX: 0 # GETX hits
   mGETS: 45447 # GETS misses
   mGETXIM: 0 # GETX I->M misses
   mGETXSM: 0 # GETX S->M misses (upgrade misses)
   PUTS: 0 # Clean evictions (from lower level)
   PUTX: 0 # Dirty evictions (from lower level)
   INV: 0 # Invalidates (from upper level)
   INVX: 0 # Downgrades (from upper level)
   FWD: 0 # Forwards (from upper level)
   latGETnl: 474216 # GET request latency on next level
   latGETnet: 0 # GET request latency on network to next level
  l1i-3: # Filter cache stats
   fhGETS: 112020547 # Filtered GETS hits
   fhGETX: 0 # Filtered GETX hits
   hGETS: 1226461 # GETS hits
   hGETX: 0 # GETX hits
   mGETS: 45454 # GETS misses
   mGETXIM: 0 # GETX I->M misses
   mGETXSM: 0 # GETX S->M misses (upgrade misses)
   PUTS: 0 # Clean evictions (from lower level)
   PUTX: 0 # Dirty evictions (from lower level)
   INV: 0 # Invalidates (from upper level)
   INVX: 0 # Downgrades (from upper level)
   FWD: 0 # Forwards (from upper level)
   latGETnl: 475504 # GET request latency on next level
   latGETnet: 0 # GET request latency on network to next level
  l1i-4: # Filter cache stats
   fhGETS: 112021305 # Filtered GETS hits
   fhGETX: 0 # Filtered GETX hits
   hGETS: 1226465 # GETS hits
   hGETX: 0 # GETX hits
   mGETS: 45448 # GETS misses
   mGETXIM: 0 # GETX I->M misses
   mGETXSM: 0 # GETX S->M misses (upgrade misses)
   PUTS: 0 # Clean evictions (from lower level)
   PUTX: 0 # Dirty evictions (from lower level)
   INV: 0 # Invalidates (from upper level)
   INVX: 0 # Downgrades (from upper level)
   FWD: 0 # Forwards (from upper level)
   latGETnl: 475600 # GET request latency on next level
   latGETnet: 0 # GET request latency on network to next level
  l1i-5: # Filter cache stats
   fhGETS: 112020912 # Filtered GETS hits
   fhGETX: 0 # Filtered GETX hits
   hGETS: 1226464 # GETS hits
   hGETX: 0 # GETX hits
   mGETS: 45447 # GETS misses
   mGETXIM: 0 # GETX I->M misses
   mGETXSM: 0 # GETX S->M misses (upgrade misses)
   PUTS: 0 # Clean evictions (from lower level)
   PUTX: 0 # Dirty evictions (from lower level)
   INV: 0 # Invalidates (from upper level)
   INVX: 0 # Downgrades (from upper level)
   FWD: 0 # Forwards (from upper level)
   latGETnl: 474666 # GET request latency on next level
   latGETnet: 0 # GET request latency on network to next level
  l1i-6: # Filter cache stats
   fhGETS: 112020407 # Filtered GETS hits
   fhGETX: 0 # Filtered GETX hits
   hGETS: 1226463 # GETS hits
   hGETX: 0 # GETX hits
   mGETS: 45452 # GETS misses
   mGETXIM: 0 # GETX I->M misses
   mGETXSM: 0 # GETX S->M misses (upgrade misses)
   PUTS: 0 # Clean evictions (from lower level)
   PUTX: 0 # Dirty evictions (from lower level)
   INV: 0 # Invalidates (from upper level)
   INVX: 0 # Downgrades (from upper level)
   FWD: 0 # Forwards (from upper level)
   latGETnl: 474716 # GET request latency on next level
   latGETnet: 0 # GET request latency on network to next level
  l1i-7: # Filter cache stats
   fhGETS: 112020518 # Filtered GETS hits
   fhGETX: 0 # Filtered GETX hits
   hGETS: 1226462 # GETS hits
   hGETX: 0 # GETX hits
   mGETS: 45448 # GETS misses
   mGETXIM: 0 # GETX I->M misses
   mGETXSM: 0 # GETX S->M misses (upgrade misses)
   PUTS: 0 # Clean evictions (from lower level)
   PUTX: 0 # Dirty evictions (from lower level)
   INV: 0 # Invalidates (from upper level)
   INVX: 0 # Downgrades (from upper level)
   FWD: 0 # Forwards (from upper level)
   latGETnl: 475930 # GET request latency on next level
   latGETnet: 0 # GET request latency on network to next level
 l1d: # Cache stats
  l1d-0: # Filter cache stats
   fhGETS: 161017371 # Filtered GETS hits
   fhGETX: 38009909 # Filtered GETX hits
   hGETS: 11047198 # GETS hits
   hGETX: 11693529 # GETX hits
   mGETS: 1338250 # GETS misses
   mGETXIM: 1101266 # GETX I->M misses
   mGETXSM: 15 # GETX S->M misses (upgrade misses)
   PUTS: 0 # Clean evictions (from lower level)
   PUTX: 0 # Dirty evictions (from lower level)
   INV: 43 # Invalidates (from upper level)
   INVX: 37 # Downgrades (from upper level)
   FWD: 0 # Forwards (from upper level)
   latGETnl: 24566163 # GET request latency on next level
   latGETnet: 0 # GET request latency on network to next level
  l1d-1: # Filter cache stats
   fhGETS: 157438609 # Filtered GETS hits
   fhGETX: 37690780 # Filtered GETX hits
   hGETS: 14626471 # GETS hits
   hGETX: 12014751 # GETX hits
   mGETS: 1339852 # GETS misses
   mGETXIM: 1098470 # GETX I->M misses
   mGETXSM: 3 # GETX S->M misses (upgrade misses)
   PUTS: 0 # Clean evictions (from lower level)
   PUTX: 0 # Dirty evictions (from lower level)
   INV: 11 # Invalidates (from upper level)
   INVX: 126 # Downgrades (from upper level)
   FWD: 0 # Forwards (from upper level)
   latGETnl: 24547255 # GET request latency on next level
   latGETnet: 0 # GET request latency on network to next level
  l1d-2: # Filter cache stats
   fhGETS: 160815128 # Filtered GETS hits
   fhGETX: 38009296 # Filtered GETX hits
   hGETS: 11251139 # GETS hits
   hGETX: 11688614 # GETX hits
   mGETS: 1338579 # GETS misses
   mGETXIM: 1106076 # GETX I->M misses
   mGETXSM: 6 # GETX S->M misses (upgrade misses)
   PUTS: 0 # Clean evictions (from lower level)
   PUTX: 0 # Dirty evictions (from lower level)
   INV: 8 # Invalidates (from upper level)
   INVX: 66 # Downgrades (from upper level)
   FWD: 0 # Forwards (from upper level)
   latGETnl: 24604883 # GET request latency on next level
   latGETnet: 0 # GET request latency on network to next level
  l1d-3: # Filter cache stats
   fhGETS: 160836374 # Filtered GETS hits
   fhGETX: 38008551 # Filtered GETX hits
   hGETS: 11232410 # GETS hits
   hGETX: 11690730 # GETX hits
   mGETS: 1336333 # GETS misses
   mGETXIM: 1104753 # GETX I->M misses
   mGETXSM: 6 # GETX S->M misses (upgrade misses)
   PUTS: 0 # Clean evictions (from lower level)
   PUTX: 0 # Dirty evictions (from lower level)
   INV: 10 # Invalidates (from upper level)
   INVX: 56 # Downgrades (from upper level)
   FWD: 0 # Forwards (from upper level)
   latGETnl: 24568141 # GET request latency on next level
   latGETnet: 0 # GET request latency on network to next level
  l1d-4: # Filter cache stats
   fhGETS: 160734935 # Filtered GETS hits
   fhGETX: 38014509 # Filtered GETX hits
   hGETS: 11334122 # GETS hits
   hGETX: 11677250 # GETX hits
   mGETS: 1337227 # GETS misses
   mGETXIM: 1112477 # GETX I->M misses
   mGETXSM: 5 # GETX S->M misses (upgrade misses)
   PUTS: 0 # Clean evictions (from lower level)
   PUTX: 0 # Dirty evictions (from lower level)
   INV: 8 # Invalidates (from upper level)
   INVX: 31 # Downgrades (from upper level)
   FWD: 0 # Forwards (from upper level)
   latGETnl: 24652917 # GET request latency on next level
   latGETnet: 0 # GET request latency on network to next level
  l1d-5: # Filter cache stats
   fhGETS: 159021386 # Filtered GETS hits
   fhGETX: 37999734 # Filtered GETX hits
   hGETS: 13044778 # GETS hits
   hGETX: 11696617 # GETX hits
   mGETS: 1339463 # GETS misses
   mGETXIM: 1107778 # GETX I->M misses
   mGETXSM: 6 # GETX S->M misses (upgrade misses)
   PUTS: 0 # Clean evictions (from lower level)
   PUTX: 0 # Dirty evictions (from lower level)
   INV: 8 # Invalidates (from upper level)
   INVX: 28 # Downgrades (from upper level)
   FWD: 0 # Forwards (from upper level)
   latGETnl: 24627732 # GET request latency on next level
   latGETnet: 0 # GET request latency on network to next level
  l1d-6: # Filter cache stats
   fhGETS: 156199892 # Filtered GETS hits
   fhGETX: 37773052 # Filtered GETX hits
   hGETS: 15865381 # GETS hits
   hGETX: 11930815 # GETX hits
   mGETS: 1339710 # GETS misses
   mGETXIM: 1100138 # GETX I->M misses
   mGETXSM: 6 # GETX S->M misses (upgrade misses)
   PUTS: 0 # Clean evictions (from lower level)
   PUTX: 0 # Dirty evictions (from lower level)
   INV: 5 # Invalidates (from upper level)
   INVX: 65 # Downgrades (from upper level)
   FWD: 0 # Forwards (from upper level)
   latGETnl: 24557335 # GET request latency on next level
   latGETnet: 0 # GET request latency on network to next level
  l1d-7: # Filter cache stats
   fhGETS: 160739289 # Filtered GETS hits
   fhGETX: 37998546 # Filtered GETX hits
   hGETS: 11328969 # GETS hits
   hGETX: 11698972 # GETX hits
   mGETS: 1336823 # GETS misses
   mGETXIM: 1106510 # GETX I->M misses
   mGETXSM: 6 # GETX S->M misses (upgrade misses)
   PUTS: 0 # Clean evictions (from lower level)
   PUTX: 0 # Dirty evictions (from lower level)
   INV: 7 # Invalidates (from upper level)
   INVX: 45 # Downgrades (from upper level)
   FWD: 0 # Forwards (from upper level)
   latGETnl: 24589440 # GET request latency on next level
   latGETnet: 0 # GET request latency on network to next level
 l2: # Cache stats
  l2-0: # Cache stats
   hGETS: 1382519 # GETS hits
   hGETX: 1100044 # GETX hits
   mGETS: 1257 # GETS misses
   mGETXIM: 1222 # GETX I->M misses
   mGETXSM: 15 # GETX S->M misses (upgrade misses)
   PUTS: 1193585 # Clean evictions (from lower level)
   PUTX: 1290410 # Dirty evictions (from lower level)
   INV: 43 # Invalidates (from upper level)
   INVX: 38 # Downgrades (from upper level)
   FWD: 0 # Forwards (from upper level)
   latGETnl: 196593 # GET request latency on next level
   latGETnet: 0 # GET request latency on network to next level
  l2-1: # Cache stats
   hGETS: 1384135 # GETS hits
   hGETX: 1097374 # GETX hits
   mGETS: 1165 # GETS misses
   mGETXIM: 1096 # GETX I->M misses
   mGETXSM: 3 # GETX S->M misses (upgrade misses)
   PUTS: 1194613 # Clean evictions (from lower level)
   PUTX: 1288152 # Dirty evictions (from lower level)
   INV: 11 # Invalidates (from upper level)
   INVX: 126 # Downgrades (from upper level)
   FWD: 0 # Forwards (from upper level)
   latGETnl: 194347 # GET request latency on next level
   latGETnet: 0 # GET request latency on network to next level
  l2-2: # Cache stats
   hGETS: 1382862 # GETS hits
   hGETX: 1104980 # GETX hits
   mGETS: 1164 # GETS misses
   mGETXIM: 1096 # GETX I->M misses
   mGETXSM: 6 # GETX S->M misses (upgrade misses)
   PUTS: 1192065 # Clean evictions (from lower level)
   PUTX: 1297036 # Dirty evictions (from lower level)
   INV: 8 # Invalidates (from upper level)
   INVX: 66 # Downgrades (from upper level)
   FWD: 0 # Forwards (from upper level)
   latGETnl: 178019 # GET request latency on next level
   latGETnet: 0 # GET request latency on network to next level
  l2-3: # Cache stats
   hGETS: 1380620 # GETS hits
   hGETX: 1103656 # GETX hits
   mGETS: 1167 # GETS misses
   mGETXIM: 1097 # GETX I->M misses
   mGETXSM: 6 # GETX S->M misses (upgrade misses)
   PUTS: 1191136 # Clean evictions (from lower level)
   PUTX: 1294400 # Dirty evictions (from lower level)
   INV: 10 # Invalidates (from upper level)
   INVX: 56 # Downgrades (from upper level)
   FWD: 0 # Forwards (from upper level)
   latGETnl: 178185 # GET request latency on next level
   latGETnet: 0 # GET request latency on network to next level
  l2-4: # Cache stats
   hGETS: 1381510 # GETS hits
   hGETX: 1111381 # GETX hits
   mGETS: 1165 # GETS misses
   mGETXIM: 1096 # GETX I->M misses
   mGETXSM: 5 # GETX S->M misses (upgrade misses)
   PUTS: 1191200 # Clean evictions (from lower level)
   PUTX: 1302950 # Dirty evictions (from lower level)
   INV: 8 # Invalidates (from upper level)
   INVX: 31 # Downgrades (from upper level)
   FWD: 0 # Forwards (from upper level)
   latGETnl: 176947 # GET request latency on next level
   latGETnet: 0 # GET request latency on network to next level
  l2-5: # Cache stats
   hGETS: 1383746 # GETS hits
   hGETX: 1106682 # GETX hits
   mGETS: 1164 # GETS misses
   mGETXIM: 1096 # GETX I->M misses
   mGETXSM: 6 # GETX S->M misses (upgrade misses)
   PUTS: 1193120 # Clean evictions (from lower level)
   PUTX: 1298567 # Dirty evictions (from lower level)
   INV: 8 # Invalidates (from upper level)
   INVX: 28 # Downgrades (from upper level)
   FWD: 0 # Forwards (from upper level)
   latGETnl: 175458 # GET request latency on next level
   latGETnet: 0 # GET request latency on network to next level
  l2-6: # Cache stats
   hGETS: 1384000 # GETS hits
   hGETX: 1099042 # GETX hits
   mGETS: 1162 # GETS misses
   mGETXIM: 1096 # GETX I->M misses
   mGETXSM: 6 # GETX S->M misses (upgrade misses)
   PUTS: 1192903 # Clean evictions (from lower level)
   PUTX: 1291399 # Dirty evictions (from lower level)
   INV: 5 # Invalidates (from upper level)
   INVX: 65 # Downgrades (from upper level)
   FWD: 0 # Forwards (from upper level)
   latGETnl: 178991 # GET request latency on next level
   latGETnet: 0 # GET request latency on network to next level
  l2-7: # Cache stats
   hGETS: 1381112 # GETS hits
   hGETX: 1105414 # GETX hits
   mGETS: 1159 # GETS misses
   mGETXIM: 1096 # GETX I->M misses
   mGETXSM: 6 # GETX S->M misses (upgrade misses)
   PUTS: 1191265 # Clean evictions (from lower level)
   PUTX: 1296518 # Dirty evictions (from lower level)
   INV: 7 # Invalidates (from upper level)
   INVX: 45 # Downgrades (from upper level)
   FWD: 0 # Forwards (from upper level)
   latGETnl: 177500 # GET request latency on next level
   latGETnet: 0 # GET request latency on network to next level
 l3: # Cache stats
  l3-0b0: # Cache stats
   hGETS: 867 # GETS hits
   hGETX: 5 # GETX hits
   mGETS: 296 # GETS misses
   mGETXIM: 1091 # GETX I->M misses
   mGETXSM: 0 # GETX S->M misses (upgrade misses)
   PUTS: 0 # Clean evictions (from lower level)
   PUTX: 0 # Dirty evictions (from lower level)
   INV: 0 # Invalidates (from upper level)
   INVX: 0 # Downgrades (from upper level)
   FWD: 0 # Forwards (from upper level)
   latGETnl: 124830 # GET request latency on next level
   latGETnet: 0 # GET request latency on network to next level
  l3-0b1: # Cache stats
   hGETS: 900 # GETS hits
   hGETX: 13 # GETX hits
   mGETS: 301 # GETS misses
   mGETXIM: 1092 # GETX I->M misses
   mGETXSM: 0 # GETX S->M misses (upgrade misses)
   PUTS: 1 # Clean evictions (from lower level)
   PUTX: 0 # Dirty evictions (from lower level)
   INV: 0 # Invalidates (from upper level)
   INVX: 0 # Downgrades (from upper level)
   FWD: 0 # Forwards (from upper level)
   latGETnl: 125370 # GET request latency on next level
   latGETnet: 0 # GET request latency on network to next level
  l3-0b2: # Cache stats
   hGETS: 904 # GETS hits
   hGETX: 6 # GETX hits
   mGETS: 282 # GETS misses
   mGETXIM: 1127 # GETX I->M misses
   mGETXSM: 0 # GETX S->M misses (upgrade misses)
   PUTS: 0 # Clean evictions (from lower level)
   PUTX: 0 # Dirty evictions (from lower level)
   INV: 0 # Invalidates (from upper level)
   INVX: 0 # Downgrades (from upper level)
   FWD: 0 # Forwards (from upper level)
   latGETnl: 126810 # GET request latency on next level
   latGETnet: 0 # GET request latency on network to next level
  l3-0b3: # Cache stats
   hGETS: 863 # GETS hits
   hGETX: 6 # GETX hits
   mGETS: 301 # GETS misses
   mGETXIM: 1104 # GETX I->M misses
   mGETXSM: 0 # GETX S->M misses (upgrade misses)
   PUTS: 0 # Clean evictions (from lower level)
   PUTX: 0 # Dirty evictions (from lower level)
   INV: 0 # Invalidates (from upper level)
   INVX: 0 # Downgrades (from upper level)
   FWD: 0 # Forwards (from upper level)
   latGETnl: 126450 # GET request latency on next level
   latGETnet: 0 # GET request latency on network to next level
  l3-0b4: # Cache stats
   hGETS: 850 # GETS hits
   hGETX: 8 # GETX hits
   mGETS: 279 # GETS misses
   mGETXIM: 1116 # GETX I->M misses
   mGETXSM: 0 # GETX S->M misses (upgrade misses)
   PUTS: 0 # Clean evictions (from lower level)
   PUTX: 0 # Dirty evictions (from lower level)
   INV: 0 # Invalidates (from upper level)
   INVX: 0 # Downgrades (from upper level)
   FWD: 0 # Forwards (from upper level)
   latGETnl: 125550 # GET request latency on next level
   latGETnet: 0 # GET request latency on network to next level
  l3-0b5: # Cache stats
   hGETS: 901 # GETS hits
   hGETX: 20 # GETX hits
   mGETS: 299 # GETS misses
   mGETXIM: 1104 # GETX I->M misses
   mGETXSM: 0 # GETX S->M misses (upgrade misses)
   PUTS: 0 # Clean evictions (from lower level)
   PUTX: 1 # Dirty evictions (from lower level)
   INV: 0 # Invalidates (from upper level)
   INVX: 0 # Downgrades (from upper level)
   FWD: 0 # Forwards (from upper level)
   latGETnl: 126270 # GET request latency on next level
   latGETnet: 0 # GET request latency on network to next level
  l3-0b6: # Cache stats
   hGETS: 874 # GETS hits
   hGETX: 12 # GETX hits
   mGETS: 298 # GETS misses
   mGETXIM: 1111 # GETX I->M misses
   mGETXSM: 0 # GETX S->M misses (upgrade misses)
   PUTS: 2 # Clean evictions (from lower level)
   PUTX: 0 # Dirty evictions (from lower level)
   INV: 0 # Invalidates (from upper level)
   INVX: 0 # Downgrades (from upper level)
   FWD: 0 # Forwards (from upper level)
   latGETnl: 126810 # GET request latency on next level
   latGETnet: 0 # GET request latency on network to next level
  l3-0b7: # Cache stats
   hGETS: 891 # GETS hits
   hGETX: 12 # GETX hits
   mGETS: 297 # GETS misses
   mGETXIM: 1121 # GETX I->M misses
   mGETXSM: 0 # GETX S->M misses (upgrade misses)
   PUTS: 1 # Clean evictions (from lower level)
   PUTX: 1 # Dirty evictions (from lower level)
   INV: 0 # Invalidates (from upper level)
   INVX: 0 # Downgrades (from upper level)
   FWD: 0 # Forwards (from upper level)
   latGETnl: 127620 # GET request latency on next level
   latGETnet: 0 # GET request latency on network to next level
 mem: # Memory controller stats
  mem-0: # Memory controller stats
   rd: 2839 # Read requests
   wr: 0 # Write requests
   rdlat: 624374 # Total latency experienced by read requests
   wrlat: 0 # Total latency experienced by write requests
   rdhits: 302 # Read row hits
   wrhits: 0 # Write row hits
   mlh: # latency histogram for memory requests
    0: 0
    1: 0
    2: 0
    3: 0
    4: 0
    5: 0
    6: 0
    7: 0
    8: 0
    9: 0
    10: 0
    11: 11
    12: 25
    13: 1663
    14: 224
    15: 81
    16: 67
    17: 50
    18: 43
    19: 32
    20: 32
    21: 39
    22: 35
    23: 22
    24: 21
    25: 21
    26: 12
    27: 13
    28: 9
    29: 9
    30: 11
    31: 12
    32: 9
    33: 8
    34: 4
    35: 3
    36: 7
    37: 7
    38: 6
    39: 6
    40: 11
    41: 5
    42: 7
    43: 6
    44: 6
    45: 4
    46: 1
    47: 3
    48: 1
    49: 2
    50: 3
    51: 1
    52: 2
    53: 5
    54: 8
    55: 8
    56: 2
    57: 3
    58: 7
    59: 6
    60: 3
    61: 5
    62: 9
    63: 10
    64: 10
    65: 13
    66: 15
    67: 13
    68: 10
    69: 16
    70: 12
    71: 9
    72: 4
    73: 7
    74: 4
    75: 7
    76: 6
    77: 8
    78: 9
    79: 6
    80: 13
    81: 8
    82: 5
    83: 4
    84: 7
    85: 4
    86: 5
    87: 1
    88: 4
    89: 3
    90: 3
    91: 4
    92: 4
    93: 4
    94: 5
    95: 6
    96: 1
    97: 0
    98: 0
    99: 9
  mem-1: # Memory controller stats
   rd: 2790 # Read requests
   wr: 0 # Write requests
   rdlat: 529887 # Total latency experienced by read requests
   wrlat: 0 # Total latency experienced by write requests
   rdhits: 291 # Read row hits
   wrhits: 0 # Write row hits
   mlh: # latency histogram for memory requests
    0: 0
    1: 0
    2: 0
    3: 0
    4: 0
    5: 0
    6: 0
    7: 0
    8: 0
    9: 0
    10: 0
    11: 13
    12: 25
    13: 1716
    14: 235
    15: 70
    16: 74
    17: 52
    18: 39
    19: 28
    20: 30
    21: 36
    22: 22
    23: 17
    24: 21
    25: 17
    26: 16
    27: 18
    28: 20
    29: 17
    30: 18
    31: 17
    32: 10
    33: 8
    34: 11
    35: 4
    36: 7
    37: 10
    38: 8
    39: 12
    40: 4
    41: 5
    42: 3
    43: 5
    44: 4
    45: 3
    46: 5
    47: 9
    48: 9
    49: 4
    50: 10
    51: 6
    52: 2
    53: 7
    54: 6
    55: 7
    56: 8
    57: 10
    58: 6
    59: 6
    60: 9
    61: 3
    62: 6
    63: 7
    64: 8
    65: 1
    66: 3
    67: 7
    68: 1
    69: 6
    70: 6
    71: 2
    72: 1
    73: 4
    74: 1
    75: 1
    76: 4
    77: 2
    78: 1
    79: 5
    80: 2
    81: 2
    82: 3
    83: 1
    84: 1
    85: 0
    86: 4
    87: 4
    88: 2
    89: 0
    90: 1
    91: 2
    92: 0
    93: 0
    94: 0
    95: 0
    96: 0
    97: 0
    98: 0
    99: 0
  mem-2: # Memory controller stats
   rd: 2796 # Read requests
   wr: 0 # Write requests
   rdlat: 588003 # Total latency experienced by read requests
   wrlat: 0 # Total latency experienced by write requests
   rdhits: 316 # Read row hits
   wrhits: 0 # Write row hits
   mlh: # latency histogram for memory requests
    0: 0
    1: 0
    2: 0
    3: 0
    4: 0
    5: 0
    6: 0
    7: 0
    8: 0
    9: 0
    10: 0
    11: 13
    12: 22
    13: 1646
    14: 239
    15: 77
    16: 69
    17: 34
    18: 32
    19: 35
    20: 45
    21: 26
    22: 24
    23: 22
    24: 22
    25: 24
    26: 17
    27: 17
    28: 16
    29: 11
    30: 13
    31: 10
    32: 9
    33: 3
    34: 8
    35: 8
    36: 6
    37: 12
    38: 6
    39: 5
    40: 8
    41: 6
    42: 5
    43: 6
    44: 5
    45: 4
    46: 3
    47: 4
    48: 5
    49: 2
    50: 5
    51: 7
    52: 2
    53: 3
    54: 6
    55: 3
    56: 6
    57: 6
    58: 6
    59: 7
    60: 10
    61: 12
    62: 14
    63: 12
    64: 10
    65: 12
    66: 15
    67: 12
    68: 11
    69: 10
    70: 14
    71: 8
    72: 6
    73: 9
    74: 6
    75: 8
    76: 10
    77: 4
    78: 3
    79: 9
    80: 4
    81: 4
    82: 8
    83: 4
    84: 4
    85: 1
    86: 2
    87: 1
    88: 1
    89: 0
    90: 0
    91: 0
    92: 1
    93: 0
    94: 0
    95: 0
    96: 0
    97: 0
    98: 0
    99: 1
  mem-3: # Memory controller stats
   rd: 2794 # Read requests
   wr: 0 # Write requests
   rdlat: 512950 # Total latency experienced by read requests
   wrlat: 0 # Total latency experienced by write requests
   rdhits: 282 # Read row hits
   wrhits: 0 # Write row hits
   mlh: # latency histogram for memory requests
    0: 0
    1: 0
    2: 0
    3: 0
    4: 0
    5: 0
    6: 0
    7: 0
    8: 0
    9: 0
    10: 0
    11: 11
    12: 32
    13: 1721
    14: 247
    15: 82
    16: 77
    17: 45
    18: 60
    19: 39
    20: 36
    21: 35
    22: 24
    23: 13
    24: 25
    25: 11
    26: 18
    27: 10
    28: 13
    29: 9
    30: 11
    31: 8
    32: 13
    33: 13
    34: 9
    35: 7
    36: 6
    37: 7
    38: 8
    39: 6
    40: 9
    41: 6
    42: 6
    43: 7
    44: 6
    45: 5
    46: 7
    47: 7
    48: 8
    49: 8
    50: 8
    51: 1
    52: 6
    53: 2
    54: 3
    55: 4
    56: 6
    57: 6
    58: 4
    59: 6
    60: 7
    61: 9
    62: 4
    63: 3
    64: 0
    65: 3
    66: 1
    67: 3
    68: 4
    69: 1
    70: 5
    71: 2
    72: 3
    73: 3
    74: 1
    75: 4
    76: 1
    77: 3
    78: 4
    79: 2
    80: 1
    81: 1
    82: 4
    83: 3
    84: 3
    85: 1
    86: 1
    87: 1
    88: 0
    89: 1
    90: 0
    91: 0
    92: 0
    93: 0
    94: 0
    95: 2
    96: 0
    97: 0
    98: 0
    99: 2
 sched: # Scheduler stats
  thCr: 9 # Threads created
  thFn: 0 # Threads finished
  schedEvs: 9 # Schedule events
  waitEvs: 1 # Wait events
  handoffEvs: 0 # Handoff events
  sleepEvs: 0 # Sleep events
  idlePhases: 0 # Phases with no thread active
  idlePeriods: 0 # Periods with no thread active
  occHist: # Occupancy histogram
   0: 0
   1: 0
   2: 1
   3: 0
   4: 0
   5: 0
   6: 0
   7: 0
   8: 40171
  rqSzHist: # Run queue size histogram
   0: 40171
   1: 1
   2: 0
   3: 0
   4: 0
   5: 0
   6: 0
   7: 0
   8: 0
   9: 0
   10: 0
   11: 0
   12: 0
   13: 0
   14: 0
   15: 0
   16: 0
 procCycles: # Per-process unhalted core cycles
  0: 3213700078
  1: 0
  2: 0
  3: 0
  4: 0
  5: 0
  6: 0
  7: 0
  8: 0
  9: 0
  10: 0
  11: 0
  12: 0
  13: 0
  14: 0
  15: 0
  16: 0
  17: 0
  18: 0
  19: 0
  20: 0
  21: 0
  22: 0
  23: 0
  24: 0
  25: 0
  26: 0
  27: 0
  28: 0
  29: 0
  30: 0
  31: 0
  32: 0
  33: 0
  34: 0
  35: 0
  36: 0
  37: 0
  38: 0
  39: 0
  40: 0
  41: 0
  42: 0
  43: 0
  44: 0
  45: 0
  46: 0
  47: 0
  48: 0
  49: 0
  50: 0
  51: 0
  52: 0
  53: 0
  54: 0
  55: 0
  56: 0
  57: 0
  58: 0
  59: 0
  60: 0
  61: 0
  62: 0
  63: 0
 procInstrs: # Per-process instructions
  0: 5000005313
  1: 0
  2: 0
  3: 0
  4: 0
  5: 0
  6: 0
  7: 0
  8: 0
  9: 0
  10: 0
  11: 0
  12: 0
  13: 0
  14: 0
  15: 0
  16: 0
  17: 0
  18: 0
  19: 0
  20: 0
  21: 0
  22: 0
  23: 0
  24: 0
  25: 0
  26: 0
  27: 0
  28: 0
  29: 0
  30: 0
  31: 0
  32: 0
  33: 0
  34: 0
  35: 0
  36: 0
  37: 0
  38: 0
  39: 0
  40: 0
  41: 0
  42: 0
  43: 0
  44: 0
  45: 0
  46: 0
  47: 0
  48: 0
  49: 0
  50: 0
  51: 0
  52: 0
  53: 0
  54: 0
  55: 0
  56: 0
  57: 0
  58: 0
  59: 0
  60: 0
  61: 0
  62: 0
  63: 0
 heartbeats: # Per-process heartbeats
  0: 0
  1: 0
  2: 0
  3: 0
  4: 0
  5: 0
  6: 0
  7: 0
  8: 0
  9: 0
  10: 0
  11: 0
  12: 0
  13: 0
  14: 0
  15: 0
  16: 0
  17: 0
  18: 0
  19: 0
  20: 0
  21: 0
  22: 0
  23: 0
  24: 0
  25: 0
  26: 0
  27: 0
  28: 0
  29: 0
  30: 0
  31: 0
  32: 0
  33: 0
  34: 0
  35: 0
  36: 0
  37: 0
  38: 0
  39: 0
  40: 0
  41: 0
  42: 0
  43: 0
  44: 0
  45: 0
  46: 0
  47: 0
  48: 0
  49: 0
  50: 0
  51: 0
  52: 0
  53: 0
  54: 0
  55: 0
  56: 0
  57: 0
  58: 0
  59: 0
  60: 0
  61: 0
  62: 0
  63: 0
===
