# zsim stats
===
root: # Stats
 contention: # Contention simulation stats
  domain-0: # Domain stats
   time: 2540134545 # Weave simulation time
 time: # Simulator time breakdown
  init: 211964402029
  bound: 11027024514
  weave: 4728592431
  ff: 0
 trigger: 20000 # Reason for this stats dump
 phase: 62966 # Simulated phases
 westmere: # Core stats
  westmere-0: # Core stats
   cycles: 629662658 # Simulated unhalted cycles
   cCycles: 141934146 # Cycles due to contention stalls
   instrs: 100000482 # Simulated instructions
   uops: 101926016 # Retired micro-ops
   bbls: 27656468 # Basic blocks
   approxInstrs: 22458 # Instrs with approx uop decoding
   mispredBranches: 1592051 # Mispredicted branches
   condBranches: 25804599 # conditional branches
 l1i: # Cache stats
  l1i-0: # Filter cache stats
   fhGETS: 35455211 # Filtered GETS hits
   fhGETX: 0 # Filtered GETX hits
   hGETS: 0 # GETS hits
   hGETX: 0 # GETX hits
   mGETS: 6994 # GETS misses
   mGETXIM: 0 # GETX I->M misses
   mGETXSM: 0 # GETX S->M misses (upgrade misses)
   PUTS: 0 # Clean evictions (from lower level)
   PUTX: 0 # Dirty evictions (from lower level)
   INV: 6959 # Invalidates (from upper level)
   INVX: 0 # Downgrades (from upper level)
   FWD: 0 # Forwards (from upper level)
   latGETnl: 867256 # GET request latency on next level
   latGETnet: 0 # GET request latency on network to next level
 l1d: # Cache stats
  l1d-0: # Filter cache stats
   fhGETS: 22259058 # Filtered GETS hits
   fhGETX: 2275661 # Filtered GETX hits
   hGETS: 1853322 # GETS hits
   hGETX: 3256370 # GETX hits
   mGETS: 12462403 # GETS misses
   mGETXIM: 259492 # GETX I->M misses
   mGETXSM: 0 # GETX S->M misses (upgrade misses)
   PUTS: 0 # Clean evictions (from lower level)
   PUTX: 0 # Dirty evictions (from lower level)
   INV: 1342 # Invalidates (from upper level)
   INVX: 0 # Downgrades (from upper level)
   FWD: 0 # Forwards (from upper level)
   latGETnl: 1062602816 # GET request latency on next level
   latGETnet: 0 # GET request latency on network to next level
 l2: # Cache stats
  l2-0: # Cache stats
   hGETS: 2425659 # GETS hits
   hGETX: 85927 # GETX hits
   mGETS: 10043738 # GETS misses
   mGETXIM: 173565 # GETX I->M misses
   mGETXSM: 0 # GETX S->M misses (upgrade misses)
   PUTS: 9463088 # Clean evictions (from lower level)
   PUTX: 3256953 # Dirty evictions (from lower level)
   INV: 10492 # Invalidates (from upper level)
   INVX: 0 # Downgrades (from upper level)
   FWD: 0 # Forwards (from upper level)
   latGETnl: 936181182 # GET request latency on next level
   latGETnet: 0 # GET request latency on network to next level
 l3: # Cache stats
  l3-0: # Cache stats
   hGETS: 2480429 # GETS hits
   hGETX: 59475 # GETX hits
   mGETS: 7563309 # GETS misses
   mGETXIM: 114090 # GETX I->M misses
   mGETXSM: 0 # GETX S->M misses (upgrade misses)
   PUTS: 7436151 # Clean evictions (from lower level)
   PUTX: 2766565 # Dirty evictions (from lower level)
   INV: 0 # Invalidates (from upper level)
   INVX: 0 # Downgrades (from upper level)
   FWD: 0 # Forwards (from upper level)
   latGETnl: 690965910 # GET request latency on next level
   latGETnet: 0 # GET request latency on network to next level
 mem: # Memory controller stats
  mem-0: # Memory controller stats
   rd: 1918109 # Read requests
   wr: 618589 # Write requests
   rdlat: 261120320 # Total latency experienced by read requests
   wrlat: 89916490 # Total latency experienced by write requests
   rdhits: 1727 # Read row hits
   wrhits: 2018 # Write row hits
   mlh: # latency histogram for memory requests
    0: 0
    1: 0
    2: 0
    3: 0
    4: 0
    5: 0
    6: 0
    7: 0
    8: 0
    9: 0
    10: 0
    11: 212
    12: 309
    13: 1691036
    14: 132164
    15: 48227
    16: 13879
    17: 2609
    18: 875
    19: 904
    20: 1103
    21: 1221
    22: 858
    23: 1204
    24: 2745
    25: 1812
    26: 527
    27: 613
    28: 670
    29: 690
    30: 1020
    31: 1337
    32: 1157
    33: 1190
    34: 1197
    35: 1243
    36: 1304
    37: 1202
    38: 1084
    39: 1095
    40: 1083
    41: 1068
    42: 1020
    43: 462
    44: 233
    45: 169
    46: 139
    47: 228
    48: 139
    49: 44
    50: 15
    51: 7
    52: 2
    53: 8
    54: 2
    55: 2
    56: 1
    57: 0
    58: 0
    59: 0
    60: 0
    61: 0
    62: 0
    63: 0
    64: 0
    65: 0
    66: 0
    67: 0
    68: 0
    69: 0
    70: 0
    71: 0
    72: 0
    73: 0
    74: 0
    75: 0
    76: 0
    77: 0
    78: 0
    79: 0
    80: 0
    81: 0
    82: 0
    83: 0
    84: 0
    85: 0
    86: 0
    87: 0
    88: 0
    89: 0
    90: 0
    91: 0
    92: 0
    93: 0
    94: 0
    95: 0
    96: 0
    97: 0
    98: 0
    99: 0
  mem-1: # Memory controller stats
   rd: 1915608 # Read requests
   wr: 617775 # Write requests
   rdlat: 260831936 # Total latency experienced by read requests
   wrlat: 89939540 # Total latency experienced by write requests
   rdhits: 1772 # Read row hits
   wrhits: 1904 # Write row hits
   mlh: # latency histogram for memory requests
    0: 0
    1: 0
    2: 0
    3: 0
    4: 0
    5: 0
    6: 0
    7: 0
    8: 0
    9: 0
    10: 0
    11: 229
    12: 390
    13: 1688666
    14: 131811
    15: 48365
    16: 13885
    17: 2419
    18: 912
    19: 902
    20: 1197
    21: 1237
    22: 852
    23: 1198
    24: 2448
    25: 2006
    26: 530
    27: 623
    28: 636
    29: 744
    30: 1009
    31: 1313
    32: 1125
    33: 1157
    34: 1182
    35: 1283
    36: 1247
    37: 1186
    38: 1073
    39: 1111
    40: 1151
    41: 1111
    42: 1087
    43: 537
    44: 224
    45: 177
    46: 127
    47: 218
    48: 146
    49: 46
    50: 22
    51: 6
    52: 5
    53: 6
    54: 6
    55: 2
    56: 0
    57: 1
    58: 0
    59: 0
    60: 0
    61: 0
    62: 0
    63: 0
    64: 0
    65: 0
    66: 0
    67: 0
    68: 0
    69: 0
    70: 0
    71: 0
    72: 0
    73: 0
    74: 0
    75: 0
    76: 0
    77: 0
    78: 0
    79: 0
    80: 0
    81: 0
    82: 0
    83: 0
    84: 0
    85: 0
    86: 0
    87: 0
    88: 0
    89: 0
    90: 0
    91: 0
    92: 0
    93: 0
    94: 0
    95: 0
    96: 0
    97: 0
    98: 0
    99: 0
  mem-2: # Memory controller stats
   rd: 1934342 # Read requests
   wr: 617176 # Write requests
   rdlat: 263504111 # Total latency experienced by read requests
   wrlat: 90019174 # Total latency experienced by write requests
   rdhits: 1881 # Read row hits
   wrhits: 2026 # Write row hits
   mlh: # latency histogram for memory requests
    0: 0
    1: 0
    2: 0
    3: 0
    4: 0
    5: 0
    6: 0
    7: 0
    8: 0
    9: 0
    10: 0
    11: 217
    12: 517
    13: 1700238
    14: 138211
    15: 48806
    16: 12900
    17: 2187
    18: 928
    19: 984
    20: 1179
    21: 1498
    22: 858
    23: 1225
    24: 3040
    25: 2119
    26: 525
    27: 628
    28: 662
    29: 697
    30: 1107
    31: 1340
    32: 1149
    33: 1191
    34: 1230
    35: 1385
    36: 1359
    37: 1210
    38: 1177
    39: 1135
    40: 1095
    41: 1022
    42: 1029
    43: 504
    44: 249
    45: 180
    46: 130
    47: 212
    48: 136
    49: 44
    50: 11
    51: 6
    52: 9
    53: 8
    54: 4
    55: 1
    56: 0
    57: 0
    58: 0
    59: 0
    60: 0
    61: 0
    62: 0
    63: 0
    64: 0
    65: 0
    66: 0
    67: 0
    68: 0
    69: 0
    70: 0
    71: 0
    72: 0
    73: 0
    74: 0
    75: 0
    76: 0
    77: 0
    78: 0
    79: 0
    80: 0
    81: 0
    82: 0
    83: 0
    84: 0
    85: 0
    86: 0
    87: 0
    88: 0
    89: 0
    90: 0
    91: 0
    92: 0
    93: 0
    94: 0
    95: 0
    96: 0
    97: 0
    98: 0
    99: 0
  mem-3: # Memory controller stats
   rd: 1909282 # Read requests
   wr: 616394 # Write requests
   rdlat: 259962698 # Total latency experienced by read requests
   wrlat: 89678586 # Total latency experienced by write requests
   rdhits: 1946 # Read row hits
   wrhits: 2007 # Write row hits
   mlh: # latency histogram for memory requests
    0: 0
    1: 0
    2: 0
    3: 0
    4: 0
    5: 0
    6: 0
    7: 0
    8: 0
    9: 0
    10: 0
    11: 251
    12: 374
    13: 1682506
    14: 131237
    15: 48181
    16: 14392
    17: 2333
    18: 926
    19: 885
    20: 1260
    21: 1264
    22: 944
    23: 1135
    24: 3067
    25: 1830
    26: 466
    27: 626
    28: 609
    29: 711
    30: 1003
    31: 1285
    32: 1099
    33: 1145
    34: 1236
    35: 1271
    36: 1298
    37: 1151
    38: 1096
    39: 1066
    40: 1106
    41: 1070
    42: 978
    43: 498
    44: 217
    45: 178
    46: 126
    47: 231
    48: 154
    49: 41
    50: 13
    51: 6
    52: 9
    53: 4
    54: 2
    55: 2
    56: 0
    57: 0
    58: 0
    59: 0
    60: 0
    61: 0
    62: 0
    63: 0
    64: 0
    65: 0
    66: 0
    67: 0
    68: 0
    69: 0
    70: 0
    71: 0
    72: 0
    73: 0
    74: 0
    75: 0
    76: 0
    77: 0
    78: 0
    79: 0
    80: 0
    81: 0
    82: 0
    83: 0
    84: 0
    85: 0
    86: 0
    87: 0
    88: 0
    89: 0
    90: 0
    91: 0
    92: 0
    93: 0
    94: 0
    95: 0
    96: 0
    97: 0
    98: 0
    99: 0
 sched: # Scheduler stats
  thCr: 1 # Threads created
  thFn: 1 # Threads finished
  schedEvs: 1 # Schedule events
  waitEvs: 0 # Wait events
  handoffEvs: 0 # Handoff events
  sleepEvs: 0 # Sleep events
  idlePhases: 0 # Phases with no thread active
  idlePeriods: 0 # Periods with no thread active
  occHist: # Occupancy histogram
   0: 0
   1: 62966
  rqSzHist: # Run queue size histogram
   0: 62966
   1: 0
   2: 0
   3: 0
   4: 0
   5: 0
   6: 0
   7: 0
   8: 0
   9: 0
   10: 0
   11: 0
   12: 0
   13: 0
   14: 0
   15: 0
   16: 0
 procCycles: # Per-process unhalted core cycles
  0: 629662658
  1: 0
  2: 0
  3: 0
  4: 0
  5: 0
  6: 0
  7: 0
  8: 0
  9: 0
  10: 0
  11: 0
  12: 0
  13: 0
  14: 0
  15: 0
  16: 0
  17: 0
  18: 0
  19: 0
  20: 0
  21: 0
  22: 0
  23: 0
  24: 0
  25: 0
  26: 0
  27: 0
  28: 0
  29: 0
  30: 0
  31: 0
  32: 0
  33: 0
  34: 0
  35: 0
  36: 0
  37: 0
  38: 0
  39: 0
  40: 0
  41: 0
  42: 0
  43: 0
  44: 0
  45: 0
  46: 0
  47: 0
  48: 0
  49: 0
  50: 0
  51: 0
  52: 0
  53: 0
  54: 0
  55: 0
  56: 0
  57: 0
  58: 0
  59: 0
  60: 0
  61: 0
  62: 0
  63: 0
 procInstrs: # Per-process instructions
  0: 100000482
  1: 0
  2: 0
  3: 0
  4: 0
  5: 0
  6: 0
  7: 0
  8: 0
  9: 0
  10: 0
  11: 0
  12: 0
  13: 0
  14: 0
  15: 0
  16: 0
  17: 0
  18: 0
  19: 0
  20: 0
  21: 0
  22: 0
  23: 0
  24: 0
  25: 0
  26: 0
  27: 0
  28: 0
  29: 0
  30: 0
  31: 0
  32: 0
  33: 0
  34: 0
  35: 0
  36: 0
  37: 0
  38: 0
  39: 0
  40: 0
  41: 0
  42: 0
  43: 0
  44: 0
  45: 0
  46: 0
  47: 0
  48: 0
  49: 0
  50: 0
  51: 0
  52: 0
  53: 0
  54: 0
  55: 0
  56: 0
  57: 0
  58: 0
  59: 0
  60: 0
  61: 0
  62: 0
  63: 0
 heartbeats: # Per-process heartbeats
  0: 0
  1: 0
  2: 0
  3: 0
  4: 0
  5: 0
  6: 0
  7: 0
  8: 0
  9: 0
  10: 0
  11: 0
  12: 0
  13: 0
  14: 0
  15: 0
  16: 0
  17: 0
  18: 0
  19: 0
  20: 0
  21: 0
  22: 0
  23: 0
  24: 0
  25: 0
  26: 0
  27: 0
  28: 0
  29: 0
  30: 0
  31: 0
  32: 0
  33: 0
  34: 0
  35: 0
  36: 0
  37: 0
  38: 0
  39: 0
  40: 0
  41: 0
  42: 0
  43: 0
  44: 0
  45: 0
  46: 0
  47: 0
  48: 0
  49: 0
  50: 0
  51: 0
  52: 0
  53: 0
  54: 0
  55: 0
  56: 0
  57: 0
  58: 0
  59: 0
  60: 0
  61: 0
  62: 0
  63: 0
===
