# zsim stats
===
root: # Stats
 contention: # Contention simulation stats
  domain-0: # Domain stats
   time: 154840300 # Weave simulation time
 time: # Simulator time breakdown
  init: 3824667990
  bound: 100110223151
  weave: 2398918144
  ff: 9957616
 trigger: 20000 # Reason for this stats dump
 phase: 39775 # Simulated phases
 westmere: # Core stats
  westmere-0: # Core stats
   cycles: 397740297 # Simulated unhalted cycles
   cCycles: 86080 # Cycles due to contention stalls
   instrs: 507838642 # Simulated instructions
   uops: 621931310 # Retired micro-ops
   bbls: 48855707 # Basic blocks
   approxInstrs: 6665768 # Instrs with approx uop decoding
   mispredBranches: 242358 # Mispredicted branches
   condBranches: 30583398 # conditional branches
  westmere-1: # Core stats
   cycles: 397567507 # Simulated unhalted cycles
   cCycles: 85432 # Cycles due to contention stalls
   instrs: 507826013 # Simulated instructions
   uops: 621914800 # Retired micro-ops
   bbls: 48856747 # Basic blocks
   approxInstrs: 6666304 # Instrs with approx uop decoding
   mispredBranches: 242322 # Mispredicted branches
   condBranches: 30582723 # conditional branches
  westmere-2: # Core stats
   cycles: 397557218 # Simulated unhalted cycles
   cCycles: 84553 # Cycles due to contention stalls
   instrs: 507838513 # Simulated instructions
   uops: 621931700 # Retired micro-ops
   bbls: 48854447 # Basic blocks
   approxInstrs: 6666504 # Instrs with approx uop decoding
   mispredBranches: 242499 # Mispredicted branches
   condBranches: 30582523 # conditional branches
  westmere-3: # Core stats
   cycles: 397598533 # Simulated unhalted cycles
   cCycles: 84240 # Cycles due to contention stalls
   instrs: 507819013 # Simulated instructions
   uops: 621906700 # Retired micro-ops
   bbls: 48856447 # Basic blocks
   approxInstrs: 6665804 # Instrs with approx uop decoding
   mispredBranches: 244689 # Mispredicted branches
   condBranches: 30582823 # conditional branches
  westmere-4: # Core stats
   cycles: 397597828 # Simulated unhalted cycles
   cCycles: 85012 # Cycles due to contention stalls
   instrs: 507858713 # Simulated instructions
   uops: 621955800 # Retired micro-ops
   bbls: 48856747 # Basic blocks
   approxInstrs: 6668804 # Instrs with approx uop decoding
   mispredBranches: 242392 # Mispredicted branches
   condBranches: 30582323 # conditional branches
  westmere-5: # Core stats
   cycles: 397585766 # Simulated unhalted cycles
   cCycles: 80289 # Cycles due to contention stalls
   instrs: 507846413 # Simulated instructions
   uops: 621940300 # Retired micro-ops
   bbls: 48859247 # Basic blocks
   approxInstrs: 6669604 # Instrs with approx uop decoding
   mispredBranches: 243301 # Mispredicted branches
   condBranches: 30582723 # conditional branches
  westmere-6: # Core stats
   cycles: 397608976 # Simulated unhalted cycles
   cCycles: 83475 # Cycles due to contention stalls
   instrs: 507837413 # Simulated instructions
   uops: 621928900 # Retired micro-ops
   bbls: 48855047 # Basic blocks
   approxInstrs: 6666004 # Instrs with approx uop decoding
   mispredBranches: 244958 # Mispredicted branches
   condBranches: 30582423 # conditional branches
  westmere-7: # Core stats
   cycles: 397564634 # Simulated unhalted cycles
   cCycles: 85309 # Cycles due to contention stalls
   instrs: 507835248 # Simulated instructions
   uops: 621928232 # Retired micro-ops
   bbls: 48857798 # Basic blocks
   approxInstrs: 6667524 # Instrs with approx uop decoding
   mispredBranches: 242674 # Mispredicted branches
   condBranches: 30583626 # conditional branches
 l1i: # Cache stats
  l1i-0: # Filter cache stats
   fhGETS: 54378946 # Filtered GETS hits
   fhGETX: 0 # Filtered GETX hits
   hGETS: 15624242 # GETS hits
   hGETX: 0 # GETX hits
   mGETS: 197 # GETS misses
   mGETXIM: 0 # GETX I->M misses
   mGETXSM: 0 # GETX S->M misses (upgrade misses)
   PUTS: 0 # Clean evictions (from lower level)
   PUTX: 0 # Dirty evictions (from lower level)
   INV: 3 # Invalidates (from upper level)
   INVX: 0 # Downgrades (from upper level)
   FWD: 0 # Forwards (from upper level)
   latGETnl: 16868 # GET request latency on next level
   latGETnet: 0 # GET request latency on network to next level
  l1i-1: # Filter cache stats
   fhGETS: 54385411 # Filtered GETS hits
   fhGETX: 0 # Filtered GETX hits
   hGETS: 15618608 # GETS hits
   hGETX: 0 # GETX hits
   mGETS: 85 # GETS misses
   mGETXIM: 0 # GETX I->M misses
   mGETXSM: 0 # GETX S->M misses (upgrade misses)
   PUTS: 0 # Clean evictions (from lower level)
   PUTX: 0 # Dirty evictions (from lower level)
   INV: 1 # Invalidates (from upper level)
   INVX: 0 # Downgrades (from upper level)
   FWD: 0 # Forwards (from upper level)
   latGETnl: 8920 # GET request latency on next level
   latGETnet: 0 # GET request latency on network to next level
  l1i-2: # Filter cache stats
   fhGETS: 54370557 # Filtered GETS hits
   fhGETX: 0 # Filtered GETX hits
   hGETS: 15632353 # GETS hits
   hGETX: 0 # GETX hits
   mGETS: 89 # GETS misses
   mGETXIM: 0 # GETX I->M misses
   mGETXSM: 0 # GETX S->M misses (upgrade misses)
   PUTS: 0 # Clean evictions (from lower level)
   PUTX: 0 # Dirty evictions (from lower level)
   INV: 1 # Invalidates (from upper level)
   INVX: 0 # Downgrades (from upper level)
   FWD: 0 # Forwards (from upper level)
   latGETnl: 3476 # GET request latency on next level
   latGETnet: 0 # GET request latency on network to next level
  l1i-3: # Filter cache stats
   fhGETS: 54387779 # Filtered GETS hits
   fhGETX: 0 # Filtered GETX hits
   hGETS: 15627583 # GETS hits
   hGETX: 0 # GETX hits
   mGETS: 88 # GETS misses
   mGETXIM: 0 # GETX I->M misses
   mGETXSM: 0 # GETX S->M misses (upgrade misses)
   PUTS: 0 # Clean evictions (from lower level)
   PUTX: 0 # Dirty evictions (from lower level)
   INV: 1 # Invalidates (from upper level)
   INVX: 0 # Downgrades (from upper level)
   FWD: 0 # Forwards (from upper level)
   latGETnl: 2992 # GET request latency on next level
   latGETnet: 0 # GET request latency on network to next level
  l1i-4: # Filter cache stats
   fhGETS: 54375496 # Filtered GETS hits
   fhGETX: 0 # Filtered GETX hits
   hGETS: 15629576 # GETS hits
   hGETX: 0 # GETX hits
   mGETS: 88 # GETS misses
   mGETXIM: 0 # GETX I->M misses
   mGETXSM: 0 # GETX S->M misses (upgrade misses)
   PUTS: 0 # Clean evictions (from lower level)
   PUTX: 0 # Dirty evictions (from lower level)
   INV: 2 # Invalidates (from upper level)
   INVX: 0 # Downgrades (from upper level)
   FWD: 0 # Forwards (from upper level)
   latGETnl: 2992 # GET request latency on next level
   latGETnet: 0 # GET request latency on network to next level
  l1i-5: # Filter cache stats
   fhGETS: 54385494 # Filtered GETS hits
   fhGETX: 0 # Filtered GETX hits
   hGETS: 15625721 # GETS hits
   hGETX: 0 # GETX hits
   mGETS: 86 # GETS misses
   mGETXIM: 0 # GETX I->M misses
   mGETXSM: 0 # GETX S->M misses (upgrade misses)
   PUTS: 0 # Clean evictions (from lower level)
   PUTX: 0 # Dirty evictions (from lower level)
   INV: 3 # Invalidates (from upper level)
   INVX: 0 # Downgrades (from upper level)
   FWD: 0 # Forwards (from upper level)
   latGETnl: 2924 # GET request latency on next level
   latGETnet: 0 # GET request latency on network to next level
  l1i-6: # Filter cache stats
   fhGETS: 54384882 # Filtered GETS hits
   fhGETX: 0 # Filtered GETX hits
   hGETS: 15631227 # GETS hits
   hGETX: 0 # GETX hits
   mGETS: 88 # GETS misses
   mGETXIM: 0 # GETX I->M misses
   mGETXSM: 0 # GETX S->M misses (upgrade misses)
   PUTS: 0 # Clean evictions (from lower level)
   PUTX: 0 # Dirty evictions (from lower level)
   INV: 1 # Invalidates (from upper level)
   INVX: 0 # Downgrades (from upper level)
   FWD: 0 # Forwards (from upper level)
   latGETnl: 2992 # GET request latency on next level
   latGETnet: 0 # GET request latency on network to next level
  l1i-7: # Filter cache stats
   fhGETS: 54376946 # Filtered GETS hits
   fhGETX: 0 # Filtered GETX hits
   hGETS: 15629285 # GETS hits
   hGETX: 0 # GETX hits
   mGETS: 240 # GETS misses
   mGETXIM: 0 # GETX I->M misses
   mGETXSM: 0 # GETX S->M misses (upgrade misses)
   PUTS: 0 # Clean evictions (from lower level)
   PUTX: 0 # Dirty evictions (from lower level)
   INV: 1 # Invalidates (from upper level)
   INVX: 0 # Downgrades (from upper level)
   FWD: 0 # Forwards (from upper level)
   latGETnl: 20490 # GET request latency on next level
   latGETnet: 0 # GET request latency on network to next level
 l1d: # Cache stats
  l1d-0: # Filter cache stats
   fhGETS: 96463068 # Filtered GETS hits
   fhGETX: 39154316 # Filtered GETX hits
   hGETS: 9704210 # GETS hits
   hGETX: 1995914 # GETX hits
   mGETS: 452907 # GETS misses
   mGETXIM: 51433 # GETX I->M misses
   mGETXSM: 11 # GETX S->M misses (upgrade misses)
   PUTS: 0 # Clean evictions (from lower level)
   PUTX: 0 # Dirty evictions (from lower level)
   INV: 36 # Invalidates (from upper level)
   INVX: 41 # Downgrades (from upper level)
   FWD: 0 # Forwards (from upper level)
   latGETnl: 7377512 # GET request latency on next level
   latGETnet: 0 # GET request latency on network to next level
  l1d-1: # Filter cache stats
   fhGETS: 96454888 # Filtered GETS hits
   fhGETX: 39148932 # Filtered GETX hits
   hGETS: 9700894 # GETS hits
   hGETX: 1999996 # GETX hits
   mGETS: 461979 # GETS misses
   mGETXIM: 51318 # GETX I->M misses
   mGETXSM: 2 # GETX S->M misses (upgrade misses)
   PUTS: 0 # Clean evictions (from lower level)
   PUTX: 0 # Dirty evictions (from lower level)
   INV: 110 # Invalidates (from upper level)
   INVX: 83 # Downgrades (from upper level)
   FWD: 0 # Forwards (from upper level)
   latGETnl: 6577708 # GET request latency on next level
   latGETnet: 0 # GET request latency on network to next level
  l1d-2: # Filter cache stats
   fhGETS: 96442608 # Filtered GETS hits
   fhGETX: 39157032 # Filtered GETX hits
   hGETS: 9727072 # GETS hits
   hGETX: 1992579 # GETX hits
   mGETS: 450081 # GETS misses
   mGETXIM: 51335 # GETX I->M misses
   mGETXSM: 2 # GETX S->M misses (upgrade misses)
   PUTS: 0 # Clean evictions (from lower level)
   PUTX: 0 # Dirty evictions (from lower level)
   INV: 131 # Invalidates (from upper level)
   INVX: 40 # Downgrades (from upper level)
   FWD: 0 # Forwards (from upper level)
   latGETnl: 6461586 # GET request latency on next level
   latGETnet: 0 # GET request latency on network to next level
  l1d-3: # Filter cache stats
   fhGETS: 96457110 # Filtered GETS hits
   fhGETX: 39154132 # Filtered GETX hits
   hGETS: 9703872 # GETS hits
   hGETX: 1994878 # GETX hits
   mGETS: 455379 # GETS misses
   mGETXIM: 51336 # GETX I->M misses
   mGETXSM: 2 # GETX S->M misses (upgrade misses)
   PUTS: 0 # Clean evictions (from lower level)
   PUTX: 0 # Dirty evictions (from lower level)
   INV: 122 # Invalidates (from upper level)
   INVX: 42 # Downgrades (from upper level)
   FWD: 0 # Forwards (from upper level)
   latGETnl: 6506807 # GET request latency on next level
   latGETnet: 0 # GET request latency on network to next level
  l1d-4: # Filter cache stats
   fhGETS: 96472711 # Filtered GETS hits
   fhGETX: 39162132 # Filtered GETX hits
   hGETS: 9696870 # GETS hits
   hGETX: 1988050 # GETX hits
   mGETS: 454280 # GETS misses
   mGETXIM: 51364 # GETX I->M misses
   mGETXSM: 2 # GETX S->M misses (upgrade misses)
   PUTS: 0 # Clean evictions (from lower level)
   PUTX: 0 # Dirty evictions (from lower level)
   INV: 82 # Invalidates (from upper level)
   INVX: 39 # Downgrades (from upper level)
   FWD: 0 # Forwards (from upper level)
   latGETnl: 6500560 # GET request latency on next level
   latGETnet: 0 # GET request latency on network to next level
  l1d-5: # Filter cache stats
   fhGETS: 96486801 # Filtered GETS hits
   fhGETX: 39161932 # Filtered GETX hits
   hGETS: 9657115 # GETS hits
   hGETX: 1987981 # GETX hits
   mGETS: 477145 # GETS misses
   mGETXIM: 51333 # GETX I->M misses
   mGETXSM: 2 # GETX S->M misses (upgrade misses)
   PUTS: 0 # Clean evictions (from lower level)
   PUTX: 0 # Dirty evictions (from lower level)
   INV: 208 # Invalidates (from upper level)
   INVX: 14 # Downgrades (from upper level)
   FWD: 0 # Forwards (from upper level)
   latGETnl: 6718785 # GET request latency on next level
   latGETnet: 0 # GET request latency on network to next level
  l1d-6: # Filter cache stats
   fhGETS: 96464823 # Filtered GETS hits
   fhGETX: 39151032 # Filtered GETX hits
   hGETS: 9686554 # GETS hits
   hGETX: 1997997 # GETX hits
   mGETS: 468784 # GETS misses
   mGETXIM: 51317 # GETX I->M misses
   mGETXSM: 2 # GETX S->M misses (upgrade misses)
   PUTS: 0 # Clean evictions (from lower level)
   PUTX: 0 # Dirty evictions (from lower level)
   INV: 18 # Invalidates (from upper level)
   INVX: 19 # Downgrades (from upper level)
   FWD: 0 # Forwards (from upper level)
   latGETnl: 6627699 # GET request latency on next level
   latGETnet: 0 # GET request latency on network to next level
  l1d-7: # Filter cache stats
   fhGETS: 96444314 # Filtered GETS hits
   fhGETX: 39161213 # Filtered GETX hits
   hGETS: 9720444 # GETS hits
   hGETX: 1989357 # GETX hits
   mGETS: 454369 # GETS misses
   mGETXIM: 51336 # GETX I->M misses
   mGETXSM: 22 # GETX S->M misses (upgrade misses)
   PUTS: 0 # Clean evictions (from lower level)
   PUTX: 0 # Dirty evictions (from lower level)
   INV: 202 # Invalidates (from upper level)
   INVX: 9 # Downgrades (from upper level)
   FWD: 0 # Forwards (from upper level)
   latGETnl: 6463367 # GET request latency on next level
   latGETnet: 0 # GET request latency on network to next level
 l2: # Cache stats
  l2-0: # Cache stats
   hGETS: 381539 # GETS hits
   hGETX: 39699 # GETX hits
   mGETS: 71565 # GETS misses
   mGETXIM: 11734 # GETX I->M misses
   mGETXSM: 11 # GETX S->M misses (upgrade misses)
   PUTS: 452462 # Clean evictions (from lower level)
   PUTX: 51331 # Dirty evictions (from lower level)
   INV: 140 # Invalidates (from upper level)
   INVX: 63 # Downgrades (from upper level)
   FWD: 0 # Forwards (from upper level)
   latGETnl: 2348900 # GET request latency on next level
   latGETnet: 0 # GET request latency on network to next level
  l2-1: # Cache stats
   hGETS: 422235 # GETS hits
   hGETX: 44649 # GETX hits
   mGETS: 39829 # GETS misses
   mGETXIM: 6669 # GETX I->M misses
   mGETXSM: 2 # GETX S->M misses (upgrade misses)
   PUTS: 461528 # Clean evictions (from lower level)
   PUTX: 51149 # Dirty evictions (from lower level)
   INV: 110 # Invalidates (from upper level)
   INVX: 83 # Downgrades (from upper level)
   FWD: 0 # Forwards (from upper level)
   latGETnl: 1452788 # GET request latency on next level
   latGETnet: 0 # GET request latency on network to next level
  l2-2: # Cache stats
   hGETS: 410150 # GETS hits
   hGETX: 44649 # GETX hits
   mGETS: 40020 # GETS misses
   mGETXIM: 6686 # GETX I->M misses
   mGETXSM: 2 # GETX S->M misses (upgrade misses)
   PUTS: 449631 # Clean evictions (from lower level)
   PUTX: 51145 # Dirty evictions (from lower level)
   INV: 131 # Invalidates (from upper level)
   INVX: 40 # Downgrades (from upper level)
   FWD: 0 # Forwards (from upper level)
   latGETnl: 1449992 # GET request latency on next level
   latGETnet: 0 # GET request latency on network to next level
  l2-3: # Cache stats
   hGETS: 415777 # GETS hits
   hGETX: 44649 # GETX hits
   mGETS: 39690 # GETS misses
   mGETXIM: 6687 # GETX I->M misses
   mGETXSM: 2 # GETX S->M misses (upgrade misses)
   PUTS: 454930 # Clean evictions (from lower level)
   PUTX: 51153 # Dirty evictions (from lower level)
   INV: 157 # Invalidates (from upper level)
   INVX: 43 # Downgrades (from upper level)
   FWD: 0 # Forwards (from upper level)
   latGETnl: 1441749 # GET request latency on next level
   latGETnet: 0 # GET request latency on network to next level
  l2-4: # Cache stats
   hGETS: 414545 # GETS hits
   hGETX: 44650 # GETX hits
   mGETS: 39823 # GETS misses
   mGETXIM: 6714 # GETX I->M misses
   mGETXSM: 2 # GETX S->M misses (upgrade misses)
   PUTS: 453831 # Clean evictions (from lower level)
   PUTX: 51222 # Dirty evictions (from lower level)
   INV: 82 # Invalidates (from upper level)
   INVX: 40 # Downgrades (from upper level)
   FWD: 0 # Forwards (from upper level)
   latGETnl: 1446212 # GET request latency on next level
   latGETnet: 0 # GET request latency on network to next level
  l2-5: # Cache stats
   hGETS: 437610 # GETS hits
   hGETX: 44649 # GETX hits
   mGETS: 39621 # GETS misses
   mGETXIM: 6684 # GETX I->M misses
   mGETXSM: 2 # GETX S->M misses (upgrade misses)
   PUTS: 476696 # Clean evictions (from lower level)
   PUTX: 51065 # Dirty evictions (from lower level)
   INV: 208 # Invalidates (from upper level)
   INVX: 14 # Downgrades (from upper level)
   FWD: 0 # Forwards (from upper level)
   latGETnl: 1436049 # GET request latency on next level
   latGETnet: 0 # GET request latency on network to next level
  l2-6: # Cache stats
   hGETS: 429536 # GETS hits
   hGETX: 44748 # GETX hits
   mGETS: 39336 # GETS misses
   mGETXIM: 6569 # GETX I->M misses
   mGETXSM: 2 # GETX S->M misses (upgrade misses)
   PUTS: 468335 # Clean evictions (from lower level)
   PUTX: 51239 # Dirty evictions (from lower level)
   INV: 70 # Invalidates (from upper level)
   INVX: 19 # Downgrades (from upper level)
   FWD: 0 # Forwards (from upper level)
   latGETnl: 1428781 # GET request latency on next level
   latGETnet: 0 # GET request latency on network to next level
  l2-7: # Cache stats
   hGETS: 415991 # GETS hits
   hGETX: 44848 # GETX hits
   mGETS: 38618 # GETS misses
   mGETXIM: 6488 # GETX I->M misses
   mGETXSM: 22 # GETX S->M misses (upgrade misses)
   PUTS: 453927 # Clean evictions (from lower level)
   PUTX: 51065 # Dirty evictions (from lower level)
   INV: 202 # Invalidates (from upper level)
   INVX: 9 # Downgrades (from upper level)
   FWD: 0 # Forwards (from upper level)
   latGETnl: 1424187 # GET request latency on next level
   latGETnet: 0 # GET request latency on network to next level
 l3: # Cache stats
  l3-0b0: # Cache stats
   hGETS: 38294 # GETS hits
   hGETX: 6348 # GETX hits
   mGETS: 3145 # GETS misses
   mGETXIM: 534 # GETX I->M misses
   mGETXSM: 0 # GETX S->M misses (upgrade misses)
   PUTS: 38132 # Clean evictions (from lower level)
   PUTX: 6353 # Dirty evictions (from lower level)
   INV: 0 # Invalidates (from upper level)
   INVX: 0 # Downgrades (from upper level)
   FWD: 0 # Forwards (from upper level)
   latGETnl: 331110 # GET request latency on next level
   latGETnet: 0 # GET request latency on network to next level
  l3-0b1: # Cache stats
   hGETS: 39491 # GETS hits
   hGETX: 6348 # GETX hits
   mGETS: 3150 # GETS misses
   mGETXIM: 537 # GETX I->M misses
   mGETXSM: 0 # GETX S->M misses (upgrade misses)
   PUTS: 39292 # Clean evictions (from lower level)
   PUTX: 6348 # Dirty evictions (from lower level)
   INV: 0 # Invalidates (from upper level)
   INVX: 0 # Downgrades (from upper level)
   FWD: 0 # Forwards (from upper level)
   latGETnl: 331830 # GET request latency on next level
   latGETnet: 0 # GET request latency on network to next level
  l3-0b2: # Cache stats
   hGETS: 34266 # GETS hits
   hGETX: 5563 # GETX hits
   mGETS: 3142 # GETS misses
   mGETXIM: 531 # GETX I->M misses
   mGETXSM: 0 # GETX S->M misses (upgrade misses)
   PUTS: 34059 # Clean evictions (from lower level)
   PUTX: 5553 # Dirty evictions (from lower level)
   INV: 0 # Invalidates (from upper level)
   INVX: 0 # Downgrades (from upper level)
   FWD: 0 # Forwards (from upper level)
   latGETnl: 330570 # GET request latency on next level
   latGETnet: 0 # GET request latency on network to next level
  l3-0b3: # Cache stats
   hGETS: 35792 # GETS hits
   hGETX: 7096 # GETX hits
   mGETS: 3147 # GETS misses
   mGETXIM: 533 # GETX I->M misses
   mGETXSM: 0 # GETX S->M misses (upgrade misses)
   PUTS: 35618 # Clean evictions (from lower level)
   PUTX: 6082 # Dirty evictions (from lower level)
   INV: 0 # Invalidates (from upper level)
   INVX: 0 # Downgrades (from upper level)
   FWD: 0 # Forwards (from upper level)
   latGETnl: 331200 # GET request latency on next level
   latGETnet: 0 # GET request latency on network to next level
  l3-0b4: # Cache stats
   hGETS: 34675 # GETS hits
   hGETX: 5359 # GETX hits
   mGETS: 3153 # GETS misses
   mGETXIM: 534 # GETX I->M misses
   mGETXSM: 0 # GETX S->M misses (upgrade misses)
   PUTS: 34501 # Clean evictions (from lower level)
   PUTX: 5356 # Dirty evictions (from lower level)
   INV: 0 # Invalidates (from upper level)
   INVX: 0 # Downgrades (from upper level)
   FWD: 0 # Forwards (from upper level)
   latGETnl: 331830 # GET request latency on next level
   latGETnet: 0 # GET request latency on network to next level
  l3-0b5: # Cache stats
   hGETS: 39905 # GETS hits
   hGETX: 6742 # GETX hits
   mGETS: 3145 # GETS misses
   mGETXIM: 536 # GETX I->M misses
   mGETXSM: 0 # GETX S->M misses (upgrade misses)
   PUTS: 39724 # Clean evictions (from lower level)
   PUTX: 6741 # Dirty evictions (from lower level)
   INV: 0 # Invalidates (from upper level)
   INVX: 0 # Downgrades (from upper level)
   FWD: 0 # Forwards (from upper level)
   latGETnl: 331290 # GET request latency on next level
   latGETnet: 0 # GET request latency on network to next level
  l3-0b6: # Cache stats
   hGETS: 49414 # GETS hits
   hGETX: 8029 # GETX hits
   mGETS: 3151 # GETS misses
   mGETXIM: 531 # GETX I->M misses
   mGETXSM: 0 # GETX S->M misses (upgrade misses)
   PUTS: 49235 # Clean evictions (from lower level)
   PUTX: 8027 # Dirty evictions (from lower level)
   INV: 0 # Invalidates (from upper level)
   INVX: 0 # Downgrades (from upper level)
   FWD: 0 # Forwards (from upper level)
   latGETnl: 331380 # GET request latency on next level
   latGETnet: 0 # GET request latency on network to next level
  l3-0b7: # Cache stats
   hGETS: 51481 # GETS hits
   hGETX: 8523 # GETX hits
   mGETS: 3151 # GETS misses
   mGETXIM: 532 # GETX I->M misses
   mGETXSM: 0 # GETX S->M misses (upgrade misses)
   PUTS: 51312 # Clean evictions (from lower level)
   PUTX: 8525 # Dirty evictions (from lower level)
   INV: 0 # Invalidates (from upper level)
   INVX: 0 # Downgrades (from upper level)
   FWD: 0 # Forwards (from upper level)
   latGETnl: 331470 # GET request latency on next level
   latGETnet: 0 # GET request latency on network to next level
 mem: # Memory controller stats
  mem-0: # Memory controller stats
   rd: 7377 # Read requests
   wr: 0 # Write requests
   rdlat: 1218194 # Total latency experienced by read requests
   wrlat: 0 # Total latency experienced by write requests
   rdhits: 4103 # Read row hits
   wrhits: 0 # Write row hits
   mlh: # latency histogram for memory requests
    0: 0
    1: 0
    2: 0
    3: 0
    4: 0
    5: 0
    6: 0
    7: 0
    8: 0
    9: 0
    10: 0
    11: 2
    12: 1
    13: 2132
    14: 1012
    15: 894
    16: 130
    17: 997
    18: 1002
    19: 831
    20: 193
    21: 18
    22: 5
    23: 5
    24: 1
    25: 1
    26: 2
    27: 4
    28: 4
    29: 5
    30: 4
    31: 6
    32: 7
    33: 4
    34: 6
    35: 5
    36: 7
    37: 8
    38: 5
    39: 8
    40: 5
    41: 6
    42: 11
    43: 6
    44: 5
    45: 4
    46: 7
    47: 2
    48: 5
    49: 5
    50: 5
    51: 1
    52: 0
    53: 1
    54: 1
    55: 1
    56: 1
    57: 0
    58: 1
    59: 1
    60: 0
    61: 1
    62: 0
    63: 1
    64: 1
    65: 1
    66: 1
    67: 0
    68: 0
    69: 0
    70: 0
    71: 1
    72: 1
    73: 1
    74: 0
    75: 1
    76: 1
    77: 0
    78: 0
    79: 0
    80: 0
    81: 0
    82: 0
    83: 0
    84: 0
    85: 0
    86: 0
    87: 0
    88: 0
    89: 0
    90: 0
    91: 0
    92: 0
    93: 0
    94: 0
    95: 0
    96: 0
    97: 0
    98: 0
    99: 0
  mem-1: # Memory controller stats
   rd: 7354 # Read requests
   wr: 0 # Write requests
   rdlat: 1203113 # Total latency experienced by read requests
   wrlat: 0 # Total latency experienced by write requests
   rdhits: 4104 # Read row hits
   wrhits: 0 # Write row hits
   mlh: # latency histogram for memory requests
    0: 0
    1: 0
    2: 0
    3: 0
    4: 0
    5: 0
    6: 0
    7: 0
    8: 0
    9: 0
    10: 0
    11: 3
    12: 1
    13: 2127
    14: 1006
    15: 899
    16: 116
    17: 999
    18: 999
    19: 856
    20: 162
    21: 15
    22: 10
    23: 13
    24: 11
    25: 8
    26: 11
    27: 9
    28: 9
    29: 9
    30: 7
    31: 6
    32: 7
    33: 5
    34: 7
    35: 7
    36: 2
    37: 6
    38: 5
    39: 3
    40: 6
    41: 2
    42: 4
    43: 3
    44: 3
    45: 0
    46: 0
    47: 0
    48: 2
    49: 4
    50: 5
    51: 1
    52: 2
    53: 1
    54: 0
    55: 0
    56: 0
    57: 0
    58: 1
    59: 1
    60: 1
    61: 0
    62: 0
    63: 0
    64: 0
    65: 0
    66: 0
    67: 0
    68: 0
    69: 0
    70: 0
    71: 0
    72: 0
    73: 0
    74: 0
    75: 0
    76: 0
    77: 0
    78: 0
    79: 0
    80: 0
    81: 0
    82: 0
    83: 0
    84: 0
    85: 0
    86: 0
    87: 0
    88: 0
    89: 0
    90: 0
    91: 0
    92: 0
    93: 0
    94: 0
    95: 0
    96: 0
    97: 0
    98: 0
    99: 0
  mem-2: # Memory controller stats
   rd: 7349 # Read requests
   wr: 0 # Write requests
   rdlat: 1207805 # Total latency experienced by read requests
   wrlat: 0 # Total latency experienced by write requests
   rdhits: 4112 # Read row hits
   wrhits: 0 # Write row hits
   mlh: # latency histogram for memory requests
    0: 0
    1: 0
    2: 0
    3: 0
    4: 0
    5: 0
    6: 0
    7: 0
    8: 0
    9: 0
    10: 0
    11: 2
    12: 0
    13: 2093
    14: 1004
    15: 880
    16: 138
    17: 1003
    18: 988
    19: 834
    20: 180
    21: 18
    22: 14
    23: 10
    24: 12
    25: 11
    26: 14
    27: 9
    28: 8
    29: 13
    30: 9
    31: 13
    32: 8
    33: 12
    34: 10
    35: 12
    36: 9
    37: 9
    38: 7
    39: 3
    40: 5
    41: 4
    42: 2
    43: 1
    44: 3
    45: 2
    46: 2
    47: 2
    48: 2
    49: 2
    50: 0
    51: 1
    52: 0
    53: 0
    54: 0
    55: 0
    56: 0
    57: 0
    58: 0
    59: 0
    60: 0
    61: 0
    62: 0
    63: 0
    64: 0
    65: 0
    66: 0
    67: 0
    68: 0
    69: 0
    70: 0
    71: 0
    72: 0
    73: 0
    74: 0
    75: 0
    76: 0
    77: 0
    78: 0
    79: 0
    80: 0
    81: 0
    82: 0
    83: 0
    84: 0
    85: 0
    86: 0
    87: 0
    88: 0
    89: 0
    90: 0
    91: 0
    92: 0
    93: 0
    94: 0
    95: 0
    96: 0
    97: 0
    98: 0
    99: 0
  mem-3: # Memory controller stats
   rd: 7354 # Read requests
   wr: 0 # Write requests
   rdlat: 1196991 # Total latency experienced by read requests
   wrlat: 0 # Total latency experienced by write requests
   rdhits: 4107 # Read row hits
   wrhits: 0 # Write row hits
   mlh: # latency histogram for memory requests
    0: 0
    1: 0
    2: 0
    3: 0
    4: 0
    5: 0
    6: 0
    7: 0
    8: 0
    9: 0
    10: 0
    11: 1
    12: 1
    13: 2133
    14: 1005
    15: 875
    16: 145
    17: 1003
    18: 1000
    19: 837
    20: 195
    21: 20
    22: 11
    23: 11
    24: 6
    25: 14
    26: 10
    27: 8
    28: 3
    29: 6
    30: 6
    31: 7
    32: 3
    33: 5
    34: 4
    35: 4
    36: 4
    37: 3
    38: 5
    39: 4
    40: 2
    41: 5
    42: 2
    43: 4
    44: 3
    45: 4
    46: 0
    47: 3
    48: 1
    49: 0
    50: 1
    51: 0
    52: 0
    53: 0
    54: 0
    55: 0
    56: 0
    57: 0
    58: 0
    59: 0
    60: 0
    61: 0
    62: 0
    63: 0
    64: 0
    65: 0
    66: 0
    67: 0
    68: 0
    69: 0
    70: 0
    71: 0
    72: 0
    73: 0
    74: 0
    75: 0
    76: 0
    77: 0
    78: 0
    79: 0
    80: 0
    81: 0
    82: 0
    83: 0
    84: 0
    85: 0
    86: 0
    87: 0
    88: 0
    89: 0
    90: 0
    91: 0
    92: 0
    93: 0
    94: 0
    95: 0
    96: 0
    97: 0
    98: 0
    99: 0
 sched: # Scheduler stats
  thCr: 9 # Threads created
  thFn: 9 # Threads finished
  schedEvs: 10 # Schedule events
  waitEvs: 1 # Wait events
  handoffEvs: 0 # Handoff events
  sleepEvs: 0 # Sleep events
  idlePhases: 0 # Phases with no thread active
  idlePeriods: 0 # Periods with no thread active
  occHist: # Occupancy histogram
   0: 0
   1: 1
   2: 14
   3: 1
   4: 0
   5: 1
   6: 3
   7: 0
   8: 39755
  rqSzHist: # Run queue size histogram
   0: 39775
   1: 0
   2: 0
   3: 0
   4: 0
   5: 0
   6: 0
   7: 0
   8: 0
   9: 0
   10: 0
   11: 0
   12: 0
   13: 0
   14: 0
   15: 0
   16: 0
 procCycles: # Per-process unhalted core cycles
  0: 3180820390
  1: 0
  2: 0
  3: 0
  4: 0
  5: 0
  6: 0
  7: 0
  8: 0
  9: 0
  10: 0
  11: 0
  12: 0
  13: 0
  14: 0
  15: 0
  16: 0
  17: 0
  18: 0
  19: 0
  20: 0
  21: 0
  22: 0
  23: 0
  24: 0
  25: 0
  26: 0
  27: 0
  28: 0
  29: 0
  30: 0
  31: 0
  32: 0
  33: 0
  34: 0
  35: 0
  36: 0
  37: 0
  38: 0
  39: 0
  40: 0
  41: 0
  42: 0
  43: 0
  44: 0
  45: 0
  46: 0
  47: 0
  48: 0
  49: 0
  50: 0
  51: 0
  52: 0
  53: 0
  54: 0
  55: 0
  56: 0
  57: 0
  58: 0
  59: 0
  60: 0
  61: 0
  62: 0
  63: 0
 procInstrs: # Per-process instructions
  0: 4062699968
  1: 0
  2: 0
  3: 0
  4: 0
  5: 0
  6: 0
  7: 0
  8: 0
  9: 0
  10: 0
  11: 0
  12: 0
  13: 0
  14: 0
  15: 0
  16: 0
  17: 0
  18: 0
  19: 0
  20: 0
  21: 0
  22: 0
  23: 0
  24: 0
  25: 0
  26: 0
  27: 0
  28: 0
  29: 0
  30: 0
  31: 0
  32: 0
  33: 0
  34: 0
  35: 0
  36: 0
  37: 0
  38: 0
  39: 0
  40: 0
  41: 0
  42: 0
  43: 0
  44: 0
  45: 0
  46: 0
  47: 0
  48: 0
  49: 0
  50: 0
  51: 0
  52: 0
  53: 0
  54: 0
  55: 0
  56: 0
  57: 0
  58: 0
  59: 0
  60: 0
  61: 0
  62: 0
  63: 0
 heartbeats: # Per-process heartbeats
  0: 0
  1: 0
  2: 0
  3: 0
  4: 0
  5: 0
  6: 0
  7: 0
  8: 0
  9: 0
  10: 0
  11: 0
  12: 0
  13: 0
  14: 0
  15: 0
  16: 0
  17: 0
  18: 0
  19: 0
  20: 0
  21: 0
  22: 0
  23: 0
  24: 0
  25: 0
  26: 0
  27: 0
  28: 0
  29: 0
  30: 0
  31: 0
  32: 0
  33: 0
  34: 0
  35: 0
  36: 0
  37: 0
  38: 0
  39: 0
  40: 0
  41: 0
  42: 0
  43: 0
  44: 0
  45: 0
  46: 0
  47: 0
  48: 0
  49: 0
  50: 0
  51: 0
  52: 0
  53: 0
  54: 0
  55: 0
  56: 0
  57: 0
  58: 0
  59: 0
  60: 0
  61: 0
  62: 0
  63: 0
===
