# zsim stats
===
root: # Stats
 contention: # Contention simulation stats
  domain-0: # Domain stats
   time: 1042671268 # Weave simulation time
 time: # Simulator time breakdown
  init: 1344620120962
  bound: 7193993316
  weave: 1270382289
  ff: 0
 trigger: 20000 # Reason for this stats dump
 phase: 22456 # Simulated phases
 westmere: # Core stats
  westmere-0: # Core stats
   cycles: 224561170 # Simulated unhalted cycles
   cCycles: 42551008 # Cycles due to contention stalls
   instrs: 100005715 # Simulated instructions
   uops: 109399775 # Retired micro-ops
   bbls: 20125634 # Basic blocks
   approxInstrs: 1763978 # Instrs with approx uop decoding
   mispredBranches: 1072024 # Mispredicted branches
   condBranches: 19086895 # conditional branches
 l1i: # Cache stats
  l1i-0: # Filter cache stats
   fhGETS: 25661547 # Filtered GETS hits
   fhGETX: 0 # Filtered GETX hits
   hGETS: 202934 # GETS hits
   hGETX: 0 # GETX hits
   mGETS: 2288 # GETS misses
   mGETXIM: 0 # GETX I->M misses
   mGETXSM: 0 # GETX S->M misses (upgrade misses)
   PUTS: 0 # Clean evictions (from lower level)
   PUTX: 0 # Dirty evictions (from lower level)
   INV: 11 # Invalidates (from upper level)
   INVX: 0 # Downgrades (from upper level)
   FWD: 0 # Forwards (from upper level)
   latGETnl: 267188 # GET request latency on next level
   latGETnet: 0 # GET request latency on network to next level
 l1d: # Cache stats
  l1d-0: # Filter cache stats
   fhGETS: 22834047 # Filtered GETS hits
   fhGETX: 4061995 # Filtered GETX hits
   hGETS: 2369701 # GETS hits
   hGETX: 2564078 # GETX hits
   mGETS: 3455108 # GETS misses
   mGETXIM: 732641 # GETX I->M misses
   mGETXSM: 0 # GETX S->M misses (upgrade misses)
   PUTS: 0 # Clean evictions (from lower level)
   PUTX: 0 # Dirty evictions (from lower level)
   INV: 0 # Invalidates (from upper level)
   INVX: 0 # Downgrades (from upper level)
   FWD: 0 # Forwards (from upper level)
   latGETnl: 314040496 # GET request latency on next level
   latGETnet: 0 # GET request latency on network to next level
 l2: # Cache stats
  l2-0: # Cache stats
   hGETS: 700630 # GETS hits
   hGETX: 123366 # GETX hits
   mGETS: 2756766 # GETS misses
   mGETXIM: 609275 # GETX I->M misses
   mGETXSM: 0 # GETX S->M misses (upgrade misses)
   PUTS: 2411489 # Clean evictions (from lower level)
   PUTX: 1777516 # Dirty evictions (from lower level)
   INV: 0 # Invalidates (from upper level)
   INVX: 0 # Downgrades (from upper level)
   FWD: 0 # Forwards (from upper level)
   latGETnl: 272407314 # GET request latency on next level
   latGETnet: 0 # GET request latency on network to next level
 l3: # Cache stats
  l3-0: # Cache stats
   hGETS: 1029913 # GETS hits
   hGETX: 206991 # GETX hits
   mGETS: 1726853 # GETS misses
   mGETXIM: 402284 # GETX I->M misses
   mGETXSM: 0 # GETX S->M misses (upgrade misses)
   PUTS: 2030892 # Clean evictions (from lower level)
   PUTX: 1331053 # Dirty evictions (from lower level)
   INV: 0 # Invalidates (from upper level)
   INVX: 0 # Downgrades (from upper level)
   FWD: 0 # Forwards (from upper level)
   latGETnl: 191622330 # GET request latency on next level
   latGETnet: 0 # GET request latency on network to next level
 mem: # Memory controller stats
  mem-0: # Memory controller stats
   rd: 531509 # Read requests
   wr: 205093 # Write requests
   rdlat: 72133385 # Total latency experienced by read requests
   wrlat: 30602481 # Total latency experienced by write requests
   rdhits: 12241 # Read row hits
   wrhits: 1307 # Write row hits
   mlh: # latency histogram for memory requests
    0: 0
    1: 0
    2: 0
    3: 0
    4: 0
    5: 0
    6: 0
    7: 0
    8: 0
    9: 0
    10: 0
    11: 577
    12: 499
    13: 476938
    14: 33090
    15: 7236
    16: 2914
    17: 918
    18: 407
    19: 392
    20: 397
    21: 543
    22: 400
    23: 565
    24: 725
    25: 642
    26: 214
    27: 209
    28: 263
    29: 254
    30: 313
    31: 305
    32: 317
    33: 345
    34: 321
    35: 378
    36: 306
    37: 299
    38: 288
    39: 282
    40: 292
    41: 272
    42: 275
    43: 132
    44: 29
    45: 26
    46: 39
    47: 44
    48: 44
    49: 6
    50: 5
    51: 2
    52: 0
    53: 2
    54: 4
    55: 0
    56: 0
    57: 0
    58: 0
    59: 0
    60: 0
    61: 0
    62: 0
    63: 0
    64: 0
    65: 0
    66: 0
    67: 0
    68: 0
    69: 0
    70: 0
    71: 0
    72: 0
    73: 0
    74: 0
    75: 0
    76: 0
    77: 0
    78: 0
    79: 0
    80: 0
    81: 0
    82: 0
    83: 0
    84: 0
    85: 0
    86: 0
    87: 0
    88: 0
    89: 0
    90: 0
    91: 0
    92: 0
    93: 0
    94: 0
    95: 0
    96: 0
    97: 0
    98: 0
    99: 0
  mem-1: # Memory controller stats
   rd: 533195 # Read requests
   wr: 205796 # Write requests
   rdlat: 72401157 # Total latency experienced by read requests
   wrlat: 30850431 # Total latency experienced by write requests
   rdhits: 12008 # Read row hits
   wrhits: 1342 # Write row hits
   mlh: # latency histogram for memory requests
    0: 0
    1: 0
    2: 0
    3: 0
    4: 0
    5: 0
    6: 0
    7: 0
    8: 0
    9: 0
    10: 0
    11: 641
    12: 437
    13: 478026
    14: 33369
    15: 7053
    16: 3023
    17: 960
    18: 404
    19: 412
    20: 460
    21: 515
    22: 453
    23: 574
    24: 894
    25: 588
    26: 188
    27: 235
    28: 265
    29: 307
    30: 318
    31: 301
    32: 331
    33: 338
    34: 351
    35: 384
    36: 335
    37: 294
    38: 271
    39: 288
    40: 269
    41: 281
    42: 298
    43: 143
    44: 20
    45: 30
    46: 38
    47: 39
    48: 38
    49: 12
    50: 3
    51: 1
    52: 3
    53: 1
    54: 3
    55: 1
    56: 0
    57: 0
    58: 0
    59: 0
    60: 0
    61: 0
    62: 0
    63: 0
    64: 0
    65: 0
    66: 0
    67: 0
    68: 0
    69: 0
    70: 0
    71: 0
    72: 0
    73: 0
    74: 0
    75: 0
    76: 0
    77: 0
    78: 0
    79: 0
    80: 0
    81: 0
    82: 0
    83: 0
    84: 0
    85: 0
    86: 0
    87: 0
    88: 0
    89: 0
    90: 0
    91: 0
    92: 0
    93: 0
    94: 0
    95: 0
    96: 0
    97: 0
    98: 0
    99: 0
  mem-2: # Memory controller stats
   rd: 531400 # Read requests
   wr: 204282 # Write requests
   rdlat: 72144113 # Total latency experienced by read requests
   wrlat: 30519190 # Total latency experienced by write requests
   rdhits: 12057 # Read row hits
   wrhits: 1370 # Write row hits
   mlh: # latency histogram for memory requests
    0: 0
    1: 0
    2: 0
    3: 0
    4: 0
    5: 0
    6: 0
    7: 0
    8: 0
    9: 0
    10: 0
    11: 649
    12: 467
    13: 475411
    14: 35305
    15: 6553
    16: 2784
    17: 901
    18: 337
    19: 357
    20: 381
    21: 451
    22: 409
    23: 524
    24: 1036
    25: 564
    26: 196
    27: 206
    28: 208
    29: 251
    30: 370
    31: 330
    32: 327
    33: 311
    34: 338
    35: 322
    36: 312
    37: 320
    38: 308
    39: 285
    40: 306
    41: 252
    42: 301
    43: 115
    44: 41
    45: 35
    46: 41
    47: 41
    48: 33
    49: 6
    50: 6
    51: 2
    52: 5
    53: 3
    54: 0
    55: 0
    56: 0
    57: 0
    58: 0
    59: 0
    60: 0
    61: 0
    62: 0
    63: 0
    64: 0
    65: 0
    66: 0
    67: 0
    68: 0
    69: 0
    70: 0
    71: 0
    72: 0
    73: 0
    74: 0
    75: 0
    76: 0
    77: 0
    78: 0
    79: 0
    80: 0
    81: 0
    82: 0
    83: 0
    84: 0
    85: 0
    86: 0
    87: 0
    88: 0
    89: 0
    90: 0
    91: 0
    92: 0
    93: 0
    94: 0
    95: 0
    96: 0
    97: 0
    98: 0
    99: 0
  mem-3: # Memory controller stats
   rd: 533025 # Read requests
   wr: 205221 # Write requests
   rdlat: 72323789 # Total latency experienced by read requests
   wrlat: 30661925 # Total latency experienced by write requests
   rdhits: 11940 # Read row hits
   wrhits: 1239 # Write row hits
   mlh: # latency histogram for memory requests
    0: 0
    1: 0
    2: 0
    3: 0
    4: 0
    5: 0
    6: 0
    7: 0
    8: 0
    9: 0
    10: 0
    11: 608
    12: 397
    13: 479190
    14: 32938
    15: 6586
    16: 2852
    17: 971
    18: 386
    19: 398
    20: 434
    21: 507
    22: 430
    23: 551
    24: 943
    25: 644
    26: 189
    27: 199
    28: 246
    29: 291
    30: 322
    31: 306
    32: 310
    33: 322
    34: 307
    35: 316
    36: 295
    37: 321
    38: 285
    39: 300
    40: 277
    41: 286
    42: 298
    43: 126
    44: 29
    45: 30
    46: 35
    47: 38
    48: 47
    49: 6
    50: 4
    51: 2
    52: 1
    53: 2
    54: 0
    55: 0
    56: 0
    57: 0
    58: 0
    59: 0
    60: 0
    61: 0
    62: 0
    63: 0
    64: 0
    65: 0
    66: 0
    67: 0
    68: 0
    69: 0
    70: 0
    71: 0
    72: 0
    73: 0
    74: 0
    75: 0
    76: 0
    77: 0
    78: 0
    79: 0
    80: 0
    81: 0
    82: 0
    83: 0
    84: 0
    85: 0
    86: 0
    87: 0
    88: 0
    89: 0
    90: 0
    91: 0
    92: 0
    93: 0
    94: 0
    95: 0
    96: 0
    97: 0
    98: 0
    99: 0
 sched: # Scheduler stats
  thCr: 1 # Threads created
  thFn: 1 # Threads finished
  schedEvs: 1 # Schedule events
  waitEvs: 0 # Wait events
  handoffEvs: 0 # Handoff events
  sleepEvs: 0 # Sleep events
  idlePhases: 0 # Phases with no thread active
  idlePeriods: 0 # Periods with no thread active
  occHist: # Occupancy histogram
   0: 0
   1: 22456
  rqSzHist: # Run queue size histogram
   0: 22456
   1: 0
   2: 0
   3: 0
   4: 0
   5: 0
   6: 0
   7: 0
   8: 0
   9: 0
   10: 0
   11: 0
   12: 0
   13: 0
   14: 0
   15: 0
   16: 0
 procCycles: # Per-process unhalted core cycles
  0: 224561170
  1: 0
  2: 0
  3: 0
  4: 0
  5: 0
  6: 0
  7: 0
  8: 0
  9: 0
  10: 0
  11: 0
  12: 0
  13: 0
  14: 0
  15: 0
  16: 0
  17: 0
  18: 0
  19: 0
  20: 0
  21: 0
  22: 0
  23: 0
  24: 0
  25: 0
  26: 0
  27: 0
  28: 0
  29: 0
  30: 0
  31: 0
  32: 0
  33: 0
  34: 0
  35: 0
  36: 0
  37: 0
  38: 0
  39: 0
  40: 0
  41: 0
  42: 0
  43: 0
  44: 0
  45: 0
  46: 0
  47: 0
  48: 0
  49: 0
  50: 0
  51: 0
  52: 0
  53: 0
  54: 0
  55: 0
  56: 0
  57: 0
  58: 0
  59: 0
  60: 0
  61: 0
  62: 0
  63: 0
 procInstrs: # Per-process instructions
  0: 100005715
  1: 0
  2: 0
  3: 0
  4: 0
  5: 0
  6: 0
  7: 0
  8: 0
  9: 0
  10: 0
  11: 0
  12: 0
  13: 0
  14: 0
  15: 0
  16: 0
  17: 0
  18: 0
  19: 0
  20: 0
  21: 0
  22: 0
  23: 0
  24: 0
  25: 0
  26: 0
  27: 0
  28: 0
  29: 0
  30: 0
  31: 0
  32: 0
  33: 0
  34: 0
  35: 0
  36: 0
  37: 0
  38: 0
  39: 0
  40: 0
  41: 0
  42: 0
  43: 0
  44: 0
  45: 0
  46: 0
  47: 0
  48: 0
  49: 0
  50: 0
  51: 0
  52: 0
  53: 0
  54: 0
  55: 0
  56: 0
  57: 0
  58: 0
  59: 0
  60: 0
  61: 0
  62: 0
  63: 0
 heartbeats: # Per-process heartbeats
  0: 0
  1: 0
  2: 0
  3: 0
  4: 0
  5: 0
  6: 0
  7: 0
  8: 0
  9: 0
  10: 0
  11: 0
  12: 0
  13: 0
  14: 0
  15: 0
  16: 0
  17: 0
  18: 0
  19: 0
  20: 0
  21: 0
  22: 0
  23: 0
  24: 0
  25: 0
  26: 0
  27: 0
  28: 0
  29: 0
  30: 0
  31: 0
  32: 0
  33: 0
  34: 0
  35: 0
  36: 0
  37: 0
  38: 0
  39: 0
  40: 0
  41: 0
  42: 0
  43: 0
  44: 0
  45: 0
  46: 0
  47: 0
  48: 0
  49: 0
  50: 0
  51: 0
  52: 0
  53: 0
  54: 0
  55: 0
  56: 0
  57: 0
  58: 0
  59: 0
  60: 0
  61: 0
  62: 0
  63: 0
===
