# zsim stats
===
root: # Stats
 contention: # Contention simulation stats
  domain-0: # Domain stats
   time: 25816342691 # Weave simulation time
 time: # Simulator time breakdown
  init: 606428187
  bound: 80207494735
  weave: 28391280706
  ff: 0
 trigger: 20000 # Reason for this stats dump
 phase: 94075 # Simulated phases
 westmere: # Core stats
  westmere-0: # Core stats
   cycles: 930215916 # Simulated unhalted cycles
   cCycles: 129902745 # Cycles due to contention stalls
   instrs: 725939122 # Simulated instructions
   uops: 876975310 # Retired micro-ops
   bbls: 60746745 # Basic blocks
   approxInstrs: 77971 # Instrs with approx uop decoding
   mispredBranches: 258646 # Mispredicted branches
   condBranches: 40556115 # conditional branches
  westmere-1: # Core stats
   cycles: 869611366 # Simulated unhalted cycles
   cCycles: 124065700 # Cycles due to contention stalls
   instrs: 620147863 # Simulated instructions
   uops: 736113003 # Retired micro-ops
   bbls: 44416527 # Basic blocks
   approxInstrs: 9450 # Instrs with approx uop decoding
   mispredBranches: 256234 # Mispredicted branches
   condBranches: 36119924 # conditional branches
  westmere-2: # Core stats
   cycles: 860198124 # Simulated unhalted cycles
   cCycles: 124128564 # Cycles due to contention stalls
   instrs: 612309401 # Simulated instructions
   uops: 725487764 # Retired micro-ops
   bbls: 43471563 # Basic blocks
   approxInstrs: 77915 # Instrs with approx uop decoding
   mispredBranches: 255167 # Mispredicted branches
   condBranches: 35869111 # conditional branches
  westmere-3: # Core stats
   cycles: 861138525 # Simulated unhalted cycles
   cCycles: 126923853 # Cycles due to contention stalls
   instrs: 592300797 # Simulated instructions
   uops: 705468334 # Retired micro-ops
   bbls: 39025189 # Basic blocks
   approxInstrs: 77995 # Instrs with approx uop decoding
   mispredBranches: 261824 # Mispredicted branches
   condBranches: 31431077 # conditional branches
  westmere-4: # Core stats
   cycles: 859969071 # Simulated unhalted cycles
   cCycles: 124398836 # Cycles due to contention stalls
   instrs: 610495341 # Simulated instructions
   uops: 723658913 # Retired micro-ops
   bbls: 43068373 # Basic blocks
   approxInstrs: 78126 # Instrs with approx uop decoding
   mispredBranches: 259114 # Mispredicted branches
   condBranches: 35470914 # conditional branches
  westmere-5: # Core stats
   cycles: 860237341 # Simulated unhalted cycles
   cCycles: 124274557 # Cycles due to contention stalls
   instrs: 610773928 # Simulated instructions
   uops: 723904595 # Retired micro-ops
   bbls: 43128147 # Basic blocks
   approxInstrs: 78112 # Instrs with approx uop decoding
   mispredBranches: 255415 # Mispredicted branches
   condBranches: 35533150 # conditional branches
  westmere-6: # Core stats
   cycles: 860813858 # Simulated unhalted cycles
   cCycles: 123756445 # Cycles due to contention stalls
   instrs: 616180346 # Simulated instructions
   uops: 729272610 # Retired micro-ops
   bbls: 44326803 # Basic blocks
   approxInstrs: 78069 # Instrs with approx uop decoding
   mispredBranches: 259217 # Mispredicted branches
   condBranches: 36740582 # conditional branches
  westmere-7: # Core stats
   cycles: 859598661 # Simulated unhalted cycles
   cCycles: 124001936 # Cycles due to contention stalls
   instrs: 611910766 # Simulated instructions
   uops: 725088093 # Retired micro-ops
   bbls: 43383929 # Basic blocks
   approxInstrs: 78099 # Instrs with approx uop decoding
   mispredBranches: 254288 # Mispredicted branches
   condBranches: 35782105 # conditional branches
 l1i: # Cache stats
  l1i-0: # Filter cache stats
   fhGETS: 95375070 # Filtered GETS hits
   fhGETX: 0 # Filtered GETX hits
   hGETS: 14966 # GETS hits
   hGETX: 0 # GETX hits
   mGETS: 657 # GETS misses
   mGETXIM: 0 # GETX I->M misses
   mGETXSM: 0 # GETX S->M misses (upgrade misses)
   PUTS: 0 # Clean evictions (from lower level)
   PUTX: 0 # Dirty evictions (from lower level)
   INV: 1 # Invalidates (from upper level)
   INVX: 0 # Downgrades (from upper level)
   FWD: 0 # Forwards (from upper level)
   latGETnl: 56826 # GET request latency on next level
   latGETnet: 0 # GET request latency on network to next level
  l1i-1: # Filter cache stats
   fhGETS: 79075221 # Filtered GETS hits
   fhGETX: 0 # Filtered GETX hits
   hGETS: 40629 # GETS hits
   hGETX: 0 # GETX hits
   mGETS: 518 # GETS misses
   mGETXIM: 0 # GETX I->M misses
   mGETXSM: 0 # GETX S->M misses (upgrade misses)
   PUTS: 0 # Clean evictions (from lower level)
   PUTX: 0 # Dirty evictions (from lower level)
   INV: 4 # Invalidates (from upper level)
   INVX: 0 # Downgrades (from upper level)
   FWD: 0 # Forwards (from upper level)
   latGETnl: 43706 # GET request latency on next level
   latGETnet: 0 # GET request latency on network to next level
  l1i-2: # Filter cache stats
   fhGETS: 78076575 # Filtered GETS hits
   fhGETX: 0 # Filtered GETX hits
   hGETS: 15395 # GETS hits
   hGETX: 0 # GETX hits
   mGETS: 334 # GETS misses
   mGETXIM: 0 # GETX I->M misses
   mGETXSM: 0 # GETX S->M misses (upgrade misses)
   PUTS: 0 # Clean evictions (from lower level)
   PUTX: 0 # Dirty evictions (from lower level)
   INV: 0 # Invalidates (from upper level)
   INVX: 0 # Downgrades (from upper level)
   FWD: 0 # Forwards (from upper level)
   latGETnl: 14146 # GET request latency on next level
   latGETnet: 0 # GET request latency on network to next level
  l1i-3: # Filter cache stats
   fhGETS: 73663466 # Filtered GETS hits
   fhGETX: 0 # Filtered GETX hits
   hGETS: 15017 # GETS hits
   hGETX: 0 # GETX hits
   mGETS: 324 # GETS misses
   mGETXIM: 0 # GETX I->M misses
   mGETXSM: 0 # GETX S->M misses (upgrade misses)
   PUTS: 0 # Clean evictions (from lower level)
   PUTX: 0 # Dirty evictions (from lower level)
   INV: 0 # Invalidates (from upper level)
   INVX: 0 # Downgrades (from upper level)
   FWD: 0 # Forwards (from upper level)
   latGETnl: 12456 # GET request latency on next level
   latGETnet: 0 # GET request latency on network to next level
  l1i-4: # Filter cache stats
   fhGETS: 77692204 # Filtered GETS hits
   fhGETX: 0 # Filtered GETX hits
   hGETS: 15938 # GETS hits
   hGETX: 0 # GETX hits
   mGETS: 333 # GETS misses
   mGETXIM: 0 # GETX I->M misses
   mGETXSM: 0 # GETX S->M misses (upgrade misses)
   PUTS: 0 # Clean evictions (from lower level)
   PUTX: 0 # Dirty evictions (from lower level)
   INV: 0 # Invalidates (from upper level)
   INVX: 0 # Downgrades (from upper level)
   FWD: 0 # Forwards (from upper level)
   latGETnl: 12852 # GET request latency on next level
   latGETnet: 0 # GET request latency on network to next level
  l1i-5: # Filter cache stats
   fhGETS: 77734064 # Filtered GETS hits
   fhGETX: 0 # Filtered GETX hits
   hGETS: 15372 # GETS hits
   hGETX: 0 # GETX hits
   mGETS: 336 # GETS misses
   mGETXIM: 0 # GETX I->M misses
   mGETXSM: 0 # GETX S->M misses (upgrade misses)
   PUTS: 0 # Clean evictions (from lower level)
   PUTX: 0 # Dirty evictions (from lower level)
   INV: 0 # Invalidates (from upper level)
   INVX: 0 # Downgrades (from upper level)
   FWD: 0 # Forwards (from upper level)
   latGETnl: 15024 # GET request latency on next level
   latGETnet: 0 # GET request latency on network to next level
  l1i-6: # Filter cache stats
   fhGETS: 78952202 # Filtered GETS hits
   fhGETX: 0 # Filtered GETX hits
   hGETS: 14929 # GETS hits
   hGETX: 0 # GETX hits
   mGETS: 330 # GETS misses
   mGETXIM: 0 # GETX I->M misses
   mGETXSM: 0 # GETX S->M misses (upgrade misses)
   PUTS: 0 # Clean evictions (from lower level)
   PUTX: 0 # Dirty evictions (from lower level)
   INV: 0 # Invalidates (from upper level)
   INVX: 0 # Downgrades (from upper level)
   FWD: 0 # Forwards (from upper level)
   latGETnl: 13920 # GET request latency on next level
   latGETnet: 0 # GET request latency on network to next level
  l1i-7: # Filter cache stats
   fhGETS: 77984049 # Filtered GETS hits
   fhGETX: 0 # Filtered GETX hits
   hGETS: 15509 # GETS hits
   hGETX: 0 # GETX hits
   mGETS: 342 # GETS misses
   mGETXIM: 0 # GETX I->M misses
   mGETXSM: 0 # GETX S->M misses (upgrade misses)
   PUTS: 0 # Clean evictions (from lower level)
   PUTX: 0 # Dirty evictions (from lower level)
   INV: 12 # Invalidates (from upper level)
   INVX: 0 # Downgrades (from upper level)
   FWD: 0 # Forwards (from upper level)
   latGETnl: 12168 # GET request latency on next level
   latGETnet: 0 # GET request latency on network to next level
 l1d: # Cache stats
  l1d-0: # Filter cache stats
   fhGETS: 255286504 # Filtered GETS hits
   fhGETX: 28460037 # Filtered GETX hits
   hGETS: 29494739 # GETS hits
   hGETX: 392607 # GETX hits
   mGETS: 8639674 # GETS misses
   mGETXIM: 177481 # GETX I->M misses
   mGETXSM: 474375 # GETX S->M misses (upgrade misses)
   PUTS: 0 # Clean evictions (from lower level)
   PUTX: 0 # Dirty evictions (from lower level)
   INV: 506577 # Invalidates (from upper level)
   INVX: 484721 # Downgrades (from upper level)
   FWD: 0 # Forwards (from upper level)
   latGETnl: 778683319 # GET request latency on next level
   latGETnet: 0 # GET request latency on network to next level
  l1d-1: # Filter cache stats
   fhGETS: 225541509 # Filtered GETS hits
   fhGETX: 8991390 # Filtered GETX hits
   hGETS: 29456651 # GETS hits
   hGETX: 324412 # GETX hits
   mGETS: 8768853 # GETS misses
   mGETXIM: 37624 # GETX I->M misses
   mGETXSM: 492862 # GETX S->M misses (upgrade misses)
   PUTS: 0 # Clean evictions (from lower level)
   PUTX: 0 # Dirty evictions (from lower level)
   INV: 506667 # Invalidates (from upper level)
   INVX: 484441 # Downgrades (from upper level)
   FWD: 0 # Forwards (from upper level)
   latGETnl: 763461054 # GET request latency on next level
   latGETnet: 0 # GET request latency on network to next level
  l1d-2: # Filter cache stats
   fhGETS: 223975737 # Filtered GETS hits
   fhGETX: 7646405 # Filtered GETX hits
   hGETS: 28796808 # GETS hits
   hGETX: 154431 # GETX hits
   mGETS: 8634219 # GETS misses
   mGETXIM: 37698 # GETX I->M misses
   mGETXSM: 474604 # GETX S->M misses (upgrade misses)
   PUTS: 0 # Clean evictions (from lower level)
   PUTX: 0 # Dirty evictions (from lower level)
   INV: 507750 # Invalidates (from upper level)
   INVX: 488086 # Downgrades (from upper level)
   FWD: 0 # Forwards (from upper level)
   latGETnl: 758715652 # GET request latency on next level
   latGETnet: 0 # GET request latency on network to next level
  l1d-3: # Filter cache stats
   fhGETS: 217022310 # Filtered GETS hits
   fhGETX: 5438442 # Filtered GETX hits
   hGETS: 29077162 # GETS hits
   hGETX: 149640 # GETX hits
   mGETS: 8626700 # GETS misses
   mGETXIM: 37300 # GETX I->M misses
   mGETXSM: 469528 # GETX S->M misses (upgrade misses)
   PUTS: 0 # Clean evictions (from lower level)
   PUTX: 0 # Dirty evictions (from lower level)
   INV: 501114 # Invalidates (from upper level)
   INVX: 480485 # Downgrades (from upper level)
   FWD: 0 # Forwards (from upper level)
   latGETnl: 770417958 # GET request latency on next level
   latGETnet: 0 # GET request latency on network to next level
  l1d-4: # Filter cache stats
   fhGETS: 223312844 # Filtered GETS hits
   fhGETX: 7446193 # Filtered GETX hits
   hGETS: 28862784 # GETS hits
   hGETX: 159059 # GETX hits
   mGETS: 8624660 # GETS misses
   mGETXIM: 37083 # GETX I->M misses
   mGETXSM: 470901 # GETX S->M misses (upgrade misses)
   PUTS: 0 # Clean evictions (from lower level)
   PUTX: 0 # Dirty evictions (from lower level)
   INV: 502045 # Invalidates (from upper level)
   INVX: 478908 # Downgrades (from upper level)
   FWD: 0 # Forwards (from upper level)
   latGETnl: 759653282 # GET request latency on next level
   latGETnet: 0 # GET request latency on network to next level
  l1d-5: # Filter cache stats
   fhGETS: 223186045 # Filtered GETS hits
   fhGETX: 7478668 # Filtered GETX hits
   hGETS: 29094175 # GETS hits
   hGETX: 146830 # GETX hits
   mGETS: 8628959 # GETS misses
   mGETXIM: 36502 # GETX I->M misses
   mGETXSM: 473576 # GETX S->M misses (upgrade misses)
   PUTS: 0 # Clean evictions (from lower level)
   PUTX: 0 # Dirty evictions (from lower level)
   INV: 503913 # Invalidates (from upper level)
   INVX: 487055 # Downgrades (from upper level)
   FWD: 0 # Forwards (from upper level)
   latGETnl: 759073950 # GET request latency on next level
   latGETnet: 0 # GET request latency on network to next level
  l1d-6: # Filter cache stats
   fhGETS: 225256372 # Filtered GETS hits
   fhGETX: 8066483 # Filtered GETX hits
   hGETS: 28830528 # GETS hits
   hGETX: 154905 # GETX hits
   mGETS: 8628981 # GETS misses
   mGETXIM: 36559 # GETX I->M misses
   mGETXSM: 472843 # GETX S->M misses (upgrade misses)
   PUTS: 0 # Clean evictions (from lower level)
   PUTX: 0 # Dirty evictions (from lower level)
   INV: 502760 # Invalidates (from upper level)
   INVX: 483059 # Downgrades (from upper level)
   FWD: 0 # Forwards (from upper level)
   latGETnl: 756519181 # GET request latency on next level
   latGETnet: 0 # GET request latency on network to next level
  l1d-7: # Filter cache stats
   fhGETS: 223888881 # Filtered GETS hits
   fhGETX: 7607724 # Filtered GETX hits
   hGETS: 28755267 # GETS hits
   hGETX: 152185 # GETX hits
   mGETS: 8629618 # GETS misses
   mGETXIM: 36781 # GETX I->M misses
   mGETXSM: 474456 # GETX S->M misses (upgrade misses)
   PUTS: 0 # Clean evictions (from lower level)
   PUTX: 0 # Dirty evictions (from lower level)
   INV: 503151 # Invalidates (from upper level)
   INVX: 482905 # Downgrades (from upper level)
   FWD: 0 # Forwards (from upper level)
   latGETnl: 759100442 # GET request latency on next level
   latGETnet: 0 # GET request latency on network to next level
 l2: # Cache stats
  l2-0: # Cache stats
   hGETS: 20349 # GETS hits
   hGETX: 3737 # GETX hits
   mGETS: 8619982 # GETS misses
   mGETXIM: 177583 # GETX I->M misses
   mGETXSM: 470536 # GETX S->M misses (upgrade misses)
   PUTS: 8137236 # Clean evictions (from lower level)
   PUTX: 190514 # Dirty evictions (from lower level)
   INV: 507841 # Invalidates (from upper level)
   INVX: 627468 # Downgrades (from upper level)
   FWD: 0 # Forwards (from upper level)
   latGETnl: 685818275 # GET request latency on next level
   latGETnet: 0 # GET request latency on network to next level
  l2-1: # Cache stats
   hGETS: 62914 # GETS hits
   hGETX: 5265 # GETX hits
   mGETS: 8706457 # GETS misses
   mGETXIM: 35656 # GETX I->M misses
   mGETXSM: 489565 # GETX S->M misses (upgrade misses)
   PUTS: 8190891 # Clean evictions (from lower level)
   PUTX: 125366 # Dirty evictions (from lower level)
   INV: 509936 # Invalidates (from upper level)
   INVX: 626471 # Downgrades (from upper level)
   FWD: 0 # Forwards (from upper level)
   latGETnl: 670506190 # GET request latency on next level
   latGETnet: 0 # GET request latency on network to next level
  l2-2: # Cache stats
   hGETS: 23194 # GETS hits
   hGETX: 5665 # GETX hits
   mGETS: 8611359 # GETS misses
   mGETXIM: 35514 # GETX I->M misses
   mGETXSM: 471123 # GETX S->M misses (upgrade misses)
   PUTS: 8138398 # Clean evictions (from lower level)
   PUTX: 41833 # Dirty evictions (from lower level)
   INV: 509026 # Invalidates (from upper level)
   INVX: 650636 # Downgrades (from upper level)
   FWD: 0 # Forwards (from upper level)
   latGETnl: 667261248 # GET request latency on next level
   latGETnet: 0 # GET request latency on network to next level
  l2-3: # Cache stats
   hGETS: 23510 # GETS hits
   hGETX: 5646 # GETX hits
   mGETS: 8603514 # GETS misses
   mGETXIM: 34694 # GETX I->M misses
   mGETXSM: 466488 # GETX S->M misses (upgrade misses)
   PUTS: 8138045 # Clean evictions (from lower level)
   PUTX: 41801 # Dirty evictions (from lower level)
   INV: 502386 # Invalidates (from upper level)
   INVX: 622616 # Downgrades (from upper level)
   FWD: 0 # Forwards (from upper level)
   latGETnl: 679091894 # GET request latency on next level
   latGETnet: 0 # GET request latency on network to next level
  l2-4: # Cache stats
   hGETS: 18195 # GETS hits
   hGETX: 3648 # GETX hits
   mGETS: 8606798 # GETS misses
   mGETXIM: 36909 # GETX I->M misses
   mGETXSM: 467427 # GETX S->M misses (upgrade misses)
   PUTS: 8135776 # Clean evictions (from lower level)
   PUTX: 41764 # Dirty evictions (from lower level)
   INV: 503318 # Invalidates (from upper level)
   INVX: 624549 # Downgrades (from upper level)
   FWD: 0 # Forwards (from upper level)
   latGETnl: 668336364 # GET request latency on next level
   latGETnet: 0 # GET request latency on network to next level
  l2-5: # Cache stats
   hGETS: 24186 # GETS hits
   hGETX: 3144 # GETX hits
   mGETS: 8605109 # GETS misses
   mGETXIM: 36308 # GETX I->M misses
   mGETXSM: 470626 # GETX S->M misses (upgrade misses)
   PUTS: 8136684 # Clean evictions (from lower level)
   PUTX: 41921 # Dirty evictions (from lower level)
   INV: 505188 # Invalidates (from upper level)
   INVX: 641347 # Downgrades (from upper level)
   FWD: 0 # Forwards (from upper level)
   latGETnl: 667695244 # GET request latency on next level
   latGETnet: 0 # GET request latency on network to next level
  l2-6: # Cache stats
   hGETS: 24591 # GETS hits
   hGETX: 4422 # GETX hits
   mGETS: 8604720 # GETS misses
   mGETXIM: 35120 # GETX I->M misses
   mGETXSM: 469860 # GETX S->M misses (upgrade misses)
   PUTS: 8137248 # Clean evictions (from lower level)
   PUTX: 42109 # Dirty evictions (from lower level)
   INV: 504035 # Invalidates (from upper level)
   INVX: 639820 # Downgrades (from upper level)
   FWD: 0 # Forwards (from upper level)
   latGETnl: 665145971 # GET request latency on next level
   latGETnet: 0 # GET request latency on network to next level
  l2-7: # Cache stats
   hGETS: 23219 # GETS hits
   hGETX: 3343 # GETX hits
   mGETS: 8606741 # GETS misses
   mGETXIM: 36333 # GETX I->M misses
   mGETXSM: 471561 # GETX S->M misses (upgrade misses)
   PUTS: 8138345 # Clean evictions (from lower level)
   PUTX: 42254 # Dirty evictions (from lower level)
   INV: 504425 # Invalidates (from upper level)
   INVX: 633853 # Downgrades (from upper level)
   FWD: 0 # Forwards (from upper level)
   latGETnl: 667700640 # GET request latency on next level
   latGETnet: 0 # GET request latency on network to next level
 l3: # Cache stats
  l3-0b0: # Cache stats
   hGETS: 2043345 # GETS hits
   hGETX: 15713 # GETX hits
   mGETS: 5266230 # GETS misses
   mGETXIM: 25642 # GETX I->M misses
   mGETXSM: 0 # GETX S->M misses (upgrade misses)
   PUTS: 7282006 # Clean evictions (from lower level)
   PUTX: 59889 # Dirty evictions (from lower level)
   INV: 0 # Invalidates (from upper level)
   INVX: 0 # Downgrades (from upper level)
   FWD: 0 # Forwards (from upper level)
   latGETnl: 476268480 # GET request latency on next level
   latGETnet: 0 # GET request latency on network to next level
  l3-0b1: # Cache stats
   hGETS: 2025245 # GETS hits
   hGETX: 21218 # GETX hits
   mGETS: 5289342 # GETS misses
   mGETXIM: 24933 # GETX I->M misses
   mGETXSM: 0 # GETX S->M misses (upgrade misses)
   PUTS: 7286003 # Clean evictions (from lower level)
   PUTX: 63763 # Dirty evictions (from lower level)
   INV: 0 # Invalidates (from upper level)
   INVX: 0 # Downgrades (from upper level)
   FWD: 0 # Forwards (from upper level)
   latGETnl: 478284750 # GET request latency on next level
   latGETnet: 0 # GET request latency on network to next level
  l3-0b2: # Cache stats
   hGETS: 2886601 # GETS hits
   hGETX: 880917 # GETX hits
   mGETS: 5277429 # GETS misses
   mGETXIM: 25571 # GETX I->M misses
   mGETXSM: 0 # GETX S->M misses (upgrade misses)
   PUTS: 7286131 # Clean evictions (from lower level)
   PUTX: 59099 # Dirty evictions (from lower level)
   INV: 0 # Invalidates (from upper level)
   INVX: 0 # Downgrades (from upper level)
   FWD: 0 # Forwards (from upper level)
   latGETnl: 477270000 # GET request latency on next level
   latGETnet: 0 # GET request latency on network to next level
  l3-0b3: # Cache stats
   hGETS: 7735910 # GETS hits
   hGETX: 885237 # GETX hits
   mGETS: 3653981 # GETS misses
   mGETXIM: 26390 # GETX I->M misses
   mGETXSM: 0 # GETX S->M misses (upgrade misses)
   PUTS: 10506274 # Clean evictions (from lower level)
   PUTX: 59384 # Dirty evictions (from lower level)
   INV: 0 # Invalidates (from upper level)
   INVX: 0 # Downgrades (from upper level)
   FWD: 0 # Forwards (from upper level)
   latGETnl: 331233390 # GET request latency on next level
   latGETnet: 0 # GET request latency on network to next level
  l3-0b4: # Cache stats
   hGETS: 7885529 # GETS hits
   hGETX: 881870 # GETX hits
   mGETS: 3594110 # GETS misses
   mGETXIM: 28014 # GETX I->M misses
   mGETXSM: 0 # GETX S->M misses (upgrade misses)
   PUTS: 10606422 # Clean evictions (from lower level)
   PUTX: 59546 # Dirty evictions (from lower level)
   INV: 0 # Invalidates (from upper level)
   INVX: 0 # Downgrades (from upper level)
   FWD: 0 # Forwards (from upper level)
   latGETnl: 325991160 # GET request latency on next level
   latGETnet: 0 # GET request latency on network to next level
  l3-0b5: # Cache stats
   hGETS: 3280206 # GETS hits
   hGETX: 1223741 # GETX hits
   mGETS: 5241753 # GETS misses
   mGETXIM: 25203 # GETX I->M misses
   mGETXSM: 0 # GETX S->M misses (upgrade misses)
   PUTS: 7405199 # Clean evictions (from lower level)
   PUTX: 60757 # Dirty evictions (from lower level)
   INV: 0 # Invalidates (from upper level)
   INVX: 0 # Downgrades (from upper level)
   FWD: 0 # Forwards (from upper level)
   latGETnl: 474026040 # GET request latency on next level
   latGETnet: 0 # GET request latency on network to next level
  l3-0b6: # Cache stats
   hGETS: 2183415 # GETS hits
   hGETX: 73208 # GETX hits
   mGETS: 5290920 # GETS misses
   mGETXIM: 26027 # GETX I->M misses
   mGETXSM: 0 # GETX S->M misses (upgrade misses)
   PUTS: 7289345 # Clean evictions (from lower level)
   PUTX: 61175 # Dirty evictions (from lower level)
   INV: 0 # Invalidates (from upper level)
   INVX: 0 # Downgrades (from upper level)
   FWD: 0 # Forwards (from upper level)
   latGETnl: 478525230 # GET request latency on next level
   latGETnet: 0 # GET request latency on network to next level
  l3-0b7: # Cache stats
   hGETS: 2041934 # GETS hits
   hGETX: 15406 # GETX hits
   mGETS: 5268730 # GETS misses
   mGETXIM: 26213 # GETX I->M misses
   mGETXSM: 0 # GETX S->M misses (upgrade misses)
   PUTS: 7282366 # Clean evictions (from lower level)
   PUTX: 59840 # Dirty evictions (from lower level)
   INV: 0 # Invalidates (from upper level)
   INVX: 0 # Downgrades (from upper level)
   FWD: 0 # Forwards (from upper level)
   latGETnl: 476544870 # GET request latency on next level
   latGETnet: 0 # GET request latency on network to next level
 mem: # Memory controller stats
  mem-0: # Memory controller stats
   rd: 7083718 # Read requests
   wr: 68802 # Write requests
   rdlat: 962227971 # Total latency experienced by read requests
   wrlat: 10550798 # Total latency experienced by write requests
   rdhits: 59025 # Read row hits
   wrhits: 290 # Write row hits
   mlh: # latency histogram for memory requests
    0: 0
    1: 0
    2: 0
    3: 0
    4: 0
    5: 0
    6: 0
    7: 0
    8: 0
    9: 0
    10: 0
    11: 7196
    12: 9567
    13: 6597848
    14: 263706
    15: 24359
    16: 12349
    17: 14908
    18: 14276
    19: 12291
    20: 10141
    21: 9685
    22: 6085
    23: 8331
    24: 9349
    25: 5435
    26: 3674
    27: 3846
    28: 4395
    29: 4330
    30: 4358
    31: 3774
    32: 4492
    33: 4441
    34: 4249
    35: 3879
    36: 4125
    37: 4554
    38: 4436
    39: 4468
    40: 3949
    41: 4615
    42: 4275
    43: 2350
    44: 1126
    45: 1031
    46: 717
    47: 730
    48: 206
    49: 40
    50: 34
    51: 21
    52: 24
    53: 22
    54: 12
    55: 8
    56: 6
    57: 2
    58: 1
    59: 2
    60: 0
    61: 0
    62: 0
    63: 0
    64: 0
    65: 0
    66: 0
    67: 0
    68: 0
    69: 0
    70: 0
    71: 0
    72: 0
    73: 0
    74: 0
    75: 0
    76: 0
    77: 0
    78: 0
    79: 0
    80: 0
    81: 0
    82: 0
    83: 0
    84: 0
    85: 0
    86: 0
    87: 0
    88: 0
    89: 0
    90: 0
    91: 0
    92: 0
    93: 0
    94: 0
    95: 0
    96: 0
    97: 0
    98: 0
    99: 0
  mem-1: # Memory controller stats
   rd: 10647482 # Read requests
   wr: 75692 # Write requests
   rdlat: 1455789502 # Total latency experienced by read requests
   wrlat: 12576675 # Total latency experienced by write requests
   rdhits: 113709 # Read row hits
   wrhits: 415 # Write row hits
   mlh: # latency histogram for memory requests
    0: 0
    1: 0
    2: 0
    3: 0
    4: 0
    5: 0
    6: 0
    7: 0
    8: 0
    9: 1
    10: 0
    11: 16223
    12: 20942
    13: 9473018
    14: 702233
    15: 76658
    16: 34576
    17: 38568
    18: 29453
    19: 26050
    20: 24414
    21: 25254
    22: 14613
    23: 17282
    24: 12003
    25: 8529
    26: 5950
    27: 5920
    28: 6696
    29: 6683
    30: 6783
    31: 6428
    32: 7039
    33: 6881
    34: 6778
    35: 6719
    36: 6639
    37: 7274
    38: 6667
    39: 6855
    40: 6599
    41: 6971
    42: 6852
    43: 4372
    44: 2745
    45: 2354
    46: 2121
    47: 1204
    48: 612
    49: 145
    50: 110
    51: 79
    52: 62
    53: 42
    54: 36
    55: 19
    56: 16
    57: 3
    58: 4
    59: 3
    60: 2
    61: 1
    62: 0
    63: 0
    64: 0
    65: 0
    66: 0
    67: 1
    68: 0
    69: 0
    70: 0
    71: 0
    72: 0
    73: 0
    74: 0
    75: 0
    76: 0
    77: 0
    78: 0
    79: 0
    80: 0
    81: 0
    82: 0
    83: 0
    84: 0
    85: 0
    86: 0
    87: 0
    88: 0
    89: 0
    90: 0
    91: 0
    92: 0
    93: 0
    94: 0
    95: 0
    96: 0
    97: 0
    98: 0
    99: 0
  mem-2: # Memory controller stats
   rd: 10650259 # Read requests
   wr: 74278 # Write requests
   rdlat: 1453661751 # Total latency experienced by read requests
   wrlat: 12233965 # Total latency experienced by write requests
   rdhits: 111301 # Read row hits
   wrhits: 415 # Write row hits
   mlh: # latency histogram for memory requests
    0: 0
    1: 0
    2: 0
    3: 0
    4: 0
    5: 0
    6: 0
    7: 0
    8: 0
    9: 0
    10: 0
    11: 15749
    12: 21192
    13: 9552463
    14: 670909
    15: 69285
    16: 31584
    17: 26289
    18: 25896
    19: 24777
    20: 24931
    21: 24154
    22: 10422
    23: 10641
    24: 10187
    25: 7726
    26: 5119
    27: 5198
    28: 5953
    29: 6125
    30: 6248
    31: 6244
    32: 7058
    33: 6930
    34: 6954
    35: 6702
    36: 6697
    37: 7060
    38: 6849
    39: 6945
    40: 6394
    41: 7337
    42: 6926
    43: 4747
    44: 2713
    45: 2097
    46: 1552
    47: 1284
    48: 565
    49: 120
    50: 64
    51: 53
    52: 37
    53: 36
    54: 17
    55: 9
    56: 8
    57: 6
    58: 6
    59: 0
    60: 1
    61: 0
    62: 0
    63: 0
    64: 0
    65: 0
    66: 0
    67: 0
    68: 0
    69: 0
    70: 0
    71: 0
    72: 0
    73: 0
    74: 0
    75: 0
    76: 0
    77: 0
    78: 0
    79: 0
    80: 0
    81: 0
    82: 0
    83: 0
    84: 0
    85: 0
    86: 0
    87: 0
    88: 0
    89: 0
    90: 0
    91: 0
    92: 0
    93: 0
    94: 0
    95: 0
    96: 0
    97: 0
    98: 0
    99: 0
  mem-3: # Memory controller stats
   rd: 10709015 # Read requests
   wr: 72460 # Write requests
   rdlat: 1456566612 # Total latency experienced by read requests
   wrlat: 11861660 # Total latency experienced by write requests
   rdhits: 111741 # Read row hits
   wrhits: 421 # Write row hits
   mlh: # latency histogram for memory requests
    0: 0
    1: 0
    2: 0
    3: 0
    4: 0
    5: 0
    6: 0
    7: 0
    8: 0
    9: 1
    10: 0
    11: 11968
    12: 16093
    13: 9997148
    14: 398304
    15: 27558
    16: 15640
    17: 12867
    18: 11972
    19: 13985
    20: 14756
    21: 16251
    22: 10301
    23: 11871
    24: 11735
    25: 9465
    26: 6066
    27: 6060
    28: 6989
    29: 7341
    30: 6618
    31: 6055
    32: 7470
    33: 7162
    34: 7097
    35: 6278
    36: 6573
    37: 7439
    38: 7210
    39: 7073
    40: 6035
    41: 7343
    42: 7138
    43: 4862
    44: 2462
    45: 2208
    46: 1691
    47: 1355
    48: 290
    49: 60
    50: 63
    51: 47
    52: 38
    53: 32
    54: 18
    55: 13
    56: 6
    57: 4
    58: 1
    59: 1
    60: 0
    61: 1
    62: 0
    63: 1
    64: 0
    65: 0
    66: 0
    67: 0
    68: 0
    69: 0
    70: 0
    71: 0
    72: 0
    73: 0
    74: 0
    75: 0
    76: 0
    77: 0
    78: 0
    79: 0
    80: 0
    81: 0
    82: 0
    83: 0
    84: 0
    85: 0
    86: 0
    87: 0
    88: 0
    89: 0
    90: 0
    91: 0
    92: 0
    93: 0
    94: 0
    95: 0
    96: 0
    97: 0
    98: 0
    99: 0
 sched: # Scheduler stats
  thCr: 9 # Threads created
  thFn: 0 # Threads finished
  schedEvs: 9 # Schedule events
  waitEvs: 1 # Wait events
  handoffEvs: 0 # Handoff events
  sleepEvs: 0 # Sleep events
  idlePhases: 0 # Phases with no thread active
  idlePeriods: 0 # Periods with no thread active
  occHist: # Occupancy histogram
   0: 0
   1: 6875
   2: 0
   3: 1
   4: 0
   5: 0
   6: 0
   7: 0
   8: 87199
  rqSzHist: # Run queue size histogram
   0: 94075
   1: 0
   2: 0
   3: 0
   4: 0
   5: 0
   6: 0
   7: 0
   8: 0
   9: 0
   10: 0
   11: 0
   12: 0
   13: 0
   14: 0
   15: 0
   16: 0
 procCycles: # Per-process unhalted core cycles
  0: 6961782862
  1: 0
  2: 0
  3: 0
  4: 0
  5: 0
  6: 0
  7: 0
  8: 0
  9: 0
  10: 0
  11: 0
  12: 0
  13: 0
  14: 0
  15: 0
  16: 0
  17: 0
  18: 0
  19: 0
  20: 0
  21: 0
  22: 0
  23: 0
  24: 0
  25: 0
  26: 0
  27: 0
  28: 0
  29: 0
  30: 0
  31: 0
  32: 0
  33: 0
  34: 0
  35: 0
  36: 0
  37: 0
  38: 0
  39: 0
  40: 0
  41: 0
  42: 0
  43: 0
  44: 0
  45: 0
  46: 0
  47: 0
  48: 0
  49: 0
  50: 0
  51: 0
  52: 0
  53: 0
  54: 0
  55: 0
  56: 0
  57: 0
  58: 0
  59: 0
  60: 0
  61: 0
  62: 0
  63: 0
 procInstrs: # Per-process instructions
  0: 5000057564
  1: 0
  2: 0
  3: 0
  4: 0
  5: 0
  6: 0
  7: 0
  8: 0
  9: 0
  10: 0
  11: 0
  12: 0
  13: 0
  14: 0
  15: 0
  16: 0
  17: 0
  18: 0
  19: 0
  20: 0
  21: 0
  22: 0
  23: 0
  24: 0
  25: 0
  26: 0
  27: 0
  28: 0
  29: 0
  30: 0
  31: 0
  32: 0
  33: 0
  34: 0
  35: 0
  36: 0
  37: 0
  38: 0
  39: 0
  40: 0
  41: 0
  42: 0
  43: 0
  44: 0
  45: 0
  46: 0
  47: 0
  48: 0
  49: 0
  50: 0
  51: 0
  52: 0
  53: 0
  54: 0
  55: 0
  56: 0
  57: 0
  58: 0
  59: 0
  60: 0
  61: 0
  62: 0
  63: 0
 heartbeats: # Per-process heartbeats
  0: 0
  1: 0
  2: 0
  3: 0
  4: 0
  5: 0
  6: 0
  7: 0
  8: 0
  9: 0
  10: 0
  11: 0
  12: 0
  13: 0
  14: 0
  15: 0
  16: 0
  17: 0
  18: 0
  19: 0
  20: 0
  21: 0
  22: 0
  23: 0
  24: 0
  25: 0
  26: 0
  27: 0
  28: 0
  29: 0
  30: 0
  31: 0
  32: 0
  33: 0
  34: 0
  35: 0
  36: 0
  37: 0
  38: 0
  39: 0
  40: 0
  41: 0
  42: 0
  43: 0
  44: 0
  45: 0
  46: 0
  47: 0
  48: 0
  49: 0
  50: 0
  51: 0
  52: 0
  53: 0
  54: 0
  55: 0
  56: 0
  57: 0
  58: 0
  59: 0
  60: 0
  61: 0
  62: 0
  63: 0
===
