# zsim stats
===
root: # Stats
 contention: # Contention simulation stats
  domain-0: # Domain stats
   time: 7234455711 # Weave simulation time
 time: # Simulator time breakdown
  init: 2613970081
  bound: 439884467798
  weave: 9075118974
  ff: 0
 trigger: 20000 # Reason for this stats dump
 phase: 47062 # Simulated phases
 westmere: # Core stats
  westmere-0: # Core stats
   cycles: 470079351 # Simulated unhalted cycles
   cCycles: 15399961 # Cycles due to contention stalls
   instrs: 660537790 # Simulated instructions
   uops: 732304588 # Retired micro-ops
   bbls: 101121257 # Basic blocks
   approxInstrs: 208330 # Instrs with approx uop decoding
   mispredBranches: 6552929 # Mispredicted branches
   condBranches: 91839970 # conditional branches
  westmere-1: # Core stats
   cycles: 470604707 # Simulated unhalted cycles
   cCycles: 29709604 # Cycles due to contention stalls
   instrs: 586480548 # Simulated instructions
   uops: 685583287 # Retired micro-ops
   bbls: 71705891 # Basic blocks
   approxInstrs: 137481 # Instrs with approx uop decoding
   mispredBranches: 2925178 # Mispredicted branches
   condBranches: 63903977 # conditional branches
  westmere-2: # Core stats
   cycles: 470601335 # Simulated unhalted cycles
   cCycles: 27836454 # Cycles due to contention stalls
   instrs: 618714305 # Simulated instructions
   uops: 727293999 # Retired micro-ops
   bbls: 73074862 # Basic blocks
   approxInstrs: 171588 # Instrs with approx uop decoding
   mispredBranches: 3574049 # Mispredicted branches
   condBranches: 64107813 # conditional branches
  westmere-3: # Core stats
   cycles: 470601647 # Simulated unhalted cycles
   cCycles: 26467620 # Cycles due to contention stalls
   instrs: 606118865 # Simulated instructions
   uops: 698816629 # Retired micro-ops
   bbls: 78930316 # Basic blocks
   approxInstrs: 163060 # Instrs with approx uop decoding
   mispredBranches: 3584269 # Mispredicted branches
   condBranches: 70882413 # conditional branches
  westmere-4: # Core stats
   cycles: 470601361 # Simulated unhalted cycles
   cCycles: 17064128 # Cycles due to contention stalls
   instrs: 645630048 # Simulated instructions
   uops: 719737780 # Retired micro-ops
   bbls: 97395637 # Basic blocks
   approxInstrs: 200225 # Instrs with approx uop decoding
   mispredBranches: 6459523 # Mispredicted branches
   condBranches: 88045286 # conditional branches
  westmere-5: # Core stats
   cycles: 470601565 # Simulated unhalted cycles
   cCycles: 18704158 # Cycles due to contention stalls
   instrs: 650845273 # Simulated instructions
   uops: 746325329 # Retired micro-ops
   bbls: 88224900 # Basic blocks
   approxInstrs: 181717 # Instrs with approx uop decoding
   mispredBranches: 5658182 # Mispredicted branches
   condBranches: 78573815 # conditional branches
  westmere-6: # Core stats
   cycles: 469806952 # Simulated unhalted cycles
   cCycles: 24984735 # Cycles due to contention stalls
   instrs: 635501939 # Simulated instructions
   uops: 737665980 # Retired micro-ops
   bbls: 79944650 # Basic blocks
   approxInstrs: 166355 # Instrs with approx uop decoding
   mispredBranches: 3759081 # Mispredicted branches
   condBranches: 71116448 # conditional branches
  westmere-7: # Core stats
   cycles: 470602180 # Simulated unhalted cycles
   cCycles: 31918843 # Cycles due to contention stalls
   instrs: 596251956 # Simulated instructions
   uops: 711442036 # Retired micro-ops
   bbls: 65365966 # Basic blocks
   approxInstrs: 152474 # Instrs with approx uop decoding
   mispredBranches: 1862991 # Mispredicted branches
   condBranches: 57458672 # conditional branches
 l1i: # Cache stats
  l1i-0: # Filter cache stats
   fhGETS: 143251509 # Filtered GETS hits
   fhGETX: 0 # Filtered GETX hits
   hGETS: 631623 # GETS hits
   hGETX: 0 # GETX hits
   mGETS: 144090 # GETS misses
   mGETXIM: 0 # GETX I->M misses
   mGETXSM: 0 # GETX S->M misses (upgrade misses)
   PUTS: 0 # Clean evictions (from lower level)
   PUTX: 0 # Dirty evictions (from lower level)
   INV: 0 # Invalidates (from upper level)
   INVX: 0 # Downgrades (from upper level)
   FWD: 0 # Forwards (from upper level)
   latGETnl: 1714578 # GET request latency on next level
   latGETnet: 0 # GET request latency on network to next level
  l1i-1: # Filter cache stats
   fhGETS: 92386798 # Filtered GETS hits
   fhGETX: 0 # Filtered GETX hits
   hGETS: 485781 # GETS hits
   hGETX: 0 # GETX hits
   mGETS: 57260 # GETS misses
   mGETXIM: 0 # GETX I->M misses
   mGETXSM: 0 # GETX S->M misses (upgrade misses)
   PUTS: 0 # Clean evictions (from lower level)
   PUTX: 0 # Dirty evictions (from lower level)
   INV: 0 # Invalidates (from upper level)
   INVX: 0 # Downgrades (from upper level)
   FWD: 0 # Forwards (from upper level)
   latGETnl: 683132 # GET request latency on next level
   latGETnet: 0 # GET request latency on network to next level
  l1i-2: # Filter cache stats
   fhGETS: 100314461 # Filtered GETS hits
   fhGETX: 0 # Filtered GETX hits
   hGETS: 680800 # GETS hits
   hGETX: 0 # GETX hits
   mGETS: 69733 # GETS misses
   mGETXIM: 0 # GETX I->M misses
   mGETXSM: 0 # GETX S->M misses (upgrade misses)
   PUTS: 0 # Clean evictions (from lower level)
   PUTX: 0 # Dirty evictions (from lower level)
   INV: 2 # Invalidates (from upper level)
   INVX: 0 # Downgrades (from upper level)
   FWD: 0 # Forwards (from upper level)
   latGETnl: 871138 # GET request latency on next level
   latGETnet: 0 # GET request latency on network to next level
  l1i-3: # Filter cache stats
   fhGETS: 103712999 # Filtered GETS hits
   fhGETX: 0 # Filtered GETX hits
   hGETS: 534112 # GETS hits
   hGETX: 0 # GETX hits
   mGETS: 72835 # GETS misses
   mGETXIM: 0 # GETX I->M misses
   mGETXSM: 0 # GETX S->M misses (upgrade misses)
   PUTS: 0 # Clean evictions (from lower level)
   PUTX: 0 # Dirty evictions (from lower level)
   INV: 1 # Invalidates (from upper level)
   INVX: 0 # Downgrades (from upper level)
   FWD: 0 # Forwards (from upper level)
   latGETnl: 896530 # GET request latency on next level
   latGETnet: 0 # GET request latency on network to next level
  l1i-4: # Filter cache stats
   fhGETS: 138591560 # Filtered GETS hits
   fhGETX: 0 # Filtered GETX hits
   hGETS: 540175 # GETS hits
   hGETX: 0 # GETX hits
   mGETS: 138928 # GETS misses
   mGETXIM: 0 # GETX I->M misses
   mGETXSM: 0 # GETX S->M misses (upgrade misses)
   PUTS: 0 # Clean evictions (from lower level)
   PUTX: 0 # Dirty evictions (from lower level)
   INV: 0 # Invalidates (from upper level)
   INVX: 0 # Downgrades (from upper level)
   FWD: 0 # Forwards (from upper level)
   latGETnl: 1638880 # GET request latency on next level
   latGETnet: 0 # GET request latency on network to next level
  l1i-5: # Filter cache stats
   fhGETS: 127370645 # Filtered GETS hits
   fhGETX: 0 # Filtered GETX hits
   hGETS: 589119 # GETS hits
   hGETX: 0 # GETX hits
   mGETS: 111526 # GETS misses
   mGETXIM: 0 # GETX I->M misses
   mGETXSM: 0 # GETX S->M misses (upgrade misses)
   PUTS: 0 # Clean evictions (from lower level)
   PUTX: 0 # Dirty evictions (from lower level)
   INV: 4 # Invalidates (from upper level)
   INVX: 0 # Downgrades (from upper level)
   FWD: 0 # Forwards (from upper level)
   latGETnl: 1384666 # GET request latency on next level
   latGETnet: 0 # GET request latency on network to next level
  l1i-6: # Filter cache stats
   fhGETS: 108188950 # Filtered GETS hits
   fhGETX: 0 # Filtered GETX hits
   hGETS: 583991 # GETS hits
   hGETX: 0 # GETX hits
   mGETS: 86041 # GETS misses
   mGETXIM: 0 # GETX I->M misses
   mGETXSM: 0 # GETX S->M misses (upgrade misses)
   PUTS: 0 # Clean evictions (from lower level)
   PUTX: 0 # Dirty evictions (from lower level)
   INV: 0 # Invalidates (from upper level)
   INVX: 0 # Downgrades (from upper level)
   FWD: 0 # Forwards (from upper level)
   latGETnl: 1051264 # GET request latency on next level
   latGETnet: 0 # GET request latency on network to next level
  l1i-7: # Filter cache stats
   fhGETS: 82025103 # Filtered GETS hits
   fhGETX: 0 # Filtered GETX hits
   hGETS: 600478 # GETS hits
   hGETX: 0 # GETX hits
   mGETS: 40375 # GETS misses
   mGETXIM: 0 # GETX I->M misses
   mGETXSM: 0 # GETX S->M misses (upgrade misses)
   PUTS: 0 # Clean evictions (from lower level)
   PUTX: 0 # Dirty evictions (from lower level)
   INV: 0 # Invalidates (from upper level)
   INVX: 0 # Downgrades (from upper level)
   FWD: 0 # Forwards (from upper level)
   latGETnl: 500524 # GET request latency on next level
   latGETnet: 0 # GET request latency on network to next level
 l1d: # Cache stats
  l1d-0: # Filter cache stats
   fhGETS: 170099124 # Filtered GETS hits
   fhGETX: 55256013 # Filtered GETX hits
   hGETS: 14722992 # GETS hits
   hGETX: 7654050 # GETX hits
   mGETS: 1879519 # GETS misses
   mGETXIM: 1344346 # GETX I->M misses
   mGETXSM: 4956 # GETX S->M misses (upgrade misses)
   PUTS: 0 # Clean evictions (from lower level)
   PUTX: 0 # Dirty evictions (from lower level)
   INV: 7031 # Invalidates (from upper level)
   INVX: 2991 # Downgrades (from upper level)
   FWD: 0 # Forwards (from upper level)
   latGETnl: 87524618 # GET request latency on next level
   latGETnet: 0 # GET request latency on network to next level
  l1d-1: # Filter cache stats
   fhGETS: 169625160 # Filtered GETS hits
   fhGETX: 31098985 # Filtered GETX hits
   hGETS: 9231296 # GETS hits
   hGETX: 2999028 # GETX hits
   mGETS: 1137797 # GETS misses
   mGETXIM: 899731 # GETX I->M misses
   mGETXSM: 8405 # GETX S->M misses (upgrade misses)
   PUTS: 0 # Clean evictions (from lower level)
   PUTX: 0 # Dirty evictions (from lower level)
   INV: 7848 # Invalidates (from upper level)
   INVX: 6599 # Downgrades (from upper level)
   FWD: 0 # Forwards (from upper level)
   latGETnl: 130281174 # GET request latency on next level
   latGETnet: 0 # GET request latency on network to next level
  l1d-2: # Filter cache stats
   fhGETS: 170988842 # Filtered GETS hits
   fhGETX: 41392835 # Filtered GETX hits
   hGETS: 9856930 # GETS hits
   hGETX: 3202698 # GETX hits
   mGETS: 1088854 # GETS misses
   mGETXIM: 910551 # GETX I->M misses
   mGETXSM: 6665 # GETX S->M misses (upgrade misses)
   PUTS: 0 # Clean evictions (from lower level)
   PUTX: 0 # Dirty evictions (from lower level)
   INV: 10254 # Invalidates (from upper level)
   INVX: 6553 # Downgrades (from upper level)
   FWD: 0 # Forwards (from upper level)
   latGETnl: 122908789 # GET request latency on next level
   latGETnet: 0 # GET request latency on network to next level
  l1d-3: # Filter cache stats
   fhGETS: 171529466 # Filtered GETS hits
   fhGETX: 37515724 # Filtered GETX hits
   hGETS: 10326013 # GETS hits
   hGETX: 4349388 # GETX hits
   mGETS: 1404747 # GETS misses
   mGETXIM: 989087 # GETX I->M misses
   mGETXSM: 6707 # GETX S->M misses (upgrade misses)
   PUTS: 0 # Clean evictions (from lower level)
   PUTX: 0 # Dirty evictions (from lower level)
   INV: 7824 # Invalidates (from upper level)
   INVX: 4481 # Downgrades (from upper level)
   FWD: 0 # Forwards (from upper level)
   latGETnl: 122136866 # GET request latency on next level
   latGETnet: 0 # GET request latency on network to next level
  l1d-4: # Filter cache stats
   fhGETS: 168877105 # Filtered GETS hits
   fhGETX: 52683134 # Filtered GETX hits
   hGETS: 14703691 # GETS hits
   hGETX: 7285822 # GETX hits
   mGETS: 1703129 # GETS misses
   mGETXIM: 1296207 # GETX I->M misses
   mGETXSM: 4668 # GETX S->M misses (upgrade misses)
   PUTS: 0 # Clean evictions (from lower level)
   PUTX: 0 # Dirty evictions (from lower level)
   INV: 5542 # Invalidates (from upper level)
   INVX: 2709 # Downgrades (from upper level)
   FWD: 0 # Forwards (from upper level)
   latGETnl: 90689779 # GET request latency on next level
   latGETnet: 0 # GET request latency on network to next level
  l1d-5: # Filter cache stats
   fhGETS: 175652699 # Filtered GETS hits
   fhGETX: 57230149 # Filtered GETX hits
   hGETS: 13543126 # GETS hits
   hGETX: 7741928 # GETX hits
   mGETS: 2216634 # GETS misses
   mGETXIM: 1212346 # GETX I->M misses
   mGETXSM: 5881 # GETX S->M misses (upgrade misses)
   PUTS: 0 # Clean evictions (from lower level)
   PUTX: 0 # Dirty evictions (from lower level)
   INV: 11064 # Invalidates (from upper level)
   INVX: 4224 # Downgrades (from upper level)
   FWD: 0 # Forwards (from upper level)
   latGETnl: 101318291 # GET request latency on next level
   latGETnet: 0 # GET request latency on network to next level
  l1d-6: # Filter cache stats
   fhGETS: 175904579 # Filtered GETS hits
   fhGETX: 45146207 # Filtered GETX hits
   hGETS: 10675809 # GETS hits
   hGETX: 4617923 # GETX hits
   mGETS: 1358219 # GETS misses
   mGETXIM: 1033098 # GETX I->M misses
   mGETXSM: 6416 # GETX S->M misses (upgrade misses)
   PUTS: 0 # Clean evictions (from lower level)
   PUTX: 0 # Dirty evictions (from lower level)
   INV: 12969 # Invalidates (from upper level)
   INVX: 4539 # Downgrades (from upper level)
   FWD: 0 # Forwards (from upper level)
   latGETnl: 116990917 # GET request latency on next level
   latGETnet: 0 # GET request latency on network to next level
  l1d-7: # Filter cache stats
   fhGETS: 175812357 # Filtered GETS hits
   fhGETX: 32352135 # Filtered GETX hits
   hGETS: 7518643 # GETS hits
   hGETX: 2533997 # GETX hits
   mGETS: 1006481 # GETS misses
   mGETXIM: 850801 # GETX I->M misses
   mGETXSM: 9773 # GETX S->M misses (upgrade misses)
   PUTS: 0 # Clean evictions (from lower level)
   PUTX: 0 # Dirty evictions (from lower level)
   INV: 11601 # Invalidates (from upper level)
   INVX: 7799 # Downgrades (from upper level)
   FWD: 0 # Forwards (from upper level)
   latGETnl: 139254169 # GET request latency on next level
   latGETnet: 0 # GET request latency on network to next level
 l2: # Cache stats
  l2-0: # Cache stats
   hGETS: 1785644 # GETS hits
   hGETX: 1009747 # GETX hits
   mGETS: 237965 # GETS misses
   mGETXIM: 334599 # GETX I->M misses
   mGETXSM: 4956 # GETX S->M misses (upgrade misses)
   PUTS: 991786 # Clean evictions (from lower level)
   PUTX: 2368118 # Dirty evictions (from lower level)
   INV: 18854 # Invalidates (from upper level)
   INVX: 5937 # Downgrades (from upper level)
   FWD: 0 # Forwards (from upper level)
   latGETnl: 55510086 # GET request latency on next level
   latGETnet: 0 # GET request latency on network to next level
  l2-1: # Cache stats
   hGETS: 680818 # GETS hits
   hGETX: 376824 # GETX hits
   mGETS: 514239 # GETS misses
   mGETXIM: 522533 # GETX I->M misses
   mGETXSM: 8779 # GETX S->M misses (upgrade misses)
   PUTS: 827896 # Clean evictions (from lower level)
   PUTX: 1258025 # Dirty evictions (from lower level)
   INV: 12801 # Invalidates (from upper level)
   INVX: 9949 # Downgrades (from upper level)
   FWD: 0 # Forwards (from upper level)
   latGETnl: 109932376 # GET request latency on next level
   latGETnet: 0 # GET request latency on network to next level
  l2-2: # Cache stats
   hGETS: 696977 # GETS hits
   hGETX: 417472 # GETX hits
   mGETS: 461610 # GETS misses
   mGETXIM: 492085 # GETX I->M misses
   mGETXSM: 7659 # GETX S->M misses (upgrade misses)
   PUTS: 800903 # Clean evictions (from lower level)
   PUTX: 1256963 # Dirty evictions (from lower level)
   INV: 17031 # Invalidates (from upper level)
   INVX: 9783 # Downgrades (from upper level)
   FWD: 0 # Forwards (from upper level)
   latGETnl: 103021897 # GET request latency on next level
   latGETnet: 0 # GET request latency on network to next level
  l2-3: # Cache stats
   hGETS: 1028537 # GETS hits
   hGETX: 502833 # GETX hits
   mGETS: 449045 # GETS misses
   mGETXIM: 486179 # GETX I->M misses
   mGETXSM: 6782 # GETX S->M misses (upgrade misses)
   PUTS: 868663 # Clean evictions (from lower level)
   PUTX: 1589158 # Dirty evictions (from lower level)
   INV: 16312 # Invalidates (from upper level)
   INVX: 7457 # Downgrades (from upper level)
   FWD: 0 # Forwards (from upper level)
   latGETnl: 98299636 # GET request latency on next level
   latGETnet: 0 # GET request latency on network to next level
  l2-4: # Cache stats
   hGETS: 1583016 # GETS hits
   hGETX: 940992 # GETX hits
   mGETS: 259041 # GETS misses
   mGETXIM: 354545 # GETX I->M misses
   mGETXSM: 5338 # GETX S->M misses (upgrade misses)
   PUTS: 911737 # Clean evictions (from lower level)
   PUTX: 2219964 # Dirty evictions (from lower level)
   INV: 14395 # Invalidates (from upper level)
   INVX: 6339 # Downgrades (from upper level)
   FWD: 0 # Forwards (from upper level)
   latGETnl: 60899339 # GET request latency on next level
   latGETnet: 0 # GET request latency on network to next level
  l2-5: # Cache stats
   hGETS: 2018793 # GETS hits
   hGETX: 833780 # GETX hits
   mGETS: 309367 # GETS misses
   mGETXIM: 378141 # GETX I->M misses
   mGETXSM: 6306 # GETX S->M misses (upgrade misses)
   PUTS: 1121143 # Clean evictions (from lower level)
   PUTX: 2407278 # Dirty evictions (from lower level)
   INV: 22296 # Invalidates (from upper level)
   INVX: 7908 # Downgrades (from upper level)
   FWD: 0 # Forwards (from upper level)
   latGETnl: 67239087 # GET request latency on next level
   latGETnet: 0 # GET request latency on network to next level
  l2-6: # Cache stats
   hGETS: 1013070 # GETS hits
   hGETX: 561661 # GETX hits
   mGETS: 431190 # GETS misses
   mGETXIM: 471432 # GETX I->M misses
   mGETXSM: 6421 # GETX S->M misses (upgrade misses)
   PUTS: 838152 # Clean evictions (from lower level)
   PUTX: 1625217 # Dirty evictions (from lower level)
   INV: 31832 # Invalidates (from upper level)
   INVX: 6914 # Downgrades (from upper level)
   FWD: 0 # Forwards (from upper level)
   latGETnl: 93204441 # GET request latency on next level
   latGETnet: 0 # GET request latency on network to next level
  l2-7: # Cache stats
   hGETS: 478948 # GETS hits
   hGETX: 280338 # GETX hits
   mGETS: 567908 # GETS misses
   mGETXIM: 570327 # GETX I->M misses
   mGETXSM: 9909 # GETX S->M misses (upgrade misses)
   PUTS: 724084 # Clean evictions (from lower level)
   PUTX: 1160956 # Dirty evictions (from lower level)
   INV: 21499 # Invalidates (from upper level)
   INVX: 10539 # Downgrades (from upper level)
   FWD: 0 # Forwards (from upper level)
   latGETnl: 120680393 # GET request latency on next level
   latGETnet: 0 # GET request latency on network to next level
 l3: # Cache stats
  l3-0b0: # Cache stats
   hGETS: 28072 # GETS hits
   hGETX: 69831 # GETX hits
   mGETS: 370203 # GETS misses
   mGETXIM: 381099 # GETX I->M misses
   mGETXSM: 0 # GETX S->M misses (upgrade misses)
   PUTS: 365490 # Clean evictions (from lower level)
   PUTX: 464709 # Dirty evictions (from lower level)
   INV: 0 # Invalidates (from upper level)
   INVX: 0 # Downgrades (from upper level)
   FWD: 0 # Forwards (from upper level)
   latGETnl: 67617180 # GET request latency on next level
   latGETnet: 0 # GET request latency on network to next level
  l3-0b1: # Cache stats
   hGETS: 28572 # GETS hits
   hGETX: 71099 # GETX hits
   mGETS: 370295 # GETS misses
   mGETXIM: 381034 # GETX I->M misses
   mGETXSM: 0 # GETX S->M misses (upgrade misses)
   PUTS: 366257 # Clean evictions (from lower level)
   PUTX: 464455 # Dirty evictions (from lower level)
   INV: 0 # Invalidates (from upper level)
   INVX: 0 # Downgrades (from upper level)
   FWD: 0 # Forwards (from upper level)
   latGETnl: 67619610 # GET request latency on next level
   latGETnet: 0 # GET request latency on network to next level
  l3-0b2: # Cache stats
   hGETS: 32145 # GETS hits
   hGETX: 74333 # GETX hits
   mGETS: 370541 # GETS misses
   mGETXIM: 380750 # GETX I->M misses
   mGETXSM: 0 # GETX S->M misses (upgrade misses)
   PUTS: 366495 # Clean evictions (from lower level)
   PUTX: 465978 # Dirty evictions (from lower level)
   INV: 0 # Invalidates (from upper level)
   INVX: 0 # Downgrades (from upper level)
   FWD: 0 # Forwards (from upper level)
   latGETnl: 67616190 # GET request latency on next level
   latGETnet: 0 # GET request latency on network to next level
  l3-0b3: # Cache stats
   hGETS: 28407 # GETS hits
   hGETX: 69916 # GETX hits
   mGETS: 370671 # GETS misses
   mGETXIM: 381059 # GETX I->M misses
   mGETXSM: 0 # GETX S->M misses (upgrade misses)
   PUTS: 366137 # Clean evictions (from lower level)
   PUTX: 465275 # Dirty evictions (from lower level)
   INV: 0 # Invalidates (from upper level)
   INVX: 0 # Downgrades (from upper level)
   FWD: 0 # Forwards (from upper level)
   latGETnl: 67655700 # GET request latency on next level
   latGETnet: 0 # GET request latency on network to next level
  l3-0b4: # Cache stats
   hGETS: 29404 # GETS hits
   hGETX: 73053 # GETX hits
   mGETS: 370758 # GETS misses
   mGETXIM: 380853 # GETX I->M misses
   mGETXSM: 0 # GETX S->M misses (upgrade misses)
   PUTS: 365941 # Clean evictions (from lower level)
   PUTX: 467230 # Dirty evictions (from lower level)
   INV: 0 # Invalidates (from upper level)
   INVX: 0 # Downgrades (from upper level)
   FWD: 0 # Forwards (from upper level)
   latGETnl: 67644990 # GET request latency on next level
   latGETnet: 0 # GET request latency on network to next level
  l3-0b5: # Cache stats
   hGETS: 36389 # GETS hits
   hGETX: 81180 # GETX hits
   mGETS: 370463 # GETS misses
   mGETXIM: 380582 # GETX I->M misses
   mGETXSM: 0 # GETX S->M misses (upgrade misses)
   PUTS: 366256 # Clean evictions (from lower level)
   PUTX: 467337 # Dirty evictions (from lower level)
   INV: 0 # Invalidates (from upper level)
   INVX: 0 # Downgrades (from upper level)
   FWD: 0 # Forwards (from upper level)
   latGETnl: 67594050 # GET request latency on next level
   latGETnet: 0 # GET request latency on network to next level
  l3-0b6: # Cache stats
   hGETS: 51776 # GETS hits
   hGETX: 98343 # GETX hits
   mGETS: 370811 # GETS misses
   mGETXIM: 380821 # GETX I->M misses
   mGETXSM: 0 # GETX S->M misses (upgrade misses)
   PUTS: 363983 # Clean evictions (from lower level)
   PUTX: 466992 # Dirty evictions (from lower level)
   INV: 0 # Invalidates (from upper level)
   INVX: 0 # Downgrades (from upper level)
   FWD: 0 # Forwards (from upper level)
   latGETnl: 67646880 # GET request latency on next level
   latGETnet: 0 # GET request latency on network to next level
  l3-0b7: # Cache stats
   hGETS: 31408 # GETS hits
   hGETX: 81403 # GETX hits
   mGETS: 370450 # GETS misses
   mGETXIM: 380635 # GETX I->M misses
   mGETXSM: 0 # GETX S->M misses (upgrade misses)
   PUTS: 362290 # Clean evictions (from lower level)
   PUTX: 467635 # Dirty evictions (from lower level)
   INV: 0 # Invalidates (from upper level)
   INVX: 0 # Downgrades (from upper level)
   FWD: 0 # Forwards (from upper level)
   latGETnl: 67597650 # GET request latency on next level
   latGETnet: 0 # GET request latency on network to next level
 mem: # Memory controller stats
  mem-0: # Memory controller stats
   rd: 1503247 # Read requests
   wr: 798589 # Write requests
   rdlat: 205748350 # Total latency experienced by read requests
   wrlat: 129304205 # Total latency experienced by write requests
   rdhits: 704 # Read row hits
   wrhits: 1722 # Write row hits
   mlh: # latency histogram for memory requests
    0: 0
    1: 0
    2: 0
    3: 0
    4: 0
    5: 0
    6: 0
    7: 0
    8: 0
    9: 0
    10: 0
    11: 47
    12: 45
    13: 1367623
    14: 50159
    15: 25169
    16: 14510
    17: 2943
    18: 2752
    19: 2809
    20: 2659
    21: 2732
    22: 3746
    23: 5752
    24: 2799
    25: 1798
    26: 587
    27: 725
    28: 726
    29: 1102
    30: 781
    31: 1003
    32: 955
    33: 982
    34: 1377
    35: 949
    36: 1341
    37: 1064
    38: 840
    39: 792
    40: 829
    41: 912
    42: 970
    43: 483
    44: 250
    45: 327
    46: 202
    47: 141
    48: 84
    49: 47
    50: 36
    51: 28
    52: 28
    53: 17
    54: 29
    55: 14
    56: 10
    57: 9
    58: 7
    59: 10
    60: 3
    61: 2
    62: 6
    63: 5
    64: 4
    65: 2
    66: 3
    67: 4
    68: 2
    69: 2
    70: 1
    71: 2
    72: 2
    73: 1
    74: 1
    75: 1
    76: 1
    77: 0
    78: 1
    79: 0
    80: 0
    81: 1
    82: 0
    83: 1
    84: 0
    85: 0
    86: 0
    87: 0
    88: 0
    89: 0
    90: 0
    91: 0
    92: 0
    93: 1
    94: 0
    95: 0
    96: 0
    97: 0
    98: 0
    99: 1
  mem-1: # Memory controller stats
   rd: 1502497 # Read requests
   wr: 797747 # Write requests
   rdlat: 205652981 # Total latency experienced by read requests
   wrlat: 129484885 # Total latency experienced by write requests
   rdhits: 709 # Read row hits
   wrhits: 1802 # Write row hits
   mlh: # latency histogram for memory requests
    0: 0
    1: 0
    2: 0
    3: 0
    4: 0
    5: 0
    6: 0
    7: 0
    8: 0
    9: 0
    10: 0
    11: 41
    12: 50
    13: 1367631
    14: 49751
    15: 25091
    16: 14237
    17: 2918
    18: 2708
    19: 2827
    20: 2690
    21: 2752
    22: 3896
    23: 5597
    24: 2826
    25: 1805
    26: 622
    27: 677
    28: 693
    29: 1110
    30: 863
    31: 948
    32: 966
    33: 968
    34: 1411
    35: 935
    36: 1274
    37: 1041
    38: 808
    39: 860
    40: 852
    41: 895
    42: 887
    43: 471
    44: 258
    45: 321
    46: 190
    47: 177
    48: 87
    49: 45
    50: 39
    51: 30
    52: 27
    53: 27
    54: 24
    55: 19
    56: 23
    57: 17
    58: 16
    59: 8
    60: 6
    61: 9
    62: 8
    63: 13
    64: 8
    65: 2
    66: 2
    67: 2
    68: 4
    69: 4
    70: 4
    71: 3
    72: 0
    73: 0
    74: 0
    75: 1
    76: 0
    77: 2
    78: 1
    79: 2
    80: 5
    81: 1
    82: 2
    83: 0
    84: 1
    85: 1
    86: 0
    87: 3
    88: 1
    89: 1
    90: 0
    91: 0
    92: 0
    93: 0
    94: 0
    95: 0
    96: 0
    97: 0
    98: 1
    99: 1
  mem-2: # Memory controller stats
   rd: 1502303 # Read requests
   wr: 797612 # Write requests
   rdlat: 205617883 # Total latency experienced by read requests
   wrlat: 129134626 # Total latency experienced by write requests
   rdhits: 730 # Read row hits
   wrhits: 1736 # Write row hits
   mlh: # latency histogram for memory requests
    0: 0
    1: 0
    2: 0
    3: 0
    4: 0
    5: 0
    6: 0
    7: 0
    8: 0
    9: 0
    10: 0
    11: 35
    12: 52
    13: 1366407
    14: 50376
    15: 25146
    16: 14488
    17: 2894
    18: 2747
    19: 2890
    20: 2823
    21: 2727
    22: 3767
    23: 5691
    24: 2873
    25: 1845
    26: 570
    27: 687
    28: 696
    29: 1095
    30: 786
    31: 966
    32: 965
    33: 966
    34: 1411
    35: 956
    36: 1248
    37: 1070
    38: 887
    39: 868
    40: 846
    41: 899
    42: 911
    43: 444
    44: 249
    45: 272
    46: 233
    47: 140
    48: 89
    49: 38
    50: 42
    51: 34
    52: 28
    53: 20
    54: 18
    55: 9
    56: 12
    57: 9
    58: 7
    59: 4
    60: 7
    61: 3
    62: 4
    63: 3
    64: 5
    65: 3
    66: 2
    67: 0
    68: 1
    69: 2
    70: 1
    71: 1
    72: 0
    73: 4
    74: 3
    75: 0
    76: 4
    77: 1
    78: 0
    79: 0
    80: 1
    81: 3
    82: 2
    83: 0
    84: 0
    85: 3
    86: 1
    87: 1
    88: 1
    89: 0
    90: 0
    91: 2
    92: 1
    93: 2
    94: 1
    95: 2
    96: 0
    97: 1
    98: 0
    99: 2
  mem-3: # Memory controller stats
   rd: 1502974 # Read requests
   wr: 798325 # Write requests
   rdlat: 205686485 # Total latency experienced by read requests
   wrlat: 129609245 # Total latency experienced by write requests
   rdhits: 722 # Read row hits
   wrhits: 1708 # Write row hits
   mlh: # latency histogram for memory requests
    0: 0
    1: 0
    2: 0
    3: 0
    4: 0
    5: 0
    6: 0
    7: 0
    8: 0
    9: 0
    10: 0
    11: 38
    12: 40
    13: 1367380
    14: 50309
    15: 25182
    16: 14301
    17: 2948
    18: 2846
    19: 2899
    20: 2686
    21: 2763
    22: 3622
    23: 5665
    24: 2855
    25: 1778
    26: 590
    27: 703
    28: 699
    29: 1096
    30: 865
    31: 931
    32: 929
    33: 907
    34: 1469
    35: 932
    36: 1355
    37: 1124
    38: 901
    39: 830
    40: 808
    41: 896
    42: 881
    43: 464
    44: 240
    45: 314
    46: 216
    47: 138
    48: 80
    49: 42
    50: 38
    51: 31
    52: 33
    53: 24
    54: 25
    55: 13
    56: 10
    57: 8
    58: 11
    59: 12
    60: 8
    61: 7
    62: 2
    63: 5
    64: 4
    65: 1
    66: 1
    67: 1
    68: 3
    69: 1
    70: 0
    71: 1
    72: 3
    73: 2
    74: 0
    75: 1
    76: 1
    77: 1
    78: 0
    79: 1
    80: 0
    81: 1
    82: 0
    83: 0
    84: 0
    85: 0
    86: 0
    87: 1
    88: 0
    89: 0
    90: 1
    91: 0
    92: 0
    93: 0
    94: 0
    95: 0
    96: 0
    97: 0
    98: 1
    99: 0
 sched: # Scheduler stats
  thCr: 25 # Threads created
  thFn: 4 # Threads finished
  schedEvs: 167 # Schedule events
  waitEvs: 147 # Wait events
  handoffEvs: 32 # Handoff events
  sleepEvs: 0 # Sleep events
  idlePhases: 0 # Phases with no thread active
  idlePeriods: 0 # Periods with no thread active
  occHist: # Occupancy histogram
   0: 0
   1: 0
   2: 1
   3: 0
   4: 0
   5: 0
   6: 0
   7: 0
   8: 47061
  rqSzHist: # Run queue size histogram
   0: 90
   1: 1
   2: 6
   3: 21
   4: 14
   5: 2
   6: 32
   7: 4
   8: 44
   9: 1171
   10: 885
   11: 1442
   12: 17340
   13: 8102
   14: 17908
   15: 0
   16: 0
 procCycles: # Per-process unhalted core cycles
  0: 3763499098
  1: 0
  2: 0
  3: 0
  4: 0
  5: 0
  6: 0
  7: 0
  8: 0
  9: 0
  10: 0
  11: 0
  12: 0
  13: 0
  14: 0
  15: 0
  16: 0
  17: 0
  18: 0
  19: 0
  20: 0
  21: 0
  22: 0
  23: 0
  24: 0
  25: 0
  26: 0
  27: 0
  28: 0
  29: 0
  30: 0
  31: 0
  32: 0
  33: 0
  34: 0
  35: 0
  36: 0
  37: 0
  38: 0
  39: 0
  40: 0
  41: 0
  42: 0
  43: 0
  44: 0
  45: 0
  46: 0
  47: 0
  48: 0
  49: 0
  50: 0
  51: 0
  52: 0
  53: 0
  54: 0
  55: 0
  56: 0
  57: 0
  58: 0
  59: 0
  60: 0
  61: 0
  62: 0
  63: 0
 procInstrs: # Per-process instructions
  0: 5000080724
  1: 0
  2: 0
  3: 0
  4: 0
  5: 0
  6: 0
  7: 0
  8: 0
  9: 0
  10: 0
  11: 0
  12: 0
  13: 0
  14: 0
  15: 0
  16: 0
  17: 0
  18: 0
  19: 0
  20: 0
  21: 0
  22: 0
  23: 0
  24: 0
  25: 0
  26: 0
  27: 0
  28: 0
  29: 0
  30: 0
  31: 0
  32: 0
  33: 0
  34: 0
  35: 0
  36: 0
  37: 0
  38: 0
  39: 0
  40: 0
  41: 0
  42: 0
  43: 0
  44: 0
  45: 0
  46: 0
  47: 0
  48: 0
  49: 0
  50: 0
  51: 0
  52: 0
  53: 0
  54: 0
  55: 0
  56: 0
  57: 0
  58: 0
  59: 0
  60: 0
  61: 0
  62: 0
  63: 0
 heartbeats: # Per-process heartbeats
  0: 0
  1: 0
  2: 0
  3: 0
  4: 0
  5: 0
  6: 0
  7: 0
  8: 0
  9: 0
  10: 0
  11: 0
  12: 0
  13: 0
  14: 0
  15: 0
  16: 0
  17: 0
  18: 0
  19: 0
  20: 0
  21: 0
  22: 0
  23: 0
  24: 0
  25: 0
  26: 0
  27: 0
  28: 0
  29: 0
  30: 0
  31: 0
  32: 0
  33: 0
  34: 0
  35: 0
  36: 0
  37: 0
  38: 0
  39: 0
  40: 0
  41: 0
  42: 0
  43: 0
  44: 0
  45: 0
  46: 0
  47: 0
  48: 0
  49: 0
  50: 0
  51: 0
  52: 0
  53: 0
  54: 0
  55: 0
  56: 0
  57: 0
  58: 0
  59: 0
  60: 0
  61: 0
  62: 0
  63: 0
===
