# zsim stats
===
root: # Stats
 contention: # Contention simulation stats
  domain-0: # Domain stats
   time: 1867551038 # Weave simulation time
 time: # Simulator time breakdown
  init: 655596568565
  bound: 6501578334
  weave: 2059502850
  ff: 0
 trigger: 20000 # Reason for this stats dump
 phase: 14727 # Simulated phases
 westmere: # Core stats
  westmere-0: # Core stats
   cycles: 147272527 # Simulated unhalted cycles
   cCycles: 27014505 # Cycles due to contention stalls
   instrs: 100001629 # Simulated instructions
   uops: 114164412 # Retired micro-ops
   bbls: 2330451 # Basic blocks
   approxInstrs: 553214 # Instrs with approx uop decoding
   mispredBranches: 3146 # Mispredicted branches
   condBranches: 916819 # conditional branches
 l1i: # Cache stats
  l1i-0: # Filter cache stats
   fhGETS: 9222757 # Filtered GETS hits
   fhGETX: 0 # Filtered GETX hits
   hGETS: 6 # GETS hits
   hGETX: 0 # GETX hits
   mGETS: 3094 # GETS misses
   mGETXIM: 0 # GETX I->M misses
   mGETXSM: 0 # GETX S->M misses (upgrade misses)
   PUTS: 0 # Clean evictions (from lower level)
   PUTX: 0 # Dirty evictions (from lower level)
   INV: 3006 # Invalidates (from upper level)
   INVX: 0 # Downgrades (from upper level)
   FWD: 0 # Forwards (from upper level)
   latGETnl: 383656 # GET request latency on next level
   latGETnet: 0 # GET request latency on network to next level
 l1d: # Cache stats
  l1d-0: # Filter cache stats
   fhGETS: 18031627 # Filtered GETS hits
   fhGETX: 5400356 # Filtered GETX hits
   hGETS: 950968 # GETS hits
   hGETX: 756542 # GETX hits
   mGETS: 789100 # GETS misses
   mGETXIM: 4305962 # GETX I->M misses
   mGETXSM: 0 # GETX S->M misses (upgrade misses)
   PUTS: 0 # Clean evictions (from lower level)
   PUTX: 0 # Dirty evictions (from lower level)
   INV: 377 # Invalidates (from upper level)
   INVX: 0 # Downgrades (from upper level)
   FWD: 0 # Forwards (from upper level)
   latGETnl: 403951182 # GET request latency on next level
   latGETnet: 0 # GET request latency on network to next level
 l2: # Cache stats
  l2-0: # Cache stats
   hGETS: 100 # GETS hits
   hGETX: 1998364 # GETX hits
   mGETS: 792094 # GETS misses
   mGETXIM: 2307598 # GETX I->M misses
   mGETXSM: 0 # GETX S->M misses (upgrade misses)
   PUTS: 788317 # Clean evictions (from lower level)
   PUTX: 4305856 # Dirty evictions (from lower level)
   INV: 3392 # Invalidates (from upper level)
   INVX: 0 # Downgrades (from upper level)
   FWD: 0 # Forwards (from upper level)
   latGETnl: 353353278 # GET request latency on next level
   latGETnet: 0 # GET request latency on network to next level
 l3: # Cache stats
  l3-0: # Cache stats
   hGETS: 75 # GETS hits
   hGETX: 54 # GETX hits
   mGETS: 792019 # GETS misses
   mGETXIM: 2307544 # GETX I->M misses
   mGETXSM: 0 # GETX S->M misses (upgrade misses)
   PUTS: 784718 # Clean evictions (from lower level)
   PUTX: 2307486 # Dirty evictions (from lower level)
   INV: 0 # Invalidates (from upper level)
   INVX: 0 # Downgrades (from upper level)
   FWD: 0 # Forwards (from upper level)
   latGETnl: 278960670 # GET request latency on next level
   latGETnet: 0 # GET request latency on network to next level
 mem: # Memory controller stats
  mem-0: # Memory controller stats
   rd: 774928 # Read requests
   wr: 574751 # Write requests
   rdlat: 110695200 # Total latency experienced by read requests
   wrlat: 101685095 # Total latency experienced by write requests
   rdhits: 57 # Read row hits
   wrhits: 12240 # Write row hits
   mlh: # latency histogram for memory requests
    0: 0
    1: 0
    2: 0
    3: 0
    4: 0
    5: 0
    6: 0
    7: 0
    8: 0
    9: 0
    10: 0
    11: 1
    12: 4
    13: 452278
    14: 156310
    15: 108089
    16: 6721
    17: 30548
    18: 1117
    19: 1660
    20: 2488
    21: 3590
    22: 2264
    23: 1774
    24: 864
    25: 571
    26: 429
    27: 551
    28: 531
    29: 432
    30: 365
    31: 343
    32: 326
    33: 377
    34: 349
    35: 259
    36: 236
    37: 221
    38: 216
    39: 384
    40: 257
    41: 301
    42: 293
    43: 144
    44: 106
    45: 42
    46: 90
    47: 75
    48: 172
    49: 65
    50: 16
    51: 14
    52: 12
    53: 16
    54: 16
    55: 4
    56: 0
    57: 0
    58: 1
    59: 0
    60: 3
    61: 2
    62: 1
    63: 0
    64: 0
    65: 0
    66: 0
    67: 0
    68: 0
    69: 0
    70: 0
    71: 0
    72: 0
    73: 0
    74: 0
    75: 0
    76: 0
    77: 0
    78: 0
    79: 0
    80: 0
    81: 0
    82: 0
    83: 0
    84: 0
    85: 0
    86: 0
    87: 0
    88: 0
    89: 0
    90: 0
    91: 0
    92: 0
    93: 0
    94: 0
    95: 0
    96: 0
    97: 0
    98: 0
    99: 0
  mem-1: # Memory controller stats
   rd: 774862 # Read requests
   wr: 574677 # Write requests
   rdlat: 110641051 # Total latency experienced by read requests
   wrlat: 100908876 # Total latency experienced by write requests
   rdhits: 73 # Read row hits
   wrhits: 13438 # Write row hits
   mlh: # latency histogram for memory requests
    0: 0
    1: 0
    2: 0
    3: 0
    4: 0
    5: 0
    6: 0
    7: 0
    8: 0
    9: 0
    10: 0
    11: 3
    12: 1
    13: 452676
    14: 156635
    15: 106663
    16: 8721
    17: 31050
    18: 839
    19: 1579
    20: 2057
    21: 3004
    22: 1945
    23: 1588
    24: 795
    25: 640
    26: 386
    27: 525
    28: 449
    29: 391
    30: 368
    31: 368
    32: 338
    33: 376
    34: 322
    35: 254
    36: 221
    37: 207
    38: 227
    39: 418
    40: 290
    41: 328
    42: 305
    43: 176
    44: 134
    45: 53
    46: 82
    47: 88
    48: 214
    49: 99
    50: 27
    51: 6
    52: 7
    53: 3
    54: 3
    55: 0
    56: 0
    57: 1
    58: 0
    59: 0
    60: 0
    61: 0
    62: 0
    63: 0
    64: 0
    65: 0
    66: 0
    67: 0
    68: 0
    69: 0
    70: 0
    71: 0
    72: 0
    73: 0
    74: 0
    75: 0
    76: 0
    77: 0
    78: 0
    79: 0
    80: 0
    81: 0
    82: 0
    83: 0
    84: 0
    85: 0
    86: 0
    87: 0
    88: 0
    89: 0
    90: 0
    91: 0
    92: 0
    93: 0
    94: 0
    95: 0
    96: 0
    97: 0
    98: 0
    99: 0
  mem-2: # Memory controller stats
   rd: 774854 # Read requests
   wr: 574658 # Write requests
   rdlat: 110723980 # Total latency experienced by read requests
   wrlat: 101629152 # Total latency experienced by write requests
   rdhits: 54 # Read row hits
   wrhits: 13215 # Write row hits
   mlh: # latency histogram for memory requests
    0: 0
    1: 0
    2: 0
    3: 0
    4: 0
    5: 0
    6: 0
    7: 0
    8: 0
    9: 1
    10: 0
    11: 0
    12: 0
    13: 451863
    14: 155988
    15: 108679
    16: 7070
    17: 30243
    18: 1103
    19: 1673
    20: 2456
    21: 3592
    22: 2308
    23: 1769
    24: 889
    25: 582
    26: 379
    27: 517
    28: 501
    29: 396
    30: 335
    31: 313
    32: 331
    33: 349
    34: 341
    35: 274
    36: 237
    37: 216
    38: 249
    39: 437
    40: 276
    41: 334
    42: 314
    43: 170
    44: 114
    45: 51
    46: 99
    47: 82
    48: 169
    49: 76
    50: 27
    51: 15
    52: 14
    53: 9
    54: 8
    55: 2
    56: 1
    57: 1
    58: 0
    59: 1
    60: 0
    61: 0
    62: 0
    63: 0
    64: 0
    65: 0
    66: 0
    67: 0
    68: 0
    69: 0
    70: 0
    71: 0
    72: 0
    73: 0
    74: 0
    75: 0
    76: 0
    77: 0
    78: 0
    79: 0
    80: 0
    81: 0
    82: 0
    83: 0
    84: 0
    85: 0
    86: 0
    87: 0
    88: 0
    89: 0
    90: 0
    91: 0
    92: 0
    93: 0
    94: 0
    95: 0
    96: 0
    97: 0
    98: 0
    99: 0
  mem-3: # Memory controller stats
   rd: 774856 # Read requests
   wr: 574756 # Write requests
   rdlat: 110612030 # Total latency experienced by read requests
   wrlat: 100990335 # Total latency experienced by write requests
   rdhits: 51 # Read row hits
   wrhits: 12951 # Write row hits
   mlh: # latency histogram for memory requests
    0: 0
    1: 0
    2: 0
    3: 0
    4: 0
    5: 0
    6: 0
    7: 0
    8: 0
    9: 0
    10: 0
    11: 2
    12: 1
    13: 452154
    14: 156366
    15: 107525
    16: 8596
    17: 31202
    18: 854
    19: 1523
    20: 2079
    21: 3047
    22: 1941
    23: 1587
    24: 866
    25: 649
    26: 363
    27: 502
    28: 452
    29: 406
    30: 362
    31: 355
    32: 326
    33: 373
    34: 362
    35: 267
    36: 219
    37: 188
    38: 215
    39: 429
    40: 265
    41: 278
    42: 282
    43: 175
    44: 121
    45: 42
    46: 87
    47: 89
    48: 167
    49: 68
    50: 20
    51: 12
    52: 9
    53: 10
    54: 13
    55: 6
    56: 1
    57: 0
    58: 0
    59: 0
    60: 0
    61: 0
    62: 0
    63: 0
    64: 0
    65: 0
    66: 0
    67: 0
    68: 0
    69: 0
    70: 0
    71: 0
    72: 0
    73: 0
    74: 0
    75: 0
    76: 0
    77: 0
    78: 0
    79: 0
    80: 0
    81: 0
    82: 0
    83: 0
    84: 0
    85: 0
    86: 0
    87: 0
    88: 0
    89: 0
    90: 0
    91: 0
    92: 0
    93: 0
    94: 0
    95: 0
    96: 0
    97: 0
    98: 0
    99: 0
 sched: # Scheduler stats
  thCr: 1 # Threads created
  thFn: 1 # Threads finished
  schedEvs: 1 # Schedule events
  waitEvs: 0 # Wait events
  handoffEvs: 0 # Handoff events
  sleepEvs: 0 # Sleep events
  idlePhases: 0 # Phases with no thread active
  idlePeriods: 0 # Periods with no thread active
  occHist: # Occupancy histogram
   0: 0
   1: 14727
  rqSzHist: # Run queue size histogram
   0: 14727
   1: 0
   2: 0
   3: 0
   4: 0
   5: 0
   6: 0
   7: 0
   8: 0
   9: 0
   10: 0
   11: 0
   12: 0
   13: 0
   14: 0
   15: 0
   16: 0
 procCycles: # Per-process unhalted core cycles
  0: 147272527
  1: 0
  2: 0
  3: 0
  4: 0
  5: 0
  6: 0
  7: 0
  8: 0
  9: 0
  10: 0
  11: 0
  12: 0
  13: 0
  14: 0
  15: 0
  16: 0
  17: 0
  18: 0
  19: 0
  20: 0
  21: 0
  22: 0
  23: 0
  24: 0
  25: 0
  26: 0
  27: 0
  28: 0
  29: 0
  30: 0
  31: 0
  32: 0
  33: 0
  34: 0
  35: 0
  36: 0
  37: 0
  38: 0
  39: 0
  40: 0
  41: 0
  42: 0
  43: 0
  44: 0
  45: 0
  46: 0
  47: 0
  48: 0
  49: 0
  50: 0
  51: 0
  52: 0
  53: 0
  54: 0
  55: 0
  56: 0
  57: 0
  58: 0
  59: 0
  60: 0
  61: 0
  62: 0
  63: 0
 procInstrs: # Per-process instructions
  0: 100001629
  1: 0
  2: 0
  3: 0
  4: 0
  5: 0
  6: 0
  7: 0
  8: 0
  9: 0
  10: 0
  11: 0
  12: 0
  13: 0
  14: 0
  15: 0
  16: 0
  17: 0
  18: 0
  19: 0
  20: 0
  21: 0
  22: 0
  23: 0
  24: 0
  25: 0
  26: 0
  27: 0
  28: 0
  29: 0
  30: 0
  31: 0
  32: 0
  33: 0
  34: 0
  35: 0
  36: 0
  37: 0
  38: 0
  39: 0
  40: 0
  41: 0
  42: 0
  43: 0
  44: 0
  45: 0
  46: 0
  47: 0
  48: 0
  49: 0
  50: 0
  51: 0
  52: 0
  53: 0
  54: 0
  55: 0
  56: 0
  57: 0
  58: 0
  59: 0
  60: 0
  61: 0
  62: 0
  63: 0
 heartbeats: # Per-process heartbeats
  0: 0
  1: 0
  2: 0
  3: 0
  4: 0
  5: 0
  6: 0
  7: 0
  8: 0
  9: 0
  10: 0
  11: 0
  12: 0
  13: 0
  14: 0
  15: 0
  16: 0
  17: 0
  18: 0
  19: 0
  20: 0
  21: 0
  22: 0
  23: 0
  24: 0
  25: 0
  26: 0
  27: 0
  28: 0
  29: 0
  30: 0
  31: 0
  32: 0
  33: 0
  34: 0
  35: 0
  36: 0
  37: 0
  38: 0
  39: 0
  40: 0
  41: 0
  42: 0
  43: 0
  44: 0
  45: 0
  46: 0
  47: 0
  48: 0
  49: 0
  50: 0
  51: 0
  52: 0
  53: 0
  54: 0
  55: 0
  56: 0
  57: 0
  58: 0
  59: 0
  60: 0
  61: 0
  62: 0
  63: 0
===
