# zsim stats
===
root: # Stats
 contention: # Contention simulation stats
  domain-0: # Domain stats
   time: 259268763 # Weave simulation time
 time: # Simulator time breakdown
  init: 2689168246606
  bound: 5433242710
  weave: 366896199
  ff: 0
 trigger: 20000 # Reason for this stats dump
 phase: 8417 # Simulated phases
 westmere: # Core stats
  westmere-0: # Core stats
   cycles: 84171286 # Simulated unhalted cycles
   cCycles: 9924275 # Cycles due to contention stalls
   instrs: 100003824 # Simulated instructions
   uops: 132218473 # Retired micro-ops
   bbls: 1457998 # Basic blocks
   approxInstrs: 967589 # Instrs with approx uop decoding
   mispredBranches: 1056 # Mispredicted branches
   condBranches: 120268 # conditional branches
 l1i: # Cache stats
  l1i-0: # Filter cache stats
   fhGETS: 6773709 # Filtered GETS hits
   fhGETX: 0 # Filtered GETX hits
   hGETS: 4033378 # GETS hits
   hGETX: 0 # GETX hits
   mGETS: 263 # GETS misses
   mGETXIM: 0 # GETX I->M misses
   mGETXSM: 0 # GETX S->M misses (upgrade misses)
   PUTS: 0 # Clean evictions (from lower level)
   PUTX: 0 # Dirty evictions (from lower level)
   INV: 18 # Invalidates (from upper level)
   INVX: 0 # Downgrades (from upper level)
   FWD: 0 # Forwards (from upper level)
   latGETnl: 32612 # GET request latency on next level
   latGETnet: 0 # GET request latency on network to next level
 l1d: # Cache stats
  l1d-0: # Filter cache stats
   fhGETS: 36980429 # Filtered GETS hits
   fhGETX: 9679600 # Filtered GETX hits
   hGETS: 5222981 # GETS hits
   hGETX: 1529228 # GETX hits
   mGETS: 617516 # GETS misses
   mGETXIM: 139990 # GETX I->M misses
   mGETXSM: 0 # GETX S->M misses (upgrade misses)
   PUTS: 0 # Clean evictions (from lower level)
   PUTX: 0 # Dirty evictions (from lower level)
   INV: 6 # Invalidates (from upper level)
   INVX: 0 # Downgrades (from upper level)
   FWD: 0 # Forwards (from upper level)
   latGETnl: 62501646 # GET request latency on next level
   latGETnet: 0 # GET request latency on network to next level
 l2: # Cache stats
  l2-0: # Cache stats
   hGETS: 257238 # GETS hits
   hGETX: 9 # GETX hits
   mGETS: 360541 # GETS misses
   mGETXIM: 139981 # GETX I->M misses
   mGETXSM: 0 # GETX S->M misses (upgrade misses)
   PUTS: 616342 # Clean evictions (from lower level)
   PUTX: 140646 # Dirty evictions (from lower level)
   INV: 0 # Invalidates (from upper level)
   INVX: 0 # Downgrades (from upper level)
   FWD: 0 # Forwards (from upper level)
   latGETnl: 54956568 # GET request latency on next level
   latGETnet: 0 # GET request latency on network to next level
 l3: # Cache stats
  l3-0: # Cache stats
   hGETS: 17536 # GETS hits
   hGETX: 5830 # GETX hits
   mGETS: 343005 # GETS misses
   mGETXIM: 134151 # GETX I->M misses
   mGETXSM: 0 # GETX S->M misses (upgrade misses)
   PUTS: 356523 # Clean evictions (from lower level)
   PUTX: 139903 # Dirty evictions (from lower level)
   INV: 0 # Invalidates (from upper level)
   INVX: 0 # Downgrades (from upper level)
   FWD: 0 # Forwards (from upper level)
   latGETnl: 42944040 # GET request latency on next level
   latGETnet: 0 # GET request latency on network to next level
 mem: # Memory controller stats
  mem-0: # Memory controller stats
   rd: 119231 # Read requests
   wr: 33850 # Write requests
   rdlat: 17391746 # Total latency experienced by read requests
   wrlat: 5627771 # Total latency experienced by write requests
   rdhits: 8 # Read row hits
   wrhits: 100 # Write row hits
   mlh: # latency histogram for memory requests
    0: 0
    1: 0
    2: 0
    3: 0
    4: 0
    5: 0
    6: 0
    7: 0
    8: 0
    9: 0
    10: 0
    11: 0
    12: 0
    13: 76636
    14: 20972
    15: 6132
    16: 1707
    17: 5125
    18: 985
    19: 1146
    20: 847
    21: 151
    22: 497
    23: 87
    24: 292
    25: 2940
    26: 431
    27: 122
    28: 109
    29: 63
    30: 59
    31: 48
    32: 39
    33: 58
    34: 52
    35: 59
    36: 58
    37: 51
    38: 79
    39: 60
    40: 61
    41: 58
    42: 67
    43: 50
    44: 18
    45: 15
    46: 13
    47: 45
    48: 42
    49: 24
    50: 9
    51: 3
    52: 6
    53: 0
    54: 2
    55: 6
    56: 1
    57: 2
    58: 1
    59: 1
    60: 2
    61: 0
    62: 0
    63: 0
    64: 0
    65: 0
    66: 0
    67: 0
    68: 0
    69: 0
    70: 0
    71: 0
    72: 0
    73: 0
    74: 0
    75: 0
    76: 0
    77: 0
    78: 0
    79: 0
    80: 0
    81: 0
    82: 0
    83: 0
    84: 0
    85: 0
    86: 0
    87: 0
    88: 0
    89: 0
    90: 0
    91: 0
    92: 0
    93: 0
    94: 0
    95: 0
    96: 0
    97: 0
    98: 0
    99: 0
  mem-1: # Memory controller stats
   rd: 119272 # Read requests
   wr: 33858 # Write requests
   rdlat: 17417566 # Total latency experienced by read requests
   wrlat: 5627022 # Total latency experienced by write requests
   rdhits: 9 # Read row hits
   wrhits: 94 # Write row hits
   mlh: # latency histogram for memory requests
    0: 0
    1: 0
    2: 0
    3: 0
    4: 0
    5: 0
    6: 0
    7: 0
    8: 0
    9: 0
    10: 0
    11: 0
    12: 0
    13: 76592
    14: 20914
    15: 6154
    16: 1665
    17: 5158
    18: 1029
    19: 1101
    20: 856
    21: 173
    22: 521
    23: 85
    24: 358
    25: 2909
    26: 393
    27: 113
    28: 125
    29: 76
    30: 60
    31: 52
    32: 50
    33: 49
    34: 57
    35: 78
    36: 76
    37: 61
    38: 60
    39: 59
    40: 72
    41: 54
    42: 57
    43: 56
    44: 27
    45: 19
    46: 14
    47: 37
    48: 46
    49: 22
    50: 8
    51: 8
    52: 7
    53: 2
    54: 3
    55: 5
    56: 2
    57: 2
    58: 5
    59: 2
    60: 0
    61: 0
    62: 0
    63: 0
    64: 0
    65: 0
    66: 0
    67: 0
    68: 0
    69: 0
    70: 0
    71: 0
    72: 0
    73: 0
    74: 0
    75: 0
    76: 0
    77: 0
    78: 0
    79: 0
    80: 0
    81: 0
    82: 0
    83: 0
    84: 0
    85: 0
    86: 0
    87: 0
    88: 0
    89: 0
    90: 0
    91: 0
    92: 0
    93: 0
    94: 0
    95: 0
    96: 0
    97: 0
    98: 0
    99: 0
  mem-2: # Memory controller stats
   rd: 119328 # Read requests
   wr: 33870 # Write requests
   rdlat: 17426762 # Total latency experienced by read requests
   wrlat: 5622488 # Total latency experienced by write requests
   rdhits: 5 # Read row hits
   wrhits: 93 # Write row hits
   mlh: # latency histogram for memory requests
    0: 0
    1: 0
    2: 0
    3: 0
    4: 0
    5: 0
    6: 0
    7: 0
    8: 0
    9: 0
    10: 0
    11: 0
    12: 0
    13: 76890
    14: 20997
    15: 6082
    16: 1544
    17: 5074
    18: 998
    19: 1134
    20: 790
    21: 148
    22: 509
    23: 153
    24: 283
    25: 2943
    26: 422
    27: 109
    28: 128
    29: 66
    30: 60
    31: 42
    32: 40
    33: 40
    34: 46
    35: 67
    36: 72
    37: 63
    38: 68
    39: 63
    40: 58
    41: 62
    42: 69
    43: 55
    44: 31
    45: 15
    46: 22
    47: 38
    48: 48
    49: 22
    50: 16
    51: 18
    52: 10
    53: 4
    54: 2
    55: 12
    56: 3
    57: 4
    58: 5
    59: 3
    60: 0
    61: 0
    62: 0
    63: 0
    64: 0
    65: 0
    66: 0
    67: 0
    68: 0
    69: 0
    70: 0
    71: 0
    72: 0
    73: 0
    74: 0
    75: 0
    76: 0
    77: 0
    78: 0
    79: 0
    80: 0
    81: 0
    82: 0
    83: 0
    84: 0
    85: 0
    86: 0
    87: 0
    88: 0
    89: 0
    90: 0
    91: 0
    92: 0
    93: 0
    94: 0
    95: 0
    96: 0
    97: 0
    98: 0
    99: 0
  mem-3: # Memory controller stats
   rd: 119310 # Read requests
   wr: 33851 # Write requests
   rdlat: 17445685 # Total latency experienced by read requests
   wrlat: 5617720 # Total latency experienced by write requests
   rdhits: 1 # Read row hits
   wrhits: 93 # Write row hits
   mlh: # latency histogram for memory requests
    0: 0
    1: 0
    2: 0
    3: 0
    4: 0
    5: 0
    6: 0
    7: 0
    8: 0
    9: 0
    10: 0
    11: 0
    12: 0
    13: 76769
    14: 20927
    15: 6093
    16: 1582
    17: 5099
    18: 1047
    19: 1078
    20: 811
    21: 147
    22: 486
    23: 190
    24: 385
    25: 2888
    26: 397
    27: 117
    28: 121
    29: 56
    30: 48
    31: 47
    32: 54
    33: 46
    34: 48
    35: 70
    36: 55
    37: 55
    38: 68
    39: 75
    40: 87
    41: 55
    42: 73
    43: 45
    44: 39
    45: 24
    46: 20
    47: 42
    48: 60
    49: 31
    50: 16
    51: 17
    52: 14
    53: 2
    54: 2
    55: 9
    56: 3
    57: 4
    58: 6
    59: 1
    60: 1
    61: 0
    62: 0
    63: 0
    64: 0
    65: 0
    66: 0
    67: 0
    68: 0
    69: 0
    70: 0
    71: 0
    72: 0
    73: 0
    74: 0
    75: 0
    76: 0
    77: 0
    78: 0
    79: 0
    80: 0
    81: 0
    82: 0
    83: 0
    84: 0
    85: 0
    86: 0
    87: 0
    88: 0
    89: 0
    90: 0
    91: 0
    92: 0
    93: 0
    94: 0
    95: 0
    96: 0
    97: 0
    98: 0
    99: 0
 sched: # Scheduler stats
  thCr: 1 # Threads created
  thFn: 1 # Threads finished
  schedEvs: 1 # Schedule events
  waitEvs: 0 # Wait events
  handoffEvs: 0 # Handoff events
  sleepEvs: 0 # Sleep events
  idlePhases: 0 # Phases with no thread active
  idlePeriods: 0 # Periods with no thread active
  occHist: # Occupancy histogram
   0: 0
   1: 8417
  rqSzHist: # Run queue size histogram
   0: 8417
   1: 0
   2: 0
   3: 0
   4: 0
   5: 0
   6: 0
   7: 0
   8: 0
   9: 0
   10: 0
   11: 0
   12: 0
   13: 0
   14: 0
   15: 0
   16: 0
 procCycles: # Per-process unhalted core cycles
  0: 84171286
  1: 0
  2: 0
  3: 0
  4: 0
  5: 0
  6: 0
  7: 0
  8: 0
  9: 0
  10: 0
  11: 0
  12: 0
  13: 0
  14: 0
  15: 0
  16: 0
  17: 0
  18: 0
  19: 0
  20: 0
  21: 0
  22: 0
  23: 0
  24: 0
  25: 0
  26: 0
  27: 0
  28: 0
  29: 0
  30: 0
  31: 0
  32: 0
  33: 0
  34: 0
  35: 0
  36: 0
  37: 0
  38: 0
  39: 0
  40: 0
  41: 0
  42: 0
  43: 0
  44: 0
  45: 0
  46: 0
  47: 0
  48: 0
  49: 0
  50: 0
  51: 0
  52: 0
  53: 0
  54: 0
  55: 0
  56: 0
  57: 0
  58: 0
  59: 0
  60: 0
  61: 0
  62: 0
  63: 0
 procInstrs: # Per-process instructions
  0: 100003824
  1: 0
  2: 0
  3: 0
  4: 0
  5: 0
  6: 0
  7: 0
  8: 0
  9: 0
  10: 0
  11: 0
  12: 0
  13: 0
  14: 0
  15: 0
  16: 0
  17: 0
  18: 0
  19: 0
  20: 0
  21: 0
  22: 0
  23: 0
  24: 0
  25: 0
  26: 0
  27: 0
  28: 0
  29: 0
  30: 0
  31: 0
  32: 0
  33: 0
  34: 0
  35: 0
  36: 0
  37: 0
  38: 0
  39: 0
  40: 0
  41: 0
  42: 0
  43: 0
  44: 0
  45: 0
  46: 0
  47: 0
  48: 0
  49: 0
  50: 0
  51: 0
  52: 0
  53: 0
  54: 0
  55: 0
  56: 0
  57: 0
  58: 0
  59: 0
  60: 0
  61: 0
  62: 0
  63: 0
 heartbeats: # Per-process heartbeats
  0: 0
  1: 0
  2: 0
  3: 0
  4: 0
  5: 0
  6: 0
  7: 0
  8: 0
  9: 0
  10: 0
  11: 0
  12: 0
  13: 0
  14: 0
  15: 0
  16: 0
  17: 0
  18: 0
  19: 0
  20: 0
  21: 0
  22: 0
  23: 0
  24: 0
  25: 0
  26: 0
  27: 0
  28: 0
  29: 0
  30: 0
  31: 0
  32: 0
  33: 0
  34: 0
  35: 0
  36: 0
  37: 0
  38: 0
  39: 0
  40: 0
  41: 0
  42: 0
  43: 0
  44: 0
  45: 0
  46: 0
  47: 0
  48: 0
  49: 0
  50: 0
  51: 0
  52: 0
  53: 0
  54: 0
  55: 0
  56: 0
  57: 0
  58: 0
  59: 0
  60: 0
  61: 0
  62: 0
  63: 0
===
