# zsim stats
===
root: # Stats
 contention: # Contention simulation stats
  domain-0: # Domain stats
   time: 213008204 # Weave simulation time
 time: # Simulator time breakdown
  init: 2208227621866
  bound: 6014143985
  weave: 344251256
  ff: 0
 trigger: 20000 # Reason for this stats dump
 phase: 6701 # Simulated phases
 westmere: # Core stats
  westmere-0: # Core stats
   cycles: 67010001 # Simulated unhalted cycles
   cCycles: 3669702 # Cycles due to contention stalls
   instrs: 100002259 # Simulated instructions
   uops: 118131229 # Retired micro-ops
   bbls: 29503565 # Basic blocks
   approxInstrs: 348271 # Instrs with approx uop decoding
   mispredBranches: 247355 # Mispredicted branches
   condBranches: 21769534 # conditional branches
 l1i: # Cache stats
  l1i-0: # Filter cache stats
   fhGETS: 27449835 # Filtered GETS hits
   fhGETX: 0 # Filtered GETX hits
   hGETS: 2954809 # GETS hits
   hGETX: 0 # GETX hits
   mGETS: 436212 # GETS misses
   mGETXIM: 0 # GETX I->M misses
   mGETXSM: 0 # GETX S->M misses (upgrade misses)
   PUTS: 0 # Clean evictions (from lower level)
   PUTX: 0 # Dirty evictions (from lower level)
   INV: 20 # Invalidates (from upper level)
   INVX: 0 # Downgrades (from upper level)
   FWD: 0 # Forwards (from upper level)
   latGETnl: 5286336 # GET request latency on next level
   latGETnet: 0 # GET request latency on network to next level
 l1d: # Cache stats
  l1d-0: # Filter cache stats
   fhGETS: 25514992 # Filtered GETS hits
   fhGETX: 9598492 # Filtered GETX hits
   hGETS: 4266848 # GETS hits
   hGETX: 1383886 # GETX hits
   mGETS: 1442250 # GETS misses
   mGETXIM: 228206 # GETX I->M misses
   mGETXSM: 0 # GETX S->M misses (upgrade misses)
   PUTS: 0 # Clean evictions (from lower level)
   PUTX: 0 # Dirty evictions (from lower level)
   INV: 2 # Invalidates (from upper level)
   INVX: 0 # Downgrades (from upper level)
   FWD: 0 # Forwards (from upper level)
   latGETnl: 43284734 # GET request latency on next level
   latGETnet: 0 # GET request latency on network to next level
 l2: # Cache stats
  l2-0: # Cache stats
   hGETS: 1677326 # GETS hits
   hGETX: 33877 # GETX hits
   mGETS: 201136 # GETS misses
   mGETXIM: 194329 # GETX I->M misses
   mGETXSM: 0 # GETX S->M misses (upgrade misses)
   PUTS: 1732916 # Clean evictions (from lower level)
   PUTX: 372706 # Dirty evictions (from lower level)
   INV: 0 # Invalidates (from upper level)
   INVX: 0 # Downgrades (from upper level)
   FWD: 0 # Forwards (from upper level)
   latGETnl: 27504390 # GET request latency on next level
   latGETnet: 0 # GET request latency on network to next level
 l3: # Cache stats
  l3-0: # Cache stats
   hGETS: 143919 # GETS hits
   hGETX: 51399 # GETX hits
   mGETS: 57217 # GETS misses
   mGETXIM: 142930 # GETX I->M misses
   mGETXSM: 0 # GETX S->M misses (upgrade misses)
   PUTS: 113706 # Clean evictions (from lower level)
   PUTX: 277663 # Dirty evictions (from lower level)
   INV: 0 # Invalidates (from upper level)
   INVX: 0 # Downgrades (from upper level)
   FWD: 0 # Forwards (from upper level)
   latGETnl: 18013230 # GET request latency on next level
   latGETnet: 0 # GET request latency on network to next level
 mem: # Memory controller stats
  mem-0: # Memory controller stats
   rd: 49991 # Read requests
   wr: 36020 # Write requests
   rdlat: 6747262 # Total latency experienced by read requests
   wrlat: 5628207 # Total latency experienced by write requests
   rdhits: 35 # Read row hits
   wrhits: 39 # Write row hits
   mlh: # latency histogram for memory requests
    0: 0
    1: 0
    2: 0
    3: 0
    4: 0
    5: 0
    6: 0
    7: 0
    8: 0
    9: 0
    10: 0
    11: 4
    12: 4
    13: 47105
    14: 820
    15: 776
    16: 525
    17: 34
    18: 28
    19: 26
    20: 25
    21: 25
    22: 24
    23: 20
    24: 29
    25: 42
    26: 17
    27: 18
    28: 20
    29: 24
    30: 31
    31: 30
    32: 34
    33: 41
    34: 32
    35: 22
    36: 35
    37: 34
    38: 44
    39: 23
    40: 25
    41: 23
    42: 22
    43: 13
    44: 7
    45: 3
    46: 3
    47: 1
    48: 2
    49: 0
    50: 0
    51: 0
    52: 0
    53: 0
    54: 0
    55: 0
    56: 0
    57: 0
    58: 0
    59: 0
    60: 0
    61: 0
    62: 0
    63: 0
    64: 0
    65: 0
    66: 0
    67: 0
    68: 0
    69: 0
    70: 0
    71: 0
    72: 0
    73: 0
    74: 0
    75: 0
    76: 0
    77: 0
    78: 0
    79: 0
    80: 0
    81: 0
    82: 0
    83: 0
    84: 0
    85: 0
    86: 0
    87: 0
    88: 0
    89: 0
    90: 0
    91: 0
    92: 0
    93: 0
    94: 0
    95: 0
    96: 0
    97: 0
    98: 0
    99: 0
  mem-1: # Memory controller stats
   rd: 49915 # Read requests
   wr: 36166 # Write requests
   rdlat: 6740082 # Total latency experienced by read requests
   wrlat: 5666123 # Total latency experienced by write requests
   rdhits: 36 # Read row hits
   wrhits: 38 # Write row hits
   mlh: # latency histogram for memory requests
    0: 0
    1: 0
    2: 0
    3: 0
    4: 0
    5: 0
    6: 0
    7: 0
    8: 0
    9: 0
    10: 0
    11: 4
    12: 5
    13: 46869
    14: 891
    15: 815
    16: 558
    17: 46
    18: 26
    19: 29
    20: 25
    21: 23
    22: 25
    23: 30
    24: 42
    25: 29
    26: 16
    27: 24
    28: 22
    29: 24
    30: 22
    31: 35
    32: 34
    33: 25
    34: 28
    35: 35
    36: 38
    37: 35
    38: 36
    39: 25
    40: 20
    41: 28
    42: 30
    43: 9
    44: 3
    45: 4
    46: 3
    47: 0
    48: 0
    49: 1
    50: 0
    51: 0
    52: 0
    53: 0
    54: 1
    55: 0
    56: 0
    57: 0
    58: 0
    59: 0
    60: 0
    61: 0
    62: 0
    63: 0
    64: 0
    65: 0
    66: 0
    67: 0
    68: 0
    69: 0
    70: 0
    71: 0
    72: 0
    73: 0
    74: 0
    75: 0
    76: 0
    77: 0
    78: 0
    79: 0
    80: 0
    81: 0
    82: 0
    83: 0
    84: 0
    85: 0
    86: 0
    87: 0
    88: 0
    89: 0
    90: 0
    91: 0
    92: 0
    93: 0
    94: 0
    95: 0
    96: 0
    97: 0
    98: 0
    99: 0
  mem-2: # Memory controller stats
   rd: 50121 # Read requests
   wr: 36137 # Write requests
   rdlat: 6766069 # Total latency experienced by read requests
   wrlat: 5656796 # Total latency experienced by write requests
   rdhits: 32 # Read row hits
   wrhits: 41 # Write row hits
   mlh: # latency histogram for memory requests
    0: 0
    1: 0
    2: 0
    3: 0
    4: 0
    5: 0
    6: 0
    7: 0
    8: 0
    9: 0
    10: 0
    11: 1
    12: 6
    13: 47189
    14: 830
    15: 761
    16: 548
    17: 38
    18: 23
    19: 27
    20: 28
    21: 32
    22: 35
    23: 50
    24: 34
    25: 27
    26: 9
    27: 25
    28: 32
    29: 20
    30: 20
    31: 27
    32: 31
    33: 30
    34: 28
    35: 34
    36: 34
    37: 42
    38: 33
    39: 30
    40: 23
    41: 24
    42: 20
    43: 11
    44: 3
    45: 12
    46: 0
    47: 0
    48: 4
    49: 0
    50: 0
    51: 0
    52: 0
    53: 0
    54: 0
    55: 0
    56: 0
    57: 0
    58: 0
    59: 0
    60: 0
    61: 0
    62: 0
    63: 0
    64: 0
    65: 0
    66: 0
    67: 0
    68: 0
    69: 0
    70: 0
    71: 0
    72: 0
    73: 0
    74: 0
    75: 0
    76: 0
    77: 0
    78: 0
    79: 0
    80: 0
    81: 0
    82: 0
    83: 0
    84: 0
    85: 0
    86: 0
    87: 0
    88: 0
    89: 0
    90: 0
    91: 0
    92: 0
    93: 0
    94: 0
    95: 0
    96: 0
    97: 0
    98: 0
    99: 0
  mem-3: # Memory controller stats
   rd: 50120 # Read requests
   wr: 36066 # Write requests
   rdlat: 6762132 # Total latency experienced by read requests
   wrlat: 5655910 # Total latency experienced by write requests
   rdhits: 49 # Read row hits
   wrhits: 35 # Write row hits
   mlh: # latency histogram for memory requests
    0: 0
    1: 0
    2: 0
    3: 0
    4: 0
    5: 0
    6: 0
    7: 0
    8: 0
    9: 0
    10: 0
    11: 3
    12: 3
    13: 47209
    14: 846
    15: 742
    16: 544
    17: 41
    18: 22
    19: 28
    20: 31
    21: 18
    22: 31
    23: 64
    24: 34
    25: 36
    26: 14
    27: 15
    28: 20
    29: 26
    30: 29
    31: 24
    32: 29
    33: 26
    34: 28
    35: 36
    36: 27
    37: 50
    38: 34
    39: 18
    40: 24
    41: 27
    42: 12
    43: 11
    44: 6
    45: 8
    46: 0
    47: 2
    48: 1
    49: 1
    50: 0
    51: 0
    52: 0
    53: 0
    54: 0
    55: 0
    56: 0
    57: 0
    58: 0
    59: 0
    60: 0
    61: 0
    62: 0
    63: 0
    64: 0
    65: 0
    66: 0
    67: 0
    68: 0
    69: 0
    70: 0
    71: 0
    72: 0
    73: 0
    74: 0
    75: 0
    76: 0
    77: 0
    78: 0
    79: 0
    80: 0
    81: 0
    82: 0
    83: 0
    84: 0
    85: 0
    86: 0
    87: 0
    88: 0
    89: 0
    90: 0
    91: 0
    92: 0
    93: 0
    94: 0
    95: 0
    96: 0
    97: 0
    98: 0
    99: 0
 sched: # Scheduler stats
  thCr: 1 # Threads created
  thFn: 1 # Threads finished
  schedEvs: 1 # Schedule events
  waitEvs: 0 # Wait events
  handoffEvs: 0 # Handoff events
  sleepEvs: 0 # Sleep events
  idlePhases: 0 # Phases with no thread active
  idlePeriods: 0 # Periods with no thread active
  occHist: # Occupancy histogram
   0: 0
   1: 6701
  rqSzHist: # Run queue size histogram
   0: 6701
   1: 0
   2: 0
   3: 0
   4: 0
   5: 0
   6: 0
   7: 0
   8: 0
   9: 0
   10: 0
   11: 0
   12: 0
   13: 0
   14: 0
   15: 0
   16: 0
 procCycles: # Per-process unhalted core cycles
  0: 67010001
  1: 0
  2: 0
  3: 0
  4: 0
  5: 0
  6: 0
  7: 0
  8: 0
  9: 0
  10: 0
  11: 0
  12: 0
  13: 0
  14: 0
  15: 0
  16: 0
  17: 0
  18: 0
  19: 0
  20: 0
  21: 0
  22: 0
  23: 0
  24: 0
  25: 0
  26: 0
  27: 0
  28: 0
  29: 0
  30: 0
  31: 0
  32: 0
  33: 0
  34: 0
  35: 0
  36: 0
  37: 0
  38: 0
  39: 0
  40: 0
  41: 0
  42: 0
  43: 0
  44: 0
  45: 0
  46: 0
  47: 0
  48: 0
  49: 0
  50: 0
  51: 0
  52: 0
  53: 0
  54: 0
  55: 0
  56: 0
  57: 0
  58: 0
  59: 0
  60: 0
  61: 0
  62: 0
  63: 0
 procInstrs: # Per-process instructions
  0: 100002259
  1: 0
  2: 0
  3: 0
  4: 0
  5: 0
  6: 0
  7: 0
  8: 0
  9: 0
  10: 0
  11: 0
  12: 0
  13: 0
  14: 0
  15: 0
  16: 0
  17: 0
  18: 0
  19: 0
  20: 0
  21: 0
  22: 0
  23: 0
  24: 0
  25: 0
  26: 0
  27: 0
  28: 0
  29: 0
  30: 0
  31: 0
  32: 0
  33: 0
  34: 0
  35: 0
  36: 0
  37: 0
  38: 0
  39: 0
  40: 0
  41: 0
  42: 0
  43: 0
  44: 0
  45: 0
  46: 0
  47: 0
  48: 0
  49: 0
  50: 0
  51: 0
  52: 0
  53: 0
  54: 0
  55: 0
  56: 0
  57: 0
  58: 0
  59: 0
  60: 0
  61: 0
  62: 0
  63: 0
 heartbeats: # Per-process heartbeats
  0: 0
  1: 0
  2: 0
  3: 0
  4: 0
  5: 0
  6: 0
  7: 0
  8: 0
  9: 0
  10: 0
  11: 0
  12: 0
  13: 0
  14: 0
  15: 0
  16: 0
  17: 0
  18: 0
  19: 0
  20: 0
  21: 0
  22: 0
  23: 0
  24: 0
  25: 0
  26: 0
  27: 0
  28: 0
  29: 0
  30: 0
  31: 0
  32: 0
  33: 0
  34: 0
  35: 0
  36: 0
  37: 0
  38: 0
  39: 0
  40: 0
  41: 0
  42: 0
  43: 0
  44: 0
  45: 0
  46: 0
  47: 0
  48: 0
  49: 0
  50: 0
  51: 0
  52: 0
  53: 0
  54: 0
  55: 0
  56: 0
  57: 0
  58: 0
  59: 0
  60: 0
  61: 0
  62: 0
  63: 0
===
