# zsim stats
===
root: # Stats
 contention: # Contention simulation stats
  domain-0: # Domain stats
   time: 679071007 # Weave simulation time
 time: # Simulator time breakdown
  init: 859076926219
  bound: 5146831901
  weave: 1515186958
  ff: 0
 trigger: 20000 # Reason for this stats dump
 phase: 22644 # Simulated phases
 westmere: # Core stats
  westmere-0: # Core stats
   cycles: 226441420 # Simulated unhalted cycles
   cCycles: 42569398 # Cycles due to contention stalls
   instrs: 100001191 # Simulated instructions
   uops: 109099115 # Retired micro-ops
   bbls: 19723544 # Basic blocks
   approxInstrs: 1877282 # Instrs with approx uop decoding
   mispredBranches: 1187604 # Mispredicted branches
   condBranches: 18638198 # conditional branches
 l1i: # Cache stats
  l1i-0: # Filter cache stats
   fhGETS: 25876603 # Filtered GETS hits
   fhGETX: 0 # Filtered GETX hits
   hGETS: 193691 # GETS hits
   hGETX: 0 # GETX hits
   mGETS: 4552 # GETS misses
   mGETXIM: 0 # GETX I->M misses
   mGETXSM: 0 # GETX S->M misses (upgrade misses)
   PUTS: 0 # Clean evictions (from lower level)
   PUTX: 0 # Dirty evictions (from lower level)
   INV: 4471 # Invalidates (from upper level)
   INVX: 0 # Downgrades (from upper level)
   FWD: 0 # Forwards (from upper level)
   latGETnl: 564106 # GET request latency on next level
   latGETnet: 0 # GET request latency on network to next level
 l1d: # Cache stats
  l1d-0: # Filter cache stats
   fhGETS: 22647735 # Filtered GETS hits
   fhGETX: 4112730 # Filtered GETX hits
   hGETS: 2247709 # GETS hits
   hGETX: 2530303 # GETX hits
   mGETS: 3461600 # GETS misses
   mGETXIM: 726547 # GETX I->M misses
   mGETXSM: 0 # GETX S->M misses (upgrade misses)
   PUTS: 0 # Clean evictions (from lower level)
   PUTX: 0 # Dirty evictions (from lower level)
   INV: 1025 # Invalidates (from upper level)
   INVX: 0 # Downgrades (from upper level)
   FWD: 0 # Forwards (from upper level)
   latGETnl: 313570734 # GET request latency on next level
   latGETnet: 0 # GET request latency on network to next level
 l2: # Cache stats
  l2-0: # Cache stats
   hGETS: 708759 # GETS hits
   hGETX: 103770 # GETX hits
   mGETS: 2757393 # GETS misses
   mGETXIM: 622777 # GETX I->M misses
   mGETXSM: 0 # GETX S->M misses (upgrade misses)
   PUTS: 2384308 # Clean evictions (from lower level)
   PUTX: 1802324 # Dirty evictions (from lower level)
   INV: 26615 # Invalidates (from upper level)
   INVX: 0 # Downgrades (from upper level)
   FWD: 0 # Forwards (from upper level)
   latGETnl: 272207850 # GET request latency on next level
   latGETnet: 0 # GET request latency on network to next level
 l3: # Cache stats
  l3-0: # Cache stats
   hGETS: 1049866 # GETS hits
   hGETX: 207151 # GETX hits
   mGETS: 1707527 # GETS misses
   mGETXIM: 415626 # GETX I->M misses
   mGETXSM: 0 # GETX S->M misses (upgrade misses)
   PUTS: 2007997 # Clean evictions (from lower level)
   PUTX: 1341468 # Dirty evictions (from lower level)
   INV: 0 # Invalidates (from upper level)
   INVX: 0 # Downgrades (from upper level)
   FWD: 0 # Forwards (from upper level)
   latGETnl: 191083770 # GET request latency on next level
   latGETnet: 0 # GET request latency on network to next level
 mem: # Memory controller stats
  mem-0: # Memory controller stats
   rd: 530866 # Read requests
   wr: 204120 # Write requests
   rdlat: 72078311 # Total latency experienced by read requests
   wrlat: 30815769 # Total latency experienced by write requests
   rdhits: 10790 # Read row hits
   wrhits: 1302 # Write row hits
   mlh: # latency histogram for memory requests
    0: 0
    1: 0
    2: 0
    3: 0
    4: 0
    5: 0
    6: 0
    7: 0
    8: 0
    9: 0
    10: 0
    11: 614
    12: 492
    13: 476476
    14: 31967
    15: 7270
    16: 3270
    17: 874
    18: 433
    19: 513
    20: 603
    21: 587
    22: 517
    23: 629
    24: 910
    25: 569
    26: 185
    27: 210
    28: 241
    29: 243
    30: 300
    31: 298
    32: 322
    33: 295
    34: 331
    35: 311
    36: 289
    37: 325
    38: 299
    39: 302
    40: 270
    41: 272
    42: 302
    43: 137
    44: 44
    45: 37
    46: 45
    47: 31
    48: 36
    49: 4
    50: 1
    51: 3
    52: 1
    53: 4
    54: 2
    55: 0
    56: 1
    57: 0
    58: 1
    59: 0
    60: 0
    61: 0
    62: 0
    63: 0
    64: 0
    65: 0
    66: 0
    67: 0
    68: 0
    69: 0
    70: 0
    71: 0
    72: 0
    73: 0
    74: 0
    75: 0
    76: 0
    77: 0
    78: 0
    79: 0
    80: 0
    81: 0
    82: 0
    83: 0
    84: 0
    85: 0
    86: 0
    87: 0
    88: 0
    89: 0
    90: 0
    91: 0
    92: 0
    93: 0
    94: 0
    95: 0
    96: 0
    97: 0
    98: 0
    99: 0
  mem-1: # Memory controller stats
   rd: 530671 # Read requests
   wr: 204096 # Write requests
   rdlat: 72098533 # Total latency experienced by read requests
   wrlat: 30873715 # Total latency experienced by write requests
   rdhits: 11235 # Read row hits
   wrhits: 1317 # Write row hits
   mlh: # latency histogram for memory requests
    0: 0
    1: 0
    2: 0
    3: 0
    4: 0
    5: 0
    6: 0
    7: 0
    8: 0
    9: 0
    10: 0
    11: 631
    12: 491
    13: 475147
    14: 33391
    15: 6884
    16: 3145
    17: 891
    18: 452
    19: 517
    20: 648
    21: 556
    22: 446
    23: 585
    24: 959
    25: 630
    26: 172
    27: 214
    28: 211
    29: 319
    30: 293
    31: 332
    32: 338
    33: 306
    34: 299
    35: 305
    36: 330
    37: 340
    38: 297
    39: 321
    40: 285
    41: 255
    42: 290
    43: 137
    44: 60
    45: 45
    46: 41
    47: 50
    48: 41
    49: 6
    50: 2
    51: 5
    52: 2
    53: 1
    54: 0
    55: 0
    56: 1
    57: 0
    58: 0
    59: 0
    60: 0
    61: 0
    62: 0
    63: 0
    64: 0
    65: 0
    66: 0
    67: 0
    68: 0
    69: 0
    70: 0
    71: 0
    72: 0
    73: 0
    74: 0
    75: 0
    76: 0
    77: 0
    78: 0
    79: 0
    80: 0
    81: 0
    82: 0
    83: 0
    84: 0
    85: 0
    86: 0
    87: 0
    88: 0
    89: 0
    90: 0
    91: 0
    92: 0
    93: 0
    94: 0
    95: 0
    96: 0
    97: 0
    98: 0
    99: 0
  mem-2: # Memory controller stats
   rd: 531554 # Read requests
   wr: 203591 # Write requests
   rdlat: 72295778 # Total latency experienced by read requests
   wrlat: 30811441 # Total latency experienced by write requests
   rdhits: 11214 # Read row hits
   wrhits: 1311 # Write row hits
   mlh: # latency histogram for memory requests
    0: 0
    1: 0
    2: 0
    3: 0
    4: 0
    5: 0
    6: 0
    7: 0
    8: 0
    9: 0
    10: 1
    11: 594
    12: 529
    13: 472737
    14: 36029
    15: 6791
    16: 3349
    17: 917
    18: 515
    19: 473
    20: 614
    21: 614
    22: 598
    23: 661
    24: 1064
    25: 830
    26: 208
    27: 190
    28: 261
    29: 230
    30: 308
    31: 314
    32: 317
    33: 305
    34: 320
    35: 313
    36: 317
    37: 345
    38: 312
    39: 292
    40: 302
    41: 272
    42: 270
    43: 145
    44: 44
    45: 43
    46: 48
    47: 30
    48: 32
    49: 9
    50: 3
    51: 6
    52: 1
    53: 1
    54: 0
    55: 0
    56: 0
    57: 0
    58: 0
    59: 0
    60: 0
    61: 0
    62: 0
    63: 0
    64: 0
    65: 0
    66: 0
    67: 0
    68: 0
    69: 0
    70: 0
    71: 0
    72: 0
    73: 0
    74: 0
    75: 0
    76: 0
    77: 0
    78: 0
    79: 0
    80: 0
    81: 0
    82: 0
    83: 0
    84: 0
    85: 0
    86: 0
    87: 0
    88: 0
    89: 0
    90: 0
    91: 0
    92: 0
    93: 0
    94: 0
    95: 0
    96: 0
    97: 0
    98: 0
    99: 0
  mem-3: # Memory controller stats
   rd: 530054 # Read requests
   wr: 203373 # Write requests
   rdlat: 71970991 # Total latency experienced by read requests
   wrlat: 30745749 # Total latency experienced by write requests
   rdhits: 11009 # Read row hits
   wrhits: 1244 # Write row hits
   mlh: # latency histogram for memory requests
    0: 0
    1: 0
    2: 0
    3: 0
    4: 0
    5: 0
    6: 0
    7: 0
    8: 0
    9: 0
    10: 0
    11: 570
    12: 493
    13: 475359
    14: 32883
    15: 6843
    16: 3230
    17: 861
    18: 436
    19: 493
    20: 548
    21: 588
    22: 481
    23: 489
    24: 897
    25: 668
    26: 205
    27: 218
    28: 228
    29: 291
    30: 285
    31: 299
    32: 322
    33: 300
    34: 321
    35: 364
    36: 310
    37: 321
    38: 292
    39: 279
    40: 260
    41: 283
    42: 275
    43: 130
    44: 52
    45: 41
    46: 50
    47: 35
    48: 35
    49: 6
    50: 2
    51: 3
    52: 2
    53: 2
    54: 2
    55: 1
    56: 1
    57: 0
    58: 0
    59: 0
    60: 0
    61: 0
    62: 0
    63: 0
    64: 0
    65: 0
    66: 0
    67: 0
    68: 0
    69: 0
    70: 0
    71: 0
    72: 0
    73: 0
    74: 0
    75: 0
    76: 0
    77: 0
    78: 0
    79: 0
    80: 0
    81: 0
    82: 0
    83: 0
    84: 0
    85: 0
    86: 0
    87: 0
    88: 0
    89: 0
    90: 0
    91: 0
    92: 0
    93: 0
    94: 0
    95: 0
    96: 0
    97: 0
    98: 0
    99: 0
 sched: # Scheduler stats
  thCr: 1 # Threads created
  thFn: 1 # Threads finished
  schedEvs: 1 # Schedule events
  waitEvs: 0 # Wait events
  handoffEvs: 0 # Handoff events
  sleepEvs: 0 # Sleep events
  idlePhases: 0 # Phases with no thread active
  idlePeriods: 0 # Periods with no thread active
  occHist: # Occupancy histogram
   0: 0
   1: 22644
  rqSzHist: # Run queue size histogram
   0: 22644
   1: 0
   2: 0
   3: 0
   4: 0
   5: 0
   6: 0
   7: 0
   8: 0
   9: 0
   10: 0
   11: 0
   12: 0
   13: 0
   14: 0
   15: 0
   16: 0
 procCycles: # Per-process unhalted core cycles
  0: 226441420
  1: 0
  2: 0
  3: 0
  4: 0
  5: 0
  6: 0
  7: 0
  8: 0
  9: 0
  10: 0
  11: 0
  12: 0
  13: 0
  14: 0
  15: 0
  16: 0
  17: 0
  18: 0
  19: 0
  20: 0
  21: 0
  22: 0
  23: 0
  24: 0
  25: 0
  26: 0
  27: 0
  28: 0
  29: 0
  30: 0
  31: 0
  32: 0
  33: 0
  34: 0
  35: 0
  36: 0
  37: 0
  38: 0
  39: 0
  40: 0
  41: 0
  42: 0
  43: 0
  44: 0
  45: 0
  46: 0
  47: 0
  48: 0
  49: 0
  50: 0
  51: 0
  52: 0
  53: 0
  54: 0
  55: 0
  56: 0
  57: 0
  58: 0
  59: 0
  60: 0
  61: 0
  62: 0
  63: 0
 procInstrs: # Per-process instructions
  0: 100001191
  1: 0
  2: 0
  3: 0
  4: 0
  5: 0
  6: 0
  7: 0
  8: 0
  9: 0
  10: 0
  11: 0
  12: 0
  13: 0
  14: 0
  15: 0
  16: 0
  17: 0
  18: 0
  19: 0
  20: 0
  21: 0
  22: 0
  23: 0
  24: 0
  25: 0
  26: 0
  27: 0
  28: 0
  29: 0
  30: 0
  31: 0
  32: 0
  33: 0
  34: 0
  35: 0
  36: 0
  37: 0
  38: 0
  39: 0
  40: 0
  41: 0
  42: 0
  43: 0
  44: 0
  45: 0
  46: 0
  47: 0
  48: 0
  49: 0
  50: 0
  51: 0
  52: 0
  53: 0
  54: 0
  55: 0
  56: 0
  57: 0
  58: 0
  59: 0
  60: 0
  61: 0
  62: 0
  63: 0
 heartbeats: # Per-process heartbeats
  0: 0
  1: 0
  2: 0
  3: 0
  4: 0
  5: 0
  6: 0
  7: 0
  8: 0
  9: 0
  10: 0
  11: 0
  12: 0
  13: 0
  14: 0
  15: 0
  16: 0
  17: 0
  18: 0
  19: 0
  20: 0
  21: 0
  22: 0
  23: 0
  24: 0
  25: 0
  26: 0
  27: 0
  28: 0
  29: 0
  30: 0
  31: 0
  32: 0
  33: 0
  34: 0
  35: 0
  36: 0
  37: 0
  38: 0
  39: 0
  40: 0
  41: 0
  42: 0
  43: 0
  44: 0
  45: 0
  46: 0
  47: 0
  48: 0
  49: 0
  50: 0
  51: 0
  52: 0
  53: 0
  54: 0
  55: 0
  56: 0
  57: 0
  58: 0
  59: 0
  60: 0
  61: 0
  62: 0
  63: 0
===
