# zsim stats
===
root: # Stats
 contention: # Contention simulation stats
  domain-0: # Domain stats
   time: 1052988792 # Weave simulation time
 time: # Simulator time breakdown
  init: 408974157221
  bound: 5099215290
  weave: 1648078789
  ff: 0
 trigger: 20000 # Reason for this stats dump
 phase: 14721 # Simulated phases
 westmere: # Core stats
  westmere-0: # Core stats
   cycles: 147212571 # Simulated unhalted cycles
   cCycles: 26996369 # Cycles due to contention stalls
   instrs: 100001963 # Simulated instructions
   uops: 114160112 # Retired micro-ops
   bbls: 2329675 # Basic blocks
   approxInstrs: 553622 # Instrs with approx uop decoding
   mispredBranches: 3148 # Mispredicted branches
   condBranches: 915019 # conditional branches
 l1i: # Cache stats
  l1i-0: # Filter cache stats
   fhGETS: 9222046 # Filtered GETS hits
   fhGETX: 0 # Filtered GETX hits
   hGETS: 6 # GETS hits
   hGETX: 0 # GETX hits
   mGETS: 3117 # GETS misses
   mGETXIM: 0 # GETX I->M misses
   mGETXSM: 0 # GETX S->M misses (upgrade misses)
   PUTS: 0 # Clean evictions (from lower level)
   PUTX: 0 # Dirty evictions (from lower level)
   INV: 3030 # Invalidates (from upper level)
   INVX: 0 # Downgrades (from upper level)
   FWD: 0 # Forwards (from upper level)
   latGETnl: 386508 # GET request latency on next level
   latGETnet: 0 # GET request latency on network to next level
 l1d: # Cache stats
  l1d-0: # Filter cache stats
   fhGETS: 18016089 # Filtered GETS hits
   fhGETX: 5396574 # Filtered GETX hits
   hGETS: 951507 # GETS hits
   hGETX: 756231 # GETX hits
   mGETS: 786416 # GETS misses
   mGETXIM: 4308816 # GETX I->M misses
   mGETXSM: 0 # GETX S->M misses (upgrade misses)
   PUTS: 0 # Clean evictions (from lower level)
   PUTX: 0 # Dirty evictions (from lower level)
   INV: 129 # Invalidates (from upper level)
   INVX: 0 # Downgrades (from upper level)
   FWD: 0 # Forwards (from upper level)
   latGETnl: 403817456 # GET request latency on next level
   latGETnet: 0 # GET request latency on network to next level
 l2: # Cache stats
  l2-0: # Cache stats
   hGETS: 95 # GETS hits
   hGETX: 1999723 # GETX hits
   mGETS: 789438 # GETS misses
   mGETXIM: 2309093 # GETX I->M misses
   mGETXSM: 0 # GETX S->M misses (upgrade misses)
   PUTS: 785812 # Clean evictions (from lower level)
   PUTX: 4308779 # Dirty evictions (from lower level)
   INV: 3168 # Invalidates (from upper level)
   INVX: 0 # Downgrades (from upper level)
   FWD: 0 # Forwards (from upper level)
   latGETnl: 353220474 # GET request latency on next level
   latGETnet: 0 # GET request latency on network to next level
 l3: # Cache stats
  l3-0: # Cache stats
   hGETS: 79 # GETS hits
   hGETX: 55 # GETX hits
   mGETS: 789359 # GETS misses
   mGETXIM: 2309038 # GETX I->M misses
   mGETXSM: 0 # GETX S->M misses (upgrade misses)
   PUTS: 782217 # Clean evictions (from lower level)
   PUTX: 2309050 # Dirty evictions (from lower level)
   INV: 0 # Invalidates (from upper level)
   INVX: 0 # Downgrades (from upper level)
   FWD: 0 # Forwards (from upper level)
   latGETnl: 278855730 # GET request latency on next level
   latGETnet: 0 # GET request latency on network to next level
 mem: # Memory controller stats
  mem-0: # Memory controller stats
   rd: 774560 # Read requests
   wr: 574188 # Write requests
   rdlat: 110665413 # Total latency experienced by read requests
   wrlat: 101377449 # Total latency experienced by write requests
   rdhits: 63 # Read row hits
   wrhits: 12172 # Write row hits
   mlh: # latency histogram for memory requests
    0: 0
    1: 0
    2: 0
    3: 0
    4: 0
    5: 0
    6: 0
    7: 0
    8: 0
    9: 0
    10: 0
    11: 1
    12: 5
    13: 451602
    14: 156441
    15: 108279
    16: 7073
    17: 30676
    18: 1137
    19: 1613
    20: 2392
    21: 3297
    22: 2115
    23: 1665
    24: 934
    25: 606
    26: 434
    27: 499
    28: 492
    29: 362
    30: 322
    31: 336
    32: 334
    33: 394
    34: 381
    35: 286
    36: 241
    37: 187
    38: 230
    39: 365
    40: 297
    41: 366
    42: 366
    43: 181
    44: 110
    45: 60
    46: 93
    47: 71
    48: 155
    49: 61
    50: 19
    51: 22
    52: 19
    53: 16
    54: 17
    55: 3
    56: 3
    57: 1
    58: 0
    59: 0
    60: 0
    61: 0
    62: 0
    63: 0
    64: 0
    65: 1
    66: 0
    67: 0
    68: 0
    69: 0
    70: 0
    71: 0
    72: 0
    73: 0
    74: 0
    75: 0
    76: 0
    77: 0
    78: 0
    79: 0
    80: 0
    81: 0
    82: 0
    83: 0
    84: 0
    85: 0
    86: 0
    87: 0
    88: 0
    89: 0
    90: 0
    91: 0
    92: 0
    93: 0
    94: 0
    95: 0
    96: 0
    97: 0
    98: 0
    99: 0
  mem-1: # Memory controller stats
   rd: 774593 # Read requests
   wr: 574193 # Write requests
   rdlat: 110563419 # Total latency experienced by read requests
   wrlat: 100667101 # Total latency experienced by write requests
   rdhits: 81 # Read row hits
   wrhits: 13225 # Write row hits
   mlh: # latency histogram for memory requests
    0: 0
    1: 0
    2: 0
    3: 0
    4: 0
    5: 0
    6: 0
    7: 0
    8: 0
    9: 0
    10: 0
    11: 1
    12: 1
    13: 452516
    14: 156421
    15: 106842
    16: 8681
    17: 31196
    18: 895
    19: 1630
    20: 2038
    21: 2934
    22: 1915
    23: 1553
    24: 808
    25: 671
    26: 385
    27: 530
    28: 419
    29: 382
    30: 332
    31: 334
    32: 327
    33: 394
    34: 351
    35: 262
    36: 239
    37: 215
    38: 226
    39: 408
    40: 282
    41: 293
    42: 308
    43: 168
    44: 118
    45: 56
    46: 95
    47: 78
    48: 150
    49: 65
    50: 18
    51: 8
    52: 12
    53: 13
    54: 12
    55: 5
    56: 2
    57: 1
    58: 1
    59: 1
    60: 1
    61: 0
    62: 0
    63: 0
    64: 0
    65: 0
    66: 0
    67: 0
    68: 0
    69: 0
    70: 0
    71: 0
    72: 0
    73: 0
    74: 0
    75: 0
    76: 0
    77: 0
    78: 0
    79: 0
    80: 0
    81: 0
    82: 0
    83: 0
    84: 0
    85: 0
    86: 0
    87: 0
    88: 0
    89: 0
    90: 0
    91: 0
    92: 0
    93: 0
    94: 0
    95: 0
    96: 0
    97: 0
    98: 0
    99: 0
  mem-2: # Memory controller stats
   rd: 774600 # Read requests
   wr: 574213 # Write requests
   rdlat: 110636976 # Total latency experienced by read requests
   wrlat: 101273144 # Total latency experienced by write requests
   rdhits: 60 # Read row hits
   wrhits: 12975 # Write row hits
   mlh: # latency histogram for memory requests
    0: 0
    1: 0
    2: 0
    3: 0
    4: 0
    5: 0
    6: 0
    7: 0
    8: 0
    9: 0
    10: 1
    11: 2
    12: 1
    13: 451335
    14: 156193
    15: 109053
    16: 7033
    17: 30704
    18: 1096
    19: 1670
    20: 2338
    21: 3348
    22: 2121
    23: 1674
    24: 927
    25: 562
    26: 406
    27: 524
    28: 489
    29: 359
    30: 309
    31: 333
    32: 316
    33: 373
    34: 334
    35: 269
    36: 257
    37: 231
    38: 196
    39: 414
    40: 302
    41: 305
    42: 314
    43: 167
    44: 106
    45: 55
    46: 99
    47: 88
    48: 158
    49: 54
    50: 20
    51: 12
    52: 16
    53: 15
    54: 14
    55: 4
    56: 1
    57: 2
    58: 0
    59: 0
    60: 0
    61: 0
    62: 0
    63: 0
    64: 0
    65: 0
    66: 0
    67: 0
    68: 0
    69: 0
    70: 0
    71: 0
    72: 0
    73: 0
    74: 0
    75: 0
    76: 0
    77: 0
    78: 0
    79: 0
    80: 0
    81: 0
    82: 0
    83: 0
    84: 0
    85: 0
    86: 0
    87: 0
    88: 0
    89: 0
    90: 0
    91: 0
    92: 0
    93: 0
    94: 0
    95: 0
    96: 0
    97: 0
    98: 0
    99: 0
  mem-3: # Memory controller stats
   rd: 774580 # Read requests
   wr: 574218 # Write requests
   rdlat: 110592289 # Total latency experienced by read requests
   wrlat: 100634095 # Total latency experienced by write requests
   rdhits: 56 # Read row hits
   wrhits: 12887 # Write row hits
   mlh: # latency histogram for memory requests
    0: 0
    1: 0
    2: 0
    3: 0
    4: 0
    5: 0
    6: 0
    7: 0
    8: 0
    9: 0
    10: 0
    11: 3
    12: 2
    13: 451836
    14: 156191
    15: 107526
    16: 8678
    17: 31237
    18: 848
    19: 1555
    20: 2041
    21: 3019
    22: 1951
    23: 1628
    24: 898
    25: 716
    26: 369
    27: 489
    28: 460
    29: 369
    30: 328
    31: 336
    32: 350
    33: 378
    34: 335
    35: 261
    36: 244
    37: 208
    38: 219
    39: 410
    40: 296
    41: 314
    42: 305
    43: 180
    44: 120
    45: 56
    46: 76
    47: 77
    48: 143
    49: 61
    50: 15
    51: 9
    52: 11
    53: 13
    54: 12
    55: 5
    56: 1
    57: 1
    58: 0
    59: 0
    60: 0
    61: 0
    62: 0
    63: 0
    64: 0
    65: 0
    66: 0
    67: 0
    68: 0
    69: 0
    70: 0
    71: 0
    72: 0
    73: 0
    74: 0
    75: 0
    76: 0
    77: 0
    78: 0
    79: 0
    80: 0
    81: 0
    82: 0
    83: 0
    84: 0
    85: 0
    86: 0
    87: 0
    88: 0
    89: 0
    90: 0
    91: 0
    92: 0
    93: 0
    94: 0
    95: 0
    96: 0
    97: 0
    98: 0
    99: 0
 sched: # Scheduler stats
  thCr: 1 # Threads created
  thFn: 1 # Threads finished
  schedEvs: 1 # Schedule events
  waitEvs: 0 # Wait events
  handoffEvs: 0 # Handoff events
  sleepEvs: 0 # Sleep events
  idlePhases: 0 # Phases with no thread active
  idlePeriods: 0 # Periods with no thread active
  occHist: # Occupancy histogram
   0: 0
   1: 14721
  rqSzHist: # Run queue size histogram
   0: 14721
   1: 0
   2: 0
   3: 0
   4: 0
   5: 0
   6: 0
   7: 0
   8: 0
   9: 0
   10: 0
   11: 0
   12: 0
   13: 0
   14: 0
   15: 0
   16: 0
 procCycles: # Per-process unhalted core cycles
  0: 147212571
  1: 0
  2: 0
  3: 0
  4: 0
  5: 0
  6: 0
  7: 0
  8: 0
  9: 0
  10: 0
  11: 0
  12: 0
  13: 0
  14: 0
  15: 0
  16: 0
  17: 0
  18: 0
  19: 0
  20: 0
  21: 0
  22: 0
  23: 0
  24: 0
  25: 0
  26: 0
  27: 0
  28: 0
  29: 0
  30: 0
  31: 0
  32: 0
  33: 0
  34: 0
  35: 0
  36: 0
  37: 0
  38: 0
  39: 0
  40: 0
  41: 0
  42: 0
  43: 0
  44: 0
  45: 0
  46: 0
  47: 0
  48: 0
  49: 0
  50: 0
  51: 0
  52: 0
  53: 0
  54: 0
  55: 0
  56: 0
  57: 0
  58: 0
  59: 0
  60: 0
  61: 0
  62: 0
  63: 0
 procInstrs: # Per-process instructions
  0: 100001963
  1: 0
  2: 0
  3: 0
  4: 0
  5: 0
  6: 0
  7: 0
  8: 0
  9: 0
  10: 0
  11: 0
  12: 0
  13: 0
  14: 0
  15: 0
  16: 0
  17: 0
  18: 0
  19: 0
  20: 0
  21: 0
  22: 0
  23: 0
  24: 0
  25: 0
  26: 0
  27: 0
  28: 0
  29: 0
  30: 0
  31: 0
  32: 0
  33: 0
  34: 0
  35: 0
  36: 0
  37: 0
  38: 0
  39: 0
  40: 0
  41: 0
  42: 0
  43: 0
  44: 0
  45: 0
  46: 0
  47: 0
  48: 0
  49: 0
  50: 0
  51: 0
  52: 0
  53: 0
  54: 0
  55: 0
  56: 0
  57: 0
  58: 0
  59: 0
  60: 0
  61: 0
  62: 0
  63: 0
 heartbeats: # Per-process heartbeats
  0: 0
  1: 0
  2: 0
  3: 0
  4: 0
  5: 0
  6: 0
  7: 0
  8: 0
  9: 0
  10: 0
  11: 0
  12: 0
  13: 0
  14: 0
  15: 0
  16: 0
  17: 0
  18: 0
  19: 0
  20: 0
  21: 0
  22: 0
  23: 0
  24: 0
  25: 0
  26: 0
  27: 0
  28: 0
  29: 0
  30: 0
  31: 0
  32: 0
  33: 0
  34: 0
  35: 0
  36: 0
  37: 0
  38: 0
  39: 0
  40: 0
  41: 0
  42: 0
  43: 0
  44: 0
  45: 0
  46: 0
  47: 0
  48: 0
  49: 0
  50: 0
  51: 0
  52: 0
  53: 0
  54: 0
  55: 0
  56: 0
  57: 0
  58: 0
  59: 0
  60: 0
  61: 0
  62: 0
  63: 0
===
