# zsim stats
===
root: # Stats
 contention: # Contention simulation stats
  domain-0: # Domain stats
   time: 164779386 # Weave simulation time
 time: # Simulator time breakdown
  init: 482934259
  bound: 30727115126
  weave: 971749392
  ff: 0
 trigger: 20000 # Reason for this stats dump
 phase: 40172 # Simulated phases
 westmere: # Core stats
  westmere-0: # Core stats
   cycles: 401720001 # Simulated unhalted cycles
   cCycles: 28276 # Cycles due to contention stalls
   instrs: 625004826 # Simulated instructions
   uops: 750420334 # Retired micro-ops
   bbls: 83820603 # Basic blocks
   approxInstrs: 6871102 # Instrs with approx uop decoding
   mispredBranches: 1800359 # Mispredicted branches
   condBranches: 64862975 # conditional branches
  westmere-1: # Core stats
   cycles: 401720015 # Simulated unhalted cycles
   cCycles: 29175 # Cycles due to contention stalls
   instrs: 625000176 # Simulated instructions
   uops: 750414280 # Retired micro-ops
   bbls: 83819672 # Basic blocks
   approxInstrs: 6871081 # Instrs with approx uop decoding
   mispredBranches: 1800324 # Mispredicted branches
   condBranches: 64862245 # conditional branches
  westmere-2: # Core stats
   cycles: 401710001 # Simulated unhalted cycles
   cCycles: 26806 # Cycles due to contention stalls
   instrs: 625001697 # Simulated instructions
   uops: 750416207 # Retired micro-ops
   bbls: 83819865 # Basic blocks
   approxInstrs: 6871134 # Instrs with approx uop decoding
   mispredBranches: 1800337 # Mispredicted branches
   condBranches: 64862352 # conditional branches
  westmere-3: # Core stats
   cycles: 401710001 # Simulated unhalted cycles
   cCycles: 29319 # Cycles due to contention stalls
   instrs: 625001724 # Simulated instructions
   uops: 750416242 # Retired micro-ops
   bbls: 83819879 # Basic blocks
   approxInstrs: 6871136 # Instrs with approx uop decoding
   mispredBranches: 1800337 # Mispredicted branches
   condBranches: 64862356 # conditional branches
  westmere-4: # Core stats
   cycles: 401710021 # Simulated unhalted cycles
   cCycles: 26764 # Cycles due to contention stalls
   instrs: 625004082 # Simulated instructions
   uops: 750419142 # Retired micro-ops
   bbls: 83820200 # Basic blocks
   approxInstrs: 6871223 # Instrs with approx uop decoding
   mispredBranches: 1800360 # Mispredicted branches
   condBranches: 64862543 # conditional branches
  westmere-5: # Core stats
   cycles: 401710037 # Simulated unhalted cycles
   cCycles: 26044 # Cycles due to contention stalls
   instrs: 625003185 # Simulated instructions
   uops: 750418036 # Retired micro-ops
   bbls: 83820073 # Basic blocks
   approxInstrs: 6871189 # Instrs with approx uop decoding
   mispredBranches: 1800350 # Mispredicted branches
   condBranches: 64862471 # conditional branches
  westmere-6: # Core stats
   cycles: 401710015 # Simulated unhalted cycles
   cCycles: 29480 # Cycles due to contention stalls
   instrs: 625000623 # Simulated instructions
   uops: 750414856 # Retired micro-ops
   bbls: 83819721 # Basic blocks
   approxInstrs: 6871095 # Instrs with approx uop decoding
   mispredBranches: 1800326 # Mispredicted branches
   condBranches: 64862275 # conditional branches
  westmere-7: # Core stats
   cycles: 401710003 # Simulated unhalted cycles
   cCycles: 26792 # Cycles due to contention stalls
   instrs: 624992454 # Simulated instructions
   uops: 750404699 # Retired micro-ops
   bbls: 83818638 # Basic blocks
   approxInstrs: 6870813 # Instrs with approx uop decoding
   mispredBranches: 1800244 # Mispredicted branches
   condBranches: 64861644 # conditional branches
 l1i: # Cache stats
  l1i-0: # Filter cache stats
   fhGETS: 112021227 # Filtered GETS hits
   fhGETX: 0 # Filtered GETX hits
   hGETS: 1226616 # GETS hits
   hGETX: 0 # GETX hits
   mGETS: 45527 # GETS misses
   mGETXIM: 0 # GETX I->M misses
   mGETXSM: 0 # GETX S->M misses (upgrade misses)
   PUTS: 0 # Clean evictions (from lower level)
   PUTX: 0 # Dirty evictions (from lower level)
   INV: 0 # Invalidates (from upper level)
   INVX: 47 # Downgrades (from upper level)
   FWD: 0 # Forwards (from upper level)
   latGETnl: 482415 # GET request latency on next level
   latGETnet: 0 # GET request latency on network to next level
  l1i-1: # Filter cache stats
   fhGETS: 112020260 # Filtered GETS hits
   fhGETX: 0 # Filtered GETX hits
   hGETS: 1226535 # GETS hits
   hGETX: 0 # GETX hits
   mGETS: 45446 # GETS misses
   mGETXIM: 0 # GETX I->M misses
   mGETXSM: 0 # GETX S->M misses (upgrade misses)
   PUTS: 0 # Clean evictions (from lower level)
   PUTX: 0 # Dirty evictions (from lower level)
   INV: 0 # Invalidates (from upper level)
   INVX: 181 # Downgrades (from upper level)
   FWD: 0 # Forwards (from upper level)
   latGETnl: 486266 # GET request latency on next level
   latGETnet: 0 # GET request latency on network to next level
  l1i-2: # Filter cache stats
   fhGETS: 112020642 # Filtered GETS hits
   fhGETX: 0 # Filtered GETX hits
   hGETS: 1226501 # GETS hits
   hGETX: 0 # GETX hits
   mGETS: 45447 # GETS misses
   mGETXIM: 0 # GETX I->M misses
   mGETXSM: 0 # GETX S->M misses (upgrade misses)
   PUTS: 0 # Clean evictions (from lower level)
   PUTX: 0 # Dirty evictions (from lower level)
   INV: 0 # Invalidates (from upper level)
   INVX: 59 # Downgrades (from upper level)
   FWD: 0 # Forwards (from upper level)
   latGETnl: 476207 # GET request latency on next level
   latGETnet: 0 # GET request latency on network to next level
  l1i-3: # Filter cache stats
   fhGETS: 112020687 # Filtered GETS hits
   fhGETX: 0 # Filtered GETX hits
   hGETS: 1226518 # GETS hits
   hGETX: 0 # GETX hits
   mGETS: 45449 # GETS misses
   mGETXIM: 0 # GETX I->M misses
   mGETXSM: 0 # GETX S->M misses (upgrade misses)
   PUTS: 0 # Clean evictions (from lower level)
   PUTX: 0 # Dirty evictions (from lower level)
   INV: 0 # Invalidates (from upper level)
   INVX: 67 # Downgrades (from upper level)
   FWD: 0 # Forwards (from upper level)
   latGETnl: 476066 # GET request latency on next level
   latGETnet: 0 # GET request latency on network to next level
  l1i-4: # Filter cache stats
   fhGETS: 112021210 # Filtered GETS hits
   fhGETX: 0 # Filtered GETX hits
   hGETS: 1226508 # GETS hits
   hGETX: 0 # GETX hits
   mGETS: 45449 # GETS misses
   mGETXIM: 0 # GETX I->M misses
   mGETXSM: 0 # GETX S->M misses (upgrade misses)
   PUTS: 0 # Clean evictions (from lower level)
   PUTX: 0 # Dirty evictions (from lower level)
   INV: 0 # Invalidates (from upper level)
   INVX: 62 # Downgrades (from upper level)
   FWD: 0 # Forwards (from upper level)
   latGETnl: 475313 # GET request latency on next level
   latGETnet: 0 # GET request latency on network to next level
  l1i-5: # Filter cache stats
   fhGETS: 112021013 # Filtered GETS hits
   fhGETX: 0 # Filtered GETX hits
   hGETS: 1226506 # GETS hits
   hGETX: 0 # GETX hits
   mGETS: 45451 # GETS misses
   mGETXIM: 0 # GETX I->M misses
   mGETXSM: 0 # GETX S->M misses (upgrade misses)
   PUTS: 0 # Clean evictions (from lower level)
   PUTX: 0 # Dirty evictions (from lower level)
   INV: 0 # Invalidates (from upper level)
   INVX: 66 # Downgrades (from upper level)
   FWD: 0 # Forwards (from upper level)
   latGETnl: 475678 # GET request latency on next level
   latGETnet: 0 # GET request latency on network to next level
  l1i-6: # Filter cache stats
   fhGETS: 112020398 # Filtered GETS hits
   fhGETX: 0 # Filtered GETX hits
   hGETS: 1226521 # GETS hits
   hGETX: 0 # GETX hits
   mGETS: 45445 # GETS misses
   mGETXIM: 0 # GETX I->M misses
   mGETXSM: 0 # GETX S->M misses (upgrade misses)
   PUTS: 0 # Clean evictions (from lower level)
   PUTX: 0 # Dirty evictions (from lower level)
   INV: 0 # Invalidates (from upper level)
   INVX: 83 # Downgrades (from upper level)
   FWD: 0 # Forwards (from upper level)
   latGETnl: 477309 # GET request latency on next level
   latGETnet: 0 # GET request latency on network to next level
  l1i-7: # Filter cache stats
   fhGETS: 112018606 # Filtered GETS hits
   fhGETX: 0 # Filtered GETX hits
   hGETS: 1226491 # GETS hits
   hGETX: 0 # GETX hits
   mGETS: 45450 # GETS misses
   mGETXIM: 0 # GETX I->M misses
   mGETXSM: 0 # GETX S->M misses (upgrade misses)
   PUTS: 0 # Clean evictions (from lower level)
   PUTX: 0 # Dirty evictions (from lower level)
   INV: 0 # Invalidates (from upper level)
   INVX: 43 # Downgrades (from upper level)
   FWD: 0 # Forwards (from upper level)
   latGETnl: 473866 # GET request latency on next level
   latGETnet: 0 # GET request latency on network to next level
 l1d: # Cache stats
  l1d-0: # Filter cache stats
   fhGETS: 160739751 # Filtered GETS hits
   fhGETX: 37999528 # Filtered GETX hits
   hGETS: 11329037 # GETS hits
   hGETX: 11699058 # GETX hits
   mGETS: 1336849 # GETS misses
   mGETXIM: 1106636 # GETX I->M misses
   mGETXSM: 16 # GETX S->M misses (upgrade misses)
   PUTS: 0 # Clean evictions (from lower level)
   PUTX: 0 # Dirty evictions (from lower level)
   INV: 43 # Invalidates (from upper level)
   INVX: 41 # Downgrades (from upper level)
   FWD: 0 # Forwards (from upper level)
   latGETnl: 24606157 # GET request latency on next level
   latGETnet: 0 # GET request latency on network to next level
  l1d-1: # Filter cache stats
   fhGETS: 157438550 # Filtered GETS hits
   fhGETX: 37690778 # Filtered GETX hits
   hGETS: 14626478 # GETS hits
   hGETX: 12014749 # GETX hits
   mGETS: 1339851 # GETS misses
   mGETXIM: 1098470 # GETX I->M misses
   mGETXSM: 3 # GETX S->M misses (upgrade misses)
   PUTS: 0 # Clean evictions (from lower level)
   PUTX: 0 # Dirty evictions (from lower level)
   INV: 10 # Invalidates (from upper level)
   INVX: 119 # Downgrades (from upper level)
   FWD: 0 # Forwards (from upper level)
   latGETnl: 24546470 # GET request latency on next level
   latGETnet: 0 # GET request latency on network to next level
  l1d-2: # Filter cache stats
   fhGETS: 160815642 # Filtered GETS hits
   fhGETX: 38009381 # Filtered GETX hits
   hGETS: 11251176 # GETS hits
   hGETX: 11688621 # GETX hits
   mGETS: 1338581 # GETS misses
   mGETXIM: 1106076 # GETX I->M misses
   mGETXSM: 6 # GETX S->M misses (upgrade misses)
   PUTS: 0 # Clean evictions (from lower level)
   PUTX: 0 # Dirty evictions (from lower level)
   INV: 8 # Invalidates (from upper level)
   INVX: 36 # Downgrades (from upper level)
   FWD: 0 # Forwards (from upper level)
   latGETnl: 24602335 # GET request latency on next level
   latGETnet: 0 # GET request latency on network to next level
  l1d-3: # Filter cache stats
   fhGETS: 160836651 # Filtered GETS hits
   fhGETX: 38008596 # Filtered GETX hits
   hGETS: 11232415 # GETS hits
   hGETX: 11690733 # GETX hits
   mGETS: 1336333 # GETS misses
   mGETXIM: 1104752 # GETX I->M misses
   mGETXSM: 6 # GETX S->M misses (upgrade misses)
   PUTS: 0 # Clean evictions (from lower level)
   PUTX: 0 # Dirty evictions (from lower level)
   INV: 9 # Invalidates (from upper level)
   INVX: 29 # Downgrades (from upper level)
   FWD: 0 # Forwards (from upper level)
   latGETnl: 24566330 # GET request latency on next level
   latGETnet: 0 # GET request latency on network to next level
  l1d-4: # Filter cache stats
   fhGETS: 160734739 # Filtered GETS hits
   fhGETX: 38014493 # Filtered GETX hits
   hGETS: 11334132 # GETS hits
   hGETX: 11677244 # GETX hits
   mGETS: 1337228 # GETS misses
   mGETXIM: 1112479 # GETX I->M misses
   mGETXSM: 5 # GETX S->M misses (upgrade misses)
   PUTS: 0 # Clean evictions (from lower level)
   PUTX: 0 # Dirty evictions (from lower level)
   INV: 11 # Invalidates (from upper level)
   INVX: 82 # Downgrades (from upper level)
   FWD: 0 # Forwards (from upper level)
   latGETnl: 24657154 # GET request latency on next level
   latGETnet: 0 # GET request latency on network to next level
  l1d-5: # Filter cache stats
   fhGETS: 159021581 # Filtered GETS hits
   fhGETX: 37999760 # Filtered GETX hits
   hGETS: 13044795 # GETS hits
   hGETX: 11696622 # GETX hits
   mGETS: 1339465 # GETS misses
   mGETXIM: 1107778 # GETX I->M misses
   mGETXSM: 6 # GETX S->M misses (upgrade misses)
   PUTS: 0 # Clean evictions (from lower level)
   PUTX: 0 # Dirty evictions (from lower level)
   INV: 10 # Invalidates (from upper level)
   INVX: 44 # Downgrades (from upper level)
   FWD: 0 # Forwards (from upper level)
   latGETnl: 24629404 # GET request latency on next level
   latGETnet: 0 # GET request latency on network to next level
  l1d-6: # Filter cache stats
   fhGETS: 156199952 # Filtered GETS hits
   fhGETX: 37773065 # Filtered GETX hits
   hGETS: 15865383 # GETS hits
   hGETX: 11930816 # GETX hits
   mGETS: 1339712 # GETS misses
   mGETXIM: 1100138 # GETX I->M misses
   mGETXSM: 7 # GETX S->M misses (upgrade misses)
   PUTS: 0 # Clean evictions (from lower level)
   PUTX: 0 # Dirty evictions (from lower level)
   INV: 8 # Invalidates (from upper level)
   INVX: 36 # Downgrades (from upper level)
   FWD: 0 # Forwards (from upper level)
   latGETnl: 24554088 # GET request latency on next level
   latGETnet: 0 # GET request latency on network to next level
  l1d-7: # Filter cache stats
   fhGETS: 161017152 # Filtered GETS hits
   fhGETX: 38008949 # Filtered GETX hits
   hGETS: 11047137 # GETS hits
   hGETX: 11693456 # GETX hits
   mGETS: 1338226 # GETS misses
   mGETXIM: 1101150 # GETX I->M misses
   mGETXSM: 6 # GETX S->M misses (upgrade misses)
   PUTS: 0 # Clean evictions (from lower level)
   PUTX: 0 # Dirty evictions (from lower level)
   INV: 5 # Invalidates (from upper level)
   INVX: 69 # Downgrades (from upper level)
   FWD: 0 # Forwards (from upper level)
   latGETnl: 24552337 # GET request latency on next level
   latGETnet: 0 # GET request latency on network to next level
 l2: # Cache stats
  l2-0: # Cache stats
   hGETS: 1381118 # GETS hits
   hGETX: 1105414 # GETX hits
   mGETS: 1258 # GETS misses
   mGETXIM: 1222 # GETX I->M misses
   mGETXSM: 16 # GETX S->M misses (upgrade misses)
   PUTS: 1191358 # Clean evictions (from lower level)
   PUTX: 1296607 # Dirty evictions (from lower level)
   INV: 43 # Invalidates (from upper level)
   INVX: 91 # Downgrades (from upper level)
   FWD: 0 # Forwards (from upper level)
   latGETnl: 198292 # GET request latency on next level
   latGETnet: 0 # GET request latency on network to next level
  l2-1: # Cache stats
   hGETS: 1384133 # GETS hits
   hGETX: 1097374 # GETX hits
   mGETS: 1164 # GETS misses
   mGETXIM: 1096 # GETX I->M misses
   mGETXSM: 3 # GETX S->M misses (upgrade misses)
   PUTS: 1194611 # Clean evictions (from lower level)
   PUTX: 1288152 # Dirty evictions (from lower level)
   INV: 10 # Invalidates (from upper level)
   INVX: 300 # Downgrades (from upper level)
   FWD: 0 # Forwards (from upper level)
   latGETnl: 195036 # GET request latency on next level
   latGETnet: 0 # GET request latency on network to next level
  l2-2: # Cache stats
   hGETS: 1382866 # GETS hits
   hGETX: 1104980 # GETX hits
   mGETS: 1162 # GETS misses
   mGETXIM: 1096 # GETX I->M misses
   mGETXSM: 6 # GETX S->M misses (upgrade misses)
   PUTS: 1192066 # Clean evictions (from lower level)
   PUTX: 1297037 # Dirty evictions (from lower level)
   INV: 8 # Invalidates (from upper level)
   INVX: 95 # Downgrades (from upper level)
   FWD: 0 # Forwards (from upper level)
   latGETnl: 177442 # GET request latency on next level
   latGETnet: 0 # GET request latency on network to next level
  l2-3: # Cache stats
   hGETS: 1380615 # GETS hits
   hGETX: 1103656 # GETX hits
   mGETS: 1167 # GETS misses
   mGETXIM: 1096 # GETX I->M misses
   mGETXSM: 6 # GETX S->M misses (upgrade misses)
   PUTS: 1191131 # Clean evictions (from lower level)
   PUTX: 1294400 # Dirty evictions (from lower level)
   INV: 9 # Invalidates (from upper level)
   INVX: 96 # Downgrades (from upper level)
   FWD: 0 # Forwards (from upper level)
   latGETnl: 176996 # GET request latency on next level
   latGETnet: 0 # GET request latency on network to next level
  l2-4: # Cache stats
   hGETS: 1381512 # GETS hits
   hGETX: 1111381 # GETX hits
   mGETS: 1165 # GETS misses
   mGETXIM: 1098 # GETX I->M misses
   mGETXSM: 5 # GETX S->M misses (upgrade misses)
   PUTS: 1191201 # Clean evictions (from lower level)
   PUTX: 1302950 # Dirty evictions (from lower level)
   INV: 11 # Invalidates (from upper level)
   INVX: 144 # Downgrades (from upper level)
   FWD: 0 # Forwards (from upper level)
   latGETnl: 180857 # GET request latency on next level
   latGETnet: 0 # GET request latency on network to next level
  l2-5: # Cache stats
   hGETS: 1383751 # GETS hits
   hGETX: 1106682 # GETX hits
   mGETS: 1165 # GETS misses
   mGETXIM: 1096 # GETX I->M misses
   mGETXSM: 6 # GETX S->M misses (upgrade misses)
   PUTS: 1193124 # Clean evictions (from lower level)
   PUTX: 1298567 # Dirty evictions (from lower level)
   INV: 10 # Invalidates (from upper level)
   INVX: 110 # Downgrades (from upper level)
   FWD: 0 # Forwards (from upper level)
   latGETnl: 178082 # GET request latency on next level
   latGETnet: 0 # GET request latency on network to next level
  l2-6: # Cache stats
   hGETS: 1383997 # GETS hits
   hGETX: 1099042 # GETX hits
   mGETS: 1160 # GETS misses
   mGETXIM: 1096 # GETX I->M misses
   mGETXSM: 7 # GETX S->M misses (upgrade misses)
   PUTS: 1192897 # Clean evictions (from lower level)
   PUTX: 1291399 # Dirty evictions (from lower level)
   INV: 8 # Invalidates (from upper level)
   INVX: 119 # Downgrades (from upper level)
   FWD: 0 # Forwards (from upper level)
   latGETnl: 178377 # GET request latency on next level
   latGETnet: 0 # GET request latency on network to next level
  l2-7: # Cache stats
   hGETS: 1382514 # GETS hits
   hGETX: 1100054 # GETX hits
   mGETS: 1162 # GETS misses
   mGETXIM: 1096 # GETX I->M misses
   mGETXSM: 6 # GETX S->M misses (upgrade misses)
   PUTS: 1193494 # Clean evictions (from lower level)
   PUTX: 1290334 # Dirty evictions (from lower level)
   INV: 5 # Invalidates (from upper level)
   INVX: 112 # Downgrades (from upper level)
   FWD: 0 # Forwards (from upper level)
   latGETnl: 177883 # GET request latency on next level
   latGETnet: 0 # GET request latency on network to next level
 l3: # Cache stats
  l3-0b0: # Timing cache stats
   hGETS: 866 # GETS hits
   hGETX: 5 # GETX hits
   mGETS: 296 # GETS misses
   mGETXIM: 1091 # GETX I->M misses
   mGETXSM: 0 # GETX S->M misses (upgrade misses)
   PUTS: 0 # Clean evictions (from lower level)
   PUTX: 0 # Dirty evictions (from lower level)
   INV: 0 # Invalidates (from upper level)
   INVX: 0 # Downgrades (from upper level)
   FWD: 0 # Forwards (from upper level)
   latGETnl: 124830 # GET request latency on next level
   latGETnet: 0 # GET request latency on network to next level
   occHist: # Occupancy MSHR cycle histogram
    0: 401594202
    1: 77530
    2: 23051
    3: 9044
    4: 4718
    5: 2633
    6: 1463
    7: 1081
    8: 822
    9: 488
    10: 376
    11: 345
    12: 288
    13: 486
    14: 728
    15: 517
    16: 222
    17: 216
    18: 146
    19: 81
    20: 236
    21: 228
    22: 391
    23: 336
    24: 240
    25: 76
    26: 23
    27: 33
    28: 0
    29: 0
    30: 0
    31: 0
    32: 0
    33: 0
    34: 0
    35: 0
    36: 0
    37: 0
    38: 0
    39: 0
    40: 0
    41: 0
    42: 0
    43: 0
    44: 0
    45: 0
    46: 0
    47: 0
    48: 0
    49: 0
    50: 0
    51: 0
    52: 0
    53: 0
    54: 0
    55: 0
    56: 0
    57: 0
    58: 0
    59: 0
    60: 0
    61: 0
    62: 0
    63: 0
    64: 0
   latHit: 12 # Cumulative latency accesses that hit (demand and non-demand)
   latMissResp: 291754 # Cumulative latency for miss start to response
   latMiss: 291768 # Cumulative latency for miss start to finish (free MSHR)
  l3-0b1: # Timing cache stats
   hGETS: 900 # GETS hits
   hGETX: 13 # GETX hits
   mGETS: 301 # GETS misses
   mGETXIM: 1092 # GETX I->M misses
   mGETXSM: 0 # GETX S->M misses (upgrade misses)
   PUTS: 1 # Clean evictions (from lower level)
   PUTX: 0 # Dirty evictions (from lower level)
   INV: 0 # Invalidates (from upper level)
   INVX: 0 # Downgrades (from upper level)
   FWD: 0 # Forwards (from upper level)
   latGETnl: 125370 # GET request latency on next level
   latGETnet: 0 # GET request latency on network to next level
   occHist: # Occupancy MSHR cycle histogram
    0: 401593257
    1: 76710
    2: 25031
    3: 9704
    4: 4379
    5: 2471
    6: 1404
    7: 1357
    8: 819
    9: 374
    10: 504
    11: 580
    12: 557
    13: 410
    14: 376
    15: 471
    16: 382
    17: 357
    18: 363
    19: 191
    20: 116
    21: 117
    22: 64
    23: 6
    24: 0
    25: 0
    26: 0
    27: 0
    28: 0
    29: 0
    30: 0
    31: 0
    32: 0
    33: 0
    34: 0
    35: 0
    36: 0
    37: 0
    38: 0
    39: 0
    40: 0
    41: 0
    42: 0
    43: 0
    44: 0
    45: 0
    46: 0
    47: 0
    48: 0
    49: 0
    50: 0
    51: 0
    52: 0
    53: 0
    54: 0
    55: 0
    56: 0
    57: 0
    58: 0
    59: 0
    60: 0
    61: 0
    62: 0
    63: 0
    64: 0
   latHit: 10 # Cumulative latency accesses that hit (demand and non-demand)
   latMissResp: 278009 # Cumulative latency for miss start to response
   latMiss: 278026 # Cumulative latency for miss start to finish (free MSHR)
  l3-0b2: # Timing cache stats
   hGETS: 904 # GETS hits
   hGETX: 6 # GETX hits
   mGETS: 283 # GETS misses
   mGETXIM: 1127 # GETX I->M misses
   mGETXSM: 0 # GETX S->M misses (upgrade misses)
   PUTS: 0 # Clean evictions (from lower level)
   PUTX: 0 # Dirty evictions (from lower level)
   INV: 0 # Invalidates (from upper level)
   INVX: 0 # Downgrades (from upper level)
   FWD: 0 # Forwards (from upper level)
   latGETnl: 126900 # GET request latency on next level
   latGETnet: 0 # GET request latency on network to next level
   occHist: # Occupancy MSHR cycle histogram
    0: 401593590
    1: 74650
    2: 27763
    3: 8283
    4: 4270
    5: 2283
    6: 1812
    7: 987
    8: 478
    9: 417
    10: 458
    11: 484
    12: 486
    13: 371
    14: 426
    15: 295
    16: 437
    17: 461
    18: 323
    19: 282
    20: 89
    21: 51
    22: 69
    23: 110
    24: 182
    25: 312
    26: 259
    27: 235
    28: 110
    29: 27
    30: 0
    31: 0
    32: 0
    33: 0
    34: 0
    35: 0
    36: 0
    37: 0
    38: 0
    39: 0
    40: 0
    41: 0
    42: 0
    43: 0
    44: 0
    45: 0
    46: 0
    47: 0
    48: 0
    49: 0
    50: 0
    51: 0
    52: 0
    53: 0
    54: 0
    55: 0
    56: 0
    57: 0
    58: 0
    59: 0
    60: 0
    61: 0
    62: 0
    63: 0
    64: 0
   latHit: 27 # Cumulative latency accesses that hit (demand and non-demand)
   latMissResp: 301819 # Cumulative latency for miss start to response
   latMiss: 301836 # Cumulative latency for miss start to finish (free MSHR)
  l3-0b3: # Timing cache stats
   hGETS: 861 # GETS hits
   hGETX: 6 # GETX hits
   mGETS: 301 # GETS misses
   mGETXIM: 1104 # GETX I->M misses
   mGETXSM: 0 # GETX S->M misses (upgrade misses)
   PUTS: 0 # Clean evictions (from lower level)
   PUTX: 0 # Dirty evictions (from lower level)
   INV: 0 # Invalidates (from upper level)
   INVX: 0 # Downgrades (from upper level)
   FWD: 0 # Forwards (from upper level)
   latGETnl: 126450 # GET request latency on next level
   latGETnet: 0 # GET request latency on network to next level
   occHist: # Occupancy MSHR cycle histogram
    0: 401593835
    1: 77359
    2: 23701
    3: 8721
    4: 3924
    5: 2600
    6: 1616
    7: 1187
    8: 704
    9: 1315
    10: 864
    11: 456
    12: 195
    13: 378
    14: 269
    15: 342
    16: 347
    17: 412
    18: 458
    19: 416
    20: 295
    21: 287
    22: 176
    23: 56
    24: 58
    25: 22
    26: 7
    27: 0
    28: 0
    29: 0
    30: 0
    31: 0
    32: 0
    33: 0
    34: 0
    35: 0
    36: 0
    37: 0
    38: 0
    39: 0
    40: 0
    41: 0
    42: 0
    43: 0
    44: 0
    45: 0
    46: 0
    47: 0
    48: 0
    49: 0
    50: 0
    51: 0
    52: 0
    53: 0
    54: 0
    55: 0
    56: 0
    57: 0
    58: 0
    59: 0
    60: 0
    61: 0
    62: 0
    63: 0
    64: 0
   latHit: 4 # Cumulative latency accesses that hit (demand and non-demand)
   latMissResp: 292798 # Cumulative latency for miss start to response
   latMiss: 292813 # Cumulative latency for miss start to finish (free MSHR)
  l3-0b4: # Timing cache stats
   hGETS: 843 # GETS hits
   hGETX: 3 # GETX hits
   mGETS: 279 # GETS misses
   mGETXIM: 1115 # GETX I->M misses
   mGETXSM: 0 # GETX S->M misses (upgrade misses)
   PUTS: 0 # Clean evictions (from lower level)
   PUTX: 0 # Dirty evictions (from lower level)
   INV: 0 # Invalidates (from upper level)
   INVX: 0 # Downgrades (from upper level)
   FWD: 0 # Forwards (from upper level)
   latGETnl: 125460 # GET request latency on next level
   latGETnet: 0 # GET request latency on network to next level
   occHist: # Occupancy MSHR cycle histogram
    0: 401591423
    1: 78337
    2: 26157
    3: 8529
    4: 4490
    5: 2556
    6: 1208
    7: 952
    8: 685
    9: 531
    10: 493
    11: 475
    12: 340
    13: 439
    14: 644
    15: 421
    16: 332
    17: 250
    18: 209
    19: 286
    20: 217
    21: 133
    22: 83
    23: 243
    24: 142
    25: 206
    26: 156
    27: 61
    28: 2
    29: 0
    30: 0
    31: 0
    32: 0
    33: 0
    34: 0
    35: 0
    36: 0
    37: 0
    38: 0
    39: 0
    40: 0
    41: 0
    42: 0
    43: 0
    44: 0
    45: 0
    46: 0
    47: 0
    48: 0
    49: 0
    50: 0
    51: 0
    52: 0
    53: 0
    54: 0
    55: 0
    56: 0
    57: 0
    58: 0
    59: 0
    60: 0
    61: 0
    62: 0
    63: 0
    64: 0
   latHit: 14 # Cumulative latency accesses that hit (demand and non-demand)
   latMissResp: 294019 # Cumulative latency for miss start to response
   latMiss: 294045 # Cumulative latency for miss start to finish (free MSHR)
  l3-0b5: # Timing cache stats
   hGETS: 907 # GETS hits
   hGETX: 27 # GETX hits
   mGETS: 298 # GETS misses
   mGETXIM: 1105 # GETX I->M misses
   mGETXSM: 0 # GETX S->M misses (upgrade misses)
   PUTS: 0 # Clean evictions (from lower level)
   PUTX: 0 # Dirty evictions (from lower level)
   INV: 0 # Invalidates (from upper level)
   INVX: 0 # Downgrades (from upper level)
   FWD: 0 # Forwards (from upper level)
   latGETnl: 126270 # GET request latency on next level
   latGETnet: 0 # GET request latency on network to next level
   occHist: # Occupancy MSHR cycle histogram
    0: 401598062
    1: 69093
    2: 25540
    3: 10170
    4: 4699
    5: 3105
    6: 1902
    7: 1065
    8: 814
    9: 1074
    10: 536
    11: 360
    12: 429
    13: 471
    14: 356
    15: 467
    16: 370
    17: 326
    18: 309
    19: 328
    20: 210
    21: 217
    22: 86
    23: 11
    24: 0
    25: 0
    26: 0
    27: 0
    28: 0
    29: 0
    30: 0
    31: 0
    32: 0
    33: 0
    34: 0
    35: 0
    36: 0
    37: 0
    38: 0
    39: 0
    40: 0
    41: 0
    42: 0
    43: 0
    44: 0
    45: 0
    46: 0
    47: 0
    48: 0
    49: 0
    50: 0
    51: 0
    52: 0
    53: 0
    54: 0
    55: 0
    56: 0
    57: 0
    58: 0
    59: 0
    60: 0
    61: 0
    62: 0
    63: 0
    64: 0
   latHit: 26 # Cumulative latency accesses that hit (demand and non-demand)
   latMissResp: 286768 # Cumulative latency for miss start to response
   latMiss: 286787 # Cumulative latency for miss start to finish (free MSHR)
  l3-0b6: # Timing cache stats
   hGETS: 876 # GETS hits
   hGETX: 13 # GETX hits
   mGETS: 298 # GETS misses
   mGETXIM: 1111 # GETX I->M misses
   mGETXSM: 0 # GETX S->M misses (upgrade misses)
   PUTS: 1 # Clean evictions (from lower level)
   PUTX: 0 # Dirty evictions (from lower level)
   INV: 0 # Invalidates (from upper level)
   INVX: 0 # Downgrades (from upper level)
   FWD: 0 # Forwards (from upper level)
   latGETnl: 126810 # GET request latency on next level
   latGETnet: 0 # GET request latency on network to next level
   occHist: # Occupancy MSHR cycle histogram
    0: 401591028
    1: 78908
    2: 23977
    3: 9994
    4: 4879
    5: 2822
    6: 1416
    7: 497
    8: 526
    9: 502
    10: 439
    11: 296
    12: 399
    13: 420
    14: 551
    15: 424
    16: 548
    17: 403
    18: 171
    19: 237
    20: 214
    21: 493
    22: 524
    23: 181
    24: 111
    25: 40
    26: 0
    27: 0
    28: 0
    29: 0
    30: 0
    31: 0
    32: 0
    33: 0
    34: 0
    35: 0
    36: 0
    37: 0
    38: 0
    39: 0
    40: 0
    41: 0
    42: 0
    43: 0
    44: 0
    45: 0
    46: 0
    47: 0
    48: 0
    49: 0
    50: 0
    51: 0
    52: 0
    53: 0
    54: 0
    55: 0
    56: 0
    57: 0
    58: 0
    59: 0
    60: 0
    61: 0
    62: 0
    63: 0
    64: 0
   latHit: 12 # Cumulative latency accesses that hit (demand and non-demand)
   latMissResp: 300312 # Cumulative latency for miss start to response
   latMiss: 300327 # Cumulative latency for miss start to finish (free MSHR)
  l3-0b7: # Timing cache stats
   hGETS: 892 # GETS hits
   hGETX: 12 # GETX hits
   mGETS: 298 # GETS misses
   mGETXIM: 1121 # GETX I->M misses
   mGETXSM: 0 # GETX S->M misses (upgrade misses)
   PUTS: 1 # Clean evictions (from lower level)
   PUTX: 0 # Dirty evictions (from lower level)
   INV: 0 # Invalidates (from upper level)
   INVX: 0 # Downgrades (from upper level)
   FWD: 0 # Forwards (from upper level)
   latGETnl: 127710 # GET request latency on next level
   latGETnet: 0 # GET request latency on network to next level
   occHist: # Occupancy MSHR cycle histogram
    0: 401594060
    1: 76818
    2: 22015
    3: 10325
    4: 4355
    5: 2700
    6: 2276
    7: 978
    8: 899
    9: 846
    10: 575
    11: 332
    12: 200
    13: 306
    14: 291
    15: 500
    16: 568
    17: 658
    18: 439
    19: 322
    20: 231
    21: 184
    22: 115
    23: 7
    24: 0
    25: 0
    26: 0
    27: 0
    28: 0
    29: 0
    30: 0
    31: 0
    32: 0
    33: 0
    34: 0
    35: 0
    36: 0
    37: 0
    38: 0
    39: 0
    40: 0
    41: 0
    42: 0
    43: 0
    44: 0
    45: 0
    46: 0
    47: 0
    48: 0
    49: 0
    50: 0
    51: 0
    52: 0
    53: 0
    54: 0
    55: 0
    56: 0
    57: 0
    58: 0
    59: 0
    60: 0
    61: 0
    62: 0
    63: 0
    64: 0
   latHit: 2 # Cumulative latency accesses that hit (demand and non-demand)
   latMissResp: 290857 # Cumulative latency for miss start to response
   latMiss: 290874 # Cumulative latency for miss start to finish (free MSHR)
 mem: # Memory controller stats
  mem-0: # Memory controller stats
   rd: 2838 # Read requests
   wr: 0 # Write requests
   rdlat: 518719 # Total latency experienced by read requests
   wrlat: 0 # Total latency experienced by write requests
   rdhits: 292 # Read row hits
   wrhits: 0 # Write row hits
   mlh: # latency histogram for memory requests
    0: 0
    1: 0
    2: 0
    3: 0
    4: 0
    5: 0
    6: 0
    7: 0
    8: 0
    9: 0
    10: 0
    11: 8
    12: 25
    13: 1676
    14: 259
    15: 98
    16: 91
    17: 51
    18: 39
    19: 32
    20: 28
    21: 29
    22: 21
    23: 25
    24: 36
    25: 31
    26: 27
    27: 25
    28: 14
    29: 11
    30: 6
    31: 10
    32: 7
    33: 12
    34: 9
    35: 10
    36: 10
    37: 11
    38: 8
    39: 9
    40: 9
    41: 10
    42: 13
    43: 21
    44: 11
    45: 9
    46: 19
    47: 8
    48: 11
    49: 14
    50: 13
    51: 5
    52: 9
    53: 7
    54: 10
    55: 7
    56: 3
    57: 3
    58: 5
    59: 4
    60: 5
    61: 0
    62: 3
    63: 2
    64: 2
    65: 2
    66: 2
    67: 1
    68: 1
    69: 0
    70: 2
    71: 1
    72: 1
    73: 2
    74: 2
    75: 0
    76: 0
    77: 1
    78: 0
    79: 0
    80: 0
    81: 0
    82: 1
    83: 0
    84: 0
    85: 0
    86: 1
    87: 0
    88: 0
    89: 0
    90: 0
    91: 0
    92: 0
    93: 0
    94: 0
    95: 0
    96: 0
    97: 0
    98: 0
    99: 0
  mem-1: # Memory controller stats
   rd: 2790 # Read requests
   wr: 0 # Write requests
   rdlat: 531308 # Total latency experienced by read requests
   wrlat: 0 # Total latency experienced by write requests
   rdhits: 297 # Read row hits
   wrhits: 0 # Write row hits
   mlh: # latency histogram for memory requests
    0: 0
    1: 0
    2: 0
    3: 0
    4: 0
    5: 0
    6: 0
    7: 0
    8: 0
    9: 0
    10: 0
    11: 10
    12: 24
    13: 1675
    14: 239
    15: 94
    16: 68
    17: 33
    18: 42
    19: 28
    20: 36
    21: 29
    22: 19
    23: 11
    24: 22
    25: 35
    26: 14
    27: 10
    28: 14
    29: 16
    30: 12
    31: 13
    32: 16
    33: 13
    34: 12
    35: 11
    36: 10
    37: 11
    38: 14
    39: 10
    40: 22
    41: 12
    42: 9
    43: 18
    44: 16
    45: 11
    46: 6
    47: 9
    48: 7
    49: 9
    50: 6
    51: 7
    52: 5
    53: 3
    54: 9
    55: 4
    56: 2
    57: 4
    58: 3
    59: 5
    60: 7
    61: 6
    62: 2
    63: 8
    64: 12
    65: 5
    66: 8
    67: 5
    68: 3
    69: 0
    70: 3
    71: 0
    72: 1
    73: 0
    74: 3
    75: 2
    76: 5
    77: 0
    78: 2
    79: 2
    80: 1
    81: 1
    82: 0
    83: 1
    84: 0
    85: 0
    86: 0
    87: 0
    88: 1
    89: 1
    90: 1
    91: 0
    92: 1
    93: 0
    94: 0
    95: 0
    96: 0
    97: 1
    98: 0
    99: 0
  mem-2: # Memory controller stats
   rd: 2796 # Read requests
   wr: 0 # Write requests
   rdlat: 496912 # Total latency experienced by read requests
   wrlat: 0 # Total latency experienced by write requests
   rdhits: 304 # Read row hits
   wrhits: 0 # Write row hits
   mlh: # latency histogram for memory requests
    0: 0
    1: 0
    2: 0
    3: 0
    4: 0
    5: 0
    6: 0
    7: 0
    8: 0
    9: 0
    10: 0
    11: 7
    12: 22
    13: 1668
    14: 247
    15: 110
    16: 89
    17: 48
    18: 43
    19: 45
    20: 41
    21: 28
    22: 35
    23: 23
    24: 24
    25: 25
    26: 15
    27: 12
    28: 16
    29: 16
    30: 6
    31: 11
    32: 10
    33: 14
    34: 14
    35: 8
    36: 6
    37: 11
    38: 11
    39: 8
    40: 14
    41: 17
    42: 10
    43: 15
    44: 3
    45: 11
    46: 8
    47: 10
    48: 8
    49: 17
    50: 11
    51: 4
    52: 6
    53: 4
    54: 2
    55: 7
    56: 5
    57: 7
    58: 5
    59: 0
    60: 5
    61: 5
    62: 2
    63: 1
    64: 1
    65: 0
    66: 0
    67: 1
    68: 2
    69: 0
    70: 0
    71: 0
    72: 1
    73: 0
    74: 0
    75: 0
    76: 0
    77: 1
    78: 0
    79: 0
    80: 0
    81: 0
    82: 0
    83: 0
    84: 0
    85: 0
    86: 0
    87: 0
    88: 0
    89: 0
    90: 0
    91: 0
    92: 0
    93: 0
    94: 0
    95: 0
    96: 0
    97: 0
    98: 0
    99: 0
  mem-3: # Memory controller stats
   rd: 2796 # Read requests
   wr: 0 # Write requests
   rdlat: 520056 # Total latency experienced by read requests
   wrlat: 0 # Total latency experienced by write requests
   rdhits: 279 # Read row hits
   wrhits: 0 # Write row hits
   mlh: # latency histogram for memory requests
    0: 0
    1: 0
    2: 0
    3: 0
    4: 0
    5: 0
    6: 0
    7: 0
    8: 0
    9: 0
    10: 0
    11: 10
    12: 25
    13: 1694
    14: 247
    15: 94
    16: 74
    17: 35
    18: 28
    19: 21
    20: 33
    21: 26
    22: 23
    23: 27
    24: 19
    25: 26
    26: 15
    27: 18
    28: 12
    29: 12
    30: 16
    31: 5
    32: 16
    33: 24
    34: 15
    35: 11
    36: 11
    37: 11
    38: 17
    39: 13
    40: 19
    41: 7
    42: 13
    43: 13
    44: 13
    45: 10
    46: 4
    47: 9
    48: 4
    49: 5
    50: 9
    51: 8
    52: 4
    53: 5
    54: 6
    55: 7
    56: 6
    57: 6
    58: 3
    59: 5
    60: 11
    61: 9
    62: 1
    63: 7
    64: 4
    65: 7
    66: 2
    67: 2
    68: 6
    69: 0
    70: 2
    71: 1
    72: 2
    73: 1
    74: 1
    75: 0
    76: 1
    77: 2
    78: 1
    79: 1
    80: 1
    81: 0
    82: 0
    83: 0
    84: 0
    85: 0
    86: 0
    87: 0
    88: 0
    89: 0
    90: 0
    91: 0
    92: 0
    93: 0
    94: 0
    95: 0
    96: 0
    97: 0
    98: 0
    99: 0
 sched: # Scheduler stats
  thCr: 9 # Threads created
  thFn: 0 # Threads finished
  schedEvs: 9 # Schedule events
  waitEvs: 1 # Wait events
  handoffEvs: 0 # Handoff events
  sleepEvs: 0 # Sleep events
  idlePhases: 0 # Phases with no thread active
  idlePeriods: 0 # Periods with no thread active
  occHist: # Occupancy histogram
   0: 0
   1: 0
   2: 1
   3: 0
   4: 0
   5: 0
   6: 0
   7: 0
   8: 40171
  rqSzHist: # Run queue size histogram
   0: 40171
   1: 1
   2: 0
   3: 0
   4: 0
   5: 0
   6: 0
   7: 0
   8: 0
   9: 0
   10: 0
   11: 0
   12: 0
   13: 0
   14: 0
   15: 0
   16: 0
 procCycles: # Per-process unhalted core cycles
  0: 3213700094
  1: 0
  2: 0
  3: 0
  4: 0
  5: 0
  6: 0
  7: 0
  8: 0
  9: 0
  10: 0
  11: 0
  12: 0
  13: 0
  14: 0
  15: 0
  16: 0
  17: 0
  18: 0
  19: 0
  20: 0
  21: 0
  22: 0
  23: 0
  24: 0
  25: 0
  26: 0
  27: 0
  28: 0
  29: 0
  30: 0
  31: 0
  32: 0
  33: 0
  34: 0
  35: 0
  36: 0
  37: 0
  38: 0
  39: 0
  40: 0
  41: 0
  42: 0
  43: 0
  44: 0
  45: 0
  46: 0
  47: 0
  48: 0
  49: 0
  50: 0
  51: 0
  52: 0
  53: 0
  54: 0
  55: 0
  56: 0
  57: 0
  58: 0
  59: 0
  60: 0
  61: 0
  62: 0
  63: 0
 procInstrs: # Per-process instructions
  0: 5000008767
  1: 0
  2: 0
  3: 0
  4: 0
  5: 0
  6: 0
  7: 0
  8: 0
  9: 0
  10: 0
  11: 0
  12: 0
  13: 0
  14: 0
  15: 0
  16: 0
  17: 0
  18: 0
  19: 0
  20: 0
  21: 0
  22: 0
  23: 0
  24: 0
  25: 0
  26: 0
  27: 0
  28: 0
  29: 0
  30: 0
  31: 0
  32: 0
  33: 0
  34: 0
  35: 0
  36: 0
  37: 0
  38: 0
  39: 0
  40: 0
  41: 0
  42: 0
  43: 0
  44: 0
  45: 0
  46: 0
  47: 0
  48: 0
  49: 0
  50: 0
  51: 0
  52: 0
  53: 0
  54: 0
  55: 0
  56: 0
  57: 0
  58: 0
  59: 0
  60: 0
  61: 0
  62: 0
  63: 0
 heartbeats: # Per-process heartbeats
  0: 0
  1: 0
  2: 0
  3: 0
  4: 0
  5: 0
  6: 0
  7: 0
  8: 0
  9: 0
  10: 0
  11: 0
  12: 0
  13: 0
  14: 0
  15: 0
  16: 0
  17: 0
  18: 0
  19: 0
  20: 0
  21: 0
  22: 0
  23: 0
  24: 0
  25: 0
  26: 0
  27: 0
  28: 0
  29: 0
  30: 0
  31: 0
  32: 0
  33: 0
  34: 0
  35: 0
  36: 0
  37: 0
  38: 0
  39: 0
  40: 0
  41: 0
  42: 0
  43: 0
  44: 0
  45: 0
  46: 0
  47: 0
  48: 0
  49: 0
  50: 0
  51: 0
  52: 0
  53: 0
  54: 0
  55: 0
  56: 0
  57: 0
  58: 0
  59: 0
  60: 0
  61: 0
  62: 0
  63: 0
===
