# zsim stats
===
root: # Stats
 contention: # Contention simulation stats
  domain-0: # Domain stats
   time: 221057713 # Weave simulation time
 time: # Simulator time breakdown
  init: 2653199686820
  bound: 5454228858
  weave: 316631456
  ff: 0
 trigger: 20000 # Reason for this stats dump
 phase: 8418 # Simulated phases
 westmere: # Core stats
  westmere-0: # Core stats
   cycles: 84181200 # Simulated unhalted cycles
   cCycles: 9917973 # Cycles due to contention stalls
   instrs: 100006333 # Simulated instructions
   uops: 132221838 # Retired micro-ops
   bbls: 1458034 # Basic blocks
   approxInstrs: 967608 # Instrs with approx uop decoding
   mispredBranches: 1056 # Mispredicted branches
   condBranches: 120269 # conditional branches
 l1i: # Cache stats
  l1i-0: # Filter cache stats
   fhGETS: 6773864 # Filtered GETS hits
   fhGETX: 0 # Filtered GETX hits
   hGETS: 4033493 # GETS hits
   hGETX: 0 # GETX hits
   mGETS: 267 # GETS misses
   mGETXIM: 0 # GETX I->M misses
   mGETXSM: 0 # GETX S->M misses (upgrade misses)
   PUTS: 0 # Clean evictions (from lower level)
   PUTX: 0 # Dirty evictions (from lower level)
   INV: 22 # Invalidates (from upper level)
   INVX: 0 # Downgrades (from upper level)
   FWD: 0 # Forwards (from upper level)
   latGETnl: 33108 # GET request latency on next level
   latGETnet: 0 # GET request latency on network to next level
 l1d: # Cache stats
  l1d-0: # Filter cache stats
   fhGETS: 36407602 # Filtered GETS hits
   fhGETX: 9758846 # Filtered GETX hits
   hGETS: 5796834 # GETS hits
   hGETX: 1450216 # GETX hits
   mGETS: 617643 # GETS misses
   mGETXIM: 139998 # GETX I->M misses
   mGETXSM: 0 # GETX S->M misses (upgrade misses)
   PUTS: 0 # Clean evictions (from lower level)
   PUTX: 0 # Dirty evictions (from lower level)
   INV: 7 # Invalidates (from upper level)
   INVX: 0 # Downgrades (from upper level)
   FWD: 0 # Forwards (from upper level)
   latGETnl: 62503728 # GET request latency on next level
   latGETnet: 0 # GET request latency on network to next level
 l2: # Cache stats
  l2-0: # Cache stats
   hGETS: 257353 # GETS hits
   hGETX: 6 # GETX hits
   mGETS: 360557 # GETS misses
   mGETXIM: 139992 # GETX I->M misses
   mGETXSM: 0 # GETX S->M misses (upgrade misses)
   PUTS: 616092 # Clean evictions (from lower level)
   PUTX: 141030 # Dirty evictions (from lower level)
   INV: 0 # Invalidates (from upper level)
   INVX: 0 # Downgrades (from upper level)
   FWD: 0 # Forwards (from upper level)
   latGETnl: 54957756 # GET request latency on next level
   latGETnet: 0 # GET request latency on network to next level
 l3: # Cache stats
  l3-0: # Cache stats
   hGETS: 17548 # GETS hits
   hGETX: 5839 # GETX hits
   mGETS: 343009 # GETS misses
   mGETXIM: 134153 # GETX I->M misses
   mGETXSM: 0 # GETX S->M misses (upgrade misses)
   PUTS: 356537 # Clean evictions (from lower level)
   PUTX: 139916 # Dirty evictions (from lower level)
   INV: 0 # Invalidates (from upper level)
   INVX: 0 # Downgrades (from upper level)
   FWD: 0 # Forwards (from upper level)
   latGETnl: 42944580 # GET request latency on next level
   latGETnet: 0 # GET request latency on network to next level
 mem: # Memory controller stats
  mem-0: # Memory controller stats
   rd: 119231 # Read requests
   wr: 33846 # Write requests
   rdlat: 17432273 # Total latency experienced by read requests
   wrlat: 5633464 # Total latency experienced by write requests
   rdhits: 11 # Read row hits
   wrhits: 98 # Write row hits
   mlh: # latency histogram for memory requests
    0: 0
    1: 0
    2: 0
    3: 0
    4: 0
    5: 0
    6: 0
    7: 0
    8: 0
    9: 0
    10: 0
    11: 0
    12: 0
    13: 76602
    14: 20969
    15: 6083
    16: 1713
    17: 5096
    18: 964
    19: 1126
    20: 877
    21: 164
    22: 497
    23: 88
    24: 250
    25: 2948
    26: 411
    27: 101
    28: 118
    29: 63
    30: 50
    31: 55
    32: 61
    33: 55
    34: 58
    35: 74
    36: 71
    37: 67
    38: 74
    39: 62
    40: 64
    41: 66
    42: 72
    43: 67
    44: 40
    45: 22
    46: 20
    47: 45
    48: 44
    49: 24
    50: 14
    51: 11
    52: 11
    53: 9
    54: 3
    55: 7
    56: 6
    57: 3
    58: 5
    59: 1
    60: 0
    61: 0
    62: 0
    63: 0
    64: 0
    65: 0
    66: 0
    67: 0
    68: 0
    69: 0
    70: 0
    71: 0
    72: 0
    73: 0
    74: 0
    75: 0
    76: 0
    77: 0
    78: 0
    79: 0
    80: 0
    81: 0
    82: 0
    83: 0
    84: 0
    85: 0
    86: 0
    87: 0
    88: 0
    89: 0
    90: 0
    91: 0
    92: 0
    93: 0
    94: 0
    95: 0
    96: 0
    97: 0
    98: 0
    99: 0
  mem-1: # Memory controller stats
   rd: 119278 # Read requests
   wr: 33862 # Write requests
   rdlat: 17428483 # Total latency experienced by read requests
   wrlat: 5633044 # Total latency experienced by write requests
   rdhits: 6 # Read row hits
   wrhits: 94 # Write row hits
   mlh: # latency histogram for memory requests
    0: 0
    1: 0
    2: 0
    3: 0
    4: 0
    5: 0
    6: 0
    7: 0
    8: 0
    9: 0
    10: 0
    11: 0
    12: 0
    13: 76650
    14: 20822
    15: 6160
    16: 1696
    17: 5153
    18: 1057
    19: 1105
    20: 839
    21: 157
    22: 525
    23: 97
    24: 356
    25: 2890
    26: 379
    27: 98
    28: 125
    29: 66
    30: 54
    31: 60
    32: 65
    33: 43
    34: 57
    35: 74
    36: 62
    37: 70
    38: 65
    39: 61
    40: 77
    41: 54
    42: 73
    43: 49
    44: 42
    45: 15
    46: 18
    47: 33
    48: 46
    49: 20
    50: 12
    51: 13
    52: 7
    53: 3
    54: 3
    55: 9
    56: 6
    57: 3
    58: 4
    59: 3
    60: 2
    61: 0
    62: 0
    63: 0
    64: 0
    65: 0
    66: 0
    67: 0
    68: 0
    69: 0
    70: 0
    71: 0
    72: 0
    73: 0
    74: 0
    75: 0
    76: 0
    77: 0
    78: 0
    79: 0
    80: 0
    81: 0
    82: 0
    83: 0
    84: 0
    85: 0
    86: 0
    87: 0
    88: 0
    89: 0
    90: 0
    91: 0
    92: 0
    93: 0
    94: 0
    95: 0
    96: 0
    97: 0
    98: 0
    99: 0
  mem-2: # Memory controller stats
   rd: 119341 # Read requests
   wr: 33869 # Write requests
   rdlat: 17448019 # Total latency experienced by read requests
   wrlat: 5627801 # Total latency experienced by write requests
   rdhits: 4 # Read row hits
   wrhits: 95 # Write row hits
   mlh: # latency histogram for memory requests
    0: 0
    1: 0
    2: 0
    3: 0
    4: 0
    5: 0
    6: 0
    7: 0
    8: 0
    9: 0
    10: 0
    11: 0
    12: 0
    13: 76819
    14: 21002
    15: 6087
    16: 1575
    17: 5018
    18: 1005
    19: 1114
    20: 829
    21: 139
    22: 500
    23: 163
    24: 297
    25: 2936
    26: 413
    27: 104
    28: 107
    29: 75
    30: 58
    31: 47
    32: 45
    33: 64
    34: 55
    35: 83
    36: 78
    37: 63
    38: 78
    39: 68
    40: 64
    41: 69
    42: 67
    43: 56
    44: 39
    45: 25
    46: 15
    47: 48
    48: 43
    49: 27
    50: 13
    51: 11
    52: 9
    53: 8
    54: 2
    55: 10
    56: 4
    57: 4
    58: 4
    59: 1
    60: 0
    61: 0
    62: 0
    63: 0
    64: 0
    65: 0
    66: 0
    67: 0
    68: 0
    69: 0
    70: 0
    71: 0
    72: 0
    73: 0
    74: 0
    75: 0
    76: 0
    77: 0
    78: 0
    79: 0
    80: 0
    81: 0
    82: 0
    83: 0
    84: 0
    85: 0
    86: 0
    87: 0
    88: 0
    89: 0
    90: 0
    91: 0
    92: 0
    93: 0
    94: 0
    95: 0
    96: 0
    97: 0
    98: 0
    99: 0
  mem-3: # Memory controller stats
   rd: 119307 # Read requests
   wr: 33851 # Write requests
   rdlat: 17428580 # Total latency experienced by read requests
   wrlat: 5611779 # Total latency experienced by write requests
   rdhits: 1 # Read row hits
   wrhits: 95 # Write row hits
   mlh: # latency histogram for memory requests
    0: 0
    1: 0
    2: 0
    3: 0
    4: 0
    5: 0
    6: 0
    7: 0
    8: 0
    9: 0
    10: 0
    11: 0
    12: 0
    13: 76781
    14: 20964
    15: 6054
    16: 1595
    17: 5124
    18: 1053
    19: 1034
    20: 840
    21: 166
    22: 478
    23: 185
    24: 352
    25: 2883
    26: 393
    27: 100
    28: 132
    29: 52
    30: 46
    31: 60
    32: 56
    33: 59
    34: 64
    35: 89
    36: 67
    37: 62
    38: 64
    39: 60
    40: 81
    41: 70
    42: 74
    43: 46
    44: 41
    45: 19
    46: 29
    47: 32
    48: 46
    49: 20
    50: 10
    51: 5
    52: 7
    53: 3
    54: 0
    55: 4
    56: 0
    57: 2
    58: 4
    59: 1
    60: 0
    61: 0
    62: 0
    63: 0
    64: 0
    65: 0
    66: 0
    67: 0
    68: 0
    69: 0
    70: 0
    71: 0
    72: 0
    73: 0
    74: 0
    75: 0
    76: 0
    77: 0
    78: 0
    79: 0
    80: 0
    81: 0
    82: 0
    83: 0
    84: 0
    85: 0
    86: 0
    87: 0
    88: 0
    89: 0
    90: 0
    91: 0
    92: 0
    93: 0
    94: 0
    95: 0
    96: 0
    97: 0
    98: 0
    99: 0
 sched: # Scheduler stats
  thCr: 1 # Threads created
  thFn: 1 # Threads finished
  schedEvs: 1 # Schedule events
  waitEvs: 0 # Wait events
  handoffEvs: 0 # Handoff events
  sleepEvs: 0 # Sleep events
  idlePhases: 0 # Phases with no thread active
  idlePeriods: 0 # Periods with no thread active
  occHist: # Occupancy histogram
   0: 0
   1: 8418
  rqSzHist: # Run queue size histogram
   0: 8418
   1: 0
   2: 0
   3: 0
   4: 0
   5: 0
   6: 0
   7: 0
   8: 0
   9: 0
   10: 0
   11: 0
   12: 0
   13: 0
   14: 0
   15: 0
   16: 0
 procCycles: # Per-process unhalted core cycles
  0: 84181200
  1: 0
  2: 0
  3: 0
  4: 0
  5: 0
  6: 0
  7: 0
  8: 0
  9: 0
  10: 0
  11: 0
  12: 0
  13: 0
  14: 0
  15: 0
  16: 0
  17: 0
  18: 0
  19: 0
  20: 0
  21: 0
  22: 0
  23: 0
  24: 0
  25: 0
  26: 0
  27: 0
  28: 0
  29: 0
  30: 0
  31: 0
  32: 0
  33: 0
  34: 0
  35: 0
  36: 0
  37: 0
  38: 0
  39: 0
  40: 0
  41: 0
  42: 0
  43: 0
  44: 0
  45: 0
  46: 0
  47: 0
  48: 0
  49: 0
  50: 0
  51: 0
  52: 0
  53: 0
  54: 0
  55: 0
  56: 0
  57: 0
  58: 0
  59: 0
  60: 0
  61: 0
  62: 0
  63: 0
 procInstrs: # Per-process instructions
  0: 100006333
  1: 0
  2: 0
  3: 0
  4: 0
  5: 0
  6: 0
  7: 0
  8: 0
  9: 0
  10: 0
  11: 0
  12: 0
  13: 0
  14: 0
  15: 0
  16: 0
  17: 0
  18: 0
  19: 0
  20: 0
  21: 0
  22: 0
  23: 0
  24: 0
  25: 0
  26: 0
  27: 0
  28: 0
  29: 0
  30: 0
  31: 0
  32: 0
  33: 0
  34: 0
  35: 0
  36: 0
  37: 0
  38: 0
  39: 0
  40: 0
  41: 0
  42: 0
  43: 0
  44: 0
  45: 0
  46: 0
  47: 0
  48: 0
  49: 0
  50: 0
  51: 0
  52: 0
  53: 0
  54: 0
  55: 0
  56: 0
  57: 0
  58: 0
  59: 0
  60: 0
  61: 0
  62: 0
  63: 0
 heartbeats: # Per-process heartbeats
  0: 0
  1: 0
  2: 0
  3: 0
  4: 0
  5: 0
  6: 0
  7: 0
  8: 0
  9: 0
  10: 0
  11: 0
  12: 0
  13: 0
  14: 0
  15: 0
  16: 0
  17: 0
  18: 0
  19: 0
  20: 0
  21: 0
  22: 0
  23: 0
  24: 0
  25: 0
  26: 0
  27: 0
  28: 0
  29: 0
  30: 0
  31: 0
  32: 0
  33: 0
  34: 0
  35: 0
  36: 0
  37: 0
  38: 0
  39: 0
  40: 0
  41: 0
  42: 0
  43: 0
  44: 0
  45: 0
  46: 0
  47: 0
  48: 0
  49: 0
  50: 0
  51: 0
  52: 0
  53: 0
  54: 0
  55: 0
  56: 0
  57: 0
  58: 0
  59: 0
  60: 0
  61: 0
  62: 0
  63: 0
===
