# zsim stats
===
root: # Stats
 contention: # Contention simulation stats
  domain-0: # Domain stats
   time: 5122601133 # Weave simulation time
 time: # Simulator time breakdown
  init: 416550646541
  bound: 14612282734
  weave: 5910038973
  ff: 0
 trigger: 20000 # Reason for this stats dump
 phase: 65299 # Simulated phases
 westmere: # Core stats
  westmere-0: # Core stats
   cycles: 652992766 # Simulated unhalted cycles
   cCycles: 148814428 # Cycles due to contention stalls
   instrs: 100001002 # Simulated instructions
   uops: 101912969 # Retired micro-ops
   bbls: 27652806 # Basic blocks
   approxInstrs: 22402 # Instrs with approx uop decoding
   mispredBranches: 1591226 # Mispredicted branches
   condBranches: 25801080 # conditional branches
 l1i: # Cache stats
  l1i-0: # Filter cache stats
   fhGETS: 35449767 # Filtered GETS hits
   fhGETX: 0 # Filtered GETX hits
   hGETS: 0 # GETS hits
   hGETX: 0 # GETX hits
   mGETS: 6454 # GETS misses
   mGETXIM: 0 # GETX I->M misses
   mGETXSM: 0 # GETX S->M misses (upgrade misses)
   PUTS: 0 # Clean evictions (from lower level)
   PUTX: 0 # Dirty evictions (from lower level)
   INV: 6440 # Invalidates (from upper level)
   INVX: 0 # Downgrades (from upper level)
   FWD: 0 # Forwards (from upper level)
   latGETnl: 800296 # GET request latency on next level
   latGETnet: 0 # GET request latency on network to next level
 l1d: # Cache stats
  l1d-0: # Filter cache stats
   fhGETS: 22291180 # Filtered GETS hits
   fhGETX: 2298615 # Filtered GETX hits
   hGETS: 1823074 # GETS hits
   hGETX: 3238057 # GETX hits
   mGETS: 12462631 # GETS misses
   mGETXIM: 254486 # GETX I->M misses
   mGETXSM: 0 # GETX S->M misses (upgrade misses)
   PUTS: 0 # Clean evictions (from lower level)
   PUTX: 0 # Dirty evictions (from lower level)
   INV: 6319 # Invalidates (from upper level)
   INVX: 0 # Downgrades (from upper level)
   FWD: 0 # Forwards (from upper level)
   latGETnl: 1104888954 # GET request latency on next level
   latGETnet: 0 # GET request latency on network to next level
 l2: # Cache stats
  l2-0: # Cache stats
   hGETS: 2413153 # GETS hits
   hGETX: 81093 # GETX hits
   mGETS: 10055932 # GETS misses
   mGETXIM: 173393 # GETX I->M misses
   mGETXSM: 0 # GETX S->M misses (upgrade misses)
   PUTS: 9455936 # Clean evictions (from lower level)
   PUTX: 3254350 # Dirty evictions (from lower level)
   INV: 34035 # Invalidates (from upper level)
   INVX: 0 # Downgrades (from upper level)
   FWD: 0 # Forwards (from upper level)
   latGETnl: 978453540 # GET request latency on next level
   latGETnet: 0 # GET request latency on network to next level
 l3: # Cache stats
  l3-0: # Cache stats
   hGETS: 2034489 # GETS hits
   hGETX: 50950 # GETX hits
   mGETS: 8021443 # GETS misses
   mGETXIM: 122443 # GETX I->M misses
   mGETXSM: 0 # GETX S->M misses (upgrade misses)
   PUTS: 7424501 # Clean evictions (from lower level)
   PUTX: 2766695 # Dirty evictions (from lower level)
   INV: 0 # Invalidates (from upper level)
   INVX: 0 # Downgrades (from upper level)
   FWD: 0 # Forwards (from upper level)
   latGETnl: 732949740 # GET request latency on next level
   latGETnet: 0 # GET request latency on network to next level
 mem: # Memory controller stats
  mem-0: # Memory controller stats
   rd: 2032783 # Read requests
   wr: 656378 # Write requests
   rdlat: 276735487 # Total latency experienced by read requests
   wrlat: 95660878 # Total latency experienced by write requests
   rdhits: 2352 # Read row hits
   wrhits: 2229 # Write row hits
   mlh: # latency histogram for memory requests
    0: 0
    1: 0
    2: 0
    3: 0
    4: 0
    5: 0
    6: 0
    7: 0
    8: 0
    9: 0
    10: 0
    11: 358
    12: 439
    13: 1792710
    14: 141244
    15: 49033
    16: 13970
    17: 2811
    18: 1074
    19: 1083
    20: 1199
    21: 1339
    22: 929
    23: 1469
    24: 3326
    25: 1794
    26: 550
    27: 545
    28: 646
    29: 760
    30: 1150
    31: 1457
    32: 1209
    33: 1158
    34: 1346
    35: 1367
    36: 1400
    37: 1263
    38: 1164
    39: 1134
    40: 1146
    41: 1100
    42: 1159
    43: 474
    44: 228
    45: 176
    46: 128
    47: 233
    48: 150
    49: 37
    50: 8
    51: 3
    52: 4
    53: 5
    54: 2
    55: 0
    56: 2
    57: 0
    58: 0
    59: 0
    60: 1
    61: 0
    62: 0
    63: 0
    64: 0
    65: 0
    66: 0
    67: 0
    68: 0
    69: 0
    70: 0
    71: 0
    72: 0
    73: 0
    74: 0
    75: 0
    76: 0
    77: 0
    78: 0
    79: 0
    80: 0
    81: 0
    82: 0
    83: 0
    84: 0
    85: 0
    86: 0
    87: 0
    88: 0
    89: 0
    90: 0
    91: 0
    92: 0
    93: 0
    94: 0
    95: 0
    96: 0
    97: 0
    98: 0
    99: 0
  mem-1: # Memory controller stats
   rd: 2032384 # Read requests
   wr: 656286 # Write requests
   rdlat: 276638208 # Total latency experienced by read requests
   wrlat: 95815022 # Total latency experienced by write requests
   rdhits: 2423 # Read row hits
   wrhits: 2307 # Write row hits
   mlh: # latency histogram for memory requests
    0: 0
    1: 0
    2: 0
    3: 0
    4: 0
    5: 0
    6: 0
    7: 0
    8: 0
    9: 0
    10: 0
    11: 309
    12: 549
    13: 1793247
    14: 140294
    15: 49301
    16: 14077
    17: 2711
    18: 1032
    19: 1159
    20: 1272
    21: 1338
    22: 924
    23: 1356
    24: 3012
    25: 1821
    26: 546
    27: 660
    28: 664
    29: 757
    30: 1077
    31: 1453
    32: 1182
    33: 1215
    34: 1281
    35: 1386
    36: 1300
    37: 1183
    38: 1193
    39: 1128
    40: 1163
    41: 1121
    42: 1111
    43: 531
    44: 225
    45: 176
    46: 142
    47: 265
    48: 142
    49: 50
    50: 6
    51: 12
    52: 2
    53: 5
    54: 3
    55: 2
    56: 1
    57: 0
    58: 0
    59: 0
    60: 0
    61: 0
    62: 0
    63: 0
    64: 0
    65: 0
    66: 0
    67: 0
    68: 0
    69: 0
    70: 0
    71: 0
    72: 0
    73: 0
    74: 0
    75: 0
    76: 0
    77: 0
    78: 0
    79: 0
    80: 0
    81: 0
    82: 0
    83: 0
    84: 0
    85: 0
    86: 0
    87: 0
    88: 0
    89: 0
    90: 0
    91: 0
    92: 0
    93: 0
    94: 0
    95: 0
    96: 0
    97: 0
    98: 0
    99: 0
  mem-2: # Memory controller stats
   rd: 2050612 # Read requests
   wr: 655808 # Write requests
   rdlat: 279247813 # Total latency experienced by read requests
   wrlat: 95777849 # Total latency experienced by write requests
   rdhits: 2520 # Read row hits
   wrhits: 2361 # Write row hits
   mlh: # latency histogram for memory requests
    0: 0
    1: 0
    2: 0
    3: 0
    4: 0
    5: 0
    6: 0
    7: 0
    8: 0
    9: 0
    10: 0
    11: 326
    12: 638
    13: 1803621
    14: 148133
    15: 49593
    16: 13006
    17: 2480
    18: 1005
    19: 1049
    20: 1284
    21: 1286
    22: 948
    23: 1523
    24: 3672
    25: 1825
    26: 504
    27: 614
    28: 589
    29: 744
    30: 1123
    31: 1461
    32: 1185
    33: 1164
    34: 1352
    35: 1392
    36: 1418
    37: 1287
    38: 1188
    39: 1175
    40: 1113
    41: 1108
    42: 1193
    43: 543
    44: 234
    45: 198
    46: 130
    47: 285
    48: 149
    49: 39
    50: 9
    51: 6
    52: 6
    53: 6
    54: 3
    55: 0
    56: 1
    57: 0
    58: 1
    59: 3
    60: 0
    61: 0
    62: 0
    63: 0
    64: 0
    65: 0
    66: 0
    67: 0
    68: 0
    69: 0
    70: 0
    71: 0
    72: 0
    73: 0
    74: 0
    75: 0
    76: 0
    77: 0
    78: 0
    79: 0
    80: 0
    81: 0
    82: 0
    83: 0
    84: 0
    85: 0
    86: 0
    87: 0
    88: 0
    89: 0
    90: 0
    91: 0
    92: 0
    93: 0
    94: 0
    95: 0
    96: 0
    97: 0
    98: 0
    99: 0
  mem-3: # Memory controller stats
   rd: 2028048 # Read requests
   wr: 655622 # Write requests
   rdlat: 276079553 # Total latency experienced by read requests
   wrlat: 95523451 # Total latency experienced by write requests
   rdhits: 2481 # Read row hits
   wrhits: 2317 # Write row hits
   mlh: # latency histogram for memory requests
    0: 0
    1: 0
    2: 0
    3: 0
    4: 0
    5: 0
    6: 0
    7: 0
    8: 0
    9: 0
    10: 0
    11: 308
    12: 508
    13: 1788767
    14: 140264
    15: 49219
    16: 14410
    17: 2525
    18: 1064
    19: 1052
    20: 1312
    21: 1419
    22: 1001
    23: 1284
    24: 3397
    25: 1626
    26: 495
    27: 616
    28: 645
    29: 771
    30: 1041
    31: 1400
    32: 1177
    33: 1253
    34: 1329
    35: 1394
    36: 1309
    37: 1269
    38: 1160
    39: 1152
    40: 1151
    41: 1101
    42: 1118
    43: 514
    44: 228
    45: 176
    46: 128
    47: 236
    48: 140
    49: 52
    50: 10
    51: 7
    52: 4
    53: 9
    54: 2
    55: 1
    56: 2
    57: 0
    58: 1
    59: 0
    60: 0
    61: 0
    62: 0
    63: 0
    64: 0
    65: 0
    66: 0
    67: 1
    68: 0
    69: 0
    70: 0
    71: 0
    72: 0
    73: 0
    74: 0
    75: 0
    76: 0
    77: 0
    78: 0
    79: 0
    80: 0
    81: 0
    82: 0
    83: 0
    84: 0
    85: 0
    86: 0
    87: 0
    88: 0
    89: 0
    90: 0
    91: 0
    92: 0
    93: 0
    94: 0
    95: 0
    96: 0
    97: 0
    98: 0
    99: 0
 sched: # Scheduler stats
  thCr: 1 # Threads created
  thFn: 1 # Threads finished
  schedEvs: 1 # Schedule events
  waitEvs: 0 # Wait events
  handoffEvs: 0 # Handoff events
  sleepEvs: 0 # Sleep events
  idlePhases: 0 # Phases with no thread active
  idlePeriods: 0 # Periods with no thread active
  occHist: # Occupancy histogram
   0: 0
   1: 65299
  rqSzHist: # Run queue size histogram
   0: 65299
   1: 0
   2: 0
   3: 0
   4: 0
   5: 0
   6: 0
   7: 0
   8: 0
   9: 0
   10: 0
   11: 0
   12: 0
   13: 0
   14: 0
   15: 0
   16: 0
 procCycles: # Per-process unhalted core cycles
  0: 652992766
  1: 0
  2: 0
  3: 0
  4: 0
  5: 0
  6: 0
  7: 0
  8: 0
  9: 0
  10: 0
  11: 0
  12: 0
  13: 0
  14: 0
  15: 0
  16: 0
  17: 0
  18: 0
  19: 0
  20: 0
  21: 0
  22: 0
  23: 0
  24: 0
  25: 0
  26: 0
  27: 0
  28: 0
  29: 0
  30: 0
  31: 0
  32: 0
  33: 0
  34: 0
  35: 0
  36: 0
  37: 0
  38: 0
  39: 0
  40: 0
  41: 0
  42: 0
  43: 0
  44: 0
  45: 0
  46: 0
  47: 0
  48: 0
  49: 0
  50: 0
  51: 0
  52: 0
  53: 0
  54: 0
  55: 0
  56: 0
  57: 0
  58: 0
  59: 0
  60: 0
  61: 0
  62: 0
  63: 0
 procInstrs: # Per-process instructions
  0: 100001002
  1: 0
  2: 0
  3: 0
  4: 0
  5: 0
  6: 0
  7: 0
  8: 0
  9: 0
  10: 0
  11: 0
  12: 0
  13: 0
  14: 0
  15: 0
  16: 0
  17: 0
  18: 0
  19: 0
  20: 0
  21: 0
  22: 0
  23: 0
  24: 0
  25: 0
  26: 0
  27: 0
  28: 0
  29: 0
  30: 0
  31: 0
  32: 0
  33: 0
  34: 0
  35: 0
  36: 0
  37: 0
  38: 0
  39: 0
  40: 0
  41: 0
  42: 0
  43: 0
  44: 0
  45: 0
  46: 0
  47: 0
  48: 0
  49: 0
  50: 0
  51: 0
  52: 0
  53: 0
  54: 0
  55: 0
  56: 0
  57: 0
  58: 0
  59: 0
  60: 0
  61: 0
  62: 0
  63: 0
 heartbeats: # Per-process heartbeats
  0: 0
  1: 0
  2: 0
  3: 0
  4: 0
  5: 0
  6: 0
  7: 0
  8: 0
  9: 0
  10: 0
  11: 0
  12: 0
  13: 0
  14: 0
  15: 0
  16: 0
  17: 0
  18: 0
  19: 0
  20: 0
  21: 0
  22: 0
  23: 0
  24: 0
  25: 0
  26: 0
  27: 0
  28: 0
  29: 0
  30: 0
  31: 0
  32: 0
  33: 0
  34: 0
  35: 0
  36: 0
  37: 0
  38: 0
  39: 0
  40: 0
  41: 0
  42: 0
  43: 0
  44: 0
  45: 0
  46: 0
  47: 0
  48: 0
  49: 0
  50: 0
  51: 0
  52: 0
  53: 0
  54: 0
  55: 0
  56: 0
  57: 0
  58: 0
  59: 0
  60: 0
  61: 0
  62: 0
  63: 0
===
