# zsim stats
===
root: # Stats
 contention: # Contention simulation stats
  domain-0: # Domain stats
   time: 221058319 # Weave simulation time
 time: # Simulator time breakdown
  init: 57048371876
  bound: 5849195604
  weave: 487099993
  ff: 0
 trigger: 20000 # Reason for this stats dump
 phase: 10909 # Simulated phases
 westmere: # Core stats
  westmere-0: # Core stats
   cycles: 109090043 # Simulated unhalted cycles
   cCycles: 8476265 # Cycles due to contention stalls
   instrs: 100022428 # Simulated instructions
   uops: 113822558 # Retired micro-ops
   bbls: 14848713 # Basic blocks
   approxInstrs: 596117 # Instrs with approx uop decoding
   mispredBranches: 789686 # Mispredicted branches
   condBranches: 12877728 # conditional branches
 l1i: # Cache stats
  l1i-0: # Filter cache stats
   fhGETS: 19609063 # Filtered GETS hits
   fhGETX: 0 # Filtered GETX hits
   hGETS: 195 # GETS hits
   hGETX: 0 # GETX hits
   mGETS: 1033 # GETS misses
   mGETXIM: 0 # GETX I->M misses
   mGETXSM: 0 # GETX S->M misses (upgrade misses)
   PUTS: 0 # Clean evictions (from lower level)
   PUTX: 0 # Dirty evictions (from lower level)
   INV: 1002 # Invalidates (from upper level)
   INVX: 0 # Downgrades (from upper level)
   FWD: 0 # Forwards (from upper level)
   latGETnl: 128092 # GET request latency on next level
   latGETnet: 0 # GET request latency on network to next level
 l1d: # Cache stats
  l1d-0: # Filter cache stats
   fhGETS: 25309181 # Filtered GETS hits
   fhGETX: 11409010 # Filtered GETX hits
   hGETS: 1054916 # GETS hits
   hGETX: 1658346 # GETX hits
   mGETS: 1934635 # GETS misses
   mGETXIM: 1092946 # GETX I->M misses
   mGETXSM: 0 # GETX S->M misses (upgrade misses)
   PUTS: 0 # Clean evictions (from lower level)
   PUTX: 0 # Dirty evictions (from lower level)
   INV: 614 # Invalidates (from upper level)
   INVX: 0 # Downgrades (from upper level)
   FWD: 0 # Forwards (from upper level)
   latGETnl: 103704602 # GET request latency on next level
   latGETnet: 0 # GET request latency on network to next level
 l2: # Cache stats
  l2-0: # Cache stats
   hGETS: 948238 # GETS hits
   hGETX: 120705 # GETX hits
   mGETS: 987430 # GETS misses
   mGETXIM: 972241 # GETX I->M misses
   mGETXSM: 0 # GETX S->M misses (upgrade misses)
   PUTS: 942155 # Clean evictions (from lower level)
   PUTX: 2084300 # Dirty evictions (from lower level)
   INV: 6289 # Invalidates (from upper level)
   INVX: 0 # Downgrades (from upper level)
   FWD: 0 # Forwards (from upper level)
   latGETnl: 73546554 # GET request latency on next level
   latGETnet: 0 # GET request latency on network to next level
 l3: # Cache stats
  l3-0: # Cache stats
   hGETS: 874777 # GETS hits
   hGETX: 790289 # GETX hits
   mGETS: 112653 # GETS misses
   mGETXIM: 181952 # GETX I->M misses
   mGETXSM: 0 # GETX S->M misses (upgrade misses)
   PUTS: 575186 # Clean evictions (from lower level)
   PUTX: 1374100 # Dirty evictions (from lower level)
   INV: 0 # Invalidates (from upper level)
   INVX: 0 # Downgrades (from upper level)
   FWD: 0 # Forwards (from upper level)
   latGETnl: 26514450 # GET request latency on next level
   latGETnet: 0 # GET request latency on network to next level
 mem: # Memory controller stats
  mem-0: # Memory controller stats
   rd: 73707 # Read requests
   wr: 54685 # Write requests
   rdlat: 10067301 # Total latency experienced by read requests
   wrlat: 8035372 # Total latency experienced by write requests
   rdhits: 2191 # Read row hits
   wrhits: 597 # Write row hits
   mlh: # latency histogram for memory requests
    0: 0
    1: 0
    2: 0
    3: 0
    4: 0
    5: 0
    6: 0
    7: 0
    8: 0
    9: 0
    10: 0
    11: 233
    12: 296
    13: 66644
    14: 1519
    15: 1108
    16: 723
    17: 412
    18: 417
    19: 459
    20: 497
    21: 305
    22: 101
    23: 111
    24: 88
    25: 60
    26: 44
    27: 42
    28: 35
    29: 33
    30: 41
    31: 43
    32: 34
    33: 46
    34: 47
    35: 30
    36: 41
    37: 43
    38: 34
    39: 39
    40: 52
    41: 44
    42: 40
    43: 18
    44: 9
    45: 3
    46: 1
    47: 4
    48: 4
    49: 2
    50: 1
    51: 1
    52: 2
    53: 1
    54: 0
    55: 0
    56: 0
    57: 0
    58: 0
    59: 0
    60: 0
    61: 0
    62: 0
    63: 0
    64: 0
    65: 0
    66: 0
    67: 0
    68: 0
    69: 0
    70: 0
    71: 0
    72: 0
    73: 0
    74: 0
    75: 0
    76: 0
    77: 0
    78: 0
    79: 0
    80: 0
    81: 0
    82: 0
    83: 0
    84: 0
    85: 0
    86: 0
    87: 0
    88: 0
    89: 0
    90: 0
    91: 0
    92: 0
    93: 0
    94: 0
    95: 0
    96: 0
    97: 0
    98: 0
    99: 0
  mem-1: # Memory controller stats
   rd: 73605 # Read requests
   wr: 54674 # Write requests
   rdlat: 10065631 # Total latency experienced by read requests
   wrlat: 8016769 # Total latency experienced by write requests
   rdhits: 2192 # Read row hits
   wrhits: 542 # Write row hits
   mlh: # latency histogram for memory requests
    0: 0
    1: 0
    2: 0
    3: 0
    4: 0
    5: 0
    6: 0
    7: 0
    8: 0
    9: 0
    10: 0
    11: 246
    12: 312
    13: 66546
    14: 1543
    15: 1096
    16: 682
    17: 396
    18: 419
    19: 466
    20: 537
    21: 256
    22: 94
    23: 90
    24: 74
    25: 57
    26: 42
    27: 38
    28: 33
    29: 33
    30: 46
    31: 48
    32: 39
    33: 65
    34: 47
    35: 43
    36: 38
    37: 56
    38: 49
    39: 38
    40: 36
    41: 41
    42: 44
    43: 19
    44: 8
    45: 5
    46: 10
    47: 5
    48: 7
    49: 1
    50: 0
    51: 0
    52: 0
    53: 0
    54: 0
    55: 0
    56: 0
    57: 0
    58: 0
    59: 0
    60: 0
    61: 0
    62: 0
    63: 0
    64: 0
    65: 0
    66: 0
    67: 0
    68: 0
    69: 0
    70: 0
    71: 0
    72: 0
    73: 0
    74: 0
    75: 0
    76: 0
    77: 0
    78: 0
    79: 0
    80: 0
    81: 0
    82: 0
    83: 0
    84: 0
    85: 0
    86: 0
    87: 0
    88: 0
    89: 0
    90: 0
    91: 0
    92: 0
    93: 0
    94: 0
    95: 0
    96: 0
    97: 0
    98: 0
    99: 0
  mem-2: # Memory controller stats
   rd: 74012 # Read requests
   wr: 54997 # Write requests
   rdlat: 10127311 # Total latency experienced by read requests
   wrlat: 8160352 # Total latency experienced by write requests
   rdhits: 2441 # Read row hits
   wrhits: 624 # Write row hits
   mlh: # latency histogram for memory requests
    0: 0
    1: 0
    2: 0
    3: 0
    4: 0
    5: 0
    6: 0
    7: 0
    8: 0
    9: 0
    10: 0
    11: 279
    12: 309
    13: 66611
    14: 1544
    15: 1160
    16: 711
    17: 434
    18: 460
    19: 531
    20: 581
    21: 258
    22: 100
    23: 100
    24: 127
    25: 62
    26: 36
    27: 32
    28: 38
    29: 39
    30: 22
    31: 46
    32: 43
    33: 38
    34: 41
    35: 45
    36: 48
    37: 41
    38: 38
    39: 47
    40: 44
    41: 36
    42: 39
    43: 25
    44: 6
    45: 9
    46: 6
    47: 8
    48: 8
    49: 6
    50: 2
    51: 2
    52: 0
    53: 0
    54: 0
    55: 0
    56: 0
    57: 0
    58: 0
    59: 0
    60: 0
    61: 0
    62: 0
    63: 0
    64: 0
    65: 0
    66: 0
    67: 0
    68: 0
    69: 0
    70: 0
    71: 0
    72: 0
    73: 0
    74: 0
    75: 0
    76: 0
    77: 0
    78: 0
    79: 0
    80: 0
    81: 0
    82: 0
    83: 0
    84: 0
    85: 0
    86: 0
    87: 0
    88: 0
    89: 0
    90: 0
    91: 0
    92: 0
    93: 0
    94: 0
    95: 0
    96: 0
    97: 0
    98: 0
    99: 0
  mem-3: # Memory controller stats
   rd: 73281 # Read requests
   wr: 54437 # Write requests
   rdlat: 10022709 # Total latency experienced by read requests
   wrlat: 7974425 # Total latency experienced by write requests
   rdhits: 2033 # Read row hits
   wrhits: 538 # Write row hits
   mlh: # latency histogram for memory requests
    0: 0
    1: 0
    2: 0
    3: 0
    4: 0
    5: 0
    6: 0
    7: 0
    8: 0
    9: 0
    10: 0
    11: 257
    12: 295
    13: 66414
    14: 1415
    15: 1081
    16: 638
    17: 401
    18: 422
    19: 445
    20: 482
    21: 257
    22: 104
    23: 127
    24: 82
    25: 60
    26: 39
    27: 53
    28: 48
    29: 45
    30: 50
    31: 36
    32: 32
    33: 32
    34: 45
    35: 38
    36: 42
    37: 54
    38: 45
    39: 54
    40: 44
    41: 43
    42: 46
    43: 19
    44: 4
    45: 6
    46: 6
    47: 11
    48: 6
    49: 3
    50: 0
    51: 0
    52: 0
    53: 0
    54: 0
    55: 0
    56: 0
    57: 0
    58: 0
    59: 0
    60: 0
    61: 0
    62: 0
    63: 0
    64: 0
    65: 0
    66: 0
    67: 0
    68: 0
    69: 0
    70: 0
    71: 0
    72: 0
    73: 0
    74: 0
    75: 0
    76: 0
    77: 0
    78: 0
    79: 0
    80: 0
    81: 0
    82: 0
    83: 0
    84: 0
    85: 0
    86: 0
    87: 0
    88: 0
    89: 0
    90: 0
    91: 0
    92: 0
    93: 0
    94: 0
    95: 0
    96: 0
    97: 0
    98: 0
    99: 0
 sched: # Scheduler stats
  thCr: 1 # Threads created
  thFn: 1 # Threads finished
  schedEvs: 1 # Schedule events
  waitEvs: 0 # Wait events
  handoffEvs: 0 # Handoff events
  sleepEvs: 0 # Sleep events
  idlePhases: 0 # Phases with no thread active
  idlePeriods: 0 # Periods with no thread active
  occHist: # Occupancy histogram
   0: 0
   1: 10909
  rqSzHist: # Run queue size histogram
   0: 10909
   1: 0
   2: 0
   3: 0
   4: 0
   5: 0
   6: 0
   7: 0
   8: 0
   9: 0
   10: 0
   11: 0
   12: 0
   13: 0
   14: 0
   15: 0
   16: 0
 procCycles: # Per-process unhalted core cycles
  0: 109090043
  1: 0
  2: 0
  3: 0
  4: 0
  5: 0
  6: 0
  7: 0
  8: 0
  9: 0
  10: 0
  11: 0
  12: 0
  13: 0
  14: 0
  15: 0
  16: 0
  17: 0
  18: 0
  19: 0
  20: 0
  21: 0
  22: 0
  23: 0
  24: 0
  25: 0
  26: 0
  27: 0
  28: 0
  29: 0
  30: 0
  31: 0
  32: 0
  33: 0
  34: 0
  35: 0
  36: 0
  37: 0
  38: 0
  39: 0
  40: 0
  41: 0
  42: 0
  43: 0
  44: 0
  45: 0
  46: 0
  47: 0
  48: 0
  49: 0
  50: 0
  51: 0
  52: 0
  53: 0
  54: 0
  55: 0
  56: 0
  57: 0
  58: 0
  59: 0
  60: 0
  61: 0
  62: 0
  63: 0
 procInstrs: # Per-process instructions
  0: 100022428
  1: 0
  2: 0
  3: 0
  4: 0
  5: 0
  6: 0
  7: 0
  8: 0
  9: 0
  10: 0
  11: 0
  12: 0
  13: 0
  14: 0
  15: 0
  16: 0
  17: 0
  18: 0
  19: 0
  20: 0
  21: 0
  22: 0
  23: 0
  24: 0
  25: 0
  26: 0
  27: 0
  28: 0
  29: 0
  30: 0
  31: 0
  32: 0
  33: 0
  34: 0
  35: 0
  36: 0
  37: 0
  38: 0
  39: 0
  40: 0
  41: 0
  42: 0
  43: 0
  44: 0
  45: 0
  46: 0
  47: 0
  48: 0
  49: 0
  50: 0
  51: 0
  52: 0
  53: 0
  54: 0
  55: 0
  56: 0
  57: 0
  58: 0
  59: 0
  60: 0
  61: 0
  62: 0
  63: 0
 heartbeats: # Per-process heartbeats
  0: 0
  1: 0
  2: 0
  3: 0
  4: 0
  5: 0
  6: 0
  7: 0
  8: 0
  9: 0
  10: 0
  11: 0
  12: 0
  13: 0
  14: 0
  15: 0
  16: 0
  17: 0
  18: 0
  19: 0
  20: 0
  21: 0
  22: 0
  23: 0
  24: 0
  25: 0
  26: 0
  27: 0
  28: 0
  29: 0
  30: 0
  31: 0
  32: 0
  33: 0
  34: 0
  35: 0
  36: 0
  37: 0
  38: 0
  39: 0
  40: 0
  41: 0
  42: 0
  43: 0
  44: 0
  45: 0
  46: 0
  47: 0
  48: 0
  49: 0
  50: 0
  51: 0
  52: 0
  53: 0
  54: 0
  55: 0
  56: 0
  57: 0
  58: 0
  59: 0
  60: 0
  61: 0
  62: 0
  63: 0
===
