# zsim stats
===
root: # Stats
 contention: # Contention simulation stats
  domain-0: # Domain stats
   time: 1318169554 # Weave simulation time
 time: # Simulator time breakdown
  init: 1334203044795
  bound: 7068789559
  weave: 1575134105
  ff: 0
 trigger: 20000 # Reason for this stats dump
 phase: 23474 # Simulated phases
 westmere: # Core stats
  westmere-0: # Core stats
   cycles: 234742081 # Simulated unhalted cycles
   cCycles: 45968598 # Cycles due to contention stalls
   instrs: 100002985 # Simulated instructions
   uops: 108866233 # Retired micro-ops
   bbls: 19687877 # Basic blocks
   approxInstrs: 1893899 # Instrs with approx uop decoding
   mispredBranches: 1212361 # Mispredicted branches
   condBranches: 18533516 # conditional branches
 l1i: # Cache stats
  l1i-0: # Filter cache stats
   fhGETS: 25932033 # Filtered GETS hits
   fhGETX: 0 # Filtered GETX hits
   hGETS: 196700 # GETS hits
   hGETX: 0 # GETX hits
   mGETS: 4856 # GETS misses
   mGETXIM: 0 # GETX I->M misses
   mGETXSM: 0 # GETX S->M misses (upgrade misses)
   PUTS: 0 # Clean evictions (from lower level)
   PUTX: 0 # Dirty evictions (from lower level)
   INV: 4692 # Invalidates (from upper level)
   INVX: 0 # Downgrades (from upper level)
   FWD: 0 # Forwards (from upper level)
   latGETnl: 601688 # GET request latency on next level
   latGETnet: 0 # GET request latency on network to next level
 l1d: # Cache stats
  l1d-0: # Filter cache stats
   fhGETS: 22451494 # Filtered GETS hits
   fhGETX: 4016293 # Filtered GETX hits
   hGETS: 2131949 # GETS hits
   hGETX: 2669539 # GETX hits
   mGETS: 3375739 # GETS misses
   mGETXIM: 672602 # GETX I->M misses
   mGETXSM: 0 # GETX S->M misses (upgrade misses)
   PUTS: 0 # Clean evictions (from lower level)
   PUTX: 0 # Dirty evictions (from lower level)
   INV: 83845 # Invalidates (from upper level)
   INVX: 0 # Downgrades (from upper level)
   FWD: 0 # Forwards (from upper level)
   latGETnl: 331282080 # GET request latency on next level
   latGETnet: 0 # GET request latency on network to next level
 l2: # Cache stats
  l2-0: # Cache stats
   hGETS: 638951 # GETS hits
   hGETX: 84804 # GETX hits
   mGETS: 2741644 # GETS misses
   mGETXIM: 587798 # GETX I->M misses
   mGETXSM: 0 # GETX S->M misses (upgrade misses)
   PUTS: 2259512 # Clean evictions (from lower level)
   PUTX: 1704497 # Dirty evictions (from lower level)
   INV: 363098 # Invalidates (from upper level)
   INVX: 0 # Downgrades (from upper level)
   FWD: 0 # Forwards (from upper level)
   latGETnl: 291351798 # GET request latency on next level
   latGETnet: 0 # GET request latency on network to next level
 l3: # Cache stats
  l3-0: # Cache stats
   hGETS: 796309 # GETS hits
   hGETX: 183742 # GETX hits
   mGETS: 1945335 # GETS misses
   mGETXIM: 404056 # GETX I->M misses
   mGETXSM: 0 # GETX S->M misses (upgrade misses)
   PUTS: 1775453 # Clean evictions (from lower level)
   PUTX: 1186851 # Dirty evictions (from lower level)
   INV: 0 # Invalidates (from upper level)
   INVX: 0 # Downgrades (from upper level)
   FWD: 0 # Forwards (from upper level)
   latGETnl: 211445190 # GET request latency on next level
   latGETnet: 0 # GET request latency on network to next level
 mem: # Memory controller stats
  mem-0: # Memory controller stats
   rd: 586172 # Read requests
   wr: 236000 # Write requests
   rdlat: 79923560 # Total latency experienced by read requests
   wrlat: 35580401 # Total latency experienced by write requests
   rdhits: 11066 # Read row hits
   wrhits: 1064 # Write row hits
   mlh: # latency histogram for memory requests
    0: 0
    1: 0
    2: 0
    3: 0
    4: 0
    5: 0
    6: 0
    7: 0
    8: 0
    9: 0
    10: 0
    11: 582
    12: 560
    13: 512098
    14: 45931
    15: 9494
    16: 4332
    17: 1390
    18: 612
    19: 573
    20: 672
    21: 766
    22: 632
    23: 770
    24: 1052
    25: 837
    26: 216
    27: 212
    28: 269
    29: 332
    30: 309
    31: 344
    32: 393
    33: 322
    34: 367
    35: 404
    36: 352
    37: 334
    38: 319
    39: 325
    40: 334
    41: 313
    42: 296
    43: 157
    44: 48
    45: 36
    46: 45
    47: 66
    48: 54
    49: 4
    50: 3
    51: 5
    52: 1
    53: 3
    54: 4
    55: 1
    56: 2
    57: 0
    58: 0
    59: 1
    60: 0
    61: 0
    62: 0
    63: 0
    64: 0
    65: 0
    66: 0
    67: 0
    68: 0
    69: 0
    70: 0
    71: 0
    72: 0
    73: 0
    74: 0
    75: 0
    76: 0
    77: 0
    78: 0
    79: 0
    80: 0
    81: 0
    82: 0
    83: 0
    84: 0
    85: 0
    86: 0
    87: 0
    88: 0
    89: 0
    90: 0
    91: 0
    92: 0
    93: 0
    94: 0
    95: 0
    96: 0
    97: 0
    98: 0
    99: 0
  mem-1: # Memory controller stats
   rd: 588512 # Read requests
   wr: 237292 # Write requests
   rdlat: 80249573 # Total latency experienced by read requests
   wrlat: 35812831 # Total latency experienced by write requests
   rdhits: 10940 # Read row hits
   wrhits: 1129 # Write row hits
   mlh: # latency histogram for memory requests
    0: 0
    1: 0
    2: 0
    3: 0
    4: 0
    5: 0
    6: 0
    7: 0
    8: 0
    9: 0
    10: 0
    11: 648
    12: 528
    13: 514380
    14: 46104
    15: 9174
    16: 4454
    17: 1380
    18: 583
    19: 570
    20: 650
    21: 719
    22: 730
    23: 803
    24: 1195
    25: 644
    26: 210
    27: 211
    28: 263
    29: 293
    30: 369
    31: 344
    32: 357
    33: 375
    34: 356
    35: 389
    36: 359
    37: 360
    38: 340
    39: 316
    40: 339
    41: 318
    42: 339
    43: 134
    44: 43
    45: 34
    46: 42
    47: 67
    48: 65
    49: 8
    50: 6
    51: 5
    52: 2
    53: 2
    54: 2
    55: 0
    56: 0
    57: 0
    58: 0
    59: 2
    60: 0
    61: 0
    62: 0
    63: 0
    64: 0
    65: 0
    66: 0
    67: 0
    68: 0
    69: 0
    70: 0
    71: 0
    72: 0
    73: 0
    74: 0
    75: 0
    76: 0
    77: 0
    78: 0
    79: 0
    80: 0
    81: 0
    82: 0
    83: 0
    84: 0
    85: 0
    86: 0
    87: 0
    88: 0
    89: 0
    90: 0
    91: 0
    92: 0
    93: 0
    94: 0
    95: 0
    96: 0
    97: 0
    98: 0
    99: 0
  mem-2: # Memory controller stats
   rd: 586343 # Read requests
   wr: 235925 # Write requests
   rdlat: 79980168 # Total latency experienced by read requests
   wrlat: 35542403 # Total latency experienced by write requests
   rdhits: 10950 # Read row hits
   wrhits: 1068 # Write row hits
   mlh: # latency histogram for memory requests
    0: 0
    1: 0
    2: 0
    3: 0
    4: 0
    5: 0
    6: 0
    7: 0
    8: 0
    9: 0
    10: 0
    11: 632
    12: 544
    13: 510469
    14: 47733
    15: 9369
    16: 4438
    17: 1400
    18: 612
    19: 541
    20: 692
    21: 692
    22: 600
    23: 780
    24: 1273
    25: 669
    26: 219
    27: 241
    28: 243
    29: 290
    30: 358
    31: 349
    32: 323
    33: 342
    34: 365
    35: 414
    36: 361
    37: 340
    38: 342
    39: 311
    40: 311
    41: 332
    42: 335
    43: 160
    44: 55
    45: 34
    46: 46
    47: 52
    48: 53
    49: 8
    50: 7
    51: 2
    52: 3
    53: 2
    54: 0
    55: 1
    56: 0
    57: 0
    58: 0
    59: 0
    60: 0
    61: 0
    62: 0
    63: 0
    64: 0
    65: 0
    66: 0
    67: 0
    68: 0
    69: 0
    70: 0
    71: 0
    72: 0
    73: 0
    74: 0
    75: 0
    76: 0
    77: 0
    78: 0
    79: 0
    80: 0
    81: 0
    82: 0
    83: 0
    84: 0
    85: 0
    86: 0
    87: 0
    88: 0
    89: 0
    90: 0
    91: 0
    92: 0
    93: 0
    94: 0
    95: 0
    96: 0
    97: 0
    98: 0
    99: 0
  mem-3: # Memory controller stats
   rd: 588336 # Read requests
   wr: 237152 # Write requests
   rdlat: 80179718 # Total latency experienced by read requests
   wrlat: 35743485 # Total latency experienced by write requests
   rdhits: 11063 # Read row hits
   wrhits: 1010 # Write row hits
   mlh: # latency histogram for memory requests
    0: 0
    1: 0
    2: 0
    3: 0
    4: 0
    5: 0
    6: 0
    7: 0
    8: 0
    9: 1
    10: 0
    11: 624
    12: 524
    13: 514526
    14: 46130
    15: 9233
    16: 4348
    17: 1401
    18: 552
    19: 564
    20: 666
    21: 653
    22: 612
    23: 666
    24: 1217
    25: 787
    26: 210
    27: 245
    28: 266
    29: 301
    30: 299
    31: 384
    32: 376
    33: 348
    34: 363
    35: 395
    36: 336
    37: 344
    38: 334
    39: 296
    40: 318
    41: 306
    42: 300
    43: 152
    44: 44
    45: 38
    46: 37
    47: 45
    48: 61
    49: 11
    50: 8
    51: 4
    52: 5
    53: 3
    54: 1
    55: 0
    56: 0
    57: 1
    58: 0
    59: 1
    60: 0
    61: 0
    62: 0
    63: 0
    64: 0
    65: 0
    66: 0
    67: 0
    68: 0
    69: 0
    70: 0
    71: 0
    72: 0
    73: 0
    74: 0
    75: 0
    76: 0
    77: 0
    78: 0
    79: 0
    80: 0
    81: 0
    82: 0
    83: 0
    84: 0
    85: 0
    86: 0
    87: 0
    88: 0
    89: 0
    90: 0
    91: 0
    92: 0
    93: 0
    94: 0
    95: 0
    96: 0
    97: 0
    98: 0
    99: 0
 sched: # Scheduler stats
  thCr: 1 # Threads created
  thFn: 1 # Threads finished
  schedEvs: 1 # Schedule events
  waitEvs: 0 # Wait events
  handoffEvs: 0 # Handoff events
  sleepEvs: 0 # Sleep events
  idlePhases: 0 # Phases with no thread active
  idlePeriods: 0 # Periods with no thread active
  occHist: # Occupancy histogram
   0: 0
   1: 23474
  rqSzHist: # Run queue size histogram
   0: 23474
   1: 0
   2: 0
   3: 0
   4: 0
   5: 0
   6: 0
   7: 0
   8: 0
   9: 0
   10: 0
   11: 0
   12: 0
   13: 0
   14: 0
   15: 0
   16: 0
 procCycles: # Per-process unhalted core cycles
  0: 234742081
  1: 0
  2: 0
  3: 0
  4: 0
  5: 0
  6: 0
  7: 0
  8: 0
  9: 0
  10: 0
  11: 0
  12: 0
  13: 0
  14: 0
  15: 0
  16: 0
  17: 0
  18: 0
  19: 0
  20: 0
  21: 0
  22: 0
  23: 0
  24: 0
  25: 0
  26: 0
  27: 0
  28: 0
  29: 0
  30: 0
  31: 0
  32: 0
  33: 0
  34: 0
  35: 0
  36: 0
  37: 0
  38: 0
  39: 0
  40: 0
  41: 0
  42: 0
  43: 0
  44: 0
  45: 0
  46: 0
  47: 0
  48: 0
  49: 0
  50: 0
  51: 0
  52: 0
  53: 0
  54: 0
  55: 0
  56: 0
  57: 0
  58: 0
  59: 0
  60: 0
  61: 0
  62: 0
  63: 0
 procInstrs: # Per-process instructions
  0: 100002985
  1: 0
  2: 0
  3: 0
  4: 0
  5: 0
  6: 0
  7: 0
  8: 0
  9: 0
  10: 0
  11: 0
  12: 0
  13: 0
  14: 0
  15: 0
  16: 0
  17: 0
  18: 0
  19: 0
  20: 0
  21: 0
  22: 0
  23: 0
  24: 0
  25: 0
  26: 0
  27: 0
  28: 0
  29: 0
  30: 0
  31: 0
  32: 0
  33: 0
  34: 0
  35: 0
  36: 0
  37: 0
  38: 0
  39: 0
  40: 0
  41: 0
  42: 0
  43: 0
  44: 0
  45: 0
  46: 0
  47: 0
  48: 0
  49: 0
  50: 0
  51: 0
  52: 0
  53: 0
  54: 0
  55: 0
  56: 0
  57: 0
  58: 0
  59: 0
  60: 0
  61: 0
  62: 0
  63: 0
 heartbeats: # Per-process heartbeats
  0: 0
  1: 0
  2: 0
  3: 0
  4: 0
  5: 0
  6: 0
  7: 0
  8: 0
  9: 0
  10: 0
  11: 0
  12: 0
  13: 0
  14: 0
  15: 0
  16: 0
  17: 0
  18: 0
  19: 0
  20: 0
  21: 0
  22: 0
  23: 0
  24: 0
  25: 0
  26: 0
  27: 0
  28: 0
  29: 0
  30: 0
  31: 0
  32: 0
  33: 0
  34: 0
  35: 0
  36: 0
  37: 0
  38: 0
  39: 0
  40: 0
  41: 0
  42: 0
  43: 0
  44: 0
  45: 0
  46: 0
  47: 0
  48: 0
  49: 0
  50: 0
  51: 0
  52: 0
  53: 0
  54: 0
  55: 0
  56: 0
  57: 0
  58: 0
  59: 0
  60: 0
  61: 0
  62: 0
  63: 0
===
