# zsim stats
===
root: # Stats
 contention: # Contention simulation stats
  domain-0: # Domain stats
   time: 116725789 # Weave simulation time
 time: # Simulator time breakdown
  init: 23375683537
  bound: 3295804018
  weave: 558945345
  ff: 0
 trigger: 20000 # Reason for this stats dump
 phase: 10730 # Simulated phases
 westmere: # Core stats
  westmere-0: # Core stats
   cycles: 107300085 # Simulated unhalted cycles
   cCycles: 7747360 # Cycles due to contention stalls
   instrs: 100024625 # Simulated instructions
   uops: 113825302 # Retired micro-ops
   bbls: 14849055 # Basic blocks
   approxInstrs: 596117 # Instrs with approx uop decoding
   mispredBranches: 789686 # Mispredicted branches
   condBranches: 12878033 # conditional branches
 l1i: # Cache stats
  l1i-0: # Filter cache stats
   fhGETS: 19609412 # Filtered GETS hits
   fhGETX: 0 # Filtered GETX hits
   hGETS: 195 # GETS hits
   hGETX: 0 # GETX hits
   mGETS: 1053 # GETS misses
   mGETXIM: 0 # GETX I->M misses
   mGETXSM: 0 # GETX S->M misses (upgrade misses)
   PUTS: 0 # Clean evictions (from lower level)
   PUTX: 0 # Dirty evictions (from lower level)
   INV: 1021 # Invalidates (from upper level)
   INVX: 0 # Downgrades (from upper level)
   FWD: 0 # Forwards (from upper level)
   latGETnl: 130482 # GET request latency on next level
   latGETnet: 0 # GET request latency on network to next level
 l1d: # Cache stats
  l1d-0: # Filter cache stats
   fhGETS: 25264508 # Filtered GETS hits
   fhGETX: 11351337 # Filtered GETX hits
   hGETS: 1099716 # GETS hits
   hGETX: 1716372 # GETX hits
   mGETS: 1935362 # GETS misses
   mGETXIM: 1093007 # GETX I->M misses
   mGETXSM: 0 # GETX S->M misses (upgrade misses)
   PUTS: 0 # Clean evictions (from lower level)
   PUTX: 0 # Dirty evictions (from lower level)
   INV: 2177 # Invalidates (from upper level)
   INVX: 0 # Downgrades (from upper level)
   FWD: 0 # Forwards (from upper level)
   latGETnl: 100906012 # GET request latency on next level
   latGETnet: 0 # GET request latency on network to next level
 l2: # Cache stats
  l2-0: # Cache stats
   hGETS: 947677 # GETS hits
   hGETX: 121124 # GETX hits
   mGETS: 988738 # GETS misses
   mGETXIM: 971883 # GETX I->M misses
   mGETXSM: 0 # GETX S->M misses (upgrade misses)
   PUTS: 941262 # Clean evictions (from lower level)
   PUTX: 2084418 # Dirty evictions (from lower level)
   INV: 8202 # Invalidates (from upper level)
   INVX: 0 # Downgrades (from upper level)
   FWD: 0 # Forwards (from upper level)
   latGETnl: 70742274 # GET request latency on next level
   latGETnet: 0 # GET request latency on network to next level
 l3: # Cache stats
  l3-0: # Cache stats
   hGETS: 894731 # GETS hits
   hGETX: 802697 # GETX hits
   mGETS: 94007 # GETS misses
   mGETXIM: 169186 # GETX I->M misses
   mGETXSM: 0 # GETX S->M misses (upgrade misses)
   PUTS: 573534 # Clean evictions (from lower level)
   PUTX: 1374789 # Dirty evictions (from lower level)
   INV: 0 # Invalidates (from upper level)
   INVX: 0 # Downgrades (from upper level)
   FWD: 0 # Forwards (from upper level)
   latGETnl: 23687370 # GET request latency on next level
   latGETnet: 0 # GET request latency on network to next level
 mem: # Memory controller stats
  mem-0: # Memory controller stats
   rd: 65707 # Read requests
   wr: 46456 # Write requests
   rdlat: 8901464 # Total latency experienced by read requests
   wrlat: 6690519 # Total latency experienced by write requests
   rdhits: 931 # Read row hits
   wrhits: 326 # Write row hits
   mlh: # latency histogram for memory requests
    0: 0
    1: 0
    2: 0
    3: 0
    4: 0
    5: 0
    6: 0
    7: 0
    8: 0
    9: 0
    10: 1
    11: 139
    12: 146
    13: 60963
    14: 1199
    15: 870
    16: 471
    17: 209
    18: 227
    19: 200
    20: 253
    21: 172
    22: 77
    23: 49
    24: 53
    25: 39
    26: 31
    27: 21
    28: 35
    29: 45
    30: 40
    31: 24
    32: 41
    33: 37
    34: 37
    35: 26
    36: 28
    37: 41
    38: 32
    39: 40
    40: 52
    41: 34
    42: 36
    43: 17
    44: 4
    45: 4
    46: 3
    47: 3
    48: 2
    49: 1
    50: 1
    51: 0
    52: 0
    53: 0
    54: 0
    55: 0
    56: 0
    57: 1
    58: 0
    59: 1
    60: 1
    61: 0
    62: 0
    63: 0
    64: 0
    65: 0
    66: 0
    67: 1
    68: 0
    69: 0
    70: 0
    71: 0
    72: 0
    73: 0
    74: 0
    75: 0
    76: 0
    77: 0
    78: 0
    79: 0
    80: 0
    81: 0
    82: 0
    83: 0
    84: 0
    85: 0
    86: 0
    87: 0
    88: 0
    89: 0
    90: 0
    91: 0
    92: 0
    93: 0
    94: 0
    95: 0
    96: 0
    97: 0
    98: 0
    99: 0
  mem-1: # Memory controller stats
   rd: 65807 # Read requests
   wr: 46732 # Write requests
   rdlat: 8928249 # Total latency experienced by read requests
   wrlat: 6728812 # Total latency experienced by write requests
   rdhits: 1002 # Read row hits
   wrhits: 323 # Write row hits
   mlh: # latency histogram for memory requests
    0: 0
    1: 0
    2: 0
    3: 0
    4: 0
    5: 0
    6: 0
    7: 0
    8: 0
    9: 0
    10: 0
    11: 156
    12: 152
    13: 60955
    14: 1175
    15: 850
    16: 508
    17: 227
    18: 212
    19: 273
    20: 276
    21: 168
    22: 44
    23: 67
    24: 75
    25: 35
    26: 30
    27: 17
    28: 28
    29: 28
    30: 40
    31: 32
    32: 41
    33: 42
    34: 35
    35: 35
    36: 33
    37: 41
    38: 34
    39: 35
    40: 39
    41: 39
    42: 43
    43: 12
    44: 4
    45: 3
    46: 5
    47: 2
    48: 4
    49: 1
    50: 1
    51: 1
    52: 2
    53: 1
    54: 0
    55: 2
    56: 1
    57: 0
    58: 1
    59: 0
    60: 0
    61: 0
    62: 1
    63: 0
    64: 1
    65: 0
    66: 0
    67: 0
    68: 0
    69: 0
    70: 0
    71: 0
    72: 0
    73: 0
    74: 0
    75: 0
    76: 0
    77: 0
    78: 0
    79: 0
    80: 0
    81: 0
    82: 0
    83: 0
    84: 0
    85: 0
    86: 0
    87: 0
    88: 0
    89: 0
    90: 0
    91: 0
    92: 0
    93: 0
    94: 0
    95: 0
    96: 0
    97: 0
    98: 0
    99: 0
  mem-2: # Memory controller stats
   rd: 66031 # Read requests
   wr: 46779 # Write requests
   rdlat: 8985889 # Total latency experienced by read requests
   wrlat: 6762953 # Total latency experienced by write requests
   rdhits: 1174 # Read row hits
   wrhits: 360 # Write row hits
   mlh: # latency histogram for memory requests
    0: 0
    1: 0
    2: 0
    3: 0
    4: 0
    5: 0
    6: 0
    7: 0
    8: 0
    9: 0
    10: 0
    11: 142
    12: 197
    13: 60735
    14: 1219
    15: 864
    16: 574
    17: 247
    18: 278
    19: 340
    20: 314
    21: 167
    22: 56
    23: 68
    24: 71
    25: 40
    26: 33
    27: 33
    28: 31
    29: 33
    30: 33
    31: 47
    32: 43
    33: 33
    34: 35
    35: 34
    36: 32
    37: 57
    38: 52
    39: 41
    40: 46
    41: 48
    42: 39
    43: 16
    44: 8
    45: 9
    46: 4
    47: 5
    48: 5
    49: 1
    50: 0
    51: 0
    52: 0
    53: 1
    54: 0
    55: 0
    56: 0
    57: 0
    58: 0
    59: 0
    60: 0
    61: 0
    62: 0
    63: 0
    64: 0
    65: 0
    66: 0
    67: 0
    68: 0
    69: 0
    70: 0
    71: 0
    72: 0
    73: 0
    74: 0
    75: 0
    76: 0
    77: 0
    78: 0
    79: 0
    80: 0
    81: 0
    82: 0
    83: 0
    84: 0
    85: 0
    86: 0
    87: 0
    88: 0
    89: 0
    90: 0
    91: 0
    92: 0
    93: 0
    94: 0
    95: 0
    96: 0
    97: 0
    98: 0
    99: 0
  mem-3: # Memory controller stats
   rd: 65648 # Read requests
   wr: 46695 # Write requests
   rdlat: 8912854 # Total latency experienced by read requests
   wrlat: 6753085 # Total latency experienced by write requests
   rdhits: 1036 # Read row hits
   wrhits: 324 # Write row hits
   mlh: # latency histogram for memory requests
    0: 0
    1: 0
    2: 0
    3: 0
    4: 0
    5: 0
    6: 0
    7: 0
    8: 0
    9: 0
    10: 0
    11: 133
    12: 162
    13: 60637
    14: 1256
    15: 875
    16: 478
    17: 255
    18: 259
    19: 278
    20: 240
    21: 182
    22: 62
    23: 66
    24: 72
    25: 52
    26: 36
    27: 24
    28: 31
    29: 38
    30: 40
    31: 29
    32: 38
    33: 38
    34: 46
    35: 34
    36: 35
    37: 34
    38: 39
    39: 40
    40: 30
    41: 28
    42: 36
    43: 16
    44: 3
    45: 12
    46: 5
    47: 2
    48: 2
    49: 0
    50: 0
    51: 0
    52: 1
    53: 2
    54: 2
    55: 0
    56: 0
    57: 0
    58: 0
    59: 0
    60: 0
    61: 0
    62: 0
    63: 0
    64: 0
    65: 0
    66: 0
    67: 0
    68: 0
    69: 0
    70: 0
    71: 0
    72: 0
    73: 0
    74: 0
    75: 0
    76: 0
    77: 0
    78: 0
    79: 0
    80: 0
    81: 0
    82: 0
    83: 0
    84: 0
    85: 0
    86: 0
    87: 0
    88: 0
    89: 0
    90: 0
    91: 0
    92: 0
    93: 0
    94: 0
    95: 0
    96: 0
    97: 0
    98: 0
    99: 0
 sched: # Scheduler stats
  thCr: 1 # Threads created
  thFn: 1 # Threads finished
  schedEvs: 1 # Schedule events
  waitEvs: 0 # Wait events
  handoffEvs: 0 # Handoff events
  sleepEvs: 0 # Sleep events
  idlePhases: 0 # Phases with no thread active
  idlePeriods: 0 # Periods with no thread active
  occHist: # Occupancy histogram
   0: 0
   1: 10730
  rqSzHist: # Run queue size histogram
   0: 10730
   1: 0
   2: 0
   3: 0
   4: 0
   5: 0
   6: 0
   7: 0
   8: 0
   9: 0
   10: 0
   11: 0
   12: 0
   13: 0
   14: 0
   15: 0
   16: 0
 procCycles: # Per-process unhalted core cycles
  0: 107300085
  1: 0
  2: 0
  3: 0
  4: 0
  5: 0
  6: 0
  7: 0
  8: 0
  9: 0
  10: 0
  11: 0
  12: 0
  13: 0
  14: 0
  15: 0
  16: 0
  17: 0
  18: 0
  19: 0
  20: 0
  21: 0
  22: 0
  23: 0
  24: 0
  25: 0
  26: 0
  27: 0
  28: 0
  29: 0
  30: 0
  31: 0
  32: 0
  33: 0
  34: 0
  35: 0
  36: 0
  37: 0
  38: 0
  39: 0
  40: 0
  41: 0
  42: 0
  43: 0
  44: 0
  45: 0
  46: 0
  47: 0
  48: 0
  49: 0
  50: 0
  51: 0
  52: 0
  53: 0
  54: 0
  55: 0
  56: 0
  57: 0
  58: 0
  59: 0
  60: 0
  61: 0
  62: 0
  63: 0
 procInstrs: # Per-process instructions
  0: 100024625
  1: 0
  2: 0
  3: 0
  4: 0
  5: 0
  6: 0
  7: 0
  8: 0
  9: 0
  10: 0
  11: 0
  12: 0
  13: 0
  14: 0
  15: 0
  16: 0
  17: 0
  18: 0
  19: 0
  20: 0
  21: 0
  22: 0
  23: 0
  24: 0
  25: 0
  26: 0
  27: 0
  28: 0
  29: 0
  30: 0
  31: 0
  32: 0
  33: 0
  34: 0
  35: 0
  36: 0
  37: 0
  38: 0
  39: 0
  40: 0
  41: 0
  42: 0
  43: 0
  44: 0
  45: 0
  46: 0
  47: 0
  48: 0
  49: 0
  50: 0
  51: 0
  52: 0
  53: 0
  54: 0
  55: 0
  56: 0
  57: 0
  58: 0
  59: 0
  60: 0
  61: 0
  62: 0
  63: 0
 heartbeats: # Per-process heartbeats
  0: 0
  1: 0
  2: 0
  3: 0
  4: 0
  5: 0
  6: 0
  7: 0
  8: 0
  9: 0
  10: 0
  11: 0
  12: 0
  13: 0
  14: 0
  15: 0
  16: 0
  17: 0
  18: 0
  19: 0
  20: 0
  21: 0
  22: 0
  23: 0
  24: 0
  25: 0
  26: 0
  27: 0
  28: 0
  29: 0
  30: 0
  31: 0
  32: 0
  33: 0
  34: 0
  35: 0
  36: 0
  37: 0
  38: 0
  39: 0
  40: 0
  41: 0
  42: 0
  43: 0
  44: 0
  45: 0
  46: 0
  47: 0
  48: 0
  49: 0
  50: 0
  51: 0
  52: 0
  53: 0
  54: 0
  55: 0
  56: 0
  57: 0
  58: 0
  59: 0
  60: 0
  61: 0
  62: 0
  63: 0
===
