# zsim stats
===
root: # Stats
 contention: # Contention simulation stats
  domain-0: # Domain stats
   time: 449485203 # Weave simulation time
 time: # Simulator time breakdown
  init: 1588824000944
  bound: 6363740750
  weave: 1633905085
  ff: 0
 trigger: 20000 # Reason for this stats dump
 phase: 7270 # Simulated phases
 westmere: # Core stats
  westmere-0: # Core stats
   cycles: 72700838 # Simulated unhalted cycles
   cCycles: 7365247 # Cycles due to contention stalls
   instrs: 100001365 # Simulated instructions
   uops: 142670503 # Retired micro-ops
   bbls: 4785501 # Basic blocks
   approxInstrs: 434 # Instrs with approx uop decoding
   mispredBranches: 23140 # Mispredicted branches
   condBranches: 4718161 # conditional branches
 l1i: # Cache stats
  l1i-0: # Filter cache stats
   fhGETS: 9440104 # Filtered GETS hits
   fhGETX: 0 # Filtered GETX hits
   hGETS: 20336 # GETS hits
   hGETX: 0 # GETX hits
   mGETS: 2159 # GETS misses
   mGETXIM: 0 # GETX I->M misses
   mGETXSM: 0 # GETX S->M misses (upgrade misses)
   PUTS: 0 # Clean evictions (from lower level)
   PUTX: 0 # Dirty evictions (from lower level)
   INV: 533 # Invalidates (from upper level)
   INVX: 0 # Downgrades (from upper level)
   FWD: 0 # Forwards (from upper level)
   latGETnl: 146234 # GET request latency on next level
   latGETnet: 0 # GET request latency on network to next level
 l1d: # Cache stats
  l1d-0: # Filter cache stats
   fhGETS: 27571741 # Filtered GETS hits
   fhGETX: 9108821 # Filtered GETX hits
   hGETS: 15212629 # GETS hits
   hGETX: 5944028 # GETX hits
   mGETS: 289331 # GETS misses
   mGETXIM: 292709 # GETX I->M misses
   mGETXSM: 0 # GETX S->M misses (upgrade misses)
   PUTS: 0 # Clean evictions (from lower level)
   PUTX: 0 # Dirty evictions (from lower level)
   INV: 119441 # Invalidates (from upper level)
   INVX: 0 # Downgrades (from upper level)
   FWD: 0 # Forwards (from upper level)
   latGETnl: 36837064 # GET request latency on next level
   latGETnet: 0 # GET request latency on network to next level
 l2: # Cache stats
  l2-0: # Cache stats
   hGETS: 182635 # GETS hits
   hGETX: 1617 # GETX hits
   mGETS: 108855 # GETS misses
   mGETXIM: 291092 # GETX I->M misses
   mGETXSM: 0 # GETX S->M misses (upgrade misses)
   PUTS: 235943 # Clean evictions (from lower level)
   PUTX: 227449 # Dirty evictions (from lower level)
   INV: 165293 # Invalidates (from upper level)
   INVX: 0 # Downgrades (from upper level)
   FWD: 0 # Forwards (from upper level)
   latGETnl: 31141308 # GET request latency on next level
   latGETnet: 0 # GET request latency on network to next level
 l3: # Cache stats
  l3-0: # Timing cache stats
   hGETS: 16462 # GETS hits
   hGETX: 144123 # GETX hits
   mGETS: 92393 # GETS misses
   mGETXIM: 146969 # GETX I->M misses
   mGETXSM: 0 # GETX S->M misses (upgrade misses)
   PUTS: 25389 # Clean evictions (from lower level)
   PUTX: 205503 # Dirty evictions (from lower level)
   INV: 0 # Invalidates (from upper level)
   INVX: 0 # Downgrades (from upper level)
   FWD: 0 # Forwards (from upper level)
   latGETnl: 21542580 # GET request latency on next level
   latGETnet: 0 # GET request latency on network to next level
   occHist: # Occupancy MSHR cycle histogram
    0: 48017008
    1: 14412362
    2: 6567206
    3: 3362455
    4: 277236
    5: 43454
    6: 6526
    7: 2187
    8: 1216
    9: 1948
    10: 1718
    11: 781
    12: 1192
    13: 727
    14: 2384
    15: 850
    16: 750
    17: 0
    18: 0
    19: 0
    20: 0
    21: 0
    22: 0
    23: 0
    24: 0
    25: 0
    26: 0
    27: 0
    28: 0
    29: 0
    30: 0
    31: 0
    32: 0
    33: 0
    34: 0
    35: 0
    36: 0
    37: 0
    38: 0
    39: 0
    40: 0
    41: 0
    42: 0
    43: 0
    44: 0
    45: 0
    46: 0
    47: 0
    48: 0
    49: 0
    50: 0
    51: 0
    52: 0
    53: 0
    54: 0
    55: 0
    56: 0
    57: 0
    58: 0
    59: 0
    60: 0
    61: 0
    62: 0
    63: 0
    64: 0
   latHit: 241181 # Cumulative latency accesses that hit (demand and non-demand)
   latMissResp: 39147643 # Cumulative latency for miss start to response
   latMiss: 39149730 # Cumulative latency for miss start to finish (free MSHR)
 mem: # Memory controller stats
  mem-0: # Memory controller stats
   rd: 60350 # Read requests
   wr: 29696 # Write requests
   rdlat: 8437319 # Total latency experienced by read requests
   wrlat: 4516320 # Total latency experienced by write requests
   rdhits: 261 # Read row hits
   wrhits: 214 # Write row hits
   mlh: # latency histogram for memory requests
    0: 0
    1: 0
    2: 0
    3: 0
    4: 0
    5: 0
    6: 0
    7: 0
    8: 0
    9: 0
    10: 0
    11: 31
    12: 27
    13: 54068
    14: 2470
    15: 181
    16: 66
    17: 67
    18: 77
    19: 64
    20: 86
    21: 112
    22: 84
    23: 2152
    24: 52
    25: 70
    26: 44
    27: 42
    28: 30
    29: 40
    30: 44
    31: 40
    32: 26
    33: 27
    34: 38
    35: 40
    36: 42
    37: 39
    38: 36
    39: 25
    40: 42
    41: 40
    42: 49
    43: 11
    44: 5
    45: 7
    46: 12
    47: 37
    48: 4
    49: 2
    50: 0
    51: 4
    52: 6
    53: 2
    54: 1
    55: 0
    56: 0
    57: 0
    58: 0
    59: 0
    60: 2
    61: 1
    62: 2
    63: 0
    64: 0
    65: 0
    66: 0
    67: 2
    68: 1
    69: 0
    70: 0
    71: 0
    72: 0
    73: 0
    74: 0
    75: 0
    76: 0
    77: 0
    78: 0
    79: 0
    80: 0
    81: 0
    82: 0
    83: 0
    84: 0
    85: 0
    86: 0
    87: 0
    88: 0
    89: 0
    90: 0
    91: 0
    92: 0
    93: 0
    94: 0
    95: 0
    96: 0
    97: 0
    98: 0
    99: 0
  mem-1: # Memory controller stats
   rd: 59736 # Read requests
   wr: 29665 # Write requests
   rdlat: 8325434 # Total latency experienced by read requests
   wrlat: 4550192 # Total latency experienced by write requests
   rdhits: 237 # Read row hits
   wrhits: 254 # Write row hits
   mlh: # latency histogram for memory requests
    0: 0
    1: 0
    2: 0
    3: 0
    4: 0
    5: 0
    6: 0
    7: 0
    8: 0
    9: 0
    10: 0
    11: 17
    12: 44
    13: 53534
    14: 2605
    15: 143
    16: 106
    17: 104
    18: 41
    19: 39
    20: 63
    21: 62
    22: 69
    23: 2169
    24: 45
    25: 83
    26: 43
    27: 40
    28: 27
    29: 35
    30: 23
    31: 26
    32: 35
    33: 34
    34: 31
    35: 29
    36: 29
    37: 35
    38: 40
    39: 27
    40: 20
    41: 31
    42: 26
    43: 18
    44: 2
    45: 3
    46: 8
    47: 19
    48: 4
    49: 5
    50: 1
    51: 3
    52: 5
    53: 2
    54: 1
    55: 1
    56: 0
    57: 0
    58: 0
    59: 2
    60: 0
    61: 1
    62: 4
    63: 0
    64: 0
    65: 0
    66: 0
    67: 0
    68: 0
    69: 1
    70: 1
    71: 0
    72: 0
    73: 0
    74: 0
    75: 0
    76: 0
    77: 0
    78: 0
    79: 0
    80: 0
    81: 0
    82: 0
    83: 0
    84: 0
    85: 0
    86: 0
    87: 0
    88: 0
    89: 0
    90: 0
    91: 0
    92: 0
    93: 0
    94: 0
    95: 0
    96: 0
    97: 0
    98: 0
    99: 0
  mem-2: # Memory controller stats
   rd: 59645 # Read requests
   wr: 29487 # Write requests
   rdlat: 8312505 # Total latency experienced by read requests
   wrlat: 4447032 # Total latency experienced by write requests
   rdhits: 209 # Read row hits
   wrhits: 158 # Write row hits
   mlh: # latency histogram for memory requests
    0: 0
    1: 0
    2: 0
    3: 0
    4: 0
    5: 0
    6: 0
    7: 0
    8: 0
    9: 0
    10: 0
    11: 57
    12: 21
    13: 53409
    14: 2665
    15: 182
    16: 104
    17: 72
    18: 55
    19: 36
    20: 48
    21: 66
    22: 40
    23: 2161
    24: 30
    25: 61
    26: 41
    27: 41
    28: 44
    29: 25
    30: 28
    31: 35
    32: 26
    33: 38
    34: 34
    35: 30
    36: 22
    37: 26
    38: 33
    39: 32
    40: 36
    41: 29
    42: 45
    43: 10
    44: 1
    45: 1
    46: 6
    47: 18
    48: 5
    49: 2
    50: 1
    51: 5
    52: 9
    53: 3
    54: 1
    55: 1
    56: 0
    57: 0
    58: 0
    59: 0
    60: 1
    61: 1
    62: 0
    63: 0
    64: 0
    65: 0
    66: 0
    67: 0
    68: 0
    69: 0
    70: 0
    71: 0
    72: 0
    73: 1
    74: 0
    75: 0
    76: 0
    77: 0
    78: 0
    79: 0
    80: 0
    81: 3
    82: 3
    83: 1
    84: 0
    85: 0
    86: 0
    87: 0
    88: 0
    89: 0
    90: 0
    91: 0
    92: 0
    93: 0
    94: 0
    95: 0
    96: 0
    97: 0
    98: 0
    99: 0
  mem-3: # Memory controller stats
   rd: 59630 # Read requests
   wr: 29558 # Write requests
   rdlat: 8321379 # Total latency experienced by read requests
   wrlat: 4419440 # Total latency experienced by write requests
   rdhits: 187 # Read row hits
   wrhits: 97 # Write row hits
   mlh: # latency histogram for memory requests
    0: 0
    1: 0
    2: 0
    3: 0
    4: 0
    5: 0
    6: 0
    7: 0
    8: 0
    9: 0
    10: 0
    11: 59
    12: 10
    13: 53396
    14: 2625
    15: 164
    16: 101
    17: 65
    18: 42
    19: 39
    20: 58
    21: 88
    22: 36
    23: 2145
    24: 29
    25: 66
    26: 46
    27: 44
    28: 35
    29: 29
    30: 32
    31: 36
    32: 42
    33: 35
    34: 32
    35: 47
    36: 26
    37: 40
    38: 34
    39: 30
    40: 34
    41: 35
    42: 45
    43: 15
    44: 3
    45: 7
    46: 7
    47: 26
    48: 2
    49: 2
    50: 1
    51: 5
    52: 8
    53: 1
    54: 1
    55: 2
    56: 0
    57: 0
    58: 0
    59: 0
    60: 0
    61: 1
    62: 0
    63: 0
    64: 0
    65: 0
    66: 1
    67: 1
    68: 1
    69: 1
    70: 0
    71: 0
    72: 0
    73: 0
    74: 0
    75: 0
    76: 0
    77: 0
    78: 0
    79: 0
    80: 0
    81: 0
    82: 0
    83: 0
    84: 0
    85: 0
    86: 0
    87: 0
    88: 0
    89: 0
    90: 0
    91: 0
    92: 0
    93: 0
    94: 0
    95: 0
    96: 0
    97: 0
    98: 0
    99: 0
 sched: # Scheduler stats
  thCr: 1 # Threads created
  thFn: 1 # Threads finished
  schedEvs: 1 # Schedule events
  waitEvs: 0 # Wait events
  handoffEvs: 0 # Handoff events
  sleepEvs: 0 # Sleep events
  idlePhases: 0 # Phases with no thread active
  idlePeriods: 0 # Periods with no thread active
  occHist: # Occupancy histogram
   0: 0
   1: 7270
  rqSzHist: # Run queue size histogram
   0: 7270
   1: 0
   2: 0
   3: 0
   4: 0
   5: 0
   6: 0
   7: 0
   8: 0
   9: 0
   10: 0
   11: 0
   12: 0
   13: 0
   14: 0
   15: 0
   16: 0
 procCycles: # Per-process unhalted core cycles
  0: 72700838
  1: 0
  2: 0
  3: 0
  4: 0
  5: 0
  6: 0
  7: 0
  8: 0
  9: 0
  10: 0
  11: 0
  12: 0
  13: 0
  14: 0
  15: 0
  16: 0
  17: 0
  18: 0
  19: 0
  20: 0
  21: 0
  22: 0
  23: 0
  24: 0
  25: 0
  26: 0
  27: 0
  28: 0
  29: 0
  30: 0
  31: 0
  32: 0
  33: 0
  34: 0
  35: 0
  36: 0
  37: 0
  38: 0
  39: 0
  40: 0
  41: 0
  42: 0
  43: 0
  44: 0
  45: 0
  46: 0
  47: 0
  48: 0
  49: 0
  50: 0
  51: 0
  52: 0
  53: 0
  54: 0
  55: 0
  56: 0
  57: 0
  58: 0
  59: 0
  60: 0
  61: 0
  62: 0
  63: 0
 procInstrs: # Per-process instructions
  0: 100001365
  1: 0
  2: 0
  3: 0
  4: 0
  5: 0
  6: 0
  7: 0
  8: 0
  9: 0
  10: 0
  11: 0
  12: 0
  13: 0
  14: 0
  15: 0
  16: 0
  17: 0
  18: 0
  19: 0
  20: 0
  21: 0
  22: 0
  23: 0
  24: 0
  25: 0
  26: 0
  27: 0
  28: 0
  29: 0
  30: 0
  31: 0
  32: 0
  33: 0
  34: 0
  35: 0
  36: 0
  37: 0
  38: 0
  39: 0
  40: 0
  41: 0
  42: 0
  43: 0
  44: 0
  45: 0
  46: 0
  47: 0
  48: 0
  49: 0
  50: 0
  51: 0
  52: 0
  53: 0
  54: 0
  55: 0
  56: 0
  57: 0
  58: 0
  59: 0
  60: 0
  61: 0
  62: 0
  63: 0
 heartbeats: # Per-process heartbeats
  0: 0
  1: 0
  2: 0
  3: 0
  4: 0
  5: 0
  6: 0
  7: 0
  8: 0
  9: 0
  10: 0
  11: 0
  12: 0
  13: 0
  14: 0
  15: 0
  16: 0
  17: 0
  18: 0
  19: 0
  20: 0
  21: 0
  22: 0
  23: 0
  24: 0
  25: 0
  26: 0
  27: 0
  28: 0
  29: 0
  30: 0
  31: 0
  32: 0
  33: 0
  34: 0
  35: 0
  36: 0
  37: 0
  38: 0
  39: 0
  40: 0
  41: 0
  42: 0
  43: 0
  44: 0
  45: 0
  46: 0
  47: 0
  48: 0
  49: 0
  50: 0
  51: 0
  52: 0
  53: 0
  54: 0
  55: 0
  56: 0
  57: 0
  58: 0
  59: 0
  60: 0
  61: 0
  62: 0
  63: 0
===
