# zsim stats
===
root: # Stats
 contention: # Contention simulation stats
  domain-0: # Domain stats
   time: 4575940047 # Weave simulation time
 time: # Simulator time breakdown
  init: 395252978621
  bound: 15354913037
  weave: 5309213319
  ff: 0
 trigger: 20000 # Reason for this stats dump
 phase: 63295 # Simulated phases
 westmere: # Core stats
  westmere-0: # Core stats
   cycles: 632952492 # Simulated unhalted cycles
   cCycles: 142686416 # Cycles due to contention stalls
   instrs: 100001097 # Simulated instructions
   uops: 101913062 # Retired micro-ops
   bbls: 27652830 # Basic blocks
   approxInstrs: 22402 # Instrs with approx uop decoding
   mispredBranches: 1591226 # Mispredicted branches
   condBranches: 25801102 # conditional branches
 l1i: # Cache stats
  l1i-0: # Filter cache stats
   fhGETS: 35460075 # Filtered GETS hits
   fhGETX: 0 # Filtered GETX hits
   hGETS: 0 # GETS hits
   hGETX: 0 # GETX hits
   mGETS: 47 # GETS misses
   mGETXIM: 0 # GETX I->M misses
   mGETXSM: 0 # GETX S->M misses (upgrade misses)
   PUTS: 0 # Clean evictions (from lower level)
   PUTX: 0 # Dirty evictions (from lower level)
   INV: 0 # Invalidates (from upper level)
   INVX: 0 # Downgrades (from upper level)
   FWD: 0 # Forwards (from upper level)
   latGETnl: 5828 # GET request latency on next level
   latGETnet: 0 # GET request latency on network to next level
 l1d: # Cache stats
  l1d-0: # Filter cache stats
   fhGETS: 22291253 # Filtered GETS hits
   fhGETX: 2298619 # Filtered GETX hits
   hGETS: 1823553 # GETS hits
   hGETX: 3238141 # GETX hits
   mGETS: 12462117 # GETS misses
   mGETXIM: 254403 # GETX I->M misses
   mGETXSM: 0 # GETX S->M misses (upgrade misses)
   PUTS: 0 # Clean evictions (from lower level)
   PUTX: 0 # Dirty evictions (from lower level)
   INV: 0 # Invalidates (from upper level)
   INVX: 0 # Downgrades (from upper level)
   FWD: 0 # Forwards (from upper level)
   latGETnl: 1069296204 # GET request latency on next level
   latGETnet: 0 # GET request latency on network to next level
 l2: # Cache stats
  l2-0: # Cache stats
   hGETS: 2420615 # GETS hits
   hGETX: 81414 # GETX hits
   mGETS: 10041549 # GETS misses
   mGETXIM: 172989 # GETX I->M misses
   mGETXSM: 0 # GETX S->M misses (upgrade misses)
   PUTS: 9459822 # Clean evictions (from lower level)
   PUTX: 3256186 # Dirty evictions (from lower level)
   INV: 0 # Invalidates (from upper level)
   INVX: 0 # Downgrades (from upper level)
   FWD: 0 # Forwards (from upper level)
   latGETnl: 942136362 # GET request latency on next level
   latGETnet: 0 # GET request latency on network to next level
 l3: # Cache stats
  l3-0: # Cache stats
   hGETS: 2412585 # GETS hits
   hGETX: 57648 # GETX hits
   mGETS: 7628964 # GETS misses
   mGETXIM: 115341 # GETX I->M misses
   mGETXSM: 0 # GETX S->M misses (upgrade misses)
   PUTS: 7438800 # Clean evictions (from lower level)
   PUTX: 2771642 # Dirty evictions (from lower level)
   INV: 0 # Invalidates (from upper level)
   INVX: 0 # Downgrades (from upper level)
   FWD: 0 # Forwards (from upper level)
   latGETnl: 696987450 # GET request latency on next level
   latGETnet: 0 # GET request latency on network to next level
 mem: # Memory controller stats
  mem-0: # Memory controller stats
   rd: 1934274 # Read requests
   wr: 616021 # Write requests
   rdlat: 263378619 # Total latency experienced by read requests
   wrlat: 89453616 # Total latency experienced by write requests
   rdhits: 1805 # Read row hits
   wrhits: 1988 # Write row hits
   mlh: # latency histogram for memory requests
    0: 0
    1: 0
    2: 0
    3: 0
    4: 0
    5: 0
    6: 0
    7: 0
    8: 0
    9: 0
    10: 0
    11: 279
    12: 337
    13: 1706367
    14: 132142
    15: 48247
    16: 13983
    17: 2636
    18: 884
    19: 963
    20: 1142
    21: 1280
    22: 872
    23: 1255
    24: 3070
    25: 1491
    26: 533
    27: 626
    28: 617
    29: 751
    30: 987
    31: 1325
    32: 1165
    33: 1139
    34: 1279
    35: 1269
    36: 1304
    37: 1184
    38: 1132
    39: 1122
    40: 1183
    41: 1089
    42: 1033
    43: 526
    44: 221
    45: 190
    46: 130
    47: 259
    48: 162
    49: 56
    50: 17
    51: 6
    52: 2
    53: 6
    54: 4
    55: 1
    56: 3
    57: 2
    58: 1
    59: 2
    60: 0
    61: 0
    62: 0
    63: 0
    64: 0
    65: 0
    66: 0
    67: 0
    68: 0
    69: 0
    70: 0
    71: 0
    72: 0
    73: 0
    74: 0
    75: 0
    76: 0
    77: 0
    78: 0
    79: 0
    80: 0
    81: 0
    82: 0
    83: 0
    84: 0
    85: 0
    86: 0
    87: 0
    88: 0
    89: 0
    90: 0
    91: 0
    92: 0
    93: 0
    94: 0
    95: 0
    96: 0
    97: 0
    98: 0
    99: 0
  mem-1: # Memory controller stats
   rd: 1931965 # Read requests
   wr: 614919 # Write requests
   rdlat: 263063712 # Total latency experienced by read requests
   wrlat: 89507431 # Total latency experienced by write requests
   rdhits: 1870 # Read row hits
   wrhits: 1962 # Write row hits
   mlh: # latency histogram for memory requests
    0: 0
    1: 0
    2: 0
    3: 0
    4: 0
    5: 0
    6: 0
    7: 0
    8: 0
    9: 0
    10: 0
    11: 215
    12: 451
    13: 1704889
    14: 131246
    15: 48298
    16: 13901
    17: 2483
    18: 917
    19: 1067
    20: 1292
    21: 1290
    22: 809
    23: 1170
    24: 2818
    25: 1713
    26: 561
    27: 611
    28: 656
    29: 725
    30: 1126
    31: 1353
    32: 1063
    33: 1211
    34: 1296
    35: 1308
    36: 1355
    37: 1143
    38: 1059
    39: 1113
    40: 1136
    41: 1076
    42: 1041
    43: 546
    44: 231
    45: 185
    46: 134
    47: 217
    48: 165
    49: 48
    50: 15
    51: 12
    52: 8
    53: 6
    54: 2
    55: 2
    56: 1
    57: 0
    58: 0
    59: 0
    60: 0
    61: 1
    62: 0
    63: 0
    64: 0
    65: 0
    66: 0
    67: 0
    68: 0
    69: 0
    70: 0
    71: 0
    72: 0
    73: 0
    74: 0
    75: 0
    76: 0
    77: 0
    78: 0
    79: 0
    80: 0
    81: 0
    82: 0
    83: 0
    84: 0
    85: 0
    86: 0
    87: 0
    88: 0
    89: 0
    90: 0
    91: 0
    92: 0
    93: 0
    94: 0
    95: 0
    96: 0
    97: 0
    98: 0
    99: 0
  mem-2: # Memory controller stats
   rd: 1952096 # Read requests
   wr: 614984 # Write requests
   rdlat: 265823832 # Total latency experienced by read requests
   wrlat: 89592466 # Total latency experienced by write requests
   rdhits: 1981 # Read row hits
   wrhits: 1985 # Write row hits
   mlh: # latency histogram for memory requests
    0: 0
    1: 0
    2: 0
    3: 0
    4: 0
    5: 0
    6: 0
    7: 0
    8: 0
    9: 0
    10: 0
    11: 224
    12: 554
    13: 1717433
    14: 138475
    15: 48904
    16: 13068
    17: 2230
    18: 922
    19: 992
    20: 1257
    21: 1742
    22: 854
    23: 1324
    24: 3228
    25: 1657
    26: 546
    27: 617
    28: 665
    29: 702
    30: 1057
    31: 1351
    32: 1140
    33: 1160
    34: 1225
    35: 1277
    36: 1305
    37: 1182
    38: 1089
    39: 1154
    40: 1051
    41: 1046
    42: 1107
    43: 544
    44: 256
    45: 184
    46: 145
    47: 219
    48: 128
    49: 32
    50: 19
    51: 13
    52: 8
    53: 4
    54: 3
    55: 2
    56: 0
    57: 0
    58: 0
    59: 1
    60: 0
    61: 0
    62: 0
    63: 0
    64: 0
    65: 0
    66: 0
    67: 0
    68: 0
    69: 0
    70: 0
    71: 0
    72: 0
    73: 0
    74: 0
    75: 0
    76: 0
    77: 0
    78: 0
    79: 0
    80: 0
    81: 0
    82: 0
    83: 0
    84: 0
    85: 0
    86: 0
    87: 0
    88: 0
    89: 0
    90: 0
    91: 0
    92: 0
    93: 0
    94: 0
    95: 0
    96: 0
    97: 0
    98: 0
    99: 0
  mem-3: # Memory controller stats
   rd: 1925908 # Read requests
   wr: 613079 # Write requests
   rdlat: 262201218 # Total latency experienced by read requests
   wrlat: 89082439 # Total latency experienced by write requests
   rdhits: 1983 # Read row hits
   wrhits: 1900 # Write row hits
   mlh: # latency histogram for memory requests
    0: 0
    1: 0
    2: 0
    3: 0
    4: 0
    5: 0
    6: 0
    7: 0
    8: 0
    9: 0
    10: 1
    11: 248
    12: 397
    13: 1699696
    14: 131074
    15: 47706
    16: 14465
    17: 2346
    18: 898
    19: 966
    20: 1222
    21: 1234
    22: 843
    23: 1140
    24: 3002
    25: 1436
    26: 531
    27: 558
    28: 651
    29: 756
    30: 1112
    31: 1307
    32: 1124
    33: 1108
    34: 1190
    35: 1401
    36: 1306
    37: 1178
    38: 1113
    39: 1112
    40: 1114
    41: 1099
    42: 1024
    43: 498
    44: 232
    45: 201
    46: 131
    47: 245
    48: 150
    49: 59
    50: 14
    51: 5
    52: 2
    53: 7
    54: 3
    55: 1
    56: 0
    57: 0
    58: 0
    59: 1
    60: 0
    61: 0
    62: 0
    63: 1
    64: 0
    65: 0
    66: 0
    67: 0
    68: 0
    69: 0
    70: 0
    71: 0
    72: 0
    73: 0
    74: 0
    75: 0
    76: 0
    77: 0
    78: 0
    79: 0
    80: 0
    81: 0
    82: 0
    83: 0
    84: 0
    85: 0
    86: 0
    87: 0
    88: 0
    89: 0
    90: 0
    91: 0
    92: 0
    93: 0
    94: 0
    95: 0
    96: 0
    97: 0
    98: 0
    99: 0
 sched: # Scheduler stats
  thCr: 1 # Threads created
  thFn: 1 # Threads finished
  schedEvs: 1 # Schedule events
  waitEvs: 0 # Wait events
  handoffEvs: 0 # Handoff events
  sleepEvs: 0 # Sleep events
  idlePhases: 0 # Phases with no thread active
  idlePeriods: 0 # Periods with no thread active
  occHist: # Occupancy histogram
   0: 0
   1: 63295
  rqSzHist: # Run queue size histogram
   0: 63295
   1: 0
   2: 0
   3: 0
   4: 0
   5: 0
   6: 0
   7: 0
   8: 0
   9: 0
   10: 0
   11: 0
   12: 0
   13: 0
   14: 0
   15: 0
   16: 0
 procCycles: # Per-process unhalted core cycles
  0: 632952492
  1: 0
  2: 0
  3: 0
  4: 0
  5: 0
  6: 0
  7: 0
  8: 0
  9: 0
  10: 0
  11: 0
  12: 0
  13: 0
  14: 0
  15: 0
  16: 0
  17: 0
  18: 0
  19: 0
  20: 0
  21: 0
  22: 0
  23: 0
  24: 0
  25: 0
  26: 0
  27: 0
  28: 0
  29: 0
  30: 0
  31: 0
  32: 0
  33: 0
  34: 0
  35: 0
  36: 0
  37: 0
  38: 0
  39: 0
  40: 0
  41: 0
  42: 0
  43: 0
  44: 0
  45: 0
  46: 0
  47: 0
  48: 0
  49: 0
  50: 0
  51: 0
  52: 0
  53: 0
  54: 0
  55: 0
  56: 0
  57: 0
  58: 0
  59: 0
  60: 0
  61: 0
  62: 0
  63: 0
 procInstrs: # Per-process instructions
  0: 100001097
  1: 0
  2: 0
  3: 0
  4: 0
  5: 0
  6: 0
  7: 0
  8: 0
  9: 0
  10: 0
  11: 0
  12: 0
  13: 0
  14: 0
  15: 0
  16: 0
  17: 0
  18: 0
  19: 0
  20: 0
  21: 0
  22: 0
  23: 0
  24: 0
  25: 0
  26: 0
  27: 0
  28: 0
  29: 0
  30: 0
  31: 0
  32: 0
  33: 0
  34: 0
  35: 0
  36: 0
  37: 0
  38: 0
  39: 0
  40: 0
  41: 0
  42: 0
  43: 0
  44: 0
  45: 0
  46: 0
  47: 0
  48: 0
  49: 0
  50: 0
  51: 0
  52: 0
  53: 0
  54: 0
  55: 0
  56: 0
  57: 0
  58: 0
  59: 0
  60: 0
  61: 0
  62: 0
  63: 0
 heartbeats: # Per-process heartbeats
  0: 0
  1: 0
  2: 0
  3: 0
  4: 0
  5: 0
  6: 0
  7: 0
  8: 0
  9: 0
  10: 0
  11: 0
  12: 0
  13: 0
  14: 0
  15: 0
  16: 0
  17: 0
  18: 0
  19: 0
  20: 0
  21: 0
  22: 0
  23: 0
  24: 0
  25: 0
  26: 0
  27: 0
  28: 0
  29: 0
  30: 0
  31: 0
  32: 0
  33: 0
  34: 0
  35: 0
  36: 0
  37: 0
  38: 0
  39: 0
  40: 0
  41: 0
  42: 0
  43: 0
  44: 0
  45: 0
  46: 0
  47: 0
  48: 0
  49: 0
  50: 0
  51: 0
  52: 0
  53: 0
  54: 0
  55: 0
  56: 0
  57: 0
  58: 0
  59: 0
  60: 0
  61: 0
  62: 0
  63: 0
===
