# zsim stats
===
root: # Stats
 contention: # Contention simulation stats
  domain-0: # Domain stats
   time: 272249849 # Weave simulation time
 time: # Simulator time breakdown
  init: 2709725478955
  bound: 5359194023
  weave: 372066408
  ff: 0
 trigger: 20000 # Reason for this stats dump
 phase: 8458 # Simulated phases
 westmere: # Core stats
  westmere-0: # Core stats
   cycles: 84581103 # Simulated unhalted cycles
   cCycles: 10032449 # Cycles due to contention stalls
   instrs: 100001186 # Simulated instructions
   uops: 132215037 # Retired micro-ops
   bbls: 1457960 # Basic blocks
   approxInstrs: 967560 # Instrs with approx uop decoding
   mispredBranches: 1056 # Mispredicted branches
   condBranches: 120266 # conditional branches
 l1i: # Cache stats
  l1i-0: # Filter cache stats
   fhGETS: 6773045 # Filtered GETS hits
   fhGETX: 0 # Filtered GETX hits
   hGETS: 4032040 # GETS hits
   hGETX: 0 # GETX hits
   mGETS: 1955 # GETS misses
   mGETXIM: 0 # GETX I->M misses
   mGETXSM: 0 # GETX S->M misses (upgrade misses)
   PUTS: 0 # Clean evictions (from lower level)
   PUTX: 0 # Dirty evictions (from lower level)
   INV: 1764 # Invalidates (from upper level)
   INVX: 0 # Downgrades (from upper level)
   FWD: 0 # Forwards (from upper level)
   latGETnl: 242420 # GET request latency on next level
   latGETnet: 0 # GET request latency on network to next level
 l1d: # Cache stats
  l1d-0: # Filter cache stats
   fhGETS: 36394755 # Filtered GETS hits
   fhGETX: 9754972 # Filtered GETX hits
   hGETS: 5807527 # GETS hits
   hGETX: 1453498 # GETX hits
   mGETS: 617599 # GETS misses
   mGETXIM: 140031 # GETX I->M misses
   mGETXSM: 0 # GETX S->M misses (upgrade misses)
   PUTS: 0 # Clean evictions (from lower level)
   PUTX: 0 # Dirty evictions (from lower level)
   INV: 217 # Invalidates (from upper level)
   INVX: 0 # Downgrades (from upper level)
   FWD: 0 # Forwards (from upper level)
   latGETnl: 62743510 # GET request latency on next level
   latGETnet: 0 # GET request latency on network to next level
 l2: # Cache stats
  l2-0: # Cache stats
   hGETS: 257640 # GETS hits
   hGETX: 10 # GETX hits
   mGETS: 361914 # GETS misses
   mGETXIM: 140021 # GETX I->M misses
   mGETXSM: 0 # GETX S->M misses (upgrade misses)
   PUTS: 616259 # Clean evictions (from lower level)
   PUTX: 140642 # Dirty evictions (from lower level)
   INV: 2605 # Invalidates (from upper level)
   INVX: 0 # Downgrades (from upper level)
   FWD: 0 # Forwards (from upper level)
   latGETnl: 55390080 # GET request latency on next level
   latGETnet: 0 # GET request latency on network to next level
 l3: # Cache stats
  l3-0: # Cache stats
   hGETS: 15555 # GETS hits
   hGETX: 4784 # GETX hits
   mGETS: 346359 # GETS misses
   mGETXIM: 135237 # GETX I->M misses
   mGETXSM: 0 # GETX S->M misses (upgrade misses)
   PUTS: 355584 # Clean evictions (from lower level)
   PUTX: 139650 # Dirty evictions (from lower level)
   INV: 0 # Invalidates (from upper level)
   INVX: 0 # Downgrades (from upper level)
   FWD: 0 # Forwards (from upper level)
   latGETnl: 43343640 # GET request latency on next level
   latGETnet: 0 # GET request latency on network to next level
 mem: # Memory controller stats
  mem-0: # Memory controller stats
   rd: 120329 # Read requests
   wr: 33863 # Write requests
   rdlat: 17552103 # Total latency experienced by read requests
   wrlat: 5634725 # Total latency experienced by write requests
   rdhits: 9 # Read row hits
   wrhits: 94 # Write row hits
   mlh: # latency histogram for memory requests
    0: 0
    1: 0
    2: 0
    3: 0
    4: 0
    5: 0
    6: 0
    7: 0
    8: 0
    9: 0
    10: 0
    11: 0
    12: 0
    13: 77871
    14: 21090
    15: 5939
    16: 1615
    17: 5024
    18: 981
    19: 1237
    20: 765
    21: 162
    22: 578
    23: 95
    24: 276
    25: 3107
    26: 349
    27: 51
    28: 53
    29: 60
    30: 55
    31: 47
    32: 52
    33: 49
    34: 55
    35: 76
    36: 52
    37: 61
    38: 66
    39: 61
    40: 65
    41: 62
    42: 71
    43: 61
    44: 34
    45: 21
    46: 22
    47: 48
    48: 34
    49: 16
    50: 18
    51: 15
    52: 6
    53: 9
    54: 2
    55: 8
    56: 1
    57: 2
    58: 5
    59: 1
    60: 1
    61: 0
    62: 0
    63: 0
    64: 0
    65: 0
    66: 0
    67: 0
    68: 0
    69: 0
    70: 0
    71: 0
    72: 0
    73: 0
    74: 0
    75: 0
    76: 0
    77: 0
    78: 0
    79: 0
    80: 0
    81: 0
    82: 0
    83: 0
    84: 0
    85: 0
    86: 0
    87: 0
    88: 0
    89: 0
    90: 0
    91: 0
    92: 0
    93: 0
    94: 0
    95: 0
    96: 0
    97: 0
    98: 0
    99: 0
  mem-1: # Memory controller stats
   rd: 120405 # Read requests
   wr: 33882 # Write requests
   rdlat: 17574025 # Total latency experienced by read requests
   wrlat: 5623644 # Total latency experienced by write requests
   rdhits: 8 # Read row hits
   wrhits: 89 # Write row hits
   mlh: # latency histogram for memory requests
    0: 0
    1: 0
    2: 0
    3: 0
    4: 0
    5: 0
    6: 0
    7: 0
    8: 0
    9: 0
    10: 0
    11: 0
    12: 0
    13: 77779
    14: 21064
    15: 6015
    16: 1571
    17: 5115
    18: 988
    19: 1195
    20: 782
    21: 162
    22: 591
    23: 100
    24: 351
    25: 3090
    26: 364
    27: 77
    28: 55
    29: 48
    30: 59
    31: 41
    32: 39
    33: 45
    34: 43
    35: 70
    36: 85
    37: 58
    38: 61
    39: 58
    40: 67
    41: 57
    42: 69
    43: 57
    44: 34
    45: 20
    46: 21
    47: 46
    48: 47
    49: 16
    50: 11
    51: 11
    52: 9
    53: 6
    54: 4
    55: 10
    56: 3
    57: 3
    58: 2
    59: 5
    60: 1
    61: 0
    62: 0
    63: 0
    64: 0
    65: 0
    66: 0
    67: 0
    68: 0
    69: 0
    70: 0
    71: 0
    72: 0
    73: 0
    74: 0
    75: 0
    76: 0
    77: 0
    78: 0
    79: 0
    80: 0
    81: 0
    82: 0
    83: 0
    84: 0
    85: 0
    86: 0
    87: 0
    88: 0
    89: 0
    90: 0
    91: 0
    92: 0
    93: 0
    94: 0
    95: 0
    96: 0
    97: 0
    98: 0
    99: 0
  mem-2: # Memory controller stats
   rd: 120426 # Read requests
   wr: 33884 # Write requests
   rdlat: 17561503 # Total latency experienced by read requests
   wrlat: 5614809 # Total latency experienced by write requests
   rdhits: 4 # Read row hits
   wrhits: 89 # Write row hits
   mlh: # latency histogram for memory requests
    0: 0
    1: 0
    2: 0
    3: 0
    4: 0
    5: 0
    6: 0
    7: 0
    8: 0
    9: 0
    10: 0
    11: 0
    12: 0
    13: 77963
    14: 21222
    15: 5937
    16: 1497
    17: 4970
    18: 995
    19: 1202
    20: 739
    21: 160
    22: 528
    23: 165
    24: 298
    25: 3142
    26: 363
    27: 66
    28: 64
    29: 54
    30: 61
    31: 58
    32: 48
    33: 54
    34: 62
    35: 77
    36: 63
    37: 47
    38: 71
    39: 61
    40: 62
    41: 61
    42: 67
    43: 60
    44: 26
    45: 26
    46: 22
    47: 38
    48: 42
    49: 13
    50: 8
    51: 14
    52: 6
    53: 3
    54: 1
    55: 3
    56: 1
    57: 3
    58: 2
    59: 0
    60: 1
    61: 0
    62: 0
    63: 0
    64: 0
    65: 0
    66: 0
    67: 0
    68: 0
    69: 0
    70: 0
    71: 0
    72: 0
    73: 0
    74: 0
    75: 0
    76: 0
    77: 0
    78: 0
    79: 0
    80: 0
    81: 0
    82: 0
    83: 0
    84: 0
    85: 0
    86: 0
    87: 0
    88: 0
    89: 0
    90: 0
    91: 0
    92: 0
    93: 0
    94: 0
    95: 0
    96: 0
    97: 0
    98: 0
    99: 0
  mem-3: # Memory controller stats
   rd: 120434 # Read requests
   wr: 33866 # Write requests
   rdlat: 17559343 # Total latency experienced by read requests
   wrlat: 5607370 # Total latency experienced by write requests
   rdhits: 1 # Read row hits
   wrhits: 90 # Write row hits
   mlh: # latency histogram for memory requests
    0: 0
    1: 0
    2: 0
    3: 0
    4: 0
    5: 0
    6: 0
    7: 0
    8: 0
    9: 0
    10: 0
    11: 0
    12: 0
    13: 78031
    14: 21115
    15: 5955
    16: 1450
    17: 5099
    18: 1006
    19: 1135
    20: 785
    21: 150
    22: 539
    23: 193
    24: 326
    25: 3095
    26: 339
    27: 68
    28: 57
    29: 62
    30: 56
    31: 53
    32: 43
    33: 51
    34: 45
    35: 64
    36: 60
    37: 55
    38: 58
    39: 67
    40: 57
    41: 51
    42: 63
    43: 64
    44: 41
    45: 22
    46: 18
    47: 47
    48: 50
    49: 17
    50: 10
    51: 9
    52: 9
    53: 8
    54: 2
    55: 4
    56: 1
    57: 2
    58: 1
    59: 1
    60: 0
    61: 0
    62: 0
    63: 0
    64: 0
    65: 0
    66: 0
    67: 0
    68: 0
    69: 0
    70: 0
    71: 0
    72: 0
    73: 0
    74: 0
    75: 0
    76: 0
    77: 0
    78: 0
    79: 0
    80: 0
    81: 0
    82: 0
    83: 0
    84: 0
    85: 0
    86: 0
    87: 0
    88: 0
    89: 0
    90: 0
    91: 0
    92: 0
    93: 0
    94: 0
    95: 0
    96: 0
    97: 0
    98: 0
    99: 0
 sched: # Scheduler stats
  thCr: 1 # Threads created
  thFn: 1 # Threads finished
  schedEvs: 1 # Schedule events
  waitEvs: 0 # Wait events
  handoffEvs: 0 # Handoff events
  sleepEvs: 0 # Sleep events
  idlePhases: 0 # Phases with no thread active
  idlePeriods: 0 # Periods with no thread active
  occHist: # Occupancy histogram
   0: 0
   1: 8458
  rqSzHist: # Run queue size histogram
   0: 8458
   1: 0
   2: 0
   3: 0
   4: 0
   5: 0
   6: 0
   7: 0
   8: 0
   9: 0
   10: 0
   11: 0
   12: 0
   13: 0
   14: 0
   15: 0
   16: 0
 procCycles: # Per-process unhalted core cycles
  0: 84581103
  1: 0
  2: 0
  3: 0
  4: 0
  5: 0
  6: 0
  7: 0
  8: 0
  9: 0
  10: 0
  11: 0
  12: 0
  13: 0
  14: 0
  15: 0
  16: 0
  17: 0
  18: 0
  19: 0
  20: 0
  21: 0
  22: 0
  23: 0
  24: 0
  25: 0
  26: 0
  27: 0
  28: 0
  29: 0
  30: 0
  31: 0
  32: 0
  33: 0
  34: 0
  35: 0
  36: 0
  37: 0
  38: 0
  39: 0
  40: 0
  41: 0
  42: 0
  43: 0
  44: 0
  45: 0
  46: 0
  47: 0
  48: 0
  49: 0
  50: 0
  51: 0
  52: 0
  53: 0
  54: 0
  55: 0
  56: 0
  57: 0
  58: 0
  59: 0
  60: 0
  61: 0
  62: 0
  63: 0
 procInstrs: # Per-process instructions
  0: 100001186
  1: 0
  2: 0
  3: 0
  4: 0
  5: 0
  6: 0
  7: 0
  8: 0
  9: 0
  10: 0
  11: 0
  12: 0
  13: 0
  14: 0
  15: 0
  16: 0
  17: 0
  18: 0
  19: 0
  20: 0
  21: 0
  22: 0
  23: 0
  24: 0
  25: 0
  26: 0
  27: 0
  28: 0
  29: 0
  30: 0
  31: 0
  32: 0
  33: 0
  34: 0
  35: 0
  36: 0
  37: 0
  38: 0
  39: 0
  40: 0
  41: 0
  42: 0
  43: 0
  44: 0
  45: 0
  46: 0
  47: 0
  48: 0
  49: 0
  50: 0
  51: 0
  52: 0
  53: 0
  54: 0
  55: 0
  56: 0
  57: 0
  58: 0
  59: 0
  60: 0
  61: 0
  62: 0
  63: 0
 heartbeats: # Per-process heartbeats
  0: 0
  1: 0
  2: 0
  3: 0
  4: 0
  5: 0
  6: 0
  7: 0
  8: 0
  9: 0
  10: 0
  11: 0
  12: 0
  13: 0
  14: 0
  15: 0
  16: 0
  17: 0
  18: 0
  19: 0
  20: 0
  21: 0
  22: 0
  23: 0
  24: 0
  25: 0
  26: 0
  27: 0
  28: 0
  29: 0
  30: 0
  31: 0
  32: 0
  33: 0
  34: 0
  35: 0
  36: 0
  37: 0
  38: 0
  39: 0
  40: 0
  41: 0
  42: 0
  43: 0
  44: 0
  45: 0
  46: 0
  47: 0
  48: 0
  49: 0
  50: 0
  51: 0
  52: 0
  53: 0
  54: 0
  55: 0
  56: 0
  57: 0
  58: 0
  59: 0
  60: 0
  61: 0
  62: 0
  63: 0
===
