# zsim stats
===
root: # Stats
 contention: # Contention simulation stats
  domain-0: # Domain stats
   time: 163180701 # Weave simulation time
 time: # Simulator time breakdown
  init: 772285732
  bound: 122814548425
  weave: 3037801145
  ff: 0
 trigger: 20000 # Reason for this stats dump
 phase: 40172 # Simulated phases
 westmere: # Core stats
  westmere-0: # Core stats
   cycles: 401720009 # Simulated unhalted cycles
   cCycles: 27776 # Cycles due to contention stalls
   instrs: 625005849 # Simulated instructions
   uops: 750421615 # Retired micro-ops
   bbls: 83820730 # Basic blocks
   approxInstrs: 6871133 # Instrs with approx uop decoding
   mispredBranches: 1800367 # Mispredicted branches
   condBranches: 64863050 # conditional branches
  westmere-1: # Core stats
   cycles: 401720001 # Simulated unhalted cycles
   cCycles: 27823 # Cycles due to contention stalls
   instrs: 625001382 # Simulated instructions
   uops: 750415838 # Retired micro-ops
   bbls: 83819823 # Basic blocks
   approxInstrs: 6871124 # Instrs with approx uop decoding
   mispredBranches: 1800332 # Mispredicted branches
   condBranches: 64862324 # conditional branches
  westmere-2: # Core stats
   cycles: 401710006 # Simulated unhalted cycles
   cCycles: 27406 # Cycles due to contention stalls
   instrs: 625001006 # Simulated instructions
   uops: 750415329 # Retired micro-ops
   bbls: 83819778 # Basic blocks
   approxInstrs: 6871111 # Instrs with approx uop decoding
   mispredBranches: 1800329 # Mispredicted branches
   condBranches: 64862303 # conditional branches
  westmere-3: # Core stats
   cycles: 401710005 # Simulated unhalted cycles
   cCycles: 25808 # Cycles due to contention stalls
   instrs: 625002970 # Simulated instructions
   uops: 750417748 # Retired micro-ops
   bbls: 83820046 # Basic blocks
   approxInstrs: 6871183 # Instrs with approx uop decoding
   mispredBranches: 1800347 # Mispredicted branches
   condBranches: 64862458 # conditional branches
  westmere-4: # Core stats
   cycles: 401710026 # Simulated unhalted cycles
   cCycles: 26388 # Cycles due to contention stalls
   instrs: 625005237 # Simulated instructions
   uops: 750420594 # Retired micro-ops
   bbls: 83820351 # Basic blocks
   approxInstrs: 6871259 # Instrs with approx uop decoding
   mispredBranches: 1800374 # Mispredicted branches
   condBranches: 64862629 # conditional branches
  westmere-5: # Core stats
   cycles: 401710014 # Simulated unhalted cycles
   cCycles: 27493 # Cycles due to contention stalls
   instrs: 625001470 # Simulated instructions
   uops: 750415941 # Retired micro-ops
   bbls: 83819829 # Basic blocks
   approxInstrs: 6871125 # Instrs with approx uop decoding
   mispredBranches: 1800333 # Mispredicted branches
   condBranches: 64862331 # conditional branches
  westmere-6: # Core stats
   cycles: 401710023 # Simulated unhalted cycles
   cCycles: 27697 # Cycles due to contention stalls
   instrs: 625002725 # Simulated instructions
   uops: 750417426 # Retired micro-ops
   bbls: 83820018 # Basic blocks
   approxInstrs: 6871177 # Instrs with approx uop decoding
   mispredBranches: 1800345 # Mispredicted branches
   condBranches: 64862444 # conditional branches
  westmere-7: # Core stats
   cycles: 401710001 # Simulated unhalted cycles
   cCycles: 28251 # Cycles due to contention stalls
   instrs: 624994175 # Simulated instructions
   uops: 750406847 # Retired micro-ops
   bbls: 83818867 # Basic blocks
   approxInstrs: 6870874 # Instrs with approx uop decoding
   mispredBranches: 1800263 # Mispredicted branches
   condBranches: 64861775 # conditional branches
 l1i: # Cache stats
  l1i-0: # Filter cache stats
   fhGETS: 112021459 # Filtered GETS hits
   fhGETX: 0 # Filtered GETX hits
   hGETS: 1226589 # GETS hits
   hGETX: 0 # GETX hits
   mGETS: 45529 # GETS misses
   mGETXIM: 0 # GETX I->M misses
   mGETXSM: 0 # GETX S->M misses (upgrade misses)
   PUTS: 0 # Clean evictions (from lower level)
   PUTX: 0 # Dirty evictions (from lower level)
   INV: 0 # Invalidates (from upper level)
   INVX: 0 # Downgrades (from upper level)
   FWD: 0 # Forwards (from upper level)
   latGETnl: 482200 # GET request latency on next level
   latGETnet: 0 # GET request latency on network to next level
  l1i-1: # Filter cache stats
   fhGETS: 112020572 # Filtered GETS hits
   fhGETX: 0 # Filtered GETX hits
   hGETS: 1226461 # GETS hits
   hGETX: 0 # GETX hits
   mGETS: 45450 # GETS misses
   mGETXIM: 0 # GETX I->M misses
   mGETXSM: 0 # GETX S->M misses (upgrade misses)
   PUTS: 0 # Clean evictions (from lower level)
   PUTX: 0 # Dirty evictions (from lower level)
   INV: 0 # Invalidates (from upper level)
   INVX: 0 # Downgrades (from upper level)
   FWD: 0 # Forwards (from upper level)
   latGETnl: 486192 # GET request latency on next level
   latGETnet: 0 # GET request latency on network to next level
  l1i-2: # Filter cache stats
   fhGETS: 112020526 # Filtered GETS hits
   fhGETX: 0 # Filtered GETX hits
   hGETS: 1226463 # GETS hits
   hGETX: 0 # GETX hits
   mGETS: 45447 # GETS misses
   mGETXIM: 0 # GETX I->M misses
   mGETXSM: 0 # GETX S->M misses (upgrade misses)
   PUTS: 0 # Clean evictions (from lower level)
   PUTX: 0 # Dirty evictions (from lower level)
   INV: 0 # Invalidates (from upper level)
   INVX: 0 # Downgrades (from upper level)
   FWD: 0 # Forwards (from upper level)
   latGETnl: 475116 # GET request latency on next level
   latGETnet: 0 # GET request latency on network to next level
  l1i-3: # Filter cache stats
   fhGETS: 112020999 # Filtered GETS hits
   fhGETX: 0 # Filtered GETX hits
   hGETS: 1226464 # GETS hits
   hGETX: 0 # GETX hits
   mGETS: 45443 # GETS misses
   mGETXIM: 0 # GETX I->M misses
   mGETXSM: 0 # GETX S->M misses (upgrade misses)
   PUTS: 0 # Clean evictions (from lower level)
   PUTX: 0 # Dirty evictions (from lower level)
   INV: 0 # Invalidates (from upper level)
   INVX: 0 # Downgrades (from upper level)
   FWD: 0 # Forwards (from upper level)
   latGETnl: 472910 # GET request latency on next level
   latGETnet: 0 # GET request latency on network to next level
  l1i-4: # Filter cache stats
   fhGETS: 112021504 # Filtered GETS hits
   fhGETX: 0 # Filtered GETX hits
   hGETS: 1226464 # GETS hits
   hGETX: 0 # GETX hits
   mGETS: 45449 # GETS misses
   mGETXIM: 0 # GETX I->M misses
   mGETXSM: 0 # GETX S->M misses (upgrade misses)
   PUTS: 0 # Clean evictions (from lower level)
   PUTX: 0 # Dirty evictions (from lower level)
   INV: 0 # Invalidates (from upper level)
   INVX: 0 # Downgrades (from upper level)
   FWD: 0 # Forwards (from upper level)
   latGETnl: 475094 # GET request latency on next level
   latGETnet: 0 # GET request latency on network to next level
  l1i-5: # Filter cache stats
   fhGETS: 112020640 # Filtered GETS hits
   fhGETX: 0 # Filtered GETX hits
   hGETS: 1226461 # GETS hits
   hGETX: 0 # GETX hits
   mGETS: 45450 # GETS misses
   mGETXIM: 0 # GETX I->M misses
   mGETXSM: 0 # GETX S->M misses (upgrade misses)
   PUTS: 0 # Clean evictions (from lower level)
   PUTX: 0 # Dirty evictions (from lower level)
   INV: 0 # Invalidates (from upper level)
   INVX: 0 # Downgrades (from upper level)
   FWD: 0 # Forwards (from upper level)
   latGETnl: 476088 # GET request latency on next level
   latGETnet: 0 # GET request latency on network to next level
  l1i-6: # Filter cache stats
   fhGETS: 112020934 # Filtered GETS hits
   fhGETX: 0 # Filtered GETX hits
   hGETS: 1226463 # GETS hits
   hGETX: 0 # GETX hits
   mGETS: 45449 # GETS misses
   mGETXIM: 0 # GETX I->M misses
   mGETXSM: 0 # GETX S->M misses (upgrade misses)
   PUTS: 0 # Clean evictions (from lower level)
   PUTX: 0 # Dirty evictions (from lower level)
   INV: 0 # Invalidates (from upper level)
   INVX: 0 # Downgrades (from upper level)
   FWD: 0 # Forwards (from upper level)
   latGETnl: 475514 # GET request latency on next level
   latGETnet: 0 # GET request latency on network to next level
  l1i-7: # Filter cache stats
   fhGETS: 112019040 # Filtered GETS hits
   fhGETX: 0 # Filtered GETX hits
   hGETS: 1226456 # GETS hits
   hGETX: 0 # GETX hits
   mGETS: 45452 # GETS misses
   mGETXIM: 0 # GETX I->M misses
   mGETXSM: 0 # GETX S->M misses (upgrade misses)
   PUTS: 0 # Clean evictions (from lower level)
   PUTX: 0 # Dirty evictions (from lower level)
   INV: 0 # Invalidates (from upper level)
   INVX: 0 # Downgrades (from upper level)
   FWD: 0 # Forwards (from upper level)
   latGETnl: 473186 # GET request latency on next level
   latGETnet: 0 # GET request latency on network to next level
 l1d: # Cache stats
  l1d-0: # Filter cache stats
   fhGETS: 160740041 # Filtered GETS hits
   fhGETX: 37999576 # Filtered GETX hits
   hGETS: 11329068 # GETS hits
   hGETX: 11699064 # GETX hits
   mGETS: 1336854 # GETS misses
   mGETXIM: 1106636 # GETX I->M misses
   mGETXSM: 19 # GETX S->M misses (upgrade misses)
   PUTS: 0 # Clean evictions (from lower level)
   PUTX: 0 # Dirty evictions (from lower level)
   INV: 47 # Invalidates (from upper level)
   INVX: 41 # Downgrades (from upper level)
   FWD: 0 # Forwards (from upper level)
   latGETnl: 24606313 # GET request latency on next level
   latGETnet: 0 # GET request latency on network to next level
  l1d-1: # Filter cache stats
   fhGETS: 157438975 # Filtered GETS hits
   fhGETX: 37690840 # Filtered GETX hits
   hGETS: 14626496 # GETS hits
   hGETX: 12014755 # GETX hits
   mGETS: 1339853 # GETS misses
   mGETXIM: 1098470 # GETX I->M misses
   mGETXSM: 3 # GETX S->M misses (upgrade misses)
   PUTS: 0 # Clean evictions (from lower level)
   PUTX: 0 # Dirty evictions (from lower level)
   INV: 10 # Invalidates (from upper level)
   INVX: 117 # Downgrades (from upper level)
   FWD: 0 # Forwards (from upper level)
   latGETnl: 24546662 # GET request latency on next level
   latGETnet: 0 # GET request latency on network to next level
  l1d-2: # Filter cache stats
   fhGETS: 160815426 # Filtered GETS hits
   fhGETX: 38009342 # Filtered GETX hits
   hGETS: 11251157 # GETS hits
   hGETX: 11688619 # GETX hits
   mGETS: 1338581 # GETS misses
   mGETXIM: 1106076 # GETX I->M misses
   mGETXSM: 6 # GETX S->M misses (upgrade misses)
   PUTS: 0 # Clean evictions (from lower level)
   PUTX: 0 # Dirty evictions (from lower level)
   INV: 8 # Invalidates (from upper level)
   INVX: 42 # Downgrades (from upper level)
   FWD: 0 # Forwards (from upper level)
   latGETnl: 24602973 # GET request latency on next level
   latGETnet: 0 # GET request latency on network to next level
  l1d-3: # Filter cache stats
   fhGETS: 160836939 # Filtered GETS hits
   fhGETX: 38008654 # Filtered GETX hits
   hGETS: 11232478 # GETS hits
   hGETX: 11690740 # GETX hits
   mGETS: 1336335 # GETS misses
   mGETXIM: 1104753 # GETX I->M misses
   mGETXSM: 5 # GETX S->M misses (upgrade misses)
   PUTS: 0 # Clean evictions (from lower level)
   PUTX: 0 # Dirty evictions (from lower level)
   INV: 10 # Invalidates (from upper level)
   INVX: 93 # Downgrades (from upper level)
   FWD: 0 # Forwards (from upper level)
   latGETnl: 24571800 # GET request latency on next level
   latGETnet: 0 # GET request latency on network to next level
  l1d-4: # Filter cache stats
   fhGETS: 160735101 # Filtered GETS hits
   fhGETX: 38014549 # Filtered GETX hits
   hGETS: 11334141 # GETS hits
   hGETX: 11677255 # GETX hits
   mGETS: 1337228 # GETS misses
   mGETXIM: 1112477 # GETX I->M misses
   mGETXSM: 6 # GETX S->M misses (upgrade misses)
   PUTS: 0 # Clean evictions (from lower level)
   PUTX: 0 # Dirty evictions (from lower level)
   INV: 9 # Invalidates (from upper level)
   INVX: 48 # Downgrades (from upper level)
   FWD: 0 # Forwards (from upper level)
   latGETnl: 24654185 # GET request latency on next level
   latGETnet: 0 # GET request latency on network to next level
  l1d-5: # Filter cache stats
   fhGETS: 159021138 # Filtered GETS hits
   fhGETX: 37999678 # Filtered GETX hits
   hGETS: 13044746 # GETS hits
   hGETX: 11696612 # GETX hits
   mGETS: 1339461 # GETS misses
   mGETXIM: 1107778 # GETX I->M misses
   mGETXSM: 6 # GETX S->M misses (upgrade misses)
   PUTS: 0 # Clean evictions (from lower level)
   PUTX: 0 # Dirty evictions (from lower level)
   INV: 8 # Invalidates (from upper level)
   INVX: 29 # Downgrades (from upper level)
   FWD: 0 # Forwards (from upper level)
   latGETnl: 24627734 # GET request latency on next level
   latGETnet: 0 # GET request latency on network to next level
  l1d-6: # Filter cache stats
   fhGETS: 156200492 # Filtered GETS hits
   fhGETX: 37773174 # Filtered GETX hits
   hGETS: 15865446 # GETS hits
   hGETX: 11930824 # GETX hits
   mGETS: 1339716 # GETS misses
   mGETXIM: 1100138 # GETX I->M misses
   mGETXSM: 6 # GETX S->M misses (upgrade misses)
   PUTS: 0 # Clean evictions (from lower level)
   PUTX: 0 # Dirty evictions (from lower level)
   INV: 8 # Invalidates (from upper level)
   INVX: 54 # Downgrades (from upper level)
   FWD: 0 # Forwards (from upper level)
   latGETnl: 24555639 # GET request latency on next level
   latGETnet: 0 # GET request latency on network to next level
  l1d-7: # Filter cache stats
   fhGETS: 161017655 # Filtered GETS hits
   fhGETX: 38009034 # Filtered GETX hits
   hGETS: 11047178 # GETS hits
   hGETX: 11693467 # GETX hits
   mGETS: 1338229 # GETS misses
   mGETXIM: 1101151 # GETX I->M misses
   mGETXSM: 6 # GETX S->M misses (upgrade misses)
   PUTS: 0 # Clean evictions (from lower level)
   PUTX: 0 # Dirty evictions (from lower level)
   INV: 6 # Invalidates (from upper level)
   INVX: 33 # Downgrades (from upper level)
   FWD: 0 # Forwards (from upper level)
   latGETnl: 24549203 # GET request latency on next level
   latGETnet: 0 # GET request latency on network to next level
 l2: # Cache stats
  l2-0: # Cache stats
   hGETS: 1381122 # GETS hits
   hGETX: 1105414 # GETX hits
   mGETS: 1261 # GETS misses
   mGETXIM: 1222 # GETX I->M misses
   mGETXSM: 19 # GETX S->M misses (upgrade misses)
   PUTS: 1191360 # Clean evictions (from lower level)
   PUTX: 1296608 # Dirty evictions (from lower level)
   INV: 47 # Invalidates (from upper level)
   INVX: 42 # Downgrades (from upper level)
   FWD: 0 # Forwards (from upper level)
   latGETnl: 198133 # GET request latency on next level
   latGETnet: 0 # GET request latency on network to next level
  l2-1: # Cache stats
   hGETS: 1384139 # GETS hits
   hGETX: 1097374 # GETX hits
   mGETS: 1164 # GETS misses
   mGETXIM: 1096 # GETX I->M misses
   mGETXSM: 3 # GETX S->M misses (upgrade misses)
   PUTS: 1194616 # Clean evictions (from lower level)
   PUTX: 1288153 # Dirty evictions (from lower level)
   INV: 10 # Invalidates (from upper level)
   INVX: 117 # Downgrades (from upper level)
   FWD: 0 # Forwards (from upper level)
   latGETnl: 195094 # GET request latency on next level
   latGETnet: 0 # GET request latency on network to next level
  l2-2: # Cache stats
   hGETS: 1382864 # GETS hits
   hGETX: 1104980 # GETX hits
   mGETS: 1164 # GETS misses
   mGETXIM: 1096 # GETX I->M misses
   mGETXSM: 6 # GETX S->M misses (upgrade misses)
   PUTS: 1192066 # Clean evictions (from lower level)
   PUTX: 1297037 # Dirty evictions (from lower level)
   INV: 8 # Invalidates (from upper level)
   INVX: 42 # Downgrades (from upper level)
   FWD: 0 # Forwards (from upper level)
   latGETnl: 176989 # GET request latency on next level
   latGETnet: 0 # GET request latency on network to next level
  l2-3: # Cache stats
   hGETS: 1380617 # GETS hits
   hGETX: 1103656 # GETX hits
   mGETS: 1161 # GETS misses
   mGETXIM: 1097 # GETX I->M misses
   mGETXSM: 5 # GETX S->M misses (upgrade misses)
   PUTS: 1191128 # Clean evictions (from lower level)
   PUTX: 1294402 # Dirty evictions (from lower level)
   INV: 10 # Invalidates (from upper level)
   INVX: 93 # Downgrades (from upper level)
   FWD: 0 # Forwards (from upper level)
   latGETnl: 179350 # GET request latency on next level
   latGETnet: 0 # GET request latency on network to next level
  l2-4: # Cache stats
   hGETS: 1381510 # GETS hits
   hGETX: 1111381 # GETX hits
   mGETS: 1167 # GETS misses
   mGETXIM: 1096 # GETX I->M misses
   mGETXSM: 6 # GETX S->M misses (upgrade misses)
   PUTS: 1191201 # Clean evictions (from lower level)
   PUTX: 1302950 # Dirty evictions (from lower level)
   INV: 9 # Invalidates (from upper level)
   INVX: 48 # Downgrades (from upper level)
   FWD: 0 # Forwards (from upper level)
   latGETnl: 177679 # GET request latency on next level
   latGETnet: 0 # GET request latency on network to next level
  l2-5: # Cache stats
   hGETS: 1383749 # GETS hits
   hGETX: 1106682 # GETX hits
   mGETS: 1162 # GETS misses
   mGETXIM: 1096 # GETX I->M misses
   mGETXSM: 6 # GETX S->M misses (upgrade misses)
   PUTS: 1193123 # Clean evictions (from lower level)
   PUTX: 1298565 # Dirty evictions (from lower level)
   INV: 8 # Invalidates (from upper level)
   INVX: 29 # Downgrades (from upper level)
   FWD: 0 # Forwards (from upper level)
   latGETnl: 176872 # GET request latency on next level
   latGETnet: 0 # GET request latency on network to next level
  l2-6: # Cache stats
   hGETS: 1384004 # GETS hits
   hGETX: 1099042 # GETX hits
   mGETS: 1161 # GETS misses
   mGETXIM: 1096 # GETX I->M misses
   mGETXSM: 6 # GETX S->M misses (upgrade misses)
   PUTS: 1192902 # Clean evictions (from lower level)
   PUTX: 1291402 # Dirty evictions (from lower level)
   INV: 8 # Invalidates (from upper level)
   INVX: 54 # Downgrades (from upper level)
   FWD: 0 # Forwards (from upper level)
   latGETnl: 178063 # GET request latency on next level
   latGETnet: 0 # GET request latency on network to next level
  l2-7: # Cache stats
   hGETS: 1382519 # GETS hits
   hGETX: 1100055 # GETX hits
   mGETS: 1162 # GETS misses
   mGETXIM: 1096 # GETX I->M misses
   mGETXSM: 6 # GETX S->M misses (upgrade misses)
   PUTS: 1193495 # Clean evictions (from lower level)
   PUTX: 1290338 # Dirty evictions (from lower level)
   INV: 6 # Invalidates (from upper level)
   INVX: 33 # Downgrades (from upper level)
   FWD: 0 # Forwards (from upper level)
   latGETnl: 174009 # GET request latency on next level
   latGETnet: 0 # GET request latency on network to next level
 l3: # Cache stats
  l3-0b0: # Cache stats
   hGETS: 866 # GETS hits
   hGETX: 5 # GETX hits
   mGETS: 296 # GETS misses
   mGETXIM: 1091 # GETX I->M misses
   mGETXSM: 0 # GETX S->M misses (upgrade misses)
   PUTS: 0 # Clean evictions (from lower level)
   PUTX: 0 # Dirty evictions (from lower level)
   INV: 0 # Invalidates (from upper level)
   INVX: 0 # Downgrades (from upper level)
   FWD: 0 # Forwards (from upper level)
   latGETnl: 124830 # GET request latency on next level
   latGETnet: 0 # GET request latency on network to next level
  l3-0b1: # Cache stats
   hGETS: 902 # GETS hits
   hGETX: 13 # GETX hits
   mGETS: 301 # GETS misses
   mGETXIM: 1092 # GETX I->M misses
   mGETXSM: 0 # GETX S->M misses (upgrade misses)
   PUTS: 1 # Clean evictions (from lower level)
   PUTX: 0 # Dirty evictions (from lower level)
   INV: 0 # Invalidates (from upper level)
   INVX: 0 # Downgrades (from upper level)
   FWD: 0 # Forwards (from upper level)
   latGETnl: 125370 # GET request latency on next level
   latGETnet: 0 # GET request latency on network to next level
  l3-0b2: # Cache stats
   hGETS: 903 # GETS hits
   hGETX: 6 # GETX hits
   mGETS: 282 # GETS misses
   mGETXIM: 1127 # GETX I->M misses
   mGETXSM: 0 # GETX S->M misses (upgrade misses)
   PUTS: 0 # Clean evictions (from lower level)
   PUTX: 0 # Dirty evictions (from lower level)
   INV: 0 # Invalidates (from upper level)
   INVX: 0 # Downgrades (from upper level)
   FWD: 0 # Forwards (from upper level)
   latGETnl: 126810 # GET request latency on next level
   latGETnet: 0 # GET request latency on network to next level
  l3-0b3: # Cache stats
   hGETS: 869 # GETS hits
   hGETX: 13 # GETX hits
   mGETS: 301 # GETS misses
   mGETXIM: 1105 # GETX I->M misses
   mGETXSM: 0 # GETX S->M misses (upgrade misses)
   PUTS: 0 # Clean evictions (from lower level)
   PUTX: 0 # Dirty evictions (from lower level)
   INV: 0 # Invalidates (from upper level)
   INVX: 0 # Downgrades (from upper level)
   FWD: 0 # Forwards (from upper level)
   latGETnl: 126540 # GET request latency on next level
   latGETnet: 0 # GET request latency on network to next level
  l3-0b4: # Cache stats
   hGETS: 842 # GETS hits
   hGETX: 3 # GETX hits
   mGETS: 280 # GETS misses
   mGETXIM: 1115 # GETX I->M misses
   mGETXSM: 0 # GETX S->M misses (upgrade misses)
   PUTS: 0 # Clean evictions (from lower level)
   PUTX: 0 # Dirty evictions (from lower level)
   INV: 0 # Invalidates (from upper level)
   INVX: 0 # Downgrades (from upper level)
   FWD: 0 # Forwards (from upper level)
   latGETnl: 125550 # GET request latency on next level
   latGETnet: 0 # GET request latency on network to next level
  l3-0b5: # Cache stats
   hGETS: 902 # GETS hits
   hGETX: 22 # GETX hits
   mGETS: 299 # GETS misses
   mGETXIM: 1104 # GETX I->M misses
   mGETXSM: 0 # GETX S->M misses (upgrade misses)
   PUTS: 0 # Clean evictions (from lower level)
   PUTX: 0 # Dirty evictions (from lower level)
   INV: 0 # Invalidates (from upper level)
   INVX: 0 # Downgrades (from upper level)
   FWD: 0 # Forwards (from upper level)
   latGETnl: 126270 # GET request latency on next level
   latGETnet: 0 # GET request latency on network to next level
  l3-0b6: # Cache stats
   hGETS: 876 # GETS hits
   hGETX: 12 # GETX hits
   mGETS: 297 # GETS misses
   mGETXIM: 1111 # GETX I->M misses
   mGETXSM: 0 # GETX S->M misses (upgrade misses)
   PUTS: 1 # Clean evictions (from lower level)
   PUTX: 0 # Dirty evictions (from lower level)
   INV: 0 # Invalidates (from upper level)
   INVX: 0 # Downgrades (from upper level)
   FWD: 0 # Forwards (from upper level)
   latGETnl: 126720 # GET request latency on next level
   latGETnet: 0 # GET request latency on network to next level
  l3-0b7: # Cache stats
   hGETS: 889 # GETS hits
   hGETX: 12 # GETX hits
   mGETS: 297 # GETS misses
   mGETXIM: 1121 # GETX I->M misses
   mGETXSM: 0 # GETX S->M misses (upgrade misses)
   PUTS: 1 # Clean evictions (from lower level)
   PUTX: 0 # Dirty evictions (from lower level)
   INV: 0 # Invalidates (from upper level)
   INVX: 0 # Downgrades (from upper level)
   FWD: 0 # Forwards (from upper level)
   latGETnl: 127620 # GET request latency on next level
   latGETnet: 0 # GET request latency on network to next level
 mem: # Memory controller stats
  mem-0: # Memory controller stats
   rd: 2839 # Read requests
   wr: 0 # Write requests
   rdlat: 537039 # Total latency experienced by read requests
   wrlat: 0 # Total latency experienced by write requests
   rdhits: 289 # Read row hits
   wrhits: 0 # Write row hits
   mlh: # latency histogram for memory requests
    0: 0
    1: 0
    2: 0
    3: 0
    4: 0
    5: 0
    6: 0
    7: 0
    8: 0
    9: 0
    10: 0
    11: 4
    12: 17
    13: 1615
    14: 247
    15: 112
    16: 85
    17: 53
    18: 45
    19: 49
    20: 30
    21: 31
    22: 31
    23: 22
    24: 27
    25: 42
    26: 25
    27: 25
    28: 14
    29: 9
    30: 12
    31: 11
    32: 11
    33: 8
    34: 10
    35: 8
    36: 8
    37: 8
    38: 7
    39: 11
    40: 17
    41: 16
    42: 15
    43: 10
    44: 16
    45: 21
    46: 14
    47: 10
    48: 10
    49: 14
    50: 10
    51: 5
    52: 13
    53: 11
    54: 10
    55: 9
    56: 11
    57: 6
    58: 5
    59: 8
    60: 4
    61: 4
    62: 2
    63: 6
    64: 0
    65: 1
    66: 2
    67: 3
    68: 0
    69: 0
    70: 1
    71: 1
    72: 0
    73: 0
    74: 1
    75: 1
    76: 2
    77: 0
    78: 0
    79: 0
    80: 1
    81: 1
    82: 1
    83: 0
    84: 0
    85: 0
    86: 0
    87: 0
    88: 0
    89: 0
    90: 0
    91: 0
    92: 0
    93: 0
    94: 0
    95: 0
    96: 0
    97: 0
    98: 0
    99: 0
  mem-1: # Memory controller stats
   rd: 2790 # Read requests
   wr: 0 # Write requests
   rdlat: 484041 # Total latency experienced by read requests
   wrlat: 0 # Total latency experienced by write requests
   rdhits: 295 # Read row hits
   wrhits: 0 # Write row hits
   mlh: # latency histogram for memory requests
    0: 0
    1: 0
    2: 0
    3: 0
    4: 0
    5: 0
    6: 0
    7: 0
    8: 0
    9: 0
    10: 0
    11: 22
    12: 35
    13: 1722
    14: 231
    15: 87
    16: 62
    17: 47
    18: 39
    19: 29
    20: 24
    21: 44
    22: 35
    23: 23
    24: 23
    25: 22
    26: 9
    27: 21
    28: 24
    29: 22
    30: 20
    31: 12
    32: 16
    33: 18
    34: 23
    35: 9
    36: 7
    37: 16
    38: 14
    39: 11
    40: 13
    41: 7
    42: 16
    43: 6
    44: 6
    45: 7
    46: 3
    47: 5
    48: 4
    49: 3
    50: 2
    51: 5
    52: 7
    53: 6
    54: 1
    55: 1
    56: 4
    57: 4
    58: 2
    59: 3
    60: 1
    61: 3
    62: 4
    63: 1
    64: 3
    65: 0
    66: 1
    67: 1
    68: 0
    69: 0
    70: 0
    71: 0
    72: 0
    73: 0
    74: 0
    75: 0
    76: 1
    77: 0
    78: 0
    79: 1
    80: 1
    81: 0
    82: 0
    83: 1
    84: 0
    85: 0
    86: 0
    87: 0
    88: 0
    89: 0
    90: 0
    91: 0
    92: 0
    93: 0
    94: 0
    95: 0
    96: 0
    97: 0
    98: 0
    99: 0
  mem-2: # Memory controller stats
   rd: 2795 # Read requests
   wr: 0 # Write requests
   rdlat: 507216 # Total latency experienced by read requests
   wrlat: 0 # Total latency experienced by write requests
   rdhits: 301 # Read row hits
   wrhits: 0 # Write row hits
   mlh: # latency histogram for memory requests
    0: 0
    1: 0
    2: 0
    3: 0
    4: 0
    5: 0
    6: 0
    7: 0
    8: 0
    9: 0
    10: 0
    11: 4
    12: 14
    13: 1598
    14: 257
    15: 118
    16: 83
    17: 42
    18: 51
    19: 33
    20: 38
    21: 40
    22: 36
    23: 31
    24: 30
    25: 33
    26: 21
    27: 18
    28: 16
    29: 15
    30: 16
    31: 14
    32: 16
    33: 9
    34: 13
    35: 14
    36: 14
    37: 18
    38: 17
    39: 11
    40: 13
    41: 18
    42: 25
    43: 11
    44: 9
    45: 2
    46: 7
    47: 3
    48: 12
    49: 6
    50: 7
    51: 13
    52: 4
    53: 6
    54: 3
    55: 3
    56: 4
    57: 2
    58: 1
    59: 3
    60: 1
    61: 1
    62: 2
    63: 5
    64: 4
    65: 1
    66: 2
    67: 1
    68: 1
    69: 1
    70: 3
    71: 0
    72: 1
    73: 0
    74: 0
    75: 0
    76: 0
    77: 0
    78: 0
    79: 0
    80: 0
    81: 0
    82: 0
    83: 0
    84: 0
    85: 0
    86: 0
    87: 0
    88: 0
    89: 0
    90: 0
    91: 0
    92: 0
    93: 0
    94: 0
    95: 0
    96: 0
    97: 0
    98: 0
    99: 0
  mem-3: # Memory controller stats
   rd: 2795 # Read requests
   wr: 0 # Write requests
   rdlat: 468885 # Total latency experienced by read requests
   wrlat: 0 # Total latency experienced by write requests
   rdhits: 280 # Read row hits
   wrhits: 0 # Write row hits
   mlh: # latency histogram for memory requests
    0: 0
    1: 0
    2: 0
    3: 0
    4: 0
    5: 0
    6: 0
    7: 0
    8: 0
    9: 0
    10: 0
    11: 9
    12: 39
    13: 1709
    14: 262
    15: 93
    16: 86
    17: 50
    18: 54
    19: 26
    20: 39
    21: 37
    22: 26
    23: 22
    24: 28
    25: 25
    26: 23
    27: 15
    28: 23
    29: 20
    30: 14
    31: 16
    32: 17
    33: 7
    34: 11
    35: 7
    36: 11
    37: 7
    38: 5
    39: 12
    40: 9
    41: 13
    42: 10
    43: 6
    44: 8
    45: 8
    46: 4
    47: 7
    48: 3
    49: 5
    50: 4
    51: 5
    52: 2
    53: 3
    54: 1
    55: 1
    56: 4
    57: 2
    58: 0
    59: 0
    60: 3
    61: 2
    62: 1
    63: 0
    64: 0
    65: 0
    66: 0
    67: 0
    68: 0
    69: 0
    70: 1
    71: 0
    72: 0
    73: 0
    74: 0
    75: 0
    76: 0
    77: 0
    78: 0
    79: 0
    80: 0
    81: 0
    82: 0
    83: 0
    84: 0
    85: 0
    86: 0
    87: 0
    88: 0
    89: 0
    90: 0
    91: 0
    92: 0
    93: 0
    94: 0
    95: 0
    96: 0
    97: 0
    98: 0
    99: 0
 sched: # Scheduler stats
  thCr: 9 # Threads created
  thFn: 0 # Threads finished
  schedEvs: 9 # Schedule events
  waitEvs: 1 # Wait events
  handoffEvs: 0 # Handoff events
  sleepEvs: 0 # Sleep events
  idlePhases: 0 # Phases with no thread active
  idlePeriods: 0 # Periods with no thread active
  occHist: # Occupancy histogram
   0: 0
   1: 0
   2: 1
   3: 0
   4: 0
   5: 0
   6: 0
   7: 0
   8: 40171
  rqSzHist: # Run queue size histogram
   0: 40171
   1: 1
   2: 0
   3: 0
   4: 0
   5: 0
   6: 0
   7: 0
   8: 0
   9: 0
   10: 0
   11: 0
   12: 0
   13: 0
   14: 0
   15: 0
   16: 0
 procCycles: # Per-process unhalted core cycles
  0: 3213700085
  1: 0
  2: 0
  3: 0
  4: 0
  5: 0
  6: 0
  7: 0
  8: 0
  9: 0
  10: 0
  11: 0
  12: 0
  13: 0
  14: 0
  15: 0
  16: 0
  17: 0
  18: 0
  19: 0
  20: 0
  21: 0
  22: 0
  23: 0
  24: 0
  25: 0
  26: 0
  27: 0
  28: 0
  29: 0
  30: 0
  31: 0
  32: 0
  33: 0
  34: 0
  35: 0
  36: 0
  37: 0
  38: 0
  39: 0
  40: 0
  41: 0
  42: 0
  43: 0
  44: 0
  45: 0
  46: 0
  47: 0
  48: 0
  49: 0
  50: 0
  51: 0
  52: 0
  53: 0
  54: 0
  55: 0
  56: 0
  57: 0
  58: 0
  59: 0
  60: 0
  61: 0
  62: 0
  63: 0
 procInstrs: # Per-process instructions
  0: 5000014814
  1: 0
  2: 0
  3: 0
  4: 0
  5: 0
  6: 0
  7: 0
  8: 0
  9: 0
  10: 0
  11: 0
  12: 0
  13: 0
  14: 0
  15: 0
  16: 0
  17: 0
  18: 0
  19: 0
  20: 0
  21: 0
  22: 0
  23: 0
  24: 0
  25: 0
  26: 0
  27: 0
  28: 0
  29: 0
  30: 0
  31: 0
  32: 0
  33: 0
  34: 0
  35: 0
  36: 0
  37: 0
  38: 0
  39: 0
  40: 0
  41: 0
  42: 0
  43: 0
  44: 0
  45: 0
  46: 0
  47: 0
  48: 0
  49: 0
  50: 0
  51: 0
  52: 0
  53: 0
  54: 0
  55: 0
  56: 0
  57: 0
  58: 0
  59: 0
  60: 0
  61: 0
  62: 0
  63: 0
 heartbeats: # Per-process heartbeats
  0: 0
  1: 0
  2: 0
  3: 0
  4: 0
  5: 0
  6: 0
  7: 0
  8: 0
  9: 0
  10: 0
  11: 0
  12: 0
  13: 0
  14: 0
  15: 0
  16: 0
  17: 0
  18: 0
  19: 0
  20: 0
  21: 0
  22: 0
  23: 0
  24: 0
  25: 0
  26: 0
  27: 0
  28: 0
  29: 0
  30: 0
  31: 0
  32: 0
  33: 0
  34: 0
  35: 0
  36: 0
  37: 0
  38: 0
  39: 0
  40: 0
  41: 0
  42: 0
  43: 0
  44: 0
  45: 0
  46: 0
  47: 0
  48: 0
  49: 0
  50: 0
  51: 0
  52: 0
  53: 0
  54: 0
  55: 0
  56: 0
  57: 0
  58: 0
  59: 0
  60: 0
  61: 0
  62: 0
  63: 0
===
