# zsim stats
===
root: # Stats
 contention: # Contention simulation stats
  domain-0: # Domain stats
   time: 4697739430 # Weave simulation time
 time: # Simulator time breakdown
  init: 3233126529
  bound: 127283500819
  weave: 8352279951
  ff: 0
 trigger: 20000 # Reason for this stats dump
 phase: 51511 # Simulated phases
 westmere: # Core stats
  westmere-0: # Core stats
   cycles: 445290369 # Simulated unhalted cycles
   cCycles: 17709192 # Cycles due to contention stalls
   instrs: 608920616 # Simulated instructions
   uops: 642579261 # Retired micro-ops
   bbls: 87785283 # Basic blocks
   approxInstrs: 78 # Instrs with approx uop decoding
   mispredBranches: 3968922 # Mispredicted branches
   condBranches: 84538473 # conditional branches
  westmere-1: # Core stats
   cycles: 441946160 # Simulated unhalted cycles
   cCycles: 16284446 # Cycles due to contention stalls
   instrs: 629907034 # Simulated instructions
   uops: 657803653 # Retired micro-ops
   bbls: 90317788 # Basic blocks
   approxInstrs: 23 # Instrs with approx uop decoding
   mispredBranches: 4120054 # Mispredicted branches
   condBranches: 88026091 # conditional branches
  westmere-2: # Core stats
   cycles: 472266965 # Simulated unhalted cycles
   cCycles: 16853778 # Cycles due to contention stalls
   instrs: 662288974 # Simulated instructions
   uops: 696173846 # Retired micro-ops
   bbls: 95144960 # Basic blocks
   approxInstrs: 27 # Instrs with approx uop decoding
   mispredBranches: 4297062 # Mispredicted branches
   condBranches: 92043125 # conditional branches
  westmere-3: # Core stats
   cycles: 402790450 # Simulated unhalted cycles
   cCycles: 17377638 # Cycles due to contention stalls
   instrs: 558761269 # Simulated instructions
   uops: 584702104 # Retired micro-ops
   bbls: 80743470 # Basic blocks
   approxInstrs: 39 # Instrs with approx uop decoding
   mispredBranches: 3612158 # Mispredicted branches
   condBranches: 78394513 # conditional branches
  westmere-4: # Core stats
   cycles: 429533395 # Simulated unhalted cycles
   cCycles: 18212237 # Cycles due to contention stalls
   instrs: 586941564 # Simulated instructions
   uops: 617963742 # Retired micro-ops
   bbls: 84952055 # Basic blocks
   approxInstrs: 34 # Instrs with approx uop decoding
   mispredBranches: 3762026 # Mispredicted branches
   condBranches: 81918752 # conditional branches
  westmere-5: # Core stats
   cycles: 486269465 # Simulated unhalted cycles
   cCycles: 16378909 # Cycles due to contention stalls
   instrs: 671891677 # Simulated instructions
   uops: 710586262 # Retired micro-ops
   bbls: 98082617 # Basic blocks
   approxInstrs: 19 # Instrs with approx uop decoding
   mispredBranches: 4198410 # Mispredicted branches
   condBranches: 93860754 # conditional branches
  westmere-6: # Core stats
   cycles: 515093443 # Simulated unhalted cycles
   cCycles: 16834236 # Cycles due to contention stalls
   instrs: 702401349 # Simulated instructions
   uops: 746972814 # Retired micro-ops
   bbls: 102423762 # Basic blocks
   approxInstrs: 22 # Instrs with approx uop decoding
   mispredBranches: 4374283 # Mispredicted branches
   condBranches: 97414315 # conditional branches
  westmere-7: # Core stats
   cycles: 416598782 # Simulated unhalted cycles
   cCycles: 16988858 # Cycles due to contention stalls
   instrs: 578945713 # Simulated instructions
   uops: 607091589 # Retired micro-ops
   bbls: 83283834 # Basic blocks
   approxInstrs: 26 # Instrs with approx uop decoding
   mispredBranches: 3804422 # Mispredicted branches
   condBranches: 80783091 # conditional branches
 l1i: # Cache stats
  l1i-0: # Filter cache stats
   fhGETS: 121339503 # Filtered GETS hits
   fhGETX: 0 # Filtered GETX hits
   hGETS: 807692 # GETS hits
   hGETX: 0 # GETX hits
   mGETS: 380 # GETS misses
   mGETXIM: 0 # GETX I->M misses
   mGETXSM: 0 # GETX S->M misses (upgrade misses)
   PUTS: 0 # Clean evictions (from lower level)
   PUTX: 0 # Dirty evictions (from lower level)
   INV: 0 # Invalidates (from upper level)
   INVX: 0 # Downgrades (from upper level)
   FWD: 0 # Forwards (from upper level)
   latGETnl: 24260 # GET request latency on next level
   latGETnet: 0 # GET request latency on network to next level
  l1i-1: # Filter cache stats
   fhGETS: 125505686 # Filtered GETS hits
   fhGETX: 0 # Filtered GETX hits
   hGETS: 563341 # GETS hits
   hGETX: 0 # GETX hits
   mGETS: 267 # GETS misses
   mGETXIM: 0 # GETX I->M misses
   mGETXSM: 0 # GETX S->M misses (upgrade misses)
   PUTS: 0 # Clean evictions (from lower level)
   PUTX: 0 # Dirty evictions (from lower level)
   INV: 0 # Invalidates (from upper level)
   INVX: 0 # Downgrades (from upper level)
   FWD: 0 # Forwards (from upper level)
   latGETnl: 12048 # GET request latency on next level
   latGETnet: 0 # GET request latency on network to next level
  l1i-2: # Filter cache stats
   fhGETS: 131749672 # Filtered GETS hits
   fhGETX: 0 # Filtered GETX hits
   hGETS: 764780 # GETS hits
   hGETX: 0 # GETX hits
   mGETS: 271 # GETS misses
   mGETXIM: 0 # GETX I->M misses
   mGETXSM: 0 # GETX S->M misses (upgrade misses)
   PUTS: 0 # Clean evictions (from lower level)
   PUTX: 0 # Dirty evictions (from lower level)
   INV: 0 # Invalidates (from upper level)
   INVX: 0 # Downgrades (from upper level)
   FWD: 0 # Forwards (from upper level)
   latGETnl: 11554 # GET request latency on next level
   latGETnet: 0 # GET request latency on network to next level
  l1i-3: # Filter cache stats
   fhGETS: 111379589 # Filtered GETS hits
   fhGETX: 0 # Filtered GETX hits
   hGETS: 642592 # GETS hits
   hGETX: 0 # GETX hits
   mGETS: 267 # GETS misses
   mGETXIM: 0 # GETX I->M misses
   mGETXSM: 0 # GETX S->M misses (upgrade misses)
   PUTS: 0 # Clean evictions (from lower level)
   PUTX: 0 # Dirty evictions (from lower level)
   INV: 0 # Invalidates (from upper level)
   INVX: 0 # Downgrades (from upper level)
   FWD: 0 # Forwards (from upper level)
   latGETnl: 15918 # GET request latency on next level
   latGETnet: 0 # GET request latency on network to next level
  l1i-4: # Filter cache stats
   fhGETS: 116803398 # Filtered GETS hits
   fhGETX: 0 # Filtered GETX hits
   hGETS: 811638 # GETS hits
   hGETX: 0 # GETX hits
   mGETS: 268 # GETS misses
   mGETXIM: 0 # GETX I->M misses
   mGETXSM: 0 # GETX S->M misses (upgrade misses)
   PUTS: 0 # Clean evictions (from lower level)
   PUTX: 0 # Dirty evictions (from lower level)
   INV: 0 # Invalidates (from upper level)
   INVX: 0 # Downgrades (from upper level)
   FWD: 0 # Forwards (from upper level)
   latGETnl: 11362 # GET request latency on next level
   latGETnet: 0 # GET request latency on network to next level
  l1i-5: # Filter cache stats
   fhGETS: 133496134 # Filtered GETS hits
   fhGETX: 0 # Filtered GETX hits
   hGETS: 1076167 # GETS hits
   hGETX: 0 # GETX hits
   mGETS: 266 # GETS misses
   mGETXIM: 0 # GETX I->M misses
   mGETXSM: 0 # GETX S->M misses (upgrade misses)
   PUTS: 0 # Clean evictions (from lower level)
   PUTX: 0 # Dirty evictions (from lower level)
   INV: 0 # Invalidates (from upper level)
   INVX: 0 # Downgrades (from upper level)
   FWD: 0 # Forwards (from upper level)
   latGETnl: 10664 # GET request latency on next level
   latGETnet: 0 # GET request latency on network to next level
  l1i-6: # Filter cache stats
   fhGETS: 139282455 # Filtered GETS hits
   fhGETX: 0 # Filtered GETX hits
   hGETS: 1268321 # GETS hits
   hGETX: 0 # GETX hits
   mGETS: 250 # GETS misses
   mGETXIM: 0 # GETX I->M misses
   mGETXSM: 0 # GETX S->M misses (upgrade misses)
   PUTS: 0 # Clean evictions (from lower level)
   PUTX: 0 # Dirty evictions (from lower level)
   INV: 0 # Invalidates (from upper level)
   INVX: 0 # Downgrades (from upper level)
   FWD: 0 # Forwards (from upper level)
   latGETnl: 13090 # GET request latency on next level
   latGETnet: 0 # GET request latency on network to next level
  l1i-7: # Filter cache stats
   fhGETS: 115531622 # Filtered GETS hits
   fhGETX: 0 # Filtered GETX hits
   hGETS: 622754 # GETS hits
   hGETX: 0 # GETX hits
   mGETS: 254 # GETS misses
   mGETXIM: 0 # GETX I->M misses
   mGETXSM: 0 # GETX S->M misses (upgrade misses)
   PUTS: 0 # Clean evictions (from lower level)
   PUTX: 0 # Dirty evictions (from lower level)
   INV: 0 # Invalidates (from upper level)
   INVX: 0 # Downgrades (from upper level)
   FWD: 0 # Forwards (from upper level)
   latGETnl: 11966 # GET request latency on next level
   latGETnet: 0 # GET request latency on network to next level
 l1d: # Cache stats
  l1d-0: # Filter cache stats
   fhGETS: 147583878 # Filtered GETS hits
   fhGETX: 23719093 # Filtered GETX hits
   hGETS: 13513764 # GETS hits
   hGETX: 3431460 # GETX hits
   mGETS: 652713 # GETS misses
   mGETXIM: 170802 # GETX I->M misses
   mGETXSM: 7839 # GETX S->M misses (upgrade misses)
   PUTS: 0 # Clean evictions (from lower level)
   PUTX: 0 # Dirty evictions (from lower level)
   INV: 10205 # Invalidates (from upper level)
   INVX: 17746 # Downgrades (from upper level)
   FWD: 0 # Forwards (from upper level)
   latGETnl: 75871428 # GET request latency on next level
   latGETnet: 0 # GET request latency on network to next level
  l1d-1: # Filter cache stats
   fhGETS: 149617971 # Filtered GETS hits
   fhGETX: 22492171 # Filtered GETX hits
   hGETS: 14460829 # GETS hits
   hGETX: 3472049 # GETX hits
   mGETS: 664861 # GETS misses
   mGETXIM: 184351 # GETX I->M misses
   mGETXSM: 28579 # GETX S->M misses (upgrade misses)
   PUTS: 0 # Clean evictions (from lower level)
   PUTX: 0 # Dirty evictions (from lower level)
   INV: 3490 # Invalidates (from upper level)
   INVX: 5481 # Downgrades (from upper level)
   FWD: 0 # Forwards (from upper level)
   latGETnl: 76211667 # GET request latency on next level
   latGETnet: 0 # GET request latency on network to next level
  l1d-2: # Filter cache stats
   fhGETS: 158639814 # Filtered GETS hits
   fhGETX: 24715570 # Filtered GETX hits
   hGETS: 15574705 # GETS hits
   hGETX: 3767622 # GETX hits
   mGETS: 700946 # GETS misses
   mGETXIM: 186894 # GETX I->M misses
   mGETXSM: 26711 # GETX S->M misses (upgrade misses)
   PUTS: 0 # Clean evictions (from lower level)
   PUTX: 0 # Dirty evictions (from lower level)
   INV: 3651 # Invalidates (from upper level)
   INVX: 4546 # Downgrades (from upper level)
   FWD: 0 # Forwards (from upper level)
   latGETnl: 78608824 # GET request latency on next level
   latGETnet: 0 # GET request latency on network to next level
  l1d-3: # Filter cache stats
   fhGETS: 133455680 # Filtered GETS hits
   fhGETX: 20676436 # Filtered GETX hits
   hGETS: 12474783 # GETS hits
   hGETX: 3073011 # GETX hits
   mGETS: 658965 # GETS misses
   mGETXIM: 163481 # GETX I->M misses
   mGETXSM: 12450 # GETX S->M misses (upgrade misses)
   PUTS: 0 # Clean evictions (from lower level)
   PUTX: 0 # Dirty evictions (from lower level)
   INV: 15610 # Invalidates (from upper level)
   INVX: 32675 # Downgrades (from upper level)
   FWD: 0 # Forwards (from upper level)
   latGETnl: 75095812 # GET request latency on next level
   latGETnet: 0 # GET request latency on network to next level
  l1d-4: # Filter cache stats
   fhGETS: 141279141 # Filtered GETS hits
   fhGETX: 22589554 # Filtered GETX hits
   hGETS: 13461799 # GETS hits
   hGETX: 3318490 # GETX hits
   mGETS: 688997 # GETS misses
   mGETXIM: 165398 # GETX I->M misses
   mGETXSM: 10697 # GETX S->M misses (upgrade misses)
   PUTS: 0 # Clean evictions (from lower level)
   PUTX: 0 # Dirty evictions (from lower level)
   INV: 14739 # Invalidates (from upper level)
   INVX: 28688 # Downgrades (from upper level)
   FWD: 0 # Forwards (from upper level)
   latGETnl: 77677029 # GET request latency on next level
   latGETnet: 0 # GET request latency on network to next level
  l1d-5: # Filter cache stats
   fhGETS: 161932745 # Filtered GETS hits
   fhGETX: 27253011 # Filtered GETX hits
   hGETS: 15112518 # GETS hits
   hGETX: 3806416 # GETX hits
   mGETS: 758006 # GETS misses
   mGETXIM: 184476 # GETX I->M misses
   mGETXSM: 38544 # GETX S->M misses (upgrade misses)
   PUTS: 0 # Clean evictions (from lower level)
   PUTX: 0 # Dirty evictions (from lower level)
   INV: 5019 # Invalidates (from upper level)
   INVX: 6238 # Downgrades (from upper level)
   FWD: 0 # Forwards (from upper level)
   latGETnl: 79014629 # GET request latency on next level
   latGETnet: 0 # GET request latency on network to next level
  l1d-6: # Filter cache stats
   fhGETS: 170465928 # Filtered GETS hits
   fhGETX: 29187416 # Filtered GETX hits
   hGETS: 16033403 # GETS hits
   hGETX: 4067919 # GETX hits
   mGETS: 797835 # GETS misses
   mGETXIM: 187020 # GETX I->M misses
   mGETXSM: 38741 # GETX S->M misses (upgrade misses)
   PUTS: 0 # Clean evictions (from lower level)
   PUTX: 0 # Dirty evictions (from lower level)
   INV: 6866 # Invalidates (from upper level)
   INVX: 9682 # Downgrades (from upper level)
   FWD: 0 # Forwards (from upper level)
   latGETnl: 81367122 # GET request latency on next level
   latGETnet: 0 # GET request latency on network to next level
  l1d-7: # Filter cache stats
   fhGETS: 139122324 # Filtered GETS hits
   fhGETX: 21639360 # Filtered GETX hits
   hGETS: 12569583 # GETS hits
   hGETX: 3152733 # GETX hits
   mGETS: 621136 # GETS misses
   mGETXIM: 168394 # GETX I->M misses
   mGETXSM: 6599 # GETX S->M misses (upgrade misses)
   PUTS: 0 # Clean evictions (from lower level)
   PUTX: 0 # Dirty evictions (from lower level)
   INV: 10869 # Invalidates (from upper level)
   INVX: 18935 # Downgrades (from upper level)
   FWD: 0 # Forwards (from upper level)
   latGETnl: 73129907 # GET request latency on next level
   latGETnet: 0 # GET request latency on network to next level
 l2: # Cache stats
  l2-0: # Cache stats
   hGETS: 133576 # GETS hits
   hGETX: 0 # GETX hits
   mGETS: 519517 # GETS misses
   mGETXIM: 170560 # GETX I->M misses
   mGETXSM: 8081 # GETX S->M misses (upgrade misses)
   PUTS: 422649 # Clean evictions (from lower level)
   PUTX: 390170 # Dirty evictions (from lower level)
   INV: 29069 # Invalidates (from upper level)
   INVX: 64787 # Downgrades (from upper level)
   FWD: 0 # Forwards (from upper level)
   latGETnl: 67578348 # GET request latency on next level
   latGETnet: 0 # GET request latency on network to next level
  l2-1: # Cache stats
   hGETS: 128369 # GETS hits
   hGETX: 4 # GETX hits
   mGETS: 536759 # GETS misses
   mGETXIM: 184359 # GETX I->M misses
   mGETXSM: 28567 # GETX S->M misses (upgrade misses)
   PUTS: 445266 # Clean evictions (from lower level)
   PUTX: 399976 # Dirty evictions (from lower level)
   INV: 11983 # Invalidates (from upper level)
   INVX: 15061 # Downgrades (from upper level)
   FWD: 0 # Forwards (from upper level)
   latGETnl: 67443135 # GET request latency on next level
   latGETnet: 0 # GET request latency on network to next level
  l2-2: # Cache stats
   hGETS: 137517 # GETS hits
   hGETX: 4 # GETX hits
   mGETS: 563700 # GETS misses
   mGETXIM: 186894 # GETX I->M misses
   mGETXSM: 26707 # GETX S->M misses (upgrade misses)
   PUTS: 457438 # Clean evictions (from lower level)
   PUTX: 426259 # Dirty evictions (from lower level)
   INV: 8721 # Invalidates (from upper level)
   INVX: 11066 # Downgrades (from upper level)
   FWD: 0 # Forwards (from upper level)
   latGETnl: 69472158 # GET request latency on next level
   latGETnet: 0 # GET request latency on network to next level
  l2-3: # Cache stats
   hGETS: 132099 # GETS hits
   hGETX: 1 # GETX hits
   mGETS: 527133 # GETS misses
   mGETXIM: 163136 # GETX I->M misses
   mGETXSM: 12794 # GETX S->M misses (upgrade misses)
   PUTS: 429322 # Clean evictions (from lower level)
   PUTX: 377030 # Dirty evictions (from lower level)
   INV: 52227 # Invalidates (from upper level)
   INVX: 115321 # Downgrades (from upper level)
   FWD: 0 # Forwards (from upper level)
   latGETnl: 66760100 # GET request latency on next level
   latGETnet: 0 # GET request latency on network to next level
  l2-4: # Cache stats
   hGETS: 137806 # GETS hits
   hGETX: 1 # GETX hits
   mGETS: 551459 # GETS misses
   mGETXIM: 165142 # GETX I->M misses
   mGETXSM: 10952 # GETX S->M misses (upgrade misses)
   PUTS: 439339 # Clean evictions (from lower level)
   PUTX: 399831 # Dirty evictions (from lower level)
   INV: 48062 # Invalidates (from upper level)
   INVX: 108241 # Downgrades (from upper level)
   FWD: 0 # Forwards (from upper level)
   latGETnl: 69034791 # GET request latency on next level
   latGETnet: 0 # GET request latency on network to next level
  l2-5: # Cache stats
   hGETS: 140408 # GETS hits
   hGETX: 4 # GETX hits
   mGETS: 617864 # GETS misses
   mGETXIM: 184486 # GETX I->M misses
   mGETXSM: 38530 # GETX S->M misses (upgrade misses)
   PUTS: 477829 # Clean evictions (from lower level)
   PUTX: 459157 # Dirty evictions (from lower level)
   INV: 13107 # Invalidates (from upper level)
   INVX: 14918 # Downgrades (from upper level)
   FWD: 0 # Forwards (from upper level)
   latGETnl: 69212373 # GET request latency on next level
   latGETnet: 0 # GET request latency on network to next level
  l2-6: # Cache stats
   hGETS: 151825 # GETS hits
   hGETX: 4 # GETX hits
   mGETS: 646260 # GETS misses
   mGETXIM: 187024 # GETX I->M misses
   mGETXSM: 38733 # GETX S->M misses (upgrade misses)
   PUTS: 492976 # Clean evictions (from lower level)
   PUTX: 484534 # Dirty evictions (from lower level)
   INV: 12400 # Invalidates (from upper level)
   INVX: 16548 # Downgrades (from upper level)
   FWD: 0 # Forwards (from upper level)
   latGETnl: 71141752 # GET request latency on next level
   latGETnet: 0 # GET request latency on network to next level
  l2-7: # Cache stats
   hGETS: 132737 # GETS hits
   hGETX: 0 # GETX hits
   mGETS: 488653 # GETS misses
   mGETXIM: 168104 # GETX I->M misses
   mGETXSM: 6889 # GETX S->M misses (upgrade misses)
   PUTS: 411781 # Clean evictions (from lower level)
   PUTX: 366375 # Dirty evictions (from lower level)
   INV: 29573 # Invalidates (from upper level)
   INVX: 65004 # Downgrades (from upper level)
   FWD: 0 # Forwards (from upper level)
   latGETnl: 65178043 # GET request latency on next level
   latGETnet: 0 # GET request latency on network to next level
 l3: # Cache stats
  l3-0b0: # Cache stats
   hGETS: 178760 # GETS hits
   hGETX: 27076 # GETX hits
   mGETS: 377708 # GETS misses
   mGETXIM: 170184 # GETX I->M misses
   mGETXSM: 0 # GETX S->M misses (upgrade misses)
   PUTS: 365319 # Clean evictions (from lower level)
   PUTX: 338014 # Dirty evictions (from lower level)
   INV: 0 # Invalidates (from upper level)
   INVX: 0 # Downgrades (from upper level)
   FWD: 0 # Forwards (from upper level)
   latGETnl: 49310280 # GET request latency on next level
   latGETnet: 0 # GET request latency on network to next level
  l3-0b1: # Cache stats
   hGETS: 179507 # GETS hits
   hGETX: 27443 # GETX hits
   mGETS: 378589 # GETS misses
   mGETXIM: 170261 # GETX I->M misses
   mGETXSM: 0 # GETX S->M misses (upgrade misses)
   PUTS: 367156 # Clean evictions (from lower level)
   PUTX: 337467 # Dirty evictions (from lower level)
   INV: 0 # Invalidates (from upper level)
   INVX: 0 # Downgrades (from upper level)
   FWD: 0 # Forwards (from upper level)
   latGETnl: 49396500 # GET request latency on next level
   latGETnet: 0 # GET request latency on network to next level
  l3-0b2: # Cache stats
   hGETS: 178444 # GETS hits
   hGETX: 28470 # GETX hits
   mGETS: 377608 # GETS misses
   mGETXIM: 170120 # GETX I->M misses
   mGETXSM: 0 # GETX S->M misses (upgrade misses)
   PUTS: 364570 # Clean evictions (from lower level)
   PUTX: 336968 # Dirty evictions (from lower level)
   INV: 0 # Invalidates (from upper level)
   INVX: 0 # Downgrades (from upper level)
   FWD: 0 # Forwards (from upper level)
   latGETnl: 49295520 # GET request latency on next level
   latGETnet: 0 # GET request latency on network to next level
  l3-0b3: # Cache stats
   hGETS: 179101 # GETS hits
   hGETX: 27434 # GETX hits
   mGETS: 378067 # GETS misses
   mGETXIM: 170288 # GETX I->M misses
   mGETXSM: 0 # GETX S->M misses (upgrade misses)
   PUTS: 365879 # Clean evictions (from lower level)
   PUTX: 337866 # Dirty evictions (from lower level)
   INV: 0 # Invalidates (from upper level)
   INVX: 0 # Downgrades (from upper level)
   FWD: 0 # Forwards (from upper level)
   latGETnl: 49351950 # GET request latency on next level
   latGETnet: 0 # GET request latency on network to next level
  l3-0b4: # Cache stats
   hGETS: 178056 # GETS hits
   hGETX: 27277 # GETX hits
   mGETS: 378173 # GETS misses
   mGETXIM: 170242 # GETX I->M misses
   mGETXSM: 0 # GETX S->M misses (upgrade misses)
   PUTS: 365761 # Clean evictions (from lower level)
   PUTX: 336849 # Dirty evictions (from lower level)
   INV: 0 # Invalidates (from upper level)
   INVX: 0 # Downgrades (from upper level)
   FWD: 0 # Forwards (from upper level)
   latGETnl: 49357350 # GET request latency on next level
   latGETnet: 0 # GET request latency on network to next level
  l3-0b5: # Cache stats
   hGETS: 177556 # GETS hits
   hGETX: 27495 # GETX hits
   mGETS: 377488 # GETS misses
   mGETXIM: 170176 # GETX I->M misses
   mGETXSM: 0 # GETX S->M misses (upgrade misses)
   PUTS: 364166 # Clean evictions (from lower level)
   PUTX: 337284 # Dirty evictions (from lower level)
   INV: 0 # Invalidates (from upper level)
   INVX: 0 # Downgrades (from upper level)
   FWD: 0 # Forwards (from upper level)
   latGETnl: 49289760 # GET request latency on next level
   latGETnet: 0 # GET request latency on network to next level
  l3-0b6: # Cache stats
   hGETS: 178192 # GETS hits
   hGETX: 26970 # GETX hits
   mGETS: 378339 # GETS misses
   mGETXIM: 170240 # GETX I->M misses
   mGETXSM: 0 # GETX S->M misses (upgrade misses)
   PUTS: 365874 # Clean evictions (from lower level)
   PUTX: 337652 # Dirty evictions (from lower level)
   INV: 0 # Invalidates (from upper level)
   INVX: 0 # Downgrades (from upper level)
   FWD: 0 # Forwards (from upper level)
   latGETnl: 49372110 # GET request latency on next level
   latGETnet: 0 # GET request latency on network to next level
  l3-0b7: # Cache stats
   hGETS: 177891 # GETS hits
   hGETX: 27118 # GETX hits
   mGETS: 377866 # GETS misses
   mGETXIM: 170164 # GETX I->M misses
   mGETXSM: 0 # GETX S->M misses (upgrade misses)
   PUTS: 365470 # Clean evictions (from lower level)
   PUTX: 337087 # Dirty evictions (from lower level)
   INV: 0 # Invalidates (from upper level)
   INVX: 0 # Downgrades (from upper level)
   FWD: 0 # Forwards (from upper level)
   latGETnl: 49322700 # GET request latency on next level
   latGETnet: 0 # GET request latency on network to next level
 mem: # Memory controller stats
  mem-0: # Memory controller stats
   rd: 1097341 # Read requests
   wr: 566164 # Write requests
   rdlat: 165036569 # Total latency experienced by read requests
   wrlat: 128428033 # Total latency experienced by write requests
   rdhits: 16955 # Read row hits
   wrhits: 6515 # Write row hits
   mlh: # latency histogram for memory requests
    0: 0
    1: 0
    2: 0
    3: 0
    4: 0
    5: 0
    6: 0
    7: 0
    8: 0
    9: 0
    10: 0
    11: 900
    12: 1121
    13: 775354
    14: 93362
    15: 66259
    16: 39020
    17: 14519
    18: 10517
    19: 10366
    20: 9371
    21: 8241
    22: 6417
    23: 5944
    24: 5627
    25: 4011
    26: 2501
    27: 2304
    28: 2186
    29: 2041
    30: 1934
    31: 2057
    32: 2255
    33: 2211
    34: 2299
    35: 2333
    36: 2400
    37: 2452
    38: 2387
    39: 2167
    40: 2202
    41: 2066
    42: 1835
    43: 1472
    44: 1253
    45: 1090
    46: 949
    47: 787
    48: 585
    49: 367
    50: 297
    51: 218
    52: 152
    53: 133
    54: 134
    55: 111
    56: 72
    57: 60
    58: 54
    59: 52
    60: 60
    61: 48
    62: 41
    63: 48
    64: 47
    65: 69
    66: 48
    67: 39
    68: 43
    69: 47
    70: 22
    71: 32
    72: 28
    73: 30
    74: 39
    75: 34
    76: 59
    77: 35
    78: 36
    79: 16
    80: 12
    81: 8
    82: 11
    83: 7
    84: 7
    85: 9
    86: 6
    87: 2
    88: 2
    89: 0
    90: 1
    91: 3
    92: 1
    93: 0
    94: 2
    95: 0
    96: 0
    97: 1
    98: 0
    99: 3
  mem-1: # Memory controller stats
   rd: 1095999 # Read requests
   wr: 567399 # Write requests
   rdlat: 164695424 # Total latency experienced by read requests
   wrlat: 128552523 # Total latency experienced by write requests
   rdhits: 17081 # Read row hits
   wrhits: 6362 # Write row hits
   mlh: # latency histogram for memory requests
    0: 0
    1: 0
    2: 0
    3: 0
    4: 0
    5: 0
    6: 0
    7: 0
    8: 0
    9: 0
    10: 0
    11: 875
    12: 1155
    13: 773697
    14: 92708
    15: 66526
    16: 39517
    17: 14784
    18: 10606
    19: 10552
    20: 9643
    21: 8381
    22: 6572
    23: 6018
    24: 5546
    25: 3870
    26: 2450
    27: 2364
    28: 2138
    29: 2115
    30: 2082
    31: 2201
    32: 2203
    33: 2211
    34: 2264
    35: 2290
    36: 2367
    37: 2374
    38: 2295
    39: 2136
    40: 2043
    41: 1976
    42: 1716
    43: 1432
    44: 1157
    45: 975
    46: 871
    47: 732
    48: 521
    49: 359
    50: 292
    51: 218
    52: 207
    53: 142
    54: 115
    55: 103
    56: 92
    57: 70
    58: 62
    59: 64
    60: 46
    61: 42
    62: 39
    63: 59
    64: 61
    65: 63
    66: 55
    67: 40
    68: 41
    69: 42
    70: 31
    71: 31
    72: 41
    73: 36
    74: 23
    75: 33
    76: 21
    77: 39
    78: 26
    79: 15
    80: 17
    81: 29
    82: 21
    83: 20
    84: 11
    85: 7
    86: 4
    87: 2
    88: 3
    89: 4
    90: 6
    91: 1
    92: 0
    93: 1
    94: 0
    95: 1
    96: 0
    97: 0
    98: 0
    99: 1
  mem-2: # Memory controller stats
   rd: 1097030 # Read requests
   wr: 566148 # Write requests
   rdlat: 164807742 # Total latency experienced by read requests
   wrlat: 128205818 # Total latency experienced by write requests
   rdhits: 16698 # Read row hits
   wrhits: 6440 # Write row hits
   mlh: # latency histogram for memory requests
    0: 0
    1: 0
    2: 0
    3: 0
    4: 0
    5: 0
    6: 0
    7: 0
    8: 0
    9: 0
    10: 0
    11: 863
    12: 1109
    13: 774871
    14: 93207
    15: 66769
    16: 39694
    17: 14472
    18: 10463
    19: 10678
    20: 9348
    21: 8425
    22: 6531
    23: 5870
    24: 5621
    25: 3918
    26: 2450
    27: 2342
    28: 2106
    29: 2044
    30: 2008
    31: 2193
    32: 2160
    33: 2236
    34: 2244
    35: 2291
    36: 2241
    37: 2271
    38: 2185
    39: 2105
    40: 1987
    41: 1946
    42: 1733
    43: 1445
    44: 1197
    45: 984
    46: 866
    47: 762
    48: 587
    49: 416
    50: 361
    51: 243
    52: 166
    53: 136
    54: 137
    55: 101
    56: 90
    57: 56
    58: 59
    59: 53
    60: 55
    61: 45
    62: 55
    63: 45
    64: 68
    65: 61
    66: 55
    67: 60
    68: 46
    69: 44
    70: 36
    71: 33
    72: 39
    73: 32
    74: 28
    75: 35
    76: 33
    77: 40
    78: 34
    79: 39
    80: 15
    81: 18
    82: 17
    83: 11
    84: 10
    85: 5
    86: 9
    87: 6
    88: 1
    89: 4
    90: 0
    91: 3
    92: 4
    93: 0
    94: 1
    95: 1
    96: 0
    97: 0
    98: 0
    99: 2
  mem-3: # Memory controller stats
   rd: 1095141 # Read requests
   wr: 566423 # Write requests
   rdlat: 164832148 # Total latency experienced by read requests
   wrlat: 128439324 # Total latency experienced by write requests
   rdhits: 17114 # Read row hits
   wrhits: 6381 # Write row hits
   mlh: # latency histogram for memory requests
    0: 0
    1: 0
    2: 0
    3: 0
    4: 0
    5: 0
    6: 0
    7: 0
    8: 0
    9: 0
    10: 0
    11: 837
    12: 1139
    13: 771613
    14: 93612
    15: 66702
    16: 39598
    17: 14933
    18: 10448
    19: 10384
    20: 9373
    21: 8174
    22: 6429
    23: 5956
    24: 5634
    25: 3979
    26: 2471
    27: 2192
    28: 2182
    29: 2172
    30: 2056
    31: 2221
    32: 2298
    33: 2391
    34: 2406
    35: 2254
    36: 2385
    37: 2380
    38: 2226
    39: 2002
    40: 1987
    41: 1970
    42: 1737
    43: 1591
    44: 1298
    45: 1061
    46: 845
    47: 794
    48: 572
    49: 373
    50: 304
    51: 278
    52: 191
    53: 197
    54: 125
    55: 118
    56: 83
    57: 61
    58: 53
    59: 50
    60: 44
    61: 38
    62: 50
    63: 49
    64: 48
    65: 55
    66: 52
    67: 38
    68: 44
    69: 43
    70: 52
    71: 42
    72: 48
    73: 57
    74: 43
    75: 46
    76: 35
    77: 28
    78: 28
    79: 21
    80: 24
    81: 29
    82: 23
    83: 13
    84: 12
    85: 13
    86: 8
    87: 3
    88: 7
    89: 4
    90: 5
    91: 3
    92: 0
    93: 0
    94: 0
    95: 0
    96: 0
    97: 1
    98: 0
    99: 0
 sched: # Scheduler stats
  thCr: 9 # Threads created
  thFn: 0 # Threads finished
  schedEvs: 9 # Schedule events
  waitEvs: 1 # Wait events
  handoffEvs: 0 # Handoff events
  sleepEvs: 0 # Sleep events
  idlePhases: 0 # Phases with no thread active
  idlePeriods: 0 # Periods with no thread active
  occHist: # Occupancy histogram
   0: 0
   1: 1
   2: 0
   3: 0
   4: 0
   5: 0
   6: 0
   7: 0
   8: 51510
  rqSzHist: # Run queue size histogram
   0: 51511
   1: 0
   2: 0
   3: 0
   4: 0
   5: 0
   6: 0
   7: 0
   8: 0
   9: 0
   10: 0
   11: 0
   12: 0
   13: 0
   14: 0
   15: 0
   16: 0
 procCycles: # Per-process unhalted core cycles
  0: 3609789029
  1: 0
  2: 0
  3: 0
  4: 0
  5: 0
  6: 0
  7: 0
  8: 0
  9: 0
  10: 0
  11: 0
  12: 0
  13: 0
  14: 0
  15: 0
  16: 0
  17: 0
  18: 0
  19: 0
  20: 0
  21: 0
  22: 0
  23: 0
  24: 0
  25: 0
  26: 0
  27: 0
  28: 0
  29: 0
  30: 0
  31: 0
  32: 0
  33: 0
  34: 0
  35: 0
  36: 0
  37: 0
  38: 0
  39: 0
  40: 0
  41: 0
  42: 0
  43: 0
  44: 0
  45: 0
  46: 0
  47: 0
  48: 0
  49: 0
  50: 0
  51: 0
  52: 0
  53: 0
  54: 0
  55: 0
  56: 0
  57: 0
  58: 0
  59: 0
  60: 0
  61: 0
  62: 0
  63: 0
 procInstrs: # Per-process instructions
  0: 5000058196
  1: 0
  2: 0
  3: 0
  4: 0
  5: 0
  6: 0
  7: 0
  8: 0
  9: 0
  10: 0
  11: 0
  12: 0
  13: 0
  14: 0
  15: 0
  16: 0
  17: 0
  18: 0
  19: 0
  20: 0
  21: 0
  22: 0
  23: 0
  24: 0
  25: 0
  26: 0
  27: 0
  28: 0
  29: 0
  30: 0
  31: 0
  32: 0
  33: 0
  34: 0
  35: 0
  36: 0
  37: 0
  38: 0
  39: 0
  40: 0
  41: 0
  42: 0
  43: 0
  44: 0
  45: 0
  46: 0
  47: 0
  48: 0
  49: 0
  50: 0
  51: 0
  52: 0
  53: 0
  54: 0
  55: 0
  56: 0
  57: 0
  58: 0
  59: 0
  60: 0
  61: 0
  62: 0
  63: 0
 heartbeats: # Per-process heartbeats
  0: 0
  1: 0
  2: 0
  3: 0
  4: 0
  5: 0
  6: 0
  7: 0
  8: 0
  9: 0
  10: 0
  11: 0
  12: 0
  13: 0
  14: 0
  15: 0
  16: 0
  17: 0
  18: 0
  19: 0
  20: 0
  21: 0
  22: 0
  23: 0
  24: 0
  25: 0
  26: 0
  27: 0
  28: 0
  29: 0
  30: 0
  31: 0
  32: 0
  33: 0
  34: 0
  35: 0
  36: 0
  37: 0
  38: 0
  39: 0
  40: 0
  41: 0
  42: 0
  43: 0
  44: 0
  45: 0
  46: 0
  47: 0
  48: 0
  49: 0
  50: 0
  51: 0
  52: 0
  53: 0
  54: 0
  55: 0
  56: 0
  57: 0
  58: 0
  59: 0
  60: 0
  61: 0
  62: 0
  63: 0
===
