# zsim stats
===
root: # Stats
 contention: # Contention simulation stats
  domain-0: # Domain stats
   time: 2463889638 # Weave simulation time
 time: # Simulator time breakdown
  init: 215687086
  bound: 39613731489
  weave: 4806601950
  ff: 0
 trigger: 20000 # Reason for this stats dump
 phase: 60439 # Simulated phases
 westmere: # Core stats
  westmere-0: # Core stats
   cycles: 595006984 # Simulated unhalted cycles
   cCycles: 41916432 # Cycles due to contention stalls
   instrs: 712060472 # Simulated instructions
   uops: 866638611 # Retired micro-ops
   bbls: 55049032 # Basic blocks
   approxInstrs: 74979 # Instrs with approx uop decoding
   mispredBranches: 265186 # Mispredicted branches
   condBranches: 34598122 # conditional branches
  westmere-1: # Core stats
   cycles: 535276168 # Simulated unhalted cycles
   cCycles: 33965585 # Cycles due to contention stalls
   instrs: 623178966 # Simulated instructions
   uops: 742726332 # Retired micro-ops
   bbls: 42475134 # Basic blocks
   approxInstrs: 6567 # Instrs with approx uop decoding
   mispredBranches: 262310 # Mispredicted branches
   condBranches: 33912544 # conditional branches
  westmere-2: # Core stats
   cycles: 526549252 # Simulated unhalted cycles
   cCycles: 35461122 # Cycles due to contention stalls
   instrs: 607022233 # Simulated instructions
   uops: 723800999 # Retired micro-ops
   bbls: 39683684 # Basic blocks
   approxInstrs: 74797 # Instrs with approx uop decoding
   mispredBranches: 261298 # Mispredicted branches
   condBranches: 31812488 # conditional branches
  westmere-3: # Core stats
   cycles: 526262282 # Simulated unhalted cycles
   cCycles: 35714974 # Cycles due to contention stalls
   instrs: 602024172 # Simulated instructions
   uops: 718780527 # Retired micro-ops
   bbls: 38573913 # Basic blocks
   approxInstrs: 74793 # Instrs with approx uop decoding
   mispredBranches: 268869 # Mispredicted branches
   condBranches: 30712563 # conditional branches
  westmere-4: # Core stats
   cycles: 526370090 # Simulated unhalted cycles
   cCycles: 34985723 # Cycles due to contention stalls
   instrs: 606303480 # Simulated instructions
   uops: 723124505 # Retired micro-ops
   bbls: 39529605 # Basic blocks
   approxInstrs: 74912 # Instrs with approx uop decoding
   mispredBranches: 265319 # Mispredicted branches
   condBranches: 31654691 # conditional branches
  westmere-5: # Core stats
   cycles: 526254330 # Simulated unhalted cycles
   cCycles: 32889236 # Cycles due to contention stalls
   instrs: 624111645 # Simulated instructions
   uops: 740956739 # Retired micro-ops
   bbls: 43483424 # Basic blocks
   approxInstrs: 74680 # Instrs with approx uop decoding
   mispredBranches: 261165 # Mispredicted branches
   condBranches: 35602549 # conditional branches
  westmere-6: # Core stats
   cycles: 526295884 # Simulated unhalted cycles
   cCycles: 34266105 # Cycles due to contention stalls
   instrs: 616990409 # Simulated instructions
   uops: 733861255 # Retired micro-ops
   bbls: 41903996 # Basic blocks
   approxInstrs: 74749 # Instrs with approx uop decoding
   mispredBranches: 264993 # Mispredicted branches
   condBranches: 34021392 # conditional branches
  westmere-7: # Core stats
   cycles: 526285542 # Simulated unhalted cycles
   cCycles: 34992705 # Cycles due to contention stalls
   instrs: 608356777 # Simulated instructions
   uops: 725258849 # Retired micro-ops
   bbls: 39991695 # Basic blocks
   approxInstrs: 74924 # Instrs with approx uop decoding
   mispredBranches: 261051 # Mispredicted branches
   condBranches: 32101442 # conditional branches
 l1i: # Cache stats
  l1i-0: # Filter cache stats
   fhGETS: 90637189 # Filtered GETS hits
   fhGETX: 0 # Filtered GETX hits
   hGETS: 13182 # GETS hits
   hGETX: 0 # GETX hits
   mGETS: 22186 # GETS misses
   mGETXIM: 0 # GETX I->M misses
   mGETXSM: 0 # GETX S->M misses (upgrade misses)
   PUTS: 0 # Clean evictions (from lower level)
   PUTX: 0 # Dirty evictions (from lower level)
   INV: 22100 # Invalidates (from upper level)
   INVX: 2564 # Downgrades (from upper level)
   FWD: 0 # Forwards (from upper level)
   latGETnl: 1040165 # GET request latency on next level
   latGETnet: 0 # GET request latency on network to next level
  l1i-1: # Filter cache stats
   fhGETS: 78091572 # Filtered GETS hits
   fhGETX: 0 # Filtered GETX hits
   hGETS: 20209 # GETS hits
   hGETX: 0 # GETX hits
   mGETS: 38893 # GETS misses
   mGETXIM: 0 # GETX I->M misses
   mGETXSM: 0 # GETX S->M misses (upgrade misses)
   PUTS: 0 # Clean evictions (from lower level)
   PUTX: 0 # Dirty evictions (from lower level)
   INV: 38803 # Invalidates (from upper level)
   INVX: 2791 # Downgrades (from upper level)
   FWD: 0 # Forwards (from upper level)
   latGETnl: 3190881 # GET request latency on next level
   latGETnet: 0 # GET request latency on network to next level
  l1i-2: # Filter cache stats
   fhGETS: 75247380 # Filtered GETS hits
   fhGETX: 0 # Filtered GETX hits
   hGETS: 13093 # GETS hits
   hGETX: 0 # GETX hits
   mGETS: 21801 # GETS misses
   mGETXIM: 0 # GETX I->M misses
   mGETXSM: 0 # GETX S->M misses (upgrade misses)
   PUTS: 0 # Clean evictions (from lower level)
   PUTX: 0 # Dirty evictions (from lower level)
   INV: 21726 # Invalidates (from upper level)
   INVX: 3001 # Downgrades (from upper level)
   FWD: 0 # Forwards (from upper level)
   latGETnl: 1044105 # GET request latency on next level
   latGETnet: 0 # GET request latency on network to next level
  l1i-3: # Filter cache stats
   fhGETS: 74175890 # Filtered GETS hits
   fhGETX: 0 # Filtered GETX hits
   hGETS: 12247 # GETS hits
   hGETX: 0 # GETX hits
   mGETS: 21807 # GETS misses
   mGETXIM: 0 # GETX I->M misses
   mGETXSM: 0 # GETX S->M misses (upgrade misses)
   PUTS: 0 # Clean evictions (from lower level)
   PUTX: 0 # Dirty evictions (from lower level)
   INV: 21732 # Invalidates (from upper level)
   INVX: 2257 # Downgrades (from upper level)
   FWD: 0 # Forwards (from upper level)
   latGETnl: 973455 # GET request latency on next level
   latGETnet: 0 # GET request latency on network to next level
  l1i-4: # Filter cache stats
   fhGETS: 75113719 # Filtered GETS hits
   fhGETX: 0 # Filtered GETX hits
   hGETS: 12309 # GETS hits
   hGETX: 0 # GETX hits
   mGETS: 21793 # GETS misses
   mGETXIM: 0 # GETX I->M misses
   mGETXSM: 0 # GETX S->M misses (upgrade misses)
   PUTS: 0 # Clean evictions (from lower level)
   PUTX: 0 # Dirty evictions (from lower level)
   INV: 21718 # Invalidates (from upper level)
   INVX: 2438 # Downgrades (from upper level)
   FWD: 0 # Forwards (from upper level)
   latGETnl: 992483 # GET request latency on next level
   latGETnet: 0 # GET request latency on network to next level
  l1i-5: # Filter cache stats
   fhGETS: 79045982 # Filtered GETS hits
   fhGETX: 0 # Filtered GETX hits
   hGETS: 13930 # GETS hits
   hGETX: 0 # GETX hits
   mGETS: 21742 # GETS misses
   mGETXIM: 0 # GETX I->M misses
   mGETXSM: 0 # GETX S->M misses (upgrade misses)
   PUTS: 0 # Clean evictions (from lower level)
   PUTX: 0 # Dirty evictions (from lower level)
   INV: 21667 # Invalidates (from upper level)
   INVX: 4510 # Downgrades (from upper level)
   FWD: 0 # Forwards (from upper level)
   latGETnl: 1175586 # GET request latency on next level
   latGETnet: 0 # GET request latency on network to next level
  l1i-6: # Filter cache stats
   fhGETS: 77487672 # Filtered GETS hits
   fhGETX: 0 # Filtered GETX hits
   hGETS: 12317 # GETS hits
   hGETX: 0 # GETX hits
   mGETS: 21792 # GETS misses
   mGETXIM: 0 # GETX I->M misses
   mGETXSM: 0 # GETX S->M misses (upgrade misses)
   PUTS: 0 # Clean evictions (from lower level)
   PUTX: 0 # Dirty evictions (from lower level)
   INV: 21717 # Invalidates (from upper level)
   INVX: 2387 # Downgrades (from upper level)
   FWD: 0 # Forwards (from upper level)
   latGETnl: 988825 # GET request latency on next level
   latGETnet: 0 # GET request latency on network to next level
  l1i-7: # Filter cache stats
   fhGETS: 75554862 # Filtered GETS hits
   fhGETX: 0 # Filtered GETX hits
   hGETS: 11934 # GETS hits
   hGETX: 0 # GETX hits
   mGETS: 21811 # GETS misses
   mGETXIM: 0 # GETX I->M misses
   mGETXSM: 0 # GETX S->M misses (upgrade misses)
   PUTS: 0 # Clean evictions (from lower level)
   PUTX: 0 # Dirty evictions (from lower level)
   INV: 21736 # Invalidates (from upper level)
   INVX: 2005 # Downgrades (from upper level)
   FWD: 0 # Forwards (from upper level)
   latGETnl: 948493 # GET request latency on next level
   latGETnet: 0 # GET request latency on network to next level
 l1d: # Cache stats
  l1d-0: # Filter cache stats
   fhGETS: 251152466 # Filtered GETS hits
   fhGETX: 25266345 # Filtered GETX hits
   hGETS: 30297761 # GETS hits
   hGETX: 392831 # GETX hits
   mGETS: 8886310 # GETS misses
   mGETXIM: 174212 # GETX I->M misses
   mGETXSM: 484468 # GETX S->M misses (upgrade misses)
   PUTS: 0 # Clean evictions (from lower level)
   PUTX: 0 # Dirty evictions (from lower level)
   INV: 512375 # Invalidates (from upper level)
   INVX: 501866 # Downgrades (from upper level)
   FWD: 0 # Forwards (from upper level)
   latGETnl: 461748909 # GET request latency on next level
   latGETnet: 0 # GET request latency on network to next level
  l1d-1: # Filter cache stats
   fhGETS: 227144092 # Filtered GETS hits
   fhGETX: 7743433 # Filtered GETX hits
   hGETS: 30145782 # GETS hits
   hGETX: 260815 # GETX hits
   mGETS: 9018280 # GETS misses
   mGETXIM: 35330 # GETX I->M misses
   mGETXSM: 503900 # GETX S->M misses (upgrade misses)
   PUTS: 0 # Clean evictions (from lower level)
   PUTX: 0 # Dirty evictions (from lower level)
   INV: 515857 # Invalidates (from upper level)
   INVX: 504982 # Downgrades (from upper level)
   FWD: 0 # Forwards (from upper level)
   latGETnl: 439092385 # GET request latency on next level
   latGETnet: 0 # GET request latency on network to next level
  l1d-2: # Filter cache stats
   fhGETS: 222673148 # Filtered GETS hits
   fhGETX: 5415454 # Filtered GETX hits
   hGETS: 29613802 # GETS hits
   hGETX: 153862 # GETX hits
   mGETS: 8882851 # GETS misses
   mGETXIM: 34577 # GETX I->M misses
   mGETXSM: 486343 # GETX S->M misses (upgrade misses)
   PUTS: 0 # Clean evictions (from lower level)
   PUTX: 0 # Dirty evictions (from lower level)
   INV: 516883 # Invalidates (from upper level)
   INVX: 508485 # Downgrades (from upper level)
   FWD: 0 # Forwards (from upper level)
   latGETnl: 440565362 # GET request latency on next level
   latGETnet: 0 # GET request latency on network to next level
  l1d-3: # Filter cache stats
   fhGETS: 220711738 # Filtered GETS hits
   fhGETX: 4869620 # Filtered GETX hits
   hGETS: 29904432 # GETS hits
   hGETX: 153644 # GETX hits
   mGETS: 8877410 # GETS misses
   mGETXIM: 34231 # GETX I->M misses
   mGETXSM: 482091 # GETX S->M misses (upgrade misses)
   PUTS: 0 # Clean evictions (from lower level)
   PUTX: 0 # Dirty evictions (from lower level)
   INV: 510154 # Invalidates (from upper level)
   INVX: 500437 # Downgrades (from upper level)
   FWD: 0 # Forwards (from upper level)
   latGETnl: 442217154 # GET request latency on next level
   latGETnet: 0 # GET request latency on network to next level
  l1d-4: # Filter cache stats
   fhGETS: 222361090 # Filtered GETS hits
   fhGETX: 5345063 # Filtered GETX hits
   hGETS: 29673688 # GETS hits
   hGETX: 162724 # GETX hits
   mGETS: 8875656 # GETS misses
   mGETXIM: 34628 # GETX I->M misses
   mGETXSM: 481889 # GETX S->M misses (upgrade misses)
   PUTS: 0 # Clean evictions (from lower level)
   PUTX: 0 # Dirty evictions (from lower level)
   INV: 510062 # Invalidates (from upper level)
   INVX: 498095 # Downgrades (from upper level)
   FWD: 0 # Forwards (from upper level)
   latGETnl: 439527834 # GET request latency on next level
   latGETnet: 0 # GET request latency on network to next level
  l1d-5: # Filter cache stats
   fhGETS: 228049020 # Filtered GETS hits
   fhGETX: 7331439 # Filtered GETX hits
   hGETS: 29919528 # GETS hits
   hGETX: 149391 # GETX hits
   mGETS: 8882508 # GETS misses
   mGETXIM: 34615 # GETX I->M misses
   mGETXSM: 485785 # GETX S->M misses (upgrade misses)
   PUTS: 0 # Clean evictions (from lower level)
   PUTX: 0 # Dirty evictions (from lower level)
   INV: 515250 # Invalidates (from upper level)
   INVX: 507912 # Downgrades (from upper level)
   FWD: 0 # Forwards (from upper level)
   latGETnl: 431305932 # GET request latency on next level
   latGETnet: 0 # GET request latency on network to next level
  l1d-6: # Filter cache stats
   fhGETS: 225954522 # Filtered GETS hits
   fhGETX: 6535857 # Filtered GETX hits
   hGETS: 29625544 # GETS hits
   hGETX: 159791 # GETX hits
   mGETS: 8882302 # GETS misses
   mGETXIM: 34300 # GETX I->M misses
   mGETXSM: 487954 # GETX S->M misses (upgrade misses)
   PUTS: 0 # Clean evictions (from lower level)
   PUTX: 0 # Dirty evictions (from lower level)
   INV: 515485 # Invalidates (from upper level)
   INVX: 502891 # Downgrades (from upper level)
   FWD: 0 # Forwards (from upper level)
   latGETnl: 435080103 # GET request latency on next level
   latGETnet: 0 # GET request latency on network to next level
  l1d-7: # Filter cache stats
   fhGETS: 223118114 # Filtered GETS hits
   fhGETX: 5593720 # Filtered GETX hits
   hGETS: 29579253 # GETS hits
   hGETX: 151470 # GETX hits
   mGETS: 8879933 # GETS misses
   mGETXIM: 34454 # GETX I->M misses
   mGETXSM: 486530 # GETX S->M misses (upgrade misses)
   PUTS: 0 # Clean evictions (from lower level)
   PUTX: 0 # Dirty evictions (from lower level)
   INV: 515192 # Invalidates (from upper level)
   INVX: 500903 # Downgrades (from upper level)
   FWD: 0 # Forwards (from upper level)
   latGETnl: 439248917 # GET request latency on next level
   latGETnet: 0 # GET request latency on network to next level
 l2: # Cache stats
  l2-0: # Cache stats
   hGETS: 23161 # GETS hits
   hGETX: 5315 # GETX hits
   mGETS: 8885335 # GETS misses
   mGETXIM: 171059 # GETX I->M misses
   mGETXSM: 482306 # GETX S->M misses (upgrade misses)
   PUTS: 8363706 # Clean evictions (from lower level)
   PUTX: 191738 # Dirty evictions (from lower level)
   INV: 661113 # Invalidates (from upper level)
   INVX: 673484 # Downgrades (from upper level)
   FWD: 0 # Forwards (from upper level)
   latGETnl: 367117314 # GET request latency on next level
   latGETnet: 0 # GET request latency on network to next level
  l2-1: # Cache stats
   hGETS: 66873 # GETS hits
   hGETX: 3152 # GETX hits
   mGETS: 8990300 # GETS misses
   mGETXIM: 34292 # GETX I->M misses
   mGETXSM: 501786 # GETX S->M misses (upgrade misses)
   PUTS: 8418401 # Clean evictions (from lower level)
   PUTX: 126784 # Dirty evictions (from lower level)
   INV: 652356 # Invalidates (from upper level)
   INVX: 667545 # Downgrades (from upper level)
   FWD: 0 # Forwards (from upper level)
   latGETnl: 346319236 # GET request latency on next level
   latGETnet: 0 # GET request latency on network to next level
  l2-2: # Cache stats
   hGETS: 26071 # GETS hits
   hGETX: 4948 # GETX hits
   mGETS: 8878581 # GETS misses
   mGETXIM: 31753 # GETX I->M misses
   mGETXSM: 484219 # GETX S->M misses (upgrade misses)
   PUTS: 8365582 # Clean evictions (from lower level)
   PUTX: 42477 # Dirty evictions (from lower level)
   INV: 650141 # Invalidates (from upper level)
   INVX: 682753 # Downgrades (from upper level)
   FWD: 0 # Forwards (from upper level)
   latGETnl: 347353747 # GET request latency on next level
   latGETnet: 0 # GET request latency on network to next level
  l2-3: # Cache stats
   hGETS: 25984 # GETS hits
   hGETX: 6046 # GETX hits
   mGETS: 8873233 # GETS misses
   mGETXIM: 30080 # GETX I->M misses
   mGETXSM: 480196 # GETX S->M misses (upgrade misses)
   PUTS: 8366343 # Clean evictions (from lower level)
   PUTX: 42881 # Dirty evictions (from lower level)
   INV: 641640 # Invalidates (from upper level)
   INVX: 662924 # Downgrades (from upper level)
   FWD: 0 # Forwards (from upper level)
   latGETnl: 349035219 # GET request latency on next level
   latGETnet: 0 # GET request latency on network to next level
  l2-4: # Cache stats
   hGETS: 20924 # GETS hits
   hGETX: 4684 # GETX hits
   mGETS: 8876525 # GETS misses
   mGETXIM: 31815 # GETX I->M misses
   mGETXSM: 480018 # GETX S->M misses (upgrade misses)
   PUTS: 8364749 # Clean evictions (from lower level)
   PUTX: 42892 # Dirty evictions (from lower level)
   INV: 650842 # Invalidates (from upper level)
   INVX: 661584 # Downgrades (from upper level)
   FWD: 0 # Forwards (from upper level)
   latGETnl: 346380657 # GET request latency on next level
   latGETnet: 0 # GET request latency on network to next level
  l2-5: # Cache stats
   hGETS: 28111 # GETS hits
   hGETX: 6107 # GETX hits
   mGETS: 8876139 # GETS misses
   mGETXIM: 30421 # GETX I->M misses
   mGETXSM: 483872 # GETX S->M misses (upgrade misses)
   PUTS: 8366749 # Clean evictions (from lower level)
   PUTX: 42969 # Dirty evictions (from lower level)
   INV: 669324 # Invalidates (from upper level)
   INVX: 682458 # Downgrades (from upper level)
   FWD: 0 # Forwards (from upper level)
   latGETnl: 338235018 # GET request latency on next level
   latGETnet: 0 # GET request latency on network to next level
  l2-6: # Cache stats
   hGETS: 27974 # GETS hits
   hGETX: 6108 # GETX hits
   mGETS: 8876120 # GETS misses
   mGETXIM: 30216 # GETX I->M misses
   mGETXSM: 485930 # GETX S->M misses (upgrade misses)
   PUTS: 8366472 # Clean evictions (from lower level)
   PUTX: 42827 # Dirty evictions (from lower level)
   INV: 637469 # Invalidates (from upper level)
   INVX: 680255 # Downgrades (from upper level)
   FWD: 0 # Forwards (from upper level)
   latGETnl: 341805448 # GET request latency on next level
   latGETnet: 0 # GET request latency on network to next level
  l2-7: # Cache stats
   hGETS: 25771 # GETS hits
   hGETX: 5150 # GETX hits
   mGETS: 8875973 # GETS misses
   mGETXIM: 31366 # GETX I->M misses
   mGETXSM: 484468 # GETX S->M misses (upgrade misses)
   PUTS: 8364925 # Clean evictions (from lower level)
   PUTX: 42855 # Dirty evictions (from lower level)
   INV: 645657 # Invalidates (from upper level)
   INVX: 665219 # Downgrades (from upper level)
   FWD: 0 # Forwards (from upper level)
   latGETnl: 345970130 # GET request latency on next level
   latGETnet: 0 # GET request latency on network to next level
 l3: # Cache stats
  l3-0b0: # Cache stats
   hGETS: 6978381 # GETS hits
   hGETX: 16994 # GETX hits
   mGETS: 1198855 # GETS misses
   mGETXIM: 24268 # GETX I->M misses
   mGETXSM: 0 # GETX S->M misses (upgrade misses)
   PUTS: 8015025 # Clean evictions (from lower level)
   PUTX: 59277 # Dirty evictions (from lower level)
   INV: 0 # Invalidates (from upper level)
   INVX: 0 # Downgrades (from upper level)
   FWD: 0 # Forwards (from upper level)
   latGETnl: 110081070 # GET request latency on next level
   latGETnet: 0 # GET request latency on network to next level
  l3-0b1: # Cache stats
   hGETS: 6319800 # GETS hits
   hGETX: 30808 # GETX hits
   mGETS: 1222292 # GETS misses
   mGETXIM: 20147 # GETX I->M misses
   mGETXSM: 0 # GETX S->M misses (upgrade misses)
   PUTS: 7381810 # Clean evictions (from lower level)
   PUTX: 62921 # Dirty evictions (from lower level)
   INV: 0 # Invalidates (from upper level)
   INVX: 0 # Downgrades (from upper level)
   FWD: 0 # Forwards (from upper level)
   latGETnl: 111819510 # GET request latency on next level
   latGETnet: 0 # GET request latency on network to next level
  l3-0b2: # Cache stats
   hGETS: 7222752 # GETS hits
   hGETX: 922650 # GETX hits
   mGETS: 1222418 # GETS misses
   mGETXIM: 25332 # GETX I->M misses
   mGETXSM: 0 # GETX S->M misses (upgrade misses)
   PUTS: 7383545 # Clean evictions (from lower level)
   PUTX: 58372 # Dirty evictions (from lower level)
   INV: 0 # Invalidates (from upper level)
   INVX: 0 # Downgrades (from upper level)
   FWD: 0 # Forwards (from upper level)
   latGETnl: 112297500 # GET request latency on next level
   latGETnet: 0 # GET request latency on network to next level
  l3-0b3: # Cache stats
   hGETS: 7220911 # GETS hits
   hGETX: 929449 # GETX hits
   mGETS: 1227976 # GETS misses
   mGETXIM: 23797 # GETX I->M misses
   mGETXSM: 0 # GETX S->M misses (upgrade misses)
   PUTS: 7382130 # Clean evictions (from lower level)
   PUTX: 59702 # Dirty evictions (from lower level)
   INV: 0 # Invalidates (from upper level)
   INVX: 0 # Downgrades (from upper level)
   FWD: 0 # Forwards (from upper level)
   latGETnl: 112659570 # GET request latency on next level
   latGETnet: 0 # GET request latency on network to next level
  l3-0b4: # Cache stats
   hGETS: 7219123 # GETS hits
   hGETX: 920940 # GETX hits
   mGETS: 1216735 # GETS misses
   mGETXIM: 24216 # GETX I->M misses
   mGETXSM: 0 # GETX S->M misses (upgrade misses)
   PUTS: 7384464 # Clean evictions (from lower level)
   PUTX: 59434 # Dirty evictions (from lower level)
   INV: 0 # Invalidates (from upper level)
   INVX: 0 # Downgrades (from upper level)
   FWD: 0 # Forwards (from upper level)
   latGETnl: 111685590 # GET request latency on next level
   latGETnet: 0 # GET request latency on network to next level
  l3-0b5: # Cache stats
   hGETS: 7421715 # GETS hits
   hGETX: 1166007 # GETX hits
   mGETS: 1231463 # GETS misses
   mGETXIM: 25041 # GETX I->M misses
   mGETXSM: 0 # GETX S->M misses (upgrade misses)
   PUTS: 7390837 # Clean evictions (from lower level)
   PUTX: 59714 # Dirty evictions (from lower level)
   INV: 0 # Invalidates (from upper level)
   INVX: 0 # Downgrades (from upper level)
   FWD: 0 # Forwards (from upper level)
   latGETnl: 113085360 # GET request latency on next level
   latGETnet: 0 # GET request latency on network to next level
  l3-0b6: # Cache stats
   hGETS: 9378327 # GETS hits
   hGETX: 76600 # GETX hits
   mGETS: 1103205 # GETS misses
   mGETXIM: 25019 # GETX I->M misses
   mGETXSM: 0 # GETX S->M misses (upgrade misses)
   PUTS: 10146713 # Clean evictions (from lower level)
   PUTX: 61645 # Dirty evictions (from lower level)
   INV: 0 # Invalidates (from upper level)
   INVX: 0 # Downgrades (from upper level)
   FWD: 0 # Forwards (from upper level)
   latGETnl: 101540160 # GET request latency on next level
   latGETnet: 0 # GET request latency on network to next level
  l3-0b7: # Cache stats
   hGETS: 9884074 # GETS hits
   hGETX: 18319 # GETX hits
   mGETS: 1064179 # GETS misses
   mGETXIM: 24210 # GETX I->M misses
   mGETXSM: 0 # GETX S->M misses (upgrade misses)
   PUTS: 10766502 # Clean evictions (from lower level)
   PUTX: 59910 # Dirty evictions (from lower level)
   INV: 0 # Invalidates (from upper level)
   INVX: 0 # Downgrades (from upper level)
   FWD: 0 # Forwards (from upper level)
   latGETnl: 97955010 # GET request latency on next level
   latGETnet: 0 # GET request latency on network to next level
 mem: # Memory controller stats
  mem-0: # Memory controller stats
   rd: 1324595 # Read requests
   wr: 26253 # Write requests
   rdlat: 178138150 # Total latency experienced by read requests
   wrlat: 3969454 # Total latency experienced by write requests
   rdhits: 10163 # Read row hits
   wrhits: 92 # Write row hits
   mlh: # latency histogram for memory requests
    0: 0
    1: 0
    2: 0
    3: 0
    4: 0
    5: 0
    6: 0
    7: 0
    8: 0
    9: 0
    10: 0
    11: 882
    12: 1394
    13: 1287743
    14: 8872
    15: 1772
    16: 1450
    17: 1219
    18: 1055
    19: 1346
    20: 1094
    21: 1210
    22: 889
    23: 989
    24: 912
    25: 792
    26: 722
    27: 687
    28: 749
    29: 700
    30: 797
    31: 647
    32: 722
    33: 702
    34: 796
    35: 684
    36: 742
    37: 841
    38: 668
    39: 752
    40: 676
    41: 825
    42: 750
    43: 280
    44: 75
    45: 50
    46: 54
    47: 30
    48: 7
    49: 0
    50: 0
    51: 2
    52: 0
    53: 2
    54: 7
    55: 1
    56: 1
    57: 1
    58: 0
    59: 1
    60: 0
    61: 0
    62: 0
    63: 0
    64: 0
    65: 0
    66: 0
    67: 0
    68: 0
    69: 0
    70: 0
    71: 0
    72: 0
    73: 0
    74: 0
    75: 0
    76: 0
    77: 4
    78: 0
    79: 0
    80: 0
    81: 1
    82: 0
    83: 0
    84: 0
    85: 0
    86: 0
    87: 0
    88: 0
    89: 0
    90: 0
    91: 0
    92: 0
    93: 0
    94: 0
    95: 0
    96: 0
    97: 0
    98: 0
    99: 0
  mem-1: # Memory controller stats
   rd: 3102716 # Read requests
   wr: 33157 # Write requests
   rdlat: 420775018 # Total latency experienced by read requests
   wrlat: 5203107 # Total latency experienced by write requests
   rdhits: 22929 # Read row hits
   wrhits: 110 # Write row hits
   mlh: # latency histogram for memory requests
    0: 0
    1: 0
    2: 0
    3: 0
    4: 0
    5: 0
    6: 0
    7: 0
    8: 0
    9: 0
    10: 0
    11: 3289
    12: 4716
    13: 2889424
    14: 110996
    15: 11469
    16: 7064
    17: 6906
    18: 6127
    19: 6271
    20: 6074
    21: 5984
    22: 2733
    23: 3121
    24: 2956
    25: 2172
    26: 1736
    27: 1647
    28: 1843
    29: 1846
    30: 1836
    31: 1746
    32: 1915
    33: 1831
    34: 1881
    35: 1807
    36: 1865
    37: 1973
    38: 1836
    39: 1817
    40: 1764
    41: 1880
    42: 1873
    43: 989
    44: 398
    45: 341
    46: 243
    47: 196
    48: 78
    49: 22
    50: 12
    51: 5
    52: 7
    53: 10
    54: 3
    55: 5
    56: 3
    57: 0
    58: 0
    59: 1
    60: 0
    61: 0
    62: 1
    63: 1
    64: 2
    65: 0
    66: 0
    67: 0
    68: 0
    69: 1
    70: 0
    71: 0
    72: 0
    73: 0
    74: 0
    75: 0
    76: 0
    77: 0
    78: 0
    79: 0
    80: 0
    81: 0
    82: 0
    83: 0
    84: 0
    85: 0
    86: 0
    87: 0
    88: 0
    89: 0
    90: 0
    91: 0
    92: 0
    93: 0
    94: 0
    95: 0
    96: 0
    97: 0
    98: 0
    99: 0
  mem-2: # Memory controller stats
   rd: 2591740 # Read requests
   wr: 31036 # Write requests
   rdlat: 350443829 # Total latency experienced by read requests
   wrlat: 4825172 # Total latency experienced by write requests
   rdhits: 16834 # Read row hits
   wrhits: 89 # Write row hits
   mlh: # latency histogram for memory requests
    0: 0
    1: 0
    2: 0
    3: 0
    4: 0
    5: 0
    6: 0
    7: 0
    8: 0
    9: 0
    10: 0
    11: 2248
    12: 3062
    13: 2439648
    14: 72683
    15: 7759
    16: 5259
    17: 4997
    18: 4738
    19: 4891
    20: 4702
    21: 4599
    22: 2568
    23: 2732
    24: 2603
    25: 1978
    26: 1466
    27: 1464
    28: 1534
    29: 1532
    30: 1496
    31: 1441
    32: 1543
    33: 1522
    34: 1537
    35: 1505
    36: 1489
    37: 1555
    38: 1387
    39: 1551
    40: 1467
    41: 1605
    42: 1471
    43: 727
    44: 299
    45: 236
    46: 191
    47: 144
    48: 57
    49: 11
    50: 14
    51: 9
    52: 4
    53: 6
    54: 1
    55: 0
    56: 1
    57: 3
    58: 1
    59: 0
    60: 0
    61: 2
    62: 1
    63: 0
    64: 0
    65: 0
    66: 0
    67: 0
    68: 0
    69: 1
    70: 0
    71: 0
    72: 0
    73: 0
    74: 0
    75: 0
    76: 0
    77: 0
    78: 0
    79: 0
    80: 0
    81: 0
    82: 0
    83: 0
    84: 0
    85: 0
    86: 0
    87: 0
    88: 0
    89: 0
    90: 0
    91: 0
    92: 0
    93: 0
    94: 0
    95: 0
    96: 0
    97: 0
    98: 0
    99: 0
  mem-3: # Memory controller stats
   rd: 2660074 # Read requests
   wr: 33194 # Write requests
   rdlat: 359769262 # Total latency experienced by read requests
   wrlat: 5079801 # Total latency experienced by write requests
   rdhits: 18876 # Read row hits
   wrhits: 102 # Write row hits
   mlh: # latency histogram for memory requests
    0: 0
    1: 0
    2: 0
    3: 0
    4: 0
    5: 0
    6: 0
    7: 0
    8: 0
    9: 0
    10: 0
    11: 2669
    12: 3450
    13: 2535276
    14: 54311
    15: 5768
    16: 3959
    17: 3683
    18: 3141
    19: 3525
    20: 3800
    21: 3663
    22: 2139
    23: 2083
    24: 2166
    25: 1987
    26: 1492
    27: 1476
    28: 1640
    29: 1696
    30: 1580
    31: 1392
    32: 1629
    33: 1785
    34: 1677
    35: 1361
    36: 1474
    37: 1662
    38: 1631
    39: 1502
    40: 1383
    41: 1630
    42: 1570
    43: 898
    44: 269
    45: 263
    46: 225
    47: 122
    48: 51
    49: 12
    50: 13
    51: 3
    52: 5
    53: 1
    54: 0
    55: 4
    56: 3
    57: 0
    58: 1
    59: 0
    60: 0
    61: 0
    62: 0
    63: 0
    64: 0
    65: 0
    66: 0
    67: 0
    68: 0
    69: 1
    70: 3
    71: 0
    72: 0
    73: 0
    74: 0
    75: 0
    76: 0
    77: 0
    78: 0
    79: 0
    80: 0
    81: 0
    82: 0
    83: 0
    84: 0
    85: 0
    86: 0
    87: 0
    88: 0
    89: 0
    90: 0
    91: 0
    92: 0
    93: 0
    94: 0
    95: 0
    96: 0
    97: 0
    98: 0
    99: 0
 sched: # Scheduler stats
  thCr: 9 # Threads created
  thFn: 0 # Threads finished
  schedEvs: 9 # Schedule events
  waitEvs: 1 # Wait events
  handoffEvs: 0 # Handoff events
  sleepEvs: 0 # Sleep events
  idlePhases: 0 # Phases with no thread active
  idlePeriods: 0 # Periods with no thread active
  occHist: # Occupancy histogram
   0: 0
   1: 6878
   2: 0
   3: 0
   4: 0
   5: 0
   6: 1
   7: 0
   8: 53560
  rqSzHist: # Run queue size histogram
   0: 60439
   1: 0
   2: 0
   3: 0
   4: 0
   5: 0
   6: 0
   7: 0
   8: 0
   9: 0
   10: 0
   11: 0
   12: 0
   13: 0
   14: 0
   15: 0
   16: 0
 procCycles: # Per-process unhalted core cycles
  0: 4288300532
  1: 0
  2: 0
  3: 0
  4: 0
  5: 0
  6: 0
  7: 0
  8: 0
  9: 0
  10: 0
  11: 0
  12: 0
  13: 0
  14: 0
  15: 0
  16: 0
  17: 0
  18: 0
  19: 0
  20: 0
  21: 0
  22: 0
  23: 0
  24: 0
  25: 0
  26: 0
  27: 0
  28: 0
  29: 0
  30: 0
  31: 0
  32: 0
  33: 0
  34: 0
  35: 0
  36: 0
  37: 0
  38: 0
  39: 0
  40: 0
  41: 0
  42: 0
  43: 0
  44: 0
  45: 0
  46: 0
  47: 0
  48: 0
  49: 0
  50: 0
  51: 0
  52: 0
  53: 0
  54: 0
  55: 0
  56: 0
  57: 0
  58: 0
  59: 0
  60: 0
  61: 0
  62: 0
  63: 0
 procInstrs: # Per-process instructions
  0: 5000048154
  1: 0
  2: 0
  3: 0
  4: 0
  5: 0
  6: 0
  7: 0
  8: 0
  9: 0
  10: 0
  11: 0
  12: 0
  13: 0
  14: 0
  15: 0
  16: 0
  17: 0
  18: 0
  19: 0
  20: 0
  21: 0
  22: 0
  23: 0
  24: 0
  25: 0
  26: 0
  27: 0
  28: 0
  29: 0
  30: 0
  31: 0
  32: 0
  33: 0
  34: 0
  35: 0
  36: 0
  37: 0
  38: 0
  39: 0
  40: 0
  41: 0
  42: 0
  43: 0
  44: 0
  45: 0
  46: 0
  47: 0
  48: 0
  49: 0
  50: 0
  51: 0
  52: 0
  53: 0
  54: 0
  55: 0
  56: 0
  57: 0
  58: 0
  59: 0
  60: 0
  61: 0
  62: 0
  63: 0
 heartbeats: # Per-process heartbeats
  0: 0
  1: 0
  2: 0
  3: 0
  4: 0
  5: 0
  6: 0
  7: 0
  8: 0
  9: 0
  10: 0
  11: 0
  12: 0
  13: 0
  14: 0
  15: 0
  16: 0
  17: 0
  18: 0
  19: 0
  20: 0
  21: 0
  22: 0
  23: 0
  24: 0
  25: 0
  26: 0
  27: 0
  28: 0
  29: 0
  30: 0
  31: 0
  32: 0
  33: 0
  34: 0
  35: 0
  36: 0
  37: 0
  38: 0
  39: 0
  40: 0
  41: 0
  42: 0
  43: 0
  44: 0
  45: 0
  46: 0
  47: 0
  48: 0
  49: 0
  50: 0
  51: 0
  52: 0
  53: 0
  54: 0
  55: 0
  56: 0
  57: 0
  58: 0
  59: 0
  60: 0
  61: 0
  62: 0
  63: 0
===
