# zsim stats
===
root: # Stats
 contention: # Contention simulation stats
  domain-0: # Domain stats
   time: 14669724258 # Weave simulation time
 time: # Simulator time breakdown
  init: 912246007518
  bound: 61671920618
  weave: 29746024964
  ff: 0
 trigger: 20000 # Reason for this stats dump
 phase: 65136 # Simulated phases
 westmere: # Core stats
  westmere-0: # Core stats
   cycles: 651362535 # Simulated unhalted cycles
   cCycles: 148242717 # Cycles due to contention stalls
   instrs: 100001081 # Simulated instructions
   uops: 101926447 # Retired micro-ops
   bbls: 27656449 # Basic blocks
   approxInstrs: 22458 # Instrs with approx uop decoding
   mispredBranches: 1592092 # Mispredicted branches
   condBranches: 25804508 # conditional branches
 l1i: # Cache stats
  l1i-0: # Filter cache stats
   fhGETS: 35467223 # Filtered GETS hits
   fhGETX: 0 # Filtered GETX hits
   hGETS: 0 # GETS hits
   hGETX: 0 # GETX hits
   mGETS: 47 # GETS misses
   mGETXIM: 0 # GETX I->M misses
   mGETXSM: 0 # GETX S->M misses (upgrade misses)
   PUTS: 0 # Clean evictions (from lower level)
   PUTX: 0 # Dirty evictions (from lower level)
   INV: 0 # Invalidates (from upper level)
   INVX: 0 # Downgrades (from upper level)
   FWD: 0 # Forwards (from upper level)
   latGETnl: 5828 # GET request latency on next level
   latGETnet: 0 # GET request latency on network to next level
 l1d: # Cache stats
  l1d-0: # Filter cache stats
   fhGETS: 22285372 # Filtered GETS hits
   fhGETX: 2311086 # Filtered GETX hits
   hGETS: 1833385 # GETS hits
   hGETX: 3218469 # GETX hits
   mGETS: 12456204 # GETS misses
   mGETXIM: 262111 # GETX I->M misses
   mGETXSM: 0 # GETX S->M misses (upgrade misses)
   PUTS: 0 # Clean evictions (from lower level)
   PUTX: 0 # Dirty evictions (from lower level)
   INV: 0 # Invalidates (from upper level)
   INVX: 0 # Downgrades (from upper level)
   FWD: 0 # Forwards (from upper level)
   latGETnl: 1100373658 # GET request latency on next level
   latGETnet: 0 # GET request latency on network to next level
 l2: # Cache stats
  l2-0: # Cache stats
   hGETS: 2418520 # GETS hits
   hGETX: 89123 # GETX hits
   mGETS: 10037731 # GETS misses
   mGETXIM: 172988 # GETX I->M misses
   mGETXSM: 0 # GETX S->M misses (upgrade misses)
   PUTS: 9463701 # Clean evictions (from lower level)
   PUTX: 3254102 # Dirty evictions (from lower level)
   INV: 0 # Invalidates (from upper level)
   INVX: 0 # Downgrades (from upper level)
   FWD: 0 # Forwards (from upper level)
   latGETnl: 973195866 # GET request latency on next level
   latGETnet: 0 # GET request latency on network to next level
 l3: # Cache stats
  l3-0: # Cache stats
   hGETS: 2069057 # GETS hits
   hGETX: 51233 # GETX hits
   mGETS: 7968674 # GETS misses
   mGETXIM: 121755 # GETX I->M misses
   mGETXSM: 0 # GETX S->M misses (upgrade misses)
   PUTS: 7439986 # Clean evictions (from lower level)
   PUTX: 2766637 # Dirty evictions (from lower level)
   INV: 0 # Invalidates (from upper level)
   INVX: 0 # Downgrades (from upper level)
   FWD: 0 # Forwards (from upper level)
   latGETnl: 728138610 # GET request latency on next level
   latGETnet: 0 # GET request latency on network to next level
 mem: # Memory controller stats
  mem-0: # Memory controller stats
   rd: 2020110 # Read requests
   wr: 655424 # Write requests
   rdlat: 274995952 # Total latency experienced by read requests
   wrlat: 95555909 # Total latency experienced by write requests
   rdhits: 2294 # Read row hits
   wrhits: 2011 # Write row hits
   mlh: # latency histogram for memory requests
    0: 0
    1: 0
    2: 0
    3: 0
    4: 0
    5: 0
    6: 0
    7: 0
    8: 0
    9: 0
    10: 0
    11: 257
    12: 437
    13: 1782202
    14: 140158
    15: 48778
    16: 13765
    17: 2741
    18: 1012
    19: 948
    20: 1096
    21: 1327
    22: 991
    23: 1424
    24: 3300
    25: 1971
    26: 543
    27: 534
    28: 632
    29: 695
    30: 1092
    31: 1400
    32: 1149
    33: 1166
    34: 1327
    35: 1412
    36: 1332
    37: 1211
    38: 1150
    39: 1132
    40: 1155
    41: 1170
    42: 1071
    43: 511
    44: 233
    45: 170
    46: 140
    47: 241
    48: 159
    49: 40
    50: 6
    51: 7
    52: 8
    53: 9
    54: 5
    55: 1
    56: 0
    57: 1
    58: 1
    59: 0
    60: 0
    61: 0
    62: 0
    63: 0
    64: 0
    65: 0
    66: 0
    67: 0
    68: 0
    69: 0
    70: 0
    71: 0
    72: 0
    73: 0
    74: 0
    75: 0
    76: 0
    77: 0
    78: 0
    79: 0
    80: 0
    81: 0
    82: 0
    83: 0
    84: 0
    85: 0
    86: 0
    87: 0
    88: 0
    89: 0
    90: 0
    91: 0
    92: 0
    93: 0
    94: 0
    95: 0
    96: 0
    97: 0
    98: 0
    99: 0
  mem-1: # Memory controller stats
   rd: 2018076 # Read requests
   wr: 655212 # Write requests
   rdlat: 274722203 # Total latency experienced by read requests
   wrlat: 95556066 # Total latency experienced by write requests
   rdhits: 2328 # Read row hits
   wrhits: 2237 # Write row hits
   mlh: # latency histogram for memory requests
    0: 0
    1: 0
    2: 0
    3: 0
    4: 0
    5: 0
    6: 0
    7: 0
    8: 0
    9: 0
    10: 0
    11: 286
    12: 505
    13: 1780575
    14: 139437
    15: 49284
    16: 13742
    17: 2560
    18: 1040
    19: 1002
    20: 1180
    21: 1303
    22: 902
    23: 1375
    24: 2897
    25: 2098
    26: 532
    27: 590
    28: 682
    29: 745
    30: 1080
    31: 1418
    32: 1094
    33: 1160
    34: 1359
    35: 1422
    36: 1340
    37: 1222
    38: 1187
    39: 1194
    40: 1146
    41: 1121
    42: 1146
    43: 507
    44: 229
    45: 160
    46: 132
    47: 215
    48: 128
    49: 42
    50: 12
    51: 5
    52: 8
    53: 10
    54: 2
    55: 0
    56: 1
    57: 1
    58: 0
    59: 0
    60: 0
    61: 0
    62: 0
    63: 0
    64: 0
    65: 0
    66: 0
    67: 0
    68: 0
    69: 0
    70: 0
    71: 0
    72: 0
    73: 0
    74: 0
    75: 0
    76: 0
    77: 0
    78: 0
    79: 0
    80: 0
    81: 0
    82: 0
    83: 0
    84: 0
    85: 0
    86: 0
    87: 0
    88: 0
    89: 0
    90: 0
    91: 0
    92: 0
    93: 0
    94: 0
    95: 0
    96: 0
    97: 0
    98: 0
    99: 0
  mem-2: # Memory controller stats
   rd: 2037601 # Read requests
   wr: 654791 # Write requests
   rdlat: 277528348 # Total latency experienced by read requests
   wrlat: 95747483 # Total latency experienced by write requests
   rdhits: 2432 # Read row hits
   wrhits: 2247 # Write row hits
   mlh: # latency histogram for memory requests
    0: 0
    1: 0
    2: 0
    3: 0
    4: 0
    5: 0
    6: 0
    7: 0
    8: 0
    9: 0
    10: 0
    11: 307
    12: 656
    13: 1791448
    14: 147134
    15: 49653
    16: 13122
    17: 2344
    18: 994
    19: 990
    20: 1164
    21: 1344
    22: 964
    23: 1389
    24: 3739
    25: 2294
    26: 536
    27: 597
    28: 685
    29: 737
    30: 1049
    31: 1459
    32: 1143
    33: 1210
    34: 1278
    35: 1390
    36: 1334
    37: 1166
    38: 1173
    39: 1239
    40: 1199
    41: 1150
    42: 1124
    43: 522
    44: 225
    45: 194
    46: 142
    47: 253
    48: 149
    49: 62
    50: 16
    51: 11
    52: 6
    53: 4
    54: 5
    55: 0
    56: 0
    57: 1
    58: 0
    59: 0
    60: 0
    61: 0
    62: 0
    63: 0
    64: 0
    65: 0
    66: 0
    67: 0
    68: 0
    69: 0
    70: 0
    71: 0
    72: 0
    73: 0
    74: 0
    75: 0
    76: 0
    77: 0
    78: 0
    79: 0
    80: 0
    81: 0
    82: 0
    83: 0
    84: 0
    85: 0
    86: 0
    87: 0
    88: 0
    89: 0
    90: 0
    91: 0
    92: 0
    93: 0
    94: 0
    95: 0
    96: 0
    97: 0
    98: 0
    99: 0
  mem-3: # Memory controller stats
   rd: 2014588 # Read requests
   wr: 654512 # Write requests
   rdlat: 274393714 # Total latency experienced by read requests
   wrlat: 95449819 # Total latency experienced by write requests
   rdhits: 2613 # Read row hits
   wrhits: 2294 # Write row hits
   mlh: # latency histogram for memory requests
    0: 0
    1: 0
    2: 0
    3: 0
    4: 0
    5: 0
    6: 0
    7: 0
    8: 0
    9: 0
    10: 0
    11: 393
    12: 511
    13: 1776581
    14: 138737
    15: 48866
    16: 14586
    17: 2379
    18: 995
    19: 956
    20: 1190
    21: 1460
    22: 1021
    23: 1414
    24: 3409
    25: 1941
    26: 519
    27: 614
    28: 639
    29: 771
    30: 1106
    31: 1374
    32: 1202
    33: 1232
    34: 1283
    35: 1398
    36: 1360
    37: 1261
    38: 1160
    39: 1256
    40: 1157
    41: 1136
    42: 1124
    43: 482
    44: 228
    45: 177
    46: 154
    47: 261
    48: 164
    49: 50
    50: 16
    51: 6
    52: 7
    53: 7
    54: 3
    55: 1
    56: 1
    57: 0
    58: 0
    59: 0
    60: 0
    61: 0
    62: 0
    63: 0
    64: 0
    65: 0
    66: 0
    67: 0
    68: 0
    69: 0
    70: 0
    71: 0
    72: 0
    73: 0
    74: 0
    75: 0
    76: 0
    77: 0
    78: 0
    79: 0
    80: 0
    81: 0
    82: 0
    83: 0
    84: 0
    85: 0
    86: 0
    87: 0
    88: 0
    89: 0
    90: 0
    91: 0
    92: 0
    93: 0
    94: 0
    95: 0
    96: 0
    97: 0
    98: 0
    99: 0
 sched: # Scheduler stats
  thCr: 1 # Threads created
  thFn: 1 # Threads finished
  schedEvs: 1 # Schedule events
  waitEvs: 0 # Wait events
  handoffEvs: 0 # Handoff events
  sleepEvs: 0 # Sleep events
  idlePhases: 0 # Phases with no thread active
  idlePeriods: 0 # Periods with no thread active
  occHist: # Occupancy histogram
   0: 0
   1: 65136
  rqSzHist: # Run queue size histogram
   0: 65136
   1: 0
   2: 0
   3: 0
   4: 0
   5: 0
   6: 0
   7: 0
   8: 0
   9: 0
   10: 0
   11: 0
   12: 0
   13: 0
   14: 0
   15: 0
   16: 0
 procCycles: # Per-process unhalted core cycles
  0: 651362535
  1: 0
  2: 0
  3: 0
  4: 0
  5: 0
  6: 0
  7: 0
  8: 0
  9: 0
  10: 0
  11: 0
  12: 0
  13: 0
  14: 0
  15: 0
  16: 0
  17: 0
  18: 0
  19: 0
  20: 0
  21: 0
  22: 0
  23: 0
  24: 0
  25: 0
  26: 0
  27: 0
  28: 0
  29: 0
  30: 0
  31: 0
  32: 0
  33: 0
  34: 0
  35: 0
  36: 0
  37: 0
  38: 0
  39: 0
  40: 0
  41: 0
  42: 0
  43: 0
  44: 0
  45: 0
  46: 0
  47: 0
  48: 0
  49: 0
  50: 0
  51: 0
  52: 0
  53: 0
  54: 0
  55: 0
  56: 0
  57: 0
  58: 0
  59: 0
  60: 0
  61: 0
  62: 0
  63: 0
 procInstrs: # Per-process instructions
  0: 100001081
  1: 0
  2: 0
  3: 0
  4: 0
  5: 0
  6: 0
  7: 0
  8: 0
  9: 0
  10: 0
  11: 0
  12: 0
  13: 0
  14: 0
  15: 0
  16: 0
  17: 0
  18: 0
  19: 0
  20: 0
  21: 0
  22: 0
  23: 0
  24: 0
  25: 0
  26: 0
  27: 0
  28: 0
  29: 0
  30: 0
  31: 0
  32: 0
  33: 0
  34: 0
  35: 0
  36: 0
  37: 0
  38: 0
  39: 0
  40: 0
  41: 0
  42: 0
  43: 0
  44: 0
  45: 0
  46: 0
  47: 0
  48: 0
  49: 0
  50: 0
  51: 0
  52: 0
  53: 0
  54: 0
  55: 0
  56: 0
  57: 0
  58: 0
  59: 0
  60: 0
  61: 0
  62: 0
  63: 0
 heartbeats: # Per-process heartbeats
  0: 0
  1: 0
  2: 0
  3: 0
  4: 0
  5: 0
  6: 0
  7: 0
  8: 0
  9: 0
  10: 0
  11: 0
  12: 0
  13: 0
  14: 0
  15: 0
  16: 0
  17: 0
  18: 0
  19: 0
  20: 0
  21: 0
  22: 0
  23: 0
  24: 0
  25: 0
  26: 0
  27: 0
  28: 0
  29: 0
  30: 0
  31: 0
  32: 0
  33: 0
  34: 0
  35: 0
  36: 0
  37: 0
  38: 0
  39: 0
  40: 0
  41: 0
  42: 0
  43: 0
  44: 0
  45: 0
  46: 0
  47: 0
  48: 0
  49: 0
  50: 0
  51: 0
  52: 0
  53: 0
  54: 0
  55: 0
  56: 0
  57: 0
  58: 0
  59: 0
  60: 0
  61: 0
  62: 0
  63: 0
===
