# zsim stats
===
root: # Stats
 contention: # Contention simulation stats
  domain-0: # Domain stats
   time: 4500670682 # Weave simulation time
 time: # Simulator time breakdown
  init: 3728392341
  bound: 117326086683
  weave: 7243222831
  ff: 0
 trigger: 20000 # Reason for this stats dump
 phase: 51536 # Simulated phases
 westmere: # Core stats
  westmere-0: # Core stats
   cycles: 446590534 # Simulated unhalted cycles
   cCycles: 18213936 # Cycles due to contention stalls
   instrs: 609023655 # Simulated instructions
   uops: 642695046 # Retired micro-ops
   bbls: 87801940 # Basic blocks
   approxInstrs: 78 # Instrs with approx uop decoding
   mispredBranches: 3969308 # Mispredicted branches
   condBranches: 84553204 # conditional branches
  westmere-1: # Core stats
   cycles: 442242515 # Simulated unhalted cycles
   cCycles: 16367151 # Cycles due to contention stalls
   instrs: 630017691 # Simulated instructions
   uops: 657912830 # Retired micro-ops
   bbls: 90332912 # Basic blocks
   approxInstrs: 24 # Instrs with approx uop decoding
   mispredBranches: 4120693 # Mispredicted branches
   condBranches: 88041690 # conditional branches
  westmere-2: # Core stats
   cycles: 472506227 # Simulated unhalted cycles
   cCycles: 16915779 # Cycles due to contention stalls
   instrs: 662426648 # Simulated instructions
   uops: 696324930 # Retired micro-ops
   bbls: 95170042 # Basic blocks
   approxInstrs: 23 # Instrs with approx uop decoding
   mispredBranches: 4297514 # Mispredicted branches
   condBranches: 92066257 # conditional branches
  westmere-3: # Core stats
   cycles: 405099803 # Simulated unhalted cycles
   cCycles: 18370484 # Cycles due to contention stalls
   instrs: 558405791 # Simulated instructions
   uops: 584350402 # Retired micro-ops
   bbls: 80657472 # Basic blocks
   approxInstrs: 48 # Instrs with approx uop decoding
   mispredBranches: 3612620 # Mispredicted branches
   condBranches: 78308259 # conditional branches
  westmere-4: # Core stats
   cycles: 431599898 # Simulated unhalted cycles
   cCycles: 19002903 # Cycles due to contention stalls
   instrs: 586862444 # Simulated instructions
   uops: 617895482 # Retired micro-ops
   bbls: 84929224 # Basic blocks
   approxInstrs: 29 # Instrs with approx uop decoding
   mispredBranches: 3762363 # Mispredicted branches
   condBranches: 81894328 # conditional branches
  westmere-5: # Core stats
   cycles: 486484365 # Simulated unhalted cycles
   cCycles: 16448487 # Cycles due to contention stalls
   instrs: 671890726 # Simulated instructions
   uops: 710593088 # Retired micro-ops
   bbls: 98075779 # Basic blocks
   approxInstrs: 25 # Instrs with approx uop decoding
   mispredBranches: 4198914 # Mispredicted branches
   condBranches: 93852871 # conditional branches
  westmere-6: # Core stats
   cycles: 515350088 # Simulated unhalted cycles
   cCycles: 16893646 # Cycles due to contention stalls
   instrs: 702458318 # Simulated instructions
   uops: 747040419 # Retired micro-ops
   bbls: 102431054 # Basic blocks
   approxInstrs: 24 # Instrs with approx uop decoding
   mispredBranches: 4374659 # Mispredicted branches
   condBranches: 97420001 # conditional branches
  westmere-7: # Core stats
   cycles: 418029424 # Simulated unhalted cycles
   cCycles: 17545535 # Cycles due to contention stalls
   instrs: 578956945 # Simulated instructions
   uops: 607108710 # Retired micro-ops
   bbls: 83278420 # Basic blocks
   approxInstrs: 31 # Instrs with approx uop decoding
   mispredBranches: 3804991 # Mispredicted branches
   condBranches: 80777137 # conditional branches
 l1i: # Cache stats
  l1i-0: # Filter cache stats
   fhGETS: 121356765 # Filtered GETS hits
   fhGETX: 0 # Filtered GETX hits
   hGETS: 808408 # GETS hits
   hGETX: 0 # GETX hits
   mGETS: 1935 # GETS misses
   mGETXIM: 0 # GETX I->M misses
   mGETXSM: 0 # GETX S->M misses (upgrade misses)
   PUTS: 0 # Clean evictions (from lower level)
   PUTX: 0 # Dirty evictions (from lower level)
   INV: 1805 # Invalidates (from upper level)
   INVX: 0 # Downgrades (from upper level)
   FWD: 0 # Forwards (from upper level)
   latGETnl: 85230 # GET request latency on next level
   latGETnet: 0 # GET request latency on network to next level
  l1i-1: # Filter cache stats
   fhGETS: 125525195 # Filtered GETS hits
   fhGETX: 0 # Filtered GETX hits
   hGETS: 563355 # GETS hits
   hGETX: 0 # GETX hits
   mGETS: 1777 # GETS misses
   mGETXIM: 0 # GETX I->M misses
   mGETXSM: 0 # GETX S->M misses (upgrade misses)
   PUTS: 0 # Clean evictions (from lower level)
   PUTX: 0 # Dirty evictions (from lower level)
   INV: 1645 # Invalidates (from upper level)
   INVX: 0 # Downgrades (from upper level)
   FWD: 0 # Forwards (from upper level)
   latGETnl: 76978 # GET request latency on next level
   latGETnet: 0 # GET request latency on network to next level
  l1i-2: # Filter cache stats
   fhGETS: 131775693 # Filtered GETS hits
   fhGETX: 0 # Filtered GETX hits
   hGETS: 765514 # GETS hits
   hGETX: 0 # GETX hits
   mGETS: 1754 # GETS misses
   mGETXIM: 0 # GETX I->M misses
   mGETXSM: 0 # GETX S->M misses (upgrade misses)
   PUTS: 0 # Clean evictions (from lower level)
   PUTX: 0 # Dirty evictions (from lower level)
   INV: 1620 # Invalidates (from upper level)
   INVX: 0 # Downgrades (from upper level)
   FWD: 0 # Forwards (from upper level)
   latGETnl: 83576 # GET request latency on next level
   latGETnet: 0 # GET request latency on network to next level
  l1i-3: # Filter cache stats
   fhGETS: 111296204 # Filtered GETS hits
   fhGETX: 0 # Filtered GETX hits
   hGETS: 642416 # GETS hits
   hGETX: 0 # GETX hits
   mGETS: 1832 # GETS misses
   mGETXIM: 0 # GETX I->M misses
   mGETXSM: 0 # GETX S->M misses (upgrade misses)
   PUTS: 0 # Clean evictions (from lower level)
   PUTX: 0 # Dirty evictions (from lower level)
   INV: 1697 # Invalidates (from upper level)
   INVX: 0 # Downgrades (from upper level)
   FWD: 0 # Forwards (from upper level)
   latGETnl: 109628 # GET request latency on next level
   latGETnet: 0 # GET request latency on network to next level
  l1i-4: # Filter cache stats
   fhGETS: 116781101 # Filtered GETS hits
   fhGETX: 0 # Filtered GETX hits
   hGETS: 812095 # GETS hits
   hGETX: 0 # GETX hits
   mGETS: 1787 # GETS misses
   mGETXIM: 0 # GETX I->M misses
   mGETXSM: 0 # GETX S->M misses (upgrade misses)
   PUTS: 0 # Clean evictions (from lower level)
   PUTX: 0 # Dirty evictions (from lower level)
   INV: 1665 # Invalidates (from upper level)
   INVX: 0 # Downgrades (from upper level)
   FWD: 0 # Forwards (from upper level)
   latGETnl: 76508 # GET request latency on next level
   latGETnet: 0 # GET request latency on network to next level
  l1i-5: # Filter cache stats
   fhGETS: 133491684 # Filtered GETS hits
   fhGETX: 0 # Filtered GETX hits
   hGETS: 1076255 # GETS hits
   hGETX: 0 # GETX hits
   mGETS: 1846 # GETS misses
   mGETXIM: 0 # GETX I->M misses
   mGETXSM: 0 # GETX S->M misses (upgrade misses)
   PUTS: 0 # Clean evictions (from lower level)
   PUTX: 0 # Dirty evictions (from lower level)
   INV: 1706 # Invalidates (from upper level)
   INVX: 0 # Downgrades (from upper level)
   FWD: 0 # Forwards (from upper level)
   latGETnl: 80134 # GET request latency on next level
   latGETnet: 0 # GET request latency on network to next level
  l1i-6: # Filter cache stats
   fhGETS: 139290677 # Filtered GETS hits
   fhGETX: 0 # Filtered GETX hits
   hGETS: 1268906 # GETS hits
   hGETX: 0 # GETX hits
   mGETS: 1655 # GETS misses
   mGETXIM: 0 # GETX I->M misses
   mGETXSM: 0 # GETX S->M misses (upgrade misses)
   PUTS: 0 # Clean evictions (from lower level)
   PUTX: 0 # Dirty evictions (from lower level)
   INV: 1536 # Invalidates (from upper level)
   INVX: 0 # Downgrades (from upper level)
   FWD: 0 # Forwards (from upper level)
   latGETnl: 87680 # GET request latency on next level
   latGETnet: 0 # GET request latency on network to next level
  l1i-7: # Filter cache stats
   fhGETS: 115529410 # Filtered GETS hits
   fhGETX: 0 # Filtered GETX hits
   hGETS: 622713 # GETS hits
   hGETX: 0 # GETX hits
   mGETS: 1814 # GETS misses
   mGETXIM: 0 # GETX I->M misses
   mGETXSM: 0 # GETX S->M misses (upgrade misses)
   PUTS: 0 # Clean evictions (from lower level)
   PUTX: 0 # Dirty evictions (from lower level)
   INV: 1688 # Invalidates (from upper level)
   INVX: 0 # Downgrades (from upper level)
   FWD: 0 # Forwards (from upper level)
   latGETnl: 89576 # GET request latency on next level
   latGETnet: 0 # GET request latency on network to next level
 l1d: # Cache stats
  l1d-0: # Filter cache stats
   fhGETS: 147610501 # Filtered GETS hits
   fhGETX: 23727807 # Filtered GETX hits
   hGETS: 13516158 # GETS hits
   hGETX: 3431947 # GETX hits
   mGETS: 653094 # GETS misses
   mGETXIM: 171066 # GETX I->M misses
   mGETXSM: 7821 # GETX S->M misses (upgrade misses)
   PUTS: 0 # Clean evictions (from lower level)
   PUTX: 0 # Dirty evictions (from lower level)
   INV: 9947 # Invalidates (from upper level)
   INVX: 16535 # Downgrades (from upper level)
   FWD: 0 # Forwards (from upper level)
   latGETnl: 76804770 # GET request latency on next level
   latGETnet: 0 # GET request latency on network to next level
  l1d-1: # Filter cache stats
   fhGETS: 149646657 # Filtered GETS hits
   fhGETX: 22496988 # Filtered GETX hits
   hGETS: 14462282 # GETS hits
   hGETX: 3470839 # GETX hits
   mGETS: 665181 # GETS misses
   mGETXIM: 184419 # GETX I->M misses
   mGETXSM: 30024 # GETX S->M misses (upgrade misses)
   PUTS: 0 # Clean evictions (from lower level)
   PUTX: 0 # Dirty evictions (from lower level)
   INV: 4886 # Invalidates (from upper level)
   INVX: 7050 # Downgrades (from upper level)
   FWD: 0 # Forwards (from upper level)
   latGETnl: 76179317 # GET request latency on next level
   latGETnet: 0 # GET request latency on network to next level
  l1d-2: # Filter cache stats
   fhGETS: 158679898 # Filtered GETS hits
   fhGETX: 24729367 # Filtered GETX hits
   hGETS: 15576742 # GETS hits
   hGETX: 3766726 # GETX hits
   mGETS: 701156 # GETS misses
   mGETXIM: 187072 # GETX I->M misses
   mGETXSM: 28158 # GETX S->M misses (upgrade misses)
   PUTS: 0 # Clean evictions (from lower level)
   PUTX: 0 # Dirty evictions (from lower level)
   INV: 5307 # Invalidates (from upper level)
   INVX: 6963 # Downgrades (from upper level)
   FWD: 0 # Forwards (from upper level)
   latGETnl: 78540192 # GET request latency on next level
   latGETnet: 0 # GET request latency on network to next level
  l1d-3: # Filter cache stats
   fhGETS: 133330695 # Filtered GETS hits
   fhGETX: 20632334 # Filtered GETX hits
   hGETS: 12475981 # GETS hits
   hGETX: 3072535 # GETX hits
   mGETS: 659212 # GETS misses
   mGETXIM: 163620 # GETX I->M misses
   mGETXSM: 13131 # GETX S->M misses (upgrade misses)
   PUTS: 0 # Clean evictions (from lower level)
   PUTX: 0 # Dirty evictions (from lower level)
   INV: 14062 # Invalidates (from upper level)
   INVX: 31292 # Downgrades (from upper level)
   FWD: 0 # Forwards (from upper level)
   latGETnl: 77485233 # GET request latency on next level
   latGETnet: 0 # GET request latency on network to next level
  l1d-4: # Filter cache stats
   fhGETS: 141247085 # Filtered GETS hits
   fhGETX: 22578939 # Filtered GETX hits
   hGETS: 13463357 # GETS hits
   hGETX: 3317927 # GETX hits
   mGETS: 689168 # GETS misses
   mGETXIM: 165522 # GETX I->M misses
   mGETXSM: 11412 # GETX S->M misses (upgrade misses)
   PUTS: 0 # Clean evictions (from lower level)
   PUTX: 0 # Dirty evictions (from lower level)
   INV: 13307 # Invalidates (from upper level)
   INVX: 28534 # Downgrades (from upper level)
   FWD: 0 # Forwards (from upper level)
   latGETnl: 79870583 # GET request latency on next level
   latGETnet: 0 # GET request latency on network to next level
  l1d-5: # Filter cache stats
   fhGETS: 161924043 # Filtered GETS hits
   fhGETX: 27249455 # Filtered GETX hits
   hGETS: 15113694 # GETS hits
   hGETX: 3806607 # GETX hits
   mGETS: 758299 # GETS misses
   mGETXIM: 184518 # GETX I->M misses
   mGETXSM: 38656 # GETX S->M misses (upgrade misses)
   PUTS: 0 # Clean evictions (from lower level)
   PUTX: 0 # Dirty evictions (from lower level)
   INV: 6119 # Invalidates (from upper level)
   INVX: 11558 # Downgrades (from upper level)
   FWD: 0 # Forwards (from upper level)
   latGETnl: 79136037 # GET request latency on next level
   latGETnet: 0 # GET request latency on network to next level
  l1d-6: # Filter cache stats
   fhGETS: 170478484 # Filtered GETS hits
   fhGETX: 29191387 # Filtered GETX hits
   hGETS: 16035487 # GETS hits
   hGETX: 4066844 # GETX hits
   mGETS: 798016 # GETS misses
   mGETXIM: 187072 # GETX I->M misses
   mGETXSM: 40330 # GETX S->M misses (upgrade misses)
   PUTS: 0 # Clean evictions (from lower level)
   PUTX: 0 # Dirty evictions (from lower level)
   INV: 8355 # Invalidates (from upper level)
   INVX: 14475 # Downgrades (from upper level)
   FWD: 0 # Forwards (from upper level)
   latGETnl: 81576810 # GET request latency on next level
   latGETnet: 0 # GET request latency on network to next level
  l1d-7: # Filter cache stats
   fhGETS: 139118280 # Filtered GETS hits
   fhGETX: 21635479 # Filtered GETX hits
   hGETS: 12570912 # GETS hits
   hGETX: 3153138 # GETX hits
   mGETS: 621542 # GETS misses
   mGETXIM: 168474 # GETX I->M misses
   mGETXSM: 6661 # GETX S->M misses (upgrade misses)
   PUTS: 0 # Clean evictions (from lower level)
   PUTX: 0 # Dirty evictions (from lower level)
   INV: 10708 # Invalidates (from upper level)
   INVX: 18893 # Downgrades (from upper level)
   FWD: 0 # Forwards (from upper level)
   latGETnl: 74318055 # GET request latency on next level
   latGETnet: 0 # GET request latency on network to next level
 l2: # Cache stats
  l2-0: # Cache stats
   hGETS: 146343 # GETS hits
   hGETX: 2 # GETX hits
   mGETS: 508686 # GETS misses
   mGETXIM: 170720 # GETX I->M misses
   mGETXSM: 8165 # GETX S->M misses (upgrade misses)
   PUTS: 422971 # Clean evictions (from lower level)
   PUTX: 390740 # Dirty evictions (from lower level)
   INV: 33033 # Invalidates (from upper level)
   INVX: 67163 # Downgrades (from upper level)
   FWD: 0 # Forwards (from upper level)
   latGETnl: 68550840 # GET request latency on next level
   latGETnet: 0 # GET request latency on network to next level
  l2-1: # Cache stats
   hGETS: 136626 # GETS hits
   hGETX: 6 # GETX hits
   mGETS: 530332 # GETS misses
   mGETXIM: 184414 # GETX I->M misses
   mGETXSM: 30023 # GETX S->M misses (upgrade misses)
   PUTS: 444811 # Clean evictions (from lower level)
   PUTX: 399404 # Dirty evictions (from lower level)
   INV: 16678 # Invalidates (from upper level)
   INVX: 17255 # Downgrades (from upper level)
   FWD: 0 # Forwards (from upper level)
   latGETnl: 67442285 # GET request latency on next level
   latGETnet: 0 # GET request latency on network to next level
  l2-2: # Cache stats
   hGETS: 146292 # GETS hits
   hGETX: 4 # GETX hits
   mGETS: 556618 # GETS misses
   mGETXIM: 187070 # GETX I->M misses
   mGETXSM: 28156 # GETX S->M misses (upgrade misses)
   PUTS: 457247 # Clean evictions (from lower level)
   PUTX: 425182 # Dirty evictions (from lower level)
   INV: 12914 # Invalidates (from upper level)
   INVX: 13019 # Downgrades (from upper level)
   FWD: 0 # Forwards (from upper level)
   latGETnl: 69442368 # GET request latency on next level
   latGETnet: 0 # GET request latency on network to next level
  l2-3: # Cache stats
   hGETS: 141157 # GETS hits
   hGETX: 2 # GETX hits
   mGETS: 519887 # GETS misses
   mGETXIM: 163250 # GETX I->M misses
   mGETXSM: 13499 # GETX S->M misses (upgrade misses)
   PUTS: 430944 # Clean evictions (from lower level)
   PUTX: 377337 # Dirty evictions (from lower level)
   INV: 55404 # Invalidates (from upper level)
   INVX: 114242 # Downgrades (from upper level)
   FWD: 0 # Forwards (from upper level)
   latGETnl: 69216911 # GET request latency on next level
   latGETnet: 0 # GET request latency on network to next level
  l2-4: # Cache stats
   hGETS: 146916 # GETS hits
   hGETX: 3 # GETX hits
   mGETS: 544039 # GETS misses
   mGETXIM: 165176 # GETX I->M misses
   mGETXSM: 11755 # GETX S->M misses (upgrade misses)
   PUTS: 440497 # Clean evictions (from lower level)
   PUTX: 400386 # Dirty evictions (from lower level)
   INV: 51240 # Invalidates (from upper level)
   INVX: 109053 # Downgrades (from upper level)
   FWD: 0 # Forwards (from upper level)
   latGETnl: 71268201 # GET request latency on next level
   latGETnet: 0 # GET request latency on network to next level
  l2-5: # Cache stats
   hGETS: 149050 # GETS hits
   hGETX: 5 # GETX hits
   mGETS: 611095 # GETS misses
   mGETXIM: 184523 # GETX I->M misses
   mGETXSM: 38646 # GETX S->M misses (upgrade misses)
   PUTS: 479252 # Clean evictions (from lower level)
   PUTX: 456963 # Dirty evictions (from lower level)
   INV: 16687 # Invalidates (from upper level)
   INVX: 19704 # Downgrades (from upper level)
   FWD: 0 # Forwards (from upper level)
   latGETnl: 69382981 # GET request latency on next level
   latGETnet: 0 # GET request latency on network to next level
  l2-6: # Cache stats
   hGETS: 160026 # GETS hits
   hGETX: 4 # GETX hits
   mGETS: 639645 # GETS misses
   mGETXIM: 187069 # GETX I->M misses
   mGETXSM: 40329 # GETX S->M misses (upgrade misses)
   PUTS: 493934 # Clean evictions (from lower level)
   PUTX: 482314 # Dirty evictions (from lower level)
   INV: 16213 # Invalidates (from upper level)
   INVX: 20328 # Downgrades (from upper level)
   FWD: 0 # Forwards (from upper level)
   latGETnl: 71393760 # GET request latency on next level
   latGETnet: 0 # GET request latency on network to next level
  l2-7: # Cache stats
   hGETS: 140062 # GETS hits
   hGETX: 3 # GETX hits
   mGETS: 483294 # GETS misses
   mGETXIM: 168120 # GETX I->M misses
   mGETXSM: 7012 # GETX S->M misses (upgrade misses)
   PUTS: 411919 # Clean evictions (from lower level)
   PUTX: 366883 # Dirty evictions (from lower level)
   INV: 32701 # Invalidates (from upper level)
   INVX: 66415 # Downgrades (from upper level)
   FWD: 0 # Forwards (from upper level)
   latGETnl: 66422721 # GET request latency on next level
   latGETnet: 0 # GET request latency on network to next level
 l3: # Cache stats
  l3-0b0: # Cache stats
   hGETS: 160981 # GETS hits
   hGETX: 26764 # GETX hits
   mGETS: 388239 # GETS misses
   mGETXIM: 171350 # GETX I->M misses
   mGETXSM: 0 # GETX S->M misses (upgrade misses)
   PUTS: 359176 # Clean evictions (from lower level)
   PUTX: 333175 # Dirty evictions (from lower level)
   INV: 0 # Invalidates (from upper level)
   INVX: 0 # Downgrades (from upper level)
   FWD: 0 # Forwards (from upper level)
   latGETnl: 50363010 # GET request latency on next level
   latGETnet: 0 # GET request latency on network to next level
  l3-0b1: # Cache stats
   hGETS: 161895 # GETS hits
   hGETX: 27220 # GETX hits
   mGETS: 388985 # GETS misses
   mGETXIM: 171396 # GETX I->M misses
   mGETXSM: 0 # GETX S->M misses (upgrade misses)
   PUTS: 361036 # Clean evictions (from lower level)
   PUTX: 332728 # Dirty evictions (from lower level)
   INV: 0 # Invalidates (from upper level)
   INVX: 0 # Downgrades (from upper level)
   FWD: 0 # Forwards (from upper level)
   latGETnl: 50434290 # GET request latency on next level
   latGETnet: 0 # GET request latency on network to next level
  l3-0b2: # Cache stats
   hGETS: 160952 # GETS hits
   hGETX: 27902 # GETX hits
   mGETS: 387741 # GETS misses
   mGETXIM: 171280 # GETX I->M misses
   mGETXSM: 0 # GETX S->M misses (upgrade misses)
   PUTS: 358463 # Clean evictions (from lower level)
   PUTX: 332280 # Dirty evictions (from lower level)
   INV: 0 # Invalidates (from upper level)
   INVX: 0 # Downgrades (from upper level)
   FWD: 0 # Forwards (from upper level)
   latGETnl: 50311890 # GET request latency on next level
   latGETnet: 0 # GET request latency on network to next level
  l3-0b3: # Cache stats
   hGETS: 161603 # GETS hits
   hGETX: 27226 # GETX hits
   mGETS: 388274 # GETS misses
   mGETXIM: 171405 # GETX I->M misses
   mGETXSM: 0 # GETX S->M misses (upgrade misses)
   PUTS: 359703 # Clean evictions (from lower level)
   PUTX: 333020 # Dirty evictions (from lower level)
   INV: 0 # Invalidates (from upper level)
   INVX: 0 # Downgrades (from upper level)
   FWD: 0 # Forwards (from upper level)
   latGETnl: 50371110 # GET request latency on next level
   latGETnet: 0 # GET request latency on network to next level
  l3-0b4: # Cache stats
   hGETS: 160674 # GETS hits
   hGETX: 27214 # GETX hits
   mGETS: 388640 # GETS misses
   mGETXIM: 171348 # GETX I->M misses
   mGETXSM: 0 # GETX S->M misses (upgrade misses)
   PUTS: 359903 # Clean evictions (from lower level)
   PUTX: 332148 # Dirty evictions (from lower level)
   INV: 0 # Invalidates (from upper level)
   INVX: 0 # Downgrades (from upper level)
   FWD: 0 # Forwards (from upper level)
   latGETnl: 50398920 # GET request latency on next level
   latGETnet: 0 # GET request latency on network to next level
  l3-0b5: # Cache stats
   hGETS: 160260 # GETS hits
   hGETX: 27309 # GETX hits
   mGETS: 387828 # GETS misses
   mGETXIM: 171282 # GETX I->M misses
   mGETXSM: 0 # GETX S->M misses (upgrade misses)
   PUTS: 358451 # Clean evictions (from lower level)
   PUTX: 332585 # Dirty evictions (from lower level)
   INV: 0 # Invalidates (from upper level)
   INVX: 0 # Downgrades (from upper level)
   FWD: 0 # Forwards (from upper level)
   latGETnl: 50319900 # GET request latency on next level
   latGETnet: 0 # GET request latency on network to next level
  l3-0b6: # Cache stats
   hGETS: 160297 # GETS hits
   hGETX: 26588 # GETX hits
   mGETS: 388820 # GETS misses
   mGETXIM: 171404 # GETX I->M misses
   mGETXSM: 0 # GETX S->M misses (upgrade misses)
   PUTS: 359504 # Clean evictions (from lower level)
   PUTX: 332758 # Dirty evictions (from lower level)
   INV: 0 # Invalidates (from upper level)
   INVX: 0 # Downgrades (from upper level)
   FWD: 0 # Forwards (from upper level)
   latGETnl: 50420160 # GET request latency on next level
   latGETnet: 0 # GET request latency on network to next level
  l3-0b7: # Cache stats
   hGETS: 160211 # GETS hits
   hGETX: 26972 # GETX hits
   mGETS: 388196 # GETS misses
   mGETXIM: 171267 # GETX I->M misses
   mGETXSM: 0 # GETX S->M misses (upgrade misses)
   PUTS: 359327 # Clean evictions (from lower level)
   PUTX: 332353 # Dirty evictions (from lower level)
   INV: 0 # Invalidates (from upper level)
   INVX: 0 # Downgrades (from upper level)
   FWD: 0 # Forwards (from upper level)
   latGETnl: 50351670 # GET request latency on next level
   latGETnet: 0 # GET request latency on network to next level
 mem: # Memory controller stats
  mem-0: # Memory controller stats
   rd: 1120580 # Read requests
   wr: 571849 # Write requests
   rdlat: 168124625 # Total latency experienced by read requests
   wrlat: 129576988 # Total latency experienced by write requests
   rdhits: 21251 # Read row hits
   wrhits: 6332 # Write row hits
   mlh: # latency histogram for memory requests
    0: 0
    1: 0
    2: 0
    3: 0
    4: 0
    5: 0
    6: 0
    7: 0
    8: 0
    9: 0
    10: 0
    11: 1074
    12: 1305
    13: 791360
    14: 95448
    15: 66998
    16: 40135
    17: 15586
    18: 11034
    19: 11139
    20: 9795
    21: 8778
    22: 6907
    23: 6240
    24: 5752
    25: 3887
    26: 2534
    27: 2329
    28: 2179
    29: 2118
    30: 2074
    31: 2096
    32: 2142
    33: 2251
    34: 2274
    35: 2267
    36: 2311
    37: 2300
    38: 2183
    39: 2029
    40: 1987
    41: 1885
    42: 1831
    43: 1358
    44: 1185
    45: 995
    46: 920
    47: 755
    48: 516
    49: 340
    50: 230
    51: 204
    52: 175
    53: 153
    54: 131
    55: 106
    56: 103
    57: 85
    58: 77
    59: 60
    60: 63
    61: 51
    62: 45
    63: 57
    64: 42
    65: 57
    66: 41
    67: 61
    68: 52
    69: 45
    70: 55
    71: 31
    72: 38
    73: 39
    74: 45
    75: 40
    76: 36
    77: 21
    78: 24
    79: 21
    80: 14
    81: 20
    82: 19
    83: 18
    84: 8
    85: 5
    86: 3
    87: 1
    88: 1
    89: 1
    90: 1
    91: 0
    92: 0
    93: 0
    94: 0
    95: 0
    96: 0
    97: 0
    98: 0
    99: 4
  mem-1: # Memory controller stats
   rd: 1118538 # Read requests
   wr: 572623 # Write requests
   rdlat: 167431306 # Total latency experienced by read requests
   wrlat: 129106322 # Total latency experienced by write requests
   rdhits: 21193 # Read row hits
   wrhits: 6445 # Write row hits
   mlh: # latency histogram for memory requests
    0: 0
    1: 0
    2: 0
    3: 0
    4: 0
    5: 0
    6: 0
    7: 0
    8: 0
    9: 0
    10: 0
    11: 911
    12: 1310
    13: 789497
    14: 95755
    15: 67766
    16: 40386
    17: 15415
    18: 11226
    19: 11067
    20: 10094
    21: 8829
    22: 6713
    23: 6119
    24: 5751
    25: 4050
    26: 2566
    27: 2270
    28: 2102
    29: 2042
    30: 1981
    31: 2079
    32: 2006
    33: 2168
    34: 2199
    35: 2214
    36: 2260
    37: 2234
    38: 2184
    39: 2015
    40: 2019
    41: 1899
    42: 1751
    43: 1345
    44: 1134
    45: 996
    46: 792
    47: 677
    48: 530
    49: 332
    50: 261
    51: 203
    52: 143
    53: 113
    54: 103
    55: 81
    56: 71
    57: 56
    58: 49
    59: 45
    60: 46
    61: 42
    62: 44
    63: 46
    64: 43
    65: 48
    66: 53
    67: 56
    68: 39
    69: 45
    70: 33
    71: 21
    72: 29
    73: 28
    74: 22
    75: 12
    76: 7
    77: 13
    78: 11
    79: 21
    80: 27
    81: 14
    82: 8
    83: 7
    84: 6
    85: 1
    86: 1
    87: 0
    88: 2
    89: 1
    90: 1
    91: 1
    92: 1
    93: 0
    94: 0
    95: 0
    96: 0
    97: 0
    98: 0
    99: 0
  mem-2: # Memory controller stats
   rd: 1120561 # Read requests
   wr: 571798 # Write requests
   rdlat: 168093169 # Total latency experienced by read requests
   wrlat: 129587868 # Total latency experienced by write requests
   rdhits: 21255 # Read row hits
   wrhits: 6487 # Write row hits
   mlh: # latency histogram for memory requests
    0: 0
    1: 0
    2: 0
    3: 0
    4: 0
    5: 0
    6: 0
    7: 0
    8: 0
    9: 0
    10: 0
    11: 1038
    12: 1274
    13: 791156
    14: 95546
    15: 67339
    16: 39744
    17: 15222
    18: 11151
    19: 11190
    20: 9947
    21: 8872
    22: 6911
    23: 6470
    24: 5891
    25: 4138
    26: 2509
    27: 2284
    28: 2069
    29: 2170
    30: 2098
    31: 2148
    32: 2122
    33: 2088
    34: 2230
    35: 2177
    36: 2242
    37: 2228
    38: 2146
    39: 2000
    40: 1952
    41: 2049
    42: 1641
    43: 1495
    44: 1195
    45: 1022
    46: 849
    47: 805
    48: 600
    49: 379
    50: 266
    51: 231
    52: 171
    53: 160
    54: 132
    55: 114
    56: 82
    57: 51
    58: 50
    59: 51
    60: 50
    61: 48
    62: 42
    63: 45
    64: 52
    65: 60
    66: 51
    67: 49
    68: 52
    69: 51
    70: 47
    71: 56
    72: 40
    73: 31
    74: 25
    75: 17
    76: 17
    77: 14
    78: 9
    79: 7
    80: 17
    81: 15
    82: 15
    83: 15
    84: 10
    85: 7
    86: 11
    87: 2
    88: 1
    89: 2
    90: 1
    91: 1
    92: 0
    93: 1
    94: 0
    95: 0
    96: 1
    97: 1
    98: 1
    99: 2
  mem-3: # Memory controller stats
   rd: 1117774 # Read requests
   wr: 571676 # Write requests
   rdlat: 167750368 # Total latency experienced by read requests
   wrlat: 129302265 # Total latency experienced by write requests
   rdhits: 21499 # Read row hits
   wrhits: 6299 # Write row hits
   mlh: # latency histogram for memory requests
    0: 0
    1: 0
    2: 0
    3: 0
    4: 0
    5: 0
    6: 0
    7: 0
    8: 0
    9: 0
    10: 0
    11: 1011
    12: 1303
    13: 787225
    14: 96004
    15: 67812
    16: 40197
    17: 15737
    18: 11236
    19: 11203
    20: 9963
    21: 8786
    22: 6593
    23: 6130
    24: 5717
    25: 4050
    26: 2459
    27: 2320
    28: 2151
    29: 1972
    30: 1958
    31: 2114
    32: 2032
    33: 2172
    34: 2222
    35: 2285
    36: 2308
    37: 2347
    38: 2248
    39: 2105
    40: 2002
    41: 1875
    42: 1742
    43: 1467
    44: 1180
    45: 1038
    46: 876
    47: 786
    48: 537
    49: 360
    50: 282
    51: 224
    52: 184
    53: 176
    54: 120
    55: 94
    56: 72
    57: 60
    58: 71
    59: 64
    60: 34
    61: 48
    62: 55
    63: 63
    64: 65
    65: 59
    66: 39
    67: 42
    68: 48
    69: 58
    70: 44
    71: 44
    72: 31
    73: 18
    74: 20
    75: 22
    76: 26
    77: 24
    78: 28
    79: 27
    80: 16
    81: 18
    82: 12
    83: 9
    84: 5
    85: 8
    86: 7
    87: 5
    88: 2
    89: 1
    90: 5
    91: 2
    92: 3
    93: 1
    94: 2
    95: 1
    96: 0
    97: 3
    98: 0
    99: 9
 sched: # Scheduler stats
  thCr: 9 # Threads created
  thFn: 0 # Threads finished
  schedEvs: 9 # Schedule events
  waitEvs: 1 # Wait events
  handoffEvs: 0 # Handoff events
  sleepEvs: 0 # Sleep events
  idlePhases: 0 # Phases with no thread active
  idlePeriods: 0 # Periods with no thread active
  occHist: # Occupancy histogram
   0: 0
   1: 1
   2: 0
   3: 0
   4: 0
   5: 0
   6: 0
   7: 0
   8: 51535
  rqSzHist: # Run queue size histogram
   0: 51536
   1: 0
   2: 0
   3: 0
   4: 0
   5: 0
   6: 0
   7: 0
   8: 0
   9: 0
   10: 0
   11: 0
   12: 0
   13: 0
   14: 0
   15: 0
   16: 0
 procCycles: # Per-process unhalted core cycles
  0: 3617902854
  1: 0
  2: 0
  3: 0
  4: 0
  5: 0
  6: 0
  7: 0
  8: 0
  9: 0
  10: 0
  11: 0
  12: 0
  13: 0
  14: 0
  15: 0
  16: 0
  17: 0
  18: 0
  19: 0
  20: 0
  21: 0
  22: 0
  23: 0
  24: 0
  25: 0
  26: 0
  27: 0
  28: 0
  29: 0
  30: 0
  31: 0
  32: 0
  33: 0
  34: 0
  35: 0
  36: 0
  37: 0
  38: 0
  39: 0
  40: 0
  41: 0
  42: 0
  43: 0
  44: 0
  45: 0
  46: 0
  47: 0
  48: 0
  49: 0
  50: 0
  51: 0
  52: 0
  53: 0
  54: 0
  55: 0
  56: 0
  57: 0
  58: 0
  59: 0
  60: 0
  61: 0
  62: 0
  63: 0
 procInstrs: # Per-process instructions
  0: 5000042218
  1: 0
  2: 0
  3: 0
  4: 0
  5: 0
  6: 0
  7: 0
  8: 0
  9: 0
  10: 0
  11: 0
  12: 0
  13: 0
  14: 0
  15: 0
  16: 0
  17: 0
  18: 0
  19: 0
  20: 0
  21: 0
  22: 0
  23: 0
  24: 0
  25: 0
  26: 0
  27: 0
  28: 0
  29: 0
  30: 0
  31: 0
  32: 0
  33: 0
  34: 0
  35: 0
  36: 0
  37: 0
  38: 0
  39: 0
  40: 0
  41: 0
  42: 0
  43: 0
  44: 0
  45: 0
  46: 0
  47: 0
  48: 0
  49: 0
  50: 0
  51: 0
  52: 0
  53: 0
  54: 0
  55: 0
  56: 0
  57: 0
  58: 0
  59: 0
  60: 0
  61: 0
  62: 0
  63: 0
 heartbeats: # Per-process heartbeats
  0: 0
  1: 0
  2: 0
  3: 0
  4: 0
  5: 0
  6: 0
  7: 0
  8: 0
  9: 0
  10: 0
  11: 0
  12: 0
  13: 0
  14: 0
  15: 0
  16: 0
  17: 0
  18: 0
  19: 0
  20: 0
  21: 0
  22: 0
  23: 0
  24: 0
  25: 0
  26: 0
  27: 0
  28: 0
  29: 0
  30: 0
  31: 0
  32: 0
  33: 0
  34: 0
  35: 0
  36: 0
  37: 0
  38: 0
  39: 0
  40: 0
  41: 0
  42: 0
  43: 0
  44: 0
  45: 0
  46: 0
  47: 0
  48: 0
  49: 0
  50: 0
  51: 0
  52: 0
  53: 0
  54: 0
  55: 0
  56: 0
  57: 0
  58: 0
  59: 0
  60: 0
  61: 0
  62: 0
  63: 0
===
