# zsim stats
===
root: # Stats
 contention: # Contention simulation stats
  domain-0: # Domain stats
   time: 206274191 # Weave simulation time
 time: # Simulator time breakdown
  init: 480067466458
  bound: 6213450901
  weave: 353232240
  ff: 0
 trigger: 20000 # Reason for this stats dump
 phase: 13161 # Simulated phases
 westmere: # Core stats
  westmere-0: # Core stats
   cycles: 131610004 # Simulated unhalted cycles
   cCycles: 9584150 # Cycles due to contention stalls
   instrs: 100001586 # Simulated instructions
   uops: 119436089 # Retired micro-ops
   bbls: 22505042 # Basic blocks
   approxInstrs: 237099 # Instrs with approx uop decoding
   mispredBranches: 1138015 # Mispredicted branches
   condBranches: 17115739 # conditional branches
 l1i: # Cache stats
  l1i-0: # Filter cache stats
   fhGETS: 25095766 # Filtered GETS hits
   fhGETX: 0 # Filtered GETX hits
   hGETS: 2023146 # GETS hits
   hGETX: 0 # GETX hits
   mGETS: 702416 # GETS misses
   mGETXIM: 0 # GETX I->M misses
   mGETXSM: 0 # GETX S->M misses (upgrade misses)
   PUTS: 0 # Clean evictions (from lower level)
   PUTX: 0 # Dirty evictions (from lower level)
   INV: 15 # Invalidates (from upper level)
   INVX: 0 # Downgrades (from upper level)
   FWD: 0 # Forwards (from upper level)
   latGETnl: 8701772 # GET request latency on next level
   latGETnet: 0 # GET request latency on network to next level
 l1d: # Cache stats
  l1d-0: # Filter cache stats
   fhGETS: 23242872 # Filtered GETS hits
   fhGETX: 15445338 # Filtered GETX hits
   hGETS: 2042227 # GETS hits
   hGETX: 992306 # GETX hits
   mGETS: 1505816 # GETS misses
   mGETXIM: 1556146 # GETX I->M misses
   mGETXSM: 0 # GETX S->M misses (upgrade misses)
   PUTS: 0 # Clean evictions (from lower level)
   PUTX: 0 # Dirty evictions (from lower level)
   INV: 1 # Invalidates (from upper level)
   INVX: 0 # Downgrades (from upper level)
   FWD: 0 # Forwards (from upper level)
   latGETnl: 101344338 # GET request latency on next level
   latGETnet: 0 # GET request latency on network to next level
 l2: # Cache stats
  l2-0: # Cache stats
   hGETS: 1058456 # GETS hits
   hGETX: 949357 # GETX hits
   mGETS: 1149776 # GETS misses
   mGETXIM: 606789 # GETX I->M misses
   mGETXSM: 0 # GETX S->M misses (upgrade misses)
   PUTS: 1910552 # Clean evictions (from lower level)
   PUTX: 1852786 # Dirty evictions (from lower level)
   INV: 6 # Invalidates (from upper level)
   INVX: 0 # Downgrades (from upper level)
   FWD: 0 # Forwards (from upper level)
   latGETnl: 72402330 # GET request latency on next level
   latGETnet: 0 # GET request latency on network to next level
 l3: # Cache stats
  l3-0: # Cache stats
   hGETS: 869457 # GETS hits
   hGETX: 551055 # GETX hits
   mGETS: 280319 # GETS misses
   mGETXIM: 55734 # GETX I->M misses
   mGETXSM: 0 # GETX S->M misses (upgrade misses)
   PUTS: 988298 # Clean evictions (from lower level)
   PUTX: 764165 # Dirty evictions (from lower level)
   INV: 0 # Invalidates (from upper level)
   INVX: 0 # Downgrades (from upper level)
   FWD: 0 # Forwards (from upper level)
   latGETnl: 30244770 # GET request latency on next level
   latGETnet: 0 # GET request latency on network to next level
 mem: # Memory controller stats
  mem-0: # Memory controller stats
   rd: 85064 # Read requests
   wr: 18258 # Write requests
   rdlat: 11414810 # Total latency experienced by read requests
   wrlat: 2657356 # Total latency experienced by write requests
   rdhits: 36 # Read row hits
   wrhits: 19 # Write row hits
   mlh: # latency histogram for memory requests
    0: 0
    1: 0
    2: 0
    3: 0
    4: 0
    5: 0
    6: 0
    7: 0
    8: 0
    9: 0
    10: 0
    11: 3
    12: 8
    13: 82666
    14: 545
    15: 405
    16: 148
    17: 44
    18: 49
    19: 65
    20: 58
    21: 49
    22: 40
    23: 45
    24: 51
    25: 53
    26: 39
    27: 47
    28: 37
    29: 38
    30: 50
    31: 44
    32: 48
    33: 44
    34: 48
    35: 54
    36: 55
    37: 53
    38: 62
    39: 45
    40: 49
    41: 50
    42: 43
    43: 18
    44: 2
    45: 3
    46: 4
    47: 2
    48: 0
    49: 0
    50: 0
    51: 0
    52: 0
    53: 0
    54: 0
    55: 0
    56: 0
    57: 0
    58: 0
    59: 0
    60: 0
    61: 0
    62: 0
    63: 0
    64: 0
    65: 0
    66: 0
    67: 0
    68: 0
    69: 0
    70: 0
    71: 0
    72: 0
    73: 0
    74: 0
    75: 0
    76: 0
    77: 0
    78: 0
    79: 0
    80: 0
    81: 0
    82: 0
    83: 0
    84: 0
    85: 0
    86: 0
    87: 0
    88: 0
    89: 0
    90: 0
    91: 0
    92: 0
    93: 0
    94: 0
    95: 0
    96: 0
    97: 0
    98: 0
    99: 0
  mem-1: # Memory controller stats
   rd: 82989 # Read requests
   wr: 18452 # Write requests
   rdlat: 11129861 # Total latency experienced by read requests
   wrlat: 2680117 # Total latency experienced by write requests
   rdhits: 34 # Read row hits
   wrhits: 15 # Write row hits
   mlh: # latency histogram for memory requests
    0: 0
    1: 0
    2: 0
    3: 0
    4: 0
    5: 0
    6: 0
    7: 0
    8: 0
    9: 0
    10: 0
    11: 4
    12: 9
    13: 80522
    14: 633
    15: 431
    16: 205
    17: 51
    18: 44
    19: 58
    20: 52
    21: 35
    22: 40
    23: 29
    24: 51
    25: 44
    26: 41
    27: 36
    28: 37
    29: 43
    30: 43
    31: 43
    32: 41
    33: 41
    34: 41
    35: 45
    36: 58
    37: 47
    38: 48
    39: 43
    40: 49
    41: 42
    42: 46
    43: 20
    44: 5
    45: 5
    46: 5
    47: 0
    48: 2
    49: 0
    50: 0
    51: 0
    52: 0
    53: 0
    54: 0
    55: 0
    56: 0
    57: 0
    58: 0
    59: 0
    60: 0
    61: 0
    62: 0
    63: 0
    64: 0
    65: 0
    66: 0
    67: 0
    68: 0
    69: 0
    70: 0
    71: 0
    72: 0
    73: 0
    74: 0
    75: 0
    76: 0
    77: 0
    78: 0
    79: 0
    80: 0
    81: 0
    82: 0
    83: 0
    84: 0
    85: 0
    86: 0
    87: 0
    88: 0
    89: 0
    90: 0
    91: 0
    92: 0
    93: 0
    94: 0
    95: 0
    96: 0
    97: 0
    98: 0
    99: 0
  mem-2: # Memory controller stats
   rd: 85198 # Read requests
   wr: 18200 # Write requests
   rdlat: 11424766 # Total latency experienced by read requests
   wrlat: 2646502 # Total latency experienced by write requests
   rdhits: 64 # Read row hits
   wrhits: 13 # Write row hits
   mlh: # latency histogram for memory requests
    0: 0
    1: 0
    2: 0
    3: 0
    4: 0
    5: 0
    6: 0
    7: 0
    8: 0
    9: 0
    10: 0
    11: 20
    12: 13
    13: 82727
    14: 579
    15: 447
    16: 186
    17: 46
    18: 47
    19: 46
    20: 65
    21: 50
    22: 40
    23: 42
    24: 48
    25: 36
    26: 40
    27: 38
    28: 48
    29: 38
    30: 44
    31: 45
    32: 51
    33: 38
    34: 57
    35: 45
    36: 50
    37: 41
    38: 53
    39: 42
    40: 43
    41: 55
    42: 51
    43: 18
    44: 4
    45: 2
    46: 0
    47: 3
    48: 0
    49: 0
    50: 0
    51: 0
    52: 0
    53: 0
    54: 0
    55: 0
    56: 0
    57: 0
    58: 0
    59: 0
    60: 0
    61: 0
    62: 0
    63: 0
    64: 0
    65: 0
    66: 0
    67: 0
    68: 0
    69: 0
    70: 0
    71: 0
    72: 0
    73: 0
    74: 0
    75: 0
    76: 0
    77: 0
    78: 0
    79: 0
    80: 0
    81: 0
    82: 0
    83: 0
    84: 0
    85: 0
    86: 0
    87: 0
    88: 0
    89: 0
    90: 0
    91: 0
    92: 0
    93: 0
    94: 0
    95: 0
    96: 0
    97: 0
    98: 0
    99: 0
  mem-3: # Memory controller stats
   rd: 82802 # Read requests
   wr: 18250 # Write requests
   rdlat: 11105651 # Total latency experienced by read requests
   wrlat: 2655284 # Total latency experienced by write requests
   rdhits: 55 # Read row hits
   wrhits: 17 # Write row hits
   mlh: # latency histogram for memory requests
    0: 0
    1: 0
    2: 0
    3: 0
    4: 0
    5: 0
    6: 0
    7: 0
    8: 0
    9: 0
    10: 0
    11: 19
    12: 9
    13: 80276
    14: 691
    15: 428
    16: 180
    17: 45
    18: 47
    19: 52
    20: 57
    21: 44
    22: 37
    23: 42
    24: 48
    25: 53
    26: 46
    27: 31
    28: 35
    29: 40
    30: 43
    31: 53
    32: 46
    33: 37
    34: 41
    35: 35
    36: 53
    37: 42
    38: 47
    39: 58
    40: 42
    41: 52
    42: 48
    43: 18
    44: 1
    45: 2
    46: 2
    47: 1
    48: 0
    49: 1
    50: 0
    51: 0
    52: 0
    53: 0
    54: 0
    55: 0
    56: 0
    57: 0
    58: 0
    59: 0
    60: 0
    61: 0
    62: 0
    63: 0
    64: 0
    65: 0
    66: 0
    67: 0
    68: 0
    69: 0
    70: 0
    71: 0
    72: 0
    73: 0
    74: 0
    75: 0
    76: 0
    77: 0
    78: 0
    79: 0
    80: 0
    81: 0
    82: 0
    83: 0
    84: 0
    85: 0
    86: 0
    87: 0
    88: 0
    89: 0
    90: 0
    91: 0
    92: 0
    93: 0
    94: 0
    95: 0
    96: 0
    97: 0
    98: 0
    99: 0
 sched: # Scheduler stats
  thCr: 1 # Threads created
  thFn: 1 # Threads finished
  schedEvs: 1 # Schedule events
  waitEvs: 0 # Wait events
  handoffEvs: 0 # Handoff events
  sleepEvs: 0 # Sleep events
  idlePhases: 0 # Phases with no thread active
  idlePeriods: 0 # Periods with no thread active
  occHist: # Occupancy histogram
   0: 0
   1: 13161
  rqSzHist: # Run queue size histogram
   0: 13161
   1: 0
   2: 0
   3: 0
   4: 0
   5: 0
   6: 0
   7: 0
   8: 0
   9: 0
   10: 0
   11: 0
   12: 0
   13: 0
   14: 0
   15: 0
   16: 0
 procCycles: # Per-process unhalted core cycles
  0: 131610004
  1: 0
  2: 0
  3: 0
  4: 0
  5: 0
  6: 0
  7: 0
  8: 0
  9: 0
  10: 0
  11: 0
  12: 0
  13: 0
  14: 0
  15: 0
  16: 0
  17: 0
  18: 0
  19: 0
  20: 0
  21: 0
  22: 0
  23: 0
  24: 0
  25: 0
  26: 0
  27: 0
  28: 0
  29: 0
  30: 0
  31: 0
  32: 0
  33: 0
  34: 0
  35: 0
  36: 0
  37: 0
  38: 0
  39: 0
  40: 0
  41: 0
  42: 0
  43: 0
  44: 0
  45: 0
  46: 0
  47: 0
  48: 0
  49: 0
  50: 0
  51: 0
  52: 0
  53: 0
  54: 0
  55: 0
  56: 0
  57: 0
  58: 0
  59: 0
  60: 0
  61: 0
  62: 0
  63: 0
 procInstrs: # Per-process instructions
  0: 100001586
  1: 0
  2: 0
  3: 0
  4: 0
  5: 0
  6: 0
  7: 0
  8: 0
  9: 0
  10: 0
  11: 0
  12: 0
  13: 0
  14: 0
  15: 0
  16: 0
  17: 0
  18: 0
  19: 0
  20: 0
  21: 0
  22: 0
  23: 0
  24: 0
  25: 0
  26: 0
  27: 0
  28: 0
  29: 0
  30: 0
  31: 0
  32: 0
  33: 0
  34: 0
  35: 0
  36: 0
  37: 0
  38: 0
  39: 0
  40: 0
  41: 0
  42: 0
  43: 0
  44: 0
  45: 0
  46: 0
  47: 0
  48: 0
  49: 0
  50: 0
  51: 0
  52: 0
  53: 0
  54: 0
  55: 0
  56: 0
  57: 0
  58: 0
  59: 0
  60: 0
  61: 0
  62: 0
  63: 0
 heartbeats: # Per-process heartbeats
  0: 0
  1: 0
  2: 0
  3: 0
  4: 0
  5: 0
  6: 0
  7: 0
  8: 0
  9: 0
  10: 0
  11: 0
  12: 0
  13: 0
  14: 0
  15: 0
  16: 0
  17: 0
  18: 0
  19: 0
  20: 0
  21: 0
  22: 0
  23: 0
  24: 0
  25: 0
  26: 0
  27: 0
  28: 0
  29: 0
  30: 0
  31: 0
  32: 0
  33: 0
  34: 0
  35: 0
  36: 0
  37: 0
  38: 0
  39: 0
  40: 0
  41: 0
  42: 0
  43: 0
  44: 0
  45: 0
  46: 0
  47: 0
  48: 0
  49: 0
  50: 0
  51: 0
  52: 0
  53: 0
  54: 0
  55: 0
  56: 0
  57: 0
  58: 0
  59: 0
  60: 0
  61: 0
  62: 0
  63: 0
===
