[H] Starting zsim, built Tue Apr 28 18:42:23 CDT 2026 (rev no git repo)
[H] Creating global segment, 1024 MBs
[H] Global segment shmid = 6
[H] Deadlock detection ON
[S 0] Started instance
[S 0] Started RR scheduler, quantum=10000 phases
[S 0] [CARE] Care Policy Initialized...
[S 0] l3-0: mshrs 64 domain 0
[S 0] mem-0: domain 0, 4 ranks/ch 8 banks/rank, tech DDR3-1333-CL10, boundLat 90 rd / 40 wr
[S 0] mem-0: Address mapping rank:col:bank row 63:15 col 12:3 rank 14:13 bank 2:0
[S 0] mem-1: domain 0, 4 ranks/ch 8 banks/rank, tech DDR3-1333-CL10, boundLat 90 rd / 40 wr
[S 0] mem-1: Address mapping rank:col:bank row 63:15 col 12:3 rank 14:13 bank 2:0
[S 0] mem-2: domain 0, 4 ranks/ch 8 banks/rank, tech DDR3-1333-CL10, boundLat 90 rd / 40 wr
[S 0] mem-2: Address mapping rank:col:bank row 63:15 col 12:3 rank 14:13 bank 2:0
[S 0] mem-3: domain 0, 4 ranks/ch 8 banks/rank, tech DDR3-1333-CL10, boundLat 90 rd / 40 wr
[S 0] mem-3: Address mapping rank:col:bank row 63:15 col 12:3 rank 14:13 bank 2:0
[S 0] Hierarchy: [ l1i-0 l1d-0 ] -> l2-0
[S 0] Hierarchy: [ l2-0 ] -> l3-0
[S 0] Initialized system
[S 0] HDF5 backend: Opening ./outputs/project/CARE/leslie3d/zsim.h5
[S 0] HDF5 backend: Created table, 6224 bytes/record, 169 records/write
[S 0] HDF5 backend: Opening ./outputs/project/CARE/leslie3d/zsim-ev.h5
[S 0] HDF5 backend: Created table, 6224 bytes/record, 22 records/write
[S 0] HDF5 backend: Opening ./outputs/project/CARE/leslie3d/zsim-cmp.h5
[S 0] HDF5 backend: Created table, 3680 bytes/record, 1 records/write
[S 0] Initialization complete
[S 0] Started process, PID 113666
[S 0] procMask: 0x0
[S 0] [0] Adjusting clocks, domain 0, de-ffwd 0
[S 0] FFI mode initialized, 2 ffiPoints
[S 0] vDSO info initialized
[S 0] WARN: vsyscall page not found
[H] Attached to global heap
[S 0] FF thread 0 starting
[S 0] Started contention simulation thread 0
[S 0] FF control Thread TID 113671
[S 0] Started scheduler watchdog thread
[H] Some fast-forwarding is going on, not doing deadlock detection (a: 1, ff: 1, sff: 0)
[H] Some fast-forwarding is going on, not doing deadlock detection (a: 1, ff: 1, sff: 0)
[H] Some fast-forwarding is going on, not doing deadlock detection (a: 1, ff: 1, sff: 0)
[H] Some fast-forwarding is going on, not doing deadlock detection (a: 1, ff: 1, sff: 0)
[H] Some fast-forwarding is going on, not doing deadlock detection (a: 1, ff: 1, sff: 0)
[H] Some fast-forwarding is going on, not doing deadlock detection (a: 1, ff: 1, sff: 0)
[H] Some fast-forwarding is going on, not doing deadlock detection (a: 1, ff: 1, sff: 0)
[H] Some fast-forwarding is going on, not doing deadlock detection (a: 1, ff: 1, sff: 0)
[H] Some fast-forwarding is going on, not doing deadlock detection (a: 1, ff: 1, sff: 0)
[H] Some fast-forwarding is going on, not doing deadlock detection (a: 1, ff: 1, sff: 0)
[H] Some fast-forwarding is going on, not doing deadlock detection (a: 1, ff: 1, sff: 0)
[H] Some fast-forwarding is going on, not doing deadlock detection (a: 1, ff: 1, sff: 0)
[H] Some fast-forwarding is going on, not doing deadlock detection (a: 1, ff: 1, sff: 0)
[H] Some fast-forwarding is going on, not doing deadlock detection (a: 1, ff: 1, sff: 0)
[H] Some fast-forwarding is going on, not doing deadlock detection (a: 1, ff: 1, sff: 0)
[H] Some fast-forwarding is going on, not doing deadlock detection (a: 1, ff: 1, sff: 0)
[H] Some fast-forwarding is going on, not doing deadlock detection (a: 1, ff: 1, sff: 0)
[H] Some fast-forwarding is going on, not doing deadlock detection (a: 1, ff: 1, sff: 0)
[H] Some fast-forwarding is going on, not doing deadlock detection (a: 1, ff: 1, sff: 0)
[H] Some fast-forwarding is going on, not doing deadlock detection (a: 1, ff: 1, sff: 0)
[H] Some fast-forwarding is going on, not doing deadlock detection (a: 1, ff: 1, sff: 0)
[H] Some fast-forwarding is going on, not doing deadlock detection (a: 1, ff: 1, sff: 0)
[H] Some fast-forwarding is going on, not doing deadlock detection (a: 1, ff: 1, sff: 0)
[H] Some fast-forwarding is going on, not doing deadlock detection (a: 1, ff: 1, sff: 0)
[H] Some fast-forwarding is going on, not doing deadlock detection (a: 1, ff: 1, sff: 0)
[H] Some fast-forwarding is going on, not doing deadlock detection (a: 1, ff: 1, sff: 0)
[H] Some fast-forwarding is going on, not doing deadlock detection (a: 1, ff: 1, sff: 0)
[H] Some fast-forwarding is going on, not doing deadlock detection (a: 1, ff: 1, sff: 0)
[H] Some fast-forwarding is going on, not doing deadlock detection (a: 1, ff: 1, sff: 0)
[H] Some fast-forwarding is going on, not doing deadlock detection (a: 1, ff: 1, sff: 0)
[H] Some fast-forwarding is going on, not doing deadlock detection (a: 1, ff: 1, sff: 0)
[H] Some fast-forwarding is going on, not doing deadlock detection (a: 1, ff: 1, sff: 0)
[H] Some fast-forwarding is going on, not doing deadlock detection (a: 1, ff: 1, sff: 0)
[H] Some fast-forwarding is going on, not doing deadlock detection (a: 1, ff: 1, sff: 0)
[H] Some fast-forwarding is going on, not doing deadlock detection (a: 1, ff: 1, sff: 0)
[H] Some fast-forwarding is going on, not doing deadlock detection (a: 1, ff: 1, sff: 0)
[H] Some fast-forwarding is going on, not doing deadlock detection (a: 1, ff: 1, sff: 0)
[H] Some fast-forwarding is going on, not doing deadlock detection (a: 1, ff: 1, sff: 0)
[H] Some fast-forwarding is going on, not doing deadlock detection (a: 1, ff: 1, sff: 0)
[H] Some fast-forwarding is going on, not doing deadlock detection (a: 1, ff: 1, sff: 0)
[H] Some fast-forwarding is going on, not doing deadlock detection (a: 1, ff: 1, sff: 0)
[H] Some fast-forwarding is going on, not doing deadlock detection (a: 1, ff: 1, sff: 0)
[S 0] ffiPoint reached, 216400000001 instrs, limit 216400000000
[S 0] FFI: Exiting fast-forward
[S 0] [0] Adjusting clocks, domain 0, de-ffwd 1
[S 0] Thread 0 starting
[S 0] Failed assertion on build/opt/profile_stats.h:103 'curNs >= startNs' (with '1777428120459574701 >= 1777428121821621989')
[S 0] [0] Internal exception detected:
[S 0] [0]  Code: 1
[S 0] [0]  Address: 0x7ffff6df5a9e
[S 0] [0]  Description: Exception Code: ACCESS_INVALID_ADDRESS. Exception Address = 0x7ffff6df5a9e. Access Type: UNKNOWN. Access Address = 0x000000000
[S 0] [0]  Caused by invalid access to address 0x0
[S 0] [0] Backtrace (14/40 max frames)
[S 0] [0]  /home/edge/CSCE469/zsim/build/opt/zsim.cpp:1394 / InternalExceptionHandler(unsigned int, LEVEL_BASE::EXCEPTION_INFO*, LEVEL_VM::PHYSICAL_CONTEXT*, void*)
[S 0] [0]  :? / LEVEL_PINCLIENT::IEH_CALLBACKS::NotifyInternalException(unsigned int, LEVEL_BASE::EXCEPTION_INFO*, LEVEL_VM::CONTEXT*)
[S 0] [0]  /home/edge/CSCE469/tools/pin-2.14-71313-gcc.4.4.7-linux/intel64/bin/pinbin(_ZN8LEVEL_VM12SIGNALS_IMPL19InternalHandlerSyncEiPN7BARECRT8SIGXINFOEPN5PINVM11ISIGCONTEXTEPPKNS_14SCT_ATTRIBUTESEPNS_5PCTXTEPj+0x444) [0x3043a9454]
[S 0] [0]  /home/edge/CSCE469/tools/pin-2.14-71313-gcc.4.4.7-linux/intel64/bin/pinbin(_ZN8LEVEL_VM12SIGNALS_IMPL20HandlePhysicalSignalEPN7BARECRT8SIGXINFOEPN5PINVM11ISIGCONTEXTE+0x124) [0x3043aa1f4]
[S 0] [0]  /home/edge/CSCE469/tools/pin-2.14-71313-gcc.4.4.7-linux/intel64/bin/pinbin(_ZN5PINVM28SIGNAL_DETAILS_LINUX_INTEL6415InternalHandlerEiPN7BARECRT8SIGXINFOEPv+0xe8) [0x304438c88]
[S 0] [0]  /home/edge/CSCE469/tools/pin-2.14-71313-gcc.4.4.7-linux/intel64/bin/pinbin(BARECRT_SigReturnRt+0) [0x30446603c]
[S 0] [0]  /home/edge/CSCE469/zsim/build/opt/profile_stats.h:103 (discriminator 13) / TimeBreakdownStat::transition(unsigned int)
[S 0] [0]  /home/edge/CSCE469/zsim/build/opt/zsim.cpp:475 / EndOfPhaseActions()
[S 0] [0]  /home/edge/CSCE469/zsim/build/opt/scheduler.h:433 / Scheduler::callback()
[S 0] [0]  /home/edge/CSCE469/zsim/build/opt/barrier.h:212 / Barrier::checkEndPhase(unsigned int)
[S 0] [0]  /home/edge/CSCE469/zsim/build/opt/scheduler.h:392 / Scheduler::sync(unsigned int, unsigned int, unsigned int)
[S 0] [0]  /home/edge/CSCE469/zsim/build/opt/zsim.cpp:501 / TakeBarrier(unsigned int, unsigned int)
[S 0] [0]  /home/edge/CSCE469/zsim/build/opt/ooo_core.cpp:525 / OOOCore::BblFunc(unsigned int, unsigned long, BblInfo*)
[S 0] [0]  [0x7fffe4d76a2c]
C: Tool (or Pin) caused signal 11 at PC 0x7ffff6df5a9e
[H] Child 113666 done
[H] Panic on build/opt/zsim_harness.cpp:123: Child 113666 (idx 0) exit was anomalous, killing simulation
