# zsim stats
===
root: # Stats
 contention: # Contention simulation stats
  domain-0: # Domain stats
   time: 548397374 # Weave simulation time
 time: # Simulator time breakdown
  init: 585303444616
  bound: 4872019911
  weave: 1049365652
  ff: 0
 trigger: 20000 # Reason for this stats dump
 phase: 12631 # Simulated phases
 westmere: # Core stats
  westmere-0: # Core stats
   cycles: 126311970 # Simulated unhalted cycles
   cCycles: 26183194 # Cycles due to contention stalls
   instrs: 100000838 # Simulated instructions
   uops: 109262770 # Retired micro-ops
   bbls: 5330967 # Basic blocks
   approxInstrs: 0 # Instrs with approx uop decoding
   mispredBranches: 91 # Mispredicted branches
   condBranches: 4634528 # conditional branches
 l1i: # Cache stats
  l1i-0: # Filter cache stats
   fhGETS: 9919563 # Filtered GETS hits
   fhGETX: 0 # Filtered GETX hits
   hGETS: 0 # GETS hits
   hGETX: 0 # GETX hits
   mGETS: 78 # GETS misses
   mGETXIM: 0 # GETX I->M misses
   mGETXSM: 0 # GETX S->M misses (upgrade misses)
   PUTS: 0 # Clean evictions (from lower level)
   PUTX: 0 # Dirty evictions (from lower level)
   INV: 0 # Invalidates (from upper level)
   INVX: 0 # Downgrades (from upper level)
   FWD: 0 # Forwards (from upper level)
   latGETnl: 9672 # GET request latency on next level
   latGETnet: 0 # GET request latency on network to next level
 l1d: # Cache stats
  l1d-0: # Filter cache stats
   fhGETS: 24356172 # Filtered GETS hits
   fhGETX: 6209152 # Filtered GETX hits
   hGETS: 494401 # GETS hits
   hGETX: 686876 # GETX hits
   mGETS: 1454620 # GETS misses
   mGETXIM: 40008 # GETX I->M misses
   mGETXSM: 0 # GETX S->M misses (upgrade misses)
   PUTS: 0 # Clean evictions (from lower level)
   PUTX: 0 # Dirty evictions (from lower level)
   INV: 0 # Invalidates (from upper level)
   INVX: 0 # Downgrades (from upper level)
   FWD: 0 # Forwards (from upper level)
   latGETnl: 185297122 # GET request latency on next level
   latGETnet: 0 # GET request latency on network to next level
 l2: # Cache stats
  l2-0: # Cache stats
   hGETS: 260 # GETS hits
   hGETX: 0 # GETX hits
   mGETS: 1454438 # GETS misses
   mGETXIM: 40008 # GETX I->M misses
   mGETXSM: 0 # GETX S->M misses (upgrade misses)
   PUTS: 867724 # Clean evictions (from lower level)
   PUTX: 626392 # Dirty evictions (from lower level)
   INV: 0 # Invalidates (from upper level)
   INVX: 0 # Downgrades (from upper level)
   FWD: 0 # Forwards (from upper level)
   latGETnl: 170359734 # GET request latency on next level
   latGETnet: 0 # GET request latency on network to next level
 l3: # Cache stats
  l3-0: # Cache stats
   hGETS: 52 # GETS hits
   hGETX: 27 # GETX hits
   mGETS: 1454386 # GETS misses
   mGETXIM: 39981 # GETX I->M misses
   mGETXSM: 0 # GETX S->M misses (upgrade misses)
   PUTS: 866634 # Clean evictions (from lower level)
   PUTX: 623716 # Dirty evictions (from lower level)
   INV: 0 # Invalidates (from upper level)
   INVX: 0 # Downgrades (from upper level)
   FWD: 0 # Forwards (from upper level)
   latGETnl: 134493030 # GET request latency on next level
   latGETnet: 0 # GET request latency on network to next level
 mem: # Memory controller stats
  mem-0: # Memory controller stats
   rd: 445729 # Read requests
   wr: 169619 # Write requests
   rdlat: 60241725 # Total latency experienced by read requests
   wrlat: 28087397 # Total latency experienced by write requests
   rdhits: 2375 # Read row hits
   wrhits: 5180 # Write row hits
   mlh: # latency histogram for memory requests
    0: 0
    1: 0
    2: 0
    3: 0
    4: 0
    5: 0
    6: 0
    7: 0
    8: 0
    9: 0
    10: 0
    11: 0
    12: 0
    13: 419697
    14: 12177
    15: 2613
    16: 1938
    17: 510
    18: 363
    19: 288
    20: 364
    21: 502
    22: 1123
    23: 849
    24: 474
    25: 413
    26: 296
    27: 259
    28: 364
    29: 295
    30: 200
    31: 160
    32: 341
    33: 400
    34: 273
    35: 230
    36: 235
    37: 205
    38: 201
    39: 202
    40: 199
    41: 166
    42: 152
    43: 75
    44: 31
    45: 61
    46: 36
    47: 13
    48: 14
    49: 2
    50: 1
    51: 4
    52: 1
    53: 2
    54: 0
    55: 0
    56: 0
    57: 0
    58: 0
    59: 0
    60: 0
    61: 0
    62: 0
    63: 0
    64: 0
    65: 0
    66: 0
    67: 0
    68: 0
    69: 0
    70: 0
    71: 0
    72: 0
    73: 0
    74: 0
    75: 0
    76: 0
    77: 0
    78: 0
    79: 0
    80: 0
    81: 0
    82: 0
    83: 0
    84: 0
    85: 0
    86: 0
    87: 0
    88: 0
    89: 0
    90: 0
    91: 0
    92: 0
    93: 0
    94: 0
    95: 0
    96: 0
    97: 0
    98: 0
    99: 0
  mem-1: # Memory controller stats
   rd: 293111 # Read requests
   wr: 169665 # Write requests
   rdlat: 39789215 # Total latency experienced by read requests
   wrlat: 27077849 # Total latency experienced by write requests
   rdhits: 2381 # Read row hits
   wrhits: 4480 # Write row hits
   mlh: # latency histogram for memory requests
    0: 0
    1: 0
    2: 0
    3: 0
    4: 0
    5: 0
    6: 0
    7: 0
    8: 0
    9: 0
    10: 0
    11: 0
    12: 0
    13: 263459
    14: 14773
    15: 4501
    16: 2950
    17: 662
    18: 513
    19: 358
    20: 358
    21: 489
    22: 287
    23: 348
    24: 1091
    25: 324
    26: 61
    27: 97
    28: 158
    29: 465
    30: 318
    31: 159
    32: 128
    33: 163
    34: 116
    35: 165
    36: 170
    37: 155
    38: 155
    39: 139
    40: 142
    41: 109
    42: 111
    43: 63
    44: 43
    45: 18
    46: 16
    47: 21
    48: 18
    49: 3
    50: 1
    51: 3
    52: 0
    53: 0
    54: 0
    55: 1
    56: 0
    57: 0
    58: 0
    59: 0
    60: 0
    61: 0
    62: 0
    63: 0
    64: 0
    65: 0
    66: 0
    67: 0
    68: 0
    69: 0
    70: 0
    71: 0
    72: 0
    73: 0
    74: 0
    75: 0
    76: 0
    77: 0
    78: 0
    79: 0
    80: 0
    81: 0
    82: 0
    83: 0
    84: 0
    85: 0
    86: 0
    87: 0
    88: 0
    89: 0
    90: 0
    91: 0
    92: 0
    93: 0
    94: 0
    95: 0
    96: 0
    97: 0
    98: 0
    99: 0
  mem-2: # Memory controller stats
   rd: 309776 # Read requests
   wr: 110095 # Write requests
   rdlat: 41391733 # Total latency experienced by read requests
   wrlat: 16029367 # Total latency experienced by write requests
   rdhits: 2375 # Read row hits
   wrhits: 1035 # Write row hits
   mlh: # latency histogram for memory requests
    0: 0
    1: 0
    2: 0
    3: 0
    4: 0
    5: 0
    6: 0
    7: 0
    8: 0
    9: 0
    10: 0
    11: 0
    12: 1
    13: 302181
    14: 2661
    15: 760
    16: 151
    17: 23
    18: 20
    19: 111
    20: 96
    21: 129
    22: 70
    23: 226
    24: 180
    25: 83
    26: 191
    27: 509
    28: 338
    29: 187
    30: 142
    31: 112
    32: 128
    33: 147
    34: 132
    35: 139
    36: 125
    37: 103
    38: 150
    39: 130
    40: 159
    41: 152
    42: 145
    43: 34
    44: 10
    45: 29
    46: 6
    47: 8
    48: 8
    49: 0
    50: 0
    51: 0
    52: 0
    53: 0
    54: 0
    55: 0
    56: 0
    57: 0
    58: 0
    59: 0
    60: 0
    61: 0
    62: 0
    63: 0
    64: 0
    65: 0
    66: 0
    67: 0
    68: 0
    69: 0
    70: 0
    71: 0
    72: 0
    73: 0
    74: 0
    75: 0
    76: 0
    77: 0
    78: 0
    79: 0
    80: 0
    81: 0
    82: 0
    83: 0
    84: 0
    85: 0
    86: 0
    87: 0
    88: 0
    89: 0
    90: 0
    91: 0
    92: 0
    93: 0
    94: 0
    95: 0
    96: 0
    97: 0
    98: 0
    99: 0
  mem-3: # Memory controller stats
   rd: 445725 # Read requests
   wr: 169723 # Write requests
   rdlat: 60367906 # Total latency experienced by read requests
   wrlat: 28091713 # Total latency experienced by write requests
   rdhits: 2379 # Read row hits
   wrhits: 5326 # Write row hits
   mlh: # latency histogram for memory requests
    0: 0
    1: 0
    2: 0
    3: 0
    4: 0
    5: 0
    6: 0
    7: 0
    8: 0
    9: 0
    10: 0
    11: 0
    12: 0
    13: 424839
    14: 5571
    15: 3441
    16: 1819
    17: 347
    18: 516
    19: 581
    20: 336
    21: 902
    22: 948
    23: 927
    24: 546
    25: 175
    26: 363
    27: 511
    28: 441
    29: 473
    30: 248
    31: 184
    32: 182
    33: 193
    34: 253
    35: 234
    36: 215
    37: 206
    38: 182
    39: 160
    40: 178
    41: 200
    42: 231
    43: 66
    44: 26
    45: 61
    46: 63
    47: 81
    48: 9
    49: 6
    50: 3
    51: 5
    52: 1
    53: 0
    54: 0
    55: 2
    56: 0
    57: 0
    58: 0
    59: 0
    60: 0
    61: 0
    62: 0
    63: 0
    64: 0
    65: 0
    66: 0
    67: 0
    68: 0
    69: 0
    70: 0
    71: 0
    72: 0
    73: 0
    74: 0
    75: 0
    76: 0
    77: 0
    78: 0
    79: 0
    80: 0
    81: 0
    82: 0
    83: 0
    84: 0
    85: 0
    86: 0
    87: 0
    88: 0
    89: 0
    90: 0
    91: 0
    92: 0
    93: 0
    94: 0
    95: 0
    96: 0
    97: 0
    98: 0
    99: 0
 sched: # Scheduler stats
  thCr: 1 # Threads created
  thFn: 1 # Threads finished
  schedEvs: 1 # Schedule events
  waitEvs: 0 # Wait events
  handoffEvs: 0 # Handoff events
  sleepEvs: 0 # Sleep events
  idlePhases: 0 # Phases with no thread active
  idlePeriods: 0 # Periods with no thread active
  occHist: # Occupancy histogram
   0: 0
   1: 12631
  rqSzHist: # Run queue size histogram
   0: 12631
   1: 0
   2: 0
   3: 0
   4: 0
   5: 0
   6: 0
   7: 0
   8: 0
   9: 0
   10: 0
   11: 0
   12: 0
   13: 0
   14: 0
   15: 0
   16: 0
 procCycles: # Per-process unhalted core cycles
  0: 126311970
  1: 0
  2: 0
  3: 0
  4: 0
  5: 0
  6: 0
  7: 0
  8: 0
  9: 0
  10: 0
  11: 0
  12: 0
  13: 0
  14: 0
  15: 0
  16: 0
  17: 0
  18: 0
  19: 0
  20: 0
  21: 0
  22: 0
  23: 0
  24: 0
  25: 0
  26: 0
  27: 0
  28: 0
  29: 0
  30: 0
  31: 0
  32: 0
  33: 0
  34: 0
  35: 0
  36: 0
  37: 0
  38: 0
  39: 0
  40: 0
  41: 0
  42: 0
  43: 0
  44: 0
  45: 0
  46: 0
  47: 0
  48: 0
  49: 0
  50: 0
  51: 0
  52: 0
  53: 0
  54: 0
  55: 0
  56: 0
  57: 0
  58: 0
  59: 0
  60: 0
  61: 0
  62: 0
  63: 0
 procInstrs: # Per-process instructions
  0: 100000838
  1: 0
  2: 0
  3: 0
  4: 0
  5: 0
  6: 0
  7: 0
  8: 0
  9: 0
  10: 0
  11: 0
  12: 0
  13: 0
  14: 0
  15: 0
  16: 0
  17: 0
  18: 0
  19: 0
  20: 0
  21: 0
  22: 0
  23: 0
  24: 0
  25: 0
  26: 0
  27: 0
  28: 0
  29: 0
  30: 0
  31: 0
  32: 0
  33: 0
  34: 0
  35: 0
  36: 0
  37: 0
  38: 0
  39: 0
  40: 0
  41: 0
  42: 0
  43: 0
  44: 0
  45: 0
  46: 0
  47: 0
  48: 0
  49: 0
  50: 0
  51: 0
  52: 0
  53: 0
  54: 0
  55: 0
  56: 0
  57: 0
  58: 0
  59: 0
  60: 0
  61: 0
  62: 0
  63: 0
 heartbeats: # Per-process heartbeats
  0: 0
  1: 0
  2: 0
  3: 0
  4: 0
  5: 0
  6: 0
  7: 0
  8: 0
  9: 0
  10: 0
  11: 0
  12: 0
  13: 0
  14: 0
  15: 0
  16: 0
  17: 0
  18: 0
  19: 0
  20: 0
  21: 0
  22: 0
  23: 0
  24: 0
  25: 0
  26: 0
  27: 0
  28: 0
  29: 0
  30: 0
  31: 0
  32: 0
  33: 0
  34: 0
  35: 0
  36: 0
  37: 0
  38: 0
  39: 0
  40: 0
  41: 0
  42: 0
  43: 0
  44: 0
  45: 0
  46: 0
  47: 0
  48: 0
  49: 0
  50: 0
  51: 0
  52: 0
  53: 0
  54: 0
  55: 0
  56: 0
  57: 0
  58: 0
  59: 0
  60: 0
  61: 0
  62: 0
  63: 0
===
