# zsim stats
===
root: # Stats
 contention: # Contention simulation stats
  domain-0: # Domain stats
   time: 186130100 # Weave simulation time
 time: # Simulator time breakdown
  init: 474219929291
  bound: 6090416344
  weave: 315160553
  ff: 0
 trigger: 20000 # Reason for this stats dump
 phase: 13072 # Simulated phases
 westmere: # Core stats
  westmere-0: # Core stats
   cycles: 130720001 # Simulated unhalted cycles
   cCycles: 9350978 # Cycles due to contention stalls
   instrs: 100005269 # Simulated instructions
   uops: 119440697 # Retired micro-ops
   bbls: 22505503 # Basic blocks
   approxInstrs: 237099 # Instrs with approx uop decoding
   mispredBranches: 1138018 # Mispredicted branches
   condBranches: 17116199 # conditional branches
 l1i: # Cache stats
  l1i-0: # Filter cache stats
   fhGETS: 25096386 # Filtered GETS hits
   fhGETX: 0 # Filtered GETX hits
   hGETS: 2023057 # GETS hits
   hGETX: 0 # GETX hits
   mGETS: 702598 # GETS misses
   mGETXIM: 0 # GETX I->M misses
   mGETXSM: 0 # GETX S->M misses (upgrade misses)
   PUTS: 0 # Clean evictions (from lower level)
   PUTX: 0 # Dirty evictions (from lower level)
   INV: 15 # Invalidates (from upper level)
   INVX: 0 # Downgrades (from upper level)
   FWD: 0 # Forwards (from upper level)
   latGETnl: 8713600 # GET request latency on next level
   latGETnet: 0 # GET request latency on network to next level
 l1d: # Cache stats
  l1d-0: # Filter cache stats
   fhGETS: 23251687 # Filtered GETS hits
   fhGETX: 15456942 # Filtered GETX hits
   hGETS: 2034479 # GETS hits
   hGETX: 981048 # GETX hits
   mGETS: 1506123 # GETS misses
   mGETXIM: 1556269 # GETX I->M misses
   mGETXSM: 0 # GETX S->M misses (upgrade misses)
   PUTS: 0 # Clean evictions (from lower level)
   PUTX: 0 # Dirty evictions (from lower level)
   INV: 0 # Invalidates (from upper level)
   INVX: 0 # Downgrades (from upper level)
   FWD: 0 # Forwards (from upper level)
   latGETnl: 100663522 # GET request latency on next level
   latGETnet: 0 # GET request latency on network to next level
 l2: # Cache stats
  l2-0: # Cache stats
   hGETS: 1058895 # GETS hits
   hGETX: 949662 # GETX hits
   mGETS: 1149826 # GETS misses
   mGETXIM: 606607 # GETX I->M misses
   mGETXSM: 0 # GETX S->M misses (upgrade misses)
   PUTS: 1910920 # Clean evictions (from lower level)
   PUTX: 1853031 # Dirty evictions (from lower level)
   INV: 5 # Invalidates (from upper level)
   INVX: 0 # Downgrades (from upper level)
   FWD: 0 # Forwards (from upper level)
   latGETnl: 71727222 # GET request latency on next level
   latGETnet: 0 # GET request latency on network to next level
 l3: # Cache stats
  l3-0: # Cache stats
   hGETS: 880424 # GETS hits
   hGETX: 547422 # GETX hits
   mGETS: 269402 # GETS misses
   mGETXIM: 59185 # GETX I->M misses
   mGETXSM: 0 # GETX S->M misses (upgrade misses)
   PUTS: 988392 # Clean evictions (from lower level)
   PUTX: 763940 # Dirty evictions (from lower level)
   INV: 0 # Invalidates (from upper level)
   INVX: 0 # Downgrades (from upper level)
   FWD: 0 # Forwards (from upper level)
   latGETnl: 29572830 # GET request latency on next level
   latGETnet: 0 # GET request latency on network to next level
 mem: # Memory controller stats
  mem-0: # Memory controller stats
   rd: 84490 # Read requests
   wr: 19202 # Write requests
   rdlat: 11343680 # Total latency experienced by read requests
   wrlat: 2811884 # Total latency experienced by write requests
   rdhits: 29 # Read row hits
   wrhits: 20 # Write row hits
   mlh: # latency histogram for memory requests
    0: 0
    1: 0
    2: 0
    3: 0
    4: 0
    5: 0
    6: 0
    7: 0
    8: 0
    9: 0
    10: 0
    11: 2
    12: 3
    13: 81819
    14: 632
    15: 512
    16: 220
    17: 54
    18: 62
    19: 66
    20: 66
    21: 43
    22: 45
    23: 46
    24: 61
    25: 40
    26: 26
    27: 35
    28: 39
    29: 33
    30: 41
    31: 64
    32: 40
    33: 55
    34: 51
    35: 65
    36: 46
    37: 46
    38: 44
    39: 51
    40: 50
    41: 47
    42: 48
    43: 20
    44: 4
    45: 3
    46: 10
    47: 0
    48: 0
    49: 1
    50: 0
    51: 0
    52: 0
    53: 0
    54: 0
    55: 0
    56: 0
    57: 0
    58: 0
    59: 0
    60: 0
    61: 0
    62: 0
    63: 0
    64: 0
    65: 0
    66: 0
    67: 0
    68: 0
    69: 0
    70: 0
    71: 0
    72: 0
    73: 0
    74: 0
    75: 0
    76: 0
    77: 0
    78: 0
    79: 0
    80: 0
    81: 0
    82: 0
    83: 0
    84: 0
    85: 0
    86: 0
    87: 0
    88: 0
    89: 0
    90: 0
    91: 0
    92: 0
    93: 0
    94: 0
    95: 0
    96: 0
    97: 0
    98: 0
    99: 0
  mem-1: # Memory controller stats
   rd: 79804 # Read requests
   wr: 19173 # Write requests
   rdlat: 10715825 # Total latency experienced by read requests
   wrlat: 2815967 # Total latency experienced by write requests
   rdhits: 34 # Read row hits
   wrhits: 23 # Write row hits
   mlh: # latency histogram for memory requests
    0: 0
    1: 0
    2: 0
    3: 0
    4: 0
    5: 0
    6: 0
    7: 0
    8: 0
    9: 0
    10: 0
    11: 3
    12: 7
    13: 77067
    14: 764
    15: 520
    16: 215
    17: 65
    18: 39
    19: 71
    20: 63
    21: 39
    22: 44
    23: 41
    24: 46
    25: 46
    26: 44
    27: 33
    28: 37
    29: 32
    30: 42
    31: 48
    32: 55
    33: 48
    34: 49
    35: 52
    36: 36
    37: 48
    38: 42
    39: 31
    40: 46
    41: 41
    42: 58
    43: 20
    44: 5
    45: 1
    46: 5
    47: 1
    48: 0
    49: 0
    50: 0
    51: 0
    52: 0
    53: 0
    54: 0
    55: 0
    56: 0
    57: 0
    58: 0
    59: 0
    60: 0
    61: 0
    62: 0
    63: 0
    64: 0
    65: 0
    66: 0
    67: 0
    68: 0
    69: 0
    70: 0
    71: 0
    72: 0
    73: 0
    74: 0
    75: 0
    76: 0
    77: 0
    78: 0
    79: 0
    80: 0
    81: 0
    82: 0
    83: 0
    84: 0
    85: 0
    86: 0
    87: 0
    88: 0
    89: 0
    90: 0
    91: 0
    92: 0
    93: 0
    94: 0
    95: 0
    96: 0
    97: 0
    98: 0
    99: 0
  mem-2: # Memory controller stats
   rd: 84741 # Read requests
   wr: 19319 # Write requests
   rdlat: 11369396 # Total latency experienced by read requests
   wrlat: 2830790 # Total latency experienced by write requests
   rdhits: 52 # Read row hits
   wrhits: 24 # Write row hits
   mlh: # latency histogram for memory requests
    0: 0
    1: 0
    2: 0
    3: 0
    4: 0
    5: 0
    6: 0
    7: 0
    8: 0
    9: 0
    10: 0
    11: 18
    12: 9
    13: 82097
    14: 595
    15: 523
    16: 222
    17: 61
    18: 56
    19: 54
    20: 74
    21: 52
    22: 47
    23: 35
    24: 59
    25: 46
    26: 34
    27: 34
    28: 44
    29: 32
    30: 42
    31: 56
    32: 44
    33: 54
    34: 50
    35: 43
    36: 44
    37: 41
    38: 50
    39: 47
    40: 53
    41: 49
    42: 47
    43: 20
    44: 2
    45: 2
    46: 3
    47: 2
    48: 0
    49: 0
    50: 0
    51: 0
    52: 0
    53: 0
    54: 0
    55: 0
    56: 0
    57: 0
    58: 0
    59: 0
    60: 0
    61: 0
    62: 0
    63: 0
    64: 0
    65: 0
    66: 0
    67: 0
    68: 0
    69: 0
    70: 0
    71: 0
    72: 0
    73: 0
    74: 0
    75: 0
    76: 0
    77: 0
    78: 0
    79: 0
    80: 0
    81: 0
    82: 0
    83: 0
    84: 0
    85: 0
    86: 0
    87: 0
    88: 0
    89: 0
    90: 0
    91: 0
    92: 0
    93: 0
    94: 0
    95: 0
    96: 0
    97: 0
    98: 0
    99: 0
  mem-3: # Memory controller stats
   rd: 79552 # Read requests
   wr: 18947 # Write requests
   rdlat: 10674373 # Total latency experienced by read requests
   wrlat: 2781446 # Total latency experienced by write requests
   rdhits: 53 # Read row hits
   wrhits: 23 # Write row hits
   mlh: # latency histogram for memory requests
    0: 0
    1: 0
    2: 0
    3: 0
    4: 0
    5: 0
    6: 0
    7: 0
    8: 0
    9: 0
    10: 0
    11: 20
    12: 8
    13: 76829
    14: 780
    15: 505
    16: 221
    17: 56
    18: 53
    19: 56
    20: 61
    21: 34
    22: 40
    23: 54
    24: 39
    25: 51
    26: 33
    27: 33
    28: 42
    29: 36
    30: 39
    31: 41
    32: 48
    33: 59
    34: 36
    35: 47
    36: 52
    37: 35
    38: 52
    39: 41
    40: 47
    41: 45
    42: 33
    43: 18
    44: 2
    45: 1
    46: 3
    47: 1
    48: 0
    49: 0
    50: 0
    51: 0
    52: 0
    53: 0
    54: 0
    55: 0
    56: 0
    57: 0
    58: 1
    59: 0
    60: 0
    61: 0
    62: 0
    63: 0
    64: 0
    65: 0
    66: 0
    67: 0
    68: 0
    69: 0
    70: 0
    71: 0
    72: 0
    73: 0
    74: 0
    75: 0
    76: 0
    77: 0
    78: 0
    79: 0
    80: 0
    81: 0
    82: 0
    83: 0
    84: 0
    85: 0
    86: 0
    87: 0
    88: 0
    89: 0
    90: 0
    91: 0
    92: 0
    93: 0
    94: 0
    95: 0
    96: 0
    97: 0
    98: 0
    99: 0
 sched: # Scheduler stats
  thCr: 1 # Threads created
  thFn: 1 # Threads finished
  schedEvs: 1 # Schedule events
  waitEvs: 0 # Wait events
  handoffEvs: 0 # Handoff events
  sleepEvs: 0 # Sleep events
  idlePhases: 0 # Phases with no thread active
  idlePeriods: 0 # Periods with no thread active
  occHist: # Occupancy histogram
   0: 0
   1: 13072
  rqSzHist: # Run queue size histogram
   0: 13072
   1: 0
   2: 0
   3: 0
   4: 0
   5: 0
   6: 0
   7: 0
   8: 0
   9: 0
   10: 0
   11: 0
   12: 0
   13: 0
   14: 0
   15: 0
   16: 0
 procCycles: # Per-process unhalted core cycles
  0: 130720001
  1: 0
  2: 0
  3: 0
  4: 0
  5: 0
  6: 0
  7: 0
  8: 0
  9: 0
  10: 0
  11: 0
  12: 0
  13: 0
  14: 0
  15: 0
  16: 0
  17: 0
  18: 0
  19: 0
  20: 0
  21: 0
  22: 0
  23: 0
  24: 0
  25: 0
  26: 0
  27: 0
  28: 0
  29: 0
  30: 0
  31: 0
  32: 0
  33: 0
  34: 0
  35: 0
  36: 0
  37: 0
  38: 0
  39: 0
  40: 0
  41: 0
  42: 0
  43: 0
  44: 0
  45: 0
  46: 0
  47: 0
  48: 0
  49: 0
  50: 0
  51: 0
  52: 0
  53: 0
  54: 0
  55: 0
  56: 0
  57: 0
  58: 0
  59: 0
  60: 0
  61: 0
  62: 0
  63: 0
 procInstrs: # Per-process instructions
  0: 100005269
  1: 0
  2: 0
  3: 0
  4: 0
  5: 0
  6: 0
  7: 0
  8: 0
  9: 0
  10: 0
  11: 0
  12: 0
  13: 0
  14: 0
  15: 0
  16: 0
  17: 0
  18: 0
  19: 0
  20: 0
  21: 0
  22: 0
  23: 0
  24: 0
  25: 0
  26: 0
  27: 0
  28: 0
  29: 0
  30: 0
  31: 0
  32: 0
  33: 0
  34: 0
  35: 0
  36: 0
  37: 0
  38: 0
  39: 0
  40: 0
  41: 0
  42: 0
  43: 0
  44: 0
  45: 0
  46: 0
  47: 0
  48: 0
  49: 0
  50: 0
  51: 0
  52: 0
  53: 0
  54: 0
  55: 0
  56: 0
  57: 0
  58: 0
  59: 0
  60: 0
  61: 0
  62: 0
  63: 0
 heartbeats: # Per-process heartbeats
  0: 0
  1: 0
  2: 0
  3: 0
  4: 0
  5: 0
  6: 0
  7: 0
  8: 0
  9: 0
  10: 0
  11: 0
  12: 0
  13: 0
  14: 0
  15: 0
  16: 0
  17: 0
  18: 0
  19: 0
  20: 0
  21: 0
  22: 0
  23: 0
  24: 0
  25: 0
  26: 0
  27: 0
  28: 0
  29: 0
  30: 0
  31: 0
  32: 0
  33: 0
  34: 0
  35: 0
  36: 0
  37: 0
  38: 0
  39: 0
  40: 0
  41: 0
  42: 0
  43: 0
  44: 0
  45: 0
  46: 0
  47: 0
  48: 0
  49: 0
  50: 0
  51: 0
  52: 0
  53: 0
  54: 0
  55: 0
  56: 0
  57: 0
  58: 0
  59: 0
  60: 0
  61: 0
  62: 0
  63: 0
===
