# zsim stats
===
root: # Stats
 contention: # Contention simulation stats
  domain-0: # Domain stats
   time: 406990894 # Weave simulation time
 time: # Simulator time breakdown
  init: 2746375515
  bound: 215238699356
  weave: 1495612464
  ff: 0
 trigger: 20000 # Reason for this stats dump
 phase: 46543 # Simulated phases
 westmere: # Core stats
  westmere-0: # Core stats
   cycles: 368770280 # Simulated unhalted cycles
   cCycles: 526010 # Cycles due to contention stalls
   instrs: 606643931 # Simulated instructions
   uops: 683662858 # Retired micro-ops
   bbls: 62633179 # Basic blocks
   approxInstrs: 3067245 # Instrs with approx uop decoding
   mispredBranches: 825641 # Mispredicted branches
   condBranches: 52616800 # conditional branches
  westmere-1: # Core stats
   cycles: 366615980 # Simulated unhalted cycles
   cCycles: 636276 # Cycles due to contention stalls
   instrs: 615688887 # Simulated instructions
   uops: 699513963 # Retired micro-ops
   bbls: 62001691 # Basic blocks
   approxInstrs: 4410316 # Instrs with approx uop decoding
   mispredBranches: 732579 # Mispredicted branches
   condBranches: 52433811 # conditional branches
  westmere-2: # Core stats
   cycles: 375268067 # Simulated unhalted cycles
   cCycles: 381602 # Cycles due to contention stalls
   instrs: 616775027 # Simulated instructions
   uops: 695692867 # Retired micro-ops
   bbls: 63791188 # Basic blocks
   approxInstrs: 3120617 # Instrs with approx uop decoding
   mispredBranches: 807853 # Mispredicted branches
   condBranches: 53333799 # conditional branches
  westmere-3: # Core stats
   cycles: 366247924 # Simulated unhalted cycles
   cCycles: 377595 # Cycles due to contention stalls
   instrs: 604836579 # Simulated instructions
   uops: 681359878 # Retired micro-ops
   bbls: 62340522 # Basic blocks
   approxInstrs: 3012260 # Instrs with approx uop decoding
   mispredBranches: 779555 # Mispredicted branches
   condBranches: 52458975 # conditional branches
  westmere-4: # Core stats
   cycles: 401498855 # Simulated unhalted cycles
   cCycles: 1153217 # Cycles due to contention stalls
   instrs: 676145150 # Simulated instructions
   uops: 757243532 # Retired micro-ops
   bbls: 66831948 # Basic blocks
   approxInstrs: 3084687 # Instrs with approx uop decoding
   mispredBranches: 791606 # Mispredicted branches
   condBranches: 56265355 # conditional branches
  westmere-5: # Core stats
   cycles: 383538362 # Simulated unhalted cycles
   cCycles: 434879 # Cycles due to contention stalls
   instrs: 628222482 # Simulated instructions
   uops: 709306854 # Retired micro-ops
   bbls: 65183232 # Basic blocks
   approxInstrs: 3213316 # Instrs with approx uop decoding
   mispredBranches: 816141 # Mispredicted branches
   condBranches: 54211508 # conditional branches
  westmere-6: # Core stats
   cycles: 373598255 # Simulated unhalted cycles
   cCycles: 427595 # Cycles due to contention stalls
   instrs: 614447721 # Simulated instructions
   uops: 692966673 # Retired micro-ops
   bbls: 63544051 # Basic blocks
   approxInstrs: 3095113 # Instrs with approx uop decoding
   mispredBranches: 799202 # Mispredicted branches
   condBranches: 53189094 # conditional branches
  westmere-7: # Core stats
   cycles: 390750628 # Simulated unhalted cycles
   cCycles: 508273 # Cycles due to contention stalls
   instrs: 637329963 # Simulated instructions
   uops: 720303662 # Retired micro-ops
   bbls: 66346611 # Basic blocks
   approxInstrs: 3297769 # Instrs with approx uop decoding
   mispredBranches: 842603 # Mispredicted branches
   condBranches: 54914232 # conditional branches
 l1i: # Cache stats
  l1i-0: # Filter cache stats
   fhGETS: 82733020 # Filtered GETS hits
   fhGETX: 0 # Filtered GETX hits
   hGETS: 2355572 # GETS hits
   hGETX: 0 # GETX hits
   mGETS: 764777 # GETS misses
   mGETXIM: 0 # GETX I->M misses
   mGETXSM: 0 # GETX S->M misses (upgrade misses)
   PUTS: 0 # Clean evictions (from lower level)
   PUTX: 0 # Dirty evictions (from lower level)
   INV: 1 # Invalidates (from upper level)
   INVX: 0 # Downgrades (from upper level)
   FWD: 0 # Forwards (from upper level)
   latGETnl: 7946378 # GET request latency on next level
   latGETnet: 0 # GET request latency on network to next level
  l1i-1: # Filter cache stats
   fhGETS: 81130018 # Filtered GETS hits
   fhGETX: 0 # Filtered GETX hits
   hGETS: 2255453 # GETS hits
   hGETX: 0 # GETX hits
   mGETS: 744752 # GETS misses
   mGETXIM: 0 # GETX I->M misses
   mGETXSM: 0 # GETX S->M misses (upgrade misses)
   PUTS: 0 # Clean evictions (from lower level)
   PUTX: 0 # Dirty evictions (from lower level)
   INV: 0 # Invalidates (from upper level)
   INVX: 0 # Downgrades (from upper level)
   FWD: 0 # Forwards (from upper level)
   latGETnl: 7753604 # GET request latency on next level
   latGETnet: 0 # GET request latency on network to next level
  l1i-2: # Filter cache stats
   fhGETS: 84147036 # Filtered GETS hits
   fhGETX: 0 # Filtered GETX hits
   hGETS: 2354665 # GETS hits
   hGETX: 0 # GETX hits
   mGETS: 768367 # GETS misses
   mGETXIM: 0 # GETX I->M misses
   mGETXSM: 0 # GETX S->M misses (upgrade misses)
   PUTS: 0 # Clean evictions (from lower level)
   PUTX: 0 # Dirty evictions (from lower level)
   INV: 0 # Invalidates (from upper level)
   INVX: 0 # Downgrades (from upper level)
   FWD: 0 # Forwards (from upper level)
   latGETnl: 7932730 # GET request latency on next level
   latGETnet: 0 # GET request latency on network to next level
  l1i-3: # Filter cache stats
   fhGETS: 82211125 # Filtered GETS hits
   fhGETX: 0 # Filtered GETX hits
   hGETS: 2332981 # GETS hits
   hGETX: 0 # GETX hits
   mGETS: 764924 # GETS misses
   mGETXIM: 0 # GETX I->M misses
   mGETXSM: 0 # GETX S->M misses (upgrade misses)
   PUTS: 0 # Clean evictions (from lower level)
   PUTX: 0 # Dirty evictions (from lower level)
   INV: 0 # Invalidates (from upper level)
   INVX: 0 # Downgrades (from upper level)
   FWD: 0 # Forwards (from upper level)
   latGETnl: 7891124 # GET request latency on next level
   latGETnet: 0 # GET request latency on network to next level
  l1i-4: # Filter cache stats
   fhGETS: 89656503 # Filtered GETS hits
   fhGETX: 0 # Filtered GETX hits
   hGETS: 2348875 # GETS hits
   hGETX: 0 # GETX hits
   mGETS: 769606 # GETS misses
   mGETXIM: 0 # GETX I->M misses
   mGETXSM: 0 # GETX S->M misses (upgrade misses)
   PUTS: 0 # Clean evictions (from lower level)
   PUTX: 0 # Dirty evictions (from lower level)
   INV: 0 # Invalidates (from upper level)
   INVX: 0 # Downgrades (from upper level)
   FWD: 0 # Forwards (from upper level)
   latGETnl: 8076100 # GET request latency on next level
   latGETnet: 0 # GET request latency on network to next level
  l1i-5: # Filter cache stats
   fhGETS: 85943120 # Filtered GETS hits
   fhGETX: 0 # Filtered GETX hits
   hGETS: 2372186 # GETS hits
   hGETX: 0 # GETX hits
   mGETS: 765810 # GETS misses
   mGETXIM: 0 # GETX I->M misses
   mGETXSM: 0 # GETX S->M misses (upgrade misses)
   PUTS: 0 # Clean evictions (from lower level)
   PUTX: 0 # Dirty evictions (from lower level)
   INV: 0 # Invalidates (from upper level)
   INVX: 0 # Downgrades (from upper level)
   FWD: 0 # Forwards (from upper level)
   latGETnl: 7919136 # GET request latency on next level
   latGETnet: 0 # GET request latency on network to next level
  l1i-6: # Filter cache stats
   fhGETS: 83776832 # Filtered GETS hits
   fhGETX: 0 # Filtered GETX hits
   hGETS: 2353359 # GETS hits
   hGETX: 0 # GETX hits
   mGETS: 768531 # GETS misses
   mGETXIM: 0 # GETX I->M misses
   mGETXSM: 0 # GETX S->M misses (upgrade misses)
   PUTS: 0 # Clean evictions (from lower level)
   PUTX: 0 # Dirty evictions (from lower level)
   INV: 0 # Invalidates (from upper level)
   INVX: 0 # Downgrades (from upper level)
   FWD: 0 # Forwards (from upper level)
   latGETnl: 7919904 # GET request latency on next level
   latGETnet: 0 # GET request latency on network to next level
  l1i-7: # Filter cache stats
   fhGETS: 87486253 # Filtered GETS hits
   fhGETX: 0 # Filtered GETX hits
   hGETS: 2396391 # GETS hits
   hGETX: 0 # GETX hits
   mGETS: 766442 # GETS misses
   mGETXIM: 0 # GETX I->M misses
   mGETXSM: 0 # GETX S->M misses (upgrade misses)
   PUTS: 0 # Clean evictions (from lower level)
   PUTX: 0 # Dirty evictions (from lower level)
   INV: 1 # Invalidates (from upper level)
   INVX: 0 # Downgrades (from upper level)
   FWD: 0 # Forwards (from upper level)
   latGETnl: 7968566 # GET request latency on next level
   latGETnet: 0 # GET request latency on network to next level
 l1d: # Cache stats
  l1d-0: # Filter cache stats
   fhGETS: 103294462 # Filtered GETS hits
   fhGETX: 30971297 # Filtered GETX hits
   hGETS: 5913636 # GETS hits
   hGETX: 1833188 # GETX hits
   mGETS: 5862430 # GETS misses
   mGETXIM: 252006 # GETX I->M misses
   mGETXSM: 9301 # GETX S->M misses (upgrade misses)
   PUTS: 0 # Clean evictions (from lower level)
   PUTX: 0 # Dirty evictions (from lower level)
   INV: 18058 # Invalidates (from upper level)
   INVX: 17458 # Downgrades (from upper level)
   FWD: 0 # Forwards (from upper level)
   latGETnl: 70866069 # GET request latency on next level
   latGETnet: 0 # GET request latency on network to next level
  l1d-1: # Filter cache stats
   fhGETS: 105873869 # Filtered GETS hits
   fhGETX: 31574121 # Filtered GETX hits
   hGETS: 6071281 # GETS hits
   hGETX: 1965204 # GETX hits
   mGETS: 5807620 # GETS misses
   mGETXIM: 342702 # GETX I->M misses
   mGETXSM: 7165 # GETX S->M misses (upgrade misses)
   PUTS: 0 # Clean evictions (from lower level)
   PUTX: 0 # Dirty evictions (from lower level)
   INV: 15656 # Invalidates (from upper level)
   INVX: 12870 # Downgrades (from upper level)
   FWD: 0 # Forwards (from upper level)
   latGETnl: 79121328 # GET request latency on next level
   latGETnet: 0 # GET request latency on network to next level
  l1d-2: # Filter cache stats
   fhGETS: 105425661 # Filtered GETS hits
   fhGETX: 31892311 # Filtered GETX hits
   hGETS: 6035927 # GETS hits
   hGETX: 1863695 # GETX hits
   mGETS: 5874226 # GETS misses
   mGETXIM: 254093 # GETX I->M misses
   mGETXSM: 6374 # GETX S->M misses (upgrade misses)
   PUTS: 0 # Clean evictions (from lower level)
   PUTX: 0 # Dirty evictions (from lower level)
   INV: 17381 # Invalidates (from upper level)
   INVX: 11884 # Downgrades (from upper level)
   FWD: 0 # Forwards (from upper level)
   latGETnl: 70413851 # GET request latency on next level
   latGETnet: 0 # GET request latency on network to next level
  l1d-3: # Filter cache stats
   fhGETS: 103040817 # Filtered GETS hits
   fhGETX: 30718169 # Filtered GETX hits
   hGETS: 5804355 # GETS hits
   hGETX: 1815291 # GETX hits
   mGETS: 5865639 # GETS misses
   mGETXIM: 244729 # GETX I->M misses
   mGETXSM: 7965 # GETX S->M misses (upgrade misses)
   PUTS: 0 # Clean evictions (from lower level)
   PUTX: 0 # Dirty evictions (from lower level)
   INV: 20891 # Invalidates (from upper level)
   INVX: 17147 # Downgrades (from upper level)
   FWD: 0 # Forwards (from upper level)
   latGETnl: 69596223 # GET request latency on next level
   latGETnet: 0 # GET request latency on network to next level
  l1d-4: # Filter cache stats
   fhGETS: 115168971 # Filtered GETS hits
   fhGETX: 34150453 # Filtered GETX hits
   hGETS: 8466225 # GETS hits
   hGETX: 4000601 # GETX hits
   mGETS: 6057735 # GETS misses
   mGETXIM: 417372 # GETX I->M misses
   mGETXSM: 8084 # GETX S->M misses (upgrade misses)
   PUTS: 0 # Clean evictions (from lower level)
   PUTX: 0 # Dirty evictions (from lower level)
   INV: 17054 # Invalidates (from upper level)
   INVX: 15606 # Downgrades (from upper level)
   FWD: 0 # Forwards (from upper level)
   latGETnl: 87724460 # GET request latency on next level
   latGETnet: 0 # GET request latency on network to next level
  l1d-5: # Filter cache stats
   fhGETS: 107319892 # Filtered GETS hits
   fhGETX: 32777301 # Filtered GETX hits
   hGETS: 6695621 # GETS hits
   hGETX: 2090697 # GETX hits
   mGETS: 5893581 # GETS misses
   mGETXIM: 271511 # GETX I->M misses
   mGETXSM: 9142 # GETX S->M misses (upgrade misses)
   PUTS: 0 # Clean evictions (from lower level)
   PUTX: 0 # Dirty evictions (from lower level)
   INV: 18205 # Invalidates (from upper level)
   INVX: 17309 # Downgrades (from upper level)
   FWD: 0 # Forwards (from upper level)
   latGETnl: 71855831 # GET request latency on next level
   latGETnet: 0 # GET request latency on network to next level
  l1d-6: # Filter cache stats
   fhGETS: 104843453 # Filtered GETS hits
   fhGETX: 31617605 # Filtered GETX hits
   hGETS: 6161378 # GETS hits
   hGETX: 1969604 # GETX hits
   mGETS: 5876800 # GETS misses
   mGETXIM: 263733 # GETX I->M misses
   mGETXSM: 7384 # GETX S->M misses (upgrade misses)
   PUTS: 0 # Clean evictions (from lower level)
   PUTX: 0 # Dirty evictions (from lower level)
   INV: 18348 # Invalidates (from upper level)
   INVX: 16889 # Downgrades (from upper level)
   FWD: 0 # Forwards (from upper level)
   latGETnl: 71137465 # GET request latency on next level
   latGETnet: 0 # GET request latency on network to next level
  l1d-7: # Filter cache stats
   fhGETS: 109210384 # Filtered GETS hits
   fhGETX: 33672146 # Filtered GETX hits
   hGETS: 6813297 # GETS hits
   hGETX: 2168082 # GETX hits
   mGETS: 5907300 # GETS misses
   mGETXIM: 280949 # GETX I->M misses
   mGETXSM: 5933 # GETX S->M misses (upgrade misses)
   PUTS: 0 # Clean evictions (from lower level)
   PUTX: 0 # Dirty evictions (from lower level)
   INV: 16380 # Invalidates (from upper level)
   INVX: 10445 # Downgrades (from upper level)
   FWD: 0 # Forwards (from upper level)
   latGETnl: 73030678 # GET request latency on next level
   latGETnet: 0 # GET request latency on network to next level
 l2: # Cache stats
  l2-0: # Cache stats
   hGETS: 6359541 # GETS hits
   hGETX: 209093 # GETX hits
   mGETS: 267666 # GETS misses
   mGETXIM: 39317 # GETX I->M misses
   mGETXSM: 12897 # GETX S->M misses (upgrade misses)
   PUTS: 6514366 # Clean evictions (from lower level)
   PUTX: 345873 # Dirty evictions (from lower level)
   INV: 33661 # Invalidates (from upper level)
   INVX: 28729 # Downgrades (from upper level)
   FWD: 0 # Forwards (from upper level)
   latGETnl: 9927307 # GET request latency on next level
   latGETnet: 0 # GET request latency on network to next level
  l2-1: # Cache stats
   hGETS: 6182801 # GETS hits
   hGETX: 207067 # GETX hits
   mGETS: 369571 # GETS misses
   mGETXIM: 132834 # GETX I->M misses
   mGETXSM: 9966 # GETX S->M misses (upgrade misses)
   PUTS: 6444273 # Clean evictions (from lower level)
   PUTX: 434210 # Dirty evictions (from lower level)
   INV: 30879 # Invalidates (from upper level)
   INVX: 23556 # Downgrades (from upper level)
   FWD: 0 # Forwards (from upper level)
   latGETnl: 17852542 # GET request latency on next level
   latGETnet: 0 # GET request latency on network to next level
  l2-2: # Cache stats
   hGETS: 6367082 # GETS hits
   hGETX: 208982 # GETX hits
   mGETS: 275511 # GETS misses
   mGETXIM: 41693 # GETX I->M misses
   mGETXSM: 9792 # GETX S->M misses (upgrade misses)
   PUTS: 6528573 # Clean evictions (from lower level)
   PUTX: 349816 # Dirty evictions (from lower level)
   INV: 29132 # Invalidates (from upper level)
   INVX: 21801 # Downgrades (from upper level)
   FWD: 0 # Forwards (from upper level)
   latGETnl: 9315981 # GET request latency on next level
   latGETnet: 0 # GET request latency on network to next level
  l2-3: # Cache stats
   hGETS: 6376963 # GETS hits
   hGETX: 208943 # GETX hits
   mGETS: 253600 # GETS misses
   mGETXIM: 30937 # GETX I->M misses
   mGETXSM: 12814 # GETX S->M misses (upgrade misses)
   PUTS: 6517788 # Clean evictions (from lower level)
   PUTX: 335706 # Dirty evictions (from lower level)
   INV: 31593 # Invalidates (from upper level)
   INVX: 26793 # Downgrades (from upper level)
   FWD: 0 # Forwards (from upper level)
   latGETnl: 8654777 # GET request latency on next level
   latGETnet: 0 # GET request latency on network to next level
  l2-4: # Cache stats
   hGETS: 6367048 # GETS hits
   hGETX: 209146 # GETX hits
   mGETS: 460293 # GETS misses
   mGETXIM: 204285 # GETX I->M misses
   mGETXSM: 12025 # GETX S->M misses (upgrade misses)
   PUTS: 6671403 # Clean evictions (from lower level)
   PUTX: 555341 # Dirty evictions (from lower level)
   INV: 35226 # Invalidates (from upper level)
   INVX: 24586 # Downgrades (from upper level)
   FWD: 0 # Forwards (from upper level)
   latGETnl: 23272590 # GET request latency on next level
   latGETnet: 0 # GET request latency on network to next level
  l2-5: # Cache stats
   hGETS: 6375743 # GETS hits
   hGETX: 211300 # GETX hits
   mGETS: 283648 # GETS misses
   mGETXIM: 56590 # GETX I->M misses
   mGETXSM: 12763 # GETX S->M misses (upgrade misses)
   PUTS: 6546702 # Clean evictions (from lower level)
   PUTX: 365081 # Dirty evictions (from lower level)
   INV: 30730 # Invalidates (from upper level)
   INVX: 26559 # Downgrades (from upper level)
   FWD: 0 # Forwards (from upper level)
   latGETnl: 10374527 # GET request latency on next level
   latGETnet: 0 # GET request latency on network to next level
  l2-6: # Cache stats
   hGETS: 6375593 # GETS hits
   hGETX: 209768 # GETX hits
   mGETS: 269738 # GETS misses
   mGETXIM: 49710 # GETX I->M misses
   mGETXSM: 11639 # GETX S->M misses (upgrade misses)
   PUTS: 6532015 # Clean evictions (from lower level)
   PUTX: 357808 # Dirty evictions (from lower level)
   INV: 36103 # Invalidates (from upper level)
   INVX: 26116 # Downgrades (from upper level)
   FWD: 0 # Forwards (from upper level)
   latGETnl: 9892889 # GET request latency on next level
   latGETnet: 0 # GET request latency on network to next level
  l2-7: # Cache stats
   hGETS: 6362115 # GETS hits
   hGETX: 210237 # GETX hits
   mGETS: 311627 # GETS misses
   mGETXIM: 67025 # GETX I->M misses
   mGETXSM: 9620 # GETX S->M misses (upgrade misses)
   PUTS: 6558602 # Clean evictions (from lower level)
   PUTX: 378803 # Dirty evictions (from lower level)
   INV: 29355 # Invalidates (from upper level)
   INVX: 21053 # Downgrades (from upper level)
   FWD: 0 # Forwards (from upper level)
   latGETnl: 11393004 # GET request latency on next level
   latGETnet: 0 # GET request latency on network to next level
 l3: # Cache stats
  l3-0b0: # Cache stats
   hGETS: 271232 # GETS hits
   hGETX: 75175 # GETX hits
   mGETS: 11745 # GETS misses
   mGETXIM: 14766 # GETX I->M misses
   mGETXSM: 0 # GETX S->M misses (upgrade misses)
   PUTS: 239348 # Clean evictions (from lower level)
   PUTX: 89708 # Dirty evictions (from lower level)
   INV: 0 # Invalidates (from upper level)
   INVX: 0 # Downgrades (from upper level)
   FWD: 0 # Forwards (from upper level)
   latGETnl: 2385990 # GET request latency on next level
   latGETnet: 0 # GET request latency on network to next level
  l3-0b1: # Cache stats
   hGETS: 306963 # GETS hits
   hGETX: 73327 # GETX hits
   mGETS: 11900 # GETS misses
   mGETXIM: 14661 # GETX I->M misses
   mGETXSM: 0 # GETX S->M misses (upgrade misses)
   PUTS: 268607 # Clean evictions (from lower level)
   PUTX: 90115 # Dirty evictions (from lower level)
   INV: 0 # Invalidates (from upper level)
   INVX: 0 # Downgrades (from upper level)
   FWD: 0 # Forwards (from upper level)
   latGETnl: 2390490 # GET request latency on next level
   latGETnet: 0 # GET request latency on network to next level
  l3-0b2: # Cache stats
   hGETS: 301992 # GETS hits
   hGETX: 71943 # GETX hits
   mGETS: 11770 # GETS misses
   mGETXIM: 14752 # GETX I->M misses
   mGETXSM: 0 # GETX S->M misses (upgrade misses)
   PUTS: 271463 # Clean evictions (from lower level)
   PUTX: 90945 # Dirty evictions (from lower level)
   INV: 0 # Invalidates (from upper level)
   INVX: 0 # Downgrades (from upper level)
   FWD: 0 # Forwards (from upper level)
   latGETnl: 2386980 # GET request latency on next level
   latGETnet: 0 # GET request latency on network to next level
  l3-0b3: # Cache stats
   hGETS: 301346 # GETS hits
   hGETX: 85764 # GETX hits
   mGETS: 11926 # GETS misses
   mGETXIM: 14645 # GETX I->M misses
   mGETXSM: 0 # GETX S->M misses (upgrade misses)
   PUTS: 250860 # Clean evictions (from lower level)
   PUTX: 90439 # Dirty evictions (from lower level)
   INV: 0 # Invalidates (from upper level)
   INVX: 0 # Downgrades (from upper level)
   FWD: 0 # Forwards (from upper level)
   latGETnl: 2391390 # GET request latency on next level
   latGETnet: 0 # GET request latency on network to next level
  l3-0b4: # Cache stats
   hGETS: 307221 # GETS hits
   hGETX: 66735 # GETX hits
   mGETS: 11822 # GETS misses
   mGETXIM: 14760 # GETX I->M misses
   mGETXSM: 0 # GETX S->M misses (upgrade misses)
   PUTS: 274796 # Clean evictions (from lower level)
   PUTX: 90062 # Dirty evictions (from lower level)
   INV: 0 # Invalidates (from upper level)
   INVX: 0 # Downgrades (from upper level)
   FWD: 0 # Forwards (from upper level)
   latGETnl: 2392380 # GET request latency on next level
   latGETnet: 0 # GET request latency on network to next level
  l3-0b5: # Cache stats
   hGETS: 291541 # GETS hits
   hGETX: 79176 # GETX hits
   mGETS: 11963 # GETS misses
   mGETXIM: 14632 # GETX I->M misses
   mGETXSM: 0 # GETX S->M misses (upgrade misses)
   PUTS: 251910 # Clean evictions (from lower level)
   PUTX: 88547 # Dirty evictions (from lower level)
   INV: 0 # Invalidates (from upper level)
   INVX: 0 # Downgrades (from upper level)
   FWD: 0 # Forwards (from upper level)
   latGETnl: 2393550 # GET request latency on next level
   latGETnet: 0 # GET request latency on network to next level
  l3-0b6: # Cache stats
   hGETS: 297167 # GETS hits
   hGETX: 75053 # GETX hits
   mGETS: 11774 # GETS misses
   mGETXIM: 14747 # GETX I->M misses
   mGETXSM: 0 # GETX S->M misses (upgrade misses)
   PUTS: 259709 # Clean evictions (from lower level)
   PUTX: 89602 # Dirty evictions (from lower level)
   INV: 0 # Invalidates (from upper level)
   INVX: 0 # Downgrades (from upper level)
   FWD: 0 # Forwards (from upper level)
   latGETnl: 2386890 # GET request latency on next level
   latGETnet: 0 # GET request latency on network to next level
  l3-0b7: # Cache stats
   hGETS: 319320 # GETS hits
   hGETX: 69170 # GETX hits
   mGETS: 11972 # GETS misses
   mGETXIM: 14601 # GETX I->M misses
   mGETXSM: 0 # GETX S->M misses (upgrade misses)
   PUTS: 289642 # Clean evictions (from lower level)
   PUTX: 89666 # Dirty evictions (from lower level)
   INV: 0 # Invalidates (from upper level)
   INVX: 0 # Downgrades (from upper level)
   FWD: 0 # Forwards (from upper level)
   latGETnl: 2391570 # GET request latency on next level
   latGETnet: 0 # GET request latency on network to next level
 mem: # Memory controller stats
  mem-0: # Memory controller stats
   rd: 53044 # Read requests
   wr: 18436 # Write requests
   rdlat: 7187074 # Total latency experienced by read requests
   wrlat: 2752532 # Total latency experienced by write requests
   rdhits: 345 # Read row hits
   wrhits: 98 # Write row hits
   mlh: # latency histogram for memory requests
    0: 0
    1: 0
    2: 0
    3: 0
    4: 0
    5: 0
    6: 0
    7: 0
    8: 0
    9: 0
    10: 0
    11: 31
    12: 59
    13: 49308
    14: 1669
    15: 676
    16: 209
    17: 76
    18: 48
    19: 52
    20: 87
    21: 64
    22: 65
    23: 28
    24: 40
    25: 45
    26: 11
    27: 24
    28: 20
    29: 33
    30: 39
    31: 34
    32: 39
    33: 28
    34: 46
    35: 41
    36: 30
    37: 22
    38: 48
    39: 36
    40: 30
    41: 34
    42: 21
    43: 16
    44: 9
    45: 11
    46: 7
    47: 5
    48: 3
    49: 0
    50: 0
    51: 0
    52: 0
    53: 0
    54: 0
    55: 0
    56: 0
    57: 0
    58: 0
    59: 0
    60: 0
    61: 0
    62: 0
    63: 0
    64: 0
    65: 0
    66: 0
    67: 0
    68: 0
    69: 0
    70: 0
    71: 0
    72: 0
    73: 0
    74: 0
    75: 0
    76: 0
    77: 0
    78: 0
    79: 0
    80: 0
    81: 0
    82: 0
    83: 0
    84: 0
    85: 0
    86: 0
    87: 0
    88: 0
    89: 0
    90: 0
    91: 0
    92: 0
    93: 0
    94: 0
    95: 0
    96: 0
    97: 0
    98: 0
    99: 0
  mem-1: # Memory controller stats
   rd: 53104 # Read requests
   wr: 18507 # Write requests
   rdlat: 7170121 # Total latency experienced by read requests
   wrlat: 2802757 # Total latency experienced by write requests
   rdhits: 334 # Read row hits
   wrhits: 95 # Write row hits
   mlh: # latency histogram for memory requests
    0: 0
    1: 0
    2: 0
    3: 0
    4: 0
    5: 0
    6: 0
    7: 0
    8: 0
    9: 0
    10: 0
    11: 34
    12: 62
    13: 49617
    14: 1962
    15: 296
    16: 165
    17: 57
    18: 48
    19: 59
    20: 57
    21: 52
    22: 46
    23: 30
    24: 34
    25: 32
    26: 20
    27: 25
    28: 23
    29: 21
    30: 43
    31: 44
    32: 23
    33: 28
    34: 36
    35: 43
    36: 35
    37: 27
    38: 36
    39: 44
    40: 26
    41: 26
    42: 27
    43: 9
    44: 5
    45: 4
    46: 2
    47: 4
    48: 2
    49: 0
    50: 0
    51: 0
    52: 0
    53: 0
    54: 0
    55: 0
    56: 0
    57: 0
    58: 0
    59: 0
    60: 0
    61: 0
    62: 0
    63: 0
    64: 0
    65: 0
    66: 0
    67: 0
    68: 0
    69: 0
    70: 0
    71: 0
    72: 0
    73: 0
    74: 0
    75: 0
    76: 0
    77: 0
    78: 0
    79: 0
    80: 0
    81: 0
    82: 0
    83: 0
    84: 0
    85: 0
    86: 0
    87: 0
    88: 0
    89: 0
    90: 0
    91: 0
    92: 0
    93: 0
    94: 0
    95: 0
    96: 0
    97: 0
    98: 0
    99: 0
  mem-2: # Memory controller stats
   rd: 53145 # Read requests
   wr: 18536 # Write requests
   rdlat: 7186382 # Total latency experienced by read requests
   wrlat: 2778029 # Total latency experienced by write requests
   rdhits: 346 # Read row hits
   wrhits: 80 # Write row hits
   mlh: # latency histogram for memory requests
    0: 0
    1: 0
    2: 0
    3: 0
    4: 0
    5: 0
    6: 0
    7: 0
    8: 0
    9: 0
    10: 0
    11: 36
    12: 57
    13: 49459
    14: 1722
    15: 642
    16: 230
    17: 61
    18: 39
    19: 65
    20: 52
    21: 63
    22: 52
    23: 49
    24: 32
    25: 41
    26: 20
    27: 24
    28: 20
    29: 20
    30: 40
    31: 38
    32: 30
    33: 26
    34: 44
    35: 48
    36: 38
    37: 17
    38: 32
    39: 28
    40: 26
    41: 35
    42: 31
    43: 10
    44: 5
    45: 3
    46: 2
    47: 4
    48: 2
    49: 0
    50: 1
    51: 0
    52: 0
    53: 1
    54: 0
    55: 0
    56: 0
    57: 0
    58: 0
    59: 0
    60: 0
    61: 0
    62: 0
    63: 0
    64: 0
    65: 0
    66: 0
    67: 0
    68: 0
    69: 0
    70: 0
    71: 0
    72: 0
    73: 0
    74: 0
    75: 0
    76: 0
    77: 0
    78: 0
    79: 0
    80: 0
    81: 0
    82: 0
    83: 0
    84: 0
    85: 0
    86: 0
    87: 0
    88: 0
    89: 0
    90: 0
    91: 0
    92: 0
    93: 0
    94: 0
    95: 0
    96: 0
    97: 0
    98: 0
    99: 0
  mem-3: # Memory controller stats
   rd: 53143 # Read requests
   wr: 18563 # Write requests
   rdlat: 7177089 # Total latency experienced by read requests
   wrlat: 2794271 # Total latency experienced by write requests
   rdhits: 330 # Read row hits
   wrhits: 80 # Write row hits
   mlh: # latency histogram for memory requests
    0: 0
    1: 0
    2: 0
    3: 0
    4: 0
    5: 0
    6: 0
    7: 0
    8: 0
    9: 0
    10: 0
    11: 30
    12: 60
    13: 49561
    14: 2012
    15: 318
    16: 132
    17: 54
    18: 75
    19: 64
    20: 67
    21: 75
    22: 44
    23: 21
    24: 44
    25: 33
    26: 23
    27: 25
    28: 20
    29: 26
    30: 52
    31: 40
    32: 30
    33: 36
    34: 31
    35: 41
    36: 27
    37: 30
    38: 36
    39: 42
    40: 38
    41: 16
    42: 14
    43: 10
    44: 1
    45: 10
    46: 4
    47: 0
    48: 0
    49: 0
    50: 0
    51: 0
    52: 1
    53: 0
    54: 0
    55: 0
    56: 0
    57: 0
    58: 0
    59: 0
    60: 0
    61: 0
    62: 0
    63: 0
    64: 0
    65: 0
    66: 0
    67: 0
    68: 0
    69: 0
    70: 0
    71: 0
    72: 0
    73: 0
    74: 0
    75: 0
    76: 0
    77: 0
    78: 0
    79: 0
    80: 0
    81: 0
    82: 0
    83: 0
    84: 0
    85: 0
    86: 0
    87: 0
    88: 0
    89: 0
    90: 0
    91: 0
    92: 0
    93: 0
    94: 0
    95: 0
    96: 0
    97: 0
    98: 0
    99: 0
 sched: # Scheduler stats
  thCr: 10 # Threads created
  thFn: 1 # Threads finished
  schedEvs: 477 # Schedule events
  waitEvs: 47 # Wait events
  handoffEvs: 0 # Handoff events
  sleepEvs: 0 # Sleep events
  idlePhases: 0 # Phases with no thread active
  idlePeriods: 0 # Periods with no thread active
  occHist: # Occupancy histogram
   0: 0
   1: 0
   2: 137
   3: 0
   4: 0
   5: 0
   6: 0
   7: 0
   8: 46406
  rqSzHist: # Run queue size histogram
   0: 45258
   1: 1285
   2: 0
   3: 0
   4: 0
   5: 0
   6: 0
   7: 0
   8: 0
   9: 0
   10: 0
   11: 0
   12: 0
   13: 0
   14: 0
   15: 0
   16: 0
 procCycles: # Per-process unhalted core cycles
  0: 3026288351
  1: 0
  2: 0
  3: 0
  4: 0
  5: 0
  6: 0
  7: 0
  8: 0
  9: 0
  10: 0
  11: 0
  12: 0
  13: 0
  14: 0
  15: 0
  16: 0
  17: 0
  18: 0
  19: 0
  20: 0
  21: 0
  22: 0
  23: 0
  24: 0
  25: 0
  26: 0
  27: 0
  28: 0
  29: 0
  30: 0
  31: 0
  32: 0
  33: 0
  34: 0
  35: 0
  36: 0
  37: 0
  38: 0
  39: 0
  40: 0
  41: 0
  42: 0
  43: 0
  44: 0
  45: 0
  46: 0
  47: 0
  48: 0
  49: 0
  50: 0
  51: 0
  52: 0
  53: 0
  54: 0
  55: 0
  56: 0
  57: 0
  58: 0
  59: 0
  60: 0
  61: 0
  62: 0
  63: 0
 procInstrs: # Per-process instructions
  0: 5000089740
  1: 0
  2: 0
  3: 0
  4: 0
  5: 0
  6: 0
  7: 0
  8: 0
  9: 0
  10: 0
  11: 0
  12: 0
  13: 0
  14: 0
  15: 0
  16: 0
  17: 0
  18: 0
  19: 0
  20: 0
  21: 0
  22: 0
  23: 0
  24: 0
  25: 0
  26: 0
  27: 0
  28: 0
  29: 0
  30: 0
  31: 0
  32: 0
  33: 0
  34: 0
  35: 0
  36: 0
  37: 0
  38: 0
  39: 0
  40: 0
  41: 0
  42: 0
  43: 0
  44: 0
  45: 0
  46: 0
  47: 0
  48: 0
  49: 0
  50: 0
  51: 0
  52: 0
  53: 0
  54: 0
  55: 0
  56: 0
  57: 0
  58: 0
  59: 0
  60: 0
  61: 0
  62: 0
  63: 0
 heartbeats: # Per-process heartbeats
  0: 0
  1: 0
  2: 0
  3: 0
  4: 0
  5: 0
  6: 0
  7: 0
  8: 0
  9: 0
  10: 0
  11: 0
  12: 0
  13: 0
  14: 0
  15: 0
  16: 0
  17: 0
  18: 0
  19: 0
  20: 0
  21: 0
  22: 0
  23: 0
  24: 0
  25: 0
  26: 0
  27: 0
  28: 0
  29: 0
  30: 0
  31: 0
  32: 0
  33: 0
  34: 0
  35: 0
  36: 0
  37: 0
  38: 0
  39: 0
  40: 0
  41: 0
  42: 0
  43: 0
  44: 0
  45: 0
  46: 0
  47: 0
  48: 0
  49: 0
  50: 0
  51: 0
  52: 0
  53: 0
  54: 0
  55: 0
  56: 0
  57: 0
  58: 0
  59: 0
  60: 0
  61: 0
  62: 0
  63: 0
===
