# zsim stats
===
root: # Stats
 contention: # Contention simulation stats
  domain-0: # Domain stats
   time: 116339033 # Weave simulation time
 time: # Simulator time breakdown
  init: 2492904677268
  bound: 4847994500
  weave: 201572031
  ff: 0
 trigger: 20000 # Reason for this stats dump
 phase: 6377 # Simulated phases
 westmere: # Core stats
  westmere-0: # Core stats
   cycles: 63770744 # Simulated unhalted cycles
   cCycles: 5269506 # Cycles due to contention stalls
   instrs: 100007521 # Simulated instructions
   uops: 142679508 # Retired micro-ops
   bbls: 4785659 # Basic blocks
   approxInstrs: 432 # Instrs with approx uop decoding
   mispredBranches: 23098 # Mispredicted branches
   condBranches: 4718349 # conditional branches
 l1i: # Cache stats
  l1i-0: # Filter cache stats
   fhGETS: 9440637 # Filtered GETS hits
   fhGETX: 0 # Filtered GETX hits
   hGETS: 20725 # GETS hits
   hGETX: 0 # GETX hits
   mGETS: 1906 # GETS misses
   mGETXIM: 0 # GETX I->M misses
   mGETXSM: 0 # GETX S->M misses (upgrade misses)
   PUTS: 0 # Clean evictions (from lower level)
   PUTX: 0 # Dirty evictions (from lower level)
   INV: 0 # Invalidates (from upper level)
   INVX: 0 # Downgrades (from upper level)
   FWD: 0 # Forwards (from upper level)
   latGETnl: 118972 # GET request latency on next level
   latGETnet: 0 # GET request latency on network to next level
 l1d: # Cache stats
  l1d-0: # Filter cache stats
   fhGETS: 27008128 # Filtered GETS hits
   fhGETX: 9102191 # Filtered GETX hits
   hGETS: 15824881 # GETS hits
   hGETX: 5952543 # GETX hits
   mGETS: 243475 # GETS misses
   mGETXIM: 291842 # GETX I->M misses
   mGETXSM: 0 # GETX S->M misses (upgrade misses)
   PUTS: 0 # Clean evictions (from lower level)
   PUTX: 0 # Dirty evictions (from lower level)
   INV: 0 # Invalidates (from upper level)
   INVX: 0 # Downgrades (from upper level)
   FWD: 0 # Forwards (from upper level)
   latGETnl: 25924812 # GET request latency on next level
   latGETnet: 0 # GET request latency on network to next level
 l2: # Cache stats
  l2-0: # Cache stats
   hGETS: 216013 # GETS hits
   hGETX: 1279 # GETX hits
   mGETS: 29368 # GETS misses
   mGETXIM: 290563 # GETX I->M misses
   mGETXSM: 0 # GETX S->M misses (upgrade misses)
   PUTS: 243691 # Clean evictions (from lower level)
   PUTX: 292586 # Dirty evictions (from lower level)
   INV: 0 # Invalidates (from upper level)
   INVX: 0 # Downgrades (from upper level)
   FWD: 0 # Forwards (from upper level)
   latGETnl: 20671554 # GET request latency on next level
   latGETnet: 0 # GET request latency on network to next level
 l3: # Cache stats
  l3-0: # Cache stats
   hGETS: 24048 # GETS hits
   hGETX: 151514 # GETX hits
   mGETS: 5320 # GETS misses
   mGETXIM: 139049 # GETX I->M misses
   mGETXSM: 0 # GETX S->M misses (upgrade misses)
   PUTS: 27107 # Clean evictions (from lower level)
   PUTX: 288728 # Dirty evictions (from lower level)
   INV: 0 # Invalidates (from upper level)
   INVX: 0 # Downgrades (from upper level)
   FWD: 0 # Forwards (from upper level)
   latGETnl: 12993210 # GET request latency on next level
   latGETnet: 0 # GET request latency on network to next level
 mem: # Memory controller stats
  mem-0: # Memory controller stats
   rd: 36023 # Read requests
   wr: 27186 # Write requests
   rdlat: 5449700 # Total latency experienced by read requests
   wrlat: 4055363 # Total latency experienced by write requests
   rdhits: 7 # Read row hits
   wrhits: 235 # Write row hits
   mlh: # latency histogram for memory requests
    0: 0
    1: 0
    2: 0
    3: 0
    4: 0
    5: 0
    6: 0
    7: 0
    8: 0
    9: 0
    10: 0
    11: 0
    12: 1
    13: 27080
    14: 3186
    15: 56
    16: 24
    17: 15
    18: 29
    19: 21
    20: 11
    21: 13
    22: 18
    23: 4972
    24: 48
    25: 61
    26: 19
    27: 35
    28: 26
    29: 24
    30: 24
    31: 34
    32: 18
    33: 16
    34: 13
    35: 14
    36: 18
    37: 18
    38: 31
    39: 19
    40: 24
    41: 37
    42: 16
    43: 9
    44: 1
    45: 5
    46: 10
    47: 42
    48: 5
    49: 3
    50: 10
    51: 7
    52: 6
    53: 4
    54: 0
    55: 0
    56: 0
    57: 0
    58: 0
    59: 0
    60: 0
    61: 0
    62: 0
    63: 0
    64: 0
    65: 0
    66: 0
    67: 0
    68: 0
    69: 0
    70: 0
    71: 0
    72: 0
    73: 0
    74: 0
    75: 0
    76: 0
    77: 0
    78: 0
    79: 0
    80: 0
    81: 0
    82: 0
    83: 0
    84: 0
    85: 0
    86: 0
    87: 0
    88: 0
    89: 0
    90: 0
    91: 0
    92: 0
    93: 0
    94: 0
    95: 0
    96: 0
    97: 0
    98: 0
    99: 0
  mem-1: # Memory controller stats
   rd: 36091 # Read requests
   wr: 27240 # Write requests
   rdlat: 5432235 # Total latency experienced by read requests
   wrlat: 4060078 # Total latency experienced by write requests
   rdhits: 5 # Read row hits
   wrhits: 236 # Write row hits
   mlh: # latency histogram for memory requests
    0: 0
    1: 0
    2: 0
    3: 0
    4: 0
    5: 0
    6: 0
    7: 0
    8: 0
    9: 0
    10: 0
    11: 0
    12: 0
    13: 27253
    14: 3236
    15: 45
    16: 38
    17: 9
    18: 13
    19: 18
    20: 10
    21: 16
    22: 21
    23: 4966
    24: 28
    25: 42
    26: 24
    27: 17
    28: 15
    29: 26
    30: 18
    31: 14
    32: 19
    33: 12
    34: 13
    35: 8
    36: 22
    37: 10
    38: 20
    39: 21
    40: 22
    41: 27
    42: 25
    43: 12
    44: 3
    45: 0
    46: 5
    47: 29
    48: 5
    49: 5
    50: 4
    51: 8
    52: 8
    53: 4
    54: 0
    55: 0
    56: 0
    57: 0
    58: 0
    59: 0
    60: 0
    61: 0
    62: 0
    63: 0
    64: 0
    65: 0
    66: 0
    67: 0
    68: 0
    69: 0
    70: 0
    71: 0
    72: 0
    73: 0
    74: 0
    75: 0
    76: 0
    77: 0
    78: 0
    79: 0
    80: 0
    81: 0
    82: 0
    83: 0
    84: 0
    85: 0
    86: 0
    87: 0
    88: 0
    89: 0
    90: 0
    91: 0
    92: 0
    93: 0
    94: 0
    95: 0
    96: 0
    97: 0
    98: 0
    99: 0
  mem-2: # Memory controller stats
   rd: 36144 # Read requests
   wr: 27259 # Write requests
   rdlat: 5468210 # Total latency experienced by read requests
   wrlat: 4056573 # Total latency experienced by write requests
   rdhits: 4 # Read row hits
   wrhits: 225 # Write row hits
   mlh: # latency histogram for memory requests
    0: 0
    1: 0
    2: 0
    3: 0
    4: 0
    5: 0
    6: 0
    7: 0
    8: 0
    9: 0
    10: 0
    11: 0
    12: 0
    13: 27176
    14: 3219
    15: 57
    16: 37
    17: 13
    18: 13
    19: 17
    20: 14
    21: 12
    22: 16
    23: 4956
    24: 35
    25: 76
    26: 27
    27: 25
    28: 31
    29: 27
    30: 28
    31: 19
    32: 20
    33: 19
    34: 17
    35: 16
    36: 13
    37: 9
    38: 23
    39: 23
    40: 34
    41: 28
    42: 38
    43: 22
    44: 7
    45: 1
    46: 10
    47: 27
    48: 6
    49: 4
    50: 3
    51: 7
    52: 10
    53: 9
    54: 0
    55: 0
    56: 0
    57: 0
    58: 0
    59: 0
    60: 0
    61: 0
    62: 0
    63: 0
    64: 0
    65: 0
    66: 0
    67: 0
    68: 0
    69: 0
    70: 0
    71: 0
    72: 0
    73: 0
    74: 0
    75: 0
    76: 0
    77: 0
    78: 0
    79: 0
    80: 0
    81: 0
    82: 0
    83: 0
    84: 0
    85: 0
    86: 0
    87: 0
    88: 0
    89: 0
    90: 0
    91: 0
    92: 0
    93: 0
    94: 0
    95: 0
    96: 0
    97: 0
    98: 0
    99: 0
  mem-3: # Memory controller stats
   rd: 36108 # Read requests
   wr: 27236 # Write requests
   rdlat: 5432455 # Total latency experienced by read requests
   wrlat: 4053960 # Total latency experienced by write requests
   rdhits: 5 # Read row hits
   wrhits: 243 # Write row hits
   mlh: # latency histogram for memory requests
    0: 0
    1: 0
    2: 0
    3: 0
    4: 0
    5: 0
    6: 0
    7: 0
    8: 0
    9: 0
    10: 0
    11: 0
    12: 1
    13: 27279
    14: 3216
    15: 48
    16: 34
    17: 19
    18: 17
    19: 13
    20: 14
    21: 10
    22: 15
    23: 4968
    24: 30
    25: 53
    26: 22
    27: 36
    28: 13
    29: 16
    30: 18
    31: 19
    32: 14
    33: 27
    34: 20
    35: 12
    36: 13
    37: 13
    38: 11
    39: 11
    40: 12
    41: 22
    42: 27
    43: 13
    44: 5
    45: 5
    46: 3
    47: 27
    48: 8
    49: 3
    50: 6
    51: 7
    52: 4
    53: 4
    54: 0
    55: 0
    56: 0
    57: 0
    58: 0
    59: 0
    60: 0
    61: 0
    62: 0
    63: 0
    64: 0
    65: 0
    66: 0
    67: 0
    68: 0
    69: 0
    70: 0
    71: 0
    72: 0
    73: 0
    74: 0
    75: 0
    76: 0
    77: 0
    78: 0
    79: 0
    80: 0
    81: 0
    82: 0
    83: 0
    84: 0
    85: 0
    86: 0
    87: 0
    88: 0
    89: 0
    90: 0
    91: 0
    92: 0
    93: 0
    94: 0
    95: 0
    96: 0
    97: 0
    98: 0
    99: 0
 sched: # Scheduler stats
  thCr: 1 # Threads created
  thFn: 1 # Threads finished
  schedEvs: 1 # Schedule events
  waitEvs: 0 # Wait events
  handoffEvs: 0 # Handoff events
  sleepEvs: 0 # Sleep events
  idlePhases: 0 # Phases with no thread active
  idlePeriods: 0 # Periods with no thread active
  occHist: # Occupancy histogram
   0: 0
   1: 6377
  rqSzHist: # Run queue size histogram
   0: 6377
   1: 0
   2: 0
   3: 0
   4: 0
   5: 0
   6: 0
   7: 0
   8: 0
   9: 0
   10: 0
   11: 0
   12: 0
   13: 0
   14: 0
   15: 0
   16: 0
 procCycles: # Per-process unhalted core cycles
  0: 63770744
  1: 0
  2: 0
  3: 0
  4: 0
  5: 0
  6: 0
  7: 0
  8: 0
  9: 0
  10: 0
  11: 0
  12: 0
  13: 0
  14: 0
  15: 0
  16: 0
  17: 0
  18: 0
  19: 0
  20: 0
  21: 0
  22: 0
  23: 0
  24: 0
  25: 0
  26: 0
  27: 0
  28: 0
  29: 0
  30: 0
  31: 0
  32: 0
  33: 0
  34: 0
  35: 0
  36: 0
  37: 0
  38: 0
  39: 0
  40: 0
  41: 0
  42: 0
  43: 0
  44: 0
  45: 0
  46: 0
  47: 0
  48: 0
  49: 0
  50: 0
  51: 0
  52: 0
  53: 0
  54: 0
  55: 0
  56: 0
  57: 0
  58: 0
  59: 0
  60: 0
  61: 0
  62: 0
  63: 0
 procInstrs: # Per-process instructions
  0: 100007521
  1: 0
  2: 0
  3: 0
  4: 0
  5: 0
  6: 0
  7: 0
  8: 0
  9: 0
  10: 0
  11: 0
  12: 0
  13: 0
  14: 0
  15: 0
  16: 0
  17: 0
  18: 0
  19: 0
  20: 0
  21: 0
  22: 0
  23: 0
  24: 0
  25: 0
  26: 0
  27: 0
  28: 0
  29: 0
  30: 0
  31: 0
  32: 0
  33: 0
  34: 0
  35: 0
  36: 0
  37: 0
  38: 0
  39: 0
  40: 0
  41: 0
  42: 0
  43: 0
  44: 0
  45: 0
  46: 0
  47: 0
  48: 0
  49: 0
  50: 0
  51: 0
  52: 0
  53: 0
  54: 0
  55: 0
  56: 0
  57: 0
  58: 0
  59: 0
  60: 0
  61: 0
  62: 0
  63: 0
 heartbeats: # Per-process heartbeats
  0: 0
  1: 0
  2: 0
  3: 0
  4: 0
  5: 0
  6: 0
  7: 0
  8: 0
  9: 0
  10: 0
  11: 0
  12: 0
  13: 0
  14: 0
  15: 0
  16: 0
  17: 0
  18: 0
  19: 0
  20: 0
  21: 0
  22: 0
  23: 0
  24: 0
  25: 0
  26: 0
  27: 0
  28: 0
  29: 0
  30: 0
  31: 0
  32: 0
  33: 0
  34: 0
  35: 0
  36: 0
  37: 0
  38: 0
  39: 0
  40: 0
  41: 0
  42: 0
  43: 0
  44: 0
  45: 0
  46: 0
  47: 0
  48: 0
  49: 0
  50: 0
  51: 0
  52: 0
  53: 0
  54: 0
  55: 0
  56: 0
  57: 0
  58: 0
  59: 0
  60: 0
  61: 0
  62: 0
  63: 0
===
