# zsim stats
===
root: # Stats
 contention: # Contention simulation stats
  domain-0: # Domain stats
   time: 202711753 # Weave simulation time
 time: # Simulator time breakdown
  init: 55267561483
  bound: 6092024772
  weave: 609409006
  ff: 0
 trigger: 20000 # Reason for this stats dump
 phase: 10697 # Simulated phases
 westmere: # Core stats
  westmere-0: # Core stats
   cycles: 106970083 # Simulated unhalted cycles
   cCycles: 7713282 # Cycles due to contention stalls
   instrs: 100019752 # Simulated instructions
   uops: 113819864 # Retired micro-ops
   bbls: 14848270 # Basic blocks
   approxInstrs: 596117 # Instrs with approx uop decoding
   mispredBranches: 789680 # Mispredicted branches
   condBranches: 12877291 # conditional branches
 l1i: # Cache stats
  l1i-0: # Filter cache stats
   fhGETS: 19610240 # Filtered GETS hits
   fhGETX: 0 # Filtered GETX hits
   hGETS: 198 # GETS hits
   hGETX: 0 # GETX hits
   mGETS: 162 # GETS misses
   mGETXIM: 0 # GETX I->M misses
   mGETXSM: 0 # GETX S->M misses (upgrade misses)
   PUTS: 0 # Clean evictions (from lower level)
   PUTX: 0 # Dirty evictions (from lower level)
   INV: 0 # Invalidates (from upper level)
   INVX: 0 # Downgrades (from upper level)
   FWD: 0 # Forwards (from upper level)
   latGETnl: 20088 # GET request latency on next level
   latGETnet: 0 # GET request latency on network to next level
 l1d: # Cache stats
  l1d-0: # Filter cache stats
   fhGETS: 25308748 # Filtered GETS hits
   fhGETX: 11408583 # Filtered GETX hits
   hGETS: 1054912 # GETS hits
   hGETX: 1658342 # GETX hits
   mGETS: 1934617 # GETS misses
   mGETXIM: 1092940 # GETX I->M misses
   mGETXSM: 0 # GETX S->M misses (upgrade misses)
   PUTS: 0 # Clean evictions (from lower level)
   PUTX: 0 # Dirty evictions (from lower level)
   INV: 0 # Invalidates (from upper level)
   INVX: 0 # Downgrades (from upper level)
   FWD: 0 # Forwards (from upper level)
   latGETnl: 102053066 # GET request latency on next level
   latGETnet: 0 # GET request latency on network to next level
 l2: # Cache stats
  l2-0: # Cache stats
   hGETS: 939677 # GETS hits
   hGETX: 118441 # GETX hits
   mGETS: 995102 # GETS misses
   mGETXIM: 974499 # GETX I->M misses
   mGETXSM: 0 # GETX S->M misses (upgrade misses)
   PUTS: 942397 # Clean evictions (from lower level)
   PUTX: 2084648 # Dirty evictions (from lower level)
   INV: 0 # Invalidates (from upper level)
   INVX: 0 # Downgrades (from upper level)
   FWD: 0 # Forwards (from upper level)
   latGETnl: 71795964 # GET request latency on next level
   latGETnet: 0 # GET request latency on network to next level
 l3: # Cache stats
  l3-0: # Cache stats
   hGETS: 916220 # GETS hits
   hGETX: 780875 # GETX hits
   mGETS: 78882 # GETS misses
   mGETXIM: 193624 # GETX I->M misses
   mGETXSM: 0 # GETX S->M misses (upgrade misses)
   PUTS: 580185 # Clean evictions (from lower level)
   PUTX: 1385320 # Dirty evictions (from lower level)
   INV: 0 # Invalidates (from upper level)
   INVX: 0 # Downgrades (from upper level)
   FWD: 0 # Forwards (from upper level)
   latGETnl: 24525540 # GET request latency on next level
   latGETnet: 0 # GET request latency on network to next level
 mem: # Memory controller stats
  mem-0: # Memory controller stats
   rd: 68090 # Read requests
   wr: 51172 # Write requests
   rdlat: 9202022 # Total latency experienced by read requests
   wrlat: 7315983 # Total latency experienced by write requests
   rdhits: 419 # Read row hits
   wrhits: 383 # Write row hits
   mlh: # latency histogram for memory requests
    0: 0
    1: 0
    2: 0
    3: 0
    4: 0
    5: 0
    6: 0
    7: 0
    8: 0
    9: 0
    10: 0
    11: 88
    12: 93
    13: 63603
    14: 1243
    15: 953
    16: 476
    17: 166
    18: 150
    19: 121
    20: 166
    21: 145
    22: 69
    23: 69
    24: 63
    25: 33
    26: 46
    27: 24
    28: 36
    29: 30
    30: 24
    31: 30
    32: 36
    33: 49
    34: 36
    35: 43
    36: 31
    37: 37
    38: 35
    39: 30
    40: 42
    41: 37
    42: 52
    43: 19
    44: 2
    45: 4
    46: 2
    47: 4
    48: 2
    49: 0
    50: 1
    51: 0
    52: 0
    53: 0
    54: 0
    55: 0
    56: 0
    57: 0
    58: 0
    59: 0
    60: 0
    61: 0
    62: 0
    63: 0
    64: 0
    65: 0
    66: 0
    67: 0
    68: 0
    69: 0
    70: 0
    71: 0
    72: 0
    73: 0
    74: 0
    75: 0
    76: 0
    77: 0
    78: 0
    79: 0
    80: 0
    81: 0
    82: 0
    83: 0
    84: 0
    85: 0
    86: 0
    87: 0
    88: 0
    89: 0
    90: 0
    91: 0
    92: 0
    93: 0
    94: 0
    95: 0
    96: 0
    97: 0
    98: 0
    99: 0
  mem-1: # Memory controller stats
   rd: 68167 # Read requests
   wr: 51273 # Write requests
   rdlat: 9207832 # Total latency experienced by read requests
   wrlat: 7321925 # Total latency experienced by write requests
   rdhits: 471 # Read row hits
   wrhits: 341 # Write row hits
   mlh: # latency histogram for memory requests
    0: 0
    1: 0
    2: 0
    3: 0
    4: 0
    5: 0
    6: 0
    7: 0
    8: 0
    9: 0
    10: 0
    11: 94
    12: 104
    13: 63626
    14: 1323
    15: 951
    16: 496
    17: 142
    18: 140
    19: 143
    20: 172
    21: 111
    22: 65
    23: 58
    24: 60
    25: 55
    26: 36
    27: 42
    28: 26
    29: 29
    30: 37
    31: 42
    32: 40
    33: 34
    34: 47
    35: 31
    36: 25
    37: 50
    38: 35
    39: 27
    40: 37
    41: 31
    42: 34
    43: 13
    44: 3
    45: 1
    46: 2
    47: 3
    48: 2
    49: 0
    50: 0
    51: 0
    52: 0
    53: 0
    54: 0
    55: 0
    56: 0
    57: 0
    58: 0
    59: 0
    60: 0
    61: 0
    62: 0
    63: 0
    64: 0
    65: 0
    66: 0
    67: 0
    68: 0
    69: 0
    70: 0
    71: 0
    72: 0
    73: 0
    74: 0
    75: 0
    76: 0
    77: 0
    78: 0
    79: 0
    80: 0
    81: 0
    82: 0
    83: 0
    84: 0
    85: 0
    86: 0
    87: 0
    88: 0
    89: 0
    90: 0
    91: 0
    92: 0
    93: 0
    94: 0
    95: 0
    96: 0
    97: 0
    98: 0
    99: 0
  mem-2: # Memory controller stats
   rd: 68024 # Read requests
   wr: 51178 # Write requests
   rdlat: 9198801 # Total latency experienced by read requests
   wrlat: 7305496 # Total latency experienced by write requests
   rdhits: 479 # Read row hits
   wrhits: 328 # Write row hits
   mlh: # latency histogram for memory requests
    0: 0
    1: 0
    2: 0
    3: 0
    4: 0
    5: 0
    6: 0
    7: 0
    8: 0
    9: 0
    10: 0
    11: 93
    12: 104
    13: 63430
    14: 1278
    15: 923
    16: 474
    17: 172
    18: 168
    19: 129
    20: 201
    21: 148
    22: 65
    23: 69
    24: 66
    25: 40
    26: 38
    27: 34
    28: 43
    29: 32
    30: 28
    31: 45
    32: 36
    33: 39
    34: 33
    35: 30
    36: 37
    37: 45
    38: 37
    39: 38
    40: 41
    41: 44
    42: 39
    43: 8
    44: 3
    45: 5
    46: 4
    47: 1
    48: 4
    49: 0
    50: 0
    51: 0
    52: 0
    53: 0
    54: 0
    55: 0
    56: 0
    57: 0
    58: 0
    59: 0
    60: 0
    61: 0
    62: 0
    63: 0
    64: 0
    65: 0
    66: 0
    67: 0
    68: 0
    69: 0
    70: 0
    71: 0
    72: 0
    73: 0
    74: 0
    75: 0
    76: 0
    77: 0
    78: 0
    79: 0
    80: 0
    81: 0
    82: 0
    83: 0
    84: 0
    85: 0
    86: 0
    87: 0
    88: 0
    89: 0
    90: 0
    91: 0
    92: 0
    93: 0
    94: 0
    95: 0
    96: 0
    97: 0
    98: 0
    99: 0
  mem-3: # Memory controller stats
   rd: 68225 # Read requests
   wr: 51205 # Write requests
   rdlat: 9231762 # Total latency experienced by read requests
   wrlat: 7312241 # Total latency experienced by write requests
   rdhits: 443 # Read row hits
   wrhits: 323 # Write row hits
   mlh: # latency histogram for memory requests
    0: 0
    1: 0
    2: 0
    3: 0
    4: 0
    5: 0
    6: 0
    7: 0
    8: 0
    9: 0
    10: 0
    11: 100
    12: 102
    13: 63663
    14: 1276
    15: 932
    16: 472
    17: 157
    18: 155
    19: 156
    20: 165
    21: 136
    22: 56
    23: 72
    24: 63
    25: 42
    26: 37
    27: 32
    28: 31
    29: 33
    30: 38
    31: 35
    32: 33
    33: 50
    34: 44
    35: 38
    36: 32
    37: 36
    38: 36
    39: 42
    40: 41
    41: 45
    42: 34
    43: 21
    44: 5
    45: 6
    46: 5
    47: 1
    48: 0
    49: 0
    50: 1
    51: 0
    52: 1
    53: 0
    54: 0
    55: 1
    56: 0
    57: 0
    58: 0
    59: 0
    60: 0
    61: 0
    62: 0
    63: 0
    64: 0
    65: 0
    66: 0
    67: 0
    68: 0
    69: 0
    70: 0
    71: 0
    72: 0
    73: 0
    74: 0
    75: 0
    76: 0
    77: 0
    78: 0
    79: 0
    80: 0
    81: 0
    82: 0
    83: 0
    84: 0
    85: 0
    86: 0
    87: 0
    88: 0
    89: 0
    90: 0
    91: 0
    92: 0
    93: 0
    94: 0
    95: 0
    96: 0
    97: 0
    98: 0
    99: 0
 sched: # Scheduler stats
  thCr: 1 # Threads created
  thFn: 1 # Threads finished
  schedEvs: 1 # Schedule events
  waitEvs: 0 # Wait events
  handoffEvs: 0 # Handoff events
  sleepEvs: 0 # Sleep events
  idlePhases: 0 # Phases with no thread active
  idlePeriods: 0 # Periods with no thread active
  occHist: # Occupancy histogram
   0: 0
   1: 10697
  rqSzHist: # Run queue size histogram
   0: 10697
   1: 0
   2: 0
   3: 0
   4: 0
   5: 0
   6: 0
   7: 0
   8: 0
   9: 0
   10: 0
   11: 0
   12: 0
   13: 0
   14: 0
   15: 0
   16: 0
 procCycles: # Per-process unhalted core cycles
  0: 106970083
  1: 0
  2: 0
  3: 0
  4: 0
  5: 0
  6: 0
  7: 0
  8: 0
  9: 0
  10: 0
  11: 0
  12: 0
  13: 0
  14: 0
  15: 0
  16: 0
  17: 0
  18: 0
  19: 0
  20: 0
  21: 0
  22: 0
  23: 0
  24: 0
  25: 0
  26: 0
  27: 0
  28: 0
  29: 0
  30: 0
  31: 0
  32: 0
  33: 0
  34: 0
  35: 0
  36: 0
  37: 0
  38: 0
  39: 0
  40: 0
  41: 0
  42: 0
  43: 0
  44: 0
  45: 0
  46: 0
  47: 0
  48: 0
  49: 0
  50: 0
  51: 0
  52: 0
  53: 0
  54: 0
  55: 0
  56: 0
  57: 0
  58: 0
  59: 0
  60: 0
  61: 0
  62: 0
  63: 0
 procInstrs: # Per-process instructions
  0: 100019752
  1: 0
  2: 0
  3: 0
  4: 0
  5: 0
  6: 0
  7: 0
  8: 0
  9: 0
  10: 0
  11: 0
  12: 0
  13: 0
  14: 0
  15: 0
  16: 0
  17: 0
  18: 0
  19: 0
  20: 0
  21: 0
  22: 0
  23: 0
  24: 0
  25: 0
  26: 0
  27: 0
  28: 0
  29: 0
  30: 0
  31: 0
  32: 0
  33: 0
  34: 0
  35: 0
  36: 0
  37: 0
  38: 0
  39: 0
  40: 0
  41: 0
  42: 0
  43: 0
  44: 0
  45: 0
  46: 0
  47: 0
  48: 0
  49: 0
  50: 0
  51: 0
  52: 0
  53: 0
  54: 0
  55: 0
  56: 0
  57: 0
  58: 0
  59: 0
  60: 0
  61: 0
  62: 0
  63: 0
 heartbeats: # Per-process heartbeats
  0: 0
  1: 0
  2: 0
  3: 0
  4: 0
  5: 0
  6: 0
  7: 0
  8: 0
  9: 0
  10: 0
  11: 0
  12: 0
  13: 0
  14: 0
  15: 0
  16: 0
  17: 0
  18: 0
  19: 0
  20: 0
  21: 0
  22: 0
  23: 0
  24: 0
  25: 0
  26: 0
  27: 0
  28: 0
  29: 0
  30: 0
  31: 0
  32: 0
  33: 0
  34: 0
  35: 0
  36: 0
  37: 0
  38: 0
  39: 0
  40: 0
  41: 0
  42: 0
  43: 0
  44: 0
  45: 0
  46: 0
  47: 0
  48: 0
  49: 0
  50: 0
  51: 0
  52: 0
  53: 0
  54: 0
  55: 0
  56: 0
  57: 0
  58: 0
  59: 0
  60: 0
  61: 0
  62: 0
  63: 0
===
