# zsim stats
===
root: # Stats
 contention: # Contention simulation stats
  domain-0: # Domain stats
   time: 118545629 # Weave simulation time
 time: # Simulator time breakdown
  init: 250476483165
  bound: 4632943767
  weave: 617084850
  ff: 0
 trigger: 20000 # Reason for this stats dump
 phase: 12624 # Simulated phases
 westmere: # Core stats
  westmere-0: # Core stats
   cycles: 126240041 # Simulated unhalted cycles
   cCycles: 8082465 # Cycles due to contention stalls
   instrs: 100007655 # Simulated instructions
   uops: 119425155 # Retired micro-ops
   bbls: 22518315 # Basic blocks
   approxInstrs: 237829 # Instrs with approx uop decoding
   mispredBranches: 1141026 # Mispredicted branches
   condBranches: 17120999 # conditional branches
 l1i: # Cache stats
  l1i-0: # Filter cache stats
   fhGETS: 25106945 # Filtered GETS hits
   fhGETX: 0 # Filtered GETX hits
   hGETS: 2031483 # GETS hits
   hGETX: 0 # GETX hits
   mGETS: 706879 # GETS misses
   mGETXIM: 0 # GETX I->M misses
   mGETXSM: 0 # GETX S->M misses (upgrade misses)
   PUTS: 0 # Clean evictions (from lower level)
   PUTX: 0 # Dirty evictions (from lower level)
   INV: 4285 # Invalidates (from upper level)
   INVX: 0 # Downgrades (from upper level)
   FWD: 0 # Forwards (from upper level)
   latGETnl: 9057418 # GET request latency on next level
   latGETnet: 0 # GET request latency on network to next level
 l1d: # Cache stats
  l1d-0: # Filter cache stats
   fhGETS: 23193345 # Filtered GETS hits
   fhGETX: 15355521 # Filtered GETX hits
   hGETS: 2099261 # GETS hits
   hGETX: 1073166 # GETX hits
   mGETS: 1502345 # GETS misses
   mGETXIM: 1550234 # GETX I->M misses
   mGETXSM: 0 # GETX S->M misses (upgrade misses)
   PUTS: 0 # Clean evictions (from lower level)
   PUTX: 0 # Dirty evictions (from lower level)
   INV: 3339 # Invalidates (from upper level)
   INVX: 0 # Downgrades (from upper level)
   FWD: 0 # Forwards (from upper level)
   latGETnl: 96855352 # GET request latency on next level
   latGETnet: 0 # GET request latency on network to next level
 l2: # Cache stats
  l2-0: # Cache stats
   hGETS: 1064501 # GETS hits
   hGETX: 951687 # GETX hits
   mGETS: 1144723 # GETS misses
   mGETXIM: 598547 # GETX I->M misses
   mGETXSM: 0 # GETX S->M misses (upgrade misses)
   PUTS: 1907137 # Clean evictions (from lower level)
   PUTX: 1843677 # Dirty evictions (from lower level)
   INV: 16974 # Invalidates (from upper level)
   INVX: 0 # Downgrades (from upper level)
   FWD: 0 # Forwards (from upper level)
   latGETnl: 68318190 # GET request latency on next level
   latGETnet: 0 # GET request latency on network to next level
 l3: # Cache stats
  l3-0: # Cache stats
   hGETS: 914878 # GETS hits
   hGETX: 534173 # GETX hits
   mGETS: 229845 # GETS misses
   mGETXIM: 64374 # GETX I->M misses
   mGETXSM: 0 # GETX S->M misses (upgrade misses)
   PUTS: 978476 # Clean evictions (from lower level)
   PUTX: 743724 # Dirty evictions (from lower level)
   INV: 0 # Invalidates (from upper level)
   INVX: 0 # Downgrades (from upper level)
   FWD: 0 # Forwards (from upper level)
   latGETnl: 26479710 # GET request latency on next level
   latGETnet: 0 # GET request latency on network to next level
 mem: # Memory controller stats
  mem-0: # Memory controller stats
   rd: 74345 # Read requests
   wr: 20475 # Write requests
   rdlat: 9993840 # Total latency experienced by read requests
   wrlat: 3004025 # Total latency experienced by write requests
   rdhits: 22 # Read row hits
   wrhits: 25 # Write row hits
   mlh: # latency histogram for memory requests
    0: 0
    1: 0
    2: 0
    3: 0
    4: 0
    5: 0
    6: 0
    7: 0
    8: 0
    9: 0
    10: 0
    11: 4
    12: 5
    13: 71553
    14: 706
    15: 605
    16: 257
    17: 59
    18: 56
    19: 71
    20: 76
    21: 53
    22: 43
    23: 60
    24: 54
    25: 35
    26: 28
    27: 43
    28: 34
    29: 38
    30: 36
    31: 46
    32: 42
    33: 37
    34: 37
    35: 39
    36: 28
    37: 39
    38: 47
    39: 38
    40: 54
    41: 46
    42: 44
    43: 24
    44: 1
    45: 2
    46: 3
    47: 1
    48: 1
    49: 0
    50: 0
    51: 0
    52: 0
    53: 0
    54: 0
    55: 0
    56: 0
    57: 0
    58: 0
    59: 0
    60: 0
    61: 0
    62: 0
    63: 0
    64: 0
    65: 0
    66: 0
    67: 0
    68: 0
    69: 0
    70: 0
    71: 0
    72: 0
    73: 0
    74: 0
    75: 0
    76: 0
    77: 0
    78: 0
    79: 0
    80: 0
    81: 0
    82: 0
    83: 0
    84: 0
    85: 0
    86: 0
    87: 0
    88: 0
    89: 0
    90: 0
    91: 0
    92: 0
    93: 0
    94: 0
    95: 0
    96: 0
    97: 0
    98: 0
    99: 0
  mem-1: # Memory controller stats
   rd: 72940 # Read requests
   wr: 20490 # Write requests
   rdlat: 9802933 # Total latency experienced by read requests
   wrlat: 3012681 # Total latency experienced by write requests
   rdhits: 48 # Read row hits
   wrhits: 27 # Write row hits
   mlh: # latency histogram for memory requests
    0: 0
    1: 0
    2: 0
    3: 0
    4: 0
    5: 0
    6: 0
    7: 0
    8: 0
    9: 0
    10: 0
    11: 11
    12: 6
    13: 70120
    14: 828
    15: 576
    16: 240
    17: 58
    18: 46
    19: 66
    20: 62
    21: 51
    22: 40
    23: 46
    24: 44
    25: 65
    26: 28
    27: 19
    28: 32
    29: 36
    30: 35
    31: 32
    32: 53
    33: 49
    34: 41
    35: 39
    36: 37
    37: 50
    38: 32
    39: 53
    40: 38
    41: 49
    42: 40
    43: 12
    44: 1
    45: 0
    46: 2
    47: 2
    48: 0
    49: 0
    50: 1
    51: 0
    52: 0
    53: 0
    54: 0
    55: 0
    56: 0
    57: 0
    58: 0
    59: 0
    60: 0
    61: 0
    62: 0
    63: 0
    64: 0
    65: 0
    66: 0
    67: 0
    68: 0
    69: 0
    70: 0
    71: 0
    72: 0
    73: 0
    74: 0
    75: 0
    76: 0
    77: 0
    78: 0
    79: 0
    80: 0
    81: 0
    82: 0
    83: 0
    84: 0
    85: 0
    86: 0
    87: 0
    88: 0
    89: 0
    90: 0
    91: 0
    92: 0
    93: 0
    94: 0
    95: 0
    96: 0
    97: 0
    98: 0
    99: 0
  mem-2: # Memory controller stats
   rd: 74519 # Read requests
   wr: 20198 # Write requests
   rdlat: 10015608 # Total latency experienced by read requests
   wrlat: 2966888 # Total latency experienced by write requests
   rdhits: 44 # Read row hits
   wrhits: 25 # Write row hits
   mlh: # latency histogram for memory requests
    0: 0
    1: 0
    2: 0
    3: 0
    4: 0
    5: 0
    6: 0
    7: 0
    8: 0
    9: 0
    10: 0
    11: 15
    12: 10
    13: 71750
    14: 688
    15: 612
    16: 266
    17: 47
    18: 48
    19: 84
    20: 72
    21: 27
    22: 36
    23: 43
    24: 48
    25: 41
    26: 40
    27: 25
    28: 32
    29: 46
    30: 41
    31: 47
    32: 50
    33: 41
    34: 36
    35: 42
    36: 37
    37: 47
    38: 53
    39: 50
    40: 37
    41: 31
    42: 48
    43: 16
    44: 1
    45: 1
    46: 4
    47: 2
    48: 3
    49: 0
    50: 2
    51: 0
    52: 0
    53: 0
    54: 0
    55: 0
    56: 0
    57: 0
    58: 0
    59: 0
    60: 0
    61: 0
    62: 0
    63: 0
    64: 0
    65: 0
    66: 0
    67: 0
    68: 0
    69: 0
    70: 0
    71: 0
    72: 0
    73: 0
    74: 0
    75: 0
    76: 0
    77: 0
    78: 0
    79: 0
    80: 0
    81: 0
    82: 0
    83: 0
    84: 0
    85: 0
    86: 0
    87: 0
    88: 0
    89: 0
    90: 0
    91: 0
    92: 0
    93: 0
    94: 0
    95: 0
    96: 0
    97: 0
    98: 0
    99: 0
  mem-3: # Memory controller stats
   rd: 72415 # Read requests
   wr: 20348 # Write requests
   rdlat: 9726153 # Total latency experienced by read requests
   wrlat: 2996942 # Total latency experienced by write requests
   rdhits: 37 # Read row hits
   wrhits: 21 # Write row hits
   mlh: # latency histogram for memory requests
    0: 0
    1: 0
    2: 0
    3: 0
    4: 0
    5: 0
    6: 0
    7: 0
    8: 0
    9: 0
    10: 0
    11: 6
    12: 6
    13: 69564
    14: 868
    15: 628
    16: 262
    17: 43
    18: 45
    19: 64
    20: 45
    21: 46
    22: 48
    23: 38
    24: 45
    25: 38
    26: 33
    27: 30
    28: 30
    29: 39
    30: 36
    31: 39
    32: 43
    33: 31
    34: 40
    35: 42
    36: 46
    37: 58
    38: 35
    39: 36
    40: 27
    41: 41
    42: 40
    43: 16
    44: 4
    45: 1
    46: 2
    47: 0
    48: 0
    49: 0
    50: 0
    51: 0
    52: 0
    53: 0
    54: 0
    55: 0
    56: 0
    57: 0
    58: 0
    59: 0
    60: 0
    61: 0
    62: 0
    63: 0
    64: 0
    65: 0
    66: 0
    67: 0
    68: 0
    69: 0
    70: 0
    71: 0
    72: 0
    73: 0
    74: 0
    75: 0
    76: 0
    77: 0
    78: 0
    79: 0
    80: 0
    81: 0
    82: 0
    83: 0
    84: 0
    85: 0
    86: 0
    87: 0
    88: 0
    89: 0
    90: 0
    91: 0
    92: 0
    93: 0
    94: 0
    95: 0
    96: 0
    97: 0
    98: 0
    99: 0
 sched: # Scheduler stats
  thCr: 1 # Threads created
  thFn: 1 # Threads finished
  schedEvs: 1 # Schedule events
  waitEvs: 0 # Wait events
  handoffEvs: 0 # Handoff events
  sleepEvs: 0 # Sleep events
  idlePhases: 0 # Phases with no thread active
  idlePeriods: 0 # Periods with no thread active
  occHist: # Occupancy histogram
   0: 0
   1: 12624
  rqSzHist: # Run queue size histogram
   0: 12624
   1: 0
   2: 0
   3: 0
   4: 0
   5: 0
   6: 0
   7: 0
   8: 0
   9: 0
   10: 0
   11: 0
   12: 0
   13: 0
   14: 0
   15: 0
   16: 0
 procCycles: # Per-process unhalted core cycles
  0: 126240041
  1: 0
  2: 0
  3: 0
  4: 0
  5: 0
  6: 0
  7: 0
  8: 0
  9: 0
  10: 0
  11: 0
  12: 0
  13: 0
  14: 0
  15: 0
  16: 0
  17: 0
  18: 0
  19: 0
  20: 0
  21: 0
  22: 0
  23: 0
  24: 0
  25: 0
  26: 0
  27: 0
  28: 0
  29: 0
  30: 0
  31: 0
  32: 0
  33: 0
  34: 0
  35: 0
  36: 0
  37: 0
  38: 0
  39: 0
  40: 0
  41: 0
  42: 0
  43: 0
  44: 0
  45: 0
  46: 0
  47: 0
  48: 0
  49: 0
  50: 0
  51: 0
  52: 0
  53: 0
  54: 0
  55: 0
  56: 0
  57: 0
  58: 0
  59: 0
  60: 0
  61: 0
  62: 0
  63: 0
 procInstrs: # Per-process instructions
  0: 100007655
  1: 0
  2: 0
  3: 0
  4: 0
  5: 0
  6: 0
  7: 0
  8: 0
  9: 0
  10: 0
  11: 0
  12: 0
  13: 0
  14: 0
  15: 0
  16: 0
  17: 0
  18: 0
  19: 0
  20: 0
  21: 0
  22: 0
  23: 0
  24: 0
  25: 0
  26: 0
  27: 0
  28: 0
  29: 0
  30: 0
  31: 0
  32: 0
  33: 0
  34: 0
  35: 0
  36: 0
  37: 0
  38: 0
  39: 0
  40: 0
  41: 0
  42: 0
  43: 0
  44: 0
  45: 0
  46: 0
  47: 0
  48: 0
  49: 0
  50: 0
  51: 0
  52: 0
  53: 0
  54: 0
  55: 0
  56: 0
  57: 0
  58: 0
  59: 0
  60: 0
  61: 0
  62: 0
  63: 0
 heartbeats: # Per-process heartbeats
  0: 0
  1: 0
  2: 0
  3: 0
  4: 0
  5: 0
  6: 0
  7: 0
  8: 0
  9: 0
  10: 0
  11: 0
  12: 0
  13: 0
  14: 0
  15: 0
  16: 0
  17: 0
  18: 0
  19: 0
  20: 0
  21: 0
  22: 0
  23: 0
  24: 0
  25: 0
  26: 0
  27: 0
  28: 0
  29: 0
  30: 0
  31: 0
  32: 0
  33: 0
  34: 0
  35: 0
  36: 0
  37: 0
  38: 0
  39: 0
  40: 0
  41: 0
  42: 0
  43: 0
  44: 0
  45: 0
  46: 0
  47: 0
  48: 0
  49: 0
  50: 0
  51: 0
  52: 0
  53: 0
  54: 0
  55: 0
  56: 0
  57: 0
  58: 0
  59: 0
  60: 0
  61: 0
  62: 0
  63: 0
===
